Working on w=10, k=1, s=2
Set parameter Username
Set parameter WLSAccessID
Set parameter WLSSecret
Set parameter LicenseID to value 2533279
Academic license 2533279 - for non-commercial use only - registered to bl___@rice.edu
Command terminated by signal 9
	Command being timed: "python /home/Users/blk6/Projects/winnowing-LB-manuscript/scripts/run-ilp.py -w 10 -k 1 2 3 4 5 6 7 8 9 --sigma 2 --threads 128 --output local --time-limit 14400 --local"
	User time (seconds): 94487.93
	System time (seconds): 12483.20
	Percent of CPU this job got: 1985%
	Elapsed (wall clock) time (h:mm:ss or m:ss): 1:29:46
	Average shared text size (kbytes): 0
	Average unshared data size (kbytes): 0
	Average stack size (kbytes): 0
	Average total size (kbytes): 0
	Maximum resident set size (kbytes): 127878496
	Average resident set size (kbytes): 0
	Major (requiring I/O) page faults: 2124558
	Minor (reclaiming a frame) page faults: 126559764
	Voluntary context switches: 48625540
	Involuntary context switches: 164321
	Swaps: 0
	File system inputs: 73768792
	File system outputs: 788688
	Socket messages sent: 0
	Socket messages received: 0
	Signals delivered: 0
	Page size (bytes): 4096
	Exit status: 0
