
Gurobi 10.0.3 (linux64) logging started Tue Sep  3 20:35:48 2024

Set parameter LogFile to value "local/logs/w3-k1-s4.log"
Set parameter PoolSearchMode to value 2
Set parameter PoolSolutions to value 1
Set parameter PoolGap to value 0
Set parameter Method to value 3
Set parameter ConcurrentMIP to value 64
Set parameter TimeLimit to value 43200
Set parameter Heuristics to value 0.95
Set parameter MIPFocus to value 1
Set parameter Threads to value 128
Set parameter Threads to value 128
Warning: variable name "x_(000, 0)" has a space
Warning: default variable names used to write mps file
Gurobi Optimizer version 10.0.3 build v10.0.3rc0 (linux64)

CPU model: AMD EPYC 7742 64-Core Processor, instruction set [SSE2|AVX|AVX2]
Thread count: 64 physical cores, 128 logical processors, using up to 128 threads

Academic license 2533279 - for non-commercial use only - registered to bl___@rice.edu
Optimize a model with 3136 rows, 1216 columns and 6336 nonzeros
Model fingerprint: 0xd222748d
Variable types: 0 continuous, 1216 integer (1216 binary)
Coefficient statistics:
  Matrix range     [1e+00, 1e+00]
  Objective range  [1e+00, 1e+00]
  Bounds range     [1e+00, 1e+00]
  RHS range        [1e+00, 1e+00]

Concurrent MIP optimizer: 64 concurrent instances (2 threads per instance)


User MIP start produced solution with objective 520 (0.22s)
Loaded user MIP start with objective 520

Presolve removed 48 rows and 4 columns
Presolve time: 0.02s
Presolved: 3088 rows, 1212 columns, 6240 nonzeros
Variable types: 0 continuous, 1212 integer (1212 binary)
Root relaxation presolved: 3088 rows, 1212 columns, 6240 nonzeros


Use crossover to convert LP symmetric solution to basic solution...

Root relaxation: objective 3.560000e+02, 557 iterations, 0.03 seconds (0.02 work units)

    Nodes    |    Current Node    |     Objective Bounds      |     Work
 Expl Unexpl |  Obj  Depth IntInf | Incumbent    BestBd   Gap | It/Node Time

     0     0      -    -    -      520.00000  356.00000  31.5%     -    0s
     0     0      -    -    -      520.00000  370.16667  28.8%     -    0s
     0     0      -    -    -      520.00000  374.72222  27.9%     -    0s
     0     0      -    -    -      520.00000  374.72222  27.9%     -    0s
     0     0      -    -    -      520.00000  377.77778  27.4%     -    0s
     0     0      -    -    -      520.00000  378.55556  27.2%     -    0s
     0     0      -    -    -      520.00000  380.11111  26.9%     -    0s
     0     0      -    -    -      520.00000  380.81111  26.8%     -    0s
     0     0      -    -    -      520.00000  380.83333  26.8%     -    0s
     0     0      -    -    -      520.00000  380.83333  26.8%     -    0s
     0     0      -    -    -      520.00000  382.88889  26.4%     -    0s
     0     2      -    -    -      520.00000  405.33333  22.1%     -   65s
    73    64      -    -    -      520.00000  405.33333  22.1%     -   70s
   100    85      -    -    -      520.00000  407.90000  21.6%     -  125s
   146   127      -    -    -      520.00000  408.89286  21.4%     -  130s
   156   126      -    -    -      520.00000  408.89286  21.4%     -  135s
   165   126      -    -    -      520.00000  408.89286  21.4%     -  141s
   169   129      -    -    -      520.00000  408.89286  21.4%     -  147s
   195   164      -    -    -      520.00000  409.61111  21.2%     -  195s
   252   228      -    -    -      520.00000  409.61111  21.2%     -  200s
   299   229      -    -    -      520.00000  409.61111  21.2%     -  225s
   385   284      -    -    -      520.00000  412.66667  20.6%     -  277s
   589   417      -    -    -      520.00000  412.83333  20.6%     -  324s
   689   487      -    -    -      520.00000  412.83333  20.6%     -  325s
   728   488      -    -    -      520.00000  413.01480  20.6%     -  353s
   745   499      -    -    -      520.00000  413.57143  20.5%     -  408s
   768   520      -    -    -      520.00000  413.57143  20.5%     -  410s
   799   540      -    -    -      520.00000  417.23833  19.8%     -  470s
   892   566      -    -    -      520.00000  417.23833  19.8%     -  475s
   900   570      -    -    -      520.00000  417.94444  19.6%     -  543s
   902   571      -    -    -      520.00000  417.94444  19.6%     -  549s
   904   572      -    -    -      520.00000  419.24000  19.4%     -  558s
   906   574      -    -    -      520.00000  419.83449  19.3%     -  564s
   908   582      -    -    -      520.00000  419.83449  19.3%     -  565s
   992   619      -    -    -      520.00000  420.02083  19.2%     -  581s
  1063   620      -    -    -      520.00000  420.25000  19.2%     -  606s
  1196   634      -    -    -      520.00000  420.93229  19.1%     -  653s
  1292   665      -    -    -      520.00000  420.93229  19.1%     -  701s
  1495   736      -    -    -      520.00000  423.10386  18.6%     -  772s
  1692   831      -    -    -      520.00000  423.83333  18.5%     -  805s
  1798   834      -    -    -      520.00000  423.83333  18.5%     -  810s
  1800   836      -    -    -      520.00000  423.93662  18.5%     -  837s
  1874   868      -    -    -      520.00000  423.93662  18.5%     -  845s
  1876   896      -    -    -      520.00000  424.41667  18.4%     -  895s
  2035   924      -    -    -      520.00000  424.41667  18.4%     -  903s
  2037   998      -    -    -      520.00000  424.66667  18.3%     -  974s
  2156  1024      -    -    -      520.00000  425.00000  18.3%     - 1040s
  2246  1001      -    -    -      520.00000  425.00000  18.3%     - 1057s
  2252  1095      -    -    -      520.00000  425.58696  18.2%     - 1110s
  2402  1234      -    -    -      520.00000  425.77778  18.1%     - 1182s
  2621  1311      -    -    -      520.00000  425.77778  18.1%     - 1186s
  2726  1317      -    -    -      520.00000  425.77778  18.1%     - 1194s
  2732  1385      -    -    -      520.00000  425.77778  18.1%     - 1230s
  2870  1481      -    -    -      520.00000  425.77778  18.1%     - 1287s
  3032  1570      -    -    -      520.00000  426.16667  18.0%     - 1319s
  3170  1573      -    -    -      520.00000  426.16667  18.0%     - 1349s
  3173  1616      -    -    -      520.00000  426.16667  18.0%     - 1408s
  3229  1768      -    -    -      520.00000  426.43750  18.0%     - 1467s
  3473  1804      -    -    -      520.00000  427.16576  17.9%     - 1551s
  3529  1904      -    -    -      520.00000  427.33333  17.8%     - 1635s
  3673  1911      -    -    -      520.00000  427.33333  17.8%     - 1649s
  3680  1918      -    -    -      520.00000  427.33333  17.8%     - 1664s
  3687  1986      -    -    -      520.00000  427.86774  17.7%     - 1744s
  3815  2097      -    -    -      520.00000  428.00000  17.7%     - 1818s
  3987  2100      -    -    -      520.00000  428.00000  17.7%     - 1844s
  3990  2114      -    -    -      520.00000  428.33333  17.6%     - 1948s
  4012  2219      -    -    -      520.00000  428.33333  17.6%     - 2057s
  4190  2231      -    -    -      520.00000  428.70000  17.6%     - 2130s
  4202  2349      -    -    -      520.00000  428.74157  17.5%     - 2211s
  4500  2351      -    -    -      520.00000  429.16667  17.5%     - 2309s
  4502  2419      -    -    -      520.00000  429.58445  17.4%     - 2377s
  4604  2542      -    -    -      520.00000  429.58445  17.4%     - 2438s
  4798  2548      -    -    -      520.00000  430.12281  17.3%     - 2504s
  4804  2672      -    -    -      520.00000  430.12281  17.3%     - 2573s
  4998  2676      -    -    -      520.00000  430.72222  17.2%     - 2683s
  5002  2799      -    -    -      520.00000  430.72222  17.2%     - 2709s
  5265  2896      -    -    -      520.00000  431.66667  17.0%     - 2780s
  5437  3040      -    -    -      520.00000  431.75000  17.0%     - 2873s
  5665  3088      -    -    -      520.00000  431.75000  17.0%     - 2915s
  5737  3137      -    -    -      520.00000  431.75000  17.0%     - 3001s
  5802  3274      -    -    -      520.00000  431.75000  17.0%     - 3085s
  6100  3276      -    -    -      520.00000  432.25000  16.9%     - 3159s
  6102  3400      -    -    -      520.00000  432.25000  16.9%     - 3225s
  6300  3402      -    -    -      520.00000  432.77500  16.8%     - 3295s
  6302  3522      -    -    -      520.00000  432.83333  16.8%     - 3387s
  6500  3524      -    -    -      520.00000  432.83333  16.8%     - 3465s
  6502  3682      -    -    -      520.00000  433.19307  16.7%     - 3530s
  6800  3684      -    -    -      520.00000  433.33333  16.7%     - 3607s
  6802  3724      -    -    -      520.00000  433.37500  16.7%     - 3647s
  6854  3888      -    -    -      520.00000  433.52941  16.6%     - 3759s
  7148  4012      -    -    -      520.00000  433.70290  16.6%     - 3847s
  7354  4334      -    -    -      520.00000  434.00000  16.5%     - 3992s
  7948  4652      -    -    -      520.00000  434.22222  16.5%     - 4093s
  8454  4739      -    -    -      520.00000  434.50000  16.4%     - 4227s
  8648  4873      -    -    -      520.00000  434.58654  16.4%     - 4308s
  8854  4933      -    -    -      520.00000  434.75000  16.4%     - 4395s
  8948  5197      -    -    -      520.00000  434.96275  16.4%     - 4480s
  9454  5319      -    -    -      520.00000  435.10789  16.3%     - 4596s
  9648  5499      -    -    -      520.00000  435.20257  16.3%     - 4703s
  9954  5576      -    -    -      520.00000  435.31360  16.3%     - 4770s
 10048  5667      -    -    -      520.00000  435.41667  16.3%     - 4898s
 10254  5789      -    -    -      520.00000  435.63333  16.2%     - 5011s
 10448  5936      -    -    -      520.00000  435.95833  16.2%     - 5118s
 10754  6156      -    -    -      520.00000  436.19966  16.1%     - 5268s
 11148  6218      -    -    -      520.00000  436.42857  16.1%     - 5378s
 11254  6314      -    -    -      520.00000  436.42857  16.1%     - 5474s
 11448  6358      -    -    -      520.00000  436.70833  16.0%     - 5563s
 11554  6521      -    -    -      520.00000  436.75000  16.0%     - 5666s
 11848  6638      -    -    -      520.00000  437.00000  16.0%     - 5790s
 12054  6995      -    -    -      520.00000  437.13333  15.9%     - 5905s
 12648  7200      -    -    -      520.00000  437.41758  15.9%     - 5975s
 13054  7371      -    -    -      520.00000  437.41758  15.9%     - 6093s
 13348  7431      -    -    -      520.00000  437.55556  15.9%     - 6195s
 13454  7678      -    -    -      520.00000  437.55556  15.9%     - 6303s
 13848  7740      -    -    -      520.00000  437.75000  15.8%     - 6409s
 13954  7859      -    -    -      520.00000  438.02421  15.8%     - 6517s
 14148  7917      -    -    -      520.00000  438.21449  15.7%     - 6610s
 14254  8100      -    -    -      520.00000  438.24561  15.7%     - 6690s
 14548  8229      -    -    -      520.00000  438.56667  15.7%     - 6759s
 14754  8428      -    -    -      520.00000  438.56667  15.7%     - 6862s
 15148  8595      -    -    -      520.00000  438.56667  15.7%     - 6957s
 15454  8755      -    -    -      520.00000  438.71491  15.6%     - 7019s
 15748  8948      -    -    -      520.00000  438.94404  15.6%     - 7106s
 16054  9065      -    -    -      520.00000  439.21425  15.5%     - 7216s
 16248  9286      -    -    -      520.00000  439.28793  15.5%     - 7319s
 16654  9396      -    -    -      520.00000  439.37456  15.5%     - 7418s
 16848  9551      -    -    -      520.00000  439.40635  15.5%     - 7516s
 17154  9666      -    -    -      520.00000  439.46667  15.5%     - 7615s
 17348  9730      -    -    -      520.00000  439.60351  15.5%     - 7711s
 17454 10065      -    -    -      520.00000  439.88889  15.4%     - 7847s
 18048 10162      -    -    -      520.00000  440.00000  15.4%     - 7927s
 18254 10215      -    -    -      520.00000  440.02759  15.4%     - 8037s
 18348 10309      -    -    -      520.00000  440.20000  15.3%     - 8116s
 18554 10494      -    -    -      520.00000  440.33333  15.3%     - 8225s
 18848 10550      -    -    -      520.00000  440.33333  15.3%     - 8316s
 18954 10664      -    -    -      520.00000  440.50000  15.3%     - 8398s
 19148 10888      -    -    -      520.00000  440.69444  15.3%     - 8538s
 19554 11007      -    -    -      520.00000  440.70370  15.2%     - 8624s
 19748 11157      -    -    -      520.00000  440.75000  15.2%     - 8728s
 20054 11261      -    -    -      520.00000  441.00000  15.2%     - 8843s
 20248 11319      -    -    -      520.00000  441.00000  15.2%     - 8916s
 20354 11439      -    -    -      520.00000  441.05000  15.2%     - 9015s
 20548 11542      -    -    -      520.00000  441.33333  15.1%     - 9118s
 20754 11656      -    -    -      520.00000  441.50000  15.1%     - 9248s
 20948 11821      -    -    -      520.00000  441.61765  15.1%     - 9363s
 21254 11885      -    -    -      520.00000  441.66667  15.1%     - 9456s
 21348 12155      -    -    -      520.00000  441.71429  15.1%     - 9592s
 21854 12531      -    -    -      520.00000  441.88889  15.0%     - 9694s
 22548 12738      -    -    -      520.00000  442.00000  15.0%     - 9835s
 22954 12948      -    -    -      520.00000  442.26042  14.9%     - 9953s
 23348 13135      -    -    -      520.00000  442.33333  14.9%     - 10071s
 23754 13357      -    -    -      520.00000  442.35484  14.9%     - 10180s
 24148 13539      -    -    -      520.00000  442.50000  14.9%     - 10279s
 24454 13732      -    -    -      520.00000  442.58333  14.9%     - 10370s
 24848 13972      -    -    -      520.00000  442.66667  14.9%     - 10463s
 25254 14078      -    -    -      520.00000  442.75427  14.9%     - 10579s
 25448 14240      -    -    -      520.00000  442.78947  14.8%     - 10724s
 25754 14420      -    -    -      520.00000  442.83333  14.8%     - 10786s
 26048 14654      -    -    -      520.00000  443.00000  14.8%     - 10891s
 26454 14889      -    -    -      520.00000  443.00000  14.8%     - 10998s
 26848 14990      -    -    -      520.00000  443.11111  14.8%     - 11058s
 27054 15423      -    -    -      520.00000  443.11111  14.8%     - 11121s
 27848 15604      -    -    -      520.00000  443.11111  14.8%     - 11199s
 28154 15658      -    -    -      520.00000  443.18750  14.8%     - 11276s
 28248 15854      -    -    -      520.00000  443.18750  14.8%     - 11387s
 28554 16030      -    -    -      520.00000  443.33333  14.7%     - 11486s
 28948 16139      -    -    -      520.00000  443.33333  14.7%     - 11586s
 29154 16337      -    -    -      520.00000  443.33333  14.7%     - 11719s
 29548 16404      -    -    -      520.00000  443.38095  14.7%     - 11824s
 29681 16654      -    -    -      520.00000  443.50000  14.7%     - 11911s
 30121 16802      -    -    -      520.00000  443.59211  14.7%     - 12008s
 30381 16989      -    -    -      520.00000  443.66667  14.7%     - 12140s
 30721 17393      -    -    -      520.00000  443.72222  14.7%     - 12244s
 31431 17638      -    -    -      520.00000  443.73333  14.7%     - 12313s
 31871 17699      -    -    -      520.00000  444.00000  14.6%     - 12401s
 32002 17857      -    -    -      520.00000  444.00000  14.6%     - 12483s
 32300 17859      -    -    -      520.00000  444.00000  14.6%     - 12589s
 32302 18041      -    -    -      520.00000  444.00000  14.6%     - 12659s
 32600 18043      -    -    -      520.00000  444.00000  14.6%     - 12727s
 32602 18255      -    -    -      520.00000  444.00000  14.6%     - 12833s
 33000 18257      -    -    -      520.00000  444.33333  14.6%     - 12927s
 33002 18381      -    -    -      520.00000  444.33333  14.6%     - 12996s
 33200 18482      -    -    -      520.00000  444.42857  14.5%     - 13074s
 33402 18716      -    -    -      520.00000  444.45238  14.5%     - 13149s
 33800 18718      -    -    -      520.00000  444.45238  14.5%     - 13209s
 33802 18860      -    -    -      520.00000  444.56250  14.5%     - 13329s
 34100 18862      -    -    -      520.00000  444.56250  14.5%     - 13382s
 34102 19148      -    -    -      520.00000  444.66667  14.5%     - 13449s
 34598 19204      -    -    -      520.00000  444.66667  14.5%     - 13584s
 34704 19357      -    -    -      520.00000  444.66667  14.5%     - 13711s
 34998 19363      -    -    -      520.00000  444.70000  14.5%     - 13824s
 35004 19624      -    -    -      520.00000  444.70000  14.5%     - 13901s
 35498 19746      -    -    -      520.00000  444.79545  14.5%     - 13981s
 35704 19933      -    -    -      520.00000  444.83333  14.5%     - 14093s
 36098 19939      -    -    -      520.00000  444.83333  14.5%     - 14162s
 36104 20228      -    -    -      520.00000  445.00000  14.4%     - 14253s
 36598 20347      -    -    -      520.00000  445.00000  14.4%     - 14306s
 36873 20555      -    -    -      520.00000  445.00000  14.4%     - 14385s
 37229 20856      -    -    -      520.00000  445.00000  14.4%     - 14470s
 37773 20971      -    -    -      520.00000  445.00000  14.4%     - 14577s
 38029 21057      -    -    -      520.00000  445.00000  14.4%     - 14656s
 38173 21192      -    -    -      520.00000  445.00000  14.4%     - 14795s
 38429 21463      -    -    -      520.00000  445.00000  14.4%     - 14895s
 38973 21547      -    -    -      520.00000  445.16667  14.4%     - 14983s
 39129 21835      -    -    -      520.00000  445.27778  14.4%     - 15141s
 39773 22051      -    -    -      520.00000  445.33333  14.4%     - 15237s
 40229 22241      -    -    -      520.00000  445.33333  14.4%     - 15324s
 40573 22331      -    -    -      520.00000  445.33333  14.4%     - 15444s
 40729 22402      -    -    -      520.00000  445.50000  14.3%     - 15554s
 40873 22436      -    -    -      520.00000  445.50000  14.3%     - 15662s
 40929 22520      -    -    -      520.00000  445.66667  14.3%     - 15738s
 41073 22592      -    -    -      520.00000  445.71875  14.3%     - 15821s
 41229 22944      -    -    -      520.00000  445.72826  14.3%     - 15911s
 41873 22978      -    -    -      520.00000  445.79630  14.3%     - 15986s
 41929 23276      -    -    -      520.00000  445.83333  14.3%     - 16061s
 42473 23298      -    -    -      520.00000  445.85714  14.3%     - 16135s
 42529 23332      -    -    -      520.00000  445.85714  14.3%     - 16213s
 42673 23508      -    -    -      520.00000  446.00000  14.2%     - 16290s
 42997 23560      -    -    -      520.00000  446.00000  14.2%     - 16354s
 43105 23695      -    -    -      520.00000  446.00000  14.2%     - 16428s
 43397 23703      -    -    -      520.00000  446.16667  14.2%     - 16495s
 43405 23846      -    -    -      520.00000  446.16667  14.2%     - 16629s
 43697 23897      -    -    -      520.00000  446.25000  14.2%     - 16725s
 43805 24079      -    -    -      520.00000  446.33333  14.2%     - 16822s
 44138 24247      -    -    -      520.00000  446.33333  14.2%     - 16895s
 44464 24635      -    -    -      520.00000  446.36111  14.2%     - 16997s
 45238 24723      -    -    -      520.00000  446.38462  14.2%     - 17086s
 45464 24822      -    -    -      520.00000  446.40000  14.2%     - 17169s
 45638 25248      -    -    -      520.00000  446.50000  14.1%     - 17304s
 46464 25381      -    -    -      520.00000  446.50000  14.1%     - 17395s
 46738 25535      -    -    -      520.00000  446.56286  14.1%     - 17490s
 47002 25640      -    -    -      520.00000  446.68696  14.1%     - 17575s
 47200 25661      -    -    -      520.00000  446.68696  14.1%     - 17641s
 47241 25879      -    -    -      520.00000  446.83333  14.1%     - 17731s
 47661 26138      -    -    -      520.00000  447.00000  14.0%     - 17825s
 48141 26196      -    -    -      520.00000  447.00000  14.0%     - 17906s
 48261 26374      -    -    -      520.00000  447.00000  14.0%     - 18031s
 48641 26442      -    -    -      520.00000  447.00000  14.0%     - 18130s
 48761 26709      -    -    -      520.00000  447.00000  14.0%     - 18234s
 49241 26937      -    -    -      520.00000  447.00000  14.0%     - 18326s
 49661 26983      -    -    -      520.00000  447.04687  14.0%     - 18431s
 49741 27133      -    -    -      520.00000  447.16667  14.0%     - 18573s
 50061 27258      -    -    -      520.00000  447.18750  14.0%     - 18689s
 50341 27497      -    -    -      520.00000  447.33333  14.0%     - 18812s
 50861 27584      -    -    -      520.00000  447.33891  14.0%     - 18910s
 51024 27805      -    -    -      520.00000  447.41667  14.0%     - 19004s
 51478 27950      -    -    -      520.00000  447.41667  14.0%     - 19097s
 51724 28114      -    -    -      520.00000  447.41667  14.0%     - 19161s
 52078 28178      -    -    -      520.00000  447.52381  13.9%     - 19258s
 52224 28267      -    -    -      520.00000  447.52381  13.9%     - 19362s
 52378 28297      -    -    -      520.00000  447.66667  13.9%     - 19472s
 52424 28447      -    -    -      520.00000  447.66667  13.9%     - 19558s
 52778 28641      -    -    -      520.00000  447.66667  13.9%     - 19651s
 53124 28807      -    -    -      520.00000  447.66667  13.9%     - 19744s
 53478 28877      -    -    -      520.00000  447.72222  13.9%     - 19844s
 53624 29067      -    -    -      520.00000  447.75000  13.9%     - 19938s
 53978 29192      -    -    -      520.00000  447.83333  13.9%     - 20063s
 54224 29326      -    -    -      520.00000  447.84406  13.9%     - 20124s
 54478 29412      -    -    -      520.00000  447.90000  13.9%     - 20190s
 54624 29544      -    -    -      520.00000  447.90000  13.9%     - 20268s
 54878 29566      -    -    -      520.00000  447.93333  13.9%     - 20332s
 54924 29718      -    -    -      520.00000  448.00000  13.8%     - 20424s
 55278 29861      -    -    -      520.00000  448.00000  13.8%     - 20534s
 55524 30102      -    -    -      520.00000  448.00000  13.8%     - 20630s
 55978 30163      -    -    -      520.00000  448.05556  13.8%     - 20749s
 56124 30403      -    -    -      520.00000  448.11111  13.8%     - 20823s
 56578 30526      -    -    -      520.00000  448.11111  13.8%     - 20915s
 56824 30699      -    -    -      520.00000  448.25000  13.8%     - 21016s
 57178 30842      -    -    -      520.00000  448.25000  13.8%     - 21107s
 57424 30930      -    -    -      520.00000  448.33333  13.8%     - 21201s
 57578 30958      -    -    -      520.00000  448.33333  13.8%     - 21281s
 57624 31132      -    -    -      520.00000  448.33333  13.8%     - 21359s
 57978 31427      -    -    -      520.00000  448.37356  13.8%     - 21494s
 58524 31510      -    -    -      520.00000  448.51111  13.7%     - 21575s
 58678 31530      -    -    -      520.00000  448.51111  13.7%     - 21673s
 58724 31685      -    -    -      520.00000  448.55224  13.7%     - 21798s
 59078 31761      -    -    -      520.00000  448.66667  13.7%     - 21916s
 59224 31949      -    -    -      520.00000  448.68421  13.7%     - 21982s
 59578 32025      -    -    -      520.00000  448.68421  13.7%     - 22069s
 59724 32169      -    -    -      520.00000  448.77778  13.7%     - 22164s
 59978 32195      -    -    -      520.00000  448.77778  13.7%     - 22258s
 60024 32513      -    -    -      520.00000  448.85714  13.7%     - 22359s
 60605 32607      -    -    -      520.00000  448.91667  13.7%     - 22426s
 60797 32612      -    -    -      520.00000  449.00000  13.7%     - 22510s
 60802 32779      -    -    -      520.00000  449.00000  13.7%     - 22609s
 61100 32781      -    -    -      520.00000  449.00000  13.7%     - 22727s
 61102 32877      -    -    -      520.00000  449.00000  13.7%     - 22815s
 61300 32879      -    -    -      520.00000  449.09132  13.6%     - 22937s
 61302 33004      -    -    -      520.00000  449.09132  13.6%     - 23024s
 61600 33044      -    -    -      520.00000  449.11111  13.6%     - 23090s
 61702 33392      -    -    -      520.00000  449.13333  13.6%     - 23149s
 62300 33394      -    -    -      520.00000  449.16667  13.6%     - 23236s
 62302 33452      -    -    -      520.00000  449.16667  13.6%     - 23327s
 62500 33454      -    -    -      520.00000  449.21296  13.6%     - 23420s
 62502 33654      -    -    -      520.00000  449.22778  13.6%     - 23499s
 62900 33715      -    -    -      520.00000  449.22778  13.6%     - 23588s
 63002 33875      -    -    -      520.00000  449.33333  13.6%     - 23685s
 63300 33954      -    -    -      520.00000  449.33333  13.6%     - 23776s
 63502 34254      -    -    -      520.00000  449.37500  13.6%     - 23844s
 64000 34370      -    -    -      520.00000  449.37500  13.6%     - 23921s
 64202 34526      -    -    -      520.00000  449.43750  13.6%     - 24019s
 64500 34528      -    -    -      520.00000  449.46296  13.6%     - 24097s
 64502 34624      -    -    -      520.00000  449.47059  13.6%     - 24167s
 64700 34626      -    -    -      520.00000  449.47059  13.6%     - 24258s
 64702 34845      -    -    -      520.00000  449.50000  13.6%     - 24363s
 65100 34847      -    -    -      520.00000  449.50000  13.6%     - 24435s
 65102 34945      -    -    -      520.00000  449.50000  13.6%     - 24539s
 65300 34947      -    -    -      520.00000  449.54762  13.5%     - 24630s
 65302 35213      -    -    -      520.00000  449.58333  13.5%     - 24710s
 65800 35215      -    -    -      520.00000  449.66667  13.5%     - 24782s
 65802 35292      -    -    -      520.00000  449.66667  13.5%     - 24853s
 66000 35294      -    -    -      520.00000  449.70833  13.5%     - 24948s
 66002 35477      -    -    -      520.00000  449.77695  13.5%     - 25036s
 66347 35528      -    -    -      520.00000  449.83333  13.5%     - 25090s
 66455 35683      -    -    -      520.00000  449.87500  13.5%     - 25209s
 66747 35799      -    -    -      520.00000  449.90909  13.5%     - 25326s
 66955 35877      -    -    -      520.00000  450.00000  13.5%     - 25410s
 67147 36025      -    -    -      520.00000  450.05556  13.5%     - 25527s
 67455 36230      -    -    -      520.00000  450.11111  13.4%     - 25671s
 67847 36290      -    -    -      520.00000  450.17105  13.4%     - 25756s
 67955 36447      -    -    -      520.00000  450.20000  13.4%     - 25864s
 68247 36817      -    -    -      520.00000  450.26984  13.4%     - 25982s
 69055 36988      -    -    -      520.00000  450.27778  13.4%     - 26077s
 69347 37204      -    -    -      520.00000  450.34058  13.4%     - 26195s
 69755 37478      -    -    -      520.00000  450.34058  13.4%     - 26279s
 70247 37589      -    -    -      520.00000  450.40157  13.4%     - 26396s
 70455 37637      -    -    -      520.00000  450.44444  13.4%     - 26483s
 70547 37834      -    -    -      520.00000  450.44444  13.4%     - 26559s
 70928 37971      -    -    -      520.00000  450.48980  13.4%     - 26675s
 71174 38003      -    -    -      520.00000  450.49778  13.4%     - 26767s
 71228 38081      -    -    -      520.00000  450.50000  13.4%     - 26838s
 71374 38309      -    -    -      520.00000  450.50000  13.4%     - 26923s
 71828 38558      -    -    -      520.00000  450.55556  13.4%     - 27046s
 72374 38592      -    -    -      520.00000  450.66667  13.3%     - 27144s
 72428 38662      -    -    -      520.00000  450.66667  13.3%     - 27249s
 72574 38828      -    -    -      520.00000  450.66667  13.3%     - 27319s
 72928 38961      -    -    -      520.00000  450.66667  13.3%     - 27401s
 73174 39129      -    -    -      520.00000  450.75000  13.3%     - 27513s
 73528 39200      -    -    -      520.00000  450.77778  13.3%     - 27609s
 73674 39404      -    -    -      520.00000  450.77778  13.3%     - 27698s
 74028 39538      -    -    -      520.00000  450.77778  13.3%     - 27803s
 74274 39572      -    -    -      520.00000  450.81667  13.3%     - 27892s
 74328 39712      -    -    -      520.00000  450.83333  13.3%     - 27978s
 74574 39740      -    -    -      520.00000  450.83333  13.3%     - 28071s
 74628 39884      -    -    -      520.00000  450.88000  13.3%     - 28140s
 74874 40176      -    -    -      520.00000  450.88000  13.3%     - 28241s
 75420 40324      -    -    -      520.00000  450.91667  13.3%     - 28309s
 75682 40336      -    -    -      520.00000  450.91667  13.3%     - 28386s
 75720 40586      -    -    -      520.00000  450.94444  13.3%     - 28481s
 76282 40659      -    -    -      520.00000  451.00000  13.3%     - 28597s
 76420 40955      -    -    -      520.00000  451.00000  13.3%     - 28655s
 76982 41024      -    -    -      520.00000  451.00000  13.3%     - 28750s
 77120 41226      -    -    -      520.00000  451.00000  13.3%     - 28811s
 77482 41238      -    -    -      520.00000  451.01852  13.3%     - 28915s
 77520 41389      -    -    -      520.00000  451.08333  13.3%     - 28992s
 77782 41545      -    -    -      520.00000  451.16667  13.2%     - 29074s
 78120 41627      -    -    -      520.00000  451.16667  13.2%     - 29148s
 78282 41643      -    -    -      520.00000  451.16667  13.2%     - 29210s
 78320 41795      -    -    -      520.00000  451.21212  13.2%     - 29325s
 78582 41812      -    -    -      520.00000  451.23333  13.2%     - 29446s
 78620 41892      -    -    -      520.00000  451.25000  13.2%     - 29514s
 78782 42016      -    -    -      520.00000  451.25000  13.2%     - 29617s
 79020 42161      -    -    -      520.00000  451.30000  13.2%     - 29694s
 79282 42293      -    -    -      520.00000  451.33333  13.2%     - 29787s
 79520 42405      -    -    -      520.00000  451.33333  13.2%     - 29875s
 79782 42543      -    -    -      520.00000  451.38889  13.2%     - 29977s
 80020 42621      -    -    -      520.00000  451.38889  13.2%     - 30050s
 80182 42881      -    -    -      520.00000  451.41667  13.2%     - 30138s
 80720 43132      -    -    -      520.00000  451.41667  13.2%     - 30196s
 81182 43342      -    -    -      520.00000  451.44444  13.2%     - 30282s
 81620 43571      -    -    -      520.00000  451.44444  13.2%     - 30355s
 82082 43637      -    -    -      520.00000  451.48611  13.2%     - 30437s
 82220 43865      -    -    -      520.00000  451.50000  13.2%     - 30552s
 82647 44065      -    -    -      520.00000  451.50000  13.2%     - 30664s
 83055 44149      -    -    -      520.00000  451.50000  13.2%     - 30747s
 83247 44419      -    -    -      520.00000  451.59259  13.2%     - 30832s
 83755 44436      -    -    -      520.00000  451.59259  13.2%     - 30930s
 83802 44552      -    -    -      520.00000  451.66667  13.1%     - 30979s
 84000 44612      -    -    -      520.00000  451.66667  13.1%     - 31053s
 84102 44975      -    -    -      520.00000  451.71429  13.1%     - 31116s
 84831 45120      -    -    -      520.00000  451.71429  13.1%     - 31166s
 85171 45314      -    -    -      520.00000  451.77778  13.1%     - 31236s
 85531 45496      -    -    -      520.00000  451.77778  13.1%     - 31308s
 85971 45529      -    -    -      520.00000  451.80000  13.1%     - 31386s
 86031 45650      -    -    -      520.00000  451.83333  13.1%     - 31463s
 86271 45837      -    -    -      520.00000  451.83333  13.1%     - 31555s
 86631 45965      -    -    -      520.00000  451.83333  13.1%     - 31616s
 86871 45967      -    -    -      520.00000  451.83333  13.1%     - 31679s
 86873 46121      -    -    -      520.00000  451.91176  13.1%     - 31732s
 87229 46380      -    -    -      520.00000  451.91176  13.1%     - 31813s
 87773 46477      -    -    -      520.00000  451.91176  13.1%     - 31852s
 87950 46640      -    -    -      520.00000  452.00000  13.1%     - 31916s
 88352 46692      -    -    -      520.00000  452.00000  13.1%     - 32009s
 88450 46747      -    -    -      520.00000  452.00000  13.1%     - 32064s
 88552 46781      -    -    -      520.00000  452.00000  13.1%     - 32115s
 88602 47015      -    -    -      520.00000  452.00000  13.1%     - 32218s
 89100 47071      -    -    -      520.00000  452.00000  13.1%     - 32302s
 89202 47181      -    -    -      520.00000  452.02459  13.1%     - 32432s
 89500 47234      -    -    -      520.00000  452.11111  13.1%     - 32534s
 89602 47577      -    -    -      520.00000  452.16667  13.0%     - 32785s
 90300 47579      -    -    -      520.00000  452.18293  13.0%     - 32891s
 90302 47769      -    -    -      520.00000  452.18293  13.0%     - 33040s
 90700 48081      -    -    -      520.00000  452.32857  13.0%     - 33184s
 91302 48336      -    -    -      520.00000  452.33333  13.0%     - 33285s
 91800 48338      -    -    -      520.00000  452.33333  13.0%     - 33358s
 91802 48438      -    -    -      520.00000  452.33333  13.0%     - 33457s
 92000 48491      -    -    -      520.00000  452.33929  13.0%     - 33572s
 92102 48818      -    -    -      520.00000  452.33929  13.0%     - 33663s
 92800 48820      -    -    -      520.00000  452.34815  13.0%     - 33743s
 92802 48984      -    -    -      520.00000  452.38889  13.0%     - 33839s
 93100 48986      -    -    -      520.00000  452.42857  13.0%     - 33906s
 93102 49258      -    -    -      520.00000  452.42857  13.0%     - 34001s
 93600 49354      -    -    -      520.00000  452.46479  13.0%     - 34113s
 93802 49474      -    -    -      520.00000  452.50000  13.0%     - 34207s
 94021 50021      -    -    -      520.00000  452.50000  13.0%     - 34299s
 95081 50095      -    -    -      520.00000  452.50000  13.0%     - 34367s
 95221 50536      -    -    -      520.00000  452.50000  13.0%     - 34439s
 96076 50580      -    -    -      520.00000  452.58333  13.0%     - 34520s
 96226 50738      -    -    -      520.00000  452.58333  13.0%     - 34574s
 96502 51009      -    -    -      520.00000  452.60965  13.0%     - 34651s
 97100 51067      -    -    -      520.00000  452.66667  12.9%     - 34780s
 97202 51602      -    -    -      520.00000  452.66667  12.9%     - 35086s
 98300 51604      -    -    -      520.00000  452.66667  12.9%     - 35171s
 98302 51620      -    -    -      520.00000  452.70536  12.9%     - 35240s
 98330 51800      -    -    -      520.00000  452.75000  12.9%     - 35353s
 98672 51900      -    -    -      520.00000  452.77778  12.9%     - 35483s
 98858 52062      -    -    -      520.00000  452.81818  12.9%     - 35596s
 99144 52223      -    -    -      520.00000  452.83333  12.9%     - 35698s
 99458 52333      -    -    -      520.00000  452.83333  12.9%     - 35814s
 99644 52539      -    -    -      520.00000  452.87179  12.9%     - 35928s
 100158 52629      -    -    -      520.00000  452.95833  12.9%     - 36057s
 100344 52964      -    -    -      520.00000  453.00000  12.9%     - 36234s
 100958 53230      -    -    -      520.00000  453.00000  12.9%     - 36343s
 101444 53318      -    -    -      520.00000  453.00000  12.9%     - 36462s
 101658 53644      -    -    -      520.00000  453.00000  12.9%     - 36543s
 102332 53714      -    -    -      520.00000  453.05556  12.9%     - 36626s
 102470 53942      -    -    -      520.00000  453.11111  12.9%     - 36745s
 102932 54014      -    -    -      520.00000  453.13846  12.9%     - 36859s
 103070 54104      -    -    -      520.00000  453.13846  12.9%     - 36950s
 103232 54245      -    -    -      520.00000  453.20833  12.8%     - 37115s
 103570 54316      -    -    -      520.00000  453.25000  12.8%     - 37203s
 103732 54522      -    -    -      520.00000  453.25000  12.8%     - 37306s
 104170 54548      -    -    -      520.00000  453.27778  12.8%     - 37408s
 104232 54781      -    -    -      520.00000  453.33333  12.8%     - 37490s
 104670 55167      -    -    -      520.00000  453.33333  12.8%     - 37576s
 105432 55236      -    -    -      520.00000  453.33333  12.8%     - 37684s
 105570 55273      -    -    -      520.00000  453.34940  12.8%     - 37750s
 105632 55341      -    -    -      520.00000  453.37500  12.8%     - 37827s
 105770 55429      -    -    -      520.00000  453.44056  12.8%     - 37888s
 105932 55647      -    -    -      520.00000  453.44056  12.8%     - 37978s
 106370 55736      -    -    -      520.00000  453.47333  12.8%     - 38054s
 106532 56052      -    -    -      520.00000  453.50000  12.8%     - 38156s
 107170 56090      -    -    -      520.00000  453.50000  12.8%     - 38220s
 107232 56317      -    -    -      520.00000  453.50000  12.8%     - 38301s
 107670 56343      -    -    -      520.00000  453.50000  12.8%     - 38382s
 107732 56527      -    -    -      520.00000  453.53333  12.8%     - 38465s
 108070 56798      -    -    -      520.00000  453.61111  12.8%     - 38532s
 108655 57012      -    -    -      520.00000  453.61111  12.8%     - 38586s
 109147 57300      -    -    -      520.00000  453.66667  12.8%     - 38682s
 109755 57633      -    -    -      520.00000  453.66667  12.8%     - 38772s
 110447 57788      -    -    -      520.00000  453.66667  12.8%     - 38833s
 110744 57954      -    -    -      520.00000  453.66667  12.8%     - 38891s
 111101 58018      -    -    -      520.00000  453.66667  12.8%     - 38968s
 111225 58279      -    -    -      520.00000  453.66667  12.8%     - 39010s
 111777 58400      -    -    -      520.00000  453.69643  12.8%     - 39117s
 112025 58655      -    -    -      520.00000  453.77778  12.7%     - 39253s
 112477 58668      -    -    -      520.00000  453.77778  12.7%     - 39333s
 112502 58834      -    -    -      520.00000  453.79412  12.7%     - 39426s
 112900 58836      -    -    -      520.00000  453.83333  12.7%     - 39515s
 112902 59038      -    -    -      520.00000  453.83333  12.7%     - 39605s
 113300 59040      -    -    -      520.00000  453.84375  12.7%     - 39688s
 113302 59357      -    -    -      520.00000  453.90909  12.7%     - 39772s
 113900 59652      -    -    -      520.00000  453.90909  12.7%     - 39870s
 114502 59854      -    -    -      520.00000  453.91667  12.7%     - 39914s
 114900 60009      -    -    -      520.00000  453.96667  12.7%     - 39962s
 115202 60120      -    -    -      520.00000  454.00000  12.7%     - 40060s
 115400 60122      -    -    -      520.00000  454.00000  12.7%     - 40146s
 115402 60327      -    -    -      520.00000  454.00000  12.7%     - 40249s
 115900 60329      -    -    -      520.00000  454.00000  12.7%     - 40340s
 115902 60545      -    -    -      520.00000  454.00000  12.7%     - 40406s
 116300 60654      -    -    -      520.00000  454.00000  12.7%     - 40490s
 116602 60751      -    -    -      520.00000  454.03571  12.7%     - 40572s
 116800 60753      -    -    -      520.00000  454.04505  12.7%     - 40638s
 116802 60808      -    -    -      520.00000  454.08333  12.7%     - 40741s
 116905 60915      -    -    -      520.00000  454.11111  12.7%     - 40824s
 117097 60923      -    -    -      520.00000  454.11111  12.7%     - 40872s
 117105 61153      -    -    -      520.00000  454.11111  12.7%     - 40930s
 117597 61271      -    -    -      520.00000  454.11111  12.7%     - 40977s
 117805 61369      -    -    -      520.00000  454.11111  12.7%     - 41058s
 117997 61429      -    -    -      520.00000  454.16250  12.7%     - 41129s
 118105 61526      -    -    -      520.00000  454.16250  12.7%     - 41195s
 118297 61981      -    -    -      520.00000  454.16667  12.7%     - 41308s
 119205 62354      -    -    -      520.00000  454.18750  12.7%     - 41445s
 119897 62457      -    -    -      520.00000  454.18750  12.7%     - 41559s
 120105 62861      -    -    -      520.00000  454.21429  12.7%     - 41722s
 120897 62869      -    -    -      520.00000  454.25000  12.6%     - 41815s
 120905 62901      -    -    -      520.00000  454.25000  12.6%     - 41904s
 121097 62909      -    -    -      520.00000  454.27778  12.6%     - 42024s
 121105 63067      -    -    -      520.00000  454.33333  12.6%     - 42171s
 121397 63075      -    -    -      520.00000  454.33333  12.6%     - 42288s
 121405 63183      -    -    -      520.00000  454.33333  12.6%     - 42359s
 121597 63295      -    -    -      520.00000  454.33333  12.6%     - 42435s
 121805 63454      -    -    -      520.00000  454.38889  12.6%     - 42525s
 122097 63721      -    -    -      520.00000  454.41667  12.6%     - 42618s
 122705 64002      -    -    -      520.00000  454.44444  12.6%     - 42763s
 123297 64010      -    -    -      520.00000  454.50000  12.6%     - 42877s
 123305 64183      -    -    -      520.00000  454.50000  12.6%     - 43005s
 123697 64244      -    -    -      520.00000  454.50000  12.6%     - 43091s
 123805 64329      -    -    -      520.00000  454.50000  12.6%     - 43161s
 123997 64346      -    -    -      520.00000  454.50000  12.6%     - 43200s

Cutting planes:
  Gomory: 7
  Zero half: 214
  RLT: 97

Instance 38 was solved

Explored 132700 nodes (23617961 simplex iterations) in 43203.90 seconds (72705.66 work units)
Thread count was 2 (of 128 available processors)

Solution count 1: 520 

Time limit reached
Best objective 5.200000000000e+02, best bound 4.550000000000e+02, gap 12.5000%
