
Gurobi 10.0.3 (linux64) logging started Sun Sep  1 14:30:07 2024

Set parameter LogFile to value "local/logs/w3-k6-s2.log"

Gurobi 10.0.3 (linux64) logging started Sun Sep  1 14:30:07 2024

Set parameter LogFile to value "local/logs/w3-k6-s2.log"
Warning: variable name "x_(00000000, 0)" has a space
Warning: default variable names used to write mps file
Gurobi Optimizer version 10.0.3 build v10.0.3rc0 (linux64)

CPU model: AMD EPYC 7742 64-Core Processor, instruction set [SSE2|AVX|AVX2]
Thread count: 64 physical cores, 128 logical processors, using up to 128 threads

Academic license 2533279 - for non-commercial use only - registered to bl___@rice.edu
Optimize a model with 3328 rows, 1792 columns and 6912 nonzeros
Model fingerprint: 0x31fb3429
Variable types: 0 continuous, 1792 integer (1792 binary)
Coefficient statistics:
  Matrix range     [1e+00, 1e+00]
  Objective range  [1e+00, 1e+00]
  Bounds range     [1e+00, 1e+00]
  RHS range        [1e+00, 1e+00]

User MIP start produced solution with objective 412 (0.02s)
Loaded user MIP start with objective 412

Presolve removed 14 rows and 4 columns
Presolve time: 0.01s
Presolved: 3314 rows, 1788 columns, 6888 nonzeros
Variable types: 0 continuous, 1788 integer (1788 binary)
Root relaxation presolved: 3314 rows, 1788 columns, 6888 nonzeros

Concurrent LP optimizer: primal simplex, dual simplex, and barrier
Showing barrier log only...

Root barrier log...

Ordering time: 0.00s

Barrier statistics:
 AA' NZ     : 5.351e+03
 Factor NZ  : 3.017e+04 (roughly 1 MB of memory)
 Factor Ops : 6.260e+05 (less than 1 second per iteration)
 Threads    : 1

                  Objective                Residual
Iter       Primal          Dual         Primal    Dual     Compl     Time
   0   1.16886472e+03 -3.83731875e+02  2.22e+00 9.13e-03  1.45e+00     0s
   1   6.42287304e+02 -5.63858911e+01  1.33e-15 8.88e-16  2.11e-01     0s
   2   3.90524406e+02  3.19112890e+02  5.55e-16 9.99e-16  2.15e-02     0s
   3   3.44857705e+02  3.44226278e+02  1.33e-14 8.88e-16  1.90e-04     0s
   4   3.44666858e+02  3.44666226e+02  4.00e-15 8.88e-16  1.90e-07     0s
   5   3.44666667e+02  3.44666666e+02  6.00e-15 8.88e-16  1.90e-10     0s

Barrier solved model in 5 iterations and 0.04 seconds (0.02 work units)
Optimal objective 3.44666667e+02


Solved with dual simplex

Use crossover to convert LP symmetric solution to basic solution...

Root relaxation: objective 3.446667e+02, 1404 iterations, 0.02 seconds (0.02 work units)

    Nodes    |    Current Node    |     Objective Bounds      |     Work
 Expl Unexpl |  Obj  Depth IntInf | Incumbent    BestBd   Gap | It/Node Time

     0     0  344.66667    0 1788  412.00000  344.66667  16.3%     -    0s
     0     0  348.91454    0 1787  412.00000  348.91454  15.3%     -    0s
     0     0  349.45689    0 1787  412.00000  349.45689  15.2%     -    0s
     0     0  349.48202    0 1787  412.00000  349.48202  15.2%     -    0s
     0     0  351.75687    0 1786  412.00000  351.75687  14.6%     -    0s
     0     0  351.77561    0 1786  412.00000  351.77561  14.6%     -    0s
     0     0  351.77633    0 1786  412.00000  351.77633  14.6%     -    0s
     0     0  352.36128    0 1788  412.00000  352.36128  14.5%     -    0s
     0     0  352.47055    0 1788  412.00000  352.47055  14.4%     -    0s
     0     0  352.47616    0 1788  412.00000  352.47616  14.4%     -    0s
     0     0  353.35573    0 1787  412.00000  353.35573  14.2%     -    1s
     0     0  353.41310    0 1788  412.00000  353.41310  14.2%     -    1s
     0     0  353.41310    0 1788  412.00000  353.41310  14.2%     -    1s
     0     0  354.33416    0 1787  412.00000  354.33416  14.0%     -    1s
     0     0  354.43333    0 1788  412.00000  354.43333  14.0%     -    1s
     0     0  354.44934    0 1788  412.00000  354.44934  14.0%     -    1s
     0     0  355.13156    0 1788  412.00000  355.13156  13.8%     -    1s
     0     0  355.17835    0 1787  412.00000  355.17835  13.8%     -    1s
     0     0  355.17870    0 1787  412.00000  355.17870  13.8%     -    1s
     0     0  355.70478    0 1788  412.00000  355.70478  13.7%     -    1s
     0     0  355.77435    0 1787  412.00000  355.77435  13.6%     -    1s
     0     0  355.78935    0 1788  412.00000  355.78935  13.6%     -    1s
     0     0  356.07205    0 1788  412.00000  356.07205  13.6%     -    1s
     0     0  356.07232    0 1788  412.00000  356.07232  13.6%     -    1s
     0     0  356.44651    0 1788  412.00000  356.44651  13.5%     -    2s
     0     0  356.48030    0 1788  412.00000  356.48030  13.5%     -    2s
     0     0  356.48093    0 1788  412.00000  356.48093  13.5%     -    2s
     0     0  356.97398    0 1787  412.00000  356.97398  13.4%     -    2s
     0     0  357.01064    0 1788  412.00000  357.01064  13.3%     -    2s
     0     0  357.01919    0 1788  412.00000  357.01919  13.3%     -    2s
     0     0  357.02070    0 1788  412.00000  357.02070  13.3%     -    2s
     0     0  357.53834    0 1786  412.00000  357.53834  13.2%     -    2s
     0     0  357.57286    0 1788  412.00000  357.57286  13.2%     -    2s
     0     0  357.59596    0 1787  412.00000  357.59596  13.2%     -    2s
     0     0  358.14844    0 1787  412.00000  358.14844  13.1%     -    2s
     0     0  358.21714    0 1787  412.00000  358.21714  13.1%     -    2s
     0     0  358.23598    0 1788  412.00000  358.23598  13.0%     -    2s
     0     0  358.23801    0 1788  412.00000  358.23801  13.0%     -    2s
     0     0  358.55504    0 1788  412.00000  358.55504  13.0%     -    2s
     0     0  358.57826    0 1788  412.00000  358.57826  13.0%     -    2s
     0     0  358.58020    0 1788  412.00000  358.58020  13.0%     -    2s
     0     0  358.91546    0 1788  412.00000  358.91546  12.9%     -    3s
     0     0  358.92061    0 1788  412.00000  358.92061  12.9%     -    3s
     0     0  359.10494    0 1788  412.00000  359.10494  12.8%     -    3s
     0     0  359.16864    0 1788  412.00000  359.16864  12.8%     -    3s
     0     0  359.17273    0 1788  412.00000  359.17273  12.8%     -    3s
     0     0  359.47832    0 1788  412.00000  359.47832  12.7%     -    3s
     0     0  359.49512    0 1788  412.00000  359.49512  12.7%     -    3s
     0     0  359.51725    0 1788  412.00000  359.51725  12.7%     -    3s
     0     0  359.53546    0 1788  412.00000  359.53546  12.7%     -    3s
     0     0  359.53577    0 1788  412.00000  359.53577  12.7%     -    3s
     0     0  359.66500    0 1788  412.00000  359.66500  12.7%     -    3s
     0     0  359.68878    0 1788  412.00000  359.68878  12.7%     -    3s
     0     0  359.69095    0 1788  412.00000  359.69095  12.7%     -    3s
     0     0  359.86784    0 1788  412.00000  359.86784  12.7%     -    3s
     0     0  359.91047    0 1788  412.00000  359.91047  12.6%     -    3s
     0     0  359.91391    0 1788  412.00000  359.91391  12.6%     -    3s
     0     0  360.33663    0 1788  412.00000  360.33663  12.5%     -    4s
     0     0  360.35761    0 1788  412.00000  360.35761  12.5%     -    4s
     0     0  360.35767    0 1788  412.00000  360.35767  12.5%     -    4s
     0     0  360.47167    0 1788  412.00000  360.47167  12.5%     -    4s
     0     0  360.49161    0 1787  412.00000  360.49161  12.5%     -    4s
     0     0  360.49161    0 1787  412.00000  360.49161  12.5%     -    4s
     0     0  360.59701    0 1786  412.00000  360.59701  12.5%     -    4s
     0     0  360.61945    0 1786  412.00000  360.61945  12.5%     -    4s
     0     0  360.64786    0 1788  412.00000  360.64786  12.5%     -    4s
     0     0  360.64906    0 1788  412.00000  360.64906  12.5%     -    4s
     0     0  360.83349    0 1788  412.00000  360.83349  12.4%     -    4s
     0     0  360.85218    0 1788  412.00000  360.85218  12.4%     -    4s
     0     0  360.85282    0 1788  412.00000  360.85282  12.4%     -    4s
     0     0  361.07454    0 1788  412.00000  361.07454  12.4%     -    4s
     0     0  361.07824    0 1788  412.00000  361.07824  12.4%     -    4s
     0     0  361.42001    0 1788  412.00000  361.42001  12.3%     -    5s
     0     0  361.43020    0 1788  412.00000  361.43020  12.3%     -    5s
     0     0  361.43142    0 1788  412.00000  361.43142  12.3%     -    5s
     0     0  361.61090    0 1788  412.00000  361.61090  12.2%     -    5s
     0     0  361.62718    0 1788  412.00000  361.62718  12.2%     -    5s
     0     0  361.62939    0 1788  412.00000  361.62939  12.2%     -    5s
     0     0  362.00450    0 1788  412.00000  362.00450  12.1%     -    5s
     0     0  362.03009    0 1788  412.00000  362.03009  12.1%     -    5s
     0     0  362.03134    0 1788  412.00000  362.03134  12.1%     -    5s
     0     0  362.21022    0 1788  412.00000  362.21022  12.1%     -    5s
     0     0  362.21533    0 1788  412.00000  362.21533  12.1%     -    5s
     0     0  362.50024    0 1788  412.00000  362.50024  12.0%     -    6s
     0     0  362.53260    0 1788  412.00000  362.53260  12.0%     -    6s
     0     0  362.53850    0 1788  412.00000  362.53850  12.0%     -    6s
     0     0  362.73553    0 1788  412.00000  362.73553  12.0%     -    6s
     0     0  362.81625    0 1788  412.00000  362.81625  11.9%     -    6s
     0     0  362.83688    0 1788  412.00000  362.83688  11.9%     -    6s
     0     0  362.83820    0 1788  412.00000  362.83820  11.9%     -    6s
     0     0  363.12301    0 1788  412.00000  363.12301  11.9%     -    6s
     0     0  363.15389    0 1788  412.00000  363.15389  11.9%     -    6s
     0     0  363.15534    0 1788  412.00000  363.15534  11.9%     -    6s
     0     0  363.50887    0 1788  412.00000  363.50887  11.8%     -    6s
     0     0  363.51552    0 1788  412.00000  363.51552  11.8%     -    6s
     0     0  363.76400    0 1788  412.00000  363.76400  11.7%     -    7s
     0     0  363.77921    0 1788  412.00000  363.77921  11.7%     -    7s
     0     0  363.78181    0 1788  412.00000  363.78181  11.7%     -    7s
     0     0  364.00709    0 1788  412.00000  364.00709  11.6%     -    7s
     0     0  364.01752    0 1788  412.00000  364.01752  11.6%     -    7s
     0     0  364.14860    0 1788  412.00000  364.14860  11.6%     -    7s
     0     0  364.16603    0 1788  412.00000  364.16603  11.6%     -    7s
     0     0  364.16736    0 1788  412.00000  364.16736  11.6%     -    7s
     0     0  364.28733    0 1788  412.00000  364.28733  11.6%     -    7s
     0     0  364.31289    0 1788  412.00000  364.31289  11.6%     -    7s
     0     0  364.31580    0 1788  412.00000  364.31580  11.6%     -    7s
     0     0  364.53761    0 1788  412.00000  364.53761  11.5%     -    8s
     0     0  364.54924    0 1788  412.00000  364.54924  11.5%     -    8s
     0     0  364.76724    0 1788  412.00000  364.76724  11.5%     -    8s
     0     0  364.78317    0 1788  412.00000  364.78317  11.5%     -    8s
     0     0  364.78426    0 1788  412.00000  364.78426  11.5%     -    8s
     0     0  365.13162    0 1788  412.00000  365.13162  11.4%     -    8s
     0     0  365.14690    0 1788  412.00000  365.14690  11.4%     -    8s
     0     0  365.15312    0 1788  412.00000  365.15312  11.4%     -    8s
     0     0  365.35665    0 1788  412.00000  365.35665  11.3%     -    8s
     0     0  365.38117    0 1788  412.00000  365.38117  11.3%     -    8s
     0     0  365.38343    0 1788  412.00000  365.38343  11.3%     -    8s
     0     0  365.63316    0 1788  412.00000  365.63316  11.3%     -    9s
     0     0  365.64978    0 1788  412.00000  365.64978  11.3%     -    9s
     0     0  365.65018    0 1787  412.00000  365.65018  11.2%     -    9s
     0     0  365.80834    0 1788  412.00000  365.80834  11.2%     -    9s
     0     0  365.81625    0 1788  412.00000  365.81625  11.2%     -    9s
     0     0  365.95627    0 1788  412.00000  365.95627  11.2%     -    9s
     0     0  365.98210    0 1788  412.00000  365.98210  11.2%     -    9s
     0     0  365.98223    0 1788  412.00000  365.98223  11.2%     -    9s
     0     0  366.14030    0 1788  412.00000  366.14030  11.1%     -    9s
     0     0  366.14592    0 1788  412.00000  366.14592  11.1%     -    9s
     0     0  366.34649    0 1788  412.00000  366.34649  11.1%     -   10s
     0     0  366.35562    0 1788  412.00000  366.35562  11.1%     -   10s
     0     0  366.44610    0 1788  412.00000  366.44610  11.1%     -   10s
     0     0  366.44610    0 1788  412.00000  366.44610  11.1%     -   10s
     0     2  366.44610    0 1788  412.00000  366.44610  11.1%     -   11s
    63   128  373.32098    6 1772  412.00000  372.11807  9.68%  1768   24s
   127   256  374.62169    7 1766  412.00000  373.05223  9.45%  1969   26s
   383   512  376.34247    8 1755  412.00000  374.29620  9.15%  1649   41s
   900  1040  379.24246   11 1718  412.00000  374.29620  9.15%  1517   45s
  1615  1778  384.99614   14 1703  412.00000  374.29620  9.15%  1382   50s
  2596  2847  388.88750   17 1687  412.00000  374.29620  9.15%  1277   55s
  3737  3733  395.22325   21 1633  412.00000  374.29620  9.15%  1173   60s
  5042  4521  402.23278   26 1605  412.00000  374.29620  9.15%  1105   65s
  6020  5272  410.04955   31 1550  412.00000  374.29620  9.15%  1095   70s
  6708  5582  394.39816   24 1788  412.00000  374.65882  9.06%  1093  188s
  6711  5584  403.04701   34 1788  412.00000  374.65882  9.06%  1092  190s
  6721  5591  408.36776   37 1788  412.00000  374.65882  9.06%  1091  195s
  6729  5596  402.78985   30 1788  412.00000  374.65882  9.06%  1089  201s
  6732  5601  374.65882   12 1787  412.00000  374.65882  9.06%  1092  205s
  6762  5651  374.65882   16 1773  412.00000  374.65882  9.06%  1100  211s
  6986  5896  378.17287   19 1765  412.00000  376.16094  8.70%  1147  216s
  7114  5982  378.20617   19 1765  412.00000  376.16210  8.70%  1169  240s
  7628  6324  381.67989   21 1757  412.00000  377.07545  8.48%  1211  246s
  8037  6633  384.90825   23 1749  412.00000  377.07545  8.48%  1231  250s
  8743  7162  386.63891   25 1742  412.00000  377.07545  8.48%  1247  255s
  9450  7633  391.50305   28 1728  412.00000  377.07545  8.48%  1247  260s
 10373  7796  394.70895   31 1720  412.00000  377.07545  8.48%  1227  266s
 11086  7844  396.08577   32 1719  412.00000  377.07545  8.48%  1211  270s
 12024  8054  399.01168   35 1706  412.00000  377.07545  8.48%  1210  287s
 12217  8209  400.26776   35 1700  412.00000  377.07545  8.48%  1208  290s
 12849  8424  404.17066   37 1687  412.00000  377.07545  8.48%  1213  306s
 12985  8712  404.87086   38 1686  412.00000  377.07545  8.48%  1213  310s
 14460  9316  408.46772   41 1676  412.00000  377.07545  8.48%  1197  317s
 15599  9435  379.45405   20 1764  412.00000  377.23924  8.44%  1183  323s
 16126  9631  382.63131   23 1751  412.00000  377.23924  8.44%  1182  325s
 17085 10248  389.36480   29 1723  412.00000  377.23924  8.44%  1188  330s
 18367 10816  396.75549   38 1714  412.00000  377.23924  8.44%  1180  335s
 19809 11060  409.51887   50 1680  412.00000  377.23924  8.44%  1170  342s
 20546 11263     cutoff   51       412.00000  378.20817  8.20%  1165  345s
 21960 11788  381.88438   22 1751  412.00000  378.46136  8.14%  1165  351s
 22517 12275  384.46205   23 1744  412.00000  378.46136  8.14%  1166  355s
 24205 13012  389.87481   28 1727  412.00000  378.46136  8.14%  1162  363s
 25039 13736  392.98020   30 1719  412.00000  378.46136  8.14%  1162  366s
 26942 15284  398.55758   36 1685  412.00000  378.46136  8.14%  1157  373s
 28140 15811  403.14307   40 1660  412.00000  378.46136  8.14%  1149  378s
 29181 16536  407.83052   45 1644  412.00000  378.67384  8.09%  1146  382s
 30116 17385  381.93849   21 1752  412.00000  379.30622  7.94%  1149  387s
 31221 18239  383.11163   22 1746  412.00000  379.30622  7.94%  1147  391s
 32398 18899  389.98502   27 1696  412.00000  379.30622  7.94%  1145  396s
 33441 19856  394.79312   31 1682  412.00000  379.30622  7.94%  1147  401s
 34440 20972  398.31946   34 1661  412.00000  379.30622  7.94%  1152  406s
 35668 21908  408.88382   46 1569  412.00000  380.22842  7.71%  1152  412s
 37077 23098  387.74365   26 1726  412.00000  380.22842  7.71%  1148  417s
 38524 24194  397.78165   35 1698  412.00000  380.22842  7.71%  1146  422s
 40132 25145     cutoff   51       412.00000  380.37316  7.68%  1140  428s
 41688 26330  389.28580   27 1726  412.00000  380.85001  7.56%  1135  434s
 43237 27495  400.41818   39 1680  412.00000  381.32084  7.45%  1132  440s
 44963 28582  382.81223   22 1751  412.00000  381.32084  7.45%  1127  446s
 46622 29564  391.71472   29 1716  412.00000  381.32084  7.45%  1124  453s
 47920 30737  400.82487   39 1692  412.00000  381.85964  7.32%  1123  460s
 49822 31947  383.61430   22 1730  412.00000  382.45206  7.17%  1120  467s
 51642 33119  398.38397   36 1682  412.00000  382.74806  7.10%  1119  474s
 53472 34700  387.21179   26 1731  412.00000  382.74806  7.10%  1119  481s
 55195 35931  405.73101   44 1668  412.00000  382.90651  7.06%  1123  490s
 56960 37741  390.14748   27 1712  412.00000  382.90651  7.06%  1119  497s
 59329 39610     cutoff   49       412.00000  383.18269  6.99%  1115  507s
 62247 41062  402.84004   37 1656  412.00000  383.44153  6.93%  1110  514s
 64411 42552  390.00600   25 1726  412.00000  383.55143  6.90%  1107  522s
 66713 44108  407.89106   43 1672  412.00000  383.56914  6.90%  1105  531s
 69184 45651  398.19123   30 1694  412.00000  383.79127  6.85%  1102  539s
 71747 47503  390.07638   26 1714  412.00000  383.87170  6.83%  1101  548s
 74509 49364  387.03134   23 1731  412.00000  383.87170  6.83%  1098  557s
 77383 51277  406.31901   42 1673  412.00000  384.06561  6.78%  1094  567s
 80332 53234  396.71349   33 1705  412.00000  384.19977  6.75%  1091  577s
 83380 55437  387.92051   26 1723  412.00000  384.44638  6.69%  1088  588s
 86642 57700  387.42145   25 1712  412.00000  384.48018  6.68%  1084  598s
 90035 59828     cutoff   50       412.00000  384.64194  6.64%  1080  610s
 93398 62122  404.39826   41 1673  412.00000  384.78864  6.60%  1078  621s
 96987 64212  403.72213   40 1686  412.00000  384.88432  6.58%  1075  634s
 99829 66730  396.24166   34 1700  412.00000  384.89606  6.58%  1072  647s
 103572 69974  392.05496   27 1715  412.00000  385.05732  6.54%  1072  660s
 107035 73149  400.39100   33 1685  412.00000  385.06109  6.54%  1078  674s
 111619 75860  398.12186   31 1696  412.00000  385.08656  6.53%  1076  690s
 116251 77415     cutoff   43       412.00000  385.22313  6.50%  1074  737s
 119025 77416  396.71252   36 1788  412.00000  385.22837  6.50%  1072 1099s
 119027 77417  406.70644   41 1788  412.00000  385.22837  6.50%  1072 1100s
 119032 77421  405.13086   37 1788  412.00000  385.22837  6.50%  1072 1105s
 119035 77423  406.84046   47 1788  412.00000  385.22837  6.50%  1072 1110s
 119038 77425  401.51092   38 1788  412.00000  385.22837  6.50%  1072 1115s
 119041 77427  388.88039   27 1788  412.00000  385.22837  6.50%  1072 1121s
 119042 77427  397.84673   36 1788  412.00000  385.22837  6.50%  1072 1126s
 119043 77428  399.76445   36 1788  412.00000  385.22837  6.50%  1072 1131s
 119046 77430  396.45652   33 1788  412.00000  385.22837  6.50%  1071 1138s
 119047 77431  387.85119   25 1788  412.00000  385.22837  6.50%  1071 1141s
 119048 77431  388.40833   27 1788  412.00000  385.22837  6.50%  1071 1146s
 119049 77432  393.87797   33 1788  412.00000  385.22837  6.50%  1071 1151s
 119051 77433  404.86968   39 1788  412.00000  385.22837  6.50%  1071 1157s
 119052 77434  400.03892   33 1788  412.00000  385.22837  6.50%  1071 1163s
 119053 77435  395.54061   34 1788  412.00000  385.22837  6.50%  1071 1169s
 119054 77435  397.09482   35 1788  412.00000  385.22837  6.50%  1071 1176s
 119055 77436  407.51306   46 1788  412.00000  385.22837  6.50%  1071 1183s
 119056 77437  388.45436   27 1788  412.00000  385.22837  6.50%  1071 1190s
 119057 77437  405.73779   41 1788  412.00000  385.22837  6.50%  1071 1198s
 119058 77438  403.50262   39 1788  412.00000  385.22837  6.50%  1071 1207s
 119059 77439  400.13636   34 1788  412.00000  385.22837  6.50%  1071 1215s
 119060 77439  386.85284   24 1788  412.00000  385.22837  6.50%  1071 1223s
 119061 77440  389.92196   30 1788  412.00000  385.22837  6.50%  1071 1231s
 119062 77441  405.48334   42 1788  412.00000  385.22837  6.50%  1071 1235s
 119063 77441  402.38609   44 1788  412.00000  385.22837  6.50%  1071 1240s
 119065 77443  402.11147   41 1788  412.00000  385.22837  6.50%  1071 1250s
 119066 77443  407.74027   41 1788  412.00000  385.22837  6.50%  1071 1255s
 119068 77445  398.22042   38 1788  412.00000  385.22837  6.50%  1071 1264s
 119069 77445  397.41003   33 1788  412.00000  385.22837  6.50%  1071 1268s
 119070 77446  400.01732   37 1788  412.00000  385.22837  6.50%  1071 1275s
 119071 77447  386.66828   25 1788  412.00000  385.22837  6.50%  1071 1281s
 119072 77447  398.40281   33 1788  412.00000  385.22837  6.50%  1071 1288s
 119073 77448  408.66077   43 1788  412.00000  385.22837  6.50%  1071 1294s
 119074 77449  392.24746   31 1788  412.00000  385.22837  6.50%  1071 1300s
 119075 77449  397.51507   35 1788  412.00000  385.22837  6.50%  1071 1307s
 119076 77450  397.47462   34 1788  412.00000  385.22837  6.50%  1071 1315s
 119077 77451  401.53668   42 1788  412.00000  385.22837  6.50%  1071 1323s
 119078 77451  405.81691   41 1788  412.00000  385.22837  6.50%  1071 1331s
 119079 77452  403.46518   42 1788  412.00000  385.22837  6.50%  1071 1340s
 119080 77453  404.44466   42 1788  412.00000  385.22837  6.50%  1071 1350s
 119081 77453  395.67714   32 1788  412.00000  385.22837  6.50%  1071 1360s
 119082 77454  399.76734   35 1788  412.00000  385.22837  6.50%  1071 1367s
 119083 77455  409.40499   42 1788  412.00000  385.22837  6.50%  1071 1375s
 119084 77455  385.55240   22 1788  412.00000  385.22837  6.50%  1071 1383s
 119085 77456  398.27959   37 1788  412.00000  385.22837  6.50%  1071 1392s
 119086 77457  406.49911   42 1788  412.00000  385.22837  6.50%  1071 1400s
 119087 77457  397.79859   34 1788  412.00000  385.22837  6.50%  1071 1409s
 119088 77458  400.27037   33 1788  412.00000  385.22837  6.50%  1071 1418s
 119089 77459  388.35973   25 1788  412.00000  385.22837  6.50%  1071 1428s
 119090 77459  395.38493   31 1788  412.00000  385.22837  6.50%  1071 1437s
 119091 77460  393.00374   33 1788  412.00000  385.22837  6.50%  1071 1447s
 119092 77461  398.27240   35 1788  412.00000  385.22837  6.50%  1071 1455s
 119093 77461  390.09337   28 1788  412.00000  385.22837  6.50%  1071 1465s
 119094 77462  395.89606   34 1788  412.00000  385.22837  6.50%  1071 1475s
 119095 77463  385.55507   25 1788  412.00000  385.22837  6.50%  1071 1485s
 119096 77463  399.58827   39 1788  412.00000  385.22837  6.50%  1071 1495s
 119097 77464  400.80270   32 1788  412.00000  385.22837  6.50%  1071 1505s
 119098 77465  389.32704   27 1788  412.00000  385.22837  6.50%  1071 1516s
 119099 77465  399.62212   36 1788  412.00000  385.22837  6.50%  1071 1529s
 119100 77466  389.00975   26 1788  412.00000  385.22837  6.50%  1071 1540s
 119101 77467  398.04449   31 1788  412.00000  385.22837  6.50%  1071 1553s
 119102 77467  401.85598   38 1788  412.00000  385.22837  6.50%  1071 1566s
 119103 77468  409.49783   48 1788  412.00000  385.22837  6.50%  1071 1579s
 119104 77469  393.63644   30 1788  412.00000  385.22837  6.50%  1071 1590s
 119105 77469  390.60264   28 1788  412.00000  385.22837  6.50%  1071 1604s
 119106 77470  407.18445   44 1788  412.00000  385.22837  6.50%  1071 1616s
 119107 77471  387.45450   25 1788  412.00000  385.22837  6.50%  1071 1631s
 119108 77471  391.64955   30 1788  412.00000  385.22837  6.50%  1071 1643s
 119109 77472  407.49989   44 1788  412.00000  385.22837  6.50%  1071 1656s
 119110 77473  405.90630   46 1788  412.00000  385.22837  6.50%  1071 1669s
 119111 77473  400.56992   38 1788  412.00000  385.22837  6.50%  1071 1683s
 119112 77474  398.45935   34 1788  412.00000  385.22837  6.50%  1071 1696s
 119113 77475  390.91402   27 1788  412.00000  385.22837  6.50%  1071 1710s
 119114 77475  393.41101   29 1788  412.00000  385.22837  6.50%  1071 1723s
 119115 77476  408.18852   46 1788  412.00000  385.22837  6.50%  1071 1737s
 119116 77477  389.93460   29 1788  412.00000  385.22837  6.50%  1071 1750s
 119117 77477  386.79802   27 1788  412.00000  385.22837  6.50%  1071 1764s
 119118 77478  395.45570   32 1788  412.00000  385.22837  6.50%  1071 1779s
 119119 77479  391.19116   30 1788  412.00000  385.22837  6.50%  1071 1793s
 119120 77479  394.15353   31 1788  412.00000  385.22837  6.50%  1071 1800s
 119121 77480  389.39228   26 1788  412.00000  385.22837  6.50%  1071 1808s
 119122 77481  403.72965   41 1788  412.00000  385.22837  6.50%  1071 1815s
 119123 77481  399.98635   39 1788  412.00000  385.22837  6.50%  1071 1823s
 119124 77482  391.83204   31 1788  412.00000  385.22837  6.50%  1071 1831s
 119125 77483  396.71252   36 1788  412.00000  385.22837  6.50%  1071 1839s
 119126 77483  407.14226   45 1788  412.00000  385.22837  6.50%  1071 1847s
 119127 77484  406.70644   41 1788  412.00000  385.22837  6.50%  1071 1855s
 119128 77485  403.16566   37 1787  412.00000  385.22837  6.50%  1071 1864s
 119129 77485  404.44870   39 1788  412.00000  385.22837  6.50%  1071 1874s
 119130 77486  388.92482   25 1788  412.00000  385.22837  6.50%  1071 1884s
 119131 77487  408.34364   48 1788  412.00000  385.22837  6.50%  1071 1893s
 119132 77487  405.13086   37 1788  412.00000  385.22837  6.50%  1071 1902s
 119133 77488  391.72369   29 1788  412.00000  385.22837  6.50%  1071 1910s
 119134 77489  398.15835   35 1788  412.00000  385.22837  6.50%  1071 1920s
 119135 77489  406.84046   47 1788  412.00000  385.22837  6.50%  1071 1929s
 119136 77490  393.11269   30 1788  412.00000  385.22837  6.50%  1071 1939s
 119137 77491  397.69518   34 1788  412.00000  385.22837  6.50%  1071 1949s
 119138 77491  401.51092   38 1788  412.00000  385.22837  6.50%  1071 1960s
 119139 77492  396.25419   30 1788  412.00000  385.22837  6.50%  1071 1972s
 119140 77493  388.86151   26 1788  412.00000  385.22837  6.50%  1071 1983s
 119141 77493  388.88039   27 1788  412.00000  385.22837  6.50%  1071 1995s
 119142 77494  397.84673   36 1788  412.00000  385.22837  6.50%  1071 2008s
 119143 77495  399.76445   36 1788  412.00000  385.22837  6.50%  1071 2020s
 119144 77495  396.72926   34 1788  412.00000  385.22837  6.50%  1071 2031s
 119145 77496  407.58124   48 1788  412.00000  385.22837  6.50%  1071 2042s
 119146 77497  396.45652   33 1788  412.00000  385.22837  6.50%  1071 2054s
 119147 77497  387.85119   25 1788  412.00000  385.22837  6.50%  1071 2064s
 119148 77498  388.40833   27 1788  412.00000  385.22837  6.50%  1071 2076s
 119149 77499  393.87797   33 1788  412.00000  385.22837  6.50%  1071 2090s
 119150 77499  387.07522   25 1788  412.00000  385.22837  6.50%  1071 2101s
 119151 77500  404.86968   39 1788  412.00000  385.22837  6.50%  1071 2113s
 119152 77501  400.03892   33 1788  412.00000  385.22837  6.50%  1071 2126s
 119153 77501  395.54061   34 1788  412.00000  385.22837  6.50%  1071 2140s
 119154 77502  397.09482   35 1788  412.00000  385.22837  6.50%  1071 2153s
 119155 77503  407.51306   46 1788  412.00000  385.22837  6.50%  1071 2168s
 119156 77503  388.45436   27 1788  412.00000  385.22837  6.50%  1071 2180s
 119157 77504  405.73779   41 1788  412.00000  385.22837  6.50%  1071 2191s
 119158 77505  403.50262   39 1788  412.00000  385.22837  6.50%  1070 2204s
 119159 77505  400.13636   34 1788  412.00000  385.22837  6.50%  1070 2218s
 119160 77506  386.85284   24 1788  412.00000  385.22837  6.50%  1070 2230s
 119161 77507  389.92196   30 1788  412.00000  385.22837  6.50%  1070 2244s
 119162 77507  405.48334   42 1788  412.00000  385.22837  6.50%  1070 2257s
 119163 77508  402.38609   44 1788  412.00000  385.22837  6.50%  1070 2271s
 119164 77509  398.58503   38 1788  412.00000  385.22837  6.50%  1070 2284s
 119165 77509  402.11147   41 1788  412.00000  385.22837  6.50%  1070 2297s
 119166 77510  407.74027   41 1787  412.00000  385.22837  6.50%  1070 2310s
 119167 77511  403.39291   39 1788  412.00000  385.22837  6.50%  1070 2323s
 119168 77511  398.22042   38 1788  412.00000  385.22837  6.50%  1070 2335s
 119169 77512  397.41003   33 1788  412.00000  385.22837  6.50%  1070 2348s
 119170 77513  400.01732   37 1788  412.00000  385.22837  6.50%  1070 2362s
 119171 77513  386.66828   25 1788  412.00000  385.22837  6.50%  1070 2376s
 119172 77514  398.40281   33 1788  412.00000  385.22837  6.50%  1070 2390s
 119173 77515  408.66077   43 1788  412.00000  385.22837  6.50%  1070 2405s
 119174 77515  392.24746   31 1788  412.00000  385.22837  6.50%  1070 2417s
 119175 77516  397.51507   35 1788  412.00000  385.22837  6.50%  1070 2432s
 119176 77517  397.47462   34 1788  412.00000  385.22837  6.50%  1070 2444s
 119177 77517  401.53668   42 1788  412.00000  385.22837  6.50%  1070 2456s
 119178 77518  405.81691   41 1788  412.00000  385.22837  6.50%  1070 2469s
 119179 77519  403.46518   42 1788  412.00000  385.22837  6.50%  1070 2483s
 119180 77519  404.44466   42 1788  412.00000  385.22837  6.50%  1070 2496s
 119181 77520  395.67714   32 1788  412.00000  385.22837  6.50%  1070 2509s
 119182 77521  399.76734   35 1788  412.00000  385.22837  6.50%  1070 2521s
 119183 77521  409.40499   42 1788  412.00000  385.22837  6.50%  1070 2534s
 119184 77522  385.55240   22 1788  412.00000  385.22837  6.50%  1070 2548s
 119185 77523  398.27959   37 1788  412.00000  385.22837  6.50%  1070 2563s
 119186 77523  406.49911   42 1788  412.00000  385.22837  6.50%  1070 2576s
 119187 77524  397.79859   34 1788  412.00000  385.22837  6.50%  1070 2591s
 119188 77525  400.27037   33 1788  412.00000  385.22837  6.50%  1070 2604s
 119189 77525  388.35973   25 1788  412.00000  385.22837  6.50%  1070 2619s
 119190 77526  395.38493   31 1788  412.00000  385.22837  6.50%  1070 2633s
 119191 77527  393.00374   33 1788  412.00000  385.22837  6.50%  1070 2647s
 119192 77527  398.27240   35 1788  412.00000  385.22837  6.50%  1070 2664s
 119193 77528  390.09337   28 1788  412.00000  385.22837  6.50%  1070 2679s
 119194 77529  395.89606   34 1788  412.00000  385.22837  6.50%  1070 2694s
 119195 77529  385.55507   25 1788  412.00000  385.22837  6.50%  1070 2708s
 119196 77530  399.58827   39 1788  412.00000  385.22837  6.50%  1070 2721s
 119197 77531  400.80270   32 1788  412.00000  385.22837  6.50%  1070 2736s
 119198 77531  389.32704   27 1788  412.00000  385.22837  6.50%  1070 2753s
 119199 77532  399.62212   36 1788  412.00000  385.22837  6.50%  1070 2770s
 119200 77533  389.00975   26 1788  412.00000  385.22837  6.50%  1070 2785s
 119201 77533  398.04449   31 1788  412.00000  385.22837  6.50%  1070 2804s
 119202 77534  401.85598   38 1788  412.00000  385.22837  6.50%  1070 2819s
 119203 77535  409.49783   48 1788  412.00000  385.22837  6.50%  1070 2835s
 119204 77535  393.63644   30 1788  412.00000  385.22837  6.50%  1070 2851s
 119205 77536  390.60264   28 1788  412.00000  385.22837  6.50%  1070 2869s
 119206 77537  407.18445   44 1788  412.00000  385.22837  6.50%  1070 2887s
 119207 77537  387.45450   25 1788  412.00000  385.22837  6.50%  1070 2906s
 119208 77538  391.64955   30 1788  412.00000  385.22837  6.50%  1070 2923s
 119209 77539  407.49989   44 1788  412.00000  385.22837  6.50%  1070 2941s
 119210 77539  405.90630   46 1788  412.00000  385.22837  6.50%  1070 2958s
 119211 77540  400.56992   38 1788  412.00000  385.22837  6.50%  1070 2975s
 119212 77541  398.45935   34 1788  412.00000  385.22837  6.50%  1070 2992s
 119213 77541  390.91402   27 1788  412.00000  385.22837  6.50%  1070 3010s
 119214 77542  393.41101   29 1788  412.00000  385.22837  6.50%  1070 3028s
 119215 77543  408.18852   46 1788  412.00000  385.22837  6.50%  1070 3045s
 119216 77543  389.93460   29 1788  412.00000  385.22837  6.50%  1070 3061s
 119217 77544  386.79802   27 1788  412.00000  385.22837  6.50%  1070 3076s
 119218 77545  395.45570   32 1788  412.00000  385.22837  6.50%  1070 3094s
 119219 77545  391.19116   30 1788  412.00000  385.22837  6.50%  1070 3112s
 119220 77546  394.15353   31 1788  412.00000  385.22837  6.50%  1070 3131s
 119221 77547  389.39228   26 1788  412.00000  385.22837  6.50%  1070 3150s
 119222 77547  403.72965   41 1788  412.00000  385.22837  6.50%  1070 3170s
 119223 77548  399.98635   39 1788  412.00000  385.22837  6.50%  1070 3188s
 119224 77549  391.83204   31 1788  412.00000  385.22837  6.50%  1070 3206s
 119225 77549  396.71252   36 1788  412.00000  385.22837  6.50%  1070 3224s
 119226 77550  407.14226   45 1788  412.00000  385.22837  6.50%  1070 3240s
 119227 77551  406.70644   41 1788  412.00000  385.22837  6.50%  1070 3256s
 119228 77551  403.16566   37 1788  412.00000  385.22837  6.50%  1070 3274s
 119229 77552  404.44870   39 1788  412.00000  385.22837  6.50%  1070 3292s
 119230 77553  388.92482   25 1788  412.00000  385.22837  6.50%  1070 3310s
 119231 77553  408.34364   48 1788  412.00000  385.22837  6.50%  1070 3328s
 119232 77554  405.13086   37 1787  412.00000  385.22837  6.50%  1070 3346s
 119233 77555  391.72369   29 1788  412.00000  385.22837  6.50%  1070 3364s
 119234 77555  398.15835   35 1788  412.00000  385.22837  6.50%  1070 3365s
 119235 77556  406.84046   47 1788  412.00000  385.22837  6.50%  1070 3376s
 119236 77560  385.22837   23 1787  412.00000  385.22837  6.50%  1071 3380s
 119238 77563  385.22837   24 1786  412.00000  385.22837  6.50%  1071 3402s
 119242 77570  385.22837   25 1780  412.00000  385.22837  6.50%  1071 3410s
 119266 77610  385.37508   27 1778  412.00000  385.22837  6.50%  1072 3526s
 119298 77663  385.93535   28 1777  412.00000  385.25703  6.49%  1073 3531s
 119362 77770  386.47161   29 1776  412.00000  385.77173  6.37%  1074 3546s
 119618 77940  388.59559   30 1769  412.00000  386.70279  6.14%  1082 3553s
 119746 78026  388.20500   31 1769  412.00000  387.04984  6.06%  1086 3556s
 120002 78196  388.98048   32 1768  412.00000  387.17030  6.03%  1092 3562s
 120130 78283  390.36209   32 1762  412.00000  387.17030  6.03%  1094 3566s
 120388 78458  390.95752   33 1761  412.00000  387.17030  6.03%  1099 3572s
 120520 78559  390.87552   34 1761  412.00000  387.17030  6.03%  1102 3575s
 120818 78771  391.77054   35 1760  412.00000  387.17030  6.03%  1107 3581s
 121173 79040  394.09679   36 1753  412.00000  387.17030  6.03%  1112 3587s
 121378 79169  394.82694   36 1748  412.00000  387.17030  6.03%  1115 3591s
 121863 79387  396.86372   37 1741  412.00000  387.17030  6.03%  1119 3598s
 122161 79409  397.36430   38 1740  412.00000  387.17030  6.03%  1121 3602s
 122458 79441  398.83645   38 1734  412.00000  387.17030  6.03%  1124 3607s
 122761 79440  399.45378   39 1733  412.00000  387.17030  6.03%  1126 3611s
 123066 79476  400.70413   39 1727  412.00000  387.17030  6.03%  1129 3616s
 123350 79579  401.40220   40 1726  412.00000  387.17030  6.03%  1133 3621s
 123629 79682  402.84524   40 1720  412.00000  387.17030  6.03%  1136 3625s
 123907 79814  403.41127   41 1719  412.00000  387.17030  6.03%  1140 3631s
 124220 79951  404.27805   42 1718  412.00000  387.17030  6.03%  1144 3635s
 124564 80102  404.99859   42 1712  412.00000  387.17030  6.03%  1148 3640s
 124918 80269  405.81280   43 1711  412.00000  387.17030  6.03%  1152 3645s
 125312 80376  406.44436   44 1710  412.00000  387.17030  6.03%  1155 3650s
 125748 80387  407.90225   45 1704  412.00000  387.17030  6.03%  1159 3656s
 126208 80495  408.68732   46 1698  412.00000  387.17030  6.03%  1163 3662s
 126570 80740  409.18060   47 1697  412.00000  387.17030  6.03%  1168 3667s
 126974 80910  410.63960   48 1682  412.00000  387.17030  6.03%  1172 3673s
 127450 81098     cutoff   49       412.00000  387.17479  6.03%  1177 3679s
 127937 81384  390.41724   31 1756  412.00000  387.17479  6.03%  1182 3685s
 128470 81633  392.21261   32 1747  412.00000  387.17479  6.03%  1186 3692s
 129109 81755  392.29473   34 1752  412.00000  387.17479  6.03%  1190 3699s
 129809 81824  393.32377   35 1747  412.00000  387.17479  6.03%  1195 3706s
 130377 82021  394.93422   37 1745  412.00000  387.17479  6.03%  1200 3712s
 130902 82271  396.85101   38 1729  412.00000  387.17479  6.03%  1206 3720s
 131460 82613  397.25655   40 1727  412.00000  387.17479  6.03%  1213 3726s
 132066 82975  399.57846   43 1720  412.00000  387.17479  6.03%  1219 3733s
 132776 83376  400.95910   43 1712  412.00000  387.17479  6.03%  1224 3741s
 133586 83574  403.46326   49 1706  412.00000  387.17479  6.03%  1230 3750s
 134474 83791  406.18382   54 1697  412.00000  387.17479  6.03%  1236 3758s
 135217 84172  410.64232   58 1659  412.00000  387.97751  5.83%  1242 3766s
 135972 84633  389.08756   31 1761  412.00000  387.97751  5.83%  1249 3774s
 136868 84989  394.66403   35 1735  412.00000  387.97751  5.83%  1255 3784s
 137919 85083  399.08870   40 1685  412.00000  387.97751  5.83%  1261 3793s
 138880 85394  408.64788   49 1608  412.00000  388.15278  5.79%  1267 3803s
 139718 85732  391.22078   31 1750  412.00000  388.80033  5.63%  1275 3813s
 140752 85747  393.07401   33 1743  412.00000  388.80033  5.63%  1282 3823s
 141727 86119  394.01073   33 1743  412.00000  388.80033  5.63%  1289 3834s
 142566 86324  398.40902   40 1714  412.00000  388.80033  5.63%  1299 3845s
 143664 86480  404.64120   47 1676  412.00000  389.08856  5.56%  1305 3856s
 144839 86928  391.58685   32 1751  412.00000  389.08856  5.56%  1313 3868s
 145872 87687  395.79368   38 1729  412.00000  389.08856  5.56%  1321 3879s
 147159 88019  402.95546   46 1715  412.00000  389.08856  5.56%  1330 3891s
 148554 88151  399.87595   37 1718  412.00000  389.08856  5.56%  1337 3904s
 149427 88981  405.25248   42 1699  412.00000  390.50586  5.22%  1344 3917s
 150873 89207  391.76713   33 1748  412.00000  390.50740  5.22%  1354 3931s
 152243 89816  398.51066   41 1723  412.00000  390.50740  5.22%  1363 3945s
 153651 90526  409.47036   54 1689  412.00000  391.41868  5.00%  1373 3960s
 155046 91434  395.99903   38 1733  412.00000  391.41868  5.00%  1384 3975s
 156782 91959  406.43832   48 1700  412.00000  391.76713  4.91%  1393 3991s
 158482 92788  394.63383   34 1742  412.00000  391.88572  4.88%  1403 4007s
 160288 93223  404.67035   45 1702  412.00000  392.09529  4.83%  1413 4024s
 162226 93587  395.86081   34 1736  412.00000  392.33345  4.77%  1422 4040s
 164528 93628  407.00261   45 1700  412.00000  392.50779  4.73%  1429 4057s
 166496 93928  397.02381   36 1733  412.00000  392.62429  4.70%  1437 4074s
 167899 94580  403.65017   44 1701  412.00000  392.74866  4.67%  1444 4092s
 169843 95649  395.52200   34 1735  412.00000  392.89786  4.64%  1454 4111s
 171645 96748  401.64497   41 1708  412.00000  392.89786  4.64%  1468 4132s
 174243 97425  410.20015   51 1663  412.00000  393.16183  4.57%  1478 4152s
 176690 97610  403.41105   47 1706  412.00000  393.16223  4.57%  1488 4174s
 178286 98885  399.34965   35 1724  412.00000  393.17529  4.57%  1495 4199s
 181402 99085  396.04625   37 1746  412.00000  393.45779  4.50%  1507 4220s
 183984 98819  410.94812   50 1687  412.00000  393.53184  4.48%  1517 4244s
 184793 100370  398.92738   38 1724  412.00000  393.54155  4.48%  1521 4268s
 188011 101281  395.96479   35 1734  412.00000  393.79213  4.42%  1532 4292s
 191225 101268  398.65237   38 1729  412.00000  393.79213  4.42%  1543 4317s
 195880 101341  410.62837   53 1690  412.00000  393.82148  4.41%  1546 4340s
 199126 102154  400.96663   41 1715  412.00000  393.94105  4.38%  1554 4364s
 202296 102950  401.90261   42 1721  412.00000  394.06589  4.35%  1564 4389s
 205533 104025  397.84242   37 1729  412.00000  394.21706  4.32%  1574 4415s
 209079 105117  398.45462   36 1726  412.00000  394.31164  4.29%  1583 4441s
 212663 106342  398.64376   38 1731  412.00000  394.32105  4.29%  1593 4469s
 216578 107423  401.66123   44 1714  412.00000  394.46032  4.26%  1603 4497s
 220219 108958  399.03015   38 1721  412.00000  394.46373  4.26%  1615 4528s
 224717 109700  407.43435   49 1690  412.00000  394.48102  4.25%  1625 4560s
 229067 110805  395.95223   35 1739  412.00000  394.66274  4.21%  1634 4593s
 233471 111570  399.36025   39 1732  412.00000  394.75466  4.19%  1644 4627s
 238120 110128     cutoff   47       412.00000  394.82978  4.17%  1654 5530s
 238269 121897  410.77917   47 1666  412.00000  394.82991  4.17%  1655 5702s
 262077 116955  409.26898   45 1689  412.00000  395.18696  4.08%  1689 5745s
 268328 118934  406.78720   46 1687  412.00000  395.27222  4.06%  1698 5790s
 274407 119509  397.54124   39 1739  412.00000  395.34606  4.04%  1709 5835s
 281399 121022  402.37481   40 1713  412.00000  395.40497  4.03%  1717 5881s
 287829 122116  399.74331   37 1718  412.00000  395.47055  4.01%  1727 5930s
 293598 124235  397.51240   37 1735  412.00000  395.53311  4.00%  1735 5982s
 301080 128274  401.60138   39 1711  412.00000  395.63072  3.97%  1744 6073s
 313648 129305  404.61832   45 1715  412.00000  395.77917  3.94%  1759 6130s
 322281 130505  410.69215   47 1668  412.00000  395.82342  3.93%  1769 6187s
 330874 131945  405.91996   42 1698  412.00000  395.84111  3.92%  1777 6246s
 339286 133740  400.14949   36 1721  412.00000  395.96635  3.89%  1786 6307s
 347487 136051  409.27139   46 1681  412.00000  396.01384  3.88%  1798 6373s
 356354 139387  398.91666   39 1733  412.00000  396.10358  3.86%  1810 6442s
 365910 149063  406.35815   43 1663  412.00000  396.17725  3.84%  1821 6550s
 381878 154769  399.93090   38 1715  412.00000  396.27995  3.82%  1835 6623s
 392260 160587  405.75217   47 1686  412.00000  396.36984  3.79%  1844 6699s
 403539 166065  408.90371   49 1689  412.00000  396.43956  3.78%  1851 6779s
 414119 171899  402.66667   42 1692  412.00000  396.50506  3.76%  1857 6863s
 426621 180698  402.67697   44 1704  412.00000  396.62412  3.73%  1864 6989s
 445743 188098  405.64457   48 1709  412.00000  396.70484  3.71%  1870 7074s
 458158 194521  400.01289   36 1714  412.00000  396.78116  3.69%  1878 7162s
 470473 197570  409.65287   47 1692  412.00000  396.84941  3.68%  1886 7257s
 481276 203465  410.48369   48 1680  412.00000  396.88173  3.67%  1886 7356s
 497326 212529  406.84438   46 1702  412.00000  396.96529  3.65%  1887 7477s
 515628 219202  399.64496   41 1725  412.00000  397.05567  3.63%  1894 7565s
 528645 225277  409.59625   49 1688  412.00000  397.13704  3.61%  1898 7654s
 540659 232959  400.55828   39 1722  412.00000  397.20237  3.59%  1902 7744s
 554035 239055  402.60993   42 1708  412.00000  397.24856  3.58%  1907 7832s
 568295 249062  399.34657   40 1733  412.00000  397.29761  3.57%  1908 7949s
 585106 255267  407.52153   45 1698  412.00000  397.37023  3.55%  1916 8038s
 596384 262826  399.59982   38 1729  412.00000  397.41951  3.54%  1920 8136s
 610518 269415  405.93189   43 1706  412.00000  397.47827  3.52%  1926 8230s
 622571 276771  405.62233   48 1715  412.00000  397.52317  3.51%  1928 8326s
 637455 284673  400.37269   40 1725  412.00000  397.58606  3.50%  1930 8442s
 653911 292437  404.40169   44 1701  412.00000  397.65541  3.48%  1933 8532s
 667820 297634  403.69288   42 1705  412.00000  397.70564  3.47%  1936 8619s
 682241 303160  400.51084   35 1712  412.00000  397.74834  3.46%  1935 8711s
 695591 310698     cutoff   55       412.00000  397.80544  3.45%  1936 8823s
 713231 317643  401.31628   40 1704  412.00000  397.85608  3.43%  1937 8907s
 726242 324144  410.97433   52 1672  412.00000  397.89628  3.42%  1939 8991s
 738537 331105     cutoff   48       412.00000  397.93890  3.41%  1942 9078s
 751262 338614  407.32981   48 1687  412.00000  397.97562  3.40%  1946 9166s
 764666 345866     cutoff   50       412.00000  398.01033  3.40%  1949 9277s
 779552 351618  400.77383   40 1719  412.00000  398.05764  3.38%  1951 9373s

Gurobi 10.0.3 (linux64) logging started Wed Sep  4 15:11:34 2024

Set parameter LogFile to value "local/logs/w3-k6-s2.log"

Gurobi 10.0.3 (linux64) logging started Wed Sep  4 15:11:34 2024

Set parameter LogFile to value "local/logs/w3-k6-s2.log"
Warning: variable name "x_(00000000, 0)" has a space
Warning: default variable names used to write mps file
Gurobi Optimizer version 10.0.3 build v10.0.3rc0 (linux64)

CPU model: AMD EPYC 7742 64-Core Processor, instruction set [SSE2|AVX|AVX2]
Thread count: 64 physical cores, 128 logical processors, using up to 128 threads

Academic license 2533279 - for non-commercial use only - registered to bl___@rice.edu
Optimize a model with 3328 rows, 1792 columns and 6912 nonzeros
Model fingerprint: 0x31fb3429
Variable types: 0 continuous, 1792 integer (1792 binary)
Coefficient statistics:
  Matrix range     [1e+00, 1e+00]
  Objective range  [1e+00, 1e+00]
  Bounds range     [1e+00, 1e+00]
  RHS range        [1e+00, 1e+00]

Concurrent MIP optimizer: 64 concurrent instances (2 threads per instance)


User MIP start produced solution with objective 412 (0.05s)
Loaded user MIP start with objective 412

Presolve removed 14 rows and 4 columns
Presolve time: 0.01s
Presolved: 3314 rows, 1788 columns, 6888 nonzeros
Variable types: 0 continuous, 1788 integer (1788 binary)
Root relaxation presolved: 3314 rows, 1788 columns, 6888 nonzeros

Concurrent LP optimizer: dual simplex and barrier
Showing barrier log only...

Root barrier log...

Ordering time: 0.00s

Barrier statistics:
 AA' NZ     : 5.351e+03
 Factor NZ  : 3.017e+04 (roughly 1 MB of memory)
 Factor Ops : 6.260e+05 (less than 1 second per iteration)
 Threads    : 1

                  Objective                Residual
Iter       Primal          Dual         Primal    Dual     Compl     Time
   0   1.16886472e+03 -3.83731875e+02  2.22e+00 9.13e-03  1.45e+00     0s
   1   6.42287304e+02 -5.63858911e+01  1.44e-15 1.33e-15  2.11e-01     0s
   2   3.90524406e+02  3.19112890e+02  4.44e-16 8.88e-16  2.15e-02     0s
   3   3.44857705e+02  3.44226278e+02  5.77e-15 8.88e-16  1.90e-04     0s
   4   3.44666858e+02  3.44666226e+02  7.55e-15 9.63e-16  1.90e-07     0s
   5   3.44666667e+02  3.44666666e+02  5.88e-15 6.91e-16  1.90e-10     0s

Barrier solved model in 5 iterations and 0.08 seconds (0.02 work units)
Optimal objective 3.44666667e+02


Solved with dual simplex

Use crossover to convert LP symmetric solution to basic solution...

Root relaxation: objective 3.446667e+02, 1404 iterations, 0.04 seconds (0.02 work units)

    Nodes    |    Current Node    |     Objective Bounds      |     Work
 Expl Unexpl |  Obj  Depth IntInf | Incumbent    BestBd   Gap | It/Node Time

     0     0      -    -    -      412.00000  344.66667  16.3%     -    0s
     0     0      -    -    -      412.00000  348.71297  15.4%     -    0s
     0     0      -    -    -      412.00000  349.29822  15.2%     -    0s
     0     0      -    -    -      412.00000  349.48202  15.2%     -    0s
     0     0      -    -    -      412.00000  351.32652  14.7%     -    0s
     0     0      -    -    -      412.00000  351.33000  14.7%     -    0s
     0     0      -    -    -      412.00000  352.00166  14.6%     -    1s
     0     0      -    -    -      412.00000  352.28399  14.5%     -    1s
     0     0      -    -    -      412.00000  352.28570  14.5%     -    1s
     0     0      -    -    -      412.00000  352.29485  14.5%     -    1s
     0     0      -    -    -      412.00000  352.29485  14.5%     -    1s
     0     0      -    -    -      412.00000  352.93764  14.3%     -    1s
     0     0      -    -    -      412.00000  352.99756  14.3%     -    1s
     0     0      -    -    -      412.00000  353.00625  14.3%     -    1s
     0     0      -    -    -      412.00000  353.46280  14.2%     -    1s
     0     2      -    -    -      412.00000  357.97619  13.1%     -  162s
     9    12      -    -    -      412.00000  357.97619  13.1%     -  165s
    35    40      -    -    -      412.00000  357.97619  13.1%     -  171s
    81    85      -    -    -      412.00000  357.97619  13.1%     -  175s
   100    95      -    -    -      412.00000  360.06755  12.6%     -  430s
   163   171      -    -    -      412.00000  360.06755  12.6%     -  435s
   254   220      -    -    -      412.00000  360.06755  12.6%     -  441s
   302   253      -    -    -      412.00000  360.06755  12.6%     -  446s
   340   267      -    -    -      412.00000  360.06755  12.6%     -  450s
   365   292      -    -    -      412.00000  360.06755  12.6%     -  463s
   380   305      -    -    -      412.00000  360.16667  12.6%     -  473s
   386   312      -    -    -      412.00000  360.16667  12.6%     -  482s
   393   314      -    -    -      412.00000  360.40476  12.5%     -  612s
   437   359      -    -    -      412.00000  360.40476  12.5%     -  616s
   544   412      -    -    -      412.00000  360.40476  12.5%     -  620s
   599   416      -    -    -      412.00000  360.40476  12.5%     -  828s
   603   441      -    -    -      412.00000  360.40476  12.5%     -  830s
   628   450      -    -    -      412.00000  360.40476  12.5%     -  846s
   637   455      -    -    -      412.00000  361.29150  12.3%     -  874s
   642   491      -    -    -      412.00000  361.29150  12.3%     -  876s
   725   509      -    -    -      412.00000  361.29150  12.3%     -  940s
   745   522      -    -    -      412.00000  361.75795  12.2%     - 1153s
   752   530      -    -    -      412.00000  361.75795  12.2%     - 1155s
   800   562      -    -    -      412.00000  364.03082  11.6%     - 1357s
   818   576      -    -    -      412.00000  364.03082  11.6%     - 1360s
   870   601      -    -    -      412.00000  364.03082  11.6%     - 1365s
   899   610      -    -    -      412.00000  364.05567  11.6%     - 1666s
   915   623      -    -    -      412.00000  364.05567  11.6%     - 1671s
   933   635      -    -    -      412.00000  364.05567  11.6%     - 1675s
   957   652      -    -    -      412.00000  364.05567  11.6%     - 1681s
   969   652      -    -    -      412.00000  364.05567  11.6%     - 1689s
   976   654      -    -    -      412.00000  364.05567  11.6%     - 1698s
   981   657      -    -    -      412.00000  364.05567  11.6%     - 1706s
   985   659      -    -    -      412.00000  364.05567  11.6%     - 1736s
   989   661      -    -    -      412.00000  364.05567  11.6%     - 1753s
   992   662      -    -    -      412.00000  364.05567  11.6%     - 1763s
   994   663      -    -    -      412.00000  364.05567  11.6%     - 1793s
   996   665      -    -    -      412.00000  364.05567  11.6%     - 1811s
   998   670      -    -    -      412.00000  364.90729  11.4%     - 2033s
  1004   697      -    -    -      412.00000  364.90729  11.4%     - 2036s
  1049   688      -    -    -      412.00000  364.90729  11.4%     - 2102s
  1099   705      -    -    -      412.00000  364.99133  11.4%     - 2422s
  1103   740      -    -    -      412.00000  364.99133  11.4%     - 2425s
  1175   718      -    -    -      412.00000  364.99133  11.4%     - 2431s
  1181   734      -    -    -      412.00000  365.01130  11.4%     - 2680s
  1321   726      -    -    -      412.00000  365.01130  11.4%     - 2695s
  1326   732      -    -    -      412.00000  365.01130  11.4%     - 2720s
  1415   810      -    -    -      412.00000  365.01130  11.4%     - 2729s
  1493   800      -    -    -      412.00000  365.29690  11.3%     - 3044s
  1509   864      -    -    -      412.00000  365.29690  11.3%     - 3048s
  1578   853      -    -    -      412.00000  365.29690  11.3%     - 3058s
  1590   855      -    -    -      412.00000  365.29690  11.3%     - 3097s
  1596   863      -    -    -      412.00000  365.39183  11.3%     - 3337s
  1606   928      -    -    -      412.00000  365.39183  11.3%     - 3342s
  1703   916      -    -    -      412.00000  365.39183  11.3%     - 3349s
  1735   923      -    -    -      412.00000  365.69221  11.2%     - 3359s
  1763   938      -    -    -      412.00000  365.69221  11.2%     - 3367s
  1787   954      -    -    -      412.00000  365.69221  11.2%     - 3547s
  1815  1023      -    -    -      412.00000  365.69221  11.2%     - 3555s
  1911  1000      -    -    -      412.00000  365.74054  11.2%     - 3571s
  1934   995      -    -    -      412.00000  365.74054  11.2%     - 3599s
  1937  1096      -    -    -      412.00000  365.84040  11.2%     - 3756s
  2065  1091      -    -    -      412.00000  366.04468  11.2%     - 4029s
  2137  1103      -    -    -      412.00000  366.04468  11.2%     - 4044s
  2173  1115      -    -    -      412.00000  366.26015  11.1%     - 4335s
  2205  1141      -    -    -      412.00000  366.26015  11.1%     - 4360s
  2241  1136      -    -    -      412.00000  366.26015  11.1%     - 4386s
  2254  1198      -    -    -      412.00000  366.26015  11.1%     - 4614s
  2348  1273      -    -    -      412.00000  366.37499  11.1%     - 4877s
  2502  1427      -    -    -      412.00000  366.53903  11.0%     - 5109s
  2700  1429      -    -    -      412.00000  366.53903  11.0%     - 5347s
  2702  1577      -    -    -      412.00000  366.72778  11.0%     - 5663s
  2900  1579      -    -    -      412.00000  366.72778  11.0%     - 5949s
  2902  1630      -    -    -      412.00000  366.72778  11.0%     - 5998s
  2965  1648      -    -    -      412.00000  366.72778  11.0%     - 6065s
  3001  1806      -    -    -      412.00000  366.89479  10.9%     - 6290s
  3201  1958      -    -    -      412.00000  366.89479  10.9%     - 6597s
  3401  2037      -    -    -      412.00000  366.99889  10.9%     - 6907s
  3502  2195      -    -    -      412.00000  366.99889  10.9%     - 7214s
  3800  2194      -    -    -      412.00000  367.03461  10.9%     - 7540s
  3805  2475      -    -    -      412.00000  367.04544  10.9%     - 7718s
  4208  2615      -    -    -      412.00000  367.33625  10.8%     - 8061s
  4394  2629      -    -    -      412.00000  367.58333  10.8%     - 8332s
  4408  2767      -    -    -      412.00000  367.58333  10.8%     - 8695s
  4594  2781      -    -    -      412.00000  367.60088  10.8%     - 8960s
  4608  2851      -    -    -      412.00000  367.61719  10.8%     - 9231s
  4702  3073      -    -    -      412.00000  367.63420  10.8%     - 9556s
  5000  3142      -    -    -      412.00000  367.92182  10.7%     - 9867s
  5165  3192      -    -    -      412.00000  368.04622  10.7%     - 10205s
  5237  3298      -    -    -      412.00000  368.04622  10.7%     - 10525s
  5365  3346      -    -    -      412.00000  368.04622  10.7%     - 10832s
  5437  3588      -    -    -      412.00000  368.24573  10.6%     - 11189s
  5765  3788      -    -    -      412.00000  368.32336  10.6%     - 11533s
  6037  3876      -    -    -      412.00000  368.32336  10.6%     - 11764s
  6165  3892      -    -    -      412.00000  368.32336  10.6%     - 12001s
  6237  4000      -    -    -      412.00000  368.37099  10.6%     - 12283s
  6365  4042      -    -    -      412.00000  368.39645  10.6%     - 12627s
  6437  4368      -    -    -      412.00000  368.43998  10.6%     - 12934s
  6865  4416      -    -    -      412.00000  368.43998  10.6%     - 13294s
  6937  4517      -    -    -      412.00000  368.45389  10.6%     - 13607s
  7065  4715      -    -    -      412.00000  368.45389  10.6%     - 13843s
  7337  4867      -    -    -      412.00000  368.97268  10.4%     - 14363s
  7565  5005      -    -    -      412.00000  368.97268  10.4%     - 14400s

Cutting planes:
  Gomory: 6
  Zero half: 158
  RLT: 4

Instance 42 was solved

Explored 8000 nodes (4629796 simplex iterations) in 14400.50 seconds (21335.76 work units)
Thread count was 2 (of 128 available processors)

Solution count 1: 412 

Time limit reached
Best objective 4.120000000000e+02, best bound 3.700000000000e+02, gap 10.1942%

Gurobi 10.0.3 (linux64) logging started Wed Sep  4 22:06:47 2024

Set parameter LogFile to value "local/logs/w3-k6-s2.log"
Set parameter PoolSearchMode to value 2
Set parameter PoolSolutions to value 1
Set parameter PoolGap to value 0
Set parameter Method to value 3
Set parameter ConcurrentMIP to value 64
Set parameter TimeLimit to value 14400
Set parameter Heuristics to value 0.95
Set parameter MIPFocus to value 1
Set parameter Threads to value 128
Set parameter Threads to value 128
Warning: variable name "x_(00000000, 0)" has a space
Warning: default variable names used to write mps file
Gurobi Optimizer version 10.0.3 build v10.0.3rc0 (linux64)

CPU model: AMD EPYC 7742 64-Core Processor, instruction set [SSE2|AVX|AVX2]
Thread count: 64 physical cores, 128 logical processors, using up to 128 threads

Academic license 2533279 - for non-commercial use only - registered to bl___@rice.edu
Optimize a model with 3329 rows, 2304 columns and 7424 nonzeros
Model fingerprint: 0xe18b7b52
Model has 1024 general constraints
Variable types: 0 continuous, 2304 integer (2304 binary)
Coefficient statistics:
  Matrix range     [1e+00, 1e+00]
  Objective range  [1e+00, 1e+00]
  Bounds range     [1e+00, 1e+00]
  RHS range        [1e+00, 2e+02]
  GenCon coe range [1e+00, 1e+00]

Concurrent MIP optimizer: 64 concurrent instances (2 threads per instance)


User MIP start produced solution with objective 412 (0.35s)
Loaded user MIP start with objective 412

Presolve added 3052 rows and 1020 columns
Presolve time: 0.07s
Presolved: 6381 rows, 3324 columns, 15566 nonzeros
Variable types: 0 continuous, 3324 integer (3324 binary)
Root relaxation presolved: 6381 rows, 3324 columns, 15566 nonzeros

Concurrent LP optimizer: dual simplex and barrier
Showing barrier log only...

Root barrier log...

Ordering time: 0.00s

Barrier statistics:
 AA' NZ     : 1.133e+04
 Factor NZ  : 5.166e+04 (roughly 1 MB of memory)
 Factor Ops : 2.197e+06 (less than 1 second per iteration)
 Threads    : 1

                  Objective                Residual
Iter       Primal          Dual         Primal    Dual     Compl     Time
   0   8.03211900e+03 -4.58277137e+02  1.01e+03 4.29e-02  1.78e+01     0s
   1   2.19174962e+03 -1.40501906e+03  1.09e+02 2.66e-15  2.36e+00     0s
   2   7.01791351e+02 -2.61560048e+02  2.84e-14 4.88e-15  2.97e-01     0s
   3   3.66538302e+02  2.91379048e+02  1.02e-12 2.89e-15  2.32e-02     0s

Barrier performed 3 iterations in 0.47 seconds (0.07 work units)
Barrier solve interrupted - model solved by another algorithm


Solved with dual simplex

Use crossover to convert LP symmetric solution to basic solution...

Root relaxation: objective 3.446667e+02, 1036 iterations, 0.04 seconds (0.03 work units)

    Nodes    |    Current Node    |     Objective Bounds      |     Work
 Expl Unexpl |  Obj  Depth IntInf | Incumbent    BestBd   Gap | It/Node Time

     0     0      -    -    -      412.00000  344.66667  16.3%     -    0s
     0     0      -    -    -      412.00000  347.00000  15.8%     -    1s
     0     0      -    -    -      412.00000  347.00000  15.8%     -    1s
     0     0      -    -    -      412.00000  348.00000  15.5%     -    1s
     0     0      -    -    -      412.00000  348.00000  15.5%     -    1s
     0     0      -    -    -      412.00000  348.33333  15.5%     -    1s
     0     0      -    -    -      412.00000  348.33333  15.5%     -    1s
     0     0      -    -    -      412.00000  348.75531  15.4%     -    2s
     0     0      -    -    -      412.00000  348.75531  15.4%     -    2s
     0     0      -    -    -      412.00000  352.59867  14.4%     -    2s
     0     2      -    -    -      412.00000  352.59867  14.4%     -    4s
     5     8      -    -    -      412.00000  353.46823  14.2%     -    5s
    29    33      -    -    -      412.00000  353.46823  14.2%     -   10s
    51    54      -    -    -      412.00000  353.46823  14.2%     -   15s
    79    85      -    -    -      412.00000  353.93200  14.1%     -   20s
   106   100      -    -    -      412.00000  355.01307  13.8%     -   25s
   116   103      -    -    -      412.00000  355.16667  13.8%     -   32s
   120   105      -    -    -      412.00000  355.16667  13.8%     -   36s
   137   128      -    -    -      412.00000  355.16667  13.8%     -   40s
   169   161      -    -    -      412.00000  355.16667  13.8%     -   46s
   178   163      -    -    -      412.00000  355.33333  13.8%     -   56s
   196   185      -    -    -      412.00000  355.33333  13.8%     -   60s
   206   186      -    -    -      412.00000  355.33333  13.8%     -   65s
   235   208      -    -    -      412.00000  355.33333  13.8%     -   74s
   237   216      -    -    -      412.00000  355.33333  13.8%     -   76s
   263   224      -    -    -      412.00000  355.33333  13.8%     -   82s
   279   251      -    -    -      412.00000  355.33333  13.8%     -   86s
   292   253      -    -    -      412.00000  355.33333  13.8%     -   91s
   310   276      -    -    -      412.00000  355.36111  13.7%     -   98s
   317   284      -    -    -      412.00000  355.66667  13.7%     -  105s
   342   311      -    -    -      412.00000  355.70139  13.7%     -  116s
   387   337      -    -    -      412.00000  355.83333  13.6%     -  125s
   394   339      -    -    -      412.00000  355.91445  13.6%     -  131s
   420   349      -    -    -      412.00000  356.33333  13.5%     -  142s
   422   375      -    -    -      412.00000  356.60720  13.4%     -  145s
   464   375      -    -    -      412.00000  356.60720  13.4%     -  152s
   470   384      -    -    -      412.00000  356.87830  13.4%     -  155s
   507   384      -    -    -      412.00000  357.34640  13.3%     -  165s
   544   419      -    -    -      412.00000  357.83333  13.1%     -  178s
   550   445      -    -    -      412.00000  357.83333  13.1%     -  188s
   596   443      -    -    -      412.00000  357.83333  13.1%     -  195s
   604   475      -    -    -      412.00000  357.83333  13.1%     -  209s
   640   495      -    -    -      412.00000  357.83333  13.1%     -  219s
   660   528      -    -    -      412.00000  357.83333  13.1%     -  231s
   711   532      -    -    -      412.00000  357.83333  13.1%     -  244s
   717   571      -    -    -      412.00000  357.83333  13.1%     -  257s
   769   576      -    -    -      412.00000  357.83333  13.1%     -  260s
   791   594      -    -    -      412.00000  357.83333  13.1%     -  265s
   816   610      -    -    -      412.00000  357.83333  13.1%     -  270s
   836   626      -    -    -      412.00000  357.83333  13.1%     -  275s
   863   644      -    -    -      412.00000  357.83333  13.1%     -  280s
   879   653      -    -    -      412.00000  357.90278  13.1%     -  288s
   887   661      -    -    -      412.00000  357.90278  13.1%     -  290s
   899   656      -    -    -      412.00000  358.15574  13.1%     -  296s
   919   668      -    -    -      412.00000  358.15574  13.1%     -  301s
   937   673      -    -    -      412.00000  358.15574  13.1%     -  306s
   944   683      -    -    -      412.00000  358.15574  13.1%     -  310s
   968   694      -    -    -      412.00000  358.15574  13.1%     -  317s
   979   711      -    -    -      412.00000  358.15574  13.1%     -  321s
   991   709      -    -    -      412.00000  358.15574  13.1%     -  325s
   993   716      -    -    -      412.00000  358.15574  13.1%     -  331s
  1015   723      -    -    -      412.00000  358.15574  13.1%     -  341s
  1052   724      -    -    -      412.00000  358.15574  13.1%     -  348s
  1058   740      -    -    -      412.00000  358.15607  13.1%     -  351s
  1076   750      -    -    -      412.00000  358.15607  13.1%     -  356s
  1111   773      -    -    -      412.00000  358.15607  13.1%     -  366s
  1127   770      -    -    -      412.00000  358.94444  12.9%     -  372s
  1129   790      -    -    -      412.00000  358.94444  12.9%     -  375s
  1150   787      -    -    -      412.00000  358.94444  12.9%     -  380s
  1185   781      -    -    -      412.00000  358.94444  12.9%     -  389s
  1190   816      -    -    -      412.00000  359.29167  12.8%     -  393s
  1226   807      -    -    -      412.00000  359.29167  12.8%     -  398s
  1231   818      -    -    -      412.00000  359.29167  12.8%     -  402s
  1266   805      -    -    -      412.00000  359.29167  12.8%     -  407s
  1271   801      -    -    -      412.00000  359.29167  12.8%     -  411s
  1302   789      -    -    -      412.00000  359.29167  12.8%     -  416s
  1317   785      -    -    -      412.00000  359.29167  12.8%     -  422s
  1330   787      -    -    -      412.00000  359.29167  12.8%     -  428s
  1348   796      -    -    -      412.00000  359.36111  12.8%     -  432s
  1392   787      -    -    -      412.00000  359.36111  12.8%     -  438s
  1406   833      -    -    -      412.00000  359.36111  12.8%     -  449s
  1456   846      -    -    -      412.00000  359.36111  12.8%     -  458s
  1510   833      -    -    -      412.00000  359.95556  12.6%     -  465s
  1515   875      -    -    -      412.00000  359.95556  12.6%     -  474s
  1559   893      -    -    -      412.00000  359.95556  12.6%     -  483s
  1613   929      -    -    -      412.00000  360.00000  12.6%     -  491s
  1667   937      -    -    -      412.00000  360.00000  12.6%     -  502s
  1721   973      -    -    -      412.00000  360.27778  12.6%     -  513s
  1775   985      -    -    -      412.00000  360.27778  12.6%     -  523s
  1829   989      -    -    -      412.00000  360.27778  12.6%     -  532s
  1851  1003      -    -    -      412.00000  360.27778  12.6%     -  542s
  1881  1019      -    -    -      412.00000  360.27778  12.6%     -  553s
  1921  1055      -    -    -      412.00000  360.61111  12.5%     -  568s
  1976  1069      -    -    -      412.00000  360.61111  12.5%     -  590s
  2030  1105      -    -    -      412.00000  361.27778  12.3%     -  606s
  2084  1124      -    -    -      412.00000  361.27778  12.3%     -  617s
  2121  1138      -    -    -      412.00000  361.61111  12.2%     -  630s
  2167  1195      -    -    -      412.00000  361.61111  12.2%     -  642s
  2241  1218      -    -    -      412.00000  361.61111  12.2%     -  655s
  2311  1212      -    -    -      412.00000  361.63889  12.2%     -  671s
  2328  1272      -    -    -      412.00000  361.63889  12.2%     -  687s
  2394  1307      -    -    -      412.00000  361.94444  12.1%     -  704s
  2473  1347      -    -    -      412.00000  361.94444  12.1%     -  722s
  2588  1406      -    -    -      412.00000  362.01852  12.1%     -  739s
  2700  1430      -    -    -      412.00000  362.61111  12.0%     -  758s
  2758  1546      -    -    -      412.00000  362.94444  11.9%     -  777s
  2904  1629      -    -    -      412.00000  362.94444  11.9%     -  795s
  3033  1653      -    -    -      412.00000  362.94444  11.9%     -  814s
  3057  1710      -    -    -      412.00000  362.94444  11.9%     -  833s
  3120  1803      -    -    -      412.00000  362.94444  11.9%     -  852s
  3245  1890      -    -    -      412.00000  362.94444  11.9%     -  873s
  3354  1935      -    -    -      412.00000  362.94444  11.9%     -  893s
  3419  2038      -    -    -      412.00000  362.94444  11.9%     -  917s
  3566  2182      -    -    -      412.00000  363.02252  11.9%     -  940s
  3754  2265      -    -    -      412.00000  363.27778  11.8%     -  964s
  3873  2371      -    -    -      412.00000  363.27778  11.8%     -  989s
  4050  2521      -    -    -      412.00000  363.27778  11.8%     - 1020s
  4248  2655      -    -    -      412.00000  363.77778  11.7%     - 1051s
  4421  2809      -    -    -      412.00000  363.94444  11.7%     - 1082s
  4621  2969      -    -    -      412.00000  363.94444  11.7%     - 1114s
  4809  3098      -    -    -      412.00000  364.27778  11.6%     - 1147s
  5007  3240      -    -    -      412.00000  364.27778  11.6%     - 1178s
  5171  3359      -    -    -      412.00000  364.27778  11.6%     - 1212s
  5399  3533      -    -    -      412.00000  364.27778  11.6%     - 1247s
  5621  3775      -    -    -      412.00000  364.27778  11.6%     - 1283s
  5953  3961      -    -    -      412.00000  364.27778  11.6%     - 1319s
  6213  4141      -    -    -      412.00000  364.61111  11.5%     - 1355s
  6466  4262      -    -    -      412.00000  364.61111  11.5%     - 1389s
  6696  4442      -    -    -      412.00000  364.61111  11.5%     - 1431s
  6943  4654      -    -    -      412.00000  364.61111  11.5%     - 1468s
  7237  4794      -    -    -      412.00000  364.62562  11.5%     - 1509s
  7403  5066      -    -    -      412.00000  364.94444  11.4%     - 1561s
  7780  5149      -    -    -      412.00000  364.94444  11.4%     - 1595s
  7918  5351      -    -    -      412.00000  365.27778  11.3%     - 1631s
  8188  5576      -    -    -      412.00000  365.27778  11.3%     - 1664s
  8479  5695      -    -    -      412.00000  365.27778  11.3%     - 1696s
  8635  5838      -    -    -      412.00000  365.27778  11.3%     - 1727s
  8894  6018      -    -    -      412.00000  365.27778  11.3%     - 1756s
  9188  6100      -    -    -      412.00000  365.27778  11.3%     - 1787s
  9292  6213      -    -    -      412.00000  365.31731  11.3%     - 1816s
  9435  6296      -    -    -      412.00000  365.31731  11.3%     - 1847s
  9528  6473      -    -    -      412.00000  365.40909  11.3%     - 1878s
  9787  6619      -    -    -      412.00000  365.61111  11.3%     - 1909s
  9957  6698      -    -    -      412.00000  365.61111  11.3%     - 1941s
 10088  6813      -    -    -      412.00000  365.61111  11.3%     - 1973s
 10278  6940      -    -    -      412.00000  365.61111  11.3%     - 2007s
 10447  7127      -    -    -      412.00000  365.61111  11.3%     - 2037s
 10694  7341      -    -    -      412.00000  365.61111  11.3%     - 2068s
 10985  7451      -    -    -      412.00000  365.61111  11.3%     - 2105s
 11119  7644      -    -    -      412.00000  365.61111  11.3%     - 2142s
 11380  7851      -    -    -      412.00000  365.61111  11.3%     - 2178s
 11646  7965      -    -    -      412.00000  365.61111  11.3%     - 2213s
 11816  8189      -    -    -      412.00000  365.61111  11.3%     - 2247s
 12110  8292      -    -    -      412.00000  365.63542  11.3%     - 2280s
 12231  8452      -    -    -      412.00000  365.68826  11.2%     - 2314s
 12545  8608      -    -    -      412.00000  365.68826  11.2%     - 2348s
 12779  8713      -    -    -      412.00000  365.94444  11.2%     - 2381s
 12907  8879      -    -    -      412.00000  365.94444  11.2%     - 2415s
 13127  8979      -    -    -      412.00000  365.97500  11.2%     - 2447s
 13263  9165      -    -    -      412.00000  366.27778  11.1%     - 2478s
 13489  9271      -    -    -      412.00000  366.27778  11.1%     - 2508s
 13723  9364      -    -    -      412.00000  366.61111  11.0%     - 2540s
 13839  9534      -    -    -      412.00000  366.61111  11.0%     - 2571s
 14062  9720      -    -    -      412.00000  366.61111  11.0%     - 2603s
 14288  9861      -    -    -      412.00000  366.61111  11.0%     - 2635s
 14493 10033      -    -    -      412.00000  366.61111  11.0%     - 2668s
 14735 10234      -    -    -      412.00000  366.61111  11.0%     - 2699s
 14964 10306      -    -    -      412.00000  366.61111  11.0%     - 2729s
 15050 10401      -    -    -      412.00000  366.61111  11.0%     - 2763s
 15233 10548      -    -    -      412.00000  366.62637  11.0%     - 2797s
 15446 10621      -    -    -      412.00000  366.66465  11.0%     - 2834s
 15539 10839      -    -    -      412.00000  366.66465  11.0%     - 2870s
 15849 10927      -    -    -      412.00000  366.66465  11.0%     - 2913s
 15969 11042      -    -    -      412.00000  366.66465  11.0%     - 2947s
 16114 11199      -    -    -      412.00000  366.94444  10.9%     - 2983s
 16417 11322      -    -    -      412.00000  366.94444  10.9%     - 3017s
 16602 11576      -    -    -      412.00000  366.94444  10.9%     - 3056s
 16947 11668      -    -    -      412.00000  366.94444  10.9%     - 3092s
 17080 11838      -    -    -      412.00000  366.94444  10.9%     - 3127s
 17291 11990      -    -    -      412.00000  366.94444  10.9%     - 3164s
 17554 12107      -    -    -      412.00000  366.94444  10.9%     - 3198s
 17777 12217      -    -    -      412.00000  366.94444  10.9%     - 3232s
 17887 12396      -    -    -      412.00000  366.94444  10.9%     - 3267s
 18141 12506      -    -    -      412.00000  366.94444  10.9%     - 3301s
 18291 12690      -    -    -      412.00000  366.94444  10.9%     - 3335s
 18528 12821      -    -    -      412.00000  366.94444  10.9%     - 3368s
 18731 12950      -    -    -      412.00000  366.96086  10.9%     - 3402s
 18929 13106      -    -    -      412.00000  366.96086  10.9%     - 3435s
 19162 13316      -    -    -      412.00000  366.99344  10.9%     - 3482s
 19438 13529      -    -    -      412.00000  367.16667  10.9%     - 3531s
 19716 13678      -    -    -      412.00000  367.16667  10.9%     - 3575s
 20056 13953      -    -    -      412.00000  367.27778  10.9%     - 3620s
 20441 14165      -    -    -      412.00000  367.27778  10.9%     - 3663s
 20714 14422      -    -    -      412.00000  367.27778  10.9%     - 3705s
 21075 14589      -    -    -      412.00000  367.27778  10.9%     - 3745s
 21301 14773      -    -    -      412.00000  367.27778  10.9%     - 3783s
 21531 14921      -    -    -      412.00000  367.27778  10.9%     - 3823s
 21731 15084      -    -    -      412.00000  367.27778  10.9%     - 3864s
 21956 15233      -    -    -      412.00000  367.29365  10.9%     - 3907s
 22190 15426      -    -    -      412.00000  367.34615  10.8%     - 3948s
 22455 15567      -    -    -      412.00000  367.35185  10.8%     - 3989s
 22666 15758      -    -    -      412.00000  367.61111  10.8%     - 4029s
 22911 15824      -    -    -      412.00000  367.61111  10.8%     - 4069s
 22999 15969      -    -    -      412.00000  367.61111  10.8%     - 4108s
 23197 16087      -    -    -      412.00000  367.65238  10.8%     - 4147s
 23435 16292      -    -    -      412.00000  367.77778  10.7%     - 4187s
 23718 16388      -    -    -      412.00000  367.94444  10.7%     - 4224s
 23844 16598      -    -    -      412.00000  367.94444  10.7%     - 4263s
 24141 16780      -    -    -      412.00000  367.94444  10.7%     - 4298s
 24387 16842      -    -    -      412.00000  367.94444  10.7%     - 4340s
 24478 17034      -    -    -      412.00000  367.94444  10.7%     - 4376s
 24750 17241      -    -    -      412.00000  367.94444  10.7%     - 4414s
 25033 17456      -    -    -      412.00000  367.94444  10.7%     - 4450s
 25332 17508      -    -    -      412.00000  367.94444  10.7%     - 4483s
 25388 17635      -    -    -      412.00000  367.94444  10.7%     - 4517s
 25573 17833      -    -    -      412.00000  367.94444  10.7%     - 4551s
 25876 18019      -    -    -      412.00000  367.94444  10.7%     - 4584s
 26144 18082      -    -    -      412.00000  367.94444  10.7%     - 4636s
 26253 18268      -    -    -      412.00000  367.94444  10.7%     - 4672s
 26502 18368      -    -    -      412.00000  367.94444  10.7%     - 4708s
 26715 18502      -    -    -      412.00000  367.94444  10.7%     - 4742s
 26923 18596      -    -    -      412.00000  367.94444  10.7%     - 4777s
 27041 18652      -    -    -      412.00000  367.94809  10.7%     - 4811s
 27113 18823      -    -    -      412.00000  367.99679  10.7%     - 4846s
 27346 19007      -    -    -      412.00000  368.00000  10.7%     - 4880s
 27594 19132      -    -    -      412.00000  368.03333  10.7%     - 4914s
 27765 19357      -    -    -      412.00000  368.16667  10.6%     - 4948s
 28065 19400      -    -    -      412.00000  368.16667  10.6%     - 4991s
 28119 19577      -    -    -      412.00000  368.16667  10.6%     - 5033s
 28352 19801      -    -    -      412.00000  368.27778  10.6%     - 5075s
 28656 20015      -    -    -      412.00000  368.27778  10.6%     - 5117s
 28936 20200      -    -    -      412.00000  368.27778  10.6%     - 5158s
 29173 20349      -    -    -      412.00000  368.27778  10.6%     - 5199s
 29390 20605      -    -    -      412.00000  368.27778  10.6%     - 5244s
 29715 20821      -    -    -      412.00000  368.27778  10.6%     - 5280s
 30013 20879      -    -    -      412.00000  368.27778  10.6%     - 5313s
 30103 21062      -    -    -      412.00000  368.27778  10.6%     - 5347s
 30339 21207      -    -    -      412.00000  368.27778  10.6%     - 5382s
 30562 21292      -    -    -      412.00000  368.27778  10.6%     - 5414s
 30662 21536      -    -    -      412.00000  368.27778  10.6%     - 5449s
 30988 21565      -    -    -      412.00000  368.27778  10.6%     - 5480s
 31027 21698      -    -    -      412.00000  368.27778  10.6%     - 5511s
 31200 21815      -    -    -      412.00000  368.27778  10.6%     - 5544s
 31359 21926      -    -    -      412.00000  368.27778  10.6%     - 5576s
 31504 22074      -    -    -      412.00000  368.27778  10.6%     - 5609s
 31700 22227      -    -    -      412.00000  368.27778  10.6%     - 5643s
 31905 22346      -    -    -      412.00000  368.27778  10.6%     - 5676s
 32070 22450      -    -    -      412.00000  368.27778  10.6%     - 5709s
 32216 22701      -    -    -      412.00000  368.27778  10.6%     - 5757s
 32609 22942      -    -    -      412.00000  368.27778  10.6%     - 5804s
 32928 23093      -    -    -      412.00000  368.29145  10.6%     - 5851s
 33133 23349      -    -    -      412.00000  368.30952  10.6%     - 5899s
 33479 23663      -    -    -      412.00000  368.31360  10.6%     - 5945s
 33913 23917      -    -    -      412.00000  368.40476  10.6%     - 5992s
 34260 24142      -    -    -      412.00000  368.52424  10.6%     - 6036s
 34583 24214      -    -    -      412.00000  368.61111  10.5%     - 6078s
 34667 24392      -    -    -      412.00000  368.61111  10.5%     - 6120s
 34907 24508      -    -    -      412.00000  368.61111  10.5%     - 6160s
 35055 24757      -    -    -      412.00000  368.61111  10.5%     - 6204s
 35401 24868      -    -    -      412.00000  368.61111  10.5%     - 6245s
 35552 25003      -    -    -      412.00000  368.61111  10.5%     - 6286s
 35717 25167      -    -    -      412.00000  368.61111  10.5%     - 6327s
 35958 25233      -    -    -      412.00000  368.61392  10.5%     - 6403s
 36034 25358      -    -    -      412.00000  368.70833  10.5%     - 6443s
 36211 25551      -    -    -      412.00000  368.94444  10.5%     - 6484s
 36458 25636      -    -    -      412.00000  368.94444  10.5%     - 6534s
 36581 25980      -    -    -      412.00000  368.94444  10.5%     - 6620s
 37151 26122      -    -    -      412.00000  368.94444  10.5%     - 6661s
 37340 26339      -    -    -      412.00000  368.94444  10.5%     - 6702s
 37629 26475      -    -    -      412.00000  368.94444  10.5%     - 6741s
 37812 26616      -    -    -      412.00000  368.94444  10.5%     - 6779s
 37993 26618      -    -    -      412.00000  368.96667  10.4%     - 6829s
 37995 26724      -    -    -      412.00000  368.98936  10.4%     - 6888s
 38141 26827      -    -    -      412.00000  369.05556  10.4%     - 6929s
 38314 27091      -    -    -      412.00000  369.16667  10.4%     - 6969s
 38668 27140      -    -    -      412.00000  369.27778  10.4%     - 7014s
 38717 27357      -    -    -      412.00000  369.27778  10.4%     - 7062s
 39036 27505      -    -    -      412.00000  369.27778  10.4%     - 7110s
 39328 27728      -    -    -      412.00000  369.27778  10.4%     - 7156s
 39621 27859      -    -    -      412.00000  369.27778  10.4%     - 7200s
 39792 28084      -    -    -      412.00000  369.27778  10.4%     - 7244s
 40105 28353      -    -    -      412.00000  369.27778  10.4%     - 7288s
 40505 28563      -    -    -      412.00000  369.27778  10.4%     - 7327s
 40802 28610      -    -    -      412.00000  369.27778  10.4%     - 7364s
 40849 28814      -    -    -      412.00000  369.27778  10.4%     - 7402s
 41161 29006      -    -    -      412.00000  369.27778  10.4%     - 7438s
 41407 29093      -    -    -      412.00000  369.27778  10.4%     - 7473s
 41518 29243      -    -    -      412.00000  369.27778  10.4%     - 7509s
 41732 29416      -    -    -      412.00000  369.27778  10.4%     - 7542s
 41967 29622      -    -    -      412.00000  369.27778  10.4%     - 7576s
 42261 29644      -    -    -      412.00000  369.27778  10.4%     - 7616s
 42301 29720      -    -    -      412.00000  369.27778  10.4%     - 7649s
 42389 29891      -    -    -      412.00000  369.27778  10.4%     - 7682s
 42606 30090      -    -    -      412.00000  369.27778  10.4%     - 7717s
 42885 30223      -    -    -      412.00000  369.27778  10.4%     - 7750s
 43088 30330      -    -    -      412.00000  369.27778  10.4%     - 7783s
 43205 30562      -    -    -      412.00000  369.27778  10.4%     - 7828s
 43608 30700      -    -    -      412.00000  369.27778  10.4%     - 7872s
 43818 30929      -    -    -      412.00000  369.27778  10.4%     - 7918s
 44124 31065      -    -    -      412.00000  369.28571  10.4%     - 7957s
 44306 31253      -    -    -      412.00000  369.29167  10.4%     - 8001s
 44558 31418      -    -    -      412.00000  369.32812  10.4%     - 8044s
 44884 31627      -    -    -      412.00000  369.34848  10.4%     - 8082s
 45163 31672      -    -    -      412.00000  369.38889  10.3%     - 8123s
 45242 31795      -    -    -      412.00000  369.40000  10.3%     - 8162s
 45415 31957      -    -    -      412.00000  369.41667  10.3%     - 8202s
 45633 32082      -    -    -      412.00000  369.50000  10.3%     - 8243s
 45828 32261      -    -    -      412.00000  369.50000  10.3%     - 8283s
 46075 32419      -    -    -      412.00000  369.50000  10.3%     - 8322s
 46263 32503      -    -    -      412.00000  369.50000  10.3%     - 8361s
 46400 32657      -    -    -      412.00000  369.52698  10.3%     - 8398s
 46627 32727      -    -    -      412.00000  369.61111  10.3%     - 8443s
 46709 32761      -    -    -      412.00000  369.61111  10.3%     - 8486s
 46765 32990      -    -    -      412.00000  369.61111  10.3%     - 8523s
 47066 33221      -    -    -      412.00000  369.61111  10.3%     - 8561s
 47392 33376      -    -    -      412.00000  369.61111  10.3%     - 8596s
 47588 33509      -    -    -      412.00000  369.61111  10.3%     - 8647s
 47793 33834      -    -    -      412.00000  369.61111  10.3%     - 8700s
 48247 33945      -    -    -      412.00000  369.61111  10.3%     - 8757s
 48404 34136      -    -    -      412.00000  369.61111  10.3%     - 8808s
 48666 34274      -    -    -      412.00000  369.61111  10.3%     - 8859s
 48913 34511      -    -    -      412.00000  369.61111  10.3%     - 8914s
 49269 34801      -    -    -      412.00000  369.61111  10.3%     - 8967s
 49660 34981      -    -    -      412.00000  369.61111  10.3%     - 9020s
 49902 35215      -    -    -      412.00000  369.61111  10.3%     - 9071s
 50210 35428      -    -    -      412.00000  369.61111  10.3%     - 9120s
 50528 35681      -    -    -      412.00000  369.61111  10.3%     - 9169s
 50877 35809      -    -    -      412.00000  369.61111  10.3%     - 9216s
 51049 36043      -    -    -      412.00000  369.61111  10.3%     - 9264s
 51431 36157      -    -    -      412.00000  369.61111  10.3%     - 9297s
 51587 36190      -    -    -      412.00000  369.61111  10.3%     - 9333s
 51632 36430      -    -    -      412.00000  369.61111  10.3%     - 9373s
 51942 36634      -    -    -      412.00000  369.61111  10.3%     - 9412s
 52215 36816      -    -    -      412.00000  369.61111  10.3%     - 9451s
 52499 36965      -    -    -      412.00000  369.61111  10.3%     - 9488s
 52704 37092      -    -    -      412.00000  369.61111  10.3%     - 9525s
 52869 37236      -    -    -      412.00000  369.61111  10.3%     - 9561s
 53075 37428      -    -    -      412.00000  369.61732  10.3%     - 9598s
 53331 37570      -    -    -      412.00000  369.61974  10.3%     - 9635s
 53524 37731      -    -    -      412.00000  369.63615  10.3%     - 9671s
 53753 37811      -    -    -      412.00000  369.63615  10.3%     - 9708s
 53857 37927      -    -    -      412.00000  369.64286  10.3%     - 9743s
 53997 38131      -    -    -      412.00000  369.67361  10.3%     - 9780s
 54279 38264      -    -    -      412.00000  369.67361  10.3%     - 9814s
 54473 38390      -    -    -      412.00000  369.70214  10.3%     - 9847s
 54685 38566      -    -    -      412.00000  369.77778  10.2%     - 9881s
 54944 38586      -    -    -      412.00000  369.77778  10.2%     - 9914s
 54964 38763      -    -    -      412.00000  369.81373  10.2%     - 9948s
 55171 38921      -    -    -      412.00000  369.83333  10.2%     - 9981s
 55383 39052      -    -    -      412.00000  369.94444  10.2%     - 10013s
 55611 39198      -    -    -      412.00000  369.94444  10.2%     - 10046s
 55821 39315      -    -    -      412.00000  369.94444  10.2%     - 10079s
 56001 39504      -    -    -      412.00000  369.94444  10.2%     - 10127s
 56263 39775      -    -    -      412.00000  369.94444  10.2%     - 10175s
 56623 39932      -    -    -      412.00000  369.94444  10.2%     - 10224s
 56879 40188      -    -    -      412.00000  369.94444  10.2%     - 10273s
 57230 40407      -    -    -      412.00000  369.94444  10.2%     - 10323s
 57542 40595      -    -    -      412.00000  369.94444  10.2%     - 10372s
 57883 40802      -    -    -      412.00000  369.94444  10.2%     - 10419s
 58176 41067      -    -    -      412.00000  369.94444  10.2%     - 10466s
 58544 41237      -    -    -      412.00000  369.94444  10.2%     - 10517s
 58776 41613      -    -    -      412.00000  369.95556  10.2%     - 10582s
 59318 41762      -    -    -      412.00000  369.96667  10.2%     - 10626s
 59533 41944      -    -    -      412.00000  369.97619  10.2%     - 10672s
 59769 42217      -    -    -      412.00000  369.99145  10.2%     - 10722s
 60212 42498      -    -    -      412.00000  370.00000  10.2%     - 10766s
 60581 42550      -    -    -      412.00000  370.08333  10.2%     - 10819s
 60657 42800      -    -    -      412.00000  370.08333  10.2%     - 10862s
 61005 42983      -    -    -      412.00000  370.16667  10.2%     - 10907s
 61283 43158      -    -    -      412.00000  370.22222  10.1%     - 10951s
 61562 43382      -    -    -      412.00000  370.27778  10.1%     - 10997s
 61869 43513      -    -    -      412.00000  370.27778  10.1%     - 11041s
 62121 43655      -    -    -      412.00000  370.27778  10.1%     - 11087s
 62368 43904      -    -    -      412.00000  370.27778  10.1%     - 11133s
 62698 44062      -    -    -      412.00000  370.27778  10.1%     - 11178s
 62918 44122      -    -    -      412.00000  370.27778  10.1%     - 11225s
 62993 44352      -    -    -      412.00000  370.27778  10.1%     - 11272s
 63290 44606      -    -    -      412.00000  370.27778  10.1%     - 11320s
 63658 44768      -    -    -      412.00000  370.27778  10.1%     - 11366s
 63861 44988      -    -    -      412.00000  370.27778  10.1%     - 11412s
 64177 45110      -    -    -      412.00000  370.27778  10.1%     - 11457s
 64371 45292      -    -    -      412.00000  370.27778  10.1%     - 11504s
 64693 45514      -    -    -      412.00000  370.27778  10.1%     - 11549s
 65005 45760      -    -    -      412.00000  370.28174  10.1%     - 11593s
 65357 45808      -    -    -      412.00000  370.30000  10.1%     - 11636s
 65421 46008      -    -    -      412.00000  370.31818  10.1%     - 11678s
 65677 46234      -    -    -      412.00000  370.36000  10.1%     - 11719s
 65988 46325      -    -    -      412.00000  370.44444  10.1%     - 11763s
 66103 46869      -    -    -      412.00000  370.44444  10.1%     - 11858s
 66922 46977      -    -    -      412.00000  370.44444  10.1%     - 11890s
 67044 47129      -    -    -      412.00000  370.50000  10.1%     - 11924s
 67260 47198      -    -    -      412.00000  370.50000  10.1%     - 11957s
 67365 47290      -    -    -      412.00000  370.50000  10.1%     - 11993s
 67483 47501      -    -    -      412.00000  370.50446  10.1%     - 12029s
 67818 47548      -    -    -      412.00000  370.55556  10.1%     - 12068s
 67877 47731      -    -    -      412.00000  370.57407  10.1%     - 12103s
 68132 47827      -    -    -      412.00000  370.61111  10.0%     - 12139s
 68265 48011      -    -    -      412.00000  370.61111  10.0%     - 12174s
 68511 48191      -    -    -      412.00000  370.61111  10.0%     - 12208s
 68781 48229      -    -    -      412.00000  370.61111  10.0%     - 12242s
 68829 48376      -    -    -      412.00000  370.61111  10.0%     - 12276s
 69021 48559      -    -    -      412.00000  370.61111  10.0%     - 12310s
 69287 48662      -    -    -      412.00000  370.61111  10.0%     - 12342s
 69434 48776      -    -    -      412.00000  370.61111  10.0%     - 12377s
 69594 48923      -    -    -      412.00000  370.61111  10.0%     - 12410s
 69772 49077      -    -    -      412.00000  370.61111  10.0%     - 12444s
 70014 49190      -    -    -      412.00000  370.61111  10.0%     - 12477s
 70175 49345      -    -    -      412.00000  370.61111  10.0%     - 12511s
 70392 49638      -    -    -      412.00000  370.61111  10.0%     - 12559s
 70788 49888      -    -    -      412.00000  370.61111  10.0%     - 12606s
 71114 50038      -    -    -      412.00000  370.61111  10.0%     - 12652s
 71306 50360      -    -    -      412.00000  370.61111  10.0%     - 12698s
 71751 50585      -    -    -      412.00000  370.61111  10.0%     - 12741s
 72064 50601      -    -    -      412.00000  370.61111  10.0%     - 12789s
 72096 50890      -    -    -      412.00000  370.61111  10.0%     - 12832s
 72491 51142      -    -    -      412.00000  370.61111  10.0%     - 12872s
 72853 51322      -    -    -      412.00000  370.61111  10.0%     - 12911s
 73162 51566      -    -    -      412.00000  370.61111  10.0%     - 12949s
 73509 51798      -    -    -      412.00000  370.61111  10.0%     - 12991s
 73827 51959      -    -    -      412.00000  370.61111  10.0%     - 13022s
 74044 52015      -    -    -      412.00000  370.61111  10.0%     - 13055s
 74124 52142      -    -    -      412.00000  370.61111  10.0%     - 13091s
 74295 52296      -    -    -      412.00000  370.61111  10.0%     - 13128s
 74499 52402      -    -    -      412.00000  370.61111  10.0%     - 13167s
 74645 52637      -    -    -      412.00000  370.61111  10.0%     - 13207s
 74976 52796      -    -    -      412.00000  370.61111  10.0%     - 13240s
 75169 52940      -    -    -      412.00000  370.61111  10.0%     - 13276s
 75455 53001      -    -    -      412.00000  370.61111  10.0%     - 13309s
 75536 53103      -    -    -      412.00000  370.61111  10.0%     - 13344s
 75678 53262      -    -    -      412.00000  370.61111  10.0%     - 13378s
 75895 53382      -    -    -      412.00000  370.61111  10.0%     - 13412s
 76051 53484      -    -    -      412.00000  370.61111  10.0%     - 13447s
 76185 53662      -    -    -      412.00000  370.61111  10.0%     - 13483s
 76485 53663      -    -    -      412.00000  370.61111  10.0%     - 13522s
 76506 53853      -    -    -      412.00000  370.61111  10.0%     - 13558s
 76786 54146      -    -    -      412.00000  370.61111  10.0%     - 13606s
 77193 54394      -    -    -      412.00000  370.61111  10.0%     - 13655s
 77558 54601      -    -    -      412.00000  370.61111  10.0%     - 13702s
 77940 54648      -    -    -      412.00000  370.61684  10.0%     - 13766s
 77995 54912      -    -    -      412.00000  370.61852  10.0%     - 13812s
 78337 55129      -    -    -      412.00000  370.61963  10.0%     - 13858s
 78718 55360      -    -    -      412.00000  370.62821  10.0%     - 13904s
 79036 55519      -    -    -      412.00000  370.62821  10.0%     - 13950s
 79248 55730      -    -    -      412.00000  370.64815  10.0%     - 13997s
 79531 55879      -    -    -      412.00000  370.65351  10.0%     - 14043s
 79813 56040      -    -    -      412.00000  370.66667  10.0%     - 14088s
 80018 56246      -    -    -      412.00000  370.67544  10.0%     - 14133s
 80317 56437      -    -    -      412.00000  370.69658  10.0%     - 14176s
 80577 56616      -    -    -      412.00000  370.72222  10.0%     - 14219s
 80836 56704      -    -    -      412.00000  370.72222  10.0%     - 14266s
 81021 57066      -    -    -      412.00000  370.75000  10.0%     - 14333s
 81531 57295      -    -    -      412.00000  370.77453  10.0%     - 14373s
 81834 57326      -    -    -      412.00000  370.83333  10.0%     - 14400s

Cutting planes:
  Gomory: 7
  Zero half: 35
  RLT: 5

Instance 6 was solved

Explored 95796 nodes (95444922 simplex iterations) in 14403.18 seconds (17034.13 work units)
Thread count was 2 (of 128 available processors)

Solution count 1: 412 

Time limit reached
Best objective 4.120000000000e+02, best bound 3.710000000000e+02, gap 9.9515%
