
Gurobi 10.0.3 (linux64) logging started Wed Sep  4 19:11:35 2024

Set parameter LogFile to value "local/logs/w3-k7-s2.log"

Gurobi 10.0.3 (linux64) logging started Wed Sep  4 19:11:35 2024

Set parameter LogFile to value "local/logs/w3-k7-s2.log"
Warning: variable name "x_(000000000, 0)" has a space
Warning: default variable names used to write mps file
Gurobi Optimizer version 10.0.3 build v10.0.3rc0 (linux64)

CPU model: AMD EPYC 7742 64-Core Processor, instruction set [SSE2|AVX|AVX2]
Thread count: 64 physical cores, 128 logical processors, using up to 128 threads

Academic license 2533279 - for non-commercial use only - registered to bl___@rice.edu
Optimize a model with 6656 rows, 3584 columns and 13824 nonzeros
Model fingerprint: 0xc55aec57
Variable types: 0 continuous, 3584 integer (3584 binary)
Coefficient statistics:
  Matrix range     [1e+00, 1e+00]
  Objective range  [1e+00, 1e+00]
  Bounds range     [1e+00, 1e+00]
  RHS range        [1e+00, 1e+00]

Concurrent MIP optimizer: 64 concurrent instances (2 threads per instance)


User MIP start produced solution with objective 822 (0.06s)
Loaded user MIP start with objective 822

Presolve removed 14 rows and 4 columns
Presolve time: 0.03s
Presolved: 6642 rows, 3580 columns, 13800 nonzeros
Variable types: 0 continuous, 3580 integer (3580 binary)
Root relaxation presolved: 6642 rows, 3580 columns, 13800 nonzeros

Concurrent LP optimizer: dual simplex and barrier
Showing barrier log only...

Root barrier log...

Ordering time: 0.00s

Barrier statistics:
 AA' NZ     : 1.073e+04
 Factor NZ  : 6.684e+04 (roughly 3 MB of memory)
 Factor Ops : 1.952e+06 (less than 1 second per iteration)
 Threads    : 1

                  Objective                Residual
Iter       Primal          Dual         Primal    Dual     Compl     Time
   0   2.33731176e+03 -7.67738511e+02  2.22e+00 9.13e-03  1.45e+00     0s
   1   1.28328729e+03 -1.15650042e+02  1.44e-15 1.11e-15  2.10e-01     0s
   2   7.78270853e+02  6.35060336e+02  6.66e-16 1.11e-15  2.15e-02     0s
   3   6.86402623e+02  6.85170342e+02  1.73e-14 9.37e-16  1.85e-04     0s
   4   6.86000403e+02  6.85999170e+02  4.44e-15 8.88e-16  1.85e-07     0s
   5   6.86000000e+02  6.85999999e+02  8.88e-15 8.88e-16  1.85e-10     0s

Barrier solved model in 5 iterations and 0.14 seconds (0.04 work units)
Optimal objective 6.86000000e+02


Solved with dual simplex

Use crossover to convert LP symmetric solution to basic solution...

Root relaxation: objective 6.860000e+02, 2617 iterations, 0.10 seconds (0.06 work units)

    Nodes    |    Current Node    |     Objective Bounds      |     Work
 Expl Unexpl |  Obj  Depth IntInf | Incumbent    BestBd   Gap | It/Node Time

     0     0      -    -    -      822.00000  686.00000  16.5%     -    0s
     0     0      -    -    -      822.00000  689.69413  16.1%     -    1s
     0     0      -    -    -      822.00000  689.88889  16.1%     -    1s
     0     0      -    -    -      822.00000  689.91111  16.1%     -    1s
     0     0      -    -    -      822.00000  689.91111  16.1%     -    1s
     0     0      -    -    -      822.00000  691.32296  15.9%     -    2s
     0     0      -    -    -      822.00000  691.32296  15.9%     -    2s
     0     0      -    -    -      822.00000  693.57466  15.6%     -    3s
     0     0      -    -    -      822.00000  693.67358  15.6%     -    3s
     0     0      -    -    -      822.00000  693.67358  15.6%     -    3s
     0     0      -    -    -      822.00000  694.45697  15.5%     -    4s
     0     0      -    -    -      822.00000  694.96605  15.5%     -    4s
     0     0      -    -    -      822.00000  695.00094  15.5%     -    4s
     0     0      -    -    -      822.00000  695.47919  15.4%     -    4s
     0     2      -    -    -      822.00000  699.49933  14.9%     -  819s
     3     6      -    -    -      822.00000  699.49933  14.9%     -  820s
     9    12      -    -    -      822.00000  699.49933  14.9%     -  836s
    17    21      -    -    -      822.00000  699.49933  14.9%     -  851s
    27    30      -    -    -      822.00000  699.49933  14.9%     -  866s
    42    47      -    -    -      822.00000  699.49933  14.9%     -  870s
    53    58      -    -    -      822.00000  699.49933  14.9%     -  882s
    71    76      -    -    -      822.00000  699.49933  14.9%     -  895s
    89    94      -    -    -      822.00000  699.49933  14.9%     -  905s
    99   102      -    -    -      822.00000  699.49933  14.9%     -  914s
   101   104      -    -    -      822.00000  699.49933  14.9%     -  922s
   116   128      -    -    -      822.00000  699.49933  14.9%     -  926s
   139   151      -    -    -      822.00000  699.49933  14.9%     -  930s
   180   195      -    -    -      822.00000  699.49933  14.9%     -  936s
   208   209      -    -    -      822.00000  699.49933  14.9%     -  942s
   216   214      -    -    -      822.00000  699.49933  14.9%     -  953s
   221   219      -    -    -      822.00000  699.49933  14.9%     -  990s
   226   224      -    -    -      822.00000  700.88889  14.7%     - 1362s
   252   252      -    -    -      822.00000  700.88889  14.7%     - 1367s
   269   270      -    -    -      822.00000  700.88889  14.7%     - 1370s
   309   317      -    -    -      822.00000  700.88889  14.7%     - 1376s
   359   355      -    -    -      822.00000  700.88889  14.7%     - 1383s
   388   376      -    -    -      822.00000  701.79193  14.6%     - 2377s
   409   409      -    -    -      822.00000  701.79193  14.6%     - 2381s
   442   448      -    -    -      822.00000  701.79193  14.6%     - 2385s
   481   484      -    -    -      822.00000  701.79193  14.6%     - 2942s
   517   529      -    -    -      822.00000  701.79193  14.6%     - 2948s
   584   560      -    -    -      822.00000  701.79423  14.6%     - 3741s
   615   620      -    -    -      822.00000  701.79423  14.6%     - 3748s
   675   637      -    -    -      822.00000  702.72501  14.5%     - 3762s
   692   642      -    -    -      822.00000  702.72501  14.5%     - 4035s
   697   650      -    -    -      822.00000  703.06944  14.5%     - 4855s
   705   691      -    -    -      822.00000  703.06944  14.5%     - 4862s
   763   692      -    -    -      822.00000  705.29615  14.2%     - 5116s
   778   702      -    -    -      822.00000  705.29615  14.2%     - 5120s
   779   703      -    -    -      822.00000  705.36723  14.2%     - 6161s
   786   710      -    -    -      822.00000  705.36723  14.2%     - 6165s
   800   720      -    -    -      822.00000  706.40693  14.1%     - 7452s
   809   727      -    -    -      822.00000  706.40693  14.1%     - 7455s
   829   742      -    -    -      822.00000  706.40693  14.1%     - 7460s
   849   754      -    -    -      822.00000  706.40693  14.1%     - 7465s
   870   770      -    -    -      822.00000  706.40693  14.1%     - 7470s
   891   785      -    -    -      822.00000  706.40693  14.1%     - 7475s
   898   789      -    -    -      822.00000  706.63496  14.0%     - 8696s
   904   798      -    -    -      822.00000  706.63496  14.0%     - 8706s
   927   814      -    -    -      822.00000  706.63496  14.0%     - 8712s
   939   823      -    -    -      822.00000  706.63496  14.0%     - 8716s
   965   840      -    -    -      822.00000  706.63496  14.0%     - 8723s
   977   845      -    -    -      822.00000  706.63496  14.0%     - 8727s
   986   846      -    -    -      822.00000  706.63496  14.0%     - 8730s
   990   846      -    -    -      822.00000  706.63496  14.0%     - 9083s
   992   848      -    -    -      822.00000  706.70476  14.0%     - 9355s
   994   861      -    -    -      822.00000  706.70476  14.0%     - 10020s
  1008   856      -    -    -      822.00000  707.92897  13.9%     - 10214s
  1014   863      -    -    -      822.00000  707.92897  13.9%     - 10218s
  1053   868      -    -    -      822.00000  707.92897  13.9%     - 10221s
  1071   885      -    -    -      822.00000  707.92897  13.9%     - 10225s

Gurobi 10.0.3 (linux64) logging started Thu Sep  5 02:06:52 2024

Set parameter LogFile to value "local/logs/w3-k7-s2.log"

Gurobi 10.0.3 (linux64) logging started Thu Sep  5 02:06:52 2024

Set parameter LogFile to value "local/logs/w3-k7-s2.log"
Warning: variable name "x_(000000000, 0)" has a space
Warning: default variable names used to write mps file
Gurobi Optimizer version 10.0.3 build v10.0.3rc0 (linux64)

CPU model: AMD EPYC 7742 64-Core Processor, instruction set [SSE2|AVX|AVX2]
Thread count: 64 physical cores, 128 logical processors, using up to 128 threads

Academic license 2533279 - for non-commercial use only - registered to bl___@rice.edu
Optimize a model with 6657 rows, 4608 columns and 14848 nonzeros
Model fingerprint: 0x2624da71
Model has 2048 general constraints
Variable types: 0 continuous, 4608 integer (4608 binary)
Coefficient statistics:
  Matrix range     [1e+00, 1e+00]
  Objective range  [1e+00, 1e+00]
  Bounds range     [1e+00, 1e+00]
  RHS range        [1e+00, 4e+02]
  GenCon coe range [1e+00, 1e+00]

Concurrent MIP optimizer: 64 concurrent instances (2 threads per instance)


User MIP start produced solution with objective 822 (0.13s)
Loaded user MIP start with objective 822

Presolve added 6124 rows and 2044 columns
Presolve time: 0.17s
Presolved: 12781 rows, 6652 columns, 31182 nonzeros
Variable types: 0 continuous, 6652 integer (6652 binary)

Concurrent LP optimizer: dual simplex and barrier
Showing barrier log only...

Root relaxation presolved: 12781 rows, 6652 columns, 31182 nonzeros

Root barrier log...

Ordering time: 0.00s

Barrier statistics:
 AA' NZ     : 2.230e+04
 Factor NZ  : 1.171e+05 (roughly 3 MB of memory)
 Factor Ops : 6.510e+06 (less than 1 second per iteration)
 Threads    : 1

                  Objective                Residual
Iter       Primal          Dual         Primal    Dual     Compl     Time
   0   2.64838596e+04 -8.34466157e+02  3.40e+03 3.68e-02  2.92e+01     0s
   1   6.65462777e+03 -2.96292592e+03  3.81e+02 2.66e-15  3.74e+00     0s
   2   1.57910944e+03 -1.08292774e+03  1.96e+00 8.44e-15  4.19e-01     0s
   3   8.74667700e+02  5.08472195e+02  6.77e-04 3.33e-15  5.67e-02     0s
   4   6.87119187e+02  6.74027939e+02  4.88e-06 2.65e-15  2.03e-03     0s
   5   6.86001225e+02  6.85987852e+02  1.36e-12 2.55e-15  2.07e-06     0s
   6   6.86000001e+02  6.85999988e+02  2.39e-12 3.44e-15  2.07e-09     0s
   7   6.86000000e+02  6.86000000e+02  4.26e-12 2.72e-15  2.23e-15     0s

Barrier solved model in 7 iterations and 0.42 seconds (0.15 work units)
Optimal objective 6.86000000e+02


Solved with dual simplex

Root relaxation: objective 6.860000e+02, 2032 iterations, 0.10 seconds (0.06 work units)

    Nodes    |    Current Node    |     Objective Bounds      |     Work
 Expl Unexpl |  Obj  Depth IntInf | Incumbent    BestBd   Gap | It/Node Time

     0     0      -    -    -      822.00000  686.00000  16.5%     -    1s
     0     0      -    -    -      822.00000  688.16667  16.3%     -    1s
     0     0      -    -    -      822.00000  688.50000  16.2%     -    2s
     0     0      -    -    -      822.00000  689.51001  16.1%     -    2s
     0     0      -    -    -      822.00000  689.80452  16.1%     -    3s
     0     0      -    -    -      822.00000  689.83333  16.1%     -    3s
     0     0      -    -    -      822.00000  689.83333  16.1%     -    3s
     0     0      -    -    -      822.00000  690.77110  16.0%     -    3s
     0     0      -    -    -      822.00000  690.78518  16.0%     -    4s
     0     0      -    -    -      822.00000  690.80145  16.0%     -    4s
     0     0      -    -    -      822.00000  690.80145  16.0%     -    4s
     0     0      -    -    -      822.00000  691.58333  15.9%     -    4s
     0     0      -    -    -      822.00000  691.60095  15.9%     -    5s
     0     0      -    -    -      822.00000  691.60095  15.9%     -    5s
     0     0      -    -    -      822.00000  691.60095  15.9%     -    6s
     0     2      -    -    -      822.00000  694.63889  15.5%     -    9s
     3     6      -    -    -      822.00000  695.97222  15.3%     -   11s
     9    12      -    -    -      822.00000  695.97222  15.3%     -   15s
    23    26      -    -    -      822.00000  695.97222  15.3%     -   20s
    31    34      -    -    -      822.00000  695.97222  15.3%     -   25s
    41    45      -    -    -      822.00000  695.97222  15.3%     -   31s
    48    51      -    -    -      822.00000  695.97222  15.3%     -   35s
    56    60      -    -    -      822.00000  695.97222  15.3%     -   41s
    62    66      -    -    -      822.00000  695.97222  15.3%     -   45s
    70    77      -    -    -      822.00000  695.97222  15.3%     -   51s
    81    84      -    -    -      822.00000  695.97222  15.3%     -   56s
    87    94      -    -    -      822.00000  695.97222  15.3%     -   61s
    97   102      -    -    -      822.00000  695.97222  15.3%     -   69s
   101   104      -    -    -      822.00000  695.97222  15.3%     -   73s
   103   107      -    -    -      822.00000  695.97222  15.3%     -   84s
   106   113      -    -    -      822.00000  695.97222  15.3%     -   87s
   112   117      -    -    -      822.00000  695.97222  15.3%     -  100s
   122   130      -    -    -      822.00000  695.97222  15.3%     -  106s
   137   146      -    -    -      822.00000  695.97222  15.3%     -  130s
   153   156      -    -    -      822.00000  695.97222  15.3%     -  153s
   155   166      -    -    -      822.00000  695.97222  15.3%     -  157s
   165   174      -    -    -      822.00000  695.97222  15.3%     -  171s
   173   179      -    -    -      822.00000  695.97222  15.3%     -  175s
   178   186      -    -    -      822.00000  695.97222  15.3%     -  181s
   185   197      -    -    -      822.00000  695.97222  15.3%     -  187s
   196   199      -    -    -      822.00000  697.56415  15.1%     -  212s
   198   208      -    -    -      822.00000  697.56415  15.1%     -  217s
   207   221      -    -    -      822.00000  697.56415  15.1%     -  222s
   225   223      -    -    -      822.00000  697.56415  15.1%     -  238s
   227   233      -    -    -      822.00000  697.56415  15.1%     -  243s
   237   241      -    -    -      822.00000  697.56415  15.1%     -  248s
   252   245      -    -    -      822.00000  697.56415  15.1%     -  269s
   256   260      -    -    -      822.00000  697.56415  15.1%     -  275s
   271   276      -    -    -      822.00000  697.56415  15.1%     -  280s
   287   278      -    -    -      822.00000  697.56415  15.1%     -  293s
   289   301      -    -    -      822.00000  697.56415  15.1%     -  299s
   312   303      -    -    -      822.00000  697.56415  15.1%     -  314s
   314   307      -    -    -      822.00000  698.13463  15.1%     -  324s
   318   330      -    -    -      822.00000  698.13463  15.1%     -  331s
   341   338      -    -    -      822.00000  698.63889  15.0%     -  344s
   349   359      -    -    -      822.00000  698.63889  15.0%     -  351s
   370   371      -    -    -      822.00000  698.63889  15.0%     -  367s
   382   396      -    -    -      822.00000  698.63889  15.0%     -  374s
   407   400      -    -    -      822.00000  698.63889  15.0%     -  389s
   411   424      -    -    -      822.00000  698.63889  15.0%     -  399s
   443   424      -    -    -      822.00000  698.63889  15.0%     -  412s
   447   426      -    -    -      822.00000  698.63889  15.0%     -  428s
   449   451      -    -    -      822.00000  698.63889  15.0%     -  439s
   474   453      -    -    -      822.00000  698.63889  15.0%     -  453s
   476   472      -    -    -      822.00000  698.63889  15.0%     -  463s
   495   486      -    -    -      822.00000  698.63889  15.0%     -  491s
   509   513      -    -    -      822.00000  698.63889  15.0%     -  502s
   536   515      -    -    -      822.00000  698.63889  15.0%     -  523s
   538   532      -    -    -      822.00000  698.63889  15.0%     -  534s
   561   552      -    -    -      822.00000  698.63889  15.0%     -  546s
   587   574      -    -    -      822.00000  698.63889  15.0%     -  559s
   621   576      -    -    -      822.00000  698.63889  15.0%     -  589s
   623   578      -    -    -      822.00000  698.63889  15.0%     -  617s
   625   626      -    -    -      822.00000  698.63889  15.0%     -  659s
   673   634      -    -    -      822.00000  698.63889  15.0%     -  694s
   681   680      -    -    -      822.00000  698.76515  15.0%     -  750s
   736   682      -    -    -      822.00000  698.76515  15.0%     -  756s
   742   686      -    -    -      822.00000  698.76515  15.0%     -  760s
   746   689      -    -    -      822.00000  698.76515  15.0%     -  766s
   750   692      -    -    -      822.00000  698.76515  15.0%     -  772s
   755   698      -    -    -      822.00000  698.76515  15.0%     -  777s
   759   701      -    -    -      822.00000  698.76515  15.0%     -  780s
   771   709      -    -    -      822.00000  698.76515  15.0%     -  786s
   779   714      -    -    -      822.00000  698.76515  15.0%     -  792s
   783   717      -    -    -      822.00000  698.76515  15.0%     -  796s
   790   722      -    -    -      822.00000  698.76515  15.0%     -  800s
   799   728      -    -    -      822.00000  698.76515  15.0%     -  805s
   810   737      -    -    -      822.00000  698.76515  15.0%     -  811s
   818   742      -    -    -      822.00000  698.76515  15.0%     -  816s
   826   747      -    -    -      822.00000  698.76515  15.0%     -  822s
   834   752      -    -    -      822.00000  698.76515  15.0%     -  827s
   837   755      -    -    -      822.00000  698.76515  15.0%     -  830s
   844   758      -    -    -      822.00000  698.76515  15.0%     -  836s
   847   759      -    -    -      822.00000  698.76515  15.0%     -  845s
   849   761      -    -    -      822.00000  698.76515  15.0%     -  854s
   851   764      -    -    -      822.00000  698.76515  15.0%     -  857s
   855   767      -    -    -      822.00000  698.76515  15.0%     -  860s
   863   770      -    -    -      822.00000  698.76515  15.0%     -  879s
   865   772      -    -    -      822.00000  698.76515  15.0%     -  883s
   868   774      -    -    -      822.00000  698.76515  15.0%     -  887s
   871   776      -    -    -      822.00000  698.76515  15.0%     -  891s
   876   779      -    -    -      822.00000  698.76515  15.0%     -  907s
   878   783      -    -    -      822.00000  698.76515  15.0%     -  911s
   883   786      -    -    -      822.00000  698.76515  15.0%     -  915s
   888   790      -    -    -      822.00000  699.47933  14.9%     -  943s
   893   795      -    -    -      822.00000  699.47933  14.9%     -  947s
   900   799      -    -    -      822.00000  699.47933  14.9%     -  952s
   906   805      -    -    -      822.00000  699.47933  14.9%     -  958s
   914   810      -    -    -      822.00000  699.47933  14.9%     -  964s
   922   809      -    -    -      822.00000  699.47933  14.9%     -  989s
   924   811      -    -    -      822.00000  699.47933  14.9%     - 1017s
   926   819      -    -    -      822.00000  699.47933  14.9%     - 1023s
   935   824      -    -    -      822.00000  699.47933  14.9%     - 1030s
   943   828      -    -    -      822.00000  699.47933  14.9%     - 1037s
   950   828      -    -    -      822.00000  699.47933  14.9%     - 1071s
   952   836      -    -    -      822.00000  699.47933  14.9%     - 1078s
   961   842      -    -    -      822.00000  699.47933  14.9%     - 1085s
   970   853      -    -    -      822.00000  699.47933  14.9%     - 1114s
   984   850      -    -    -      822.00000  699.47933  14.9%     - 1122s
   997   857      -    -    -      822.00000  699.47933  14.9%     - 1132s
  1009   859      -    -    -      822.00000  699.52469  14.9%     - 1164s
  1015   869      -    -    -      822.00000  699.52469  14.9%     - 1174s
  1027   876      -    -    -      822.00000  699.52469  14.9%     - 1183s
  1038   880      -    -    -      822.00000  699.76515  14.9%     - 1231s
  1045   881      -    -    -      822.00000  699.76515  14.9%     - 1241s
  1055   879      -    -    -      822.00000  699.76515  14.9%     - 1290s
  1058   891      -    -    -      822.00000  701.74765  14.6%     - 1421s
  1077   910      -    -    -      822.00000  701.74765  14.6%     - 1434s
  1102   903      -    -    -      822.00000  701.74765  14.6%     - 1539s
  1104   919      -    -    -      822.00000  701.74765  14.6%     - 1553s
  1120   929      -    -    -      822.00000  701.74765  14.6%     - 1567s
  1136   926      -    -    -      822.00000  701.74765  14.6%     - 1631s
  1138   950      -    -    -      822.00000  701.74765  14.6%     - 1646s
  1163   946      -    -    -      822.00000  701.74765  14.6%     - 1745s
  1167   973      -    -    -      822.00000  701.74765  14.6%     - 1762s
  1195   965      -    -    -      822.00000  701.74765  14.6%     - 1804s
  1197   989      -    -    -      822.00000  701.74765  14.6%     - 1821s
  1221   987      -    -    -      822.00000  701.74765  14.6%     - 1972s
  1227   987      -    -    -      822.00000  701.74765  14.6%     - 2099s
  1229  1004      -    -    -      822.00000  701.74765  14.6%     - 2119s
  1257   997      -    -    -      822.00000  701.74765  14.6%     - 2191s
  1259  1027      -    -    -      822.00000  701.74765  14.6%     - 2213s
  1290  1019      -    -    -      822.00000  701.74765  14.6%     - 2275s
  1292  1052      -    -    -      822.00000  701.74765  14.6%     - 2297s
  1326  1043      -    -    -      822.00000  702.01852  14.6%     - 2400s
  1328  1066      -    -    -      822.00000  702.01852  14.6%     - 2463s
  1370  1062      -    -    -      822.00000  702.08025  14.6%     - 2534s
  1394  1100      -    -    -      822.00000  702.08025  14.6%     - 2582s
  1440  1101      -    -    -      822.00000  702.08025  14.6%     - 2759s
  1456  1140      -    -    -      822.00000  702.16948  14.6%     - 2800s
  1513  1171      -    -    -      822.00000  702.16948  14.6%     - 2938s
  1567  1207      -    -    -      822.00000  702.16948  14.6%     - 3027s
  1621  1243      -    -    -      822.00000  702.16948  14.6%     - 3079s
  1675  1249      -    -    -      822.00000  702.16948  14.6%     - 3126s
  1797  1265      -    -    -      822.00000  702.16948  14.6%     - 3169s
  1861  1245      -    -    -      822.00000  702.30284  14.6%     - 3322s
  1863  1295      -    -    -      822.00000  702.40724  14.5%     - 3383s
  1925  1278      -    -    -      822.00000  702.74993  14.5%     - 3446s
  1929  1343      -    -    -      822.00000  702.74993  14.5%     - 3494s
  1995  1333      -    -    -      822.00000  702.75714  14.5%     - 3550s
  2007  1383      -    -    -      822.00000  702.76218  14.5%     - 3618s
  2061  1389      -    -    -      822.00000  702.76533  14.5%     - 3713s
  2115  1425      -    -    -      822.00000  702.76533  14.5%     - 3774s
  2169  1461      -    -    -      822.00000  703.23504  14.4%     - 3843s
  2223  1498      -    -    -      822.00000  703.23504  14.4%     - 3934s
  2278  1512      -    -    -      822.00000  703.23504  14.4%     - 4012s
  2311  1584      -    -    -      822.00000  703.26577  14.4%     - 4080s
  2398  1616      -    -    -      822.00000  703.26577  14.4%     - 4147s
  2473  1636      -    -    -      822.00000  703.29003  14.4%     - 4219s
  2537  1700      -    -    -      822.00000  703.29003  14.4%     - 4293s
  2632  1692      -    -    -      822.00000  703.47909  14.4%     - 4448s
  2656  1688      -    -    -      822.00000  703.74057  14.4%     - 4655s
  2670  1689      -    -    -      822.00000  703.74057  14.4%     - 4777s
  2695  1800      -    -    -      822.00000  703.83614  14.4%     - 4900s
  2839  1919      -    -    -      822.00000  703.83614  14.4%     - 4986s
  3035  1984      -    -    -      822.00000  704.51693  14.3%     - 5081s
  3116  2038      -    -    -      822.00000  704.56838  14.3%     - 5205s
  3170  2092      -    -    -      822.00000  704.56838  14.3%     - 5351s
  3224  2144      -    -    -      822.00000  704.59814  14.3%     - 5564s
  3280  2176      -    -    -      822.00000  704.81911  14.3%     - 5873s
  3334  2414      -    -    -      822.00000  704.81911  14.3%     - 5986s
  3606  2574      -    -    -      822.00000  704.82771  14.3%     - 6100s
  3778  2725      -    -    -      822.00000  704.84127  14.3%     - 6220s
  3957  2961      -    -    -      822.00000  704.84127  14.3%     - 6341s
  4225  3164      -    -    -      822.00000  705.07390  14.2%     - 6469s
  4446  3249      -    -    -      822.00000  705.15132  14.2%     - 6609s
  4573  3528      -    -    -      822.00000  705.26155  14.2%     - 6744s
  4964  3748      -    -    -      822.00000  705.34065  14.2%     - 6881s
  5218  3826      -    -    -      822.00000  705.34065  14.2%     - 7070s
  5317  4163      -    -    -      822.00000  705.34065  14.2%     - 7219s
  5724  4455      -    -    -      822.00000  705.47667  14.2%     - 7373s
  6054  4745      -    -    -      822.00000  705.81944  14.1%     - 7511s
  6442  5034      -    -    -      822.00000  705.90171  14.1%     - 7654s
  6801  5375      -    -    -      822.00000  705.90171  14.1%     - 7791s
  7230  5693      -    -    -      822.00000  705.90171  14.1%     - 8001s
  7610  5817      -    -    -      822.00000  705.90816  14.1%     - 8107s
  7792  6009      -    -    -      822.00000  705.93056  14.1%     - 8226s
  8002  6117      -    -    -      822.00000  705.93056  14.1%     - 8345s
  8142  6216      -    -    -      822.00000  705.93183  14.1%     - 8455s
  8241  6373      -    -    -      822.00000  705.93468  14.1%     - 8588s
  8424  6646      -    -    -      822.00000  705.95580  14.1%     - 8706s
  8781  6894      -    -    -      822.00000  705.95580  14.1%     - 8819s
  9071  6999      -    -    -      822.00000  705.95580  14.1%     - 8927s
  9178  7220      -    -    -      822.00000  705.96032  14.1%     - 9038s
  9473  7448      -    -    -      822.00000  705.96069  14.1%     - 9152s
  9751  7530      -    -    -      822.00000  706.18117  14.1%     - 9356s
  9861  7659      -    -    -      822.00000  706.23136  14.1%     - 9468s
 10040  7852      -    -    -      822.00000  706.42430  14.1%     - 9573s
 10279  8041      -    -    -      822.00000  706.44496  14.1%     - 9675s
 10518  8231      -    -    -      822.00000  706.44496  14.1%     - 9781s
 10722  8402      -    -    -      822.00000  706.44496  14.1%     - 9886s
 10963  8596      -    -    -      822.00000  706.58770  14.0%     - 9989s
 11213  8732      -    -    -      822.00000  706.59459  14.0%     - 10098s
 11389  8958      -    -    -      822.00000  706.67399  14.0%     - 10205s
 11667  9214      -    -    -      822.00000  706.70217  14.0%     - 10309s
 11971  9433      -    -    -      822.00000  706.75732  14.0%     - 10408s
 12240  9607      -    -    -      822.00000  706.76579  14.0%     - 10506s
 12462  9826      -    -    -      822.00000  706.80104  14.0%     - 10605s
 12713  9950      -    -    -      822.00000  706.80104  14.0%     - 10704s
 12871 10062      -    -    -      822.00000  706.81084  14.0%     - 10804s
 12983 10240      -    -    -      822.00000  706.81084  14.0%     - 10911s
 13185 10314      -    -    -      822.00000  706.82695  14.0%     - 11025s
 13287 10471      -    -    -      822.00000  706.87250  14.0%     - 11130s
 13506 10584      -    -    -      822.00000  706.87250  14.0%     - 11232s
 13685 10784      -    -    -      822.00000  706.92928  14.0%     - 11342s
 13913 10953      -    -    -      822.00000  706.92928  14.0%     - 11452s
 14114 11190      -    -    -      822.00000  706.97457  14.0%     - 11554s
 14399 11301      -    -    -      822.00000  706.98454  14.0%     - 11662s
 14538 11593      -    -    -      822.00000  706.98457  14.0%     - 11811s
 14908 11639      -    -    -      822.00000  706.98720  14.0%     - 11901s
 14954 11742      -    -    -      822.00000  707.00260  14.0%     - 12006s
 15057 11850      -    -    -      822.00000  707.00791  14.0%     - 12118s
 15201 12005      -    -    -      822.00000  707.01120  14.0%     - 12245s
 15356 12239      -    -    -      822.00000  707.15278  14.0%     - 12384s
 15640 12471      -    -    -      822.00000  707.19803  14.0%     - 12507s
 15906 12605      -    -    -      822.00000  707.21244  14.0%     - 12631s
 16084 12864      -    -    -      822.00000  707.23504  14.0%     - 12752s
 16429 13086      -    -    -      822.00000  707.23504  14.0%     - 12862s
 16695 13232      -    -    -      822.00000  707.23504  14.0%     - 12969s
 16863 13448      -    -    -      822.00000  707.23504  14.0%     - 13073s
 17119 13551      -    -    -      822.00000  707.23504  14.0%     - 13208s
 17252 13791      -    -    -      822.00000  707.26389  14.0%     - 13313s
 17540 13974      -    -    -      822.00000  707.26389  14.0%     - 13419s
 17754 14131      -    -    -      822.00000  707.31297  14.0%     - 13524s
 17967 14389      -    -    -      822.00000  707.31297  14.0%     - 13629s
 18271 14544      -    -    -      822.00000  707.51614  13.9%     - 13734s
 18452 14658      -    -    -      822.00000  707.51614  13.9%     - 13892s
 18598 14811      -    -    -      822.00000  707.51856  13.9%     - 14019s
 18771 14982      -    -    -      822.00000  707.51875  13.9%     - 14124s
 18968 15010      -    -    -      822.00000  707.51875  13.9%     - 14234s
 19014 15206      -    -    -      822.00000  707.51875  13.9%     - 14345s
 19238 15264      -    -    -      822.00000  707.51875  13.9%     - 14400s

Cutting planes:
  Gomory: 9
  Zero half: 51
  RLT: 2

Instance 58 was solved

Explored 21772 nodes (44642881 simplex iterations) in 14401.15 seconds (16724.38 work units)
Thread count was 2 (of 128 available processors)

Solution count 1: 822 

Time limit reached
Best objective 8.220000000000e+02, best bound 7.080000000000e+02, gap 13.8686%
