
Gurobi 10.0.3 (linux64) logging started Wed Sep  4 16:29:08 2024

Set parameter LogFile to value "local/logs/w4-k5-s2.log"

Gurobi 10.0.3 (linux64) logging started Wed Sep  4 16:29:08 2024

Set parameter LogFile to value "local/logs/w4-k5-s2.log"
Warning: variable name "x_(00000000, 0)" has a space
Warning: default variable names used to write mps file
Gurobi Optimizer version 10.0.3 build v10.0.3rc0 (linux64)

CPU model: AMD EPYC 7742 64-Core Processor, instruction set [SSE2|AVX|AVX2]
Thread count: 64 physical cores, 128 logical processors, using up to 128 threads

Academic license 2533279 - for non-commercial use only - registered to bl___@rice.edu
Optimize a model with 8448 rows, 3072 columns and 17408 nonzeros
Model fingerprint: 0x965db3af
Variable types: 0 continuous, 3072 integer (3072 binary)
Coefficient statistics:
  Matrix range     [1e+00, 1e+00]
  Objective range  [1e+00, 1e+00]
  Bounds range     [1e+00, 1e+00]
  RHS range        [1e+00, 1e+00]

Concurrent MIP optimizer: 64 concurrent instances (2 threads per instance)


User MIP start produced solution with objective 688 (0.06s)
Loaded user MIP start with objective 688

Presolve removed 40 rows and 2 columns
Presolve time: 0.03s
Presolved: 8408 rows, 3070 columns, 17352 nonzeros
Variable types: 0 continuous, 3070 integer (3070 binary)
Root relaxation presolved: 8408 rows, 3070 columns, 17352 nonzeros

Concurrent LP optimizer: dual simplex and barrier
Showing barrier log only...

Root barrier log...

Ordering time: 0.01s

Barrier statistics:
 AA' NZ     : 1.265e+04
 Factor NZ  : 8.378e+04 (roughly 2 MB of memory)
 Factor Ops : 4.180e+06 (less than 1 second per iteration)
 Threads    : 1

                  Objective                Residual
Iter       Primal          Dual         Primal    Dual     Compl     Time
   0   1.72362312e+03 -1.18679582e+03  2.02e+00 1.20e-01  2.61e+00     0s
   1   1.14269141e+03 -1.44544302e+02  2.00e-15 3.33e-15  3.62e-01     0s
   2   6.28492027e+02  4.78226613e+02  4.44e-16 2.22e-15  4.23e-02     0s

Barrier performed 2 iterations in 0.14 seconds (0.04 work units)
Barrier solve interrupted - model solved by another algorithm


Solved with dual simplex

Use crossover to convert LP symmetric solution to basic solution...

Root relaxation: objective 5.210000e+02, 1163 iterations, 0.06 seconds (0.04 work units)

    Nodes    |    Current Node    |     Objective Bounds      |     Work
 Expl Unexpl |  Obj  Depth IntInf | Incumbent    BestBd   Gap | It/Node Time

     0     0      -    -    -      688.00000  521.00000  24.3%     -    0s
     0     0      -    -    -      688.00000  526.84185  23.4%     -    1s
     0     0      -    -    -      688.00000  527.06798  23.4%     -    2s
     0     0      -    -    -      688.00000  527.06900  23.4%     -    2s
     0     0      -    -    -      688.00000  527.12617  23.4%     -    2s
     0     0      -    -    -      688.00000  527.15665  23.4%     -    2s
     0     0      -    -    -      688.00000  527.18685  23.4%     -    2s
     0     0      -    -    -      688.00000  527.20981  23.4%     -    2s
     0     0      -    -    -      688.00000  529.04019  23.1%     -    3s
     0     0      -    -    -      688.00000  529.29591  23.1%     -    3s
     0     0      -    -    -      688.00000  529.30820  23.1%     -    3s
     0     0      -    -    -      688.00000  529.30936  23.1%     -    3s
     0     0      -    -    -      688.00000  529.31140  23.1%     -    3s
     0     0      -    -    -      688.00000  529.31281  23.1%     -    3s
     0     0      -    -    -      688.00000  530.54235  22.9%     -    5s
     0     0      -    -    -      688.00000  530.64134  22.9%     -    5s
     0     0      -    -    -      688.00000  530.65136  22.9%     -    5s
     0     0      -    -    -      688.00000  532.33081  22.6%     -    8s
     0     0      -    -    -      688.00000  532.58989  22.6%     -    8s
     0     0      -    -    -      688.00000  532.59353  22.6%     -    8s
     0     0      -    -    -      688.00000  532.59449  22.6%     -    8s
     0     0      -    -    -      688.00000  533.74594  22.4%     -    9s
     0     2      -    -    -      687.00000  542.20464  21.1%     - 1037s
     5     8      -    -    -      687.00000  542.20464  21.1%     - 1040s
     9    12      -    -    -      687.00000  542.20464  21.1%     - 1069s
    11    14      -    -    -      687.00000  542.20464  21.1%     - 1071s
    19    22      -    -    -      687.00000  542.20464  21.1%     - 1075s
    27    30      -    -    -      687.00000  542.20464  21.1%     - 1099s
    29    33      -    -    -      687.00000  542.20464  21.1%     - 1101s
    35    40      -    -    -      687.00000  542.20464  21.1%     - 1119s
    39    44      -    -    -      687.00000  542.20464  21.1%     - 1121s
    51    57      -    -    -      687.00000  542.20464  21.1%     - 1126s
    62    67      -    -    -      687.00000  542.20464  21.1%     - 1138s
    66    74      -    -    -      687.00000  542.20464  21.1%     - 1140s
    81    84      -    -    -      687.00000  542.20464  21.1%     - 1148s
    83    91      -    -    -      687.00000  542.20464  21.1%     - 1151s
    90    93      -    -    -      687.00000  542.20464  21.1%     - 1156s
   102   110      -    -    -      687.00000  542.20464  21.1%     - 1161s
   115   115      -    -    -      687.00000  542.20464  21.1%     - 1165s
   133   121      -    -    -      687.00000  542.20464  21.1%     - 1170s
   146   138      -    -    -      687.00000  542.20464  21.1%     - 1178s
   155   146      -    -    -      687.00000  542.20464  21.1%     - 1183s
   163   156      -    -    -      687.00000  542.20464  21.1%     - 1188s
   173   165      -    -    -      687.00000  542.20464  21.1%     - 1193s
   182   174      -    -    -      687.00000  542.20464  21.1%     - 1199s
   191   180      -    -    -      687.00000  542.20464  21.1%     - 1205s
   197   182      -    -    -      687.00000  542.20464  21.1%     - 1228s
   199   185      -    -    -      687.00000  542.82516  21.0%     - 2663s
   202   187      -    -    -      687.00000  542.82516  21.0%     - 2680s
   204   189      -    -    -      687.00000  542.82516  21.0%     - 2706s
   206   191      -    -    -      687.00000  542.82516  21.0%     - 3298s
   208   204      -    -    -      687.00000  542.82516  21.0%     - 3305s
   233   222      -    -    -      687.00000  542.82516  21.0%     - 3311s
   251   242      -    -    -      687.00000  542.82516  21.0%     - 3317s
   271   264      -    -    -      687.00000  542.82516  21.0%     - 3324s
   293   280      -    -    -      687.00000  542.82516  21.0%     - 4638s
   309   315      -    -    -      687.00000  542.82516  21.0%     - 4648s
   344   351      -    -    -      687.00000  542.82516  21.0%     - 4657s
   380   370      -    -    -      687.00000  542.82516  21.0%     - 4667s
   415   393      -    -    -      687.00000  542.82516  21.0%     - 4676s
   438   419      -    -    -      687.00000  542.82516  21.0%     - 4685s
   464   443      -    -    -      687.00000  542.82516  21.0%     - 4694s
   488   468      -    -    -      687.00000  544.63399  20.7%     - 5765s
   513   509      -    -    -      687.00000  544.63399  20.7%     - 5777s
   554   515      -    -    -      687.00000  544.63399  20.7%     - 5858s
   560   557      -    -    -      687.00000  544.63399  20.7%     - 5871s
   612   586      -    -    -      687.00000  544.63399  20.7%     - 5884s
   673   640      -    -    -      687.00000  544.63399  20.7%     - 6174s
   728   641      -    -    -      687.00000  544.92706  20.7%     - 6563s
   731   643      -    -    -      687.00000  544.92706  20.7%     - 6566s
   737   647      -    -    -      687.00000  544.92706  20.7%     - 6570s
   745   652      -    -    -      687.00000  544.92706  20.7%     - 6575s
   746   653      -    -    -      687.00000  544.92706  20.7%     - 7858s
   747   657      -    -    -      687.00000  544.92706  20.7%     - 7861s
   751   659      -    -    -      687.00000  544.92706  20.7%     - 7865s
   757   663      -    -    -      687.00000  544.92706  20.7%     - 7870s
   763   667      -    -    -      687.00000  544.92706  20.7%     - 7875s
   771   673      -    -    -      687.00000  544.92706  20.7%     - 7881s
   777   678      -    -    -      687.00000  544.92706  20.7%     - 7885s
   784   682      -    -    -      687.00000  544.92706  20.7%     - 7890s
   795   691      -    -    -      687.00000  544.92706  20.7%     - 7896s
   799   693      -    -    -      687.00000  544.92706  20.7%     - 9179s
   803   699      -    -    -      687.00000  544.92706  20.7%     - 9182s
   810   703      -    -    -      687.00000  544.92706  20.7%     - 9185s
   823   713      -    -    -      687.00000  544.92706  20.7%     - 9193s
   831   719      -    -    -      687.00000  544.92706  20.7%     - 9196s
   839   724      -    -    -      687.00000  544.92706  20.7%     - 9200s
   856   730      -    -    -      687.00000  544.92706  20.7%     - 9208s
   867   733      -    -    -      687.00000  544.92706  20.7%     - 9212s
   873   736      -    -    -      687.00000  544.92706  20.7%     - 9216s
   878   741      -    -    -      687.00000  544.92706  20.7%     - 9223s
   885   742      -    -    -      687.00000  544.92706  20.7%     - 9284s
   888   745      -    -    -      687.00000  544.92706  20.7%     - 9380s
   892   748      -    -    -      687.00000  544.92706  20.7%     - 9744s
   897   749      -    -    -      687.00000  545.50503  20.6%     - 11505s
   905   753      -    -    -      687.00000  545.50503  20.6%     - 11534s
   924   758      -    -    -      687.00000  545.50503  20.6%     - 11544s
   935   764      -    -    -      687.00000  545.50503  20.6%     - 11555s
   945   770      -    -    -      687.00000  545.50503  20.6%     - 11567s
   954   776      -    -    -      687.00000  545.50503  20.6%     - 11581s
   963   775      -    -    -      687.00000  545.50503  20.6%     - 11609s
   965   785      -    -    -      687.00000  545.50503  20.6%     - 11620s
   986   796      -    -    -      687.00000  545.50503  20.6%     - 11632s
  1004   810      -    -    -      687.00000  545.50503  20.6%     - 11643s
  1024   824      -    -    -      687.00000  545.50503  20.6%     - 11654s
  1045   846      -    -    -      687.00000  545.50503  20.6%     - 11667s
  1074   839      -    -    -      687.00000  545.50503  20.6%     - 11840s
  1076   868      -    -    -      687.00000  545.50503  20.6%     - 11853s
  1106   889      -    -    -      687.00000  545.50503  20.6%     - 11866s
  1137   914      -    -    -      687.00000  545.50503  20.6%     - 11879s
  1178   923      -    -    -      687.00000  545.50503  20.6%     - 11893s
  1207   941      -    -    -      687.00000  545.50503  20.6%     - 11906s
  1235   964      -    -    -      687.00000  545.50503  20.6%     - 11920s
  1267   981      -    -    -      687.00000  545.50503  20.6%     - 11934s
  1303   994      -    -    -      687.00000  545.50503  20.6%     - 11948s
  1334  1022      -    -    -      687.00000  545.50503  20.6%     - 11963s
  1372  1055      -    -    -      687.00000  545.50503  20.6%     - 12193s
  1418  1077      -    -    -      687.00000  545.50503  20.6%     - 12213s
  1505  1101      -    -    -      687.00000  545.50503  20.6%     - 12231s
  1558  1119      -    -    -      687.00000  545.50503  20.6%     - 12250s
  1610  1132      -    -    -      687.00000  545.50503  20.6%     - 12269s
  1670  1150      -    -    -      687.00000  545.50503  20.6%     - 12289s
  1712  1195      -    -    -      687.00000  545.50503  20.6%     - 12310s
  1777  1209      -    -    -      687.00000  547.12121  20.4%     - 13884s
  1825  1282      -    -    -      687.00000  547.29801  20.3%     - 13912s
  1920  1252      -    -    -      687.00000  547.29801  20.3%     - 14400s

Cutting planes:
  Gomory: 8
  Zero half: 173
  RLT: 32

Instance 25 was solved

Explored 905 nodes (1558722 simplex iterations) in 14400.18 seconds (20450.07 work units)
Thread count was 2 (of 128 available processors)

Solution count 1: 687 

Time limit reached
Best objective 6.870000000000e+02, best bound 5.480000000000e+02, gap 20.2329%

Gurobi 10.0.3 (linux64) logging started Thu Sep  5 02:06:50 2024

Set parameter LogFile to value "local/logs/w4-k5-s2.log"

Gurobi 10.0.3 (linux64) logging started Thu Sep  5 02:06:50 2024

Set parameter LogFile to value "local/logs/w4-k5-s2.log"
Warning: variable name "x_(00000000, 0)" has a space
Warning: default variable names used to write mps file
Gurobi Optimizer version 10.0.3 build v10.0.3rc0 (linux64)

CPU model: AMD EPYC 7742 64-Core Processor, instruction set [SSE2|AVX|AVX2]
Thread count: 64 physical cores, 128 logical processors, using up to 128 threads

Academic license 2533279 - for non-commercial use only - registered to bl___@rice.edu
Optimize a model with 8449 rows, 3584 columns and 17920 nonzeros
Model fingerprint: 0xf86d62df
Model has 1536 general constraints
Variable types: 0 continuous, 3584 integer (3584 binary)
Coefficient statistics:
  Matrix range     [1e+00, 1e+00]
  Objective range  [1e+00, 1e+00]
  Bounds range     [1e+00, 1e+00]
  RHS range        [1e+00, 2e+02]
  GenCon coe range [1e+00, 1e+00]

Concurrent MIP optimizer: 64 concurrent instances (2 threads per instance)


User MIP start produced solution with objective 688 (0.11s)
Loaded user MIP start with objective 688

Presolve added 4559 rows and 1533 columns
Presolve time: 0.13s
Presolved: 13008 rows, 5117 columns, 30127 nonzeros
Variable types: 0 continuous, 5117 integer (5117 binary)

Concurrent LP optimizer: dual simplex and barrier
Showing barrier log only...

Root relaxation presolved: 13008 rows, 5117 columns, 30127 nonzeros

Root barrier log...

Ordering time: 0.09s

Barrier statistics:
 AA' NZ     : 6.363e+04
 Factor NZ  : 4.629e+05 (roughly 7 MB of memory)
 Factor Ops : 4.905e+07 (less than 1 second per iteration)
 Threads    : 1

                  Objective                Residual
Iter       Primal          Dual         Primal    Dual     Compl     Time
   0   2.08816335e+04 -9.32571477e+02  2.52e+03 4.50e-02  1.28e+01     0s
   1   6.96699428e+03 -2.43480712e+03  3.20e+02 2.66e-15  1.84e+00     0s
   2   2.06024063e+03 -9.28394959e+02  8.29e+00 1.42e-13  2.74e-01     0s
   3   7.79679955e+02  5.32567753e+01  2.71e-01 2.80e-14  6.31e-02     0s
   4   5.53899264e+02  4.17117757e+02  3.02e-02 5.11e-15  1.19e-02     1s
   5   5.22203885e+02  5.15705070e+02  1.28e-12 1.96e-15  5.63e-04     1s
   6   5.21001210e+02  5.20994708e+02  2.22e-12 2.02e-15  5.63e-07     1s

Barrier performed 6 iterations in 0.55 seconds (0.23 work units)
Barrier solve interrupted - model solved by another algorithm


Solved with dual simplex

Root relaxation: objective 5.210000e+02, 3308 iterations, 0.29 seconds (0.13 work units)

    Nodes    |    Current Node    |     Objective Bounds      |     Work
 Expl Unexpl |  Obj  Depth IntInf | Incumbent    BestBd   Gap | It/Node Time

     0     0      -    -    -      688.00000  521.00000  24.3%     -    0s
     0     0      -    -    -      688.00000  524.20083  23.8%     -    2s
     0     0      -    -    -      688.00000  524.37852  23.8%     -    2s
     0     0      -    -    -      688.00000  524.37852  23.8%     -    2s
     0     0      -    -    -      688.00000  525.98649  23.5%     -    3s
     0     0      -    -    -      688.00000  526.01923  23.5%     -    3s
     0     0      -    -    -      688.00000  526.14120  23.5%     -    3s
     0     0      -    -    -      688.00000  526.15185  23.5%     -    3s
     0     0      -    -    -      688.00000  526.15352  23.5%     -    3s
     0     0      -    -    -      688.00000  526.15370  23.5%     -    3s
     0     0      -    -    -      688.00000  527.15307  23.4%     -    4s
     0     0      -    -    -      688.00000  527.16493  23.4%     -    4s
     0     0      -    -    -      688.00000  527.71667  23.3%     -    6s
     0     0      -    -    -      688.00000  527.74027  23.3%     -    6s
     0     0      -    -    -      688.00000  527.74027  23.3%     -    6s
     0     2      -    -    -      688.00000  530.37500  22.9%     -   10s
     5     8      -    -    -      688.00000  532.37500  22.6%     -   15s
     9    12      -    -    -      688.00000  532.37500  22.6%     -   21s
    13    16      -    -    -      688.00000  534.00000  22.4%     -   26s
    19    22      -    -    -      688.00000  534.00000  22.4%     -   30s
    26    30      -    -    -      688.00000  534.00000  22.4%     -   38s
    29    34      -    -    -      688.00000  534.00000  22.4%     -   40s
    42    47      -    -    -      688.00000  534.00000  22.4%     -   47s
    49    54      -    -    -      688.00000  534.00000  22.4%     -   50s
    57    63      -    -    -      688.00000  534.00000  22.4%     -   56s
    66    71      -    -    -      688.00000  534.00000  22.4%     -   62s
    70    73      -    -    -      688.00000  534.00000  22.4%     -   68s
    72    75      -    -    -      688.00000  534.00000  22.4%     -   75s
    79    86      -    -    -      688.00000  534.00000  22.4%     -   82s
    85    91      -    -    -      688.00000  534.00000  22.4%     -   86s
    90    93      -    -    -      688.00000  534.00000  22.4%     -   90s
    96   100      -    -    -      688.00000  534.00000  22.4%     -   98s
    99   105      -    -    -      688.00000  534.00000  22.4%     -  103s
   104   109      -    -    -      688.00000  534.00000  22.4%     -  107s
   108   115      -    -    -      688.00000  534.00000  22.4%     -  112s
   114   120      -    -    -      688.00000  534.00000  22.4%     -  117s
   119   122      -    -    -      688.00000  534.00000  22.4%     -  122s
   125   124      -    -    -      688.00000  535.41910  22.2%     -  128s
   131   123      -    -    -      688.00000  535.41910  22.2%     -  146s
   136   125      -    -    -      688.00000  535.41910  22.2%     -  169s
   138   135      -    -    -      688.00000  535.41910  22.2%     -  173s
   148   137      -    -    -      688.00000  536.27500  22.1%     -  190s
   161   159      -    -    -      688.00000  538.00000  21.8%     -  200s
   172   169      -    -    -      688.00000  538.00000  21.8%     -  232s
   182   183      -    -    -      688.00000  538.00000  21.8%     -  239s
   196   195      -    -    -      688.00000  538.00000  21.8%     -  246s
   208   199      -    -    -      688.00000  538.00000  21.8%     -  270s
   212   206      -    -    -      688.00000  538.00000  21.8%     -  277s
   219   224      -    -    -      688.00000  538.00000  21.8%     -  284s
   237   228      -    -    -      688.00000  538.00000  21.8%     -  336s
   241   245      -    -    -      688.00000  538.00000  21.8%     -  344s
   258   247      -    -    -      688.00000  538.00000  21.8%     -  390s
   260   260      -    -    -      687.00000  538.00000  21.7%     -  431s
   273   271      -    -    -      687.00000  538.00000  21.7%     -  441s
   294   283      -    -    -      687.00000  538.00000  21.7%     -  486s
   306   307      -    -    -      687.00000  538.00000  21.7%     -  497s
   330   313      -    -    -      687.00000  538.00000  21.7%     -  537s
   336   336      -    -    -      687.00000  538.00000  21.7%     -  548s
   359   344      -    -    -      687.00000  538.00000  21.7%     -  583s
   367   365      -    -    -      687.00000  538.00000  21.7%     -  596s
   392   366      -    -    -      687.00000  538.00000  21.7%     -  634s
   397   385      -    -    -      687.00000  538.00000  21.7%     -  647s
   428   387      -    -    -      687.00000  538.00000  21.7%     -  698s
   430   415      -    -    -      687.00000  538.00000  21.7%     -  710s
   458   417      -    -    -      687.00000  538.00000  21.7%     -  754s
   460   446      -    -    -      687.00000  538.00000  21.7%     -  770s
   489   448      -    -    -      687.00000  538.00000  21.7%     -  804s
   491   480      -    -    -      687.00000  538.00000  21.7%     -  820s
   523   482      -    -    -      687.00000  538.00000  21.7%     -  874s
   525   484      -    -    -      687.00000  538.00000  21.7%     -  920s
   527   518      -    -    -      687.00000  538.00000  21.7%     -  936s
   561   520      -    -    -      687.00000  538.00000  21.7%     -  981s
   563   568      -    -    -      687.00000  538.00000  21.7%     - 1000s
   611   570      -    -    -      687.00000  538.00000  21.7%     - 1078s
   613   603      -    -    -      687.00000  538.00000  21.7%     - 1096s
   648   604      -    -    -      687.00000  538.00000  21.7%     - 1218s
   651   612      -    -    -      687.00000  538.00000  21.7%     - 1261s
   689   661      -    -    -      687.00000  538.00000  21.7%     - 1278s
   739   662      -    -    -      687.00000  538.00000  21.7%     - 1282s
   742   664      -    -    -      687.00000  538.00000  21.7%     - 1286s
   749   669      -    -    -      687.00000  538.00000  21.7%     - 1290s
   753   671      -    -    -      687.00000  538.00000  21.7%     - 1298s
   754   675      -    -    -      687.00000  538.00000  21.7%     - 1300s
   762   680      -    -    -      687.00000  538.00000  21.7%     - 1305s
   771   686      -    -    -      687.00000  538.00000  21.7%     - 1311s
   779   693      -    -    -      687.00000  538.00000  21.7%     - 1316s
   788   698      -    -    -      687.00000  538.00000  21.7%     - 1321s
   794   703      -    -    -      687.00000  538.00000  21.7%     - 1325s
   800   707      -    -    -      687.00000  538.00000  21.7%     - 1330s
   803   708      -    -    -      687.00000  538.00000  21.7%     - 1336s
   808   713      -    -    -      687.00000  538.00000  21.7%     - 1342s
   817   720      -    -    -      687.00000  538.00000  21.7%     - 1347s
   822   724      -    -    -      687.00000  538.00000  21.7%     - 1350s
   832   731      -    -    -      687.00000  538.00000  21.7%     - 1358s
   838   735      -    -    -      687.00000  538.00000  21.7%     - 1361s
   844   738      -    -    -      687.00000  538.00000  21.7%     - 1366s
   852   742      -    -    -      687.00000  538.00000  21.7%     - 1373s
   856   746      -    -    -      687.00000  538.00000  21.7%     - 1376s
   861   749      -    -    -      687.00000  538.00000  21.7%     - 1381s
   866   751      -    -    -      687.00000  538.00000  21.7%     - 1398s
   869   750      -    -    -      687.00000  538.00000  21.7%     - 1416s
   873   749      -    -    -      687.00000  538.00000  21.7%     - 1420s
   882   745      -    -    -      687.00000  538.00000  21.7%     - 1441s
   887   744      -    -    -      687.00000  538.00000  21.7%     - 1445s
   899   739      -    -    -      687.00000  538.00000  21.7%     - 1464s
   902   746      -    -    -      687.00000  538.00000  21.7%     - 1468s
   912   751      -    -    -      687.00000  538.00000  21.7%     - 1473s
   921   757      -    -    -      687.00000  538.00000  21.7%     - 1477s
   930   759      -    -    -      687.00000  538.00000  21.7%     - 1499s
   935   767      -    -    -      687.00000  538.00000  21.7%     - 1506s
   944   767      -    -    -      687.00000  538.00000  21.7%     - 1512s
   947   775      -    -    -      687.00000  538.00000  21.7%     - 1518s
   956   780      -    -    -      687.00000  538.00000  21.7%     - 1525s
   964   779      -    -    -      687.00000  538.00000  21.7%     - 1553s
   966   788      -    -    -      687.00000  538.00000  21.7%     - 1560s
   976   800      -    -    -      687.00000  538.00000  21.7%     - 1568s
   991   799      -    -    -      687.00000  538.00000  21.7%     - 1611s
   995   810      -    -    -      687.00000  538.00000  21.7%     - 1621s
  1007   808      -    -    -      687.00000  538.00000  21.7%     - 1673s
  1009   819      -    -    -      687.00000  538.00000  21.7%     - 1681s
  1025   814      -    -    -      687.00000  538.00000  21.7%     - 1709s
  1029   820      -    -    -      687.00000  538.00000  21.7%     - 1718s
  1045   835      -    -    -      687.00000  538.00000  21.7%     - 1749s
  1065   854      -    -    -      687.00000  538.00000  21.7%     - 1761s
  1091   848      -    -    -      687.00000  538.02500  21.7%     - 1796s
  1093   875      -    -    -      687.00000  538.02500  21.7%     - 1807s
  1121   868      -    -    -      687.00000  538.02500  21.7%     - 1838s
  1123   893      -    -    -      687.00000  538.02500  21.7%     - 1849s
  1149   886      -    -    -      687.00000  538.02500  21.7%     - 1886s
  1151   909      -    -    -      687.00000  538.02500  21.7%     - 1898s
  1174   909      -    -    -      687.00000  538.02500  21.7%     - 1971s
  1182   925      -    -    -      687.00000  538.02500  21.7%     - 1986s
  1211   915      -    -    -      687.00000  538.02500  21.7%     - 2036s
  1216   926      -    -    -      687.00000  538.02500  21.7%     - 2052s
  1239   917      -    -    -      687.00000  538.02500  21.7%     - 2089s
  1250   922      -    -    -      687.00000  538.61032  21.6%     - 2122s
  1258   947      -    -    -      687.00000  538.61032  21.6%     - 2139s
  1286   940      -    -    -      687.00000  539.12500  21.5%     - 2205s
  1288   974      -    -    -      687.00000  539.12500  21.5%     - 2223s
  1323   964      -    -    -      687.00000  539.12500  21.5%     - 2298s
  1325   997      -    -    -      687.00000  539.12500  21.5%     - 2317s
  1358   998      -    -    -      687.00000  539.12500  21.5%     - 2390s
  1412   982      -    -    -      687.00000  539.12500  21.5%     - 2432s
  1414  1031      -    -    -      687.00000  539.12500  21.5%     - 2487s
  1464  1050      -    -    -      687.00000  539.12500  21.5%     - 2505s
  1500  1040      -    -    -      687.00000  539.12500  21.5%     - 2547s
  1502  1083      -    -    -      687.00000  539.12500  21.5%     - 2571s
  1545  1067      -    -    -      687.00000  539.12500  21.5%     - 2627s
  1558  1093      -    -    -      687.00000  539.12500  21.5%     - 2717s
  1590  1123      -    -    -      687.00000  539.12500  21.5%     - 2746s
  1641  1108      -    -    -      687.00000  539.56847  21.5%     - 2805s
  1643  1145      -    -    -      687.00000  540.00000  21.4%     - 2868s
  1696  1129      -    -    -      687.00000  540.00000  21.4%     - 2920s
  1698  1178      -    -    -      687.00000  540.00000  21.4%     - 3022s
  1748  1202      -    -    -      687.00000  540.25096  21.4%     - 3101s
  1802  1185      -    -    -      687.00000  540.87500  21.3%     - 3261s
  1805  1234      -    -    -      687.00000  540.88217  21.3%     - 3319s
  1855  1271      -    -    -      687.00000  540.88217  21.3%     - 3406s
  1909  1295      -    -    -      687.00000  540.88217  21.3%     - 3484s
  1965  1275      -    -    -      687.00000  540.88217  21.3%     - 3530s
  1974  1296      -    -    -      687.00000  540.94170  21.3%     - 3635s
  2010  1338      -    -    -      687.00000  540.94170  21.3%     - 3725s
  2064  1374      -    -    -      687.00000  541.07587  21.2%     - 3852s
  2118  1407      -    -    -      687.00000  542.87500  21.0%     - 3940s
  2173  1392      -    -    -      687.00000  542.87500  21.0%     - 4043s
  2176  1421      -    -    -      687.00000  542.87500  21.0%     - 4184s
  2224  1447      -    -    -      687.00000  542.87500  21.0%     - 4266s
  2278  1488      -    -    -      687.00000  542.87500  21.0%     - 4347s
  2337  1495      -    -    -      687.00000  543.00000  21.0%     - 4475s
  2402  1526      -    -    -      687.00000  543.00000  21.0%     - 4584s
  2456  1587      -    -    -      687.00000  543.01384  21.0%     - 4666s
  2563  1591      -    -    -      687.00000  543.25159  20.9%     - 4772s
  2603  1636      -    -    -      687.00000  543.25159  20.9%     - 4957s
  2667  1657      -    -    -      687.00000  543.25159  20.9%     - 5045s
  2744  1634      -    -    -      687.00000  544.25000  20.8%     - 5362s
  2746  1718      -    -    -      687.00000  544.75000  20.7%     - 5703s
  2843  1706      -    -    -      687.00000  544.87500  20.7%     - 5831s
  2846  1776      -    -    -      687.00000  544.87500  20.7%     - 6016s
  2948  1920      -    -    -      687.00000  544.87500  20.7%     - 6113s
  3114  2021      -    -    -      687.00000  545.00000  20.7%     - 6216s
  3241  2128      -    -    -      687.00000  545.00000  20.7%     - 6333s
  3386  2134      -    -    -      687.00000  545.37500  20.6%     - 6601s
  3392  2321      -    -    -      687.00000  545.38098  20.6%     - 6723s
  3629  2445      -    -    -      687.00000  546.00000  20.5%     - 6850s
  3771  2565      -    -    -      687.00000  546.00000  20.5%     - 6984s
  3891  2635      -    -    -      687.00000  546.00000  20.5%     - 7123s
  3985  2751      -    -    -      687.00000  546.87500  20.4%     - 7283s
  4123  2846      -    -    -      687.00000  546.87500  20.4%     - 7427s
  4238  2865      -    -    -      687.00000  546.87500  20.4%     - 7586s
  4257  2986      -    -    -      687.00000  547.00000  20.4%     - 7741s
  4406  3173      -    -    -      687.00000  547.25000  20.3%     - 7899s
  4649  3303      -    -    -      687.00000  547.25000  20.3%     - 8075s
  4811  3357      -    -    -      687.00000  548.62500  20.1%     - 8266s
  4865  3544      -    -    -      687.00000  548.62500  20.1%     - 8435s
  5098  3814      -    -    -      687.00000  548.62500  20.1%     - 8612s
  5420  4024      -    -    -      687.00000  548.87500  20.1%     - 8797s
  5646  4221      -    -    -      687.00000  548.87500  20.1%     - 9002s
  5895  4364      -    -    -      687.00000  548.87500  20.1%     - 9198s
  6076  4568      -    -    -      687.00000  548.87736  20.1%     - 9391s
  6348  4782      -    -    -      687.00000  548.88481  20.1%     - 9594s
  6586  4928      -    -    -      687.00000  548.88481  20.1%     - 9790s
  6768  5195      -    -    -      687.00000  549.00000  20.1%     - 9986s
  7097  5430      -    -    -      687.00000  549.00000  20.1%     - 10185s
  7412  5695      -    -    -      687.00000  549.00305  20.1%     - 10435s
  7789  5876      -    -    -      687.00000  549.01471  20.1%     - 10569s
  7990  5892      -    -    -      687.00000  549.25000  20.1%     - 10722s
  8026  6104      -    -    -      687.00000  549.25000  20.1%     - 10868s
  8283  6296      -    -    -      687.00000  549.25000  20.1%     - 11011s
  8491  6388      -    -    -      687.00000  549.25000  20.1%     - 11151s
  8587  6428      -    -    -      687.00000  549.25000  20.1%     - 11291s
  8643  6572      -    -    -      687.00000  549.25000  20.1%     - 11442s
  8827  6727      -    -    -      687.00000  549.30884  20.0%     - 11599s
  9011  6861      -    -    -      687.00000  549.37500  20.0%     - 11759s
  9185  7041      -    -    -      687.00000  549.38509  20.0%     - 11923s
  9399  7274      -    -    -      687.00000  549.38509  20.0%     - 12089s
  9664  7521      -    -    -      687.00000  549.38509  20.0%     - 12254s
  9943  7608      -    -    -      687.00000  549.87735  20.0%     - 12408s
 10052  7820      -    -    -      687.00000  549.87735  20.0%     - 12559s
 10338  8025      -    -    -      687.00000  549.87735  20.0%     - 12704s
 10597  8157      -    -    -      687.00000  550.00000  19.9%     - 12853s
 10729  8249      -    -    -      687.00000  550.00000  19.9%     - 12997s
 10865  8414      -    -    -      687.00000  550.00000  19.9%     - 13141s
 11090  8559      -    -    -      687.00000  550.00000  19.9%     - 13291s
 11245  8726      -    -    -      687.00000  550.00000  19.9%     - 13440s
 11460  8959      -    -    -      687.00000  550.00000  19.9%     - 13585s
 11727  9060      -    -    -      687.00000  550.00000  19.9%     - 13732s
 11870  9326      -    -    -      687.00000  550.30492  19.9%     - 13876s
 12204  9572      -    -    -      687.00000  550.51908  19.9%     - 14021s
 12475  9788      -    -    -      687.00000  550.62500  19.9%     - 14167s
 12719  9950      -    -    -      687.00000  550.62513  19.9%     - 14310s
 12917  9982      -    -    -      687.00000  550.75000  19.8%     - 14400s

Cutting planes:
  Gomory: 9
  Zero half: 67
  RLT: 43

Instance 53 was solved

Explored 9291 nodes (23200712 simplex iterations) in 14400.74 seconds (19347.24 work units)
Thread count was 2 (of 128 available processors)

Solution count 1: 687 

Time limit reached
Best objective 6.870000000000e+02, best bound 5.510000000000e+02, gap 19.7962%
