
Gurobi 10.0.3 (linux64) logging started Wed Sep  4 08:30:15 2024

Set parameter LogFile to value "local/logs/w4-k1-s4.log"
Set parameter PoolSearchMode to value 2
Set parameter PoolSolutions to value 1
Set parameter PoolGap to value 0
Set parameter Method to value 3
Set parameter ConcurrentMIP to value 64
Set parameter TimeLimit to value 43200
Set parameter Heuristics to value 0.95
Set parameter MIPFocus to value 1
Set parameter Threads to value 128
Set parameter Threads to value 128
Warning: variable name "x_(0000, 0)" has a space
Warning: default variable names used to write mps file
Gurobi Optimizer version 10.0.3 build v10.0.3rc0 (linux64)

CPU model: AMD EPYC 7742 64-Core Processor, instruction set [SSE2|AVX|AVX2]
Thread count: 64 physical cores, 128 logical processors, using up to 128 threads

Academic license 2533279 - for non-commercial use only - registered to bl___@rice.edu
Optimize a model with 65792 rows, 17408 columns and 132096 nonzeros
Model fingerprint: 0x91f91dd6
Variable types: 0 continuous, 17408 integer (17408 binary)
Coefficient statistics:
  Matrix range     [1e+00, 1e+00]
  Objective range  [1e+00, 1e+00]
  Bounds range     [1e+00, 1e+00]
  RHS range        [1e+00, 1e+00]

Concurrent MIP optimizer: 64 concurrent instances (2 threads per instance)


Warning: Completing partial solution with 16384 unfixed non-continuous variables out of 17408
User MIP start produced solution with objective 6592 (0.84s)
Loaded user MIP start with objective 6592

Presolve removed 302 rows and 4 columns
Presolve time: 1.09s
Presolved: 65490 rows, 17404 columns, 131742 nonzeros
Variable types: 0 continuous, 17404 integer (17404 binary)

Concurrent LP optimizer: dual simplex and barrier
Showing barrier log only...

Root relaxation presolved: 65490 rows, 17404 columns, 131742 nonzeros

Root barrier log...

Elapsed ordering time = 5s
Elapsed ordering time = 6s
Elapsed ordering time = 8s
Elapsed ordering time = 10s
Elapsed ordering time = 10s
Ordering time: 11.97s

Barrier statistics:
 AA' NZ     : 2.223e+06
 Factor NZ  : 5.694e+07 (roughly 500 MB of memory)
 Factor Ops : 9.061e+10 (roughly 4 seconds per iteration)
 Threads    : 1

                  Objective                Residual
Iter       Primal          Dual         Primal    Dual     Compl     Time
   0   1.83836161e+04 -7.21792492e+03  3.15e+00 6.77e-03  8.61e-01    20s
   1   1.08639261e+04 -1.31507376e+03  6.10e-02 6.66e-16  1.24e-01    27s
   2   5.37133832e+03  3.88573262e+03  4.98e-03 6.66e-16  1.49e-02    34s
   3   4.17167646e+03  4.14921890e+03  2.98e-05 1.33e-14  2.24e-04    40s
   4   4.16800370e+03  4.16798124e+03  3.05e-14 1.34e-14  2.24e-07    57s
   5   4.16800000e+03  4.16799998e+03  3.42e-14 1.54e-14  2.24e-10    70s

Barrier solved model in 5 iterations and 69.67 seconds (22.31 work units)
Optimal objective 4.16800000e+03


Root crossover log...

   47608 DPushes remaining with DInf 0.0000000e+00                70s
   46285 DPushes remaining with DInf 0.0000000e+00                70s
   33844 DPushes remaining with DInf 0.0000000e+00                75s
   26184 DPushes remaining with DInf 0.0000000e+00                80s
   20779 DPushes remaining with DInf 0.0000000e+00                85s
   17604 DPushes remaining with DInf 0.0000000e+00                90s

Solved with dual simplex

Root relaxation: objective 4.168000e+03, 29498 iterations, 90.37 seconds (24.00 work units)

    Nodes    |    Current Node    |     Objective Bounds      |     Work
 Expl Unexpl |  Obj  Depth IntInf | Incumbent    BestBd   Gap | It/Node Time

     0     0      -    -    -     6592.00000 4168.00000  36.8%     -   94s
     0     0      -    -    -     6592.00000 4303.25000  34.7%     -  163s
     0     0      -    -    -     6592.00000 4304.62500  34.7%     -  164s
     0     0      -    -    -     6592.00000 4304.87500  34.7%     -  164s
     0     0      -    -    -     6592.00000 4305.00000  34.7%     -  164s
     0     0      -    -    -     6592.00000 4326.43893  34.4%     -  182s
     0     0      -    -    -     6592.00000 4327.39367  34.4%     -  184s
     0     0      -    -    -     6592.00000 4327.43832  34.4%     -  184s
     0     0      -    -    -     6592.00000 4327.43832  34.4%     -  185s
     0     0      -    -    -     6592.00000 4341.95644  34.1%     -  209s
     0     0      -    -    -     6592.00000 4342.43916  34.1%     -  211s
     0     0      -    -    -     6592.00000 4342.45360  34.1%     -  212s
     0     0      -    -    -     6592.00000 4350.87500  34.0%     -  230s
     0     0      -    -    -     6592.00000 4351.31250  34.0%     -  232s
     0     0      -    -    -     6592.00000 4351.43244  34.0%     -  236s
     0     0      -    -    -     6592.00000 4351.49943  34.0%     -  237s
     0     0      -    -    -     6592.00000 4351.50029  34.0%     -  237s
     0     0      -    -    -     6592.00000 4356.14753  33.9%     -  258s
