
Gurobi 10.0.3 (linux64) logging started Sun Sep  1 14:31:25 2024

Set parameter LogFile to value "local/logs/w4-k4-s2.log"

Gurobi 10.0.3 (linux64) logging started Sun Sep  1 14:31:25 2024

Set parameter LogFile to value "local/logs/w4-k4-s2.log"
Warning: variable name "x_(0000000, 0)" has a space
Warning: default variable names used to write mps file
Gurobi Optimizer version 10.0.3 build v10.0.3rc0 (linux64)

CPU model: AMD EPYC 7742 64-Core Processor, instruction set [SSE2|AVX|AVX2]
Thread count: 64 physical cores, 128 logical processors, using up to 128 threads

Academic license 2533279 - for non-commercial use only - registered to bl___@rice.edu
Optimize a model with 4224 rows, 1536 columns and 8704 nonzeros
Model fingerprint: 0x687858f2
Variable types: 0 continuous, 1536 integer (1536 binary)
Coefficient statistics:
  Matrix range     [1e+00, 1e+00]
  Objective range  [1e+00, 1e+00]
  Bounds range     [1e+00, 1e+00]
  RHS range        [1e+00, 1e+00]

User MIP start produced solution with objective 348 (0.02s)
Loaded user MIP start with objective 348

Presolve removed 40 rows and 2 columns
Presolve time: 0.01s
Presolved: 4184 rows, 1534 columns, 8648 nonzeros
Variable types: 0 continuous, 1534 integer (1534 binary)
Root relaxation presolved: 4184 rows, 1534 columns, 8648 nonzeros


Use crossover to convert LP symmetric solution to basic solution...

Root relaxation: objective 2.650000e+02, 623 iterations, 0.02 seconds (0.02 work units)

    Nodes    |    Current Node    |     Objective Bounds      |     Work
 Expl Unexpl |  Obj  Depth IntInf | Incumbent    BestBd   Gap | It/Node Time

     0     0  265.00000    0 1534  348.00000  265.00000  23.9%     -    0s
     0     0  271.00000    0 1532  348.00000  271.00000  22.1%     -    0s
     0     0  271.25000    0 1532  348.00000  271.25000  22.1%     -    0s
     0     0  271.25000    0 1532  348.00000  271.25000  22.1%     -    0s
     0     0  272.89435    0 1532  348.00000  272.89435  21.6%     -    0s
     0     0  273.47088    0 1533  348.00000  273.47088  21.4%     -    0s
     0     0  273.49946    0 1533  348.00000  273.49946  21.4%     -    0s
     0     0  273.50032    0 1533  348.00000  273.50032  21.4%     -    0s
     0     0  274.69795    0 1532  348.00000  274.69795  21.1%     -    1s
     0     0  274.78319    0 1532  348.00000  274.78319  21.0%     -    1s
     0     0  274.82887    0 1532  348.00000  274.82887  21.0%     -    1s
     0     0  275.94276    0 1533  348.00000  275.94276  20.7%     -    1s
     0     0  275.96720    0 1533  348.00000  275.96720  20.7%     -    1s
     0     0  275.96802    0 1534  348.00000  275.96802  20.7%     -    1s
     0     0  276.31157    0 1533  348.00000  276.31157  20.6%     -    1s
     0     0  277.00000    0 1534  348.00000  277.00000  20.4%     -    1s
     0     0  277.00000    0 1534  348.00000  277.00000  20.4%     -    1s
     0     0  277.00000    0 1534  348.00000  277.00000  20.4%     -    1s
     0     0  277.00000    0 1534  348.00000  277.00000  20.4%     -    2s
     0     0  277.03756    0 1534  348.00000  277.03756  20.4%     -    2s
     0     0  277.04763    0 1534  348.00000  277.04763  20.4%     -    2s
     0     0  277.05133    0 1534  348.00000  277.05133  20.4%     -    2s
     0     0  277.49118    0 1534  348.00000  277.49118  20.3%     -    2s
     0     0  277.62287    0 1534  348.00000  277.62287  20.2%     -    2s
     0     0  277.64756    0 1534  348.00000  277.64756  20.2%     -    2s
     0     0  277.65704    0 1534  348.00000  277.65704  20.2%     -    2s
     0     0  277.65704    0 1534  348.00000  277.65704  20.2%     -    2s
     0     0  278.34389    0 1533  348.00000  278.34389  20.0%     -    2s
     0     0  278.45366    0 1533  348.00000  278.45366  20.0%     -    2s
     0     0  278.46732    0 1534  348.00000  278.46732  20.0%     -    2s
     0     0  278.47179    0 1534  348.00000  278.47179  20.0%     -    2s
     0     0  278.86766    0 1534  348.00000  278.86766  19.9%     -    2s
     0     0  278.93121    0 1534  348.00000  278.93121  19.8%     -    2s
     0     0  278.95142    0 1534  348.00000  278.95142  19.8%     -    2s
     0     0  278.95613    0 1534  348.00000  278.95613  19.8%     -    2s
     0     0  279.31952    0 1534  348.00000  279.31952  19.7%     -    3s
     0     0  279.34410    0 1534  348.00000  279.34410  19.7%     -    3s
     0     0  279.35844    0 1534  348.00000  279.35844  19.7%     -    3s
     0     0  279.36221    0 1534  348.00000  279.36221  19.7%     -    3s
     0     0  279.80292    0 1534  348.00000  279.80292  19.6%     -    3s
     0     0  279.90783    0 1534  348.00000  279.90783  19.6%     -    3s
     0     0  279.93198    0 1534  348.00000  279.93198  19.6%     -    3s
     0     0  279.93946    0 1534  348.00000  279.93946  19.6%     -    3s
     0     0  279.94016    0 1534  348.00000  279.94016  19.6%     -    3s
     0     0  280.21678    0 1534  348.00000  280.21678  19.5%     -    3s
     0     0  280.25196    0 1534  348.00000  280.25196  19.5%     -    3s
     0     0  280.25470    0 1534  348.00000  280.25470  19.5%     -    3s
     0     0  280.62773    0 1534  348.00000  280.62773  19.4%     -    3s
     0     0  280.74332    0 1533  348.00000  280.74332  19.3%     -    3s
     0     0  280.78051    0 1534  348.00000  280.78051  19.3%     -    4s
     0     0  280.78240    0 1534  348.00000  280.78240  19.3%     -    4s
     0     0  281.13296    0 1533  348.00000  281.13296  19.2%     -    4s
     0     0  281.19881    0 1534  348.00000  281.19881  19.2%     -    4s
     0     0  281.22004    0 1534  348.00000  281.22004  19.2%     -    4s
     0     0  281.22441    0 1534  348.00000  281.22441  19.2%     -    4s
     0     0  281.48742    0 1534  348.00000  281.48742  19.1%     -    4s
     0     0  281.50038    0 1534  348.00000  281.50038  19.1%     -    4s
     0     0  281.50267    0 1534  348.00000  281.50267  19.1%     -    4s
     0     0  281.74929    0 1534  348.00000  281.74929  19.0%     -    4s
     0     0  281.78907    0 1534  348.00000  281.78907  19.0%     -    4s
     0     0  281.80261    0 1534  348.00000  281.80261  19.0%     -    4s
     0     0  281.80261    0 1534  348.00000  281.80261  19.0%     -    4s
     0     0  282.29159    0 1534  348.00000  282.29159  18.9%     -    4s
     0     0  282.32412    0 1534  348.00000  282.32412  18.9%     -    5s
     0     0  282.32686    0 1534  348.00000  282.32686  18.9%     -    5s
     0     0  282.46955    0 1534  348.00000  282.46955  18.8%     -    5s
     0     0  282.50476    0 1534  348.00000  282.50476  18.8%     -    5s
     0     0  282.51114    0 1534  348.00000  282.51114  18.8%     -    5s
     0     0  282.80284    0 1534  348.00000  282.80284  18.7%     -    5s
     0     0  282.85546    0 1534  348.00000  282.85546  18.7%     -    5s
     0     0  282.86130    0 1534  348.00000  282.86130  18.7%     -    5s
     0     0  282.96244    0 1534  348.00000  282.96244  18.7%     -    5s
     0     0  283.00000    0 1534  348.00000  283.00000  18.7%     -    5s
     0     0  283.00000    0 1534  348.00000  283.00000  18.7%     -    5s
     0     0  283.00000    0 1534  348.00000  283.00000  18.7%     -    5s
     0     0  283.17015    0 1534  348.00000  283.17015  18.6%     -    5s
     0     0  283.19092    0 1534  348.00000  283.19092  18.6%     -    5s
     0     0  283.19609    0 1534  348.00000  283.19609  18.6%     -    5s
     0     0  283.51382    0 1534  348.00000  283.51382  18.5%     -    6s
     0     0  283.56493    0 1534  348.00000  283.56493  18.5%     -    6s
     0     0  283.58561    0 1534  348.00000  283.58561  18.5%     -    6s
     0     0  283.59105    0 1534  348.00000  283.59105  18.5%     -    6s
     0     0  283.87972    0 1534  348.00000  283.87972  18.4%     -    6s
     0     0  283.93216    0 1534  348.00000  283.93216  18.4%     -    6s
     0     0  283.95028    0 1534  348.00000  283.95028  18.4%     -    6s
     0     0  283.95355    0 1534  348.00000  283.95355  18.4%     -    6s
     0     0  284.06675    0 1534  348.00000  284.06675  18.4%     -    6s
     0     0  284.11233    0 1534  348.00000  284.11233  18.4%     -    6s
     0     0  284.11853    0 1534  348.00000  284.11853  18.4%     -    6s
     0     0  284.19019    0 1534  348.00000  284.19019  18.3%     -    6s
     0     0  284.21782    0 1534  348.00000  284.21782  18.3%     -    7s
     0     0  284.22606    0 1534  348.00000  284.22606  18.3%     -    7s
     0     0  284.37153    0 1534  348.00000  284.37153  18.3%     -    7s
     0     0  284.39030    0 1534  348.00000  284.39030  18.3%     -    7s
     0     0  284.39699    0 1534  348.00000  284.39699  18.3%     -    7s
     0     0  284.53487    0 1534  348.00000  284.53487  18.2%     -    7s
     0     0  284.56842    0 1534  348.00000  284.56842  18.2%     -    7s
     0     0  284.57035    0 1534  348.00000  284.57035  18.2%     -    7s
     0     0  284.74565    0 1534  348.00000  284.74565  18.2%     -    7s
     0     0  284.78390    0 1534  348.00000  284.78390  18.2%     -    7s
     0     0  284.78993    0 1534  348.00000  284.78993  18.2%     -    7s
     0     0  285.00878    0 1533  348.00000  285.00878  18.1%     -    8s
     0     0  285.04188    0 1534  348.00000  285.04188  18.1%     -    8s
     0     0  285.04919    0 1534  348.00000  285.04919  18.1%     -    8s
     0     0  285.21853    0 1534  348.00000  285.21853  18.0%     -    8s
     0     0  285.23361    0 1534  348.00000  285.23361  18.0%     -    8s
     0     0  285.23761    0 1534  348.00000  285.23761  18.0%     -    8s
     0     0  285.34372    0 1534  348.00000  285.34372  18.0%     -    8s
     0     0  285.34372    0 1534  348.00000  285.34372  18.0%     -    8s
     0     2  285.34372    0 1534  348.00000  285.34372  18.0%     -    9s
     1     4  286.30253    1 1533  348.00000  285.34404  18.0%  1084   10s
    31    64  292.90332    5 1518  348.00000  290.62238  16.5%  2291   15s
    63   128  294.12009    6 1510  348.00000  292.43757  16.0%  2107   27s
   255   384  296.59292    8 1508  348.00000  294.24390  15.4%  2139   30s
   383   512  295.95020    8 1502  348.00000  294.47021  15.4%  2123   52s
   639   768  299.28532    9 1491  348.00000  294.47021  15.4%  1888   55s
  1036  1173  306.65846   11 1479  348.00000  294.47021  15.4%  1730   60s
  1611  1758  318.42741   13 1454  348.00000  294.47021  15.4%  1622   65s
  2196  2270  328.26124   14 1431  348.00000  294.47021  15.4%  1535   70s
  2942  2720  337.49852   17 1417  348.00000  294.47021  15.4%  1444   76s
  3514  2985  345.17796   19 1397  348.00000  294.47021  15.4%  1390   80s
  4125  3354  297.42160    9 1501  348.00000  296.21150  14.9%  1355   85s
  5048  4065  310.32043   15 1476  348.00000  296.21150  14.9%  1330   91s
  5724  4610  318.35644   20 1453  348.00000  296.21150  14.9%  1316   96s
  6111  4611  333.95107   16 1534  348.00000  296.21150  14.9%  1304  249s
  6113  4612  335.12105   28 1534  348.00000  296.21150  14.9%  1304  250s
  6124  4620  335.55107   16 1534  348.00000  296.21150  14.9%  1302  255s
  6130  4624  316.89344   18 1534  348.00000  296.21150  14.9%  1300  260s
  6133  4631  296.21150   16 1531  348.00000  296.21150  14.9%  1304  265s
  6161  4677  296.21150   19 1529  348.00000  296.21150  14.9%  1315  272s
  6193  4731  296.21150   20 1519  348.00000  296.21150  14.9%  1337  275s
  6513  5008  301.14723   22 1507  348.00000  297.48464  14.5%  1389  305s
  6897  5264  302.06619   24 1506  348.00000  299.29788  14.0%  1414  311s
  7285  5532  309.72099   26 1493  348.00000  299.29788  14.0%  1425  316s
  7718  5828  316.25184   27 1473  348.00000  299.29788  14.0%  1432  320s
  8278  6135  320.41494   29 1466  348.00000  299.29788  14.0%  1429  325s
  8771  6248  323.13474   30 1458  348.00000  299.29788  14.0%  1414  330s
  9651  6287  333.78020   32 1435  348.00000  299.29788  14.0%  1387  337s
  9951  6280  335.40977   33 1434  348.00000  299.29788  14.0%  1380  340s
 10527  6411  339.36541   34 1421  348.00000  299.29788  14.0%  1374  345s
 11133  6656  341.50834   36 1419  348.00000  299.29788  14.0%  1377  351s
 11802  6933  344.18624   38 1410  348.00000  299.29788  14.0%  1374  356s
 12185  7018  345.68233   39 1409  348.00000  299.29788  14.0%  1369  360s
 13026  7023  303.21089   23 1504  348.00000  299.35062  14.0%  1358  388s
 13205  7199  305.15162   24 1501  348.00000  299.35062  14.0%  1356  392s
 13562  7391  308.10464   26 1500  348.00000  299.35062  14.0%  1354  395s
 14434  7882  311.45437   28 1489  348.00000  299.35062  14.0%  1356  401s
 15530  8177  315.20383   29 1478  348.00000  299.35062  14.0%  1346  408s
 16080  8379  313.30189   29 1486  348.00000  299.35062  14.0%  1343  411s
 16643  8623  316.74305   31 1477  348.00000  299.35062  14.0%  1341  416s
 17237  8895  320.40322   31 1465  348.00000  299.35062  14.0%  1339  420s
 18519  9279  321.43842   32 1463  348.00000  299.35062  14.0%  1335  428s
 19255  9523  322.97377   33 1464  348.00000  299.35062  14.0%  1329  432s
 19970  9773  328.00107   37 1459  348.00000  299.35062  14.0%  1325  436s
 20743 10301  334.96116   38 1435  348.00000  299.35062  14.0%  1320  440s
 21535 10815  342.68361   42 1322  348.00000  299.35062  14.0%  1315  445s
 23179 11644  306.16892   25 1493  348.00000  301.54183  13.4%  1324  453s
 23901 12322  313.18547   29 1480  348.00000  301.54183  13.4%  1340  458s
 24667 12784  319.82974   33 1467  348.00000  301.54183  13.4%  1357  463s
 25403 13302  330.19488   38 1451  348.00000  301.54183  13.4%  1368  467s
 26334 13878  340.73650   43 1426  348.00000  301.54183  13.4%  1379  472s
 27277 14599  329.55276   30 1438  348.00000  301.54183  13.4%  1392  478s
 28287 15301  338.72099   36 1422  348.00000  301.54183  13.4%  1403  483s
 29378 15887     cutoff   42       348.00000  302.51587  13.1%  1411  488s
 30490 16555  312.40430   26 1482  348.00000  302.51587  13.1%  1420  494s
 31498 17289  314.11411   29 1480  348.00000  302.51587  13.1%  1434  500s
 32568 18237  317.96663   32 1477  348.00000  302.51587  13.1%  1447  505s
 33695 19080  321.22360   35 1475  348.00000  302.51587  13.1%  1460  511s
 35024 19804  328.25829   38 1461  348.00000  302.51587  13.1%  1468  518s
 36237 20619  330.45464   43 1465  348.00000  302.51587  13.1%  1480  524s
 37338 21651  336.53375   47 1449  348.00000  302.51587  13.1%  1497  531s
 38564 22398  342.77821   55 1431  348.00000  306.16285  12.0%  1514  538s
 40153 23447  317.48862   28 1478  348.00000  306.39202  12.0%  1519  545s
 41576 24332  337.17361   38 1441  348.00000  308.14276  11.5%  1530  553s
 43256 25404  312.59069   27 1482  348.00000  308.14276  11.5%  1534  560s
 44849 26323  333.38751   38 1452  348.00000  309.43380  11.1%  1541  568s
 46488 27463  313.26174   28 1482  348.00000  309.43380  11.1%  1544  577s
 48276 28584  332.15893   39 1451  348.00000  309.52037  11.1%  1549  586s
 50161 29820  315.19880   27 1472  348.00000  312.38409  10.2%  1551  594s
 52137 30939  336.32276   40 1436  348.00000  312.39686  10.2%  1555  603s
 54049 32127  320.09236   26 1468  348.00000  312.78431  10.1%  1561  613s
 56089 33437  343.88261   41 1430  348.00000  312.86176  10.1%  1566  623s
 57854 34795  326.89384   35 1453  348.00000  313.18979  10.0%  1579  635s
 60333 35839  328.60281   28 1454  348.00000  313.34474  10.0%  1585  646s
 62697 37332  321.45293   29 1461  348.00000  313.68142  9.86%  1586  657s
 64599 38953  344.32825   45 1430  348.00000  313.77393  9.84%  1588  669s
 67298 40696  339.50103   42 1443  348.00000  313.98794  9.77%  1589  680s
 70139 42299  341.42669   38 1436  348.00000  314.34424  9.67%  1588  693s
 72992 43773     cutoff   36       348.00000  314.67413  9.58%  1588  705s
 75827 45706  341.95252   45 1326  348.00000  314.89268  9.51%  1590  717s
 78909 47500  344.28827   47 1425  348.00000  314.94233  9.50%  1589  731s
 82014 47601  343.25589   38 1420  348.00000  315.38231  9.37%  1589 1520s
 82169 48563  344.86828   39 1409  348.00000  315.38231  9.37%  1590 1540s
 83758 48985     cutoff   40       348.00000  315.41327  9.36%  1590 1744s
 84437 51190  321.91823   28 1458  348.00000  315.42327  9.36%  1591 1764s
 87955 53448  324.26435   29 1448  348.00000  315.59906  9.31%  1593 1783s
 92431 55153  336.97299   36 1425  348.00000  315.93026  9.22%  1596 1802s
 96646 57457  333.41322   32 1427  348.00000  316.16701  9.15%  1599 1821s
 100946 59841  321.63642   33 1469  348.00000  316.39656  9.08%  1602 1839s
 105243 61880  345.30767   44 1443  348.00000  316.60770  9.02%  1604 1859s
 108623 64845  323.49357   27 1451  348.00000  316.79409  8.97%  1607 1879s
 112916 67998  343.85225   36 1378  348.00000  316.92250  8.93%  1616 1900s
 117792 67999  331.98375   38 1534  348.00000  316.92279  8.93%  1620 2478s
 117795 68001  342.35650   46 1533  348.00000  316.92279  8.93%  1620 2481s
 117800 68004  320.54040   27 1534  348.00000  316.92279  8.93%  1620 2487s
 117802 68006  323.75028   34 1534  348.00000  316.92279  8.93%  1620 2492s
 117804 68007  337.96069   32 1534  348.00000  316.92279  8.93%  1620 2495s
 117807 68009  341.57828   39 1534  348.00000  316.92279  8.93%  1620 2502s
 117808 68010  330.75880   34 1534  348.00000  316.92279  8.93%  1620 2505s
 117812 68012  327.64484   35 1534  348.00000  316.92279  8.93%  1620 2511s
 117814 68014  340.55690   41 1534  348.00000  316.92279  8.93%  1620 2515s
 117817 68016  342.94041   47 1534  348.00000  316.92279  8.93%  1620 2521s
 117818 68016  322.30750   34 1534  348.00000  316.92279  8.93%  1620 2525s
 117820 68018  334.18351   42 1534  348.00000  316.92279  8.93%  1620 2533s
 117821 68018  334.23352   38 1534  348.00000  316.92279  8.93%  1620 2537s
 117822 68019  346.74055   38 1534  348.00000  316.92279  8.93%  1620 2542s
 117823 68020  324.42583   31 1534  348.00000  316.92279  8.93%  1620 2546s
 117824 68020  322.08398   29 1534  348.00000  316.92279  8.93%  1620 2551s
 117825 68021  340.01022   41 1534  348.00000  316.92279  8.93%  1620 2556s
 117826 68022  325.47713   32 1534  348.00000  316.92279  8.93%  1619 2560s
 117827 68022  324.43562   28 1534  348.00000  316.92279  8.93%  1619 2565s
 117828 68023  340.58095   41 1534  348.00000  316.92279  8.93%  1619 2570s
 117829 68024  328.22175   33 1534  348.00000  316.92279  8.93%  1619 2575s
 117831 68025  336.64515   37 1534  348.00000  316.92279  8.93%  1619 2584s
 117832 68026  338.89853   38 1534  348.00000  316.92279  8.93%  1619 2591s
 117833 68026  322.26799   28 1534  348.00000  316.92279  8.93%  1619 2597s
 117834 68027  330.54089   37 1534  348.00000  316.92279  8.93%  1619 2603s
 117835 68028  334.65673   39 1534  348.00000  316.92279  8.93%  1619 2609s
 117836 68028  324.74948   32 1534  348.00000  316.92279  8.93%  1619 2615s
 117837 68029  319.87075   31 1534  348.00000  316.92279  8.93%  1619 2620s
 117838 68030  342.61027   38 1534  348.00000  316.92279  8.93%  1619 2626s
 117839 68030  330.62926   32 1534  348.00000  316.92279  8.93%  1619 2633s
 117840 68031  323.62016   29 1534  348.00000  316.92279  8.93%  1619 2637s
 117841 68032  326.41133   33 1534  348.00000  316.92279  8.93%  1619 2642s
 117842 68032  320.71166   31 1534  348.00000  316.92279  8.93%  1619 2647s
 117843 68033  331.25477   35 1534  348.00000  316.92279  8.93%  1619 2653s
 117844 68034  340.96803   46 1534  348.00000  316.92279  8.93%  1619 2658s
 117845 68034  331.13912   38 1534  348.00000  316.92279  8.93%  1619 2664s
 117846 68035  337.05318   38 1534  348.00000  316.92279  8.93%  1619 2669s
 117847 68036  335.08435   37 1534  348.00000  316.92279  8.93%  1619 2674s
 117848 68036  329.49196   37 1534  348.00000  316.92279  8.93%  1619 2680s
 117849 68037  322.81657   28 1534  348.00000  316.92279  8.93%  1619 2688s
 117850 68038  333.69372   36 1534  348.00000  316.92279  8.93%  1619 2694s
 117851 68038  329.53361   37 1534  348.00000  316.92279  8.93%  1619 2701s
 117852 68039  340.25240   37 1534  348.00000  316.92279  8.93%  1619 2709s
 117853 68040  321.87549   33 1534  348.00000  316.92279  8.93%  1619 2717s
 117854 68040  332.78970   40 1534  348.00000  316.92279  8.93%  1619 2724s
 117855 68041  333.80934   33 1534  348.00000  316.92279  8.93%  1619 2733s
 117856 68042  335.73883   37 1534  348.00000  316.92279  8.93%  1619 2740s
 117857 68042  330.49116   36 1534  348.00000  316.92279  8.93%  1619 2749s
 117858 68043  328.08813   28 1534  348.00000  316.92279  8.93%  1619 2755s
 117859 68044  335.11370   36 1534  348.00000  316.92279  8.93%  1619 2763s
 117860 68044  324.22146   28 1534  348.00000  316.92279  8.93%  1619 2771s
 117861 68045  334.65600   33 1534  348.00000  316.92279  8.93%  1619 2779s
 117862 68046  336.85772   40 1534  348.00000  316.92279  8.93%  1619 2787s
 117863 68046  320.58043   30 1534  348.00000  316.92279  8.93%  1619 2796s
 117864 68047  341.14906   40 1534  348.00000  316.92279  8.93%  1619 2804s
 117865 68048  339.67602   40 1534  348.00000  316.92279  8.93%  1619 2813s
 117866 68048  343.99839   44 1534  348.00000  316.92279  8.93%  1619 2820s
 117867 68049  323.01133   31 1534  348.00000  316.92279  8.93%  1619 2829s
 117868 68050  333.57708   33 1534  348.00000  316.92279  8.93%  1619 2838s
 117869 68050  339.17491   37 1534  348.00000  316.92279  8.93%  1619 2848s
 117870 68051  319.91312   31 1534  348.00000  316.92279  8.93%  1619 2858s
 117871 68052  343.97693   39 1534  348.00000  316.92279  8.93%  1619 2867s
 117872 68052  327.17860   35 1534  348.00000  316.92279  8.93%  1619 2876s
 117873 68053  338.69978   42 1534  348.00000  316.92279  8.93%  1619 2887s
 117874 68054  323.40727   34 1534  348.00000  316.92279  8.93%  1619 2897s
 117875 68054  320.50275   29 1534  348.00000  316.92279  8.93%  1619 2909s
 117876 68055  331.60747   39 1534  348.00000  316.92279  8.93%  1619 2919s
 117877 68056  319.50407   26 1534  348.00000  316.92279  8.93%  1619 2930s
 117878 68056  334.99573   36 1534  348.00000  316.92279  8.93%  1619 2943s
 117879 68057  341.16498   42 1534  348.00000  316.92279  8.93%  1619 2954s
 117880 68058  324.72959   29 1534  348.00000  316.92279  8.93%  1619 2962s
 117881 68058  339.39057   37 1534  348.00000  316.92279  8.93%  1619 2971s
 117882 68059  323.56617   30 1534  348.00000  316.92279  8.93%  1619 2980s
 117883 68060  329.18121   30 1534  348.00000  316.92279  8.93%  1619 2988s
 117884 68060  332.71300   39 1534  348.00000  316.92279  8.93%  1619 2997s
 117885 68061  321.30794   30 1534  348.00000  316.92279  8.93%  1619 3005s
 117886 68062  331.38182   35 1534  348.00000  316.92279  8.93%  1619 3013s
 117887 68062  334.53778   40 1534  348.00000  316.92279  8.93%  1619 3024s
 117888 68063  327.16912   32 1534  348.00000  316.92279  8.93%  1619 3033s
 117889 68064  326.23387   33 1534  348.00000  316.92279  8.93%  1619 3044s
 117890 68064  326.53524   34 1534  348.00000  316.92279  8.93%  1619 3054s
 117891 68065  334.16882   38 1534  348.00000  316.92279  8.93%  1619 3064s
 117892 68066  331.98375   38 1534  348.00000  316.92279  8.93%  1619 3074s
 117893 68066  327.96634   33 1534  348.00000  316.92279  8.93%  1619 3086s
 117894 68067  323.31609   30 1534  348.00000  316.92279  8.93%  1619 3095s
 117895 68068  342.35650   46 1534  348.00000  316.92279  8.93%  1619 3106s
 117896 68068  321.62814   30 1534  348.00000  316.92279  8.93%  1619 3114s
 117897 68069  318.28672   26 1534  348.00000  316.92279  8.93%  1619 3126s
 117898 68070  335.55354   38 1534  348.00000  316.92279  8.93%  1618 3137s
 117899 68070  340.66548   38 1534  348.00000  316.92279  8.93%  1618 3148s
 117900 68071  320.54040   27 1534  348.00000  316.92279  8.93%  1618 3159s
 117901 68072  334.13380   39 1534  348.00000  316.92279  8.93%  1618 3169s
 117902 68072  323.75028   34 1534  348.00000  316.92279  8.93%  1618 3180s
 117903 68073  322.69005   26 1534  348.00000  316.92279  8.93%  1618 3191s
 117904 68074  337.96069   32 1534  348.00000  316.92279  8.93%  1618 3203s
 117905 68074  338.52340   44 1534  348.00000  316.92279  8.93%  1618 3215s
 117906 68075  317.32414   23 1534  348.00000  316.92279  8.93%  1618 3226s
 117907 68076  341.57828   39 1534  348.00000  316.92279  8.93%  1618 3237s
 117908 68076  330.75880   34 1534  348.00000  316.92279  8.93%  1618 3250s
 117909 68077  338.30665   40 1534  348.00000  316.92279  8.93%  1618 3262s
 117910 68078  338.87026   44 1534  348.00000  316.92279  8.93%  1618 3274s
 117911 68078  342.18583   45 1534  348.00000  316.92279  8.93%  1618 3286s
 117912 68079  327.64484   35 1534  348.00000  316.92279  8.93%  1618 3298s
 117913 68080  340.18695   40 1534  348.00000  316.92279  8.93%  1618 3309s
 117914 68080  340.55690   41 1534  348.00000  316.92279  8.93%  1618 3321s
 117915 68081  321.02367   32 1534  348.00000  316.92279  8.93%  1618 3332s
 117916 68082  346.63294   41 1534  348.00000  316.92279  8.93%  1618 3341s
 117917 68082  342.94041   47 1534  348.00000  316.92279  8.93%  1618 3354s
 117918 68083  322.30750   34 1534  348.00000  316.92279  8.93%  1618 3366s
 117919 68084  329.17610   33 1534  348.00000  316.92279  8.93%  1618 3378s
 117920 68084  334.18351   42 1534  348.00000  316.92279  8.93%  1618 3389s
 117921 68085  334.23352   38 1534  348.00000  316.92279  8.93%  1618 3403s
 117922 68086  346.74055   38 1534  348.00000  316.92279  8.93%  1618 3417s
 117923 68086  324.42583   31 1534  348.00000  316.92279  8.93%  1618 3431s
 117924 68087  322.08398   29 1534  348.00000  316.92279  8.93%  1618 3443s
 117925 68088  340.01022   41 1534  348.00000  316.92279  8.93%  1618 3456s
 117926 68088  325.47713   32 1534  348.00000  316.92279  8.93%  1618 3463s
 117927 68089  324.43562   28 1534  348.00000  316.92279  8.93%  1618 3470s
 117928 68090  340.58095   41 1534  348.00000  316.92279  8.93%  1618 3477s
 117929 68090  328.22175   33 1534  348.00000  316.92279  8.93%  1618 3483s
 117930 68091  327.03899   33 1534  348.00000  316.92279  8.93%  1618 3491s
 117931 68092  336.64515   37 1534  348.00000  316.92279  8.93%  1618 3498s
 117932 68092  338.89853   38 1534  348.00000  316.92279  8.93%  1618 3505s
 117933 68093  322.26799   28 1534  348.00000  316.92279  8.93%  1618 3513s
 117934 68094  330.54089   37 1534  348.00000  316.92279  8.93%  1618 3519s
 117935 68094  334.65673   39 1534  348.00000  316.92279  8.93%  1618 3526s
 117936 68095  324.74948   32 1534  348.00000  316.92279  8.93%  1618 3533s
 117937 68096  319.87075   31 1534  348.00000  316.92279  8.93%  1618 3540s
 117938 68096  342.61027   38 1534  348.00000  316.92279  8.93%  1618 3547s
 117939 68097  330.62926   32 1534  348.00000  316.92279  8.93%  1618 3554s
 117940 68098  323.62016   29 1534  348.00000  316.92279  8.93%  1618 3562s
 117941 68098  326.41133   33 1534  348.00000  316.92279  8.93%  1618 3570s
 117942 68099  320.71166   31 1534  348.00000  316.92279  8.93%  1618 3576s
 117943 68100  331.25477   35 1534  348.00000  316.92279  8.93%  1618 3582s
 117944 68100  340.96803   46 1534  348.00000  316.92279  8.93%  1618 3589s
 117945 68101  331.13912   38 1534  348.00000  316.92279  8.93%  1618 3595s
 117946 68102  337.05318   38 1534  348.00000  316.92279  8.93%  1618 3601s
 117947 68102  335.08435   37 1534  348.00000  316.92279  8.93%  1618 3607s
 117948 68103  329.49196   37 1534  348.00000  316.92279  8.93%  1618 3614s
 117949 68104  322.81657   28 1534  348.00000  316.92279  8.93%  1618 3620s
 117950 68104  333.69372   36 1534  348.00000  316.92279  8.93%  1618 3627s
 117951 68105  329.53361   37 1534  348.00000  316.92279  8.93%  1618 3635s
 117952 68106  340.25240   37 1534  348.00000  316.92279  8.93%  1618 3643s
 117953 68106  321.87549   33 1534  348.00000  316.92279  8.93%  1618 3653s
 117954 68107  332.78970   40 1534  348.00000  316.92279  8.93%  1618 3660s
 117955 68108  333.80934   33 1534  348.00000  316.92279  8.93%  1618 3668s
 117956 68108  335.73883   37 1534  348.00000  316.92279  8.93%  1618 3677s
 117957 68109  330.49116   36 1534  348.00000  316.92279  8.93%  1618 3685s
 117958 68110  328.08813   28 1534  348.00000  316.92279  8.93%  1618 3692s
 117959 68110  335.11370   36 1534  348.00000  316.92279  8.93%  1618 3700s
 117960 68111  324.22146   28 1534  348.00000  316.92279  8.93%  1618 3708s
 117961 68112  334.65600   33 1534  348.00000  316.92279  8.93%  1618 3716s
 117962 68112  336.85772   40 1534  348.00000  316.92279  8.93%  1618 3724s
 117963 68113  320.58043   30 1534  348.00000  316.92279  8.93%  1618 3734s
 117964 68114  341.14906   40 1534  348.00000  316.92279  8.93%  1618 3742s
 117965 68114  339.67602   40 1534  348.00000  316.92279  8.93%  1618 3750s
 117966 68115  343.99839   44 1534  348.00000  316.92279  8.93%  1618 3759s
 117967 68116  323.01133   31 1534  348.00000  316.92279  8.93%  1618 3768s
 117968 68116  333.57708   33 1534  348.00000  316.92279  8.93%  1618 3779s
 117969 68117  339.17491   37 1534  348.00000  316.92279  8.93%  1618 3788s
 117970 68118  319.91312   31 1534  348.00000  316.92279  8.93%  1618 3797s
 117971 68118  343.97693   39 1534  348.00000  316.92279  8.93%  1617 3806s
 117972 68119  327.17860   35 1534  348.00000  316.92279  8.93%  1617 3814s
 117973 68120  338.69978   42 1534  348.00000  316.92279  8.93%  1617 3823s
 117974 68120  323.40727   34 1534  348.00000  316.92279  8.93%  1617 3832s
 117975 68121  320.50275   29 1534  348.00000  316.92279  8.93%  1617 3840s
 117976 68122  331.60747   39 1534  348.00000  316.92279  8.93%  1617 3848s
 117977 68122  319.50407   26 1534  348.00000  316.92279  8.93%  1617 3858s
 117978 68123  334.99573   36 1534  348.00000  316.92279  8.93%  1617 3866s
 117979 68124  341.16498   42 1534  348.00000  316.92279  8.93%  1617 3874s
 117980 68124  324.72959   29 1534  348.00000  316.92279  8.93%  1617 3883s
 117981 68125  339.39057   37 1534  348.00000  316.92279  8.93%  1617 3892s
 117982 68126  323.56617   30 1534  348.00000  316.92279  8.93%  1617 3899s
 117983 68126  329.18121   30 1534  348.00000  316.92279  8.93%  1617 3907s
 117984 68127  332.71300   39 1534  348.00000  316.92279  8.93%  1617 3914s
 117985 68128  321.30794   30 1534  348.00000  316.92279  8.93%  1617 3921s
 117986 68128  331.38182   35 1534  348.00000  316.92279  8.93%  1617 3929s
 117987 68129  334.53778   40 1534  348.00000  316.92279  8.93%  1617 3938s
 117988 68130  327.16912   32 1534  348.00000  316.92279  8.93%  1617 3946s
 117989 68130  326.23387   33 1534  348.00000  316.92279  8.93%  1617 3953s
 117990 68131  326.53524   34 1534  348.00000  316.92279  8.93%  1617 3962s
 117991 68132  334.16882   38 1534  348.00000  316.92279  8.93%  1617 3970s
 117992 68132  331.98375   38 1534  348.00000  316.92279  8.93%  1617 3980s
 117993 68133  327.96634   33 1534  348.00000  316.92279  8.93%  1617 3989s
 117994 68134  323.31609   30 1534  348.00000  316.92279  8.93%  1617 3997s
 117995 68134  342.35650   46 1534  348.00000  316.92279  8.93%  1617 4005s
 117996 68135  321.62814   30 1534  348.00000  316.92279  8.93%  1617 4013s
 117997 68136  318.28672   26 1534  348.00000  316.92279  8.93%  1617 4020s
 117998 68136  335.55354   38 1534  348.00000  316.92279  8.93%  1617 4028s
 117999 68137  340.66548   38 1534  348.00000  316.92279  8.93%  1617 4036s
 118000 68138  320.54040   27 1534  348.00000  316.92279  8.93%  1617 4044s
 118001 68138  334.13380   39 1534  348.00000  316.92279  8.93%  1617 4053s
 118003 68140  322.69005   26 1534  348.00000  316.92279  8.93%  1617 4083s
 118004 68143  316.92279   29 1533  348.00000  316.92279  8.93%  1618 4089s
 118006 68147  316.92279   30 1529  348.00000  316.92279  8.93%  1618 4096s
 118010 68153  316.92279   31 1528  348.00000  316.92279  8.93%  1618 4101s
 118018 68167  316.92279   32 1528  348.00000  316.92279  8.93%  1619 4105s
 118034 68193  316.92279   33 1526  348.00000  316.92279  8.93%  1619 4351s
 118066 68247  316.92279   34 1524  348.00000  316.92279  8.93%  1620 4355s
 118130 68353  316.92279   35 1523  348.00000  316.92279  8.93%  1622 4377s
 118258 68439  316.92279   36 1522  348.00000  316.92279  8.93%  1627 4394s
 118386 68524  320.64648   36 1511  348.00000  316.92279  8.93%  1629 4399s
 118514 68609  318.09229   37 1521  348.00000  316.92279  8.93%  1632 4402s
 118642 68695  320.23622   37 1511  348.00000  316.92279  8.93%  1634 4405s
 118906 68880  322.32551   38 1509  348.00000  316.92279  8.93%  1639 4412s
 119043 68984  319.86060   39 1519  348.00000  316.92279  8.93%  1641 4416s
 119356 69188  321.85199   40 1509  348.00000  316.92279  8.93%  1645 4423s
 119527 69296  322.84516   40 1509  348.00000  316.92279  8.93%  1647 4426s
 119956 69506  327.11043   41 1497  348.00000  316.92279  8.93%  1650 4434s
 120216 69555  327.87142   42 1496  348.00000  316.92279  8.93%  1651 4438s
 120483 69641  330.72986   42 1485  348.00000  316.92279  8.93%  1652 4442s
 120760 69721  331.35244   43 1483  348.00000  316.92279  8.93%  1654 4447s
 121045 69771  335.15815   43 1473  348.00000  316.92279  8.93%  1655 4452s
 121341 69835  331.93489   44 1482  348.00000  316.92279  8.93%  1656 4457s
 121632 69900  335.92888   44 1472  348.00000  316.92279  8.93%  1657 4462s
 121930 69994  332.49387   45 1481  348.00000  316.92279  8.93%  1659 4468s
 122238 70078  336.48684   45 1471  348.00000  316.92279  8.93%  1662 4474s
 122542 70204  333.08271   46 1480  348.00000  316.92279  8.93%  1664 4479s
 122860 70340  334.43029   47 1480  348.00000  316.92279  8.93%  1666 4485s
 123192 70489  337.51632   47 1469  348.00000  316.92279  8.93%  1669 4490s
 123555 70643  335.52379   48 1479  348.00000  316.92279  8.93%  1671 4495s
 123942 70755  336.63942   49 1477  348.00000  316.92279  8.93%  1673 4502s
 124366 70836  338.91549   50 1466  348.00000  316.92279  8.93%  1675 4508s
 124805 70937  339.59528   51 1466  348.00000  316.92279  8.93%  1678 4514s
 125229 71104  340.35635   52 1465  348.00000  316.92279  8.93%  1680 4520s
 125659 71313  340.92648   53 1465  348.00000  316.92279  8.93%  1683 4526s
 126122 71506  341.88775   54 1463  348.00000  316.92279  8.93%  1686 4533s
 126638 71629  343.14596   55 1464  348.00000  316.92279  8.93%  1688 4540s
 127233 71716  344.25734   56 1463  348.00000  316.92279  8.93%  1690 4547s
 127794 71892  346.29934   58 1459  348.00000  316.92279  8.93%  1692 4554s
 128332 72135  319.76268   37 1503  348.00000  316.92279  8.93%  1695 4561s
 128902 72452  322.72326   40 1500  348.00000  316.92279  8.93%  1699 4569s
 129559 72702  327.28544   44 1487  348.00000  316.92279  8.93%  1701 4576s
 130263 72851  333.80168   47 1473  348.00000  316.92279  8.93%  1703 4584s
 131005 73057  340.70961   52 1458  348.00000  316.92279  8.93%  1705 4593s
 131762 73260  343.27767   56 1452  348.00000  317.36918  8.80%  1708 4601s
 132552 73431  322.43211   39 1488  348.00000  318.51859  8.47%  1710 4610s
 133364 73514  327.48446   41 1480  348.00000  318.51859  8.47%  1713 4619s
 134170 73652  331.21615   41 1469  348.00000  318.51859  8.47%  1716 4628s
 134930 73714  335.93239   44 1369  348.00000  318.51859  8.47%  1721 4637s
 135850 73784  338.42370   46 1455  348.00000  318.51859  8.47%  1724 4646s
 136893 73902  340.40228   49 1452  348.00000  318.51859  8.47%  1726 4656s
 137959 73982  342.68760   48 1442  348.00000  318.51859  8.47%  1728 4667s
 138913 74096     cutoff   51       348.00000  318.51859  8.47%  1732 4677s
 139940 74578  346.51729   54 1429  348.00000  320.92945  7.78%  1735 4687s
 140989 74937  324.99726   40 1484  348.00000  320.92945  7.78%  1738 4698s
 142219 75083  334.43360   45 1459  348.00000  320.92945  7.78%  1740 4708s
 143318 75371  344.57388   53 1442  348.00000  323.01093  7.18%  1744 4719s
 144637 75697  326.27719   42 1481  348.00000  323.23448  7.12%  1746 4731s
 145861 76096  334.67332   51 1460  348.00000  323.23448  7.12%  1749 4744s
 147181 76457  338.42071   44 1449  348.00000  323.23448  7.12%  1752 4757s
 148534 76850     cutoff   50       348.00000  323.73084  6.97%  1756 4770s
 149896 77091  328.18509   42 1477  348.00000  324.33303  6.80%  1760 4782s
 151122 77515  335.08705   49 1456  348.00000  324.33303  6.80%  1765 4797s
 152631 77749  344.97912   54 1426  348.00000  324.44656  6.77%  1770 4811s
 153928 78427  334.84046   52 1457  348.00000  325.54977  6.45%  1777 4826s
 155619 78780  326.76719   41 1481  348.00000  325.54977  6.45%  1782 4842s
 157267 78742  342.40020   54 1432  348.00000  325.80353  6.38%  1786 4858s
 158937 78740  337.39069   47 1439  348.00000  326.17949  6.27%  1791 4875s
 160650 79397  330.32667   44 1485  348.00000  326.25423  6.25%  1797 4892s
 162269 79964  336.36446   49 1465  348.00000  326.40576  6.21%  1807 4909s
 164710 80348  331.28880   42 1464  348.00000  326.78942  6.09%  1811 4927s
 167030 80966  332.44664   42 1467  348.00000  327.03966  6.02%  1815 4945s
 169540 81559  333.21525   40 1467  348.00000  327.22698  5.97%  1818 4963s
 172056 81817  332.36660   43 1480  348.00000  327.40566  5.92%  1822 4982s
 174498 81997  339.74777   43 1451  348.00000  327.58716  5.87%  1826 5000s
 176878 82977  333.78770   45 1474  348.00000  327.72294  5.83%  1831 5026s
 180517 82764  341.24583   51 1451  348.00000  328.06390  5.73%  1836 5045s
 183017 83320  342.89659   51 1451  348.00000  328.22788  5.68%  1840 5065s
 185836 83198  330.94236   40 1476  348.00000  328.42793  5.62%  1843 5086s
 189298 83621  344.11906   49 1439  348.00000  328.42810  5.62%  1842 5106s
 192278 84081  346.98713   51 1451  348.00000  328.64838  5.56%  1844 5127s
 194935 84699  339.24922   47 1437  348.00000  328.80611  5.52%  1851 5150s
 197960 85424  345.28435   54 1454  348.00000  328.81449  5.51%  1857 5173s
 201332 86031     cutoff   53       348.00000  329.01517  5.46%  1860 5197s
 204614 86883  335.09336   50 1470  348.00000  329.02930  5.45%  1865 5223s
 208120 87685  334.92795   41 1459  348.00000  329.30858  5.37%  1871 5249s
 212158 87646  346.33754   59 1447  348.00000  329.42006  5.34%  1873 5281s
 214671 88382  334.08210   43 1464  348.00000  329.44614  5.33%  1873 5311s
 218961 88856  335.04324   41 1448  348.00000  329.68425  5.26%  1877 5341s
 223331 89275  335.09321   41 1365  348.00000  329.88811  5.20%  1881 5373s
 227701 89887  335.87085   41 1416  348.00000  330.03875  5.16%  1884 5405s
 232590 90554     cutoff   47       348.00000  330.23143  5.11%  1886 5437s
 237496 91859  331.75272   46 1476  348.00000  330.43482  5.05%  1888 5479s
 243946 91359  346.54649   48 1434  348.00000  330.59169  5.00%  1890 5512s
 249502 91771  336.35829   42 1443  348.00000  330.72047  4.97%  1890 5546s
 254552 92110  339.81978   48 1454  348.00000  330.92267  4.91%  1892 5582s
 259926 92848  338.28405   43 1442  348.00000  331.01254  4.88%  1895 5620s
 265827 92049  344.78621   51 1435  348.00000  331.20867  4.83%  1896 5744s
 268805 94603  338.53694   49 1454  348.00000  331.21008  4.82%  1897 5792s
 276123 95187  339.02365   44 1453  348.00000  331.43410  4.76%  1900 5837s
 283078 95643     cutoff   59       348.00000  331.61067  4.71%  1901 5884s
 290471 96314  338.21859   43 1464  348.00000  331.66821  4.69%  1902 5930s
 297831 97807  341.44235   47 1445  348.00000  331.90878  4.62%  1903 5987s
 306496 98439     cutoff   55       348.00000  332.09916  4.57%  1908 6039s
 314088 98779  344.39774   49 1262  348.00000  332.21298  4.54%  1914 6092s
 322269 98918  339.94436   47 1461  348.00000  332.36858  4.49%  1916 6147s
 330927 101950  340.59661   47 1454  348.00000  332.50195  4.45%  1918 6202s
 339945 105036  340.32314   46 1427  348.00000  332.63364  4.42%  1919 6259s
 348756 108021  337.09893   46 1462  348.00000  332.78267  4.37%  1919 6319s
 358299 112299  339.33147   42 1446  348.00000  332.97391  4.32%  1919 6391s
 370304 115814     cutoff   63       348.00000  333.16850  4.26%  1917 6453s
 380404 118726  336.55209   46 1474  348.00000  333.32044  4.22%  1917 6518s
 391283 122518  343.90409   48 1430  348.00000  333.43274  4.19%  1916 6584s
 402039 126134  339.45163   50 1447  348.00000  333.59136  4.14%  1917 6658s
 412011 129711  338.62689   45 1453  348.00000  333.70967  4.11%  1916 6736s
 425408 133808  340.81636   49 1452  348.00000  333.86593  4.06%  1913 6824s
 440529 138202  338.94651   49 1454  348.00000  334.02280  4.02%  1912 6899s
 453374 142076  339.11246   46 1453  348.00000  334.19852  3.97%  1910 6976s
 466723 144951  340.50484   44 1454  348.00000  334.31580  3.93%  1908 7051s
 480241 148467     cutoff   54       348.00000  334.42288  3.90%  1905 7124s
 492720 152662  342.23358   47 1439  348.00000  334.56742  3.86%  1903 7213s
 507775 156682  346.08805   59 1450  348.00000  334.71367  3.82%  1902 7289s
 520425 160095  343.76516   44 1444  348.00000  334.82024  3.79%  1902 7368s
 533904 163918  346.58561   48 1442  348.00000  334.92143  3.76%  1900 7444s
 546700 167919  343.93048   49 1434  348.00000  335.04391  3.72%  1899 7520s
 559840 172123     cutoff   51       348.00000  335.17193  3.69%  1897 7606s
 574440 175805  342.39518   51 1450  348.00000  335.30549  3.65%  1896 7683s
 587574 178680     cutoff   56       348.00000  335.40218  3.62%  1895 7760s
 600401 181487  341.86905   44 1445  348.00000  335.50699  3.59%  1895 7837s
 614238 184786  340.04876   46 1453  348.00000  335.60300  3.56%  1892 7916s
 625357 188111  339.66646   45 1433  348.00000  335.68408  3.54%  1891 8001s
 639999 191556  342.38760   49 1460  348.00000  335.79801  3.51%  1890 8077s
 652720 195352  343.73924   45 1392  348.00000  335.88428  3.48%  1889 8153s
 666101 198944  342.42624   48 1443  348.00000  335.98463  3.45%  1887 8228s
 679008 202130  345.64937   51 1457  348.00000  336.08411  3.42%  1886 8303s
 692155 205104  344.74483   50 1430  348.00000  336.15974  3.40%  1885 8388s
 707245 208419  341.72743   51 1444  348.00000  336.25945  3.37%  1882 8461s
 719756 211008     cutoff   52       348.00000  336.35148  3.35%  1881 8535s
 732818 213583  346.63829   45 1430  348.00000  336.43593  3.32%  1879 8609s
 746396 216255     cutoff   48       348.00000  336.51774  3.30%  1876 8683s
 758843 219837  345.64059   49 1423  348.00000  336.59931  3.28%  1874 8767s
 773492 222228     cutoff   50       348.00000  336.69467  3.25%  1872 8840s
 786192 224456  344.69660   46 1450  348.00000  336.77108  3.23%  1870 8914s

Gurobi 10.0.3 (linux64) logging started Wed Sep  4 12:29:07 2024

Set parameter LogFile to value "local/logs/w4-k4-s2.log"

Gurobi 10.0.3 (linux64) logging started Wed Sep  4 12:29:07 2024

Set parameter LogFile to value "local/logs/w4-k4-s2.log"
Warning: variable name "x_(0000000, 0)" has a space
Warning: default variable names used to write mps file
Gurobi Optimizer version 10.0.3 build v10.0.3rc0 (linux64)

CPU model: AMD EPYC 7742 64-Core Processor, instruction set [SSE2|AVX|AVX2]
Thread count: 64 physical cores, 128 logical processors, using up to 128 threads

Academic license 2533279 - for non-commercial use only - registered to bl___@rice.edu
Optimize a model with 4224 rows, 1536 columns and 8704 nonzeros
Model fingerprint: 0x687858f2
Variable types: 0 continuous, 1536 integer (1536 binary)
Coefficient statistics:
  Matrix range     [1e+00, 1e+00]
  Objective range  [1e+00, 1e+00]
  Bounds range     [1e+00, 1e+00]
  RHS range        [1e+00, 1e+00]

Concurrent MIP optimizer: 64 concurrent instances (2 threads per instance)


User MIP start produced solution with objective 348 (0.05s)
Loaded user MIP start with objective 348

Presolve removed 40 rows and 2 columns
Presolve time: 0.01s
Presolved: 4184 rows, 1534 columns, 8648 nonzeros
Variable types: 0 continuous, 1534 integer (1534 binary)
Root relaxation presolved: 4184 rows, 1534 columns, 8648 nonzeros


Use crossover to convert LP symmetric solution to basic solution...

Root relaxation: objective 2.650000e+02, 623 iterations, 0.02 seconds (0.02 work units)

    Nodes    |    Current Node    |     Objective Bounds      |     Work
 Expl Unexpl |  Obj  Depth IntInf | Incumbent    BestBd   Gap | It/Node Time

     0     0      -    -    -      348.00000  265.00000  23.9%     -    0s
     0     0      -    -    -      348.00000  271.00000  22.1%     -    0s
     0     0      -    -    -      348.00000  271.25000  22.1%     -    0s
     0     0      -    -    -      348.00000  272.42028  21.7%     -    0s
     0     0      -    -    -      348.00000  272.73081  21.6%     -    0s
     0     0      -    -    -      348.00000  272.82204  21.6%     -    0s
     0     0      -    -    -      348.00000  272.82602  21.6%     -    0s
     0     0      -    -    -      348.00000  272.85320  21.6%     -    0s
     0     0      -    -    -      348.00000  272.85674  21.6%     -    0s
     0     0      -    -    -      348.00000  272.85674  21.6%     -    0s
     0     0      -    -    -      348.00000  274.51686  21.1%     -    1s
     0     0      -    -    -      348.00000  274.62412  21.1%     -    1s
     0     0      -    -    -      348.00000  274.66104  21.1%     -    1s
     0     0      -    -    -      348.00000  274.67209  21.1%     -    1s
     0     0      -    -    -      348.00000  274.67209  21.1%     -    1s
     0     0      -    -    -      348.00000  276.37914  20.6%     -    1s
     0     0      -    -    -      348.00000  276.46202  20.6%     -    1s
     0     0      -    -    -      348.00000  276.46347  20.6%     -    1s
     0     0      -    -    -      348.00000  276.46347  20.6%     -    2s
     0     0      -    -    -      348.00000  277.07967  20.4%     -    2s
     0     2      -    -    -      348.00000  285.82955  17.9%     -  268s
     9    12      -    -    -      348.00000  285.82955  17.9%     -  273s
    22    25      -    -    -      348.00000  285.82955  17.9%     -  275s
    41    46      -    -    -      348.00000  285.82955  17.9%     -  280s
    80    65      -    -    -      348.00000  285.82955  17.9%     -  285s
    93    80      -    -    -      348.00000  285.82955  17.9%     -  290s
   110   100      -    -    -      348.00000  285.82955  17.9%     -  295s
   149   122      -    -    -      348.00000  285.82955  17.9%     -  301s
   159   129      -    -    -      348.00000  285.82955  17.9%     -  308s
   162   135      -    -    -      348.00000  285.82955  17.9%     -  310s
   173   145      -    -    -      348.00000  285.82955  17.9%     -  315s
   182   155      -    -    -      348.00000  285.82955  17.9%     -  321s
   192   164      -    -    -      348.00000  285.82955  17.9%     -  325s
   214   176      -    -    -      348.00000  285.82955  17.9%     -  331s
   225   183      -    -    -      348.00000  285.82955  17.9%     -  335s
   238   193      -    -    -      348.00000  285.82955  17.9%     -  342s
   242   202      -    -    -      348.00000  285.82955  17.9%     -  350s
   301   249      -    -    -      348.00000  285.82955  17.9%     -  357s
   363   272      -    -    -      348.00000  285.82955  17.9%     -  362s
   395   278      -    -    -      348.00000  286.83819  17.6%     -  762s
   444   308      -    -    -      348.00000  286.83819  17.6%     -  768s
   463   310      -    -    -      348.00000  286.83819  17.6%     -  775s
   471   318      -    -    -      348.00000  286.83819  17.6%     -  780s
   479   327      -    -    -      348.00000  286.83819  17.6%     -  785s
   504   338      -    -    -      348.00000  286.83819  17.6%     -  793s
   508   348      -    -    -      348.00000  286.83819  17.6%     -  799s
   518   356      -    -    -      348.00000  287.74546  17.3%     -  805s
   526   372      -    -    -      348.00000  287.74546  17.3%     -  810s
   542   384      -    -    -      348.00000  287.74546  17.3%     -  817s
   554   388      -    -    -      348.00000  288.04688  17.2%     -  827s
   570   397      -    -    -      348.00000  288.04688  17.2%     -  832s
   579   407      -    -    -      348.00000  288.04688  17.2%     -  845s
   589   431      -    -    -      348.00000  288.04688  17.2%     - 1125s
   613   475      -    -    -      348.00000  288.04688  17.2%     - 1131s
   691   481      -    -    -      348.00000  288.04688  17.2%     - 1144s
   697   483      -    -    -      348.00000  288.04688  17.2%     - 1161s
   699   487      -    -    -      348.00000  288.17591  17.2%     - 1314s
   703   489      -    -    -      348.00000  288.35577  17.1%     - 1328s
   705   541      -    -    -      348.00000  288.35577  17.1%     - 1334s
   800   542      -    -    -      348.00000  288.35577  17.1%     - 1430s
   817   553      -    -    -      348.00000  289.09749  16.9%     - 1706s
   834   568      -    -    -      348.00000  289.09749  16.9%     - 1710s
   868   587      -    -    -      348.00000  289.09749  16.9%     - 1715s
   900   582      -    -    -      348.00000  290.37116  16.6%     - 2077s
   914   594      -    -    -      348.00000  290.37116  16.6%     - 2080s
   941   612      -    -    -      348.00000  290.37116  16.6%     - 2085s
   962   625      -    -    -      348.00000  290.37116  16.6%     - 2090s
   966   628      -    -    -      348.00000  290.37116  16.6%     - 2095s
   974   634      -    -    -      348.00000  290.37116  16.6%     - 2101s
   983   637      -    -    -      348.00000  290.37116  16.6%     - 2141s
   985   639      -    -    -      348.00000  290.37116  16.6%     - 2216s
  1008   647      -    -    -      348.00000  290.37116  16.6%     - 2220s
  1063   665      -    -    -      348.00000  290.37116  16.6%     - 2225s
  1117   682      -    -    -      348.00000  290.37116  16.6%     - 2231s
  1190   664      -    -    -      348.00000  290.37116  16.6%     - 2235s
  1259   675      -    -    -      348.00000  290.37116  16.6%     - 2242s
  1307   706      -    -    -      348.00000  290.37116  16.6%     - 2246s
  1366   723      -    -    -      348.00000  290.37116  16.6%     - 2251s
  1391   735      -    -    -      348.00000  291.19460  16.3%     - 2499s
  1411   748      -    -    -      348.00000  291.19460  16.3%     - 2502s
  1453   737      -    -    -      348.00000  291.19460  16.3%     - 2509s
  1456   740      -    -    -      348.00000  291.19460  16.3%     - 2520s
  1499   751      -    -    -      348.00000  291.30940  16.3%     - 2896s
  1503   789      -    -    -      348.00000  291.30940  16.3%     - 2900s
  1552   772      -    -    -      348.00000  291.30940  16.3%     - 2906s
  1568   777      -    -    -      348.00000  291.30940  16.3%     - 2912s
  1578   781      -    -    -      348.00000  291.30940  16.3%     - 2919s
  1585   787      -    -    -      348.00000  291.30940  16.3%     - 2925s
  1594   792      -    -    -      348.00000  291.30940  16.3%     - 2934s
  1602   807      -    -    -      348.00000  291.30940  16.3%     - 2940s
  1619   807      -    -    -      348.00000  291.30940  16.3%     - 2946s
  1639   805      -    -    -      348.00000  291.30940  16.3%     - 2955s
  1646   812      -    -    -      348.00000  291.30940  16.3%     - 2966s
  1655   841      -    -    -      348.00000  291.30940  16.3%     - 2972s
  1715   852      -    -    -      348.00000  291.30940  16.3%     - 2977s
  1746   886      -    -    -      348.00000  291.30940  16.3%     - 2983s
  1794   874      -    -    -      348.00000  292.25794  16.0%     - 3397s
  1808   923      -    -    -      348.00000  292.25794  16.0%     - 3403s
  1878   910      -    -    -      348.00000  292.25794  16.0%     - 3411s
  1904   914      -    -    -      348.00000  292.25794  16.0%     - 3429s
  1917   916      -    -    -      348.00000  292.39264  16.0%     - 3628s
  1923   983      -    -    -      348.00000  292.39264  16.0%     - 3635s
  2012   996      -    -    -      348.00000  292.39264  16.0%     - 3643s
  2097   976      -    -    -      348.00000  293.02104  15.8%     - 4007s
  2105  1049      -    -    -      348.00000  293.02104  15.8%     - 4014s
  2201  1064      -    -    -      348.00000  293.02104  15.8%     - 4023s
  2294  1047      -    -    -      348.00000  293.06099  15.8%     - 4269s
  2308  1098      -    -    -      348.00000  293.06099  15.8%     - 4277s
  2387  1090      -    -    -      348.00000  294.73958  15.3%     - 4708s
  2415  1147      -    -    -      348.00000  294.73958  15.3%     - 4719s
  2529  1135      -    -    -      348.00000  294.73958  15.3%     - 4739s
  2538  1144      -    -    -      348.00000  294.73958  15.3%     - 4754s
  2547  1221      -    -    -      348.00000  294.73958  15.3%     - 4903s
  2654  1269      -    -    -      348.00000  294.93130  15.2%     - 5244s
  2748  1313      -    -    -      348.00000  294.93130  15.2%     - 5263s
  2804  1338      -    -    -      348.00000  294.93130  15.2%     - 5286s
  2841  1364      -    -    -      348.00000  294.93130  15.2%     - 5307s
  2903  1385      -    -    -      348.00000  295.33194  15.1%     - 5354s
  2924  1447      -    -    -      348.00000  295.33194  15.1%     - 5374s
  3036  1519      -    -    -      348.00000  295.33194  15.1%     - 5696s
  3158  1581      -    -    -      348.00000  295.33194  15.1%     - 5908s
  3244  1585      -    -    -      348.00000  295.33194  15.1%     - 5955s
  3248  1663      -    -    -      348.00000  295.77170  15.0%     - 6302s
  3354  1752      -    -    -      348.00000  296.09097  14.9%     - 6611s
  3521  1843      -    -    -      348.00000  296.09097  14.9%     - 6645s
  3662  1889      -    -    -      348.00000  296.45510  14.8%     - 6868s
  3716  2005      -    -    -      348.00000  296.45510  14.8%     - 7176s
  3986  2016      -    -    -      348.00000  296.74958  14.7%     - 7624s
  4016  2206      -    -    -      348.00000  296.77869  14.7%     - 7960s
  4326  2519      -    -    -      348.00000  296.91519  14.7%     - 8387s
  4766  2581      -    -    -      348.00000  296.93537  14.7%     - 8910s
  4836  2637      -    -    -      348.00000  296.97570  14.7%     - 9302s
  4922  2699      -    -    -      348.00000  296.97570  14.7%     - 9697s
  5080  2721      -    -    -      348.00000  296.99665  14.7%     - 10030s
  5122  2933      -    -    -      348.00000  296.99665  14.7%     - 10447s
  5480  2967      -    -    -      348.00000  297.02327  14.6%     - 10918s
  5522  3001      -    -    -      348.00000  297.12978  14.6%     - 11329s
  5604  3117      -    -    -      348.00000  297.61271  14.5%     - 11822s
  5798  3123      -    -    -      348.00000  297.61271  14.5%     - 12321s
  5804  3234      -    -    -      348.00000  297.82221  14.4%     - 12856s
  5955  3398      -    -    -      348.00000  297.82221  14.4%     - 13292s
  6247  3500      -    -    -      348.00000  298.03547  14.4%     - 13553s
  6455  3594      -    -    -      348.00000  298.03547  14.4%     - 13974s
  6647  3670      -    -    -      348.00000  298.24689  14.3%     - 14346s
  6755  3730      -    -    -      348.00000  298.24689  14.3%     - 14400s

Cutting planes:
  Gomory: 3
  Zero half: 182
  RLT: 43

Instance 47 was solved

Explored 5224 nodes (3286597 simplex iterations) in 14400.35 seconds (24230.06 work units)
Thread count was 2 (of 128 available processors)

Solution count 1: 348 

Time limit reached
Best objective 3.480000000000e+02, best bound 2.990000000000e+02, gap 14.0805%

Gurobi 10.0.3 (linux64) logging started Wed Sep  4 22:06:46 2024

Set parameter LogFile to value "local/logs/w4-k4-s2.log"
Set parameter PoolSearchMode to value 2
Set parameter PoolSolutions to value 1
Set parameter PoolGap to value 0
Set parameter Method to value 3
Set parameter ConcurrentMIP to value 64
Set parameter TimeLimit to value 14400
Set parameter Heuristics to value 0.95
Set parameter MIPFocus to value 1
Set parameter Threads to value 128
Set parameter Threads to value 128
Warning: variable name "x_(0000000, 0)" has a space
Warning: default variable names used to write mps file
Gurobi Optimizer version 10.0.3 build v10.0.3rc0 (linux64)

CPU model: AMD EPYC 7742 64-Core Processor, instruction set [SSE2|AVX|AVX2]
Thread count: 64 physical cores, 128 logical processors, using up to 128 threads

Academic license 2533279 - for non-commercial use only - registered to bl___@rice.edu
Optimize a model with 4225 rows, 1792 columns and 8960 nonzeros
Model fingerprint: 0x6f33d8a6
Model has 768 general constraints
Variable types: 0 continuous, 1792 integer (1792 binary)
Coefficient statistics:
  Matrix range     [1e+00, 1e+00]
  Objective range  [1e+00, 1e+00]
  Bounds range     [1e+00, 1e+00]
  RHS range        [1e+00, 9e+01]
  GenCon coe range [1e+00, 1e+00]

Concurrent MIP optimizer: 64 concurrent instances (2 threads per instance)


User MIP start produced solution with objective 348 (0.37s)
Loaded user MIP start with objective 348

Presolve added 2252 rows and 764 columns
Presolve time: 0.05s
Presolved: 6477 rows, 2556 columns, 15016 nonzeros
Variable types: 0 continuous, 2556 integer (2556 binary)
Root relaxation presolved: 6477 rows, 2556 columns, 15016 nonzeros

Concurrent LP optimizer: dual simplex and barrier
Showing barrier log only...

Root barrier log...

Ordering time: 0.01s

Barrier statistics:
 AA' NZ     : 1.584e+04
 Factor NZ  : 8.613e+04 (roughly 2 MB of memory)
 Factor Ops : 6.740e+06 (less than 1 second per iteration)
 Threads    : 1

Barrier performed 0 iterations in 0.46 seconds (0.07 work units)
Barrier solve interrupted - model solved by another algorithm


Solved with dual simplex

Use crossover to convert LP symmetric solution to basic solution...

Root relaxation: objective 2.650000e+02, 835 iterations, 0.04 seconds (0.03 work units)

    Nodes    |    Current Node    |     Objective Bounds      |     Work
 Expl Unexpl |  Obj  Depth IntInf | Incumbent    BestBd   Gap | It/Node Time

     0     0      -    -    -      348.00000  265.00000  23.9%     -    0s
     0     0      -    -    -      348.00000  266.75000  23.3%     -    1s
     0     0      -    -    -      348.00000  266.75000  23.3%     -    1s
     0     0      -    -    -      348.00000  268.87500  22.7%     -    1s
     0     0      -    -    -      348.00000  268.87500  22.7%     -    1s
     0     0      -    -    -      348.00000  269.37500  22.6%     -    2s
     0     0      -    -    -      348.00000  269.37500  22.6%     -    2s
     0     0      -    -    -      348.00000  272.68750  21.6%     -    2s
     0     0      -    -    -      348.00000  273.15278  21.5%     -    2s
     0     0      -    -    -      348.00000  273.15278  21.5%     -    2s
     0     0      -    -    -      348.00000  274.68750  21.1%     -    3s
     0     2      -    -    -      348.00000  276.68750  20.5%     -    3s
     5     8      -    -    -      348.00000  276.68750  20.5%     -    5s
    23    27      -    -    -      348.00000  276.75000  20.5%     -   10s
    47    53      -    -    -      348.00000  276.75000  20.5%     -   15s
    82    61      -    -    -      348.00000  278.50000  20.0%     -   20s
    98    77      -    -    -      348.00000  279.77876  19.6%     -   25s
   124   101      -    -    -      348.00000  279.77876  19.6%     -   31s
   131   103      -    -    -      348.00000  279.77876  19.6%     -   36s
   144   115      -    -    -      348.00000  279.77876  19.6%     -   44s
   148   123      -    -    -      348.00000  279.77876  19.6%     -   45s
   156   125      -    -    -      348.00000  279.77876  19.6%     -   52s
   170   144      -    -    -      348.00000  279.77876  19.6%     -   56s
   177   146      -    -    -      348.00000  280.25000  19.5%     -   66s
   200   168      -    -    -      348.00000  280.25000  19.5%     -   71s
   207   170      -    -    -      348.00000  280.85302  19.3%     -   82s
   220   180      -    -    -      348.00000  280.85302  19.3%     -   86s
   231   186      -    -    -      348.00000  280.85302  19.3%     -   97s
   256   206      -    -    -      348.00000  280.85302  19.3%     -  101s
   273   208      -    -    -      348.00000  280.85302  19.3%     -  116s
   291   226      -    -    -      348.00000  280.85302  19.3%     -  128s
   293   241      -    -    -      348.00000  280.85302  19.3%     -  138s
   308   253      -    -    -      348.00000  280.85302  19.3%     -  141s
   324   260      -    -    -      348.00000  281.00000  19.3%     -  155s
   360   270      -    -    -      348.00000  281.00000  19.3%     -  162s
   373   289      -    -    -      348.00000  281.00000  19.3%     -  166s
   398   291      -    -    -      348.00000  281.88889  19.0%     -  184s
   404   292      -    -    -      348.00000  281.88889  19.0%     -  188s
   425   300      -    -    -      348.00000  282.25614  18.9%     -  211s
   437   297      -    -    -      348.00000  282.25614  18.9%     -  215s
   448   297      -    -    -      348.00000  283.66239  18.5%     -  233s
   452   317      -    -    -      348.00000  283.66239  18.5%     -  252s
   476   351      -    -    -      348.00000  283.66239  18.5%     -  275s
   520   391      -    -    -      348.00000  283.66239  18.5%     -  293s
   568   427      -    -    -      348.00000  284.12500  18.4%     -  299s
   604   429      -    -    -      348.00000  284.12500  18.4%     -  310s
   606   461      -    -    -      348.00000  284.12500  18.4%     -  316s
   648   463      -    -    -      348.00000  284.12500  18.4%     -  331s
   650   501      -    -    -      348.00000  284.12500  18.4%     -  352s
   704   541      -    -    -      348.00000  284.12500  18.4%     -  369s
   761   543      -    -    -      348.00000  284.12500  18.4%     -  370s
   782   560      -    -    -      348.00000  284.12500  18.4%     -  375s
   802   575      -    -    -      348.00000  284.12500  18.4%     -  380s
   821   587      -    -    -      348.00000  284.12500  18.4%     -  385s
   847   594      -    -    -      348.00000  284.12500  18.4%     -  390s
   871   594      -    -    -      348.00000  284.12500  18.4%     -  395s
   899   610      -    -    -      348.00000  284.12500  18.4%     -  400s
   903   617      -    -    -      348.00000  284.12500  18.4%     -  406s
   916   620      -    -    -      348.00000  284.12500  18.4%     -  413s
   922   622      -    -    -      348.00000  284.12500  18.4%     -  415s
   947   622      -    -    -      348.00000  284.12500  18.4%     -  432s
   958   630      -    -    -      348.00000  284.12500  18.4%     -  435s
   977   634      -    -    -      348.00000  284.12500  18.4%     -  450s
  1007   654      -    -    -      348.00000  284.12500  18.4%     -  466s
  1024   681      -    -    -      348.00000  284.12500  18.4%     -  470s
  1041   677      -    -    -      348.00000  284.12500  18.4%     -  484s
  1043   691      -    -    -      348.00000  284.12500  18.4%     -  486s
  1076   695      -    -    -      348.00000  284.12500  18.4%     -  498s
  1079   705      -    -    -      348.00000  284.12500  18.4%     -  501s
  1108   713      -    -    -      348.00000  284.12500  18.4%     -  516s
  1113   713      -    -    -      348.00000  284.12500  18.4%     -  533s
  1115   724      -    -    -      348.00000  284.12500  18.4%     -  536s
  1131   719      -    -    -      348.00000  284.12500  18.4%     -  548s
  1149   723      -    -    -      348.00000  284.12500  18.4%     -  551s
  1171   722      -    -    -      348.00000  284.12500  18.4%     -  561s
  1183   734      -    -    -      348.00000  284.12500  18.4%     -  565s
  1221   720      -    -    -      348.00000  284.12500  18.4%     -  581s
  1226   727      -    -    -      348.00000  284.12500  18.4%     -  585s
  1247   722      -    -    -      348.00000  284.12500  18.4%     -  610s
  1285   734      -    -    -      348.00000  284.12500  18.4%     -  632s
  1287   765      -    -    -      348.00000  284.12500  18.4%     -  637s
  1327   754      -    -    -      348.00000  284.12500  18.4%     -  649s
  1329   794      -    -    -      348.00000  284.12500  18.4%     -  654s
  1370   782      -    -    -      348.00000  284.12500  18.4%     -  672s
  1372   811      -    -    -      348.00000  284.12500  18.4%     -  676s
  1415   798      -    -    -      348.00000  284.50000  18.2%     -  724s
  1417   828      -    -    -      348.00000  284.50000  18.2%     -  742s
  1463   828      -    -    -      348.00000  285.40752  18.0%     -  760s
  1479   835      -    -    -      348.00000  285.40752  18.0%     -  766s
  1520   823      -    -    -      348.00000  285.40752  18.0%     -  781s
  1522   869      -    -    -      348.00000  285.64416  17.9%     -  804s
  1578   880      -    -    -      348.00000  285.64416  17.9%     -  820s
  1632   897      -    -    -      348.00000  285.64416  17.9%     -  843s
  1687   914      -    -    -      348.00000  285.64416  17.9%     -  866s
  1740   898      -    -    -      348.00000  285.75000  17.9%     -  883s
  1742   917      -    -    -      348.00000  285.75000  17.9%     -  893s
  1796   899      -    -    -      348.00000  285.78110  17.9%     -  916s
  1800   950      -    -    -      348.00000  286.25000  17.7%     -  932s
  1852   937      -    -    -      348.00000  286.50000  17.7%     -  951s
  1856   971      -    -    -      348.00000  286.65568  17.6%     -  973s
  1910   995      -    -    -      348.00000  286.65568  17.6%     -  993s
  1964   975      -    -    -      348.00000  286.65568  17.6%     - 1012s
  1970  1015      -    -    -      348.00000  286.70309  17.6%     - 1040s
  2012  1032      -    -    -      348.00000  287.14645  17.5%     - 1069s
  2069  1043      -    -    -      348.00000  287.25000  17.5%     - 1095s
  2123  1067      -    -    -      348.00000  287.25627  17.5%     - 1116s
  2191  1041      -    -    -      348.00000  287.25627  17.5%     - 1142s
  2249  1077      -    -    -      348.00000  287.38213  17.4%     - 1174s
  2309  1099      -    -    -      348.00000  287.38213  17.4%     - 1191s
  2363  1096      -    -    -      348.00000  287.50000  17.4%     - 1209s
  2378  1121      -    -    -      348.00000  287.50000  17.4%     - 1227s
  2434  1139      -    -    -      348.00000  287.53055  17.4%     - 1248s
  2500  1147      -    -    -      348.00000  287.87500  17.3%     - 1267s
  2510  1202      -    -    -      348.00000  288.25000  17.2%     - 1288s
  2587  1254      -    -    -      348.00000  288.25000  17.2%     - 1308s
  2647  1277      -    -    -      348.00000  288.88547  17.0%     - 1330s
  2690  1331      -    -    -      348.00000  289.14286  16.9%     - 1353s
  2764  1380      -    -    -      348.00000  289.20000  16.9%     - 1378s
  2813  1394      -    -    -      348.00000  289.27530  16.9%     - 1421s
  2827  1420      -    -    -      348.00000  289.27530  16.9%     - 1448s
  2883  1476      -    -    -      348.00000  289.27530  16.9%     - 1474s
  2963  1538      -    -    -      348.00000  289.27530  16.9%     - 1503s
  3055  1601      -    -    -      348.00000  289.27530  16.9%     - 1531s
  3134  1655      -    -    -      348.00000  289.63078  16.8%     - 1561s
  3218  1727      -    -    -      348.00000  289.65278  16.8%     - 1594s
  3356  1729      -    -    -      348.00000  290.38157  16.6%     - 1645s
  3358  1827      -    -    -      348.00000  290.50267  16.5%     - 1677s
  3506  1921      -    -    -      348.00000  290.50267  16.5%     - 1711s
  3648  2044      -    -    -      348.00000  290.50267  16.5%     - 1744s
  3813  2200      -    -    -      348.00000  290.87817  16.4%     - 1781s
  4047  2323      -    -    -      348.00000  290.93445  16.4%     - 1818s
  4230  2426      -    -    -      348.00000  290.93445  16.4%     - 1855s
  4421  2482      -    -    -      348.00000  290.93445  16.4%     - 1896s
  4499  2629      -    -    -      348.00000  291.25000  16.3%     - 1936s
  4704  2817      -    -    -      348.00000  291.25715  16.3%     - 1981s
  4968  2931      -    -    -      348.00000  291.37956  16.3%     - 2026s
  5125  3056      -    -    -      348.00000  291.50525  16.2%     - 2075s
  5250  3187      -    -    -      348.00000  291.51883  16.2%     - 2126s
  5525  3360      -    -    -      348.00000  291.63761  16.2%     - 2177s
  5760  3474      -    -    -      348.00000  291.63761  16.2%     - 2230s
  5931  3684      -    -    -      348.00000  291.87500  16.1%     - 2284s
  6221  3871      -    -    -      348.00000  292.25000  16.0%     - 2336s
  6483  3975      -    -    -      348.00000  292.79464  15.9%     - 2387s
  6623  4196      -    -    -      348.00000  293.25000  15.7%     - 2441s
  6972  4432      -    -    -      348.00000  293.25000  15.7%     - 2492s
  7308  4544      -    -    -      348.00000  293.26546  15.7%     - 2554s
  7488  4825      -    -    -      348.00000  293.50000  15.7%     - 2625s
  7895  4936      -    -    -      348.00000  293.50000  15.7%     - 2667s
  8058  5144      -    -    -      348.00000  293.50000  15.7%     - 2712s
  8369  5146      -    -    -      348.00000  293.50000  15.7%     - 2760s
  8371  5174      -    -    -      348.00000  293.62500  15.6%     - 2800s
  8425  5299      -    -    -      348.00000  293.68069  15.6%     - 2843s
  8612  5447      -    -    -      348.00000  293.76364  15.6%     - 2886s
  8832  5618      -    -    -      348.00000  294.25000  15.4%     - 2929s
  9072  5769      -    -    -      348.00000  294.50000  15.4%     - 2971s
  9290  5934      -    -    -      348.00000  294.61645  15.3%     - 3010s
  9508  6094      -    -    -      348.00000  294.80621  15.3%     - 3052s
  9752  6158      -    -    -      348.00000  294.80621  15.3%     - 3093s
  9852  6293      -    -    -      348.00000  295.00000  15.2%     - 3133s
 10049  6353      -    -    -      348.00000  295.00000  15.2%     - 3175s
 10145  6511      -    -    -      348.00000  295.25000  15.2%     - 3218s
 10425  6679      -    -    -      348.00000  295.25000  15.2%     - 3262s
 10662  6752      -    -    -      348.00000  295.25000  15.2%     - 3305s
 10763  6942      -    -    -      348.00000  295.25000  15.2%     - 3348s
 11028  7063      -    -    -      348.00000  295.25010  15.2%     - 3394s
 11219  7170      -    -    -      348.00000  295.25663  15.2%     - 3438s
 11354  7224      -    -    -      348.00000  295.26519  15.2%     - 3484s
 11451  7350      -    -    -      348.00000  295.26824  15.2%     - 3532s
 11702  7509      -    -    -      348.00000  295.28136  15.1%     - 3578s
 11926  7682      -    -    -      348.00000  295.31319  15.1%     - 3621s
 12172  7753      -    -    -      348.00000  295.32666  15.1%     - 3664s
 12321  7934      -    -    -      348.00000  295.38886  15.1%     - 3706s
 12579  8022      -    -    -      348.00000  295.50000  15.1%     - 3752s
 12710  8204      -    -    -      348.00000  295.50000  15.1%     - 3800s
 12970  8247      -    -    -      348.00000  295.50000  15.1%     - 3865s
 13040  8321      -    -    -      348.00000  295.50000  15.1%     - 3913s
 13152  8502      -    -    -      348.00000  295.50000  15.1%     - 3959s
 13427  8656      -    -    -      348.00000  295.50679  15.1%     - 4002s
 13653  8750      -    -    -      348.00000  295.51667  15.1%     - 4047s
 13861  8851      -    -    -      348.00000  295.51890  15.1%     - 4089s
 14028  9046      -    -    -      348.00000  295.75000  15.0%     - 4139s
 14293  9120      -    -    -      348.00000  295.75000  15.0%     - 4187s
 14425  9271      -    -    -      348.00000  295.87500  15.0%     - 4233s
 14644  9484      -    -    -      348.00000  295.88636  15.0%     - 4289s
 14906  9520      -    -    -      348.00000  296.00000  14.9%     - 4336s
 15028  9689      -    -    -      348.00000  296.00000  14.9%     - 4391s
 15285  9911      -    -    -      348.00000  296.00757  14.9%     - 4438s
 15651  9983      -    -    -      348.00000  296.02521  14.9%     - 4479s
 15763 10133      -    -    -      348.00000  296.05144  14.9%     - 4522s
 16007 10187      -    -    -      348.00000  296.25000  14.9%     - 4560s
 16073 10287      -    -    -      348.00000  296.25000  14.9%     - 4602s
 16229 10338      -    -    -      348.00000  296.25000  14.9%     - 4648s
 16308 10538      -    -    -      348.00000  296.25000  14.9%     - 4695s
 16649 10656      -    -    -      348.00000  296.50000  14.8%     - 4738s
 16833 10814      -    -    -      348.00000  296.50617  14.8%     - 4780s
 17077 10981      -    -    -      348.00000  296.50992  14.8%     - 4821s
 17292 10987      -    -    -      348.00000  296.60643  14.8%     - 4862s
 17308 11061      -    -    -      348.00000  296.75000  14.7%     - 4905s
 17498 11236      -    -    -      348.00000  296.75000  14.7%     - 4947s
 17737 11405      -    -    -      348.00000  296.75214  14.7%     - 4993s
 18023 11506      -    -    -      348.00000  296.75214  14.7%     - 5035s
 18198 11625      -    -    -      348.00000  296.80731  14.7%     - 5078s
 18371 11807      -    -    -      348.00000  297.00000  14.7%     - 5118s
 18633 12014      -    -    -      348.00000  297.00000  14.7%     - 5168s
 18936 12119      -    -    -      348.00000  297.00000  14.7%     - 5215s
 19089 12329      -    -    -      348.00000  297.00243  14.7%     - 5262s
 19428 12521      -    -    -      348.00000  297.05576  14.6%     - 5307s
 19708 12716      -    -    -      348.00000  297.25000  14.6%     - 5349s
 20005 12853      -    -    -      348.00000  297.25000  14.6%     - 5389s
 20195 12871      -    -    -      348.00000  297.25000  14.6%     - 5427s
 20225 13020      -    -    -      348.00000  297.25000  14.6%     - 5467s
 20422 13142      -    -    -      348.00000  297.25000  14.6%     - 5505s
 20592 13195      -    -    -      348.00000  297.25000  14.6%     - 5543s
 20674 13272      -    -    -      348.00000  297.25000  14.6%     - 5583s
 20771 13469      -    -    -      348.00000  297.25000  14.6%     - 5632s
 21048 13648      -    -    -      348.00000  297.25000  14.6%     - 5679s
 21288 13757      -    -    -      348.00000  297.25000  14.6%     - 5724s
 21483 13829      -    -    -      348.00000  297.25000  14.6%     - 5768s
 21577 13967      -    -    -      348.00000  297.25021  14.6%     - 5812s
 21771 14171      -    -    -      348.00000  297.25200  14.6%     - 5855s
 22056 14403      -    -    -      348.00000  297.26316  14.6%     - 5909s
 22385 14429      -    -    -      348.00000  297.26316  14.6%     - 5944s
 22425 14531      -    -    -      348.00000  297.27143  14.6%     - 5984s
 22596 14624      -    -    -      348.00000  297.38487  14.5%     - 6025s
 22796 14661      -    -    -      348.00000  297.50000  14.5%     - 6075s
 22833 14833      -    -    -      348.00000  297.50000  14.5%     - 6120s
 23073 14999      -    -    -      348.00000  297.50401  14.5%     - 6172s
 23405 15177      -    -    -      348.00000  297.50401  14.5%     - 6216s
 23681 15322      -    -    -      348.00000  297.61538  14.5%     - 6260s
 23889 15359      -    -    -      348.00000  297.62632  14.5%     - 6304s
 23934 15547      -    -    -      348.00000  297.75000  14.4%     - 6348s
 24161 15622      -    -    -      348.00000  297.75000  14.4%     - 6392s
 24349 15756      -    -    -      348.00000  297.75000  14.4%     - 6434s
 24579 15906      -    -    -      348.00000  297.75000  14.4%     - 6474s
 24771 15920      -    -    -      348.00000  297.75000  14.4%     - 6516s
 24794 16070      -    -    -      348.00000  298.00000  14.4%     - 6557s
 25036 16232      -    -    -      348.00000  298.00152  14.4%     - 6602s
 25286 16305      -    -    -      348.00000  298.25000  14.3%     - 6645s
 25441 16437      -    -    -      348.00000  298.27328  14.3%     - 6690s
 25653 16483      -    -    -      348.00000  298.32283  14.3%     - 6745s
 25715 16634      -    -    -      348.00000  298.50000  14.2%     - 6788s
 25947 16686      -    -    -      348.00000  298.50000  14.2%     - 6828s
 26081 16799      -    -    -      348.00000  298.50000  14.2%     - 6871s
 26304 16921      -    -    -      348.00000  298.75000  14.2%     - 6916s
 26492 16982      -    -    -      348.00000  298.75000  14.2%     - 6958s
 26557 17042      -    -    -      348.00000  298.75000  14.2%     - 7003s
 26647 17244      -    -    -      348.00000  298.75111  14.2%     - 7047s
 26932 17411      -    -    -      348.00000  299.00000  14.1%     - 7090s
 27169 17462      -    -    -      348.00000  299.00000  14.1%     - 7136s
 27242 17574      -    -    -      348.00000  299.00000  14.1%     - 7179s
 27425 17750      -    -    -      348.00000  299.00000  14.1%     - 7221s
 27675 17847      -    -    -      348.00000  299.00000  14.1%     - 7265s
 27852 17913      -    -    -      348.00000  299.25000  14.0%     - 7315s
 27960 17967      -    -    -      348.00000  299.25000  14.0%     - 7357s
 28094 18111      -    -    -      348.00000  299.25000  14.0%     - 7401s
 28324 18299      -    -    -      348.00000  299.25000  14.0%     - 7450s
 28589 18394      -    -    -      348.00000  299.25000  14.0%     - 7497s
 28760 18567      -    -    -      348.00000  299.25000  14.0%     - 7542s
 28994 18768      -    -    -      348.00000  299.25000  14.0%     - 7586s
 29302 18836      -    -    -      348.00000  299.25000  14.0%     - 7636s
 29388 19503      -    -    -      348.00000  299.25000  14.0%     - 7770s
 30398 19629      -    -    -      348.00000  299.25000  14.0%     - 7801s
 30576 19641      -    -    -      348.00000  299.25000  14.0%     - 7838s
 30588 19749      -    -    -      348.00000  299.26339  14.0%     - 7870s
 30746 19838      -    -    -      348.00000  299.29464  14.0%     - 7903s
 30921 19989      -    -    -      348.00000  299.37500  14.0%     - 7943s
 31186 20033      -    -    -      348.00000  299.50000  13.9%     - 7982s
 31260 20233      -    -    -      348.00000  299.50000  13.9%     - 8022s
 31557 20373      -    -    -      348.00000  299.50000  13.9%     - 8059s
 31751 20511      -    -    -      348.00000  299.50000  13.9%     - 8095s
 31932 20577      -    -    -      348.00000  299.50000  13.9%     - 8130s
 32056 20627      -    -    -      348.00000  299.50000  13.9%     - 8166s
 32130 20724      -    -    -      348.00000  299.50000  13.9%     - 8203s
 32255 20887      -    -    -      348.00000  299.50000  13.9%     - 8239s
 32507 20963      -    -    -      348.00000  299.50000  13.9%     - 8279s
 32645 20965      -    -    -      348.00000  299.50000  13.9%     - 8330s
 32647 21071      -    -    -      348.00000  299.50000  13.9%     - 8372s
 32835 21235      -    -    -      348.00000  299.50000  13.9%     - 8414s
 33082 21454      -    -    -      348.00000  299.51339  13.9%     - 8454s
 33391 21640      -    -    -      348.00000  299.51339  13.9%     - 8491s
 33679 21779      -    -    -      348.00000  299.75000  13.9%     - 8526s
 33879 21798      -    -    -      348.00000  299.75000  13.9%     - 8569s
 33902 21873      -    -    -      348.00000  299.75000  13.9%     - 8609s
 34033 21991      -    -    -      348.00000  299.75000  13.9%     - 8651s
 34191 22138      -    -    -      348.00000  299.76871  13.9%     - 8692s
 34398 22254      -    -    -      348.00000  299.78714  13.9%     - 8732s
 34590 22387      -    -    -      348.00000  299.78714  13.9%     - 8771s
 34783 22455      -    -    -      348.00000  300.00000  13.8%     - 8811s
 34886 22514      -    -    -      348.00000  300.00000  13.8%     - 8851s
 35016 22684      -    -    -      348.00000  300.00927  13.8%     - 8890s
 35283 22816      -    -    -      348.00000  300.03214  13.8%     - 8932s
 35486 22965      -    -    -      348.00000  300.04971  13.8%     - 8974s
 35682 22967      -    -    -      348.00000  300.25000  13.7%     - 9018s
 35684 23033      -    -    -      348.00000  300.25000  13.7%     - 9061s
 35876 23166      -    -    -      348.00000  300.25000  13.7%     - 9100s
 36077 23267      -    -    -      348.00000  300.25000  13.7%     - 9139s
 36272 23431      -    -    -      348.00000  300.25726  13.7%     - 9179s
 36510 23479      -    -    -      348.00000  300.26195  13.7%     - 9220s
 36592 23657      -    -    -      348.00000  300.26195  13.7%     - 9274s
 36888 23735      -    -    -      348.00000  300.28382  13.7%     - 9312s
 36994 23803      -    -    -      348.00000  300.50000  13.6%     - 9358s
 37090 24011      -    -    -      348.00000  300.50000  13.6%     - 9411s
 37411 24163      -    -    -      348.00000  300.50000  13.6%     - 9456s
 37639 24390      -    -    -      348.00000  300.50682  13.6%     - 9504s
 38000 24427      -    -    -      348.00000  300.50682  13.6%     - 9552s
 38065 24564      -    -    -      348.00000  300.52478  13.6%     - 9594s
 38314 24686      -    -    -      348.00000  300.55683  13.6%     - 9632s
 38502 24790      -    -    -      348.00000  300.57143  13.6%     - 9669s
 38672 24911      -    -    -      348.00000  300.75000  13.6%     - 9722s
 38832 25088      -    -    -      348.00000  300.75000  13.6%     - 9774s
 39164 25263      -    -    -      348.00000  300.75000  13.6%     - 9827s
 39407 25271      -    -    -      348.00000  300.75285  13.6%     - 9880s
 39431 25473      -    -    -      348.00000  300.75435  13.6%     - 9932s
 39740 25632      -    -    -      348.00000  300.77527  13.6%     - 9982s
 39963 25823      -    -    -      348.00000  300.79164  13.6%     - 10030s
 40290 26002      -    -    -      348.00000  300.79274  13.6%     - 10076s
 40547 26136      -    -    -      348.00000  300.81605  13.6%     - 10121s
 40751 26305      -    -    -      348.00000  300.90421  13.5%     - 10165s
 40992 26332      -    -    -      348.00000  300.90421  13.5%     - 10206s
 41045 26461      -    -    -      348.00000  301.00000  13.5%     - 10249s
 41279 26614      -    -    -      348.00000  301.00000  13.5%     - 10291s
 41547 26726      -    -    -      348.00000  301.00000  13.5%     - 10330s
 41720 26899      -    -    -      348.00000  301.00000  13.5%     - 10370s
 41986 27033      -    -    -      348.00000  301.00000  13.5%     - 10428s
 42162 27181      -    -    -      348.00000  301.00297  13.5%     - 10484s
 42390 27357      -    -    -      348.00000  301.02168  13.5%     - 10540s
 42758 27590      -    -    -      348.00000  301.02656  13.5%     - 10593s
 43112 27675      -    -    -      348.00000  301.03329  13.5%     - 10641s
 43252 27920      -    -    -      348.00000  301.07826  13.5%     - 10690s
 43635 28087      -    -    -      348.00000  301.12420  13.5%     - 10737s
 43906 28232      -    -    -      348.00000  301.25000  13.4%     - 10793s
 44119 28446      -    -    -      348.00000  301.25000  13.4%     - 10854s
 44449 28666      -    -    -      348.00000  301.25000  13.4%     - 10903s
 44757 28818      -    -    -      348.00000  301.25000  13.4%     - 10944s
 44983 28971      -    -    -      348.00000  301.25000  13.4%     - 10985s
 45236 29056      -    -    -      348.00000  301.25000  13.4%     - 11023s
 45383 29202      -    -    -      348.00000  301.25000  13.4%     - 11062s
 45612 29259      -    -    -      348.00000  301.25000  13.4%     - 11099s
 45699 29355      -    -    -      348.00000  301.25000  13.4%     - 11139s
 45841 29501      -    -    -      348.00000  301.25000  13.4%     - 11179s
 46084 29752      -    -    -      348.00000  301.25000  13.4%     - 11236s
 46453 29838      -    -    -      348.00000  301.25000  13.4%     - 11290s
 46603 30060      -    -    -      348.00000  301.25000  13.4%     - 11347s
 46932 30272      -    -    -      348.00000  301.25000  13.4%     - 11404s
 47269 30372      -    -    -      348.00000  301.25000  13.4%     - 11460s
 47450 30502      -    -    -      348.00000  301.25000  13.4%     - 11514s
 47662 30755      -    -    -      348.00000  301.25000  13.4%     - 11570s
 48054 30860      -    -    -      348.00000  301.25000  13.4%     - 11620s
 48234 30879      -    -    -      348.00000  301.25000  13.4%     - 11674s
 48320 31032      -    -    -      348.00000  301.25036  13.4%     - 11727s
 48626 31243      -    -    -      348.00000  301.25118  13.4%     - 11777s
 48932 31385      -    -    -      348.00000  301.25211  13.4%     - 11826s
 49229 31424      -    -    -      348.00000  301.25441  13.4%     - 11872s
 49283 31585      -    -    -      348.00000  301.25714  13.4%     - 11918s
 49517 31748      -    -    -      348.00000  301.26227  13.4%     - 11963s
 49764 31878      -    -    -      348.00000  301.26331  13.4%     - 12008s
 50022 31975      -    -    -      348.00000  301.26627  13.4%     - 12051s
 50177 32151      -    -    -      348.00000  301.26974  13.4%     - 12094s
 50417 32273      -    -    -      348.00000  301.27261  13.4%     - 12136s
 50618 32488      -    -    -      348.00000  301.27342  13.4%     - 12177s
 50875 32560      -    -    -      348.00000  301.27711  13.4%     - 12218s
 51095 32580      -    -    -      348.00000  301.28947  13.4%     - 12258s
 51125 32787      -    -    -      348.00000  301.29299  13.4%     - 12304s
 51434 32916      -    -    -      348.00000  301.37500  13.4%     - 12335s
 51625 32973      -    -    -      348.00000  301.37677  13.4%     - 12381s
 51772 33143      -    -    -      348.00000  301.37933  13.4%     - 12434s
 52030 33346      -    -    -      348.00000  301.43750  13.4%     - 12493s
 52339 33582      -    -    -      348.00000  301.43750  13.4%     - 12550s
 52733 33763      -    -    -      348.00000  301.43750  13.4%     - 12597s
 53018 33777      -    -    -      348.00000  301.43750  13.4%     - 12648s
 53040 33940      -    -    -      348.00000  301.50000  13.4%     - 12697s
 53348 34080      -    -    -      348.00000  301.50000  13.4%     - 12743s
 53560 34226      -    -    -      348.00000  301.50000  13.4%     - 12789s
 53824 34274      -    -    -      348.00000  301.50000  13.4%     - 12835s
 53894 34376      -    -    -      348.00000  301.50000  13.4%     - 12879s
 54070 34572      -    -    -      348.00000  301.50000  13.4%     - 12925s
 54357 34733      -    -    -      348.00000  301.50000  13.4%     - 12969s
 54596 34847      -    -    -      348.00000  301.50000  13.4%     - 13012s
 54826 34869      -    -    -      348.00000  301.50000  13.4%     - 13053s
 54875 35020      -    -    -      348.00000  301.50000  13.4%     - 13096s
 55084 35191      -    -    -      348.00000  301.50000  13.4%     - 13138s
 55345 35307      -    -    -      348.00000  301.50000  13.4%     - 13179s
 55517 35442      -    -    -      348.00000  301.50165  13.4%     - 13220s
 55752 35496      -    -    -      348.00000  301.50165  13.4%     - 13259s
 55832 35560      -    -    -      348.00000  301.50829  13.4%     - 13300s
 55945 35623      -    -    -      348.00000  301.50918  13.4%     - 13339s
 56050 35736      -    -    -      348.00000  301.51075  13.4%     - 13380s
 56227 35890      -    -    -      348.00000  301.51116  13.4%     - 13421s
 56508 35964      -    -    -      348.00000  301.52184  13.4%     - 13476s
 56624 36152      -    -    -      348.00000  301.53457  13.4%     - 13532s
 56899 36331      -    -    -      348.00000  301.61404  13.3%     - 13588s
 57240 36481      -    -    -      348.00000  301.62500  13.3%     - 13641s
 57502 36516      -    -    -      348.00000  301.63158  13.3%     - 13692s
 57551 36695      -    -    -      348.00000  301.75000  13.3%     - 13744s
 57861 36887      -    -    -      348.00000  301.75000  13.3%     - 13792s
 58182 37084      -    -    -      348.00000  301.75000  13.3%     - 13839s
 58484 37279      -    -    -      348.00000  301.75000  13.3%     - 13893s
 58792 37346      -    -    -      348.00000  301.75000  13.3%     - 13930s
 58886 37402      -    -    -      348.00000  301.75000  13.3%     - 13976s
 58968 37616      -    -    -      348.00000  301.75000  13.3%     - 14030s
 59284 37783      -    -    -      348.00000  301.75000  13.3%     - 14075s
 59562 37869      -    -    -      348.00000  301.75000  13.3%     - 14117s
 59694 38040      -    -    -      348.00000  301.75186  13.3%     - 14161s
 59975 38180      -    -    -      348.00000  301.75787  13.3%     - 14202s
 60194 38242      -    -    -      348.00000  301.76642  13.3%     - 14242s
 60292 38480      -    -    -      348.00000  301.77043  13.3%     - 14296s
 60674 38629      -    -    -      348.00000  301.77043  13.3%     - 14346s
 60913 38712      -    -    -      348.00000  301.78611  13.3%     - 14395s
 61027 38714      -    -    -      348.00000  301.79193  13.3%     - 14400s

Cutting planes:
  Gomory: 8
  Zero half: 85
  RLT: 51

Instance 24 was solved

Explored 67241 nodes (78746550 simplex iterations) in 14402.08 seconds (19766.66 work units)
Thread count was 2 (of 128 available processors)

Solution count 1: 348 

Time limit reached
Best objective 3.480000000000e+02, best bound 3.020000000000e+02, gap 13.2184%
