
Gurobi 10.0.3 (linux64) logging started Tue Sep  3 20:10:17 2024

Set parameter LogFile to value "local/logs/w5-k1-s3.log"
Set parameter PoolSearchMode to value 2
Set parameter PoolSolutions to value 1
Set parameter PoolGap to value 0
Set parameter Method to value 3
Set parameter ConcurrentMIP to value 64
Set parameter TimeLimit to value 43200
Set parameter Heuristics to value 0.95
Set parameter MIPFocus to value 1
Set parameter Threads to value 128
Set parameter Threads to value 128
Warning: variable name "x_(00000, 0)" has a space
Warning: default variable names used to write mps file
Gurobi Optimizer version 10.0.3 build v10.0.3rc0 (linux64)

CPU model: AMD EPYC 7742 64-Core Processor, instruction set [SSE2|AVX|AVX2]
Thread count: 64 physical cores, 128 logical processors, using up to 128 threads

Academic license 2533279 - for non-commercial use only - registered to bl___@rice.edu
Optimize a model with 98658 rows, 20898 columns and 198045 nonzeros
Model fingerprint: 0x7834bc06
Variable types: 0 continuous, 20898 integer (20898 binary)
Coefficient statistics:
  Matrix range     [1e+00, 1e+00]
  Objective range  [1e+00, 1e+00]
  Bounds range     [1e+00, 1e+00]
  RHS range        [1e+00, 1e+00]

Concurrent MIP optimizer: 64 concurrent instances (2 threads per instance)


Warning: Completing partial solution with 19683 unfixed non-continuous variables out of 20898
User MIP start produced solution with objective 6642 (0.98s)
Loaded user MIP start with objective 6642

Presolve removed 357 rows and 3 columns
Presolve time: 3.11s
Presolved: 98301 rows, 20895 columns, 197661 nonzeros
Variable types: 0 continuous, 20895 integer (20895 binary)

Concurrent LP optimizer: dual simplex and barrier
Showing barrier log only...

Root relaxation presolved: 98301 rows, 20895 columns, 197661 nonzeros

Root barrier log...

Elapsed ordering time = 5s
Elapsed ordering time = 8s
Elapsed ordering time = 10s
Elapsed ordering time = 14s
Elapsed ordering time = 15s
Elapsed ordering time = 19s
Elapsed ordering time = 20s
Elapsed ordering time = 24s
Elapsed ordering time = 25s
Ordering time: 28.41s

Barrier statistics:
 AA' NZ     : 4.227e+06
 Factor NZ  : 1.332e+08 (roughly 1.1 GB of memory)
 Factor Ops : 3.187e+11 (roughly 20 seconds per iteration)
 Threads    : 1

                  Objective                Residual
Iter       Primal          Dual         Primal    Dual     Compl     Time
   0   2.19314973e+04 -9.63477870e+03  4.14e+00 9.04e-03  8.77e-01    60s
   1   1.36008841e+04 -3.44077821e+03  1.21e-01 7.77e-16  1.25e-01    85s
   2   6.45368278e+03  3.40745340e+03  1.70e-02 6.66e-16  2.18e-02   112s
   3   4.03146901e+03  3.88072117e+03  5.58e-04 6.66e-16  1.08e-03   139s
   4   4.00313386e+03  4.00277075e+03  4.92e-05 1.85e-14  2.69e-06   164s
   5   4.00300015e+03  4.00299977e+03  2.72e-09 2.15e-14  2.74e-09   207s
   6   4.00300000e+03  4.00300000e+03  4.13e-11 1.85e-14  1.01e-11   248s

Barrier solved model in 6 iterations and 248.42 seconds (70.94 work units)
Optimal objective 4.00300000e+03


Root crossover log...

   76619 DPushes remaining with DInf 0.0000000e+00               249s
   74924 DPushes remaining with DInf 0.0000000e+00               250s
   67488 DPushes remaining with DInf 0.0000000e+00               256s
   61618 DPushes remaining with DInf 0.0000000e+00               260s
   55290 DPushes remaining with DInf 0.0000000e+00               265s
   48497 DPushes remaining with DInf 0.0000000e+00               270s
   43419 DPushes remaining with DInf 0.0000000e+00               275s
   35652 DPushes remaining with DInf 0.0000000e+00               280s
   31568 DPushes remaining with DInf 0.0000000e+00               285s
   28196 DPushes remaining with DInf 0.0000000e+00               290s
   25177 DPushes remaining with DInf 0.0000000e+00               295s
   21803 DPushes remaining with DInf 0.0000000e+00               300s

Solved with dual simplex

Root relaxation: objective 4.003000e+03, 46716 iterations, 297.64 seconds (94.09 work units)

    Nodes    |    Current Node    |     Objective Bounds      |     Work
 Expl Unexpl |  Obj  Depth IntInf | Incumbent    BestBd   Gap | It/Node Time

     0     0      -    -    -     6642.00000 4003.00000  39.7%     -  304s
     0     0      -    -    -     6642.00000 4217.23333  36.5%     -  615s
     0     0      -    -    -     6642.00000 4225.80000  36.4%     -  639s
     0     0      -    -    -     6642.00000 4231.26000  36.3%     -  646s
     0     0      -    -    -     6642.00000 4234.83333  36.2%     -  650s
     0     0      -    -    -     6642.00000 4237.90000  36.2%     -  655s
     0     0      -    -    -     6642.00000 4239.13333  36.2%     -  660s
     0     0      -    -    -     6642.00000 4240.20000  36.2%     -  664s
     0     0      -    -    -     6642.00000 4240.66667  36.2%     -  666s
     0     0      -    -    -     6642.00000 4241.20000  36.1%     -  667s
     0     0      -    -    -     6642.00000 4241.66667  36.1%     -  669s
     0     0      -    -    -     6642.00000 4241.90000  36.1%     -  671s
     0     0      -    -    -     6642.00000 4242.06667  36.1%     -  672s
     0     0      -    -    -     6642.00000 4242.23333  36.1%     -  673s
     0     0      -    -    -     6642.00000 4272.00000  35.7%     -  785s
     0     0      -    -    -     6642.00000 4273.24887  35.7%     -  797s
     0     0      -    -    -     6642.00000 4273.89533  35.7%     -  804s
     0     0      -    -    -     6642.00000 4274.05808  35.7%     -  807s
     0     0      -    -    -     6642.00000 4274.20940  35.6%     -  809s
     0     0      -    -    -     6642.00000 4274.22393  35.6%     -  810s
     0     0      -    -    -     6642.00000 4289.79897  35.4%     -  882s
     0     0      -    -    -     6642.00000 4290.90000  35.4%     -  895s
     0     0      -    -    -     6642.00000 4291.30000  35.4%     -  896s
     0     0      -    -    -     6642.00000 4300.70000  35.2%     -  933s
     0     0      -    -    -     6642.00000 4301.30000  35.2%     -  939s
     0     0      -    -    -     6642.00000 4301.30000  35.2%     -  939s
     0     0      -    -    -     6642.00000 4307.32500  35.2%     -  977s

Gurobi 10.0.3 (linux64) logging started Tue Sep  3 20:30:11 2024

Set parameter LogFile to value "local/logs/w5-k1-s3.log"
Set parameter PoolSearchMode to value 2
Set parameter PoolSolutions to value 1
Set parameter PoolGap to value 0
Set parameter Method to value 3
Set parameter ConcurrentMIP to value 64
Set parameter TimeLimit to value 43200
Set parameter Heuristics to value 0.95
Set parameter MIPFocus to value 1
Set parameter Threads to value 128
Set parameter Threads to value 128
Warning: variable name "x_(00000, 0)" has a space
Warning: default variable names used to write mps file
Gurobi Optimizer version 10.0.3 build v10.0.3rc0 (linux64)

CPU model: AMD EPYC 7742 64-Core Processor, instruction set [SSE2|AVX|AVX2]
Thread count: 64 physical cores, 128 logical processors, using up to 128 threads

Academic license 2533279 - for non-commercial use only - registered to bl___@rice.edu
Optimize a model with 98658 rows, 20898 columns and 198045 nonzeros
Model fingerprint: 0x7834bc06
Variable types: 0 continuous, 20898 integer (20898 binary)
Coefficient statistics:
  Matrix range     [1e+00, 1e+00]
  Objective range  [1e+00, 1e+00]
  Bounds range     [1e+00, 1e+00]
  RHS range        [1e+00, 1e+00]

Concurrent MIP optimizer: 64 concurrent instances (2 threads per instance)


Warning: Completing partial solution with 19683 unfixed non-continuous variables out of 20898
User MIP start produced solution with objective 6642 (1.01s)
Loaded user MIP start with objective 6642

Presolve removed 357 rows and 3 columns
Presolve time: 3.18s
Presolved: 98301 rows, 20895 columns, 197661 nonzeros
Variable types: 0 continuous, 20895 integer (20895 binary)

Concurrent LP optimizer: dual simplex and barrier
Showing barrier log only...

Root relaxation presolved: 98301 rows, 20895 columns, 197661 nonzeros

Root barrier log...

Elapsed ordering time = 5s
Elapsed ordering time = 7s
Elapsed ordering time = 10s
Elapsed ordering time = 13s
Elapsed ordering time = 15s
Elapsed ordering time = 19s
Elapsed ordering time = 20s
Elapsed ordering time = 24s
Elapsed ordering time = 25s
Ordering time: 28.74s

Barrier statistics:
 AA' NZ     : 4.227e+06
 Factor NZ  : 1.332e+08 (roughly 1.1 GB of memory)
 Factor Ops : 3.187e+11 (roughly 20 seconds per iteration)
 Threads    : 1

                  Objective                Residual
Iter       Primal          Dual         Primal    Dual     Compl     Time
   0   2.19314973e+04 -9.63477870e+03  4.14e+00 9.04e-03  8.77e-01    57s
   1   1.36008841e+04 -3.44077821e+03  1.21e-01 7.77e-16  1.25e-01    76s
   2   6.45368278e+03  3.40745340e+03  1.70e-02 6.66e-16  2.18e-02    99s
   3   4.03146901e+03  3.88072117e+03  5.58e-04 6.66e-16  1.08e-03   122s
   4   4.00313386e+03  4.00277075e+03  4.92e-05 1.85e-14  2.69e-06   149s
   5   4.00300015e+03  4.00299977e+03  2.72e-09 2.15e-14  2.74e-09   190s
   6   4.00300000e+03  4.00300000e+03  4.13e-11 1.85e-14  1.01e-11   231s

Barrier solved model in 6 iterations and 230.80 seconds (70.94 work units)
Optimal objective 4.00300000e+03


Root crossover log...

   76619 DPushes remaining with DInf 0.0000000e+00               232s
   71781 DPushes remaining with DInf 0.0000000e+00               236s
   64954 DPushes remaining with DInf 0.0000000e+00               241s
   59635 DPushes remaining with DInf 0.0000000e+00               245s
   53825 DPushes remaining with DInf 0.0000000e+00               250s
   48497 DPushes remaining with DInf 0.0000000e+00               255s
   43930 DPushes remaining with DInf 0.0000000e+00               260s
   39845 DPushes remaining with DInf 0.0000000e+00               265s
   36488 DPushes remaining with DInf 0.0000000e+00               270s
   34406 DPushes remaining with DInf 0.0000000e+00               275s
   32631 DPushes remaining with DInf 0.0000000e+00               280s

Solved with dual simplex

Root relaxation: objective 4.003000e+03, 46716 iterations, 277.87 seconds (94.09 work units)

    Nodes    |    Current Node    |     Objective Bounds      |     Work
 Expl Unexpl |  Obj  Depth IntInf | Incumbent    BestBd   Gap | It/Node Time

     0     0      -    -    -     6642.00000 4003.00000  39.7%     -  285s
     0     0      -    -    -     6642.00000 4217.23333  36.5%     -  594s
     0     0      -    -    -     6642.00000 4225.80000  36.4%     -  619s
     0     0      -    -    -     6642.00000 4231.26000  36.3%     -  627s
     0     0      -    -    -     6642.00000 4234.83333  36.2%     -  630s
     0     0      -    -    -     6642.00000 4237.90000  36.2%     -  634s
     0     0      -    -    -     6642.00000 4239.13333  36.2%     -  639s
     0     0      -    -    -     6642.00000 4240.20000  36.2%     -  643s
     0     0      -    -    -     6642.00000 4240.66667  36.2%     -  645s
     0     0      -    -    -     6642.00000 4241.20000  36.1%     -  646s
     0     0      -    -    -     6642.00000 4241.66667  36.1%     -  648s
     0     0      -    -    -     6642.00000 4241.90000  36.1%     -  650s
     0     0      -    -    -     6642.00000 4242.06667  36.1%     -  651s
     0     0      -    -    -     6642.00000 4242.23333  36.1%     -  652s
     0     0      -    -    -     6642.00000 4272.00000  35.7%     -  762s
     0     0      -    -    -     6642.00000 4273.24887  35.7%     -  775s
     0     0      -    -    -     6642.00000 4273.89533  35.7%     -  783s
     0     0      -    -    -     6642.00000 4274.05808  35.7%     -  786s
     0     0      -    -    -     6642.00000 4274.20940  35.6%     -  788s
     0     0      -    -    -     6642.00000 4274.22393  35.6%     -  789s
     0     0      -    -    -     6642.00000 4289.79897  35.4%     -  861s
     0     0      -    -    -     6642.00000 4290.90000  35.4%     -  874s
     0     0      -    -    -     6642.00000 4291.30000  35.4%     -  875s
     0     0      -    -    -     6642.00000 4300.70000  35.2%     -  916s
     0     0      -    -    -     6642.00000 4301.30000  35.2%     -  921s
     0     0      -    -    -     6642.00000 4301.30000  35.2%     -  921s
     0     0      -    -    -     6642.00000 4307.32500  35.2%     -  957s

Cutting planes:
  Gomory: 1
  Clique: 242
  Zero half: 32
  RLT: 1827
  BQP: 2

Instance 16 was solved

Explored 1 nodes (107422 simplex iterations) in 43200.93 seconds (31212.23 work units)
Thread count was 2 (of 128 available processors)

Solution count 1: 6612 

Time limit reached
Best objective 6.612000000000e+03, best bound 4.310000000000e+03, gap 34.8155%

Gurobi 10.0.3 (linux64) logging started Thu Sep  5 10:07:02 2024

Set parameter LogFile to value "local/logs/w5-k1-s3.log"
Set parameter PoolSearchMode to value 2
Set parameter PoolSolutions to value 1
Set parameter PoolGap to value 0
Set parameter Method to value 3
Set parameter ConcurrentMIP to value 64
Set parameter TimeLimit to value 14400
Set parameter Heuristics to value 0.95
Set parameter MIPFocus to value 1
Set parameter Threads to value 128
Set parameter Threads to value 128
Warning: variable name "x_(00000, 0)" has a space
Warning: default variable names used to write mps file
Gurobi Optimizer version 10.0.3 build v10.0.3rc0 (linux64)

CPU model: AMD EPYC 7742 64-Core Processor, instruction set [SSE2|AVX|AVX2]
Thread count: 64 physical cores, 128 logical processors, using up to 128 threads

Academic license 2533279 - for non-commercial use only - registered to bl___@rice.edu
Optimize a model with 98659 rows, 21627 columns and 198774 nonzeros
Model fingerprint: 0x03c2f3be
Model has 2916 general constraints
Variable types: 0 continuous, 21627 integer (21627 binary)
Coefficient statistics:
  Matrix range     [1e+00, 1e+00]
  Objective range  [1e+00, 1e+00]
  Bounds range     [1e+00, 1e+00]
  RHS range        [1e+00, 2e+02]
  GenCon coe range [1e+00, 1e+00]

Concurrent MIP optimizer: 64 concurrent instances (2 threads per instance)


Warning: Completing partial solution with 20412 unfixed non-continuous variables out of 21627
User MIP start produced solution with objective 6642 (2.52s)
Loaded user MIP start with objective 6642

Presolve added 8355 rows and 2913 columns
Presolve time: 4.45s
Presolved: 107014 rows, 24540 columns, 221652 nonzeros
Variable types: 0 continuous, 24540 integer (24540 binary)

Concurrent LP optimizer: dual simplex and barrier
Showing barrier log only...

Root relaxation presolved: 107014 rows, 24540 columns, 221652 nonzeros

Root barrier log...

Elapsed ordering time = 5s
Elapsed ordering time = 7s
Elapsed ordering time = 10s
Elapsed ordering time = 13s
Elapsed ordering time = 15s
Elapsed ordering time = 19s
Elapsed ordering time = 20s
Elapsed ordering time = 24s
Elapsed ordering time = 25s
Ordering time: 29.25s

Barrier statistics:
 AA' NZ     : 5.245e+06
 Factor NZ  : 1.858e+08 (roughly 1.5 GB of memory)
 Factor Ops : 5.914e+11 (roughly 25 seconds per iteration)
 Threads    : 1

                  Objective                Residual
Iter       Primal          Dual         Primal    Dual     Compl     Time
   0   3.73754782e+05 -9.60109773e+03  1.36e+04 8.29e-03  1.50e+01    76s
   1   4.29905339e+04 -3.20977241e+04  4.38e+02 4.27e-14  8.33e-01   121s
   2   1.94434410e+04 -6.38568561e+02  2.31e+00 1.88e-13  1.29e-01   160s
   3   1.17508189e+04  3.05861702e+03  2.83e-02 2.05e-14  5.58e-02   211s
   4   4.18886108e+03  3.69295267e+03  4.34e-03 2.05e-14  3.18e-03   264s
   5   4.01127190e+03  4.00600248e+03  8.22e-06 2.02e-14  3.38e-05   309s
   6   4.01020108e+03  4.01019580e+03  5.74e-12 3.16e-14  3.38e-08   384s

Barrier performed 6 iterations in 417.92 seconds (143.83 work units)
Barrier solve interrupted - model solved by another algorithm


Solved with dual simplex

Root relaxation: objective 4.010200e+03, 64780 iterations, 410.76 seconds (132.14 work units)
Total elapsed time = 421.60s

    Nodes    |    Current Node    |     Objective Bounds      |     Work
 Expl Unexpl |  Obj  Depth IntInf | Incumbent    BestBd   Gap | It/Node Time

     0     0      -    -    -     6642.00000 4010.20000  39.6%     -  422s
     0     0      -    -    -     6642.00000 4196.43000  36.8%     -  954s
     0     0      -    -    -     6642.00000 4209.90000  36.6%     - 1010s
     0     0      -    -    -     6642.00000 4209.90000  36.6%     - 1010s
     0     0      -    -    -     6642.00000 4215.04667  36.5%     - 1034s
     0     0      -    -    -     6642.00000 4217.33333  36.5%     - 1044s
     0     0      -    -    -     6642.00000 4219.38000  36.5%     - 1052s
     0     0      -    -    -     6642.00000 4221.00000  36.4%     - 1062s
     0     0      -    -    -     6642.00000 4221.30000  36.4%     - 1064s
