
Gurobi 10.0.3 (linux64) logging started Sun Sep  1 14:31:40 2024

Set parameter LogFile to value "local/logs/w5-k2-s2.log"

Gurobi 10.0.3 (linux64) logging started Sun Sep  1 14:31:40 2024

Set parameter LogFile to value "local/logs/w5-k2-s2.log"
Warning: variable name "x_(000000, 0)" has a space
Warning: default variable names used to write mps file
Gurobi Optimizer version 10.0.3 build v10.0.3rc0 (linux64)

CPU model: AMD EPYC 7742 64-Core Processor, instruction set [SSE2|AVX|AVX2]
Thread count: 64 physical cores, 128 logical processors, using up to 128 threads

Academic license 2533279 - for non-commercial use only - registered to bl___@rice.edu
Optimize a model with 5184 rows, 1344 columns and 10560 nonzeros
Model fingerprint: 0xfabdcf58
Variable types: 0 continuous, 1344 integer (1344 binary)
Coefficient statistics:
  Matrix range     [1e+00, 1e+00]
  Objective range  [1e+00, 1e+00]
  Bounds range     [1e+00, 1e+00]
  RHS range        [1e+00, 1e+00]

User MIP start produced solution with objective 312 (0.01s)
Loaded user MIP start with objective 312

Presolve removed 126 rows and 2 columns
Presolve time: 0.01s
Presolved: 5058 rows, 1342 columns, 10412 nonzeros
Variable types: 0 continuous, 1342 integer (1342 binary)
Root relaxation presolved: 5058 rows, 1342 columns, 10412 nonzeros


Use crossover to convert LP symmetric solution to basic solution...

Root relaxation: objective 2.272000e+02, 618 iterations, 0.03 seconds (0.03 work units)

    Nodes    |    Current Node    |     Objective Bounds      |     Work
 Expl Unexpl |  Obj  Depth IntInf | Incumbent    BestBd   Gap | It/Node Time

     0     0  227.20000    0 1342  312.00000  227.20000  27.2%     -    0s
     0     0  239.70000    0 1341  312.00000  239.70000  23.2%     -    0s
     0     0  239.70000    0 1341  312.00000  239.70000  23.2%     -    0s
     0     0  241.96053    0 1342  312.00000  241.96053  22.4%     -    0s
     0     0  241.99248    0 1342  312.00000  241.99248  22.4%     -    0s
     0     0  241.99405    0 1342  312.00000  241.99405  22.4%     -    0s
     0     0  243.25022    0 1342  312.00000  243.25022  22.0%     -    1s
     0     0  243.58170    0 1342  312.00000  243.58170  21.9%     -    1s
     0     0  243.62675    0 1342  312.00000  243.62675  21.9%     -    1s
     0     0  243.63997    0 1342  312.00000  243.63997  21.9%     -    1s
     0     0  243.64468    0 1342  312.00000  243.64468  21.9%     -    1s
     0     0  243.64468    0 1342  312.00000  243.64468  21.9%     -    1s
     0     0  244.84823    0 1342  312.00000  244.84823  21.5%     -    1s
     0     0  244.94822    0 1342  312.00000  244.94822  21.5%     -    1s
     0     0  245.04113    0 1342  312.00000  245.04113  21.5%     -    1s
     0     0  245.05050    0 1342  312.00000  245.05050  21.5%     -    1s
     0     0  245.05203    0 1342  312.00000  245.05203  21.5%     -    1s
     0     0  245.54626    0 1342  312.00000  245.54626  21.3%     -    2s
     0     0  245.58036    0 1342  312.00000  245.58036  21.3%     -    2s
     0     0  245.58869    0 1342  312.00000  245.58869  21.3%     -    2s
     0     0  245.58969    0 1342  312.00000  245.58969  21.3%     -    2s
     0     0  245.92486    0 1342  312.00000  245.92486  21.2%     -    2s
     0     0  246.15042    0 1342  312.00000  246.15042  21.1%     -    2s
     0     0  246.20600    0 1342  312.00000  246.20600  21.1%     -    2s
     0     0  246.20637    0 1342  312.00000  246.20637  21.1%     -    2s
     0     0  246.47970    0 1342  312.00000  246.47970  21.0%     -    2s
     0     0  246.50936    0 1342  312.00000  246.50936  21.0%     -    2s
     0     0  246.50950    0 1342  312.00000  246.50950  21.0%     -    2s
     0     0  246.91055    0 1342  312.00000  246.91055  20.9%     -    2s
     0     0  246.96484    0 1342  312.00000  246.96484  20.8%     -    2s
     0     0  246.97391    0 1342  312.00000  246.97391  20.8%     -    2s
     0     0  246.97592    0 1342  312.00000  246.97592  20.8%     -    2s
     0     0  247.14316    0 1342  312.00000  247.14316  20.8%     -    2s
     0     0  247.23828    0 1342  312.00000  247.23828  20.8%     -    3s
     0     0  247.25023    0 1342  312.00000  247.25023  20.8%     -    3s
     0     0  247.25845    0 1342  312.00000  247.25845  20.8%     -    3s
     0     0  247.26333    0 1342  312.00000  247.26333  20.7%     -    3s
     0     0  247.74616    0 1342  312.00000  247.74616  20.6%     -    3s
     0     0  247.80426    0 1342  312.00000  247.80426  20.6%     -    3s
     0     0  247.84618    0 1342  312.00000  247.84618  20.6%     -    3s
     0     0  247.84684    0 1342  312.00000  247.84684  20.6%     -    3s
     0     0  247.99384    0 1342  312.00000  247.99384  20.5%     -    3s
     0     0  248.06981    0 1342  312.00000  248.06981  20.5%     -    3s
     0     0  248.08127    0 1342  312.00000  248.08127  20.5%     -    3s
     0     0  248.08811    0 1342  312.00000  248.08811  20.5%     -    3s
     0     0  248.37099    0 1342  312.00000  248.37099  20.4%     -    3s
     0     0  248.40295    0 1342  312.00000  248.40295  20.4%     -    3s
     0     0  248.40600    0 1340  312.00000  248.40600  20.4%     -    3s
     0     0  248.53353    0 1342  312.00000  248.53353  20.3%     -    3s
     0     0  248.57043    0 1342  312.00000  248.57043  20.3%     -    3s
     0     0  248.57487    0 1342  312.00000  248.57487  20.3%     -    3s
     0     0  248.89556    0 1342  312.00000  248.89556  20.2%     -    4s
     0     0  248.91787    0 1342  312.00000  248.91787  20.2%     -    4s
     0     0  248.91862    0 1342  312.00000  248.91862  20.2%     -    4s
     0     0  249.27903    0 1342  312.00000  249.27903  20.1%     -    4s
     0     0  249.30499    0 1342  312.00000  249.30499  20.1%     -    4s
     0     0  249.31804    0 1342  312.00000  249.31804  20.1%     -    4s
     0     0  249.32167    0 1342  312.00000  249.32167  20.1%     -    4s
     0     0  249.43677    0 1342  312.00000  249.43677  20.1%     -    4s
     0     0  249.45807    0 1342  312.00000  249.45807  20.0%     -    4s
     0     0  249.46129    0 1342  312.00000  249.46129  20.0%     -    4s
     0     0  249.62800    0 1342  312.00000  249.62800  20.0%     -    4s
     0     0  249.64117    0 1342  312.00000  249.64117  20.0%     -    4s
     0     0  249.64196    0 1342  312.00000  249.64196  20.0%     -    4s
     0     0  249.78212    0 1342  312.00000  249.78212  19.9%     -    4s
     0     0  249.80979    0 1342  312.00000  249.80979  19.9%     -    4s
     0     0  249.81040    0 1342  312.00000  249.81040  19.9%     -    4s
     0     0  249.94224    0 1342  312.00000  249.94224  19.9%     -    4s
     0     0  249.96776    0 1342  312.00000  249.96776  19.9%     -    4s
     0     0  249.96988    0 1342  312.00000  249.96988  19.9%     -    4s
     0     0  250.08992    0 1342  312.00000  250.08992  19.8%     -    4s
     0     0  250.09466    0 1342  312.00000  250.09466  19.8%     -    5s
     0     0  250.21963    0 1342  312.00000  250.21963  19.8%     -    5s
     0     0  250.22255    0 1342  312.00000  250.22255  19.8%     -    5s
     0     0  250.37229    0 1342  312.00000  250.37229  19.8%     -    5s
     0     0  250.44022    0 1342  312.00000  250.44022  19.7%     -    5s
     0     0  250.45591    0 1342  312.00000  250.45591  19.7%     -    5s
     0     0  250.45811    0 1342  312.00000  250.45811  19.7%     -    5s
     0     0  250.63912    0 1342  312.00000  250.63912  19.7%     -    5s
     0     0  250.66912    0 1342  312.00000  250.66912  19.7%     -    5s
     0     0  250.67906    0 1342  312.00000  250.67906  19.7%     -    5s
     0     0  250.68132    0 1342  312.00000  250.68132  19.7%     -    5s
     0     0  250.78940    0 1342  312.00000  250.78940  19.6%     -    5s
     0     0  250.80202    0 1342  312.00000  250.80202  19.6%     -    5s
     0     0  250.80764    0 1342  312.00000  250.80764  19.6%     -    5s
     0     0  250.94304    0 1342  312.00000  250.94304  19.6%     -    5s
     0     0  250.98421    0 1342  312.00000  250.98421  19.6%     -    5s
     0     0  250.98477    0 1342  312.00000  250.98477  19.6%     -    5s
     0     0  251.02798    0 1342  312.00000  251.02798  19.5%     -    5s
     0     0  251.02798    0 1342  312.00000  251.02798  19.5%     -    6s
     0     2  251.02798    0 1342  312.00000  251.02798  19.5%     -    6s
    63   128  263.36691    6 1316  312.00000  262.47161  15.9%  1606   10s
   383   501  269.56318    9 1299  312.00000  264.62664  15.2%  1419   19s
   639   725  279.30006   10 1279  312.00000  264.62664  15.2%  1355   20s
  1523  1195  293.80396   13 1246  312.00000  264.62664  15.2%  1217   25s
  2716  1714     cutoff   17       312.00000  264.62664  15.2%  1116   30s
  4258  2252  286.09130   18 1257  312.00000  266.31009  14.6%  1075   36s
  4878  2400  294.58571   21 1237  312.00000  266.31009  14.6%  1063   54s
  5092  2524  297.80000   22 1237  312.00000  266.31009  14.6%  1062   55s
  6997  3086  286.77500   15 1257  312.00000  266.92586  14.4%  1037   60s
  8915  3508  307.47222   22 1206  312.00000  266.92586  14.4%  1014   65s
 11089  4143  293.23548   19 1237  312.00000  268.62061  13.9%  1000   71s
 12298  4356  296.80719   12 1342  312.00000  268.62061  13.9%   994  166s
 12306  4361  294.00603   18 1342  312.00000  268.62061  13.9%   994  170s
 12313  4369  268.62061   11 1341  312.00000  268.62061  13.9%   995  175s
 12439  4569  268.77975   17 1334  312.00000  268.62061  13.9%  1005  181s
 12567  4642  272.15780   18 1332  312.00000  268.78304  13.9%  1015  189s
 12695  4700  278.36502   19 1313  312.00000  272.15818  12.8%  1023  199s
 12823  4757  275.95089   19 1330  312.00000  274.24450  12.1%  1029  200s
 13557  4776  285.85389   22 1276  312.00000  274.24450  12.1%  1029  205s
 14475  4628  306.15207   25 1239  312.00000  274.24450  12.1%  1037  210s
 15316  4481  294.51400   19 1254  312.00000  274.98647  11.9%  1051  215s
 16357  4342     cutoff   25       312.00000  274.98647  11.9%  1061  221s
 17289  4215  288.98429   19 1292  312.00000  275.86649  11.6%  1070  225s
 18289  4104  294.71062   21 1272  312.00000  275.86649  11.6%  1079  230s
 19432  3815  302.21167   23 1252  312.00000  275.86649  11.6%  1088  236s
 20248  3665     cutoff   26       312.00000  276.96586  11.2%  1094  240s
 21799  3168  304.19463   26 1267  312.00000  276.96586  11.2%  1092  247s
 22908  2828  283.83222   20 1311  312.00000  280.52136  10.1%  1093  251s
 24110  2332  307.09484   24 1247  312.00000  280.52136  10.1%  1094  256s
 25437  1825     cutoff   27       312.00000  280.52136  10.1%  1093  261s
 26899  1692  286.14398   21 1310  312.00000  283.83713  9.03%  1090  267s
 28435  1375  300.83037   25 1269  312.00000  283.83713  9.03%  1089  272s
 29227  1148     cutoff   28       312.00000  286.15919  8.28%  1089  275s
 30962   496  302.84323   24 1252  312.00000  290.07272  7.03%  1086  281s
 32664    29  303.01956   23 1255  312.00000  290.88028  6.77%  1075  285s

Cutting planes:
  Gomory: 17
  Flow cover: 2
  Zero half: 266
  RLT: 186

Explored 32868 nodes (35286806 simplex iterations) in 289.58 seconds (534.78 work units)
Thread count was 128 (of 128 available processors)

Solution count 1: 312 

Optimal solution found (tolerance 1.00e-04)
Best objective 3.120000000000e+02, best bound 3.120000000000e+02, gap 0.0000%

Gurobi 10.0.3 (linux64) logging started Wed Sep  4 12:20:04 2024

Set parameter LogFile to value "local/logs/w5-k2-s2.log"

Gurobi 10.0.3 (linux64) logging started Wed Sep  4 12:20:04 2024

Set parameter LogFile to value "local/logs/w5-k2-s2.log"
Warning: variable name "x_(000000, 0)" has a space
Warning: default variable names used to write mps file
Gurobi Optimizer version 10.0.3 build v10.0.3rc0 (linux64)

CPU model: AMD EPYC 7742 64-Core Processor, instruction set [SSE2|AVX|AVX2]
Thread count: 64 physical cores, 128 logical processors, using up to 128 threads

Academic license 2533279 - for non-commercial use only - registered to bl___@rice.edu
Optimize a model with 5184 rows, 1344 columns and 10560 nonzeros
Model fingerprint: 0xfabdcf58
Variable types: 0 continuous, 1344 integer (1344 binary)
Coefficient statistics:
  Matrix range     [1e+00, 1e+00]
  Objective range  [1e+00, 1e+00]
  Bounds range     [1e+00, 1e+00]
  RHS range        [1e+00, 1e+00]

Concurrent MIP optimizer: 64 concurrent instances (2 threads per instance)


User MIP start produced solution with objective 312 (0.05s)
Loaded user MIP start with objective 312

Presolve removed 126 rows and 2 columns
Presolve time: 0.02s
Presolved: 5058 rows, 1342 columns, 10412 nonzeros
Variable types: 0 continuous, 1342 integer (1342 binary)
Root relaxation presolved: 5058 rows, 1342 columns, 10412 nonzeros


Use crossover to convert LP symmetric solution to basic solution...

Root relaxation: objective 2.272000e+02, 618 iterations, 0.03 seconds (0.03 work units)

    Nodes    |    Current Node    |     Objective Bounds      |     Work
 Expl Unexpl |  Obj  Depth IntInf | Incumbent    BestBd   Gap | It/Node Time

     0     0      -    -    -      312.00000  227.20000  27.2%     -    0s
     0     0      -    -    -      312.00000  239.20000  23.3%     -    0s
     0     0      -    -    -      312.00000  239.70000  23.2%     -    0s
     0     0      -    -    -      312.00000  241.19762  22.7%     -    0s
     0     0      -    -    -      312.00000  241.32173  22.7%     -    0s
     0     0      -    -    -      312.00000  242.69615  22.2%     -    1s
     0     0      -    -    -      312.00000  242.86703  22.2%     -    1s
     0     0      -    -    -      312.00000  242.92564  22.1%     -    1s
     0     0      -    -    -      312.00000  242.94057  22.1%     -    1s
     0     0      -    -    -      312.00000  242.94842  22.1%     -    1s
     0     0      -    -    -      312.00000  242.94842  22.1%     -    1s
     0     0      -    -    -      312.00000  244.19103  21.7%     -    1s
     0     0      -    -    -      312.00000  244.48647  21.6%     -    1s
     0     0      -    -    -      312.00000  244.48647  21.6%     -    1s
     0     0      -    -    -      312.00000  244.57575  21.6%     -    1s
     0     2      -    -    -      312.00000  251.25106  19.5%     -  195s
    17    21      -    -    -      312.00000  251.26895  19.5%     -  201s
    41    37      -    -    -      312.00000  251.27200  19.5%     -  205s
    62    49      -    -    -      312.00000  251.27670  19.5%     -  212s
    72    57      -    -    -      312.00000  251.73745  19.3%     -  215s
    90    65      -    -    -      312.00000  253.90933  18.6%     -  220s
   108    88      -    -    -      312.00000  253.90933  18.6%     -  225s
   167   109      -    -    -      312.00000  253.90933  18.6%     -  230s
   189   130      -    -    -      312.00000  253.90933  18.6%     -  237s
   198   139      -    -    -      312.00000  253.90933  18.6%     -  311s
   208   143      -    -    -      312.00000  253.90933  18.6%     -  315s
   238   143      -    -    -      312.00000  254.24675  18.5%     -  322s
   253   146      -    -    -      312.00000  256.00000  17.9%     -  326s
   278   155      -    -    -      312.00000  256.00000  17.9%     -  330s
   303   160      -    -    -      312.00000  256.00000  17.9%     -  337s
   306   164      -    -    -      312.00000  256.00000  17.9%     -  340s
   326   175      -    -    -      312.00000  256.47500  17.8%     -  347s
   333   180      -    -    -      312.00000  256.47500  17.8%     -  353s
   342   199      -    -    -      312.00000  256.47500  17.8%     -  355s
   395   219      -    -    -      312.00000  261.36000  16.2%     -  549s
   411   243      -    -    -      312.00000  261.36000  16.2%     -  552s
   447   250      -    -    -      312.00000  261.36000  16.2%     -  565s
   476   261      -    -    -      312.00000  261.36000  16.2%     -  573s
   501   270      -    -    -      312.00000  261.36000  16.2%     -  579s
   510   288      -    -    -      312.00000  261.36000  16.2%     -  583s
   528   317      -    -    -      312.00000  261.36000  16.2%     -  587s
   589   334      -    -    -      312.00000  261.36000  16.2%     -  609s
   620   364      -    -    -      312.00000  261.36000  16.2%     -  613s
   668   381      -    -    -      312.00000  261.36000  16.2%     -  621s
   685   389      -    -    -      312.00000  262.00000  16.0%     -  785s
   717   430      -    -    -      312.00000  262.00000  16.0%     -  790s
   791   431      -    -    -      312.00000  262.00000  16.0%     -  836s
   803   439      -    -    -      312.00000  262.00000  16.0%     -  840s
   807   442      -    -    -      312.00000  262.20000  16.0%     - 1085s
   816   451      -    -    -      312.00000  263.96667  15.4%     - 1090s
   867   462      -    -    -      312.00000  263.96667  15.4%     - 1095s
   900   483      -    -    -      312.00000  264.32365  15.3%     - 1311s
   941   478      -    -    -      312.00000  264.32365  15.3%     - 1315s
   972   480      -    -    -      312.00000  264.32365  15.3%     - 1320s
   989   491      -    -    -      312.00000  264.32857  15.3%     - 1325s
  1009   481      -    -    -      312.00000  264.37353  15.3%     - 1331s
  1021   482      -    -    -      312.00000  264.51471  15.2%     - 1339s
  1024   486      -    -    -      312.00000  264.51471  15.2%     - 1345s
  1035   487      -    -    -      312.00000  264.51471  15.2%     - 1351s
  1057   481      -    -    -      312.00000  264.51471  15.2%     - 1359s
  1065   483      -    -    -      312.00000  264.51471  15.2%     - 1361s
  1083   483      -    -    -      312.00000  264.51471  15.2%     - 1367s
  1093   485      -    -    -      312.00000  264.51471  15.2%     - 1370s
  1099   487      -    -    -      312.00000  265.49627  14.9%     - 1597s
  1110   499      -    -    -      312.00000  265.49627  14.9%     - 1608s
  1120   500      -    -    -      312.00000  265.49627  14.9%     - 1611s
  1150   495      -    -    -      312.00000  265.49627  14.9%     - 1622s
  1162   499      -    -    -      312.00000  265.49627  14.9%     - 1625s
  1178   511      -    -    -      312.00000  265.49627  14.9%     - 1632s
  1193   512      -    -    -      312.00000  265.49627  14.9%     - 1635s
  1233   517      -    -    -      312.00000  265.49627  14.9%     - 1644s
  1247   517      -    -    -      312.00000  265.49627  14.9%     - 1650s
  1258   518      -    -    -      312.00000  265.49627  14.9%     - 1658s
  1273   524      -    -    -      312.00000  265.49627  14.9%     - 1669s
  1284   540      -    -    -      312.00000  266.71646  14.5%     - 1894s
  1323   555      -    -    -      312.00000  266.71646  14.5%     - 1900s
  1383   546      -    -    -      312.00000  266.71646  14.5%     - 1909s
  1402   549      -    -    -      312.00000  266.71646  14.5%     - 1917s
  1420   555      -    -    -      312.00000  266.71646  14.5%     - 1931s
  1432   589      -    -    -      312.00000  266.71646  14.5%     - 1937s
  1498   569      -    -    -      312.00000  266.80000  14.5%     - 2179s
  1504   601      -    -    -      312.00000  266.80000  14.5%     - 2186s
  1596   581      -    -    -      312.00000  268.34000  14.0%     - 2391s
  1606   594      -    -    -      312.00000  268.34000  14.0%     - 2401s
  1639   597      -    -    -      312.00000  268.34000  14.0%     - 2411s
  1661   603      -    -    -      312.00000  268.34000  14.0%     - 2422s
  1708   611      -    -    -      312.00000  268.34000  14.0%     - 2434s
  1748   619      -    -    -      312.00000  268.34000  14.0%     - 2445s
  1783   623      -    -    -      312.00000  268.34000  14.0%     - 2496s
  1819   640      -    -    -      312.00000  268.34000  14.0%     - 2508s
  1890   653      -    -    -      312.00000  268.50000  13.9%     - 2560s
  1944   691      -    -    -      312.00000  268.92164  13.8%     - 2619s
  2058   677      -    -    -      312.00000  268.92164  13.8%     - 2659s
  2144   682      -    -    -      312.00000  268.92164  13.8%     - 2676s
  2226   754      -    -    -      312.00000  268.92164  13.8%     - 2692s
  2386   776      -    -    -      312.00000  269.61000  13.6%     - 2867s
  2416   864      -    -    -      312.00000  270.92000  13.2%     - 3087s
  2599   868      -    -    -      312.00000  271.20000  13.1%     - 3213s
  2603   911      -    -    -      312.00000  271.73333  12.9%     - 3245s
  2678   927      -    -    -      312.00000  271.76050  12.9%     - 3410s
  2724   943      -    -    -      312.00000  271.76050  12.9%     - 3437s
  2858   986      -    -    -      312.00000  272.60000  12.6%     - 3562s
  2941  1048      -    -    -      312.00000  272.96237  12.5%     - 3857s
  3061  1133      -    -    -      312.00000  273.86294  12.2%     - 4190s
  3238  1216      -    -    -      312.00000  273.86294  12.2%     - 4232s
  3379  1250      -    -    -      312.00000  274.36787  12.1%     - 4481s
  3423  1306      -    -    -      312.00000  274.65043  12.0%     - 4532s
  3638  1415      -    -    -      312.00000  274.80000  11.9%     - 4867s
  3864  1481      -    -    -      312.00000  275.15465  11.8%     - 5233s
  3992  1542      -    -    -      312.00000  275.15465  11.8%     - 5358s
  4121  1620      -    -    -      312.00000  275.31429  11.8%     - 5489s
  4281  1642      -    -    -      312.00000  275.35399  11.7%     - 5780s
  4357  1683      -    -    -      312.00000  275.44000  11.7%     - 5960s
  4445  1716      -    -    -      312.00000  275.60000  11.7%     - 6034s
  4568  1776      -    -    -      312.00000  275.92275  11.6%     - 6195s
  4734  1883      -    -    -      312.00000  276.70590  11.3%     - 6423s
  4968  2000      -    -    -      312.00000  276.80000  11.3%     - 6531s
  5256  2041      -    -    -      312.00000  277.36026  11.1%     - 6779s
  5346  2185      -    -    -      312.00000  277.57852  11.0%     - 6859s
  5766  2251      -    -    -      312.00000  277.57852  11.0%     - 7054s
  5931  2410      -    -    -      312.00000  278.00286  10.9%     - 7292s
  6271  2525      -    -    -      312.00000  279.30000  10.5%     - 7517s
  6596  2597      -    -    -      312.00000  279.80028  10.3%     - 7635s
  6734  2794      -    -    -      312.00000  280.65220  10.0%     - 7894s
  7268  2938      -    -    -      312.00000  280.88000  10.0%     - 8098s
  7634  3056      -    -    -      312.00000  280.88000  10.0%     - 8287s
  7912  3235      -    -    -      312.00000  281.00000  9.94%     - 8526s
  8390  3355      -    -    -      312.00000  281.06257  9.92%     - 8662s
  8712  3467      -    -    -      312.00000  281.40000  9.81%     - 8815s
  8990  3599      -    -    -      312.00000  282.10099  9.58%     - 9164s
  9312  3702      -    -    -      312.00000  282.73045  9.38%     - 9501s
  9628  3821      -    -    -      312.00000  283.20030  9.23%     - 9838s
  9913  4022      -    -    -      312.00000  283.56667  9.11%     - 10122s
 10389  4174      -    -    -      312.00000  283.80000  9.04%     - 10440s
 10781  4258      -    -    -      312.00000  284.00535  8.97%     - 10640s
 11021  4360      -    -    -      312.00000  284.41453  8.84%     - 11063s
 11281  4451      -    -    -      312.00000  284.48613  8.82%     - 11300s
 11521  4514      -    -    -      312.00000  284.70768  8.75%     - 11598s
 11681  4530      -    -    -      312.00000  284.80041  8.72%     - 11822s
 11721  4621      -    -    -      312.00000  284.90439  8.68%     - 11968s
 11981  4778      -    -    -      312.00000  285.04776  8.64%     - 12197s
 12466  4939      -    -    -      312.00000  285.20000  8.59%     - 12462s
 12936  5193      -    -    -      312.00000  285.21122  8.59%     - 12615s
 13658  5379      -    -    -      312.00000  285.40000  8.53%     - 12843s
 14186  5508      -    -    -      312.00000  285.55294  8.48%     - 13044s
 14578  5663      -    -    -      312.00000  285.60000  8.46%     - 13218s
 15024  5851      -    -    -      312.00000  285.63970  8.45%     - 13358s
 15529  5966      -    -    -      312.00000  285.78543  8.40%     - 13422s
 15886  6018      -    -    -      312.00000  285.84463  8.38%     - 13531s
 16116  6122      -    -    -      312.00000  285.85209  8.38%     - 13697s
 16586  6179      -    -    -      312.00000  286.03242  8.32%     - 13851s
 16835  6216      -    -    -      312.00000  286.03242  8.32%     - 13937s
 16967  6307      -    -    -      312.00000  286.09307  8.30%     - 14032s
 17307  6349      -    -    -      312.00000  286.15122  8.28%     - 14212s
 17495  6423      -    -    -      312.00000  286.25789  8.25%     - 14400s

Cutting planes:
  Gomory: 12
  Zero half: 81
  RLT: 147

Instance 29 was solved

Explored 21098 nodes (16843260 simplex iterations) in 14400.74 seconds (25523.14 work units)
Thread count was 2 (of 128 available processors)

Solution count 1: 312 

Time limit reached
Best objective 3.120000000000e+02, best bound 2.870000000000e+02, gap 8.0128%

Gurobi 10.0.3 (linux64) logging started Wed Sep  4 22:06:46 2024

Set parameter LogFile to value "local/logs/w5-k2-s2.log"
Set parameter PoolSearchMode to value 2
Set parameter PoolSolutions to value 1
Set parameter PoolGap to value 0
Set parameter Method to value 3
Set parameter ConcurrentMIP to value 64
Set parameter TimeLimit to value 14400
Set parameter Heuristics to value 0.95
Set parameter MIPFocus to value 1
Set parameter Threads to value 128
Set parameter Threads to value 128
Warning: variable name "x_(000000, 0)" has a space
Warning: default variable names used to write mps file
Gurobi Optimizer version 10.0.3 build v10.0.3rc0 (linux64)

CPU model: AMD EPYC 7742 64-Core Processor, instruction set [SSE2|AVX|AVX2]
Thread count: 64 physical cores, 128 logical processors, using up to 128 threads

Academic license 2533279 - for non-commercial use only - registered to bl___@rice.edu
Optimize a model with 5185 rows, 1472 columns and 10688 nonzeros
Model fingerprint: 0x7c8282f3
Model has 512 general constraints
Variable types: 0 continuous, 1472 integer (1472 binary)
Coefficient statistics:
  Matrix range     [1e+00, 1e+00]
  Objective range  [1e+00, 1e+00]
  Bounds range     [1e+00, 1e+00]
  RHS range        [1e+00, 4e+01]
  GenCon coe range [1e+00, 1e+00]

Concurrent MIP optimizer: 64 concurrent instances (2 threads per instance)


User MIP start produced solution with objective 312 (0.34s)
Loaded user MIP start with objective 312

Presolve added 1394 rows and 508 columns
Presolve time: 0.10s
Presolved: 6579 rows, 1980 columns, 14594 nonzeros
Variable types: 0 continuous, 1980 integer (1980 binary)
Root relaxation presolved: 6579 rows, 1980 columns, 14594 nonzeros

Concurrent LP optimizer: dual simplex and barrier
Showing barrier log only...

Root barrier log...

Ordering time: 0.01s

Barrier performed 0 iterations in 0.48 seconds (0.09 work units)
Barrier solve interrupted - model solved by another algorithm


Solved with dual simplex

Use crossover to convert LP symmetric solution to basic solution...

Root relaxation: objective 2.272000e+02, 667 iterations, 0.04 seconds (0.03 work units)

    Nodes    |    Current Node    |     Objective Bounds      |     Work
 Expl Unexpl |  Obj  Depth IntInf | Incumbent    BestBd   Gap | It/Node Time

     0     0      -    -    -      312.00000  227.20000  27.2%     -    0s
     0     0      -    -    -      312.00000  234.20000  24.9%     -    1s
     0     0      -    -    -      312.00000  234.80000  24.7%     -    1s
     0     0      -    -    -      312.00000  234.80000  24.7%     -    1s
     0     0      -    -    -      312.00000  238.40000  23.6%     -    2s
     0     0      -    -    -      312.00000  239.20484  23.3%     -    2s
     0     0      -    -    -      312.00000  239.22129  23.3%     -    2s
     0     0      -    -    -      312.00000  239.23291  23.3%     -    2s
     0     0      -    -    -      312.00000  241.85000  22.5%     -    2s
     0     0      -    -    -      312.00000  241.90000  22.5%     -    2s
     0     0      -    -    -      312.00000  241.90000  22.5%     -    2s
     0     0      -    -    -      312.00000  244.00487  21.8%     -    3s
     0     0      -    -    -      312.00000  244.00487  21.8%     -    3s
     0     0      -    -    -      312.00000  244.33333  21.7%     -    3s
     0     0      -    -    -      312.00000  244.80000  21.5%     -    3s
     0     2      -    -    -      312.00000  246.05000  21.1%     -    4s
     3     6      -    -    -      312.00000  246.05000  21.1%     -    5s
    30    33      -    -    -      312.00000  246.06667  21.1%     -   10s
    55    43      -    -    -      312.00000  246.80000  20.9%     -   15s
    82    55      -    -    -      312.00000  248.10000  20.5%     -   20s
   109    83      -    -    -      312.00000  249.36667  20.1%     -   25s
   128    95      -    -    -      312.00000  249.36667  20.1%     -   30s
   142   107      -    -    -      312.00000  249.93333  19.9%     -   37s
   146   108      -    -    -      312.00000  251.53333  19.4%     -   40s
   173   130      -    -    -      312.00000  251.53333  19.4%     -   48s
   185   141      -    -    -      312.00000  251.53333  19.4%     -   51s
   209   141      -    -    -      312.00000  251.53333  19.4%     -   56s
   231   152      -    -    -      312.00000  251.73333  19.3%     -   61s
   252   160      -    -    -      312.00000  251.73333  19.3%     -   65s
   294   177      -    -    -      312.00000  251.77971  19.3%     -   72s
   300   179      -    -    -      312.00000  251.77971  19.3%     -   77s
   302   187      -    -    -      312.00000  251.77971  19.3%     -   80s
   322   201      -    -    -      312.00000  254.57027  18.4%     -   86s
   352   220      -    -    -      312.00000  254.86854  18.3%     -   94s
   371   228      -    -    -      312.00000  254.86854  18.3%     -  101s
   407   229      -    -    -      312.00000  258.10518  17.3%     -  112s
   416   243      -    -    -      312.00000  258.10518  17.3%     -  115s
   461   276      -    -    -      312.00000  258.10518  17.3%     -  122s
   497   278      -    -    -      312.00000  258.41462  17.2%     -  126s
   546   314      -    -    -      312.00000  258.43333  17.2%     -  135s
   598   353      -    -    -      312.00000  258.43333  17.2%     -  144s
   632   368      -    -    -      312.00000  258.43333  17.2%     -  148s
   653   386      -    -    -      312.00000  258.43333  17.2%     -  154s
   694   410      -    -    -      312.00000  258.43333  17.2%     -  159s
   741   411      -    -    -      312.00000  258.43333  17.2%     -  160s
   758   425      -    -    -      312.00000  258.43333  17.2%     -  165s
   781   439      -    -    -      312.00000  258.80000  17.1%     -  170s
   811   439      -    -    -      312.00000  258.80000  17.1%     -  175s
   844   453      -    -    -      312.00000  258.93333  17.0%     -  180s
   872   468      -    -    -      312.00000  258.93333  17.0%     -  185s
   897   470      -    -    -      312.00000  258.93333  17.0%     -  191s
   908   470      -    -    -      312.00000  259.20000  16.9%     -  205s
   939   473      -    -    -      312.00000  259.20000  16.9%     -  215s
   949   480      -    -    -      312.00000  259.20000  16.9%     -  220s
   971   479      -    -    -      312.00000  259.20000  16.9%     -  225s
   996   482      -    -    -      312.00000  259.40000  16.9%     -  230s
  1010   483      -    -    -      312.00000  259.40000  16.9%     -  236s
  1027   479      -    -    -      312.00000  259.40000  16.9%     -  241s
  1051   474      -    -    -      312.00000  259.40000  16.9%     -  254s
  1072   486      -    -    -      312.00000  259.40000  16.9%     -  257s
  1099   494      -    -    -      312.00000  259.40000  16.9%     -  262s
  1134   487      -    -    -      312.00000  259.40000  16.9%     -  265s
  1147   503      -    -    -      312.00000  259.40000  16.9%     -  271s
  1196   502      -    -    -      312.00000  259.60000  16.8%     -  278s
  1203   511      -    -    -      312.00000  259.60000  16.8%     -  281s
  1234   506      -    -    -      312.00000  260.60484  16.5%     -  292s
  1241   526      -    -    -      312.00000  260.76000  16.4%     -  295s
  1268   519      -    -    -      312.00000  260.76000  16.4%     -  301s
  1295   531      -    -    -      312.00000  260.80992  16.4%     -  308s
  1315   527      -    -    -      312.00000  260.80992  16.4%     -  312s
  1342   539      -    -    -      312.00000  260.98113  16.4%     -  316s
  1363   542      -    -    -      312.00000  260.98113  16.4%     -  320s
  1375   541      -    -    -      312.00000  260.98113  16.4%     -  325s
  1388   564      -    -    -      312.00000  261.00441  16.3%     -  331s
  1434   558      -    -    -      312.00000  261.00441  16.3%     -  340s
  1461   568      -    -    -      312.00000  261.15000  16.3%     -  345s
  1490   585      -    -    -      312.00000  261.15012  16.3%     -  350s
  1530   575      -    -    -      312.00000  261.15012  16.3%     -  358s
  1553   594      -    -    -      312.00000  261.15012  16.3%     -  364s
  1606   597      -    -    -      312.00000  261.15012  16.3%     -  370s
  1656   579      -    -    -      312.00000  261.15012  16.3%     -  376s
  1704   597      -    -    -      312.00000  261.15012  16.3%     -  383s
  1752   587      -    -    -      312.00000  261.17300  16.3%     -  390s
  1766   611      -    -    -      312.00000  261.17300  16.3%     -  401s
  1811   617      -    -    -      312.00000  261.32722  16.2%     -  408s
  1864   613      -    -    -      312.00000  261.35872  16.2%     -  416s
  1909   608      -    -    -      312.00000  261.38816  16.2%     -  427s
  1935   623      -    -    -      312.00000  261.52546  16.2%     -  435s
  1991   623      -    -    -      312.00000  261.61399  16.1%     -  445s
  2024   646      -    -    -      312.00000  261.61399  16.1%     -  453s
  2092   687      -    -    -      312.00000  261.64531  16.1%     -  462s
  2163   713      -    -    -      312.00000  262.07258  16.0%     -  471s
  2213   729      -    -    -      312.00000  262.16667  16.0%     -  481s
  2295   746      -    -    -      312.00000  262.18182  16.0%     -  491s
  2341   789      -    -    -      312.00000  262.18182  16.0%     -  502s
  2430   825      -    -    -      312.00000  262.22123  16.0%     -  512s
  2490   861      -    -    -      312.00000  262.40000  15.9%     -  523s
  2566   889      -    -    -      312.00000  262.62308  15.8%     -  535s
  2629   937      -    -    -      312.00000  262.80000  15.8%     -  547s
  2718   984      -    -    -      312.00000  263.30196  15.6%     -  560s
  2813  1000      -    -    -      312.00000  263.42745  15.6%     -  573s
  2879  1027      -    -    -      312.00000  263.74902  15.5%     -  587s
  2970  1069      -    -    -      312.00000  263.86667  15.4%     -  602s
  3050  1124      -    -    -      312.00000  264.36000  15.3%     -  617s
  3167  1192      -    -    -      312.00000  265.40000  14.9%     -  633s
  3277  1243      -    -    -      312.00000  265.40000  14.9%     -  649s
  3392  1299      -    -    -      312.00000  265.60000  14.9%     -  666s
  3499  1361      -    -    -      312.00000  265.80000  14.8%     -  683s
  3637  1427      -    -    -      312.00000  265.92010  14.8%     -  702s
  3741  1486      -    -    -      312.00000  266.01023  14.7%     -  721s
  3848  1547      -    -    -      312.00000  266.20526  14.7%     -  741s
  3959  1622      -    -    -      312.00000  266.90078  14.5%     -  761s
  4130  1671      -    -    -      312.00000  267.16000  14.4%     -  783s
  4237  1750      -    -    -      312.00000  267.25833  14.3%     -  805s
  4434  1806      -    -    -      312.00000  267.46667  14.3%     -  828s
  4611  1858      -    -    -      312.00000  267.80000  14.2%     -  853s
  4751  1941      -    -    -      312.00000  267.83431  14.2%     -  878s
  4948  2019      -    -    -      312.00000  268.57015  13.9%     -  906s
  5137  2100      -    -    -      312.00000  268.87461  13.8%     -  933s
  5330  2142      -    -    -      312.00000  269.00269  13.8%     -  962s
  5464  2220      -    -    -      312.00000  269.72745  13.5%     -  990s
  5730  2313      -    -    -      312.00000  270.61280  13.3%     - 1020s
  5934  2389      -    -    -      312.00000  270.80000  13.2%     - 1050s
  6128  2479      -    -    -      312.00000  270.95000  13.2%     - 1081s
  6320  2572      -    -    -      312.00000  271.10087  13.1%     - 1112s
  6555  2625      -    -    -      312.00000  271.34550  13.0%     - 1143s
  6759  2721      -    -    -      312.00000  271.52690  13.0%     - 1173s
  6995  2824      -    -    -      312.00000  271.52690  13.0%     - 1203s
  7200  2900      -    -    -      312.00000  271.52690  13.0%     - 1233s
  7458  2974      -    -    -      312.00000  271.80000  12.9%     - 1264s
  7636  3118      -    -    -      312.00000  272.00000  12.8%     - 1299s
  7940  3183      -    -    -      312.00000  272.11729  12.8%     - 1327s
  8103  3249      -    -    -      312.00000  272.20000  12.8%     - 1356s
  8291  3322      -    -    -      312.00000  272.22581  12.7%     - 1385s
  8474  3401      -    -    -      312.00000  272.40000  12.7%     - 1415s
  8680  3495      -    -    -      312.00000  272.51429  12.7%     - 1445s
  8919  3598      -    -    -      312.00000  272.80000  12.6%     - 1473s
  9160  3694      -    -    -      312.00000  273.00000  12.5%     - 1502s
  9380  3793      -    -    -      312.00000  273.20114  12.4%     - 1529s
  9600  3868      -    -    -      312.00000  273.40000  12.4%     - 1558s
  9782  3950      -    -    -      312.00000  273.51922  12.3%     - 1587s
  9992  3993      -    -    -      312.00000  273.60000  12.3%     - 1617s
 10151  4104      -    -    -      312.00000  273.63452  12.3%     - 1645s
 10409  4197      -    -    -      312.00000  273.82000  12.2%     - 1673s
 10637  4284      -    -    -      312.00000  274.20000  12.1%     - 1701s
 10824  4376      -    -    -      312.00000  274.21818  12.1%     - 1728s
 11052  4458      -    -    -      312.00000  274.60000  12.0%     - 1756s
 11226  4570      -    -    -      312.00000  274.80000  11.9%     - 1783s
 11490  4606      -    -    -      312.00000  275.00000  11.9%     - 1812s
 11629  4697      -    -    -      312.00000  275.20000  11.8%     - 1838s
 11851  4759      -    -    -      312.00000  275.40000  11.7%     - 1865s
 12065  4846      -    -    -      312.00000  275.40000  11.7%     - 1893s
 12275  4940      -    -    -      312.00000  275.56000  11.7%     - 1919s
 12504  4999      -    -    -      312.00000  275.60000  11.7%     - 1947s
 12676  5113      -    -    -      312.00000  275.61688  11.7%     - 1974s
 12931  5177      -    -    -      312.00000  275.70000  11.6%     - 2001s
 13103  5256      -    -    -      312.00000  275.80000  11.6%     - 2028s
 13312  5349      -    -    -      312.00000  275.88000  11.6%     - 2055s
 13499  5409      -    -    -      312.00000  276.02350  11.5%     - 2082s
 13749  5472      -    -    -      312.00000  276.08065  11.5%     - 2109s
 13914  5557      -    -    -      312.00000  276.20000  11.5%     - 2138s
 14137  5605      -    -    -      312.00000  276.40000  11.4%     - 2166s
 14297  5708      -    -    -      312.00000  276.63038  11.3%     - 2192s
 14518  5786      -    -    -      312.00000  276.80000  11.3%     - 2219s
 14700  5904      -    -    -      312.00000  276.80000  11.3%     - 2248s
 14967  5953      -    -    -      312.00000  276.80509  11.3%     - 2271s
 15108  6027      -    -    -      312.00000  276.83380  11.3%     - 2296s
 15304  6108      -    -    -      312.00000  276.83380  11.3%     - 2321s
 15523  6185      -    -    -      312.00000  277.00000  11.2%     - 2346s
 15752  6219      -    -    -      312.00000  277.00995  11.2%     - 2372s
 15855  6292      -    -    -      312.00000  277.04427  11.2%     - 2398s
 16036  6367      -    -    -      312.00000  277.18182  11.2%     - 2424s
 16221  6438      -    -    -      312.00000  277.20000  11.2%     - 2452s
 16401  6484      -    -    -      312.00000  277.21001  11.2%     - 2479s
 16548  6556      -    -    -      312.00000  277.29282  11.1%     - 2506s
 16824  6612      -    -    -      312.00000  277.39615  11.1%     - 2532s
 17003  6705      -    -    -      312.00000  277.40221  11.1%     - 2559s
 17259  6752      -    -    -      312.00000  277.42451  11.1%     - 2586s
 17425  6821      -    -    -      312.00000  277.45238  11.1%     - 2613s
 17669  6886      -    -    -      312.00000  277.58696  11.0%     - 2639s
 17868  6911      -    -    -      312.00000  277.60000  11.0%     - 2666s
 18076  6971      -    -    -      312.00000  277.60000  11.0%     - 2693s
 18312  7042      -    -    -      312.00000  277.71487  11.0%     - 2719s
 18523  7097      -    -    -      312.00000  277.71487  11.0%     - 2744s
 18792  7168      -    -    -      312.00000  277.80000  11.0%     - 2772s
 19007  7235      -    -    -      312.00000  277.80237  11.0%     - 2799s
 19226  7301      -    -    -      312.00000  277.84211  10.9%     - 2824s
 19454  7347      -    -    -      312.00000  277.90909  10.9%     - 2849s
 19651  7404      -    -    -      312.00000  278.00000  10.9%     - 2874s
 19860  7482      -    -    -      312.00000  278.00000  10.9%     - 2900s
 20062  7559      -    -    -      312.00000  278.20000  10.8%     - 2925s
 20275  7606      -    -    -      312.00000  278.20000  10.8%     - 2951s
 20438  7686      -    -    -      312.00000  278.22421  10.8%     - 2977s
 20688  7732      -    -    -      312.00000  278.40000  10.8%     - 3003s
 20846  7783      -    -    -      312.00000  278.40000  10.8%     - 3028s
 21041  7815      -    -    -      312.00000  278.41173  10.8%     - 3052s
 21228  7887      -    -    -      312.00000  278.41173  10.8%     - 3078s
 21462  7932      -    -    -      312.00000  278.56481  10.7%     - 3105s
 21625  8014      -    -    -      312.00000  278.60000  10.7%     - 3130s
 21847  8074      -    -    -      312.00000  278.60000  10.7%     - 3157s
 22026  8163      -    -    -      312.00000  278.61693  10.7%     - 3187s
 22288  8211      -    -    -      312.00000  278.66650  10.7%     - 3210s
 22444  8279      -    -    -      312.00000  278.80000  10.6%     - 3235s
 22643  8335      -    -    -      312.00000  278.81190  10.6%     - 3261s
 22813  8402      -    -    -      312.00000  278.90000  10.6%     - 3288s
 23019  8466      -    -    -      312.00000  279.00000  10.6%     - 3314s
 23223  8548      -    -    -      312.00000  279.04353  10.6%     - 3340s
 23463  8606      -    -    -      312.00000  279.09375  10.5%     - 3366s
 23646  8648      -    -    -      312.00000  279.20000  10.5%     - 3394s
 23838  8742      -    -    -      312.00000  279.20000  10.5%     - 3420s
 24097  8797      -    -    -      312.00000  279.21569  10.5%     - 3446s
 24326  8826      -    -    -      312.00000  279.39064  10.5%     - 3472s
 24491  8896      -    -    -      312.00000  279.40000  10.4%     - 3497s
 24705  8957      -    -    -      312.00000  279.40700  10.4%     - 3525s
 24923  9032      -    -    -      312.00000  279.47176  10.4%     - 3550s
 25160  9094      -    -    -      312.00000  279.60000  10.4%     - 3577s
 25333  9169      -    -    -      312.00000  279.60214  10.4%     - 3603s
 25573  9209      -    -    -      312.00000  279.66441  10.4%     - 3629s
 25703  9301      -    -    -      312.00000  279.80000  10.3%     - 3656s
 25971  9368      -    -    -      312.00000  279.80000  10.3%     - 3682s
 26214  9410      -    -    -      312.00000  279.80000  10.3%     - 3708s
 26364  9475      -    -    -      312.00000  279.80809  10.3%     - 3735s
 26609  9544      -    -    -      312.00000  279.88462  10.3%     - 3759s
 26803  9599      -    -    -      312.00000  280.00000  10.3%     - 3786s
 27001  9670      -    -    -      312.00000  280.00000  10.3%     - 3811s
 27242  9704      -    -    -      312.00000  280.01872  10.3%     - 3837s
 27446  9789      -    -    -      312.00000  280.20000  10.2%     - 3861s
 27679  9849      -    -    -      312.00000  280.20000  10.2%     - 3889s
 27899  9932      -    -    -      312.00000  280.20584  10.2%     - 3915s
 28102  9967      -    -    -      312.00000  280.27572  10.2%     - 3941s
 28291 10029      -    -    -      312.00000  280.40000  10.1%     - 3965s
 28520 10080      -    -    -      312.00000  280.44444  10.1%     - 3991s
 28705 10132      -    -    -      312.00000  280.60000  10.1%     - 4015s
 28938 10192      -    -    -      312.00000  280.60000  10.1%     - 4041s
 29113 10251      -    -    -      312.00000  280.60000  10.1%     - 4069s
 29332 10309      -    -    -      312.00000  280.80000  10.0%     - 4098s
 29530 10386      -    -    -      312.00000  280.80000  10.0%     - 4126s
 29784 10437      -    -    -      312.00000  280.80509  10.0%     - 4153s
 29960 10514      -    -    -      312.00000  280.97743  9.94%     - 4179s
 30227 10564      -    -    -      312.00000  281.00000  9.94%     - 4206s
 30418 10628      -    -    -      312.00000  281.00000  9.94%     - 4232s
 30648 10675      -    -    -      312.00000  281.00000  9.94%     - 4257s
 30806 10752      -    -    -      312.00000  281.20000  9.87%     - 4283s
 31047 10799      -    -    -      312.00000  281.20000  9.87%     - 4307s
 31231 10842      -    -    -      312.00000  281.20603  9.87%     - 4335s
 31394 10913      -    -    -      312.00000  281.25000  9.86%     - 4363s
 31631 10960      -    -    -      312.00000  281.40000  9.81%     - 4388s
 31844 11002      -    -    -      312.00000  281.40000  9.81%     - 4414s
 32018 11047      -    -    -      312.00000  281.40000  9.81%     - 4440s
 32199 11112      -    -    -      312.00000  281.42353  9.80%     - 4466s
 32446 11158      -    -    -      312.00000  281.56000  9.76%     - 4492s
 32634 11204      -    -    -      312.00000  281.60000  9.74%     - 4517s
 32852 11265      -    -    -      312.00000  281.60025  9.74%     - 4543s
 33062 11297      -    -    -      312.00000  281.63225  9.73%     - 4570s
 33222 11356      -    -    -      312.00000  281.80000  9.68%     - 4597s
 33433 11432      -    -    -      312.00000  281.80000  9.68%     - 4622s
 33645 11473      -    -    -      312.00000  281.80713  9.68%     - 4649s
 33783 11538      -    -    -      312.00000  281.81930  9.67%     - 4675s
 34008 11566      -    -    -      312.00000  281.94378  9.63%     - 4702s
 34187 11617      -    -    -      312.00000  282.00000  9.62%     - 4727s
 34402 11680      -    -    -      312.00000  282.00000  9.62%     - 4754s
 34632 11756      -    -    -      312.00000  282.00000  9.62%     - 4780s
 34856 11788      -    -    -      312.00000  282.01260  9.61%     - 4806s
 35001 11857      -    -    -      312.00000  282.02577  9.61%     - 4833s
 35218 11903      -    -    -      312.00000  282.16725  9.56%     - 4858s
 35382 11952      -    -    -      312.00000  282.20000  9.55%     - 4886s
 35569 12010      -    -    -      312.00000  282.20000  9.55%     - 4910s
 35814 12058      -    -    -      312.00000  282.20000  9.55%     - 4937s
 36004 12115      -    -    -      312.00000  282.21062  9.55%     - 4963s
 36241 12157      -    -    -      312.00000  282.24190  9.54%     - 4989s
 36402 12202      -    -    -      312.00000  282.33258  9.51%     - 5015s
 36553 12267      -    -    -      312.00000  282.40000  9.49%     - 5044s
 36805 12315      -    -    -      312.00000  282.40000  9.49%     - 5068s
 36964 12392      -    -    -      312.00000  282.40564  9.49%     - 5094s
 37219 12432      -    -    -      312.00000  282.56852  9.43%     - 5117s
 37447 12482      -    -    -      312.00000  282.60000  9.42%     - 5142s
 37626 12527      -    -    -      312.00000  282.60000  9.42%     - 5166s
 37799 12588      -    -    -      312.00000  282.60340  9.42%     - 5191s
 38018 12634      -    -    -      312.00000  282.63340  9.41%     - 5217s
 38188 12696      -    -    -      312.00000  282.71429  9.39%     - 5241s
 38400 12752      -    -    -      312.00000  282.80000  9.36%     - 5266s
 38594 12744      -    -    -      312.00000  282.80000  9.36%     - 5295s
 38739 12835      -    -    -      312.00000  282.91252  9.32%     - 5323s
 39020 12902      -    -    -      312.00000  283.00000  9.29%     - 5349s
 39233 12950      -    -    -      312.00000  283.00000  9.29%     - 5373s
 39406 13013      -    -    -      312.00000  283.00219  9.29%     - 5399s
 39623 13077      -    -    -      312.00000  283.10000  9.26%     - 5424s
 39797 13122      -    -    -      312.00000  283.20000  9.23%     - 5452s
 40052 13173      -    -    -      312.00000  283.20000  9.23%     - 5479s
 40238 13228      -    -    -      312.00000  283.20056  9.23%     - 5505s
 40459 13278      -    -    -      312.00000  283.20308  9.23%     - 5531s
 40611 13317      -    -    -      312.00000  283.22519  9.22%     - 5558s
 40841 13372      -    -    -      312.00000  283.30000  9.20%     - 5586s
 41001 13415      -    -    -      312.00000  283.40000  9.17%     - 5612s
 41192 13490      -    -    -      312.00000  283.40000  9.17%     - 5636s
 41426 13543      -    -    -      312.00000  283.40053  9.17%     - 5666s
 41601 13606      -    -    -      312.00000  283.41758  9.16%     - 5693s
 41850 13663      -    -    -      312.00000  283.43038  9.16%     - 5719s
 42031 13717      -    -    -      312.00000  283.60000  9.10%     - 5743s
 42275 13747      -    -    -      312.00000  283.60000  9.10%     - 5770s
 42460 13797      -    -    -      312.00000  283.60000  9.10%     - 5796s
 42679 13845      -    -    -      312.00000  283.60000  9.10%     - 5826s
 42880 13898      -    -    -      312.00000  283.61038  9.10%     - 5853s
 43117 13944      -    -    -      312.00000  283.66135  9.08%     - 5879s
 43335 14004      -    -    -      312.00000  283.80000  9.04%     - 5904s
 43527 14070      -    -    -      312.00000  283.80000  9.04%     - 5929s
 43729 14102      -    -    -      312.00000  283.80000  9.04%     - 5955s
 43898 14191      -    -    -      312.00000  283.80000  9.04%     - 5986s
 44208 14229      -    -    -      312.00000  283.80231  9.04%     - 6006s
 44343 14270      -    -    -      312.00000  283.84561  9.02%     - 6028s
 44532 14324      -    -    -      312.00000  284.00000  8.97%     - 6051s
 44696 14380      -    -    -      312.00000  284.00000  8.97%     - 6075s
 44864 14421      -    -    -      312.00000  284.00000  8.97%     - 6101s
 45033 14486      -    -    -      312.00000  284.00000  8.97%     - 6129s
 45253 14533      -    -    -      312.00000  284.06897  8.95%     - 6157s
 45432 14565      -    -    -      312.00000  284.20000  8.91%     - 6184s
 45625 14629      -    -    -      312.00000  284.20000  8.91%     - 6210s
 45859 14664      -    -    -      312.00000  284.20000  8.91%     - 6236s
 46057 14728      -    -    -      312.00000  284.21378  8.91%     - 6262s
 46281 14792      -    -    -      312.00000  284.28166  8.88%     - 6290s
 46563 14829      -    -    -      312.00000  284.40000  8.85%     - 6318s
 46737 14863      -    -    -      312.00000  284.40000  8.85%     - 6343s
 46932 14904      -    -    -      312.00000  284.40097  8.85%     - 6370s
 47047 14962      -    -    -      312.00000  284.46667  8.82%     - 6395s
 47271 15031      -    -    -      312.00000  284.60000  8.78%     - 6423s
 47494 15067      -    -    -      312.00000  284.60000  8.78%     - 6449s
 47735 15128      -    -    -      312.00000  284.60000  8.78%     - 6474s
 47965 15165      -    -    -      312.00000  284.60061  8.78%     - 6501s
 48178 15208      -    -    -      312.00000  284.61564  8.78%     - 6526s
 48335 15254      -    -    -      312.00000  284.70000  8.75%     - 6552s
 48535 15321      -    -    -      312.00000  284.80000  8.72%     - 6578s
 48757 15372      -    -    -      312.00000  284.80000  8.72%     - 6604s
 48948 15422      -    -    -      312.00000  284.80365  8.72%     - 6631s
 49171 15462      -    -    -      312.00000  284.84830  8.70%     - 6657s
 49374 15540      -    -    -      312.00000  285.00000  8.65%     - 6685s
 49634 15561      -    -    -      312.00000  285.00000  8.65%     - 6712s
 49765 15611      -    -    -      312.00000  285.00000  8.65%     - 6740s
 49941 15670      -    -    -      312.00000  285.06250  8.63%     - 6766s
 50136 15731      -    -    -      312.00000  285.20000  8.59%     - 6791s
 50369 15773      -    -    -      312.00000  285.20000  8.59%     - 6817s
 50570 15819      -    -    -      312.00000  285.20000  8.59%     - 6845s
 50784 15868      -    -    -      312.00000  285.20000  8.59%     - 6871s
 51032 15913      -    -    -      312.00000  285.20000  8.59%     - 6896s
 51197 15973      -    -    -      312.00000  285.21364  8.59%     - 6924s
 51458 16016      -    -    -      312.00000  285.26667  8.57%     - 6946s
 51606 16054      -    -    -      312.00000  285.40000  8.53%     - 6970s
 51818 16114      -    -    -      312.00000  285.40000  8.53%     - 6998s
 52008 16169      -    -    -      312.00000  285.40000  8.53%     - 7024s
 52228 16203      -    -    -      312.00000  285.41097  8.52%     - 7048s
 52440 16252      -    -    -      312.00000  285.49098  8.50%     - 7073s
 52641 16295      -    -    -      312.00000  285.53333  8.48%     - 7097s
 52822 16337      -    -    -      312.00000  285.60000  8.46%     - 7125s
 53011 16391      -    -    -      312.00000  285.60000  8.46%     - 7151s
 53253 16447      -    -    -      312.00000  285.60000  8.46%     - 7176s
 53470 16519      -    -    -      312.00000  285.60000  8.46%     - 7201s
 53720 16565      -    -    -      312.00000  285.61510  8.46%     - 7226s
 53879 16623      -    -    -      312.00000  285.66667  8.44%     - 7250s
 54103 16686      -    -    -      312.00000  285.76608  8.41%     - 7276s
 54296 16731      -    -    -      312.00000  285.80000  8.40%     - 7301s
 54487 16797      -    -    -      312.00000  285.80000  8.40%     - 7325s
 54707 16856      -    -    -      312.00000  285.81765  8.39%     - 7352s
 54893 16917      -    -    -      312.00000  285.90000  8.37%     - 7377s
 55152 16956      -    -    -      312.00000  286.00000  8.33%     - 7402s
 55360 17015      -    -    -      312.00000  286.00000  8.33%     - 7427s
 55592 17065      -    -    -      312.00000  286.00000  8.33%     - 7452s
 55810 17111      -    -    -      312.00000  286.01573  8.33%     - 7481s
 55982 17157      -    -    -      312.00000  286.03200  8.32%     - 7508s
 56235 17181      -    -    -      312.00000  286.20000  8.27%     - 7533s
 56384 17227      -    -    -      312.00000  286.20000  8.27%     - 7558s
 56601 17252      -    -    -      312.00000  286.20000  8.27%     - 7582s
 56768 17300      -    -    -      312.00000  286.20000  8.27%     - 7608s
 56975 17379      -    -    -      312.00000  286.20225  8.27%     - 7632s
 57228 17405      -    -    -      312.00000  286.28000  8.24%     - 7661s
 57404 17470      -    -    -      312.00000  286.40000  8.21%     - 7688s
 57621 17507      -    -    -      312.00000  286.40000  8.21%     - 7713s
 57804 17556      -    -    -      312.00000  286.40000  8.21%     - 7737s
 58001 17601      -    -    -      312.00000  286.40000  8.21%     - 7764s
 58232 17643      -    -    -      312.00000  286.40000  8.21%     - 7790s
 58452 17698      -    -    -      312.00000  286.40351  8.20%     - 7816s
 58703 17727      -    -    -      312.00000  286.42795  8.20%     - 7841s
 58856 17762      -    -    -      312.00000  286.46387  8.18%     - 7869s
 59094 17812      -    -    -      312.00000  286.60000  8.14%     - 7895s
 59319 17863      -    -    -      312.00000  286.60000  8.14%     - 7919s
 59517 17899      -    -    -      312.00000  286.60000  8.14%     - 7943s
 59723 17935      -    -    -      312.00000  286.60000  8.14%     - 7967s
 59879 18005      -    -    -      312.00000  286.60205  8.14%     - 7996s
 60141 18047      -    -    -      312.00000  286.63478  8.13%     - 8022s
 60295 18072      -    -    -      312.00000  286.70000  8.11%     - 8048s
 60472 18106      -    -    -      312.00000  286.80000  8.08%     - 8073s
 60664 18153      -    -    -      312.00000  286.80000  8.08%     - 8100s
 60860 18226      -    -    -      312.00000  286.80000  8.08%     - 8125s
 61134 18273      -    -    -      312.00000  286.80000  8.08%     - 8153s
 61370 18314      -    -    -      312.00000  286.80000  8.08%     - 8182s
 61555 18352      -    -    -      312.00000  286.82386  8.07%     - 8208s
 61742 18377      -    -    -      312.00000  286.85714  8.06%     - 8234s
 61922 18427      -    -    -      312.00000  286.88889  8.05%     - 8259s
 62146 18479      -    -    -      312.00000  287.00000  8.01%     - 8284s
 62366 18498      -    -    -      312.00000  287.00000  8.01%     - 8314s
 62520 18576      -    -    -      312.00000  287.00000  8.01%     - 8342s
 62793 18615      -    -    -      312.00000  287.00000  8.01%     - 8368s
 63004 18641      -    -    -      312.00000  287.00000  8.01%     - 8395s
 63167 18686      -    -    -      312.00000  287.00000  8.01%     - 8421s
 63360 18751      -    -    -      312.00000  287.00000  8.01%     - 8447s
 63635 18786      -    -    -      312.00000  287.02401  8.01%     - 8472s
 63852 18841      -    -    -      312.00000  287.05051  8.00%     - 8502s
 64071 18914      -    -    -      312.00000  287.20000  7.95%     - 8529s
 64332 18956      -    -    -      312.00000  287.20000  7.95%     - 8554s
 64525 18986      -    -    -      312.00000  287.20000  7.95%     - 8578s
 64724 19019      -    -    -      312.00000  287.20000  7.95%     - 8603s
 64949 19051      -    -    -      312.00000  287.20000  7.95%     - 8629s
 65129 19113      -    -    -      312.00000  287.20274  7.95%     - 8658s
 65405 19165      -    -    -      312.00000  287.20839  7.95%     - 8685s
 65662 19205      -    -    -      312.00000  287.25196  7.93%     - 8711s
 65848 19256      -    -    -      312.00000  287.31064  7.91%     - 8738s
 66071 19287      -    -    -      312.00000  287.40000  7.88%     - 8763s
 66248 19351      -    -    -      312.00000  287.40000  7.88%     - 8789s
 66467 19390      -    -    -      312.00000  287.40000  7.88%     - 8821s
 66669 19445      -    -    -      312.00000  287.40000  7.88%     - 8852s
 66971 19484      -    -    -      312.00000  287.40000  7.88%     - 8879s
 67166 19538      -    -    -      312.00000  287.40237  7.88%     - 8904s
 67408 19578      -    -    -      312.00000  287.40621  7.88%     - 8929s
 67628 19634      -    -    -      312.00000  287.41824  7.88%     - 8953s
 67884 19681      -    -    -      312.00000  287.43478  7.87%     - 8981s
 68087 19726      -    -    -      312.00000  287.55556  7.83%     - 9007s
 68275 19758      -    -    -      312.00000  287.60000  7.82%     - 9032s
 68502 19796      -    -    -      312.00000  287.60000  7.82%     - 9058s
 68706 19836      -    -    -      312.00000  287.60000  7.82%     - 9082s
 68912 19881      -    -    -      312.00000  287.60000  7.82%     - 9107s
 69085 19922      -    -    -      312.00000  287.60000  7.82%     - 9138s
 69325 19953      -    -    -      312.00000  287.60050  7.82%     - 9168s
 69526 19983      -    -    -      312.00000  287.60870  7.82%     - 9197s
 69710 20028      -    -    -      312.00000  287.61728  7.81%     - 9224s
 69958 20066      -    -    -      312.00000  287.63844  7.81%     - 9250s
 70162 20097      -    -    -      312.00000  287.66667  7.80%     - 9277s
 70366 20148      -    -    -      312.00000  287.68019  7.79%     - 9303s
 70637 20189      -    -    -      312.00000  287.78333  7.76%     - 9328s
 70810 20242      -    -    -      312.00000  287.78333  7.76%     - 9353s
 71003 20262      -    -    -      312.00000  287.80000  7.76%     - 9383s
 71231 20316      -    -    -      312.00000  287.80000  7.76%     - 9412s
 71441 20353      -    -    -      312.00000  287.80000  7.76%     - 9437s
 71662 20373      -    -    -      312.00000  287.80136  7.76%     - 9463s
 71825 20415      -    -    -      312.00000  287.80136  7.76%     - 9489s
 72055 20469      -    -    -      312.00000  287.80851  7.75%     - 9515s
 72269 20489      -    -    -      312.00000  287.81457  7.75%     - 9542s
 72403 20520      -    -    -      312.00000  287.83403  7.75%     - 9567s
 72596 20563      -    -    -      312.00000  287.90041  7.72%     - 9596s
 72857 20610      -    -    -      312.00000  288.00000  7.69%     - 9624s
 73081 20632      -    -    -      312.00000  288.00000  7.69%     - 9651s
 73342 20680      -    -    -      312.00000  288.00000  7.69%     - 9674s
 73554 20718      -    -    -      312.00000  288.00000  7.69%     - 9696s
 73736 20765      -    -    -      312.00000  288.00000  7.69%     - 9719s
 73949 20795      -    -    -      312.00000  288.00000  7.69%     - 9741s
 74123 20844      -    -    -      312.00000  288.00000  7.69%     - 9769s
 74356 20874      -    -    -      312.00000  288.00000  7.69%     - 9798s
 74622 20912      -    -    -      312.00000  288.00440  7.69%     - 9824s
 74770 20952      -    -    -      312.00000  288.01885  7.69%     - 9850s
 75036 20985      -    -    -      312.00000  288.03823  7.68%     - 9875s
 75229 20997      -    -    -      312.00000  288.03823  7.68%     - 9898s
 75433 21035      -    -    -      312.00000  288.10000  7.66%     - 9923s
 75599 21079      -    -    -      312.00000  288.10000  7.66%     - 9947s
 75844 21114      -    -    -      312.00000  288.20000  7.63%     - 9970s
 76033 21139      -    -    -      312.00000  288.20000  7.63%     - 10000s
 76286 21178      -    -    -      312.00000  288.20000  7.63%     - 10029s
 76473 21226      -    -    -      312.00000  288.20000  7.63%     - 10057s
 76735 21252      -    -    -      312.00000  288.20000  7.63%     - 10083s
 76947 21274      -    -    -      312.00000  288.20000  7.63%     - 10109s
 77164 21311      -    -    -      312.00000  288.20140  7.63%     - 10133s
 77380 21337      -    -    -      312.00000  288.20832  7.63%     - 10157s
 77554 21379      -    -    -      312.00000  288.21816  7.62%     - 10181s
 77778 21409      -    -    -      312.00000  288.23846  7.62%     - 10206s
 77958 21463      -    -    -      312.00000  288.26316  7.61%     - 10238s
 78280 21497      -    -    -      312.00000  288.37313  7.57%     - 10268s
 78499 21525      -    -    -      312.00000  288.37313  7.57%     - 10296s
 78740 21538      -    -    -      312.00000  288.40000  7.56%     - 10323s
 78913 21573      -    -    -      312.00000  288.40000  7.56%     - 10349s
 79174 21593      -    -    -      312.00000  288.40000  7.56%     - 10373s
 79380 21617      -    -    -      312.00000  288.40000  7.56%     - 10397s
 79569 21662      -    -    -      312.00000  288.40000  7.56%     - 10422s
 79862 21699      -    -    -      312.00000  288.40000  7.56%     - 10446s
 80074 21718      -    -    -      312.00000  288.40000  7.56%     - 10469s
 80310 21745      -    -    -      312.00000  288.40486  7.56%     - 10504s
 80604 21764      -    -    -      312.00000  288.41957  7.56%     - 10532s
 80827 21783      -    -    -      312.00000  288.42484  7.56%     - 10560s
 80998 21809      -    -    -      312.00000  288.43750  7.55%     - 10589s
 81232 21840      -    -    -      312.00000  288.46154  7.54%     - 10616s
 81488 21868      -    -    -      312.00000  288.50000  7.53%     - 10642s
 81697 21898      -    -    -      312.00000  288.60000  7.50%     - 10668s
 81959 21929      -    -    -      312.00000  288.60000  7.50%     - 10693s
 82223 21968      -    -    -      312.00000  288.60000  7.50%     - 10717s
 82392 21998      -    -    -      312.00000  288.60000  7.50%     - 10741s
 82592 22027      -    -    -      312.00000  288.60000  7.50%     - 10775s
 82837 22083      -    -    -      312.00000  288.60000  7.50%     - 10806s
 83142 22119      -    -    -      312.00000  288.60000  7.50%     - 10835s
 83396 22142      -    -    -      312.00000  288.60000  7.50%     - 10863s
 83582 22169      -    -    -      312.00000  288.60000  7.50%     - 10890s
 83811 22198      -    -    -      312.00000  288.60517  7.50%     - 10915s
 84009 22224      -    -    -      312.00000  288.61251  7.50%     - 10940s
 84214 22252      -    -    -      312.00000  288.62144  7.49%     - 10965s
 84412 22282      -    -    -      312.00000  288.63636  7.49%     - 10991s
 84651 22284      -    -    -      312.00000  288.66667  7.48%     - 11014s
 84860 22316      -    -    -      312.00000  288.66976  7.48%     - 11038s
 85093 22346      -    -    -      312.00000  288.80000  7.44%     - 11073s
 85374 22379      -    -    -      312.00000  288.80000  7.44%     - 11107s
 85701 22391      -    -    -      312.00000  288.80000  7.44%     - 11139s
 85921 22430      -    -    -      312.00000  288.80000  7.44%     - 11169s
 86179 22462      -    -    -      312.00000  288.80000  7.44%     - 11197s
 86428 22481      -    -    -      312.00000  288.80000  7.44%     - 11224s
 86664 22510      -    -    -      312.00000  288.80000  7.44%     - 11250s
 86885 22534      -    -    -      312.00000  288.80000  7.44%     - 11277s
 87073 22556      -    -    -      312.00000  288.80531  7.43%     - 11301s
 87299 22600      -    -    -      312.00000  288.80531  7.43%     - 11326s
 87553 22626      -    -    -      312.00000  288.81575  7.43%     - 11353s
 87738 22666      -    -    -      312.00000  288.82223  7.43%     - 11382s
 88055 22702      -    -    -      312.00000  288.85607  7.42%     - 11414s
 88276 22740      -    -    -      312.00000  288.88000  7.41%     - 11446s
 88573 22757      -    -    -      312.00000  288.90294  7.40%     - 11476s
 88712 22809      -    -    -      312.00000  288.93333  7.39%     - 11505s
 89002 22822      -    -    -      312.00000  289.00000  7.37%     - 11531s
 89178 22859      -    -    -      312.00000  289.00000  7.37%     - 11558s
 89461 22870      -    -    -      312.00000  289.00000  7.37%     - 11584s
 89642 22901      -    -    -      312.00000  289.00000  7.37%     - 11609s
 89886 22913      -    -    -      312.00000  289.00000  7.37%     - 11637s
 90083 22958      -    -    -      312.00000  289.00000  7.37%     - 11662s
 90376 22986      -    -    -      312.00000  289.00000  7.37%     - 11687s
 90560 23011      -    -    -      312.00000  289.00068  7.37%     - 11710s
 90763 23054      -    -    -      312.00000  289.00710  7.37%     - 11745s
 91130 23073      -    -    -      312.00000  289.01508  7.37%     - 11778s
 91383 23110      -    -    -      312.00000  289.01991  7.37%     - 11808s
 91687 23137      -    -    -      312.00000  289.02999  7.36%     - 11836s
 91886 23151      -    -    -      312.00000  289.04520  7.36%     - 11862s
 92129 23175      -    -    -      312.00000  289.08475  7.34%     - 11889s
 92360 23197      -    -    -      312.00000  289.10000  7.34%     - 11914s
 92591 23210      -    -    -      312.00000  289.12500  7.33%     - 11937s
 92759 23247      -    -    -      312.00000  289.20000  7.31%     - 11963s
 93039 23252      -    -    -      312.00000  289.20000  7.31%     - 11990s
 93234 23275      -    -    -      312.00000  289.20000  7.31%     - 12015s
 93451 23294      -    -    -      312.00000  289.20000  7.31%     - 12039s
 93671 23307      -    -    -      312.00000  289.20000  7.31%     - 12062s
 93856 23348      -    -    -      312.00000  289.20000  7.31%     - 12095s
 94198 23373      -    -    -      312.00000  289.20000  7.31%     - 12128s
 94499 23406      -    -    -      312.00000  289.20729  7.31%     - 12160s
 94798 23447      -    -    -      312.00000  289.22353  7.30%     - 12194s
 95055 23481      -    -    -      312.00000  289.23288  7.30%     - 12224s
 95305 23503      -    -    -      312.00000  289.27273  7.28%     - 12253s
 95555 23528      -    -    -      312.00000  289.30131  7.28%     - 12281s
 95773 23565      -    -    -      312.00000  289.40000  7.24%     - 12307s
 96013 23585      -    -    -      312.00000  289.40000  7.24%     - 12334s
 96278 23625      -    -    -      312.00000  289.40000  7.24%     - 12360s
 96493 23656      -    -    -      312.00000  289.40000  7.24%     - 12388s
 96688 23670      -    -    -      312.00000  289.40000  7.24%     - 12414s
 96914 23688      -    -    -      312.00000  289.40000  7.24%     - 12439s
 97107 23716      -    -    -      312.00000  289.40000  7.24%     - 12464s
 97325 23740      -    -    -      312.00000  289.40000  7.24%     - 12498s
 97559 23784      -    -    -      312.00000  289.40168  7.24%     - 12532s
 97849 23839      -    -    -      312.00000  289.40909  7.24%     - 12564s
 98182 23856      -    -    -      312.00000  289.41758  7.24%     - 12593s
 98408 23890      -    -    -      312.00000  289.43298  7.23%     - 12622s
 98591 23916      -    -    -      312.00000  289.44432  7.23%     - 12648s
 98840 23937      -    -    -      312.00000  289.48000  7.22%     - 12673s
 99045 23955      -    -    -      312.00000  289.51508  7.21%     - 12701s
 99192 23990      -    -    -      312.00000  289.60000  7.18%     - 12726s
 99450 24037      -    -    -      312.00000  289.60000  7.18%     - 12754s
 99734 24047      -    -    -      312.00000  289.60000  7.18%     - 12781s
 99949 24082      -    -    -      312.00000  289.60000  7.18%     - 12806s
 100190 24104      -    -    -      312.00000  289.60000  7.18%     - 12831s
 100391 24134      -    -    -      312.00000  289.60000  7.18%     - 12863s
 100668 24162      -    -    -      312.00000  289.60000  7.18%     - 12898s
 100922 24188      -    -    -      312.00000  289.60000  7.18%     - 12934s
 101192 24236      -    -    -      312.00000  289.60318  7.18%     - 12967s
 101499 24245      -    -    -      312.00000  289.60829  7.18%     - 12999s
 101652 24285      -    -    -      312.00000  289.61669  7.17%     - 13028s
 101921 24290      -    -    -      312.00000  289.62930  7.17%     - 13057s
 102087 24327      -    -    -      312.00000  289.70000  7.15%     - 13084s
 102367 24348      -    -    -      312.00000  289.70000  7.15%     - 13107s
 102504 24365      -    -    -      312.00000  289.74629  7.13%     - 13132s
 102714 24383      -    -    -      312.00000  289.80000  7.12%     - 13158s
 102875 24395      -    -    -      312.00000  289.80000  7.12%     - 13186s
 103149 24407      -    -    -      312.00000  289.80000  7.12%     - 13211s
 103349 24433      -    -    -      312.00000  289.80000  7.12%     - 13235s
 103616 24463      -    -    -      312.00000  289.80000  7.12%     - 13270s
 103820 24509      -    -    -      312.00000  289.80000  7.12%     - 13306s
 104159 24542      -    -    -      312.00000  289.80194  7.11%     - 13340s
 104379 24580      -    -    -      312.00000  289.80954  7.11%     - 13372s
 104664 24601      -    -    -      312.00000  289.81167  7.11%     - 13403s
 104865 24639      -    -    -      312.00000  289.82443  7.11%     - 13432s
 105121 24654      -    -    -      312.00000  289.83508  7.10%     - 13460s
 105287 24690      -    -    -      312.00000  289.86792  7.09%     - 13487s
 105568 24714      -    -    -      312.00000  289.88889  7.09%     - 13513s
 105839 24734      -    -    -      312.00000  289.93333  7.07%     - 13539s
 106047 24759      -    -    -      312.00000  290.00000  7.05%     - 13568s
 106267 24798      -    -    -      312.00000  290.00000  7.05%     - 13595s
 106524 24807      -    -    -      312.00000  290.00000  7.05%     - 13621s
 106691 24838      -    -    -      312.00000  290.00000  7.05%     - 13645s
 106919 24866      -    -    -      312.00000  290.00000  7.05%     - 13669s
 107136 24905      -    -    -      312.00000  290.00000  7.05%     - 13704s
 107461 24938      -    -    -      312.00000  290.00000  7.05%     - 13740s
 107763 24985      -    -    -      312.00000  290.00000  7.05%     - 13775s
 108093 25016      -    -    -      312.00000  290.00436  7.05%     - 13810s
 108290 25055      -    -    -      312.00000  290.01911  7.05%     - 13839s
 108598 25084      -    -    -      312.00000  290.03728  7.04%     - 13868s
 108814 25093      -    -    -      312.00000  290.06068  7.03%     - 13895s
 109045 25119      -    -    -      312.00000  290.20000  6.99%     - 13921s
 109287 25151      -    -    -      312.00000  290.20000  6.99%     - 13947s
 109527 25158      -    -    -      312.00000  290.20000  6.99%     - 13977s
 109724 25200      -    -    -      312.00000  290.20000  6.99%     - 14009s
 110055 25229      -    -    -      312.00000  290.20000  6.99%     - 14035s
 110263 25267      -    -    -      312.00000  290.20000  6.99%     - 14059s
 110503 25275      -    -    -      312.00000  290.20000  6.99%     - 14083s
 110678 25311      -    -    -      312.00000  290.20000  6.99%     - 14117s
 111025 25347      -    -    -      312.00000  290.21182  6.98%     - 14150s
 111303 25373      -    -    -      312.00000  290.22222  6.98%     - 14184s
 111592 25426      -    -    -      312.00000  290.24512  6.97%     - 14217s
 111896 25454      -    -    -      312.00000  290.28884  6.96%     - 14247s
 112136 25485      -    -    -      312.00000  290.40000  6.92%     - 14278s
 112355 25522      -    -    -      312.00000  290.40000  6.92%     - 14307s
 112642 25540      -    -    -      312.00000  290.40000  6.92%     - 14335s
 112836 25556      -    -    -      312.00000  290.40000  6.92%     - 14362s
 113070 25580      -    -    -      312.00000  290.40000  6.92%     - 14387s
 113261 25592      -    -    -      312.00000  290.40000  6.92%     - 14400s

Cutting planes:
  Gomory: 8
  MIR: 1
  Zero half: 74
  RLT: 201

Instance 47 was solved

Explored 116098 nodes (126214847 simplex iterations) in 14401.53 seconds (20633.46 work units)
Thread count was 2 (of 128 available processors)

Solution count 1: 312 

Time limit reached
Best objective 3.120000000000e+02, best bound 2.910000000000e+02, gap 6.7308%
