Working on w=5, k=1, s=4
Set parameter Username
Set parameter WLSAccessID
Set parameter WLSSecret
Set parameter LicenseID to value 2533279
Academic license 2533279 - for non-commercial use only - registered to bl___@rice.edu
Command terminated by signal 9
	Command being timed: "python /home/Users/blk6/Projects/winnowing-LB-manuscript/scripts/run-ilp.py -w 5 -k 1 2 3 4 --sigma 4 --threads 128 --output local --time-limit 43200 --local"
	User time (seconds): 43034.62
	System time (seconds): 11459.90
	Percent of CPU this job got: 2883%
	Elapsed (wall clock) time (h:mm:ss or m:ss): 31:30.00
	Average shared text size (kbytes): 0
	Average unshared data size (kbytes): 0
	Average stack size (kbytes): 0
	Average total size (kbytes): 0
	Maximum resident set size (kbytes): 127542980
	Average resident set size (kbytes): 0
	Major (requiring I/O) page faults: 358158
	Minor (reclaiming a frame) page faults: 71308734
	Voluntary context switches: 8064292
	Involuntary context switches: 252074
	Swaps: 0
	File system inputs: 13509152
	File system outputs: 205224
	Socket messages sent: 0
	Socket messages received: 0
	Signals delivered: 0
	Page size (bytes): 4096
	Exit status: 0
