
Gurobi 10.0.3 (linux64) logging started Sun Sep  1 17:06:43 2024

Set parameter LogFile to value "local/logs/w6-k1-s2.log"
Set parameter PoolSearchMode to value 2
Set parameter PoolSolutions to value 1
Set parameter PoolGap to value 0
Set parameter Method to value 3
Set parameter ConcurrentMIP to value 64
Set parameter TimeLimit to value 43200
Set parameter Threads to value 128
Set parameter Threads to value 128
Warning: variable name "x_(000000, 0)" has a space
Warning: default variable names used to write mps file
Gurobi Optimizer version 10.0.3 build v10.0.3rc0 (linux64)

CPU model: AMD EPYC 7742 64-Core Processor, instruction set [SSE2|AVX|AVX2]
Thread count: 64 physical cores, 128 logical processors, using up to 128 threads

Academic license 2533279 - for non-commercial use only - registered to bl___@rice.edu
Optimize a model with 12352 rows, 2432 columns and 24960 nonzeros
Model fingerprint: 0x895a4788
Variable types: 0 continuous, 2432 integer (2432 binary)
Coefficient statistics:
  Matrix range     [1e+00, 1e+00]
  Objective range  [1e+00, 1e+00]
  Bounds range     [1e+00, 1e+00]
  RHS range        [1e+00, 1e+00]

Concurrent MIP optimizer: 64 concurrent instances (2 threads per instance)


User MIP start produced solution with objective 608 (0.53s)
Loaded user MIP start with objective 608

Presolve removed 376 rows and 2 columns
Presolve time: 0.11s
Presolved: 11976 rows, 2430 columns, 24556 nonzeros
Variable types: 0 continuous, 2430 integer (2430 binary)

Concurrent LP optimizer: dual simplex and barrier
Showing barrier log only...

Root relaxation presolved: 11976 rows, 2430 columns, 24556 nonzeros

Root barrier log...


Gurobi 10.0.3 (linux64) logging started Sun Sep  1 17:10:35 2024

Set parameter LogFile to value "local/logs/w6-k1-s2.log"
Set parameter PoolSearchMode to value 2
Set parameter PoolSolutions to value 1
Set parameter PoolGap to value 0
Set parameter Method to value 3
Set parameter ConcurrentMIP to value 64
Set parameter TimeLimit to value 43200
Set parameter Threads to value 128
Set parameter Threads to value 128
Warning: variable name "x_(000000, 0)" has a space
Warning: default variable names used to write mps file
Gurobi Optimizer version 10.0.3 build v10.0.3rc0 (linux64)

CPU model: AMD EPYC 7742 64-Core Processor, instruction set [SSE2|AVX|AVX2]
Thread count: 64 physical cores, 128 logical processors, using up to 128 threads

Academic license 2533279 - for non-commercial use only - registered to bl___@rice.edu
Optimize a model with 12352 rows, 2432 columns and 24960 nonzeros
Model fingerprint: 0x895a4788
Variable types: 0 continuous, 2432 integer (2432 binary)
Coefficient statistics:
  Matrix range     [1e+00, 1e+00]
  Objective range  [1e+00, 1e+00]
  Bounds range     [1e+00, 1e+00]
  RHS range        [1e+00, 1e+00]

Concurrent MIP optimizer: 64 concurrent instances (2 threads per instance)


User MIP start produced solution with objective 608 (0.51s)
Loaded user MIP start with objective 608

Presolve removed 376 rows and 2 columns
Presolve time: 0.10s
Presolved: 11976 rows, 2430 columns, 24556 nonzeros
Variable types: 0 continuous, 2430 integer (2430 binary)

Concurrent LP optimizer: dual simplex and barrier
Showing barrier log only...

Root relaxation presolved: 11976 rows, 2430 columns, 24556 nonzeros

Root barrier log...

Ordering time: 0.09s

Barrier performed 0 iterations in 0.74 seconds (0.10 work units)
Barrier solve interrupted - model solved by another algorithm


Solved with dual simplex

Root relaxation: objective 3.946667e+02, 993 iterations, 0.11 seconds (0.11 work units)

    Nodes    |    Current Node    |     Objective Bounds      |     Work
 Expl Unexpl |  Obj  Depth IntInf | Incumbent    BestBd   Gap | It/Node Time

     0     0      -    -    -      608.00000  394.66667  35.1%     -    0s
     0     0      -    -    -      608.00000  428.98148  29.4%     -    4s
     0     0      -    -    -      608.00000  429.00000  29.4%     -    4s
     0     0      -    -    -      608.00000  429.11111  29.4%     -    4s
     0     0      -    -    -      608.00000  433.18924  28.8%     -    5s
     0     0      -    -    -      608.00000  433.55291  28.7%     -    5s
     0     0      -    -    -      608.00000  433.62963  28.7%     -    5s
     0     0      -    -    -      608.00000  433.63889  28.7%     -    5s
     0     0      -    -    -      608.00000  437.25000  28.1%     -    6s
     0     0      -    -    -      608.00000  437.75000  28.0%     -    6s
     0     0      -    -    -      608.00000  437.84754  28.0%     -    6s
     0     0      -    -    -      608.00000  437.87820  28.0%     -    6s
     0     0      -    -    -      608.00000  437.89484  28.0%     -    6s
     0     0      -    -    -      608.00000  437.89484  28.0%     -    6s
     0     0      -    -    -      608.00000  440.41667  27.6%     -    7s
     0     0      -    -    -      608.00000  440.48889  27.6%     -    7s
     0     0      -    -    -      608.00000  440.60714  27.5%     -    7s
     0     0      -    -    -      608.00000  440.60714  27.5%     -    8s
     0     0      -    -    -      608.00000  441.30041  27.4%     -    8s
     0     0      -    -    -      608.00000  441.36723  27.4%     -    8s
     0     0      -    -    -      608.00000  441.37359  27.4%     -    8s
     0     0      -    -    -      608.00000  442.02755  27.3%     -    9s
     0     0      -    -    -      608.00000  442.11837  27.3%     -    9s
     0     0      -    -    -      608.00000  442.15725  27.3%     -    9s
     0     0      -    -    -      608.00000  442.16965  27.3%     -    9s
     0     0      -    -    -      608.00000  442.89671  27.2%     -   10s
     0     0      -    -    -      608.00000  443.01088  27.1%     -   10s
     0     0      -    -    -      608.00000  443.02940  27.1%     -   10s
     0     0      -    -    -      608.00000  443.03683  27.1%     -   10s
     0     0      -    -    -      608.00000  443.76051  27.0%     -   11s
     0     0      -    -    -      608.00000  443.82723  27.0%     -   11s
     0     0      -    -    -      608.00000  443.86158  27.0%     -   11s
     0     0      -    -    -      608.00000  443.87115  27.0%     -   11s
     0     0      -    -    -      608.00000  444.12927  27.0%     -   12s
     0     0      -    -    -      608.00000  444.30510  26.9%     -   12s
     0     0      -    -    -      608.00000  444.32140  26.9%     -   12s
     0     0      -    -    -      608.00000  444.33234  26.9%     -   12s
     0     0      -    -    -      608.00000  444.66501  26.9%     -   13s
     0     0      -    -    -      608.00000  444.73452  26.9%     -   13s
     0     0      -    -    -      608.00000  444.76514  26.8%     -   13s
     0     0      -    -    -      608.00000  444.77287  26.8%     -   13s
     0     0      -    -    -      608.00000  445.10494  26.8%     -   14s
     0     0      -    -    -      608.00000  445.16336  26.8%     -   14s
     0     0      -    -    -      608.00000  445.18400  26.8%     -   14s
     0     0      -    -    -      608.00000  445.20107  26.8%     -   14s
     0     0      -    -    -      608.00000  445.20190  26.8%     -   14s
     0     0      -    -    -      608.00000  445.36502  26.7%     -   15s
     0     0      -    -    -      608.00000  445.45405  26.7%     -   15s
     0     0      -    -    -      608.00000  445.47874  26.7%     -   15s
     0     0      -    -    -      608.00000  445.48288  26.7%     -   15s
     0     0      -    -    -      608.00000  445.80772  26.7%     -   16s
     0     0      -    -    -      608.00000  445.93024  26.7%     -   16s
     0     0      -    -    -      608.00000  445.97160  26.6%     -   16s
     0     0      -    -    -      608.00000  445.97637  26.6%     -   16s
     0     0      -    -    -      608.00000  446.33229  26.6%     -   17s
     0     0      -    -    -      608.00000  446.43137  26.6%     -   17s
     0     0      -    -    -      608.00000  446.44470  26.6%     -   17s
     0     0      -    -    -      608.00000  447.05097  26.5%     -   18s
     0     0      -    -    -      608.00000  447.23806  26.4%     -   18s
     0     0      -    -    -      608.00000  447.26275  26.4%     -   18s
     0     0      -    -    -      608.00000  447.28460  26.4%     -   18s
     0     0      -    -    -      608.00000  447.29050  26.4%     -   19s
     0     0      -    -    -      608.00000  447.58095  26.4%     -   19s
     0     0      -    -    -      608.00000  447.67170  26.4%     -   19s
     0     0      -    -    -      608.00000  447.70459  26.4%     -   20s
     0     0      -    -    -      608.00000  447.70960  26.4%     -   20s
     0     0      -    -    -      608.00000  448.06234  26.3%     -   21s
     0     0      -    -    -      608.00000  448.17021  26.3%     -   21s
     0     0      -    -    -      608.00000  448.20025  26.3%     -   21s
     0     0      -    -    -      608.00000  448.21107  26.3%     -   21s
     0     0      -    -    -      608.00000  448.47324  26.2%     -   22s
     0     0      -    -    -      608.00000  448.55099  26.2%     -   22s
     0     0      -    -    -      608.00000  448.55642  26.2%     -   22s
     0     0      -    -    -      608.00000  448.80141  26.2%     -   23s
     0     0      -    -    -      608.00000  448.89165  26.2%     -   23s
     0     0      -    -    -      608.00000  448.92572  26.2%     -   23s
     0     0      -    -    -      608.00000  448.94127  26.2%     -   23s
     0     0      -    -    -      608.00000  449.32397  26.1%     -   24s
     0     0      -    -    -      608.00000  449.39582  26.1%     -   24s
     0     0      -    -    -      608.00000  449.42103  26.1%     -   24s
     0     0      -    -    -      608.00000  449.43672  26.1%     -   24s
     0     0      -    -    -      608.00000  449.70565  26.0%     -   25s
     0     0      -    -    -      608.00000  449.85255  26.0%     -   25s
     0     0      -    -    -      608.00000  449.89484  26.0%     -   25s
     0     0      -    -    -      608.00000  449.90068  26.0%     -   26s
     0     0      -    -    -      608.00000  450.08022  26.0%     -   26s
     0     0      -    -    -      608.00000  450.13988  26.0%     -   26s
     0     0      -    -    -      608.00000  450.14240  26.0%     -   26s
     0     0      -    -    -      608.00000  450.35468  25.9%     -   27s
     0     0      -    -    -      608.00000  450.42273  25.9%     -   27s
     0     0      -    -    -      608.00000  450.43048  25.9%     -   27s
     0     0      -    -    -      608.00000  450.61192  25.9%     -   28s
     0     0      -    -    -      608.00000  450.65781  25.9%     -   28s
     0     0      -    -    -      608.00000  450.66251  25.9%     -   28s
     0     0      -    -    -      608.00000  450.86912  25.8%     -   29s
     0     0      -    -    -      608.00000  450.92090  25.8%     -   29s
     0     0      -    -    -      608.00000  450.93165  25.8%     -   29s
     0     0      -    -    -      608.00000  451.09591  25.8%     -   30s
     0     0      -    -    -      608.00000  451.09591  25.8%     -   30s
     0     2      -    -    -      608.00000  451.09591  25.8%     -   31s
     1     4      -    -    -      608.00000  451.74777  25.7%     -   35s
     3     6      -    -    -      608.00000  452.25698  25.6%     -   40s
     7    10      -    -    -      608.00000  453.07807  25.5%     -   49s
     9    12      -    -    -      608.00000  453.15763  25.5%     -   52s
    13    16      -    -    -      608.00000  453.16490  25.5%     -   69s
    15    18      -    -    -      608.00000  453.16490  25.5%     -   73s
    17    20      -    -    -      608.00000  453.16490  25.5%     -   76s
    21    24      -    -    -      608.00000  453.16490  25.5%     -   85s
    26    29      -    -    -      608.00000  453.16490  25.5%     -   96s
    31    34      -    -    -      608.00000  453.16490  25.5%     -  104s
    33    36      -    -    -      608.00000  453.16490  25.5%     -  115s
    35    38      -    -    -      608.00000  454.52268  25.2%     -  120s
    37    41      -    -    -      608.00000  454.52268  25.2%     -  126s
    40    47      -    -    -      608.00000  454.52268  25.2%     -  130s
    54    56      -    -    -      608.00000  457.24993  24.8%     -  139s
    63    62      -    -    -      608.00000  457.24993  24.8%     -  142s
    71    63      -    -    -      608.00000  457.24993  24.8%     -  148s
    76    67      -    -    -      608.00000  457.24993  24.8%     -  153s
    80    70      -    -    -      608.00000  458.09659  24.7%     -  159s
    83    74      -    -    -      608.00000  458.51658  24.6%     -  169s
    87    77      -    -    -      608.00000  458.51658  24.6%     -  175s
    90    81      -    -    -      608.00000  461.44725  24.1%     -  191s
    94    83      -    -    -      608.00000  461.44725  24.1%     -  198s
    96    88      -    -    -      608.00000  461.44725  24.1%     -  204s
   101    94      -    -    -      608.00000  461.44725  24.1%     -  211s
   107   100      -    -    -      608.00000  461.44725  24.1%     -  216s
   113   112      -    -    -      608.00000  461.44725  24.1%     -  222s
   129   109      -    -    -      608.00000  462.80131  23.9%     -  230s
   138   114      -    -    -      608.00000  462.81040  23.9%     -  236s
   143   118      -    -    -      608.00000  464.53427  23.6%     -  244s
   147   121      -    -    -      608.00000  464.53427  23.6%     -  252s
   150   124      -    -    -      608.00000  464.53427  23.6%     -  268s
   153   127      -    -    -      608.00000  464.53427  23.6%     -  277s
   156   133      -    -    -      608.00000  464.53427  23.6%     -  285s
   162   144      -    -    -      608.00000  465.75694  23.4%     -  295s
   173   166      -    -    -      608.00000  466.64794  23.2%     -  301s
   209   166      -    -    -      608.00000  466.64794  23.2%     -  309s
   217   169      -    -    -      608.00000  466.64794  23.2%     -  316s
   220   172      -    -    -      608.00000  466.64794  23.2%     -  322s
   223   176      -    -    -      608.00000  466.64794  23.2%     -  334s
   227   185      -    -    -      608.00000  466.64794  23.2%     -  342s
   236   193      -    -    -      608.00000  466.64794  23.2%     -  348s
   284   189      -    -    -      608.00000  467.29646  23.1%     -  414s
   320   193      -    -    -      608.00000  467.29646  23.1%     -  427s
   324   197      -    -    -      608.00000  467.29646  23.1%     -  435s
   328   209      -    -    -      608.00000  468.27335  23.0%     -  449s
   360   211      -    -    -      608.00000  468.27335  23.0%     -  459s
   366   218      -    -    -      608.00000  468.27335  23.0%     -  468s
   373   225      -    -    -      608.00000  468.27335  23.0%     -  481s
   380   234      -    -    -      608.00000  468.27335  23.0%     -  492s
   389   254      -    -    -      608.00000  468.27335  23.0%     -  504s
   419   261      -    -    -      608.00000  468.27335  23.0%     -  514s
   434   264      -    -    -      608.00000  469.24445  22.8%     -  529s
   441   268      -    -    -      608.00000  469.24445  22.8%     -  541s
   445   281      -    -    -      608.00000  469.24445  22.8%     -  558s
   468   294      -    -    -      608.00000  469.24445  22.8%     -  571s
   481   307      -    -    -      608.00000  469.24445  22.8%     -  584s
   496   309      -    -    -      608.00000  469.24445  22.8%     -  602s
   524   317      -    -    -      608.00000  469.24445  22.8%     -  616s
   534   328      -    -    -      608.00000  469.24445  22.8%     -  631s
   545   343      -    -    -      608.00000  470.25626  22.7%     -  646s
   560   361      -    -    -      608.00000  470.25626  22.7%     -  662s
   584   366      -    -    -      608.00000  470.29430  22.6%     -  678s
   599   383      -    -    -      608.00000  470.29430  22.6%     -  693s
   616   407      -    -    -      608.00000  471.10584  22.5%     -  707s
   640   420      -    -    -      608.00000  471.66816  22.4%     -  723s
   661   430      -    -    -      608.00000  471.66816  22.4%     -  741s
   681   447      -    -    -      608.00000  471.66816  22.4%     -  757s
   698   453      -    -    -      608.00000  471.66816  22.4%     -  788s
   716   466      -    -    -      608.00000  471.79883  22.4%     -  805s
   742   467      -    -    -      608.00000  472.49825  22.3%     -  878s
   744   468      -    -    -      608.00000  472.49825  22.3%     -  881s
   745   469      -    -    -      608.00000  472.49825  22.3%     -  894s
   746   470      -    -    -      608.00000  472.49825  22.3%     -  895s
   750   472      -    -    -      608.00000  473.68531  22.1%     -  900s
   753   474      -    -    -      608.00000  473.68531  22.1%     -  908s
   754   475      -    -    -      608.00000  473.68531  22.1%     -  912s
   756   476      -    -    -      608.00000  473.68531  22.1%     -  918s
   757   477      -    -    -      608.00000  473.68531  22.1%     -  923s
   758   478      -    -    -      608.00000  473.68531  22.1%     -  928s
   759   478      -    -    -      608.00000  473.68531  22.1%     -  930s
   760   482      -    -    -      608.00000  473.68531  22.1%     -  938s
   762   483      -    -    -      608.00000  474.30203  22.0%     -  942s
   764   485      -    -    -      608.00000  474.30212  22.0%     -  948s
   766   486      -    -    -      608.00000  475.69982  21.8%     -  951s
   768   487      -    -    -      608.00000  475.69982  21.8%     -  957s
   770   489      -    -    -      608.00000  475.69982  21.8%     -  961s
   772   490      -    -    -      608.00000  475.69982  21.8%     -  975s
   776   493      -    -    -      608.00000  475.69982  21.8%     -  984s
   778   495      -    -    -      608.00000  475.69982  21.8%     -  992s
   781   496      -    -    -      608.00000  475.69982  21.8%     -  999s
   783   497      -    -    -      608.00000  475.69982  21.8%     - 1004s
   785   499      -    -    -      608.00000  475.69982  21.8%     - 1015s
   787   501      -    -    -      608.00000  475.69982  21.8%     - 1020s
   790   504      -    -    -      608.00000  475.69982  21.8%     - 1026s
   794   506      -    -    -      608.00000  475.69982  21.8%     - 1030s
   797   508      -    -    -      608.00000  475.69982  21.8%     - 1036s
   800   511      -    -    -      608.00000  475.69982  21.8%     - 1042s
   804   513      -    -    -      608.00000  475.69982  21.8%     - 1049s
   808   514      -    -    -      608.00000  475.69982  21.8%     - 1085s
   810   515      -    -    -      608.00000  475.69982  21.8%     - 1090s
   812   520      -    -    -      608.00000  475.69982  21.8%     - 1096s
   817   522      -    -    -      608.00000  475.72827  21.8%     - 1102s
   821   526      -    -    -      608.00000  475.72827  21.8%     - 1108s
   826   527      -    -    -      608.00000  475.72827  21.8%     - 1115s
   829   531      -    -    -      608.00000  475.72827  21.8%     - 1124s
   834   534      -    -    -      608.00000  475.72827  21.8%     - 1131s
   839   538      -    -    -      608.00000  477.19989  21.5%     - 1139s
   844   543      -    -    -      608.00000  477.19989  21.5%     - 1148s
   851   547      -    -    -      608.00000  477.19989  21.5%     - 1156s
   857   550      -    -    -      608.00000  477.19989  21.5%     - 1165s
   868   551      -    -    -      608.00000  477.19989  21.5%     - 1175s
   883   553      -    -    -      608.00000  477.19989  21.5%     - 1185s
   890   558      -    -    -      608.00000  478.20770  21.3%     - 1195s
   897   563      -    -    -      608.00000  478.20770  21.3%     - 1205s
   905   566      -    -    -      608.00000  478.20770  21.3%     - 1216s
   912   568      -    -    -      608.00000  478.20770  21.3%     - 1225s
   921   569      -    -    -      608.00000  478.92238  21.2%     - 1238s
   931   575      -    -    -      608.00000  479.06518  21.2%     - 1249s
   940   585      -    -    -      608.00000  479.06518  21.2%     - 1261s
   953   593      -    -    -      608.00000  479.06518  21.2%     - 1272s
   965   603      -    -    -      608.00000  481.59608  20.8%     - 1285s
   981   611      -    -    -      608.00000  481.59608  20.8%     - 1302s
  1009   613      -    -    -      608.00000  481.59608  20.8%     - 1321s
  1028   620      -    -    -      608.00000  481.59608  20.8%     - 1337s
  1041   635      -    -    -      608.00000  482.06450  20.7%     - 1355s
  1061   645      -    -    -      608.00000  482.06450  20.7%     - 1370s
  1077   657      -    -    -      608.00000  483.10010  20.5%     - 1401s
  1103   656      -    -    -      608.00000  483.10010  20.5%     - 1418s
  1118   667      -    -    -      608.00000  483.10010  20.5%     - 1436s
  1134   675      -    -    -      608.00000  483.48920  20.5%     - 1474s
  1166   682      -    -    -      608.00000  484.68177  20.3%     - 1494s
  1191   687      -    -    -      608.00000  484.90005  20.2%     - 1516s
  1215   700      -    -    -      608.00000  485.13725  20.2%     - 1542s
  1236   717      -    -    -      608.00000  485.13725  20.2%     - 1564s
  1264   720      -    -    -      608.00000  485.61695  20.1%     - 1588s
  1292   735      -    -    -      608.00000  485.79712  20.1%     - 1613s
  1316   752      -    -    -      608.00000  486.85367  19.9%     - 1641s
  1349   759      -    -    -      608.00000  486.85367  19.9%     - 1667s
  1379   764      -    -    -      608.00000  487.09753  19.9%     - 1694s
  1400   805      -    -    -      608.00000  487.09753  19.9%     - 1722s
  1450   803      -    -    -      608.00000  487.42904  19.8%     - 1752s
  1479   824      -    -    -      608.00000  487.42904  19.8%     - 1786s
  1520   833      -    -    -      608.00000  488.44148  19.7%     - 1817s
  1550   858      -    -    -      608.00000  491.90885  19.1%     - 1850s
  1587   850      -    -    -      608.00000  492.61009  19.0%     - 1892s
  1614   856      -    -    -      608.00000  492.61009  19.0%     - 1930s
  1637   870      -    -    -      608.00000  492.85354  18.9%     - 1972s
  1670   884      -    -    -      608.00000  492.85354  18.9%     - 2014s
  1703   895      -    -    -      608.00000  493.56629  18.8%     - 2054s
  1741   904      -    -    -      608.00000  493.77179  18.8%     - 2095s
  1763   903      -    -    -      608.00000  493.77179  18.8%     - 2138s
  1807   914      -    -    -      608.00000  493.79295  18.8%     - 2185s
  1851   947      -    -    -      608.00000  494.13975  18.7%     - 2237s
  1914   973      -    -    -      608.00000  494.49251  18.7%     - 2288s
  1975   988      -    -    -      608.00000  494.84248  18.6%     - 2341s
  2020  1015      -    -    -      608.00000  494.97952  18.6%     - 2390s
  2070  1038      -    -    -      608.00000  494.97952  18.6%     - 2445s
  2134  1073      -    -    -      608.00000  495.06407  18.6%     - 2503s
  2210  1097      -    -    -      608.00000  495.16866  18.6%     - 2551s
  2254  1143      -    -    -      608.00000  495.80196  18.5%     - 2609s
  2344  1200      -    -    -      608.00000  495.80196  18.5%     - 2675s
  2417  1233      -    -    -      608.00000  495.80196  18.5%     - 2735s
  2471  1285      -    -    -      608.00000  496.01099  18.4%     - 2809s
  2523  1342      -    -    -      608.00000  496.54017  18.3%     - 2878s
  2602  1410      -    -    -      608.00000  496.77997  18.3%     - 2949s
  2694  1439      -    -    -      608.00000  497.05683  18.2%     - 3029s
  2745  1488      -    -    -      608.00000  497.54403  18.2%     - 3115s
  2811  1509      -    -    -      608.00000  497.75159  18.1%     - 3208s
  2854  1569      -    -    -      608.00000  498.15736  18.1%     - 3306s
  2940  1616      -    -    -      608.00000  498.36791  18.0%     - 3402s
  3003  1676      -    -    -      608.00000  500.16404  17.7%     - 3500s
  3087  1732      -    -    -      608.00000  500.39253  17.7%     - 3607s
  3185  1734      -    -    -      608.00000  501.63712  17.5%     - 3853s
  3187  1815      -    -    -      608.00000  501.69223  17.5%     - 3959s
  3302  1921      -    -    -      608.00000  502.24527  17.4%     - 4065s
  3440  2008      -    -    -      608.00000  502.82999  17.3%     - 4171s
  3561  2100      -    -    -      608.00000  503.24626  17.2%     - 4261s
  3673  2207      -    -    -      608.00000  503.24626  17.2%     - 4376s
  3821  2308      -    -    -      608.00000  503.80010  17.1%     - 4496s
  3970  2411      -    -    -      608.00000  504.03674  17.1%     - 4601s
  4105  2508      -    -    -      608.00000  504.86488  17.0%     - 4734s
  4242  2585      -    -    -      608.00000  505.29320  16.9%     - 4864s
  4379  2706      -    -    -      608.00000  505.56830  16.8%     - 4992s
  4518  2798      -    -    -      608.00000  505.89322  16.8%     - 5152s
  4684  2901      -    -    -      608.00000  506.60159  16.7%     - 5327s
  4835  3030      -    -    -      608.00000  506.60159  16.7%     - 5475s
  4988  3127      -    -    -      608.00000  506.95347  16.6%     - 5638s
  5150  3241      -    -    -      608.00000  507.76095  16.5%     - 5802s
  5298  3384      -    -    -      608.00000  508.45936  16.4%     - 5990s
  5508  3503      -    -    -      608.00000  508.94000  16.3%     - 6180s
  5713  3575      -    -    -      608.00000  510.67201  16.0%     - 6875s
  5857  3714      -    -    -      608.00000  510.99377  16.0%     - 7086s
  6079  3873      -    -    -      608.00000  511.24177  15.9%     - 7280s
  6324  4057      -    -    -      608.00000  511.91938  15.8%     - 7482s
  6581  4140      -    -    -      608.00000  512.68769  15.7%     - 7682s
  6800  4296      -    -    -      608.00000  513.00335  15.6%     - 7889s

Gurobi 10.0.3 (linux64) logging started Wed Sep  4 11:58:14 2024

Set parameter LogFile to value "local/logs/w6-k1-s2.log"
Set parameter PoolSearchMode to value 2
Set parameter PoolSolutions to value 1
Set parameter PoolGap to value 0
Set parameter Method to value 3
Set parameter ConcurrentMIP to value 64
Set parameter TimeLimit to value 14400
Set parameter Heuristics to value 0.95
Set parameter MIPFocus to value 1
Set parameter Threads to value 128
Set parameter Threads to value 128
Warning: variable name "x_(000000, 0)" has a space
Warning: default variable names used to write mps file
Gurobi Optimizer version 10.0.3 build v10.0.3rc0 (linux64)

CPU model: AMD EPYC 7742 64-Core Processor, instruction set [SSE2|AVX|AVX2]
Thread count: 64 physical cores, 128 logical processors, using up to 128 threads

Academic license 2533279 - for non-commercial use only - registered to bl___@rice.edu
Optimize a model with 12352 rows, 2432 columns and 24960 nonzeros
Model fingerprint: 0x895a4788
Variable types: 0 continuous, 2432 integer (2432 binary)
Coefficient statistics:
  Matrix range     [1e+00, 1e+00]
  Objective range  [1e+00, 1e+00]
  Bounds range     [1e+00, 1e+00]
  RHS range        [1e+00, 1e+00]

Concurrent MIP optimizer: 64 concurrent instances (2 threads per instance)


User MIP start produced solution with objective 608 (0.54s)
Loaded user MIP start with objective 608

Presolve removed 376 rows and 2 columns
Presolve time: 0.10s
Presolved: 11976 rows, 2430 columns, 24556 nonzeros
Variable types: 0 continuous, 2430 integer (2430 binary)

Concurrent LP optimizer: dual simplex and barrier
Showing barrier log only...

Root relaxation presolved: 11976 rows, 2430 columns, 24556 nonzeros

Root barrier log...

Ordering time: 0.09s

Barrier performed 0 iterations in 0.77 seconds (0.10 work units)
Barrier solve interrupted - model solved by another algorithm


Solved with dual simplex

Root relaxation: objective 3.946667e+02, 993 iterations, 0.12 seconds (0.11 work units)

    Nodes    |    Current Node    |     Objective Bounds      |     Work
 Expl Unexpl |  Obj  Depth IntInf | Incumbent    BestBd   Gap | It/Node Time

     0     0      -    -    -      608.00000  394.66667  35.1%     -    0s
     0     0      -    -    -      608.00000  428.31250  29.6%     -    4s
     0     0      -    -    -      608.00000  429.11111  29.4%     -    4s
     0     0      -    -    -      608.00000  429.11111  29.4%     -    4s
     0     0      -    -    -      608.00000  432.92361  28.8%     -    5s
     0     0      -    -    -      608.00000  433.84028  28.6%     -    5s
     0     0      -    -    -      608.00000  434.05247  28.6%     -    5s
     0     0      -    -    -      608.00000  434.05556  28.6%     -    5s
     0     0      -    -    -      608.00000  437.46812  28.0%     -    6s
     0     0      -    -    -      608.00000  437.99053  28.0%     -    6s
     0     0      -    -    -      608.00000  438.06910  27.9%     -    7s
     0     0      -    -    -      608.00000  438.10746  27.9%     -    7s
     0     0      -    -    -      608.00000  438.11324  27.9%     -    7s
     0     0      -    -    -      608.00000  440.20000  27.6%     -    8s
     0     0      -    -    -      608.00000  440.93726  27.5%     -    8s
     0     0      -    -    -      608.00000  440.97741  27.5%     -    8s
     0     0      -    -    -      608.00000  441.01815  27.5%     -    8s
     0     0      -    -    -      608.00000  441.03750  27.5%     -    8s
     0     0      -    -    -      608.00000  441.04057  27.5%     -    8s
     0     0      -    -    -      608.00000  441.85850  27.3%     -    9s
     0     2      -    -    -      608.00000  443.85648  27.0%     -  683s
     3     6      -    -    -      608.00000  443.86275  27.0%     -  685s
     9    12      -    -    -      608.00000  452.09167  25.6%     -  707s
    13    16      -    -    -      608.00000  452.09167  25.6%     -  711s
    19    22      -    -    -      608.00000  452.09167  25.6%     -  715s
    25    28      -    -    -      608.00000  452.09167  25.6%     -  720s
    27    30      -    -    -      608.00000  452.09167  25.6%     -  731s
    34    38      -    -    -      608.00000  452.09167  25.6%     -  736s
    37    40      -    -    -      608.00000  452.09167  25.6%     -  740s
    44    49      -    -    -      608.00000  452.09167  25.6%     -  746s
    53    54      -    -    -      608.00000  452.09167  25.6%     -  751s
    65    63      -    -    -      608.00000  452.09167  25.6%     -  756s
    74    65      -    -    -      608.00000  452.09167  25.6%     -  761s
    80    69      -    -    -      608.00000  452.09167  25.6%     -  783s
    84    74      -    -    -      608.00000  452.09167  25.6%     -  786s
    89    78      -    -    -      608.00000  452.09167  25.6%     -  811s
    96    86      -    -    -      608.00000  452.09167  25.6%     -  818s
   101    88      -    -    -      608.00000  452.09167  25.6%     -  835s
   103    94      -    -    -      608.00000  452.09167  25.6%     -  840s
   117   105      -    -    -      608.00000  452.09167  25.6%     -  848s
   124   106      -    -    -      608.00000  452.09167  25.6%     -  854s
   133   114      -    -    -      608.00000  454.75000  25.2%     -  925s
   141   118      -    -    -      608.00000  454.75000  25.2%     - 1004s
   145   128      -    -    -      608.00000  454.75000  25.2%     - 1009s
   165   139      -    -    -      608.00000  454.75000  25.2%     - 1016s
   176   152      -    -    -      608.00000  454.75000  25.2%     - 1022s
   189   164      -    -    -      608.00000  454.75000  25.2%     - 1028s
   201   168      -    -    -      608.00000  454.75000  25.2%     - 1039s
   205   182      -    -    -      608.00000  454.75000  25.2%     - 1045s
   219   190      -    -    -      608.00000  454.75000  25.2%     - 1051s
   231   188      -    -    -      608.00000  454.75000  25.2%     - 1057s
   256   194      -    -    -      608.00000  454.90514  25.2%     - 1064s
   270   205      -    -    -      608.00000  454.90514  25.2%     - 1071s
   281   221      -    -    -      608.00000  455.06057  25.2%     - 1079s
   319   232      -    -    -      608.00000  455.78764  25.0%     - 1924s
   340   245      -    -    -      608.00000  455.78764  25.0%     - 1934s
   363   253      -    -    -      608.00000  455.78764  25.0%     - 1948s
   375   258      -    -    -      608.00000  455.78764  25.0%     - 1964s
   380   266      -    -    -      608.00000  455.78764  25.0%     - 2006s
   388   270      -    -    -      608.00000  455.78764  25.0%     - 2045s
   398   274      -    -    -      608.00000  458.64917  24.6%     - 3160s
   408   280      -    -    -      608.00000  458.64917  24.6%     - 3185s
   414   286      -    -    -      608.00000  458.64917  24.6%     - 3228s
   420   290      -    -    -      608.00000  458.64917  24.6%     - 3256s
   424   294      -    -    -      608.00000  458.64917  24.6%     - 3279s
   428   300      -    -    -      608.00000  458.64917  24.6%     - 3298s
   437   305      -    -    -      608.00000  458.64917  24.6%     - 3323s
   450   312      -    -    -      608.00000  458.64917  24.6%     - 3344s
   467   346      -    -    -      608.00000  458.64917  24.6%     - 3361s
   513   366      -    -    -      608.00000  458.64917  24.6%     - 3379s
   555   400      -    -    -      608.00000  458.64917  24.6%     - 3397s
   605   404      -    -    -      608.00000  458.64917  24.6%     - 3424s
   609   433      -    -    -      608.00000  458.64917  24.6%     - 3444s
   644   470      -    -    -      608.00000  458.64917  24.6%     - 3464s
   697   477      -    -    -      608.00000  459.97389  24.3%     - 4438s
   712   511      -    -    -      608.00000  459.97389  24.3%     - 4461s
   763   512      -    -    -      608.00000  460.11432  24.3%     - 4758s
   765   513      -    -    -      608.00000  460.11432  24.3%     - 4760s
   766   514      -    -    -      608.00000  460.11432  24.3%     - 4765s
   775   520      -    -    -      608.00000  460.11432  24.3%     - 4770s
   781   524      -    -    -      608.00000  460.11432  24.3%     - 4775s
   783   525      -    -    -      608.00000  460.29761  24.3%     - 5717s
   784   529      -    -    -      608.00000  460.29761  24.3%     - 5721s
   788   532      -    -    -      608.00000  460.29761  24.3%     - 5725s
   794   536      -    -    -      608.00000  460.29761  24.3%     - 5731s
   796   537      -    -    -      608.00000  460.29761  24.3%     - 5736s
   800   540      -    -    -      608.00000  460.91385  24.2%     - 6751s
   805   544      -    -    -      608.00000  460.91385  24.2%     - 6757s
   808   545      -    -    -      608.00000  460.91385  24.2%     - 6771s
   810   548      -    -    -      608.00000  460.91385  24.2%     - 6775s
   818   552      -    -    -      608.00000  460.91385  24.2%     - 6784s
   820   554      -    -    -      608.00000  460.91385  24.2%     - 6797s
   823   558      -    -    -      608.00000  460.91385  24.2%     - 6843s
   828   559      -    -    -      608.00000  460.91385  24.2%     - 6896s
   831   560      -    -    -      608.00000  460.91385  24.2%     - 6938s
   833   563      -    -    -      608.00000  460.91385  24.2%     - 6956s
   836   564      -    -    -      608.00000  460.91385  24.2%     - 6983s
   838   565      -    -    -      608.00000  460.91385  24.2%     - 7007s
   840   567      -    -    -      608.00000  460.91385  24.2%     - 7030s
   843   568      -    -    -      608.00000  460.91385  24.2%     - 7056s
   845   568      -    -    -      608.00000  460.91385  24.2%     - 7075s
   853   567      -    -    -      608.00000  460.91385  24.2%     - 7086s
   861   569      -    -    -      608.00000  460.91385  24.2%     - 7092s
   872   570      -    -    -      608.00000  460.91385  24.2%     - 7099s
   884   569      -    -    -      608.00000  460.91385  24.2%     - 7109s
   887   578      -    -    -      608.00000  462.17305  24.0%     - 7159s
   897   582      -    -    -      608.00000  464.03461  23.7%     - 8116s
   905   592      -    -    -      608.00000  464.03461  23.7%     - 8135s
   923   605      -    -    -      608.00000  464.03461  23.7%     - 8147s
   944   612      -    -    -      608.00000  464.03461  23.7%     - 8160s
   960   613      -    -    -      608.00000  464.03461  23.7%     - 8210s
   977   616      -    -    -      608.00000  464.03461  23.7%     - 8250s
   985   625      -    -    -      608.00000  464.03461  23.7%     - 8291s
   997   630      -    -    -      608.00000  464.03461  23.7%     - 8322s
  1018   642      -    -    -      608.00000  464.03461  23.7%     - 8337s
  1047   652      -    -    -      608.00000  464.03461  23.7%     - 8354s
  1091   645      -    -    -      608.00000  465.64424  23.4%     - 9647s
  1114   648      -    -    -      608.00000  465.64424  23.4%     - 9688s
  1139   652      -    -    -      608.00000  465.64424  23.4%     - 9720s
  1151   672      -    -    -      608.00000  465.64424  23.4%     - 9748s
  1193   674      -    -    -      608.00000  467.30398  23.1%     - 11245s
  1209   710      -    -    -      608.00000  467.30398  23.1%     - 11275s
  1269   699      -    -    -      608.00000  468.84442  22.9%     - 11441s
  1278   698      -    -    -      608.00000  470.48688  22.6%     - 11583s
  1280   720      -    -    -      608.00000  472.22006  22.3%     - 13213s
  1322   771      -    -    -      608.00000  472.22006  22.3%     - 13252s
  1403   804      -    -    -      608.00000  472.22006  22.3%     - 13294s
  1487   804      -    -    -      608.00000  472.98808  22.2%     - 14400s

Cutting planes:
  Gomory: 1
  Flow cover: 1
  Zero half: 182
  RLT: 646

Instance 20 was solved

Explored 2851 nodes (7334452 simplex iterations) in 14400.45 seconds (30218.75 work units)
Thread count was 2 (of 128 available processors)

Solution count 1: 608 

Time limit reached
Best objective 6.080000000000e+02, best bound 4.740000000000e+02, gap 22.0395%

Gurobi 10.0.3 (linux64) logging started Wed Sep  4 22:06:47 2024

Set parameter LogFile to value "local/logs/w6-k1-s2.log"
Set parameter PoolSearchMode to value 2
Set parameter PoolSolutions to value 1
Set parameter PoolGap to value 0
Set parameter Method to value 3
Set parameter ConcurrentMIP to value 64
Set parameter TimeLimit to value 14400
Set parameter Heuristics to value 0.95
Set parameter MIPFocus to value 1
Set parameter Threads to value 128
Set parameter Threads to value 128
Warning: variable name "x_(000000, 0)" has a space
Warning: default variable names used to write mps file
Gurobi Optimizer version 10.0.3 build v10.0.3rc0 (linux64)

CPU model: AMD EPYC 7742 64-Core Processor, instruction set [SSE2|AVX|AVX2]
Thread count: 64 physical cores, 128 logical processors, using up to 128 threads

Academic license 2533279 - for non-commercial use only - registered to bl___@rice.edu
Optimize a model with 12353 rows, 2560 columns and 25088 nonzeros
Model fingerprint: 0x070562e4
Model has 640 general constraints
Variable types: 0 continuous, 2560 integer (2560 binary)
Coefficient statistics:
  Matrix range     [1e+00, 1e+00]
  Objective range  [1e+00, 1e+00]
  Bounds range     [1e+00, 1e+00]
  RHS range        [1e+00, 4e+01]
  GenCon coe range [1e+00, 1e+00]

Concurrent MIP optimizer: 64 concurrent instances (2 threads per instance)


User MIP start produced solution with objective 608 (0.84s)
Loaded user MIP start with objective 608

Presolve added 1539 rows and 637 columns
Presolve time: 0.16s
Presolved: 13892 rows, 3197 columns, 29773 nonzeros
Variable types: 0 continuous, 3197 integer (3197 binary)

Concurrent LP optimizer: dual simplex and barrier
Showing barrier log only...

Root relaxation presolved: 13892 rows, 3197 columns, 29773 nonzeros

Root barrier log...

Ordering time: 0.24s

Barrier statistics:
 AA' NZ     : 1.562e+05
 Factor NZ  : 1.970e+06 (roughly 20 MB of memory)
 Factor Ops : 7.985e+08 (less than 1 second per iteration)
 Threads    : 1

Barrier performed 0 iterations in 1.33 seconds (0.24 work units)
Barrier solve interrupted - model solved by another algorithm


Solved with dual simplex

Root relaxation: objective 3.946667e+02, 2853 iterations, 0.32 seconds (0.25 work units)

    Nodes    |    Current Node    |     Objective Bounds      |     Work
 Expl Unexpl |  Obj  Depth IntInf | Incumbent    BestBd   Gap | It/Node Time

     0     0      -    -    -      608.00000  394.66667  35.1%     -    1s
     0     0      -    -    -      608.00000  420.11458  30.9%     -    4s
     0     0      -    -    -      608.00000  421.85417  30.6%     -    5s
     0     0      -    -    -      608.00000  421.85417  30.6%     -    5s
     0     0      -    -    -      608.00000  430.50000  29.2%     -    7s
     0     0      -    -    -      608.00000  431.75000  29.0%     -    8s
     0     0      -    -    -      608.00000  431.77778  29.0%     -    8s
     0     0      -    -    -      608.00000  434.75000  28.5%     -   10s
     0     0      -    -    -      608.00000  434.79167  28.5%     -   10s
     0     0      -    -    -      608.00000  434.83333  28.5%     -   10s
     0     0      -    -    -      608.00000  434.86458  28.5%     -   10s
     0     0      -    -    -      608.00000  434.86458  28.5%     -   11s
     0     0      -    -    -      608.00000  436.83333  28.2%     -   12s
     0     0      -    -    -      608.00000  437.12500  28.1%     -   13s
     0     0      -    -    -      608.00000  437.26923  28.1%     -   13s
     0     0      -    -    -      608.00000  437.26923  28.1%     -   13s
     0     0      -    -    -      608.00000  441.86612  27.3%     -   16s
     0     2      -    -    -      608.00000  442.97917  27.1%     -   26s
     3     6      -    -    -      608.00000  442.97917  27.1%     -   33s
     5     8      -    -    -      608.00000  442.97917  27.1%     -   35s
     9    12      -    -    -      608.00000  442.97917  27.1%     -   40s
    11    14      -    -    -      608.00000  442.97917  27.1%     -   45s
    13    16      -    -    -      608.00000  442.97917  27.1%     -   52s
    17    21      -    -    -      608.00000  442.97917  27.1%     -   56s
    22    26      -    -    -      608.00000  442.97917  27.1%     -   61s
    28    32      -    -    -      608.00000  442.97917  27.1%     -   66s
    33    36      -    -    -      608.00000  442.97917  27.1%     -   70s
    38    43      -    -    -      608.00000  442.97917  27.1%     -   76s
    46    51      -    -    -      608.00000  442.97917  27.1%     -   82s
    50    54      -    -    -      608.00000  442.97917  27.1%     -   85s
    56    59      -    -    -      608.00000  445.86111  26.7%     -   93s
    60    60      -    -    -      608.00000  445.86111  26.7%     -   95s
    63    61      -    -    -      608.00000  446.84091  26.5%     -  100s
    68    61      -    -    -      608.00000  448.88889  26.2%     -  106s
    72    63      -    -    -      608.00000  448.88889  26.2%     -  113s
    74    68      -    -    -      608.00000  448.88889  26.2%     -  116s
    82    74      -    -    -      608.00000  448.88889  26.2%     -  129s
    85    78      -    -    -      608.00000  448.88889  26.2%     -  135s
    89    84      -    -    -      608.00000  448.88889  26.2%     -  140s
    95    87      -    -    -      608.00000  448.88889  26.2%     -  145s
    98    89      -    -    -      608.00000  448.88889  26.2%     -  153s
   100    92      -    -    -      608.00000  448.88889  26.2%     -  160s
   103    98      -    -    -      608.00000  448.88889  26.2%     -  165s
   109   104      -    -    -      608.00000  448.88889  26.2%     -  170s
   115   110      -    -    -      608.00000  450.84091  25.8%     -  177s
   123   110      -    -    -      608.00000  450.84091  25.8%     -  181s
   129   118      -    -    -      608.00000  450.84091  25.8%     -  187s
   139   118      -    -    -      608.00000  450.84091  25.8%     -  194s
   147   120      -    -    -      608.00000  451.12500  25.8%     -  233s
   149   115      -    -    -      608.00000  451.12500  25.8%     -  239s
   158   118      -    -    -      608.00000  451.66667  25.7%     -  247s
   161   120      -    -    -      608.00000  451.66667  25.7%     -  255s
   171   115      -    -    -      608.00000  451.66667  25.7%     -  263s
   180   115      -    -    -      608.00000  451.66667  25.7%     -  270s
   193   122      -    -    -      608.00000  451.66667  25.7%     -  279s
   200   128      -    -    -      608.00000  451.83333  25.7%     -  289s
   206   137      -    -    -      608.00000  451.83333  25.7%     -  297s
   215   151      -    -    -      608.00000  451.83333  25.7%     -  306s
   229   169      -    -    -      608.00000  452.00000  25.7%     -  318s
   247   174      -    -    -      608.00000  452.08333  25.6%     -  328s
   266   186      -    -    -      608.00000  452.40278  25.6%     -  338s
   280   196      -    -    -      608.00000  452.40278  25.6%     -  349s
   290   207      -    -    -      608.00000  453.57031  25.4%     -  380s
   301   215      -    -    -      608.00000  453.57031  25.4%     -  394s
   309   226      -    -    -      608.00000  453.94676  25.3%     -  407s
   326   237      -    -    -      608.00000  453.94676  25.3%     -  464s
   339   245      -    -    -      608.00000  453.94676  25.3%     -  479s
   359   266      -    -    -      608.00000  453.94676  25.3%     -  493s
   380   281      -    -    -      608.00000  453.94676  25.3%     -  507s
   403   301      -    -    -      608.00000  454.19792  25.3%     -  521s
   425   306      -    -    -      608.00000  454.19792  25.3%     -  554s
   446   318      -    -    -      608.00000  456.96548  24.8%     -  602s
   458   335      -    -    -      608.00000  456.96548  24.8%     -  620s
   497   364      -    -    -      608.00000  456.96548  24.8%     -  638s
   526   389      -    -    -      608.00000  456.96548  24.8%     -  655s
   567   415      -    -    -      608.00000  456.96548  24.8%     -  674s
   597   436      -    -    -      608.00000  456.96548  24.8%     -  696s
   628   459      -    -    -      608.00000  458.57143  24.6%     -  720s
   661   480      -    -    -      608.00000  458.57143  24.6%     -  751s
   693   503      -    -    -      608.00000  458.83333  24.5%     -  773s
   729   504      -    -    -      608.00000  458.83333  24.5%     -  783s
   731   505      -    -    -      608.00000  458.83333  24.5%     -  786s
   732   506      -    -    -      608.00000  458.83333  24.5%     -  791s
   734   507      -    -    -      608.00000  458.83333  24.5%     -  795s
   740   511      -    -    -      608.00000  458.83333  24.5%     -  801s
   744   514      -    -    -      608.00000  458.83333  24.5%     -  806s
   746   515      -    -    -      608.00000  458.83333  24.5%     -  818s
   747   519      -    -    -      608.00000  458.83333  24.5%     -  824s
   749   520      -    -    -      608.00000  458.83333  24.5%     -  826s
   753   523      -    -    -      608.00000  458.83333  24.5%     -  835s
   755   524      -    -    -      608.00000  458.83333  24.5%     -  840s
   759   527      -    -    -      608.00000  458.83333  24.5%     -  850s
   764   530      -    -    -      608.00000  458.83333  24.5%     -  858s
   766   532      -    -    -      608.00000  458.83333  24.5%     -  861s
   768   533      -    -    -      608.00000  458.83333  24.5%     -  865s
   772   536      -    -    -      608.00000  458.83333  24.5%     -  873s
   774   538      -    -    -      608.00000  458.83333  24.5%     -  879s
   777   539      -    -    -      608.00000  458.83333  24.5%     -  881s
   779   541      -    -    -      608.00000  458.83333  24.5%     -  886s
   782   542      -    -    -      608.00000  458.83333  24.5%     -  890s
   784   545      -    -    -      608.00000  458.83333  24.5%     -  898s
   787   546      -    -    -      608.00000  458.83333  24.5%     -  907s
   789   547      -    -    -      608.00000  458.83333  24.5%     -  915s
   801   563      -    -    -      608.00000  458.83333  24.5%     -  921s
   825   553      -    -    -      608.00000  458.83333  24.5%     -  926s
   842   558      -    -    -      608.00000  458.83333  24.5%     -  931s
   848   560      -    -    -      608.00000  458.83333  24.5%     -  937s
   852   563      -    -    -      608.00000  458.83333  24.5%     -  941s
   856   566      -    -    -      608.00000  458.83333  24.5%     -  946s
   860   569      -    -    -      608.00000  458.83333  24.5%     -  950s
   870   577      -    -    -      608.00000  458.83333  24.5%     -  958s
   876   582      -    -    -      608.00000  458.83333  24.5%     -  961s
   883   587      -    -    -      608.00000  458.83333  24.5%     -  965s
   896   593      -    -    -      608.00000  458.83333  24.5%     -  972s
   901   599      -    -    -      608.00000  458.83333  24.5%     -  977s
   908   600      -    -    -      608.00000  458.83333  24.5%     -  982s
   912   606      -    -    -      608.00000  458.83333  24.5%     -  987s
   919   613      -    -    -      608.00000  458.83333  24.5%     -  993s
   928   617      -    -    -      608.00000  458.83333  24.5%     -  999s
   935   620      -    -    -      608.00000  458.83333  24.5%     - 1003s
   943   622      -    -    -      608.00000  458.83333  24.5%     - 1010s
   949   621      -    -    -      608.00000  458.83333  24.5%     - 1017s
   954   617      -    -    -      608.00000  458.83333  24.5%     - 1023s
   964   620      -    -    -      608.00000  458.83333  24.5%     - 1030s
   970   618      -    -    -      608.00000  458.83333  24.5%     - 1037s
   980   620      -    -    -      608.00000  458.83333  24.5%     - 1045s
   986   625      -    -    -      608.00000  458.83333  24.5%     - 1062s
   995   624      -    -    -      608.00000  458.83333  24.5%     - 1069s
  1005   627      -    -    -      608.00000  458.83333  24.5%     - 1080s
  1011   633      -    -    -      608.00000  458.83333  24.5%     - 1088s
  1027   632      -    -    -      608.00000  458.83333  24.5%     - 1095s
  1039   629      -    -    -      608.00000  458.83333  24.5%     - 1104s
  1054   631      -    -    -      608.00000  458.83333  24.5%     - 1113s
  1063   638      -    -    -      608.00000  458.83333  24.5%     - 1125s
  1075   641      -    -    -      608.00000  458.83333  24.5%     - 1134s
  1091   646      -    -    -      608.00000  458.83333  24.5%     - 1144s
  1106   643      -    -    -      608.00000  458.83333  24.5%     - 1158s
  1122   645      -    -    -      608.00000  458.83333  24.5%     - 1169s
  1136   652      -    -    -      608.00000  458.83333  24.5%     - 1182s
  1152   666      -    -    -      608.00000  458.83333  24.5%     - 1194s
  1171   669      -    -    -      608.00000  458.83333  24.5%     - 1207s
  1188   682      -    -    -      608.00000  458.83333  24.5%     - 1221s
  1207   696      -    -    -      608.00000  458.83333  24.5%     - 1234s
  1237   686      -    -    -      608.00000  458.83333  24.5%     - 1250s
  1251   694      -    -    -      608.00000  458.83333  24.5%     - 1266s
  1264   704      -    -    -      608.00000  458.83333  24.5%     - 1283s
  1278   716      -    -    -      608.00000  458.83333  24.5%     - 1298s
  1297   718      -    -    -      608.00000  458.83333  24.5%     - 1325s
  1307   716      -    -    -      608.00000  458.83333  24.5%     - 1383s
  1327   727      -    -    -      608.00000  458.83333  24.5%     - 1400s
  1352   738      -    -    -      608.00000  458.83333  24.5%     - 1419s
  1380   757      -    -    -      608.00000  459.16667  24.5%     - 1438s
  1416   762      -    -    -      608.00000  459.16667  24.5%     - 1461s
  1449   777      -    -    -      608.00000  459.95833  24.3%     - 1485s
  1477   781      -    -    -      608.00000  459.95833  24.3%     - 1507s
  1498   779      -    -    -      608.00000  459.95833  24.3%     - 1532s
  1521   797      -    -    -      608.00000  459.95833  24.3%     - 1559s
  1555   806      -    -    -      608.00000  460.80556  24.2%     - 1596s
  1581   821      -    -    -      608.00000  461.41667  24.1%     - 1628s
  1613   842      -    -    -      608.00000  461.70833  24.1%     - 1660s
  1669   866      -    -    -      608.00000  461.70833  24.1%     - 1689s
  1719   882      -    -    -      608.00000  461.91667  24.0%     - 1720s
  1760   896      -    -    -      608.00000  462.83333  23.9%     - 1782s
  1798   884      -    -    -      608.00000  463.23611  23.8%     - 1828s
  1816   907      -    -    -      608.00000  464.87500  23.5%     - 1886s
  1851   939      -    -    -      608.00000  465.14459  23.5%     - 1927s
  1915   938      -    -    -      608.00000  466.66820  23.2%     - 1966s
  2001   962      -    -    -      608.00000  466.79518  23.2%     - 2007s
  2070   993      -    -    -      608.00000  466.87500  23.2%     - 2047s
  2148  1017      -    -    -      608.00000  466.99462  23.2%     - 2093s
  2214  1031      -    -    -      608.00000  467.16667  23.2%     - 2140s
  2268  1054      -    -    -      608.00000  467.33333  23.1%     - 2193s
  2329  1101      -    -    -      608.00000  467.66667  23.1%     - 2243s
  2412  1136      -    -    -      608.00000  467.75133  23.1%     - 2295s
  2465  1189      -    -    -      608.00000  468.30728  23.0%     - 2348s
  2552  1256      -    -    -      608.00000  468.45370  23.0%     - 2406s
  2653  1339      -    -    -      608.00000  468.51875  22.9%     - 2463s
  2760  1372      -    -    -      608.00000  468.80709  22.9%     - 2522s
  2845  1432      -    -    -      608.00000  469.12890  22.8%     - 2585s
  2937  1438      -    -    -      608.00000  469.49440  22.8%     - 2656s
  2969  1514      -    -    -      608.00000  469.67594  22.8%     - 2720s
  3089  1555      -    -    -      608.00000  469.73958  22.7%     - 2786s
  3180  1630      -    -    -      608.00000  470.03719  22.7%     - 2871s
  3267  1717      -    -    -      608.00000  470.19613  22.7%     - 2946s
  3398  1801      -    -    -      608.00000  470.46914  22.6%     - 3023s
  3512  1861      -    -    -      608.00000  470.58333  22.6%     - 3103s
  3598  1872      -    -    -      608.00000  472.42901  22.3%     - 3455s
  3649  1937      -    -    -      608.00000  472.83333  22.2%     - 3543s
  3770  2023      -    -    -      608.00000  473.83654  22.1%     - 3627s
  3912  2114      -    -    -      608.00000  474.10294  22.0%     - 3703s
  4033  2188      -    -    -      608.00000  474.16667  22.0%     - 3790s
  4163  2302      -    -    -      608.00000  474.16667  22.0%     - 3884s
  4317  2400      -    -    -      608.00000  474.16667  22.0%     - 3987s
  4471  2526      -    -    -      608.00000  474.19527  22.0%     - 4096s
  4657  2602      -    -    -      608.00000  474.19527  22.0%     - 4219s
  4793  2708      -    -    -      608.00000  475.75000  21.8%     - 4342s
  4949  2794      -    -    -      608.00000  476.00000  21.7%     - 4471s
  5089  2955      -    -    -      608.00000  476.39458  21.6%     - 4602s
  5312  3120      -    -    -      608.00000  478.16667  21.4%     - 4729s
  5560  3267      -    -    -      608.00000  478.58333  21.3%     - 4869s
  5781  3446      -    -    -      608.00000  478.72359  21.3%     - 5021s
  6032  3563      -    -    -      608.00000  481.15182  20.9%     - 5170s
  6223  3733      -    -    -      608.00000  481.41667  20.8%     - 5325s
  6459  3821      -    -    -      608.00000  482.78918  20.6%     - 5467s
  6597  3909      -    -    -      608.00000  483.73913  20.4%     - 5607s
  6757  4081      -    -    -      608.00000  484.26667  20.4%     - 5754s
  7013  4217      -    -    -      608.00000  484.41667  20.3%     - 5914s
  7238  4374      -    -    -      608.00000  486.29902  20.0%     - 6080s
  7511  4468      -    -    -      608.00000  486.33333  20.0%     - 6207s
  7657  4591      -    -    -      608.00000  487.58333  19.8%     - 6346s
  7840  4701      -    -    -      608.00000  488.25051  19.7%     - 6485s
  8004  4836      -    -    -      608.00000  488.86611  19.6%     - 6631s
  8235  4906      -    -    -      608.00000  489.46700  19.5%     - 6773s
  8387  5018      -    -    -      608.00000  490.30714  19.4%     - 6920s
  8576  5126      -    -    -      608.00000  490.34217  19.4%     - 7069s
  8756  5234      -    -    -      608.00000  490.50000  19.3%     - 7225s
  8966  5305      -    -    -      608.00000  490.67763  19.3%     - 7376s
  9082  5400      -    -    -      608.00000  490.76667  19.3%     - 7533s
  9253  5569      -    -    -      608.00000  490.90909  19.3%     - 7689s
  9517  5713      -    -    -      608.00000  490.91667  19.3%     - 7856s
  9742  5831      -    -    -      608.00000  490.91667  19.3%     - 8013s
  9916  5997      -    -    -      608.00000  490.91667  19.3%     - 8156s
 10174  6117      -    -    -      608.00000  490.91667  19.3%     - 8295s
 10442  6241      -    -    -      608.00000  490.91667  19.3%     - 8444s
 10636  6349      -    -    -      608.00000  491.00000  19.2%     - 8593s
 10818  6443      -    -    -      608.00000  491.15092  19.2%     - 8749s
 11002  6572      -    -    -      608.00000  491.17778  19.2%     - 8892s
 11223  6704      -    -    -      608.00000  491.28571  19.2%     - 9028s
 11413  6800      -    -    -      608.00000  491.45000  19.2%     - 9183s
 11602  6896      -    -    -      608.00000  491.59459  19.1%     - 9318s
 11734  7038      -    -    -      608.00000  491.65760  19.1%     - 9457s
 11989  7197      -    -    -      608.00000  491.71066  19.1%     - 9602s
 12244  7279      -    -    -      608.00000  491.81053  19.1%     - 9755s
 12408  7426      -    -    -      608.00000  491.91804  19.1%     - 9901s
 12635  7558      -    -    -      608.00000  492.29486  19.0%     - 10052s
 12837  7667      -    -    -      608.00000  492.41667  19.0%     - 10204s
 13034  7767      -    -    -      608.00000  492.50000  19.0%     - 10355s
 13212  7848      -    -    -      608.00000  492.66667  19.0%     - 10503s
 13377  7973      -    -    -      608.00000  492.66667  19.0%     - 10653s
 13560  8135      -    -    -      608.00000  492.66667  19.0%     - 10799s
 13821  8299      -    -    -      608.00000  492.83333  18.9%     - 10945s
 14075  8377      -    -    -      608.00000  492.85333  18.9%     - 11087s
 14229  8543      -    -    -      608.00000  492.96529  18.9%     - 11229s
 14477  8708      -    -    -      608.00000  493.05556  18.9%     - 11375s
 14748  8758      -    -    -      608.00000  493.08333  18.9%     - 11494s
 14842  8878      -    -    -      608.00000  493.22285  18.9%     - 11631s
 15050  8880      -    -    -      608.00000  493.25000  18.9%     - 11854s
 15052  8982      -    -    -      608.00000  493.33333  18.9%     - 12023s
 15246  9098      -    -    -      608.00000  493.36667  18.9%     - 12169s
 15450  9215      -    -    -      608.00000  493.42351  18.8%     - 12317s
 15691  9306      -    -    -      608.00000  493.50000  18.8%     - 12468s
 15868  9364      -    -    -      608.00000  493.66667  18.8%     - 12649s
 15948  9435      -    -    -      608.00000  493.66667  18.8%     - 12800s
 16101  9488      -    -    -      608.00000  493.84750  18.8%     - 12971s
 16250  9611      -    -    -      608.00000  493.91745  18.8%     - 13133s
 16478  9757      -    -    -      608.00000  494.03859  18.7%     - 13299s
 16708  9835      -    -    -      608.00000  494.16667  18.7%     - 13460s
 16864  9943      -    -    -      608.00000  494.25781  18.7%     - 13623s
 17136 10038      -    -    -      608.00000  494.58333  18.7%     - 13784s
 17299 10182      -    -    -      608.00000  494.74739  18.6%     - 13945s
 17517 10240      -    -    -      608.00000  494.76186  18.6%     - 14115s
 17631 10383      -    -    -      608.00000  494.88889  18.6%     - 14280s
 17874 10464      -    -    -      608.00000  494.89583  18.6%     - 14400s

Cutting planes:
  Gomory: 4
  Zero half: 160
  RLT: 739

Instance 62 was solved

Explored 15800 nodes (55237484 simplex iterations) in 14400.90 seconds (22509.01 work units)
Thread count was 2 (of 128 available processors)

Solution count 1: 608 

Time limit reached
Best objective 6.080000000000e+02, best bound 4.960000000000e+02, gap 18.4211%
