Set parameter Username
Set parameter WLSAccessID
Set parameter WLSSecret
Set parameter LicenseID to value 2533279
Academic license 2533279 - for non-commercial use only - registered to bl___@rice.edu
w=10, k=1, sigma=2  1674.0/2048  -->  0.1826171875
	Command being timed: "/home/Users/blk6/Projects/dbmers/scripts/run-fwd.py -w 10 -k 1 --sigma 2"
	User time (seconds): 1781.48
	System time (seconds): 75.70
	Percent of CPU this job got: 4136%
	Elapsed (wall clock) time (h:mm:ss or m:ss): 0:44.89
	Average shared text size (kbytes): 0
	Average unshared data size (kbytes): 0
	Average stack size (kbytes): 0
	Average total size (kbytes): 0
	Maximum resident set size (kbytes): 2459444
	Average resident set size (kbytes): 0
	Major (requiring I/O) page faults: 0
	Minor (reclaiming a frame) page faults: 1151450
	Voluntary context switches: 572297
	Involuntary context switches: 845172
	Swaps: 0
	File system inputs: 0
	File system outputs: 136
	Socket messages sent: 0
	Socket messages received: 0
	Signals delivered: 0
	Page size (bytes): 4096
	Exit status: 0
