
Gurobi 10.0.3 (linux64) logging started Mon Sep  2 14:41:16 2024

Set parameter LogFile to value "fwd/logs/w10-k1-s3.log"
Set parameter PoolSearchMode to value 2
Set parameter PoolSolutions to value 1
Set parameter Heuristics to value 1
Set parameter PoolGap to value 0
Set parameter Method to value 3
Set parameter ConcurrentMIP to value 64
Set parameter TimeLimit to value 43200
Set parameter Threads to value 128
Set parameter Threads to value 128
Gurobi Optimizer version 10.0.3 build v10.0.3rc0 (linux64)

CPU model: AMD EPYC 7742 64-Core Processor, instruction set [SSE2|AVX|AVX2]
Thread count: 64 physical cores, 128 logical processors, using up to 128 threads

Academic license 2533279 - for non-commercial use only - registered to bl___@rice.edu
Optimize a model with 16107 rows, 236196 columns and 177147 nonzeros
Model fingerprint: 0x3acbd39f
Model has 354294 general constraints
Variable types: 0 continuous, 236196 integer (177147 binary)
Coefficient statistics:
  Matrix range     [1e+00, 1e+00]
  Objective range  [1e+00, 1e+00]
  Bounds range     [1e+00, 9e+00]
  RHS range        [1e+00, 2e+00]
  GenCon rhs range [1e+00, 1e+00]
  GenCon coe range [1e+00, 1e+00]

Concurrent MIP optimizer: 64 concurrent instances (2 threads per instance)

Found heuristic solution: objective 177147.00000
Presolve removed 3 rows and 0 columns (presolve time = 10s) ...
Presolve removed 6 rows and 0 columns (presolve time = 24s) ...
Presolve removed 12 rows and 6 columns (presolve time = 31s) ...
Presolve removed 12 rows and 6 columns (presolve time = 38s) ...
Presolve removed 12 rows and 6 columns (presolve time = 44s) ...
Presolve removed 12 rows and 87121 columns (presolve time = 45s) ...
Presolve removed 12 rows and 177150 columns (presolve time = 54s) ...
Presolve removed 12 rows and 177150 columns (presolve time = 61s) ...
Presolve removed 12 rows and 177150 columns (presolve time = 65s) ...
Presolve removed 12 rows and 177150 columns (presolve time = 72s) ...
Presolve removed 531447 rows and 354303 columns (presolve time = 83s) ...
Presolve removed 531447 rows and 354303 columns (presolve time = 85s) ...
Presolve removed 531447 rows and 354303 columns (presolve time = 90s) ...
Presolve removed 531447 rows and 354303 columns (presolve time = 95s) ...
Presolve added 531426 rows and 354282 columns
Presolve time: 95.30s
Presolved: 547533 rows, 590478 columns, 1417143 nonzeros
Presolved model has 177144 SOS constraint(s)
Variable types: 0 continuous, 590478 integer (177144 binary)
Root relaxation presolved: 547533 rows, 590478 columns, 1417143 nonzeros

Concurrent LP optimizer: dual simplex and barrier
Showing barrier log only...

Root barrier log...

Elapsed ordering time = 5s
Elapsed ordering time = 9s
Elapsed ordering time = 10s
Elapsed ordering time = 10s
Ordering time: 10.21s

Barrier performed 0 iterations in 218.14 seconds (6.41 work units)
Barrier solve interrupted - model solved by another algorithm


Solved with dual simplex

Root relaxation: objective 3.221100e+04, 198428 iterations, 13.18 seconds (4.30 work units)
Total elapsed time = 248.35s

    Nodes    |    Current Node    |     Objective Bounds      |     Work
 Expl Unexpl |  Obj  Depth IntInf | Incumbent    BestBd   Gap | It/Node Time

     0     0      -    -    -     177147.000 32211.0000  81.8%     -  250s
     0     0      -    -    -     69691.0000 32211.0000  53.8%     -  269s
     0     0      -    -    -     66734.0000 32211.0000  51.7%     -  299s
     0     0      -    -    -     66734.0000 32211.0000  51.7%     -  536s
     0     0      -    -    -     57446.0000 32211.0000  43.9%     -  579s
     0     0      -    -    -     57446.0000 32211.0000  43.9%     -  920s
     0     0      -    -    -     50193.0000 32211.0000  35.8%     -  966s
