
Gurobi 10.0.3 (linux64) logging started Sun Jul 28 15:39:06 2024

Set parameter LogFile to value "fwd/logs/w10-k1-s2.log"
Set parameter PoolSearchMode to value 2
Set parameter PoolSolutions to value 1
Set parameter Heuristics to value 1
Set parameter PoolGap to value 0
Set parameter Threads to value 60
Set parameter Threads to value 60
Gurobi Optimizer version 10.0.3 build v10.0.3rc0 (linux64)

CPU model: AMD EPYC 7742 64-Core Processor, instruction set [SSE2|AVX|AVX2]
Thread count: 64 physical cores, 128 logical processors, using up to 60 threads

Academic license 2533279 - for non-commercial use only - registered to bl___@rice.edu
Optimize a model with 188 rows, 3072 columns and 2048 nonzeros
Model fingerprint: 0x31e5749c
Model has 4096 general constraints
Variable types: 0 continuous, 3072 integer (2048 binary)
Coefficient statistics:
  Matrix range     [1e+00, 1e+00]
  Objective range  [1e+00, 1e+00]
  Bounds range     [1e+00, 9e+00]
  RHS range        [1e+00, 2e+00]
  GenCon rhs range [1e+00, 1e+00]
  GenCon coe range [1e+00, 1e+00]

User MIP start produced solution with objective 414 (0.02s)
Loaded user MIP start with objective 414

Presolve added 6135 rows and 4089 columns
Presolve time: 0.04s
Presolved: 6323 rows, 7161 columns, 16365 nonzeros
Presolved model has 2046 SOS constraint(s)
Variable types: 0 continuous, 7161 integer (2046 binary)

Root relaxation: objective 3.740000e+02, 3804 iterations, 0.01 seconds (0.01 work units)

    Nodes    |    Current Node    |     Objective Bounds      |     Work
 Expl Unexpl |  Obj  Depth IntInf | Incumbent    BestBd   Gap | It/Node Time

     0     0  374.00000    0 1799  414.00000  374.00000  9.66%     -    0s
     0     0  374.00000    0 4070  414.00000  374.00000  9.66%     -    0s
H    0     0                     411.0000000  374.00000  9.00%     -    0s
     0     0  374.00000    0 5248  411.00000  374.00000  9.00%     -    0s
H    0     0                     406.0000000  374.00000  7.88%     -    2s
H    0     0                     405.0000000  374.00000  7.65%     -    2s
H    0     0                     404.0000000  374.00000  7.43%     -    2s
H    0     0                     401.0000000  374.00000  6.73%     -    2s
     0     0  374.00000    0 1535  401.00000  374.00000  6.73%     -    2s
H    0     0                     400.0000000  374.00000  6.50%     -    2s
     0     0  374.00000    0 1770  400.00000  374.00000  6.50%     -    2s
     0     0  374.00000    0 1592  400.00000  374.00000  6.50%     -    2s
H    0     0                     399.0000000  374.00000  6.27%     -    2s
H    0     0                     398.0000000  374.00000  6.03%     -    2s
     0     0  374.00000    0 1283  398.00000  374.00000  6.03%     -    2s
H    0     0                     397.0000000  374.00000  5.79%     -    3s
     0     2  374.00000    0  973  397.00000  374.00000  5.79%     -    3s
H   31    64                     395.0000000  374.00000  5.32%   816    4s
H  123   184                     389.0000000  374.00000  3.86%   718    5s
H  243   304                     386.0000000  374.00000  3.11%   587   17s
H  243   304                     374.0000000  374.00000  0.00%   587   17s

Cutting planes:
  Learned: 1938
  Gomory: 24
  Implied bound: 115
  MIR: 9
  Zero half: 55
  Relax-and-lift: 20

Explored 303 nodes (201899 simplex iterations) in 17.05 seconds (12.43 work units)
Thread count was 60 (of 128 available processors)

Solution count 1: 374 

Optimal solution found (tolerance 1.00e-04)
Best objective 3.740000000000e+02, best bound 3.740000000000e+02, gap 0.0000%

Gurobi 10.0.3 (linux64) logging started Sun Jul 28 19:25:55 2024

Set parameter LogFile to value "fwd/logs/w10-k1-s2.log"
