Set parameter Username
Set parameter WLSAccessID
Set parameter WLSSecret
Set parameter LicenseID to value 2533279
Academic license 2533279 - for non-commercial use only - registered to bl___@rice.edu
w=11, k=1, sigma=2  3409.0/4096  -->  0.167724609375
	Command being timed: "/home/Users/blk6/Projects/dbmers/scripts/run-fwd.py -w 11 -k 1 --sigma 2"
	User time (seconds): 8159.46
	System time (seconds): 161.35
	Percent of CPU this job got: 4108%
	Elapsed (wall clock) time (h:mm:ss or m:ss): 3:22.54
	Average shared text size (kbytes): 0
	Average unshared data size (kbytes): 0
	Average stack size (kbytes): 0
	Average total size (kbytes): 0
	Maximum resident set size (kbytes): 4667844
	Average resident set size (kbytes): 0
	Major (requiring I/O) page faults: 0
	Minor (reclaiming a frame) page faults: 2401189
	Voluntary context switches: 2991134
	Involuntary context switches: 1582149
	Swaps: 0
	File system inputs: 0
	File system outputs: 312
	Socket messages sent: 0
	Socket messages received: 0
	Signals delivered: 0
	Page size (bytes): 4096
	Exit status: 0
