
Gurobi 10.0.3 (linux64) logging started Sun Sep  1 13:52:59 2024

Set parameter LogFile to value "fwd/logs/w11-k2-s2.log"

Gurobi 10.0.3 (linux64) logging started Sun Sep  1 13:52:59 2024

Set parameter LogFile to value "fwd/logs/w11-k2-s2.log"
Set parameter Heuristics to value 0.8
Set parameter Heuristics to value 0.8
Gurobi Optimizer version 10.0.3 build v10.0.3rc0 (linux64)

CPU model: AMD EPYC 7742 64-Core Processor, instruction set [SSE2|AVX|AVX2]
Thread count: 64 physical cores, 128 logical processors, using up to 128 threads

Academic license 2533279 - for non-commercial use only - registered to bl___@rice.edu
Optimize a model with 363 rows, 12288 columns and 4048 nonzeros
Model fingerprint: 0x44e631d4
Model has 16384 general constraints
Variable types: 0 continuous, 12288 integer (8192 binary)
Coefficient statistics:
  Matrix range     [1e+00, 1e+00]
  Objective range  [1e+00, 1e+00]
  Bounds range     [1e+00, 1e+01]
  RHS range        [1e+00, 2e+00]
  GenCon rhs range [1e+00, 1e+00]
  GenCon coe range [1e+00, 1e+00]

Concurrent MIP optimizer: 64 concurrent instances (2 threads per instance)

Found heuristic solution: objective 8192.0000000
Presolve added 24541 rows and 16377 columns
Presolve time: 0.84s
Presolved: 24904 rows, 28665 columns, 61347 nonzeros
Presolved model has 8190 SOS constraint(s)
Variable types: 0 continuous, 28665 integer (8190 binary)
Root relaxation presolved: 24904 rows, 28665 columns, 61347 nonzeros

Concurrent LP optimizer: dual simplex and barrier
Showing barrier log only...

Root barrier log...

Ordering time: 1.52s

Barrier statistics:
 AA' NZ     : 5.315e+04
 Factor NZ  : 1.819e+06 (roughly 36 MB of memory)
 Factor Ops : 1.063e+09 (less than 1 second per iteration)
 Threads    : 1

                  Objective                Residual
Iter       Primal          Dual         Primal    Dual     Compl     Time
   0   9.31877534e+03 -3.68426381e+04  1.17e+00 1.67e-16  1.65e+00     6s
   1   2.79696358e+03 -9.80179978e+03  3.55e-15 2.45e-02  2.13e-01     7s
   2   1.50213045e+03  2.36941715e+02  2.22e-15 6.66e-16  1.97e-02     7s
   3   1.63406730e+03  6.00578236e+02  7.02e-14 2.22e-16  1.57e-02     7s
   4   1.12305093e+03  7.35850830e+02  6.22e-14 3.33e-16  5.89e-03     7s
   5   1.11188463e+03  9.80077057e+02  9.52e-13 3.33e-16  2.01e-03     7s
   6   1.05252245e+03  1.05024285e+03  4.97e-13 3.33e-16  3.47e-05     7s
   7   1.05191035e+03  1.05190403e+03  5.54e-13 2.22e-16  9.60e-08     8s
   8   1.05190909e+03  1.05190907e+03  4.49e-13 1.13e-16  3.42e-10     8s
   9   1.05190909e+03  1.05190909e+03  4.98e-13 1.68e-16  3.42e-13     8s

Barrier solved model in 9 iterations and 7.89 seconds (0.84 work units)
Optimal objective 1.05190909e+03


Root crossover log...

       0 DPushes remaining with DInf 0.0000000e+00                 8s

   11930 PPushes remaining with PInf 0.0000000e+00                 8s
       0 PPushes remaining with PInf 1.1336364e+02                 8s

  Push phase complete: Pinf 1.1336364e+02, Dinf 2.5535130e-15      8s


Root simplex log...

Iteration    Objective       Primal Inf.    Dual Inf.      Time
   11933    1.0519091e+03   3.788489e+03   0.000000e+00      8s
   16706    1.0519091e+03   2.508996e+04   0.000000e+00     10s

Solved with dual simplex

Root relaxation: objective 1.051909e+03, 40569 iterations, 12.59 seconds (1.65 work units)
Total elapsed time = 15.58s

    Nodes    |    Current Node    |     Objective Bounds      |     Work
 Expl Unexpl |  Obj  Depth IntInf | Incumbent    BestBd   Gap | It/Node Time

     0     0      -    -    -     8192.00000 1051.90909  87.2%     -   16s
     0     0      -    -    -     2467.00000 1051.90909  57.4%     -   20s
     0     0      -    -    -     2390.00000 1051.90909  56.0%     -   22s
     0     0      -    -    -     2390.00000 1051.90909  56.0%     -   33s
     0     0      -    -    -     2018.00000 1051.90909  47.9%     -   34s
     0     0      -    -    -     2018.00000 1052.63636  47.8%     -   41s
     0     0      -    -    -     1988.00000 1052.79221  47.0%     -   42s
     0     0      -    -    -     1988.00000 1053.36364  47.0%     -   42s
     0     0      -    -    -     1988.00000 1053.36364  47.0%     -   43s
     0     0      -    -    -     1988.00000 1053.36364  47.0%     -   46s
     0     0      -    -    -     1761.00000 1053.36364  40.2%     -   49s
     0     0      -    -    -     1644.00000 1053.36364  35.9%     -   53s
     0     0      -    -    -     1573.00000 1053.36364  33.0%     -   57s
     0     0      -    -    -     1557.00000 1053.36364  32.3%     -   65s
     0     0      -    -    -     1557.00000 1053.36364  32.3%     -   67s
     0     0      -    -    -     1552.00000 1053.36364  32.1%     -   75s
     0     0      -    -    -     1551.00000 1053.36364  32.1%     -   84s
     0     2      -    -    -     1454.00000 1053.36364  27.6%     -   97s
     5     8      -    -    -     1454.00000 1053.81818  27.5%     -  100s
    11    14      -    -    -     1454.00000 1053.81818  27.5%     -  106s
    16    19      -    -    -     1452.00000 1053.81818  27.4%     -  110s
    21    30      -    -    -     1452.00000 1053.81818  27.4%     -  120s
    29    43      -    -    -     1452.00000 1053.81818  27.4%     -  138s
    42    72      -    -    -     1450.00000 1053.81818  27.3%     -  160s
    71   181      -    -    -     1421.00000 1053.81818  25.8%     -  200s
   180   694      -    -    -     1409.00000 1053.81818  25.2%     -  265s
   693   881      -    -    -     1402.00000 1053.81818  24.8%     -  291s
   880  1043      -    -    -     1402.00000 1053.81818  24.8%     -  317s
  1042  1322      -    -    -     1396.00000 1053.81818  24.5%     -  342s
  1325  1567      -    -    -     1385.00000 1053.81818  23.9%     -  367s
  1578  1816      -    -    -     1376.00000 1053.81818  23.4%     -  391s
  1846  2048      -    -    -     1356.00000 1053.81818  22.3%     -  416s
  2102  2290      -    -    -     1356.00000 1053.81818  22.3%     -  438s
  2364  2540      -    -    -     1356.00000 1053.81818  22.3%     -  461s
  2651  2779      -    -    -     1354.00000 1053.81818  22.2%     -  484s
  2921  2974      -    -    -     1353.00000 1053.81818  22.1%     -  506s
  3136  3235      -    -    -     1342.00000 1053.81818  21.5%     -  530s
  3434  3509      -    -    -     1331.00000 1054.00000  20.8%     -  551s
  3769  3510      -    -    -     1331.00000 1054.00000  20.8%     -  562s
  3771  3511      -    -    -     1327.00000 1054.00000  20.6%     -  579s
  3772  3512      -    -    -     1318.00000 1054.00000  20.0%     -  593s
  3773  3513      -    -    -     1318.00000 1054.00000  20.0%     -  596s
  3774  3513      -    -    -     1318.00000 1054.00000  20.0%     -  613s
  3775  3514      -    -    -     1318.00000 1054.40496  20.0%     -  616s
  3776  3515      -    -    -     1318.00000 1055.68388  19.9%     -  620s
  3777  3339      -    -    -     1318.00000 1055.78030  19.9%     -  633s
  3778  3340      -    -    -     1318.00000 1055.78030  19.9%     -  637s
  3779  3341      -    -    -     1318.00000 1055.78030  19.9%     -  641s
  3780  3341      -    -    -     1318.00000 1056.20000  19.9%     -  655s
  3782  3175      -    -    -     1318.00000 1057.97778  19.7%     -  672s
  3784  3176      -    -    -     1317.00000 1059.76465  19.5%     -  683s
  3785  3177      -    -    -     1317.00000 1059.76465  19.5%     -  686s
  3787  3019      -    -    -     1317.00000 1060.51153  19.5%     -  699s
  3788  3020      -    -    -     1317.00000 1060.52237  19.5%     -  704s
  3789  3020      -    -    -     1317.00000 1060.52242  19.5%     -  709s
  3790  3021      -    -    -     1317.00000 1060.52242  19.5%     -  719s
  3791  3022      -    -    -     1317.00000 1060.52242  19.5%     -  723s
  3792  3022      -    -    -     1317.00000 1060.52375  19.5%     -  726s
  3793  3023      -    -    -     1317.00000 1060.56549  19.5%     -  739s
  3794  3024      -    -    -     1317.00000 1060.60733  19.5%     -  748s
  3795  3024      -    -    -     1317.00000 1060.65264  19.5%     -  756s
  3796  3025      -    -    -     1317.00000 1060.65264  19.5%     -  764s
  3797  3026      -    -    -     1317.00000 1060.68107  19.5%     -  783s
  3798  3026      -    -    -     1317.00000 1060.68113  19.5%     -  793s
  3799  3027      -    -    -     1317.00000 1060.68113  19.5%     -  802s
  3800  3028      -    -    -     1317.00000 1060.70835  19.5%     -  811s
  3801  3028      -    -    -     1317.00000 1060.73459  19.5%     -  818s
  3802  2877      -    -    -     1317.00000 1060.74755  19.5%     -  836s
  3803  2878      -    -    -     1317.00000 1060.74785  19.5%     -  846s
  3804  2878      -    -    -     1317.00000 1060.74785  19.5%     -  855s
  3805  2879      -    -    -     1317.00000 1060.74785  19.5%     -  862s
  3806  2736      -    -    -     1314.00000 1060.81891  19.3%     -  883s
  3807  2736      -    -    -     1308.00000 1060.82246  18.9%     -  895s
  3808  2737      -    -    -     1294.00000 1060.82273  18.0%     -  906s
  3809  2600      -    -    -     1285.00000 1060.88634  17.4%     -  931s
  3810  2600      -    -    -     1281.00000 1060.88634  17.2%     -  945s
  3811  2601      -    -    -     1279.00000 1060.88634  17.1%     -  956s
  3812  2471      -    -    -     1276.00000 1060.90650  16.9%     -  975s
  3813  2471      -    -    -     1275.00000 1060.91240  16.8%     -  985s
  3814  2472      -    -    -     1275.00000 1060.91260  16.8%     -  992s
  3815  2473      -    -    -     1271.00000 1060.91260  16.5%     -  998s
  3816  2473      -    -    -     1270.00000 1060.94910  16.5%     - 1029s
  3817  2474      -    -    -     1268.00000 1060.94910  16.3%     - 1043s
  3818  2475      -    -    -     1268.00000 1060.97123  16.3%     - 1055s
  3819  2475      -    -    -     1268.00000 1060.97150  16.3%     - 1062s
  3820  2476      -    -    -     1268.00000 1060.97150  16.3%     - 1072s
  3821  2477      -    -    -     1268.00000 1060.97150  16.3%     - 1101s
  3822  2477      -    -    -     1268.00000 1060.97150  16.3%     - 1116s
  3823  2478      -    -    -     1268.00000 1060.97150  16.3%     - 1142s
  3824  2479      -    -    -     1268.00000 1060.97150  16.3%     - 1153s
  3825  2479      -    -    -     1268.00000 1060.98678  16.3%     - 1187s
  3826  2480      -    -    -     1268.00000 1060.99332  16.3%     - 1199s
  3827  2356      -    -    -     1268.00000 1061.01985  16.3%     - 1222s
  3828  2356      -    -    -     1268.00000 1061.08939  16.3%     - 1234s
  3829  2238      -    -    -     1268.00000 1061.10382  16.3%     - 1263s
  3830  2239      -    -    -     1268.00000 1061.11522  16.3%     - 1278s
  3831  2239      -    -    -     1268.00000 1061.11523  16.3%     - 1286s
  3832  2240      -    -    -     1268.00000 1061.11525  16.3%     - 1293s
  3833  2128      -    -    -     1268.00000 1061.13887  16.3%     - 1319s
  3834  2128      -    -    -     1268.00000 1061.14453  16.3%     - 1337s
  3835  2129      -    -    -     1268.00000 1061.14601  16.3%     - 1347s
  3836  2023      -    -    -     1268.00000 1061.15284  16.3%     - 1380s
  3837  2023      -    -    -     1268.00000 1061.15473  16.3%     - 1398s
  3838  2024      -    -    -     1268.00000 1061.15582  16.3%     - 1425s
  3839  2025      -    -    -     1268.00000 1061.15582  16.3%     - 1439s
  3840  1922      -    -    -     1268.00000 1061.16000  16.3%     - 1474s
  3841  1923      -    -    -     1268.00000 1061.16370  16.3%     - 1488s
  3842  1924      -    -    -     1268.00000 1061.16711  16.3%     - 1538s
  3843  1924      -    -    -     1268.00000 1061.16711  16.3%     - 1542s
  3845  1927      -    -    -     1268.00000 1061.16711  16.3%     - 1546s
  3847  1928      -    -    -     1268.00000 1061.16711  16.3%     - 1558s
  3848  1832      -    -    -     1268.00000 1061.16711  16.3%     - 1564s
  3849  1833      -    -    -     1268.00000 1061.16711  16.3%     - 1574s
  3850  1833      -    -    -     1268.00000 1061.18243  16.3%     - 1580s
  3851  1834      -    -    -     1268.00000 1061.19710  16.3%     - 1585s
  3853  1835      -    -    -     1268.00000 1061.19710  16.3%     - 1593s
  3854  1836      -    -    -     1268.00000 1061.19710  16.3%     - 1596s
  3855  1837      -    -    -     1268.00000 1061.19710  16.3%     - 1610s
  3856  1837      -    -    -     1268.00000 1061.19710  16.3%     - 1619s
  3857  1838      -    -    -     1268.00000 1061.19710  16.3%     - 1634s
  3858  1839      -    -    -     1267.00000 1061.19710  16.2%     - 1642s
  3859  1839      -    -    -     1267.00000 1061.19710  16.2%     - 1648s
  3860  1840      -    -    -     1267.00000 1061.19710  16.2%     - 1658s
  3861  1841      -    -    -     1267.00000 1061.19710  16.2%     - 1662s
  3862  1841      -    -    -     1267.00000 1061.19710  16.2%     - 1666s
  3864  1843      -    -    -     1267.00000 1061.19710  16.2%     - 1671s
  3865  1843      -    -    -     1267.00000 1061.19710  16.2%     - 1682s
  3866  1844      -    -    -     1267.00000 1061.19710  16.2%     - 1686s
  3867  1845      -    -    -     1267.00000 1061.19710  16.2%     - 1692s
  3868  1845      -    -    -     1267.00000 1061.19710  16.2%     - 1695s
  3870  1847      -    -    -     1267.00000 1061.19710  16.2%     - 1710s
  3871  1847      -    -    -     1267.00000 1061.19710  16.2%     - 1715s
  3872  1848      -    -    -     1267.00000 1061.19710  16.2%     - 1727s
  3873  1849      -    -    -     1267.00000 1061.19710  16.2%     - 1731s
  3874  1756      -    -    -     1267.00000 1061.19710  16.2%     - 1742s
  3875  1757      -    -    -     1267.00000 1061.19710  16.2%     - 1747s
  3876  1758      -    -    -     1267.00000 1061.19710  16.2%     - 1758s
  3877  1758      -    -    -     1267.00000 1061.19710  16.2%     - 1763s
  3878  1759      -    -    -     1267.00000 1061.19710  16.2%     - 1774s
  3879  1760      -    -    -     1267.00000 1061.19710  16.2%     - 1779s
  3880  1760      -    -    -     1267.00000 1061.19710  16.2%     - 1790s
  3885  1765      -    -    -     1267.00000 1061.19710  16.2%     - 1802s
  3886  1766      -    -    -     1267.00000 1061.19710  16.2%     - 1807s
  3887  1767      -    -    -     1267.00000 1061.19710  16.2%     - 1811s
  3888  1767      -    -    -     1267.00000 1061.19710  16.2%     - 1816s
  3889  1768      -    -    -     1267.00000 1061.19710  16.2%     - 1820s
  3890  1769      -    -    -     1267.00000 1061.19710  16.2%     - 1825s
