
Gurobi 10.0.3 (linux64) logging started Sun Sep  1 13:47:40 2024

Set parameter LogFile to value "fwd/logs/w12-k1-s2.log"
Set parameter PoolSearchMode to value 2
Set parameter PoolSolutions to value 1
Set parameter Heuristics to value 1
Set parameter PoolGap to value 0
Set parameter Method to value 3
Set parameter ConcurrentMIP to value 64
Set parameter TimeLimit to value 43200
Set parameter Threads to value 128
Set parameter Threads to value 128
Gurobi Optimizer version 10.0.3 build v10.0.3rc0 (linux64)

CPU model: AMD EPYC 7742 64-Core Processor, instruction set [SSE2|AVX|AVX2]
Thread count: 64 physical cores, 128 logical processors, using up to 128 threads

Academic license 2533279 - for non-commercial use only - registered to bl___@rice.edu
Optimize a model with 632 rows, 12288 columns and 8192 nonzeros
Model fingerprint: 0x027e3d78
Model has 16384 general constraints
Variable types: 0 continuous, 12288 integer (8192 binary)
Coefficient statistics:
  Matrix range     [1e+00, 1e+00]
  Objective range  [1e+00, 1e+00]
  Bounds range     [1e+00, 1e+01]
  RHS range        [1e+00, 2e+00]
  GenCon rhs range [1e+00, 1e+00]
  GenCon coe range [1e+00, 1e+00]

Concurrent MIP optimizer: 64 concurrent instances (2 threads per instance)

Found heuristic solution: objective 8192.0000000
Presolve added 24567 rows and 16377 columns
Presolve time: 0.55s
Presolved: 25199 rows, 28665 columns, 65517 nonzeros
Presolved model has 8190 SOS constraint(s)
Variable types: 0 continuous, 28665 integer (8190 binary)
Root relaxation presolved: 25199 rows, 28665 columns, 65517 nonzeros

Concurrent LP optimizer: dual simplex and barrier
Showing barrier log only...

Root barrier log...

Ordering time: 0.23s

Barrier performed 0 iterations in 2.23 seconds (0.23 work units)
Barrier solve interrupted - model solved by another algorithm


Solved with dual simplex

Root relaxation: objective 1.262000e+03, 8463 iterations, 0.36 seconds (0.06 work units)

    Nodes    |    Current Node    |     Objective Bounds      |     Work
 Expl Unexpl |  Obj  Depth IntInf | Incumbent    BestBd   Gap | It/Node Time

     0     0      -    -    -     8192.00000 1262.00000  84.6%     -   10s
     0     0      -    -    -     1885.00000 1262.00000  33.1%     -   19s
     0     0      -    -    -     1884.00000 1262.00000  33.0%     -   27s
     0     0      -    -    -     1884.00000 1262.00000  33.0%     -   40s
     0     0      -    -    -     1774.00000 1262.00000  28.9%     -   46s
     0     2      -    -    -     1627.00000 1262.00000  22.4%     -   87s
    11    14      -    -    -     1625.00000 1262.00000  22.3%     -   90s
    17    24      -    -    -     1620.00000 1262.00000  22.1%     -  104s
    23    46      -    -    -     1620.00000 1262.00000  22.1%     -  108s
    45   103      -    -    -     1616.00000 1262.00000  21.9%     -  116s
   102   105      -    -    -     1591.00000 1262.00000  20.7%     -  142s
   104   227      -    -    -     1591.00000 1262.00000  20.7%     -  162s
   226   229      -    -    -     1589.00000 1262.00000  20.6%     -  211s
   228   342      -    -    -     1584.00000 1262.00000  20.3%     -  234s
   341   420      -    -    -     1577.00000 1262.00000  20.0%     -  257s
   419   530      -    -    -     1576.00000 1262.00000  19.9%     -  288s
   529   614      -    -    -     1563.00000 1262.00000  19.3%     -  313s
   613   718      -    -    -     1559.00000 1262.00000  19.1%     -  341s
   717   810      -    -    -     1548.00000 1262.00000  18.5%     -  365s
   809   900      -    -    -     1529.00000 1262.00000  17.5%     -  388s
   899   912      -    -    -     1495.00000 1262.00000  15.6%     -  400s
   911  1012      -    -    -     1478.00000 1262.00000  14.6%     -  424s
  1011  1100      -    -    -     1478.00000 1262.00000  14.6%     -  442s
  1099  1198      -    -    -     1458.00000 1262.00000  13.4%     -  467s
  1197  1309      -    -    -     1439.00000 1262.00000  12.3%     -  493s
  1308  1387      -    -    -     1424.00000 1262.00000  11.4%     -  517s
  1388  1536      -    -    -     1411.00000 1262.00000  10.6%     -  553s
  1537  1685      -    -    -     1392.00000 1262.00000  9.34%     -  584s
  1690  1817      -    -    -     1373.00000 1262.00000  8.08%     -  618s
  1825  1997      -    -    -     1346.00000 1262.00000  6.24%     -  660s
  2012  2118      -    -    -     1345.00000 1262.00000  6.17%     -  699s
  2140  2254      -    -    -     1330.00000 1262.00000  5.11%     -  734s
  2287  2451      -    -    -     1320.00000 1262.00000  4.39%     -  773s
  2493  2574      -    -    -     1314.00000 1262.00000  3.96%     -  817s
  2626  2714      -    -    -     1313.00000 1262.00000  3.88%     -  853s
  2772  2905      -    -    -     1306.00000 1262.00000  3.37%     -  892s
  2979  3102      -    -    -     1302.00000 1262.00000  3.07%     -  921s
  3205  3215      -    -    -     1284.00000 1262.00000  1.71%     -  953s
  3326  3470      -    -    -     1283.00000 1262.00000  1.64%     -  988s
  3602  3702      -    -    -     1283.00000 1262.00000  1.64%     - 1012s
  3850  3703      -    -    -     1283.00000 1262.00000  1.64%     - 1037s
  3852  3704      -    -    -     1283.00000 1262.00000  1.64%     - 1043s
  3853  3705      -    -    -     1283.00000 1262.00000  1.64%     - 1047s
  3854  3706      -    -    -     1283.00000 1262.00000  1.64%     - 1050s
  3855  3706      -    -    -     1283.00000 1262.00000  1.64%     - 1060s
  3856  3707      -    -    -     1283.00000 1262.00000  1.64%     - 1068s
  3857  3708      -    -    -     1283.00000 1262.00000  1.64%     - 1089s
  3858  3708      -    -    -     1283.00000 1262.00000  1.64%     - 1105s
  3859  3709      -    -    -     1283.00000 1262.00000  1.64%     - 1155s
  3860  3710      -    -    -     1283.00000 1262.00000  1.64%     - 1169s
  3861  3710      -    -    -     1283.00000 1262.00000  1.64%     - 1193s
  3862  3711      -    -    -     1283.00000 1262.00000  1.64%     - 1218s
  3863  3712      -    -    -     1283.00000 1262.00000  1.64%     - 1240s
  3864  3712      -    -    -     1283.00000 1262.00000  1.64%     - 1255s
  3865  3713      -    -    -     1283.00000 1262.00000  1.64%     - 1298s
  3866  3714      -    -    -     1283.00000 1262.00000  1.64%     - 1311s
  3867  3714      -    -    -     1283.00000 1262.00000  1.64%     - 1343s
  3868  3715      -    -    -     1282.00000 1262.00000  1.56%     - 1357s
  3869  3716      -    -    -     1280.00000 1262.00000  1.41%     - 1388s
  3870  3716      -    -    -     1280.00000 1262.00000  1.41%     - 1395s
  3871  3717      -    -    -     1280.00000 1262.00000  1.41%     - 1403s
  3872  3721      -    -    -     1280.00000 1262.00000  1.41%     - 1411s
  3900  3751      -    -    -     1280.00000 1262.00000  1.41%     - 1416s
  3941  3824      -    -    -     1280.00000 1262.00000  1.41%     - 1429s
  4000  3876      -    -    -     1280.00000 1262.00000  1.41%     - 1439s
  4072  4002      -    -    -     1280.00000 1262.00000  1.41%     - 1454s
  4222  4113      -    -    -     1277.00000 1262.00000  1.17%     - 1469s
  4383  4124      -    -    -     1277.00000 1262.00000  1.17%     - 1479s
  4448  4229      -    -    -     1277.00000 1262.00000  1.17%     - 1492s
  4574  4291      -    -    -     1275.00000 1262.00000  1.02%     - 1503s
  4678  4423      -    -    -     1275.00000 1262.00000  1.02%     - 1517s
  4846  4328      -    -    -     1274.00000 1262.00000  0.94%     - 1531s
  5000  4170      -    -    -     1274.00000 1262.00000  0.94%     - 1543s
  5070  4208      -    -    -     1274.00000 1262.00000  0.94%     - 1554s
  5132  4295      -    -    -     1272.00000 1262.00000  0.79%     - 1570s
  5239  4362      -    -    -     1271.00000 1262.00000  0.71%     - 1586s
  5342  4439      -    -    -     1270.00000 1262.00000  0.63%     - 1601s
  5453  4338      -    -    -     1267.00000 1262.00000  0.39%     - 1617s
  5557  4370      -    -    -     1266.00000 1262.00000  0.32%     - 1628s
  5624  4440      -    -    -     1266.00000 1262.00000  0.32%     - 1642s
  5716  4525      -    -    -     1265.00000 1262.00000  0.24%     - 1660s
  5832  4536      -    -    -     1265.00000 1262.00000  0.24%     - 1674s
  5882  4585      -    -    -     1265.00000 1262.00000  0.24%     - 1690s
  5947  4575      -    -    -     1265.00000 1262.00000  0.24%     - 1704s
  5959  4615      -    -    -     1265.00000 1262.00000  0.24%     - 1720s
  6003  4654      -    -    -     1264.00000 1262.00000  0.16%     - 1744s
  6057  4531      -    -    -     1264.00000 1262.00000  0.16%     - 1766s
  6111  4567      -    -    -     1264.00000 1262.00000  0.16%     - 1794s
  6165  4603      -    -    -     1264.00000 1262.00000  0.16%     - 1835s
  6219  4639      -    -    -     1264.00000 1262.00000  0.16%     - 1901s
  6273  4675      -    -    -     1264.00000 1262.00000  0.16%     - 1943s
  6327  4711      -    -    -     1263.00000 1262.00000  0.08%     - 2017s

Cutting planes:
  Learned: 7766
  Gomory: 55
  Implied bound: 826
  MIR: 4
  Flow cover: 25
  Zero half: 95
  Relax-and-lift: 11

Instance 55 was solved

Explored 9896 nodes (18410189 simplex iterations) in 2020.33 seconds (886.43 work units)
Thread count was 2 (of 128 available processors)

Solution count 1: 1262 

Optimal solution found (tolerance 1.00e-04)
Best objective 1.262000000000e+03, best bound 1.262000000000e+03, gap 0.0000%
