
Gurobi 10.0.3 (linux64) logging started Sun Sep  1 06:34:09 2024

Set parameter LogFile to value "fwd/logs/w2-k13-s2.log"

Gurobi 10.0.3 (linux64) logging started Sun Sep  1 06:34:09 2024

Set parameter LogFile to value "fwd/logs/w2-k13-s2.log"
Gurobi Optimizer version 10.0.3 build v10.0.3rc0 (linux64)

CPU model: AMD EPYC 7742 64-Core Processor, instruction set [SSE2|AVX|AVX2]
Thread count: 64 physical cores, 128 logical processors, using up to 128 threads

Academic license 2533279 - for non-commercial use only - registered to bl___@rice.edu
Optimize a model with 2192 rows, 49152 columns and 32768 nonzeros
Model fingerprint: 0x920bf20d
Model has 65536 general constraints
Variable types: 0 continuous, 49152 integer (32768 binary)
Coefficient statistics:
  Matrix range     [1e+00, 1e+00]
  Objective range  [1e+00, 1e+00]
  Bounds range     [1e+00, 1e+00]
  RHS range        [1e+00, 8e+00]
  GenCon rhs range [1e+00, 1e+00]
  GenCon coe range [1e+00, 1e+00]

Concurrent MIP optimizer: 64 concurrent instances (2 threads per instance)


User MIP start produced solution with objective 17648 (2.20s)
Loaded user MIP start with objective 17648

Presolve added 65531 rows and 32765 columns
Presolve time: 3.42s
Presolved: 67723 rows, 81917 columns, 229361 nonzeros
Presolved model has 32766 SOS constraint(s)
Variable types: 0 continuous, 81917 integer (49150 binary)
Root relaxation presolved: 67723 rows, 81917 columns, 229361 nonzeros

Concurrent LP optimizer: dual simplex and barrier
Showing barrier log only...

Root barrier log...

Ordering time: 1.23s

Barrier performed 0 iterations in 7.31 seconds (1.17 work units)
Barrier solve interrupted - model solved by another algorithm


Solved with dual simplex

Root relaxation: objective 1.748000e+04, 33926 iterations, 1.48 seconds (0.23 work units)

    Nodes    |    Current Node    |     Objective Bounds      |     Work
 Expl Unexpl |  Obj  Depth IntInf | Incumbent    BestBd   Gap | It/Node Time

     0     0      -    -    -     17648.0000 17480.0000  0.95%     -   10s
     0     0      -    -    -     17648.0000 17480.0000  0.95%     -   14s
     0     0      -    -    -     17648.0000 17480.0000  0.95%     -   17s
     0     0      -    -    -     17648.0000 17480.0000  0.95%     -   24s
     0     0      -    -    -     17648.0000 17480.0000  0.95%     -   26s
     0     0      -    -    -     17648.0000 17480.0000  0.95%     -   33s
     0     0      -    -    -     17648.0000 17480.0000  0.95%     -   34s
     0     0      -    -    -     17648.0000 17480.0000  0.95%     -   42s
     0     0      -    -    -     17648.0000 17480.0000  0.95%     -   52s
     0     2      -    -    -     17638.0000 17480.0000  0.90%     -  117s
     3     6      -    -    -     17638.0000 17480.0000  0.90%     -  128s
     5     8      -    -    -     17638.0000 17480.0000  0.90%     -  132s
     9    12      -    -    -     17632.0000 17480.0000  0.86%     -  280s
    15    18      -    -    -     17632.0000 17480.0000  0.86%     -  286s
    17    32      -    -    -     17632.0000 17480.0000  0.86%     -  300s
    31    62      -    -    -     17626.0000 17480.0000  0.83%     -  328s
    61   114      -    -    -     17626.0000 17480.0000  0.83%     -  403s
   113   252      -    -    -     17617.0000 17480.0000  0.78%     -  529s
   251   360      -    -    -     17617.0000 17480.0000  0.78%     -  623s
   359   492      -    -    -     17615.0000 17480.0000  0.77%     -  736s
   491   627      -    -    -     17612.0000 17480.0000  0.75%     -  851s
   626   763      -    -    -     17609.0000 17480.0000  0.73%     -  968s
   762   915      -    -    -     17607.0000 17480.0000  0.72%     - 1092s
   914  1082      -    -    -     17599.0000 17480.0000  0.68%     - 1214s
  1081  1258      -    -    -     17592.0000 17480.0000  0.64%     - 1333s
  1257  1447      -    -    -     17589.0000 17480.0000  0.62%     - 1460s
  1446  1632      -    -    -     17584.0000 17480.0000  0.59%     - 1588s
  1631  1823      -    -    -     17573.0000 17480.0000  0.53%     - 1720s
  1822  2020      -    -    -     17566.0000 17480.0000  0.49%     - 1856s
  2019  2225      -    -    -     17560.0000 17480.0000  0.46%     - 1995s
  2224  2437      -    -    -     17554.0000 17480.0000  0.42%     - 2140s
  2436  2657      -    -    -     17549.0000 17480.0000  0.39%     - 2285s
  2656  2884      -    -    -     17542.0000 17480.0000  0.35%     - 2443s
  2883  3112      -    -    -     17537.0000 17480.0000  0.33%     - 2604s
  3111  3383      -    -    -     17533.0000 17480.0000  0.30%     - 2773s
  3382  3661      -    -    -     17527.0000 17480.0000  0.27%     - 2949s
  3661  3662      -    -    -     17527.0000 17480.0000  0.27%     - 2969s
  3663  3663      -    -    -     17517.0000 17480.0000  0.21%     - 4545s
  3664  3664      -    -    -     17517.0000 17480.0000  0.21%     - 5792s
  3665  3665      -    -    -     17517.0000 17480.0000  0.21%     - 5810s
  3666  3665      -    -    -     17517.0000 17480.0000  0.21%     - 8479s
  3667  3666      -    -    -     17517.0000 17480.0000  0.21%     - 9417s
  3668  3667      -    -    -     17517.0000 17480.0000  0.21%     - 12436s
  3669  3667      -    -    -     17517.0000 17480.0000  0.21%     - 13782s
  3670  3144      -    -    -     17499.0000 17480.0000  0.11%     - 16493s
  3671  2991      -    -    -     17490.0000 17480.0000  0.06%     - 30379s
  3673  2992      -    -    -     17490.0000 17480.0000  0.06%     - 41614s

Cutting planes:
  Gomory: 18
  Cover: 2
  Implied bound: 12449
  MIR: 1
  Flow cover: 4386
  Zero half: 7633
  Mod-K: 1
  RLT: 5635

Instance 54 was solved

Explored 3801 nodes (36459063 simplex iterations) in 43202.33 seconds (16350.51 work units)
Thread count was 2 (of 128 available processors)

Solution count 1: 17490 

Time limit reached
Best objective 1.749000000000e+04, best bound 1.748000000000e+04, gap 0.0572%
