
Gurobi 10.0.3 (linux64) logging started Sat Aug 31 18:30:29 2024

Set parameter LogFile to value "fwd/logs/w2-k2-s2.log"

Gurobi 10.0.3 (linux64) logging started Sat Aug 31 18:30:29 2024

Set parameter LogFile to value "fwd/logs/w2-k2-s2.log"
Gurobi Optimizer version 10.0.3 build v10.0.3rc0 (linux64)

CPU model: AMD EPYC 7742 64-Core Processor, instruction set [SSE2|AVX|AVX2]
Thread count: 64 physical cores, 128 logical processors, using up to 128 threads

Academic license 2533279 - for non-commercial use only - registered to bl___@rice.edu
Optimize a model with 760 rows, 24 columns and 1810 nonzeros
Model fingerprint: 0xca21a0bd
Model has 32 general constraints
Variable types: 0 continuous, 24 integer (16 binary)
Coefficient statistics:
  Matrix range     [1e+00, 1e+00]
  Objective range  [1e+00, 1e+00]
  Bounds range     [1e+00, 1e+00]
  RHS range        [1e+00, 7e+00]
  GenCon rhs range [1e+00, 1e+00]
  GenCon coe range [1e+00, 1e+00]

Concurrent MIP optimizer: 64 concurrent instances (2 threads per instance)


Instance 49 was solved

Explored 1 nodes (23 simplex iterations) in 0.03 seconds (0.00 work units)
Thread count was 2 (of 128 available processors)

Solution count 1: 10 

Optimal solution found (tolerance 1.00e-04)
Best objective 1.000000000000e+01, best bound 1.000000000000e+01, gap 0.0000%
