
Gurobi 10.0.3 (linux64) logging started Mon Jul 15 11:57:46 2024

Set parameter LogFile to value "fwd/logs/w2-k10-s2.log"
Set parameter BestObjStop to value 1890
Set parameter PoolSearchMode to value 2
Set parameter PoolSolutions to value 1
Set parameter Heuristics to value 0.9
Set parameter Threads to value 60
Set parameter Threads to value 60
Gurobi Optimizer version 10.0.3 build v10.0.3rc0 (linux64)

CPU model: AMD EPYC 7742 64-Core Processor, instruction set [SSE2|AVX|AVX2]
Thread count: 64 physical cores, 128 logical processors, using up to 60 threads

Academic license 2533279 - for non-commercial use only - registered to bl___@rice.edu
Optimize a model with 4807 rows, 6144 columns and 65458 nonzeros
Model fingerprint: 0x1b50543b
Model has 8192 general constraints
Variable types: 0 continuous, 6144 integer (4096 binary)
Coefficient statistics:
  Matrix range     [1e+00, 3e+00]
  Objective range  [1e+00, 1e+00]
  Bounds range     [1e+00, 1e+00]
  RHS range        [1e+00, 7e+00]
  GenCon rhs range [1e+00, 1e+00]
  GenCon coe range [1e+00, 1e+00]
Found heuristic solution: objective -0.0000000
Presolve added 8085 rows and 4093 columns
Presolve time: 0.26s
Presolved: 12892 rows, 10237 columns, 89532 nonzeros
Presolved model has 4094 SOS constraint(s)
Variable types: 0 continuous, 10237 integer (6142 binary)

Root simplex log...

Iteration    Objective       Primal Inf.    Dual Inf.      Time
   22603    1.9657250e+03   3.416424e+04   0.000000e+00      5s
   38628    1.9386248e+03   1.429369e+04   0.000000e+00     10s
   51808    1.9284925e+03   8.873010e+04   0.000000e+00     15s
   65448    1.9226830e+03   1.027478e+06   0.000000e+00     20s
   78838    1.9189834e+03   4.033656e+05   0.000000e+00     25s
   91198    1.9157943e+03   1.195023e+06   0.000000e+00     30s
  103618    1.9134397e+03   1.850024e+05   0.000000e+00     35s
  115308    1.9114815e+03   2.462658e+05   0.000000e+00     40s
  126738    1.9099839e+03   7.989887e+04   0.000000e+00     45s
  137978    1.9087391e+03   2.728452e+04   0.000000e+00     50s
  149068    1.9077164e+03   1.419058e+05   0.000000e+00     55s
  159488    1.9066408e+03   6.703607e+05   0.000000e+00     60s
  170038    1.9056652e+03   2.316345e+04   0.000000e+00     65s
  180458    1.9048220e+03   2.317689e+04   0.000000e+00     70s
  190778    1.9039957e+03   4.004992e+05   0.000000e+00     75s
  200728    1.9033174e+03   1.307632e+05   0.000000e+00     80s
  210368    1.9028051e+03   1.135428e+05   0.000000e+00     85s
  219778    1.9022196e+03   1.463521e+05   0.000000e+00     90s
  229228    1.9015896e+03   4.517384e+04   0.000000e+00     95s
  238728    1.9009363e+03   1.262937e+05   0.000000e+00    100s
  247688    1.9003992e+03   4.697075e+04   0.000000e+00    105s
  257008    1.8999319e+03   2.141138e+04   0.000000e+00    110s
  265888    1.8995022e+03   5.847304e+05   0.000000e+00    115s
  274768    1.8990186e+03   2.362877e+05   0.000000e+00    120s
  283508    1.8985612e+03   7.690013e+04   0.000000e+00    125s
  292518    1.8981199e+03   5.958722e+04   0.000000e+00    130s
  301278    1.8976953e+03   2.725514e+05   0.000000e+00    135s
  310388    1.8971421e+03   5.920212e+05   0.000000e+00    140s
  319418    1.8967393e+03   1.579408e+05   0.000000e+00    145s
  328458    1.8963041e+03   7.859647e+04   0.000000e+00    150s
  337408    1.8958065e+03   2.071833e+05   0.000000e+00    155s
  346858    1.8952491e+03   1.390809e+04   0.000000e+00    160s
  355788    1.8946855e+03   9.466272e+04   0.000000e+00    165s
  364538    1.8941461e+03   6.525197e+06   0.000000e+00    170s
  373598    1.8936537e+03   3.793206e+04   0.000000e+00    175s
  382698    1.8932330e+03   1.401235e+05   0.000000e+00    180s
  391228    1.8928663e+03   4.568486e+05   0.000000e+00    185s
  399428    1.8925417e+03   1.565019e+05   0.000000e+00    190s
Warning: Markowitz tolerance tightened to 0.0625
  407408    1.8906898e+03   2.166146e+07   0.000000e+00    195s
  415178    1.8901625e+03   9.534664e+06   0.000000e+00    200s
  421118    1.8900493e+03   9.419041e+06   0.000000e+00    205s
  426458    1.8900101e+03   2.276750e+06   0.000000e+00    210s
  431638    1.8899994e+03   9.925259e+06   0.000000e+00    215s
  437168    1.8899980e+03   9.216230e+04   0.000000e+00    220s
  443358    1.8899975e+03   1.765961e+05   0.000000e+00    225s
  450208    1.8899973e+03   1.282347e+04   0.000000e+00    230s
  457138    1.8899972e+03   1.879436e+04   0.000000e+00    235s
  463558    1.8899972e+03   1.887825e+03   0.000000e+00    240s
  469688    1.8899971e+03   1.150840e+03   0.000000e+00    245s
  475548    1.8899971e+03   7.615420e+03   0.000000e+00    250s
  481498    1.8899971e+03   4.752473e+02   0.000000e+00    255s
  487789    1.8899971e+03   3.419909e-02   0.000000e+00    260s
  487865    1.8900000e+03   0.000000e+00   0.000000e+00    260s

Root relaxation: objective 1.890000e+03, 487865 iterations, 259.75 seconds (500.44 work units)
Total elapsed time = 311.57s
Total elapsed time = 318.39s
Total elapsed time = 323.80s
Total elapsed time = 335.93s

    Nodes    |    Current Node    |     Objective Bounds      |     Work
 Expl Unexpl |  Obj  Depth IntInf | Incumbent    BestBd   Gap | It/Node Time

     0     0 1890.00000    0 3174   -0.00000 1890.00000      -     -  346s
H    0     0                     789.0000000 1890.00000   140%     -  346s
H    0     0                     841.0000000 1890.00000   125%     -  346s
H    0     0                     922.0000000 1890.00000   105%     -  360s
     0     0 1890.00000    0 5426  922.00000 1890.00000   105%     -  443s
H    0     0                    1132.0000000 1890.00000  67.0%     -  445s
H    0     0                    1144.0000000 1890.00000  65.2%     -  445s
H    0     0                    1195.0000000 1890.00000  58.2%     -  445s
H    0     0                    1204.0000000 1890.00000  57.0%     -  528s
     0     0 1890.00000    0 5342 1204.00000 1890.00000  57.0%     -  528s
H    0     0                    1206.0000000 1890.00000  56.7%     -  701s
H    0     0                    1223.0000000 1890.00000  54.5%     -  701s
H    0     0                    1316.0000000 1890.00000  43.6%     -  701s
H    0     0                    1345.0000000 1890.00000  40.5%     -  701s
     0     0 1890.00000    0 3321 1345.00000 1890.00000  40.5%     -  701s
H    0     0                    1441.0000000 1890.00000  31.2%     -  702s
H    0     0                    1444.0000000 1890.00000  30.9%     -  702s
     0     0 1890.00000    0 7533 1444.00000 1890.00000  30.9%     -  795s
     0     0 1890.00000    0 2735 1444.00000 1890.00000  30.9%     - 1046s
H    0     0                    1720.0000000 1890.00000  9.88%     - 1047s
H    0     0                    1731.0000000 1890.00000  9.19%     - 1047s
     0     0 1890.00000    0 5794 1731.00000 1890.00000  9.19%     - 1147s
     0     0 1890.00000    0  183 1731.00000 1890.00000  9.19%     - 1290s
H    0     0                    1851.0000000 1890.00000  2.11%     - 1291s
H    0     0                    1871.0000000 1890.00000  1.02%     - 1291s
     0     0 1890.00000    0  684 1871.00000 1890.00000  1.02%     - 1338s
*    0     0               0    1890.0000000 1890.00000  0.00%     - 1384s

Cutting planes:
  Learned: 2
  Gomory: 9
  Cover: 2235
  Implied bound: 3108
  Clique: 718
  MIR: 419
  Zero half: 231

Explored 1 nodes (1443422 simplex iterations) in 1384.90 seconds (1912.92 work units)
Thread count was 60 (of 128 available processors)

Solution count 1: 1890 

Optimal solution found (tolerance 1.00e-04)
Best objective 1.890000000000e+03, best bound 1.890000000000e+03, gap 0.0000%
