Set parameter Username
Set parameter WLSAccessID
Set parameter WLSSecret
Set parameter LicenseID to value 2533279
Academic license 2533279 - for non-commercial use only - registered to bl___@rice.edu
w=2, k=11, sigma=2  3780.0/8192  -->  0.53857421875
	Command being timed: "/home/Users/blk6/Projects/dbmers/scripts/run-fwd.py -w 2 -k 11 --sigma 2"
	User time (seconds): 21866.63
	System time (seconds): 83.17
	Percent of CPU this job got: 2870%
	Elapsed (wall clock) time (h:mm:ss or m:ss): 12:44.66
	Average shared text size (kbytes): 0
	Average unshared data size (kbytes): 0
	Average stack size (kbytes): 0
	Average total size (kbytes): 0
	Maximum resident set size (kbytes): 6015852
	Average resident set size (kbytes): 0
	Major (requiring I/O) page faults: 0
	Minor (reclaiming a frame) page faults: 1863229
	Voluntary context switches: 22818169
	Involuntary context switches: 1807877
	Swaps: 0
	File system inputs: 0
	File system outputs: 248
	Socket messages sent: 0
	Socket messages received: 0
	Signals delivered: 0
	Page size (bytes): 4096
	Exit status: 0
