Set parameter Username
Set parameter WLSAccessID
Set parameter WLSSecret
Set parameter LicenseID to value 2533279
Academic license 2533279 - for non-commercial use only - registered to bl___@rice.edu
w=2, k=2, sigma=4  97.0/256  -->  0.6210937500000001
	Command being timed: "/home/Users/blk6/Projects/dbmers/scripts/run-fwd.py -w 2 -k 2 --sigma 4"
	User time (seconds): 65.00
	System time (seconds): 20.87
	Percent of CPU this job got: 891%
	Elapsed (wall clock) time (h:mm:ss or m:ss): 0:09.63
	Average shared text size (kbytes): 0
	Average unshared data size (kbytes): 0
	Average stack size (kbytes): 0
	Average total size (kbytes): 0
	Maximum resident set size (kbytes): 180524
	Average resident set size (kbytes): 0
	Major (requiring I/O) page faults: 0
	Minor (reclaiming a frame) page faults: 43651
	Voluntary context switches: 16586
	Involuntary context switches: 2913183
	Swaps: 0
	File system inputs: 0
	File system outputs: 88
	Socket messages sent: 0
	Socket messages received: 0
	Signals delivered: 0
	Page size (bytes): 4096
	Exit status: 0
