
Gurobi 10.0.3 (linux64) logging started Mon Jul 15 11:57:28 2024

Set parameter LogFile to value "fwd/logs/w2-k9-s2.log"
Set parameter BestObjStop to value 930
Set parameter PoolSearchMode to value 2
Set parameter PoolSolutions to value 1
Set parameter Heuristics to value 1
Set parameter Threads to value 60
Set parameter Threads to value 60
Gurobi Optimizer version 10.0.3 build v10.0.3rc0 (linux64)

CPU model: AMD EPYC 7742 64-Core Processor, instruction set [SSE2|AVX|AVX2]
Thread count: 64 physical cores, 128 logical processors, using up to 60 threads

Academic license 2533279 - for non-commercial use only - registered to bl___@rice.edu
Optimize a model with 188 rows, 3072 columns and 2048 nonzeros
Model fingerprint: 0x4e9c17f2
Model has 4096 general constraints
Variable types: 0 continuous, 3072 integer (2048 binary)
Coefficient statistics:
  Matrix range     [1e+00, 1e+00]
  Objective range  [1e+00, 1e+00]
  Bounds range     [1e+00, 1e+00]
  RHS range        [5e+00, 5e+00]
  GenCon rhs range [1e+00, 1e+00]
  GenCon coe range [1e+00, 1e+00]
Found heuristic solution: objective -0.0000000
Presolve added 4091 rows and 2045 columns
Presolve time: 0.05s
Presolved: 4279 rows, 5117 columns, 14321 nonzeros
Presolved model has 2046 SOS constraint(s)
Variable types: 0 continuous, 5117 integer (3070 binary)

Root relaxation: objective 9.300000e+02, 2161 iterations, 0.01 seconds (0.00 work units)

    Nodes    |    Current Node    |     Objective Bounds      |     Work
 Expl Unexpl |  Obj  Depth IntInf | Incumbent    BestBd   Gap | It/Node Time

     0     0  930.00000    0  306   -0.00000  930.00000      -     -    0s
H    0     0                     777.0000000  930.00000  19.7%     -    0s
H    0     0                     779.0000000  930.00000  19.4%     -    0s
H    0     0                     783.0000000  930.00000  18.8%     -    0s
     0     0  930.00000    0  487  783.00000  930.00000  18.8%     -    0s
H    0     0                     787.0000000  930.00000  18.2%     -    0s
     0     0  930.00000    0  486  787.00000  930.00000  18.2%     -    0s
     0     0  930.00000    0  415  787.00000  930.00000  18.2%     -    0s
     0     0  930.00000    0  411  787.00000  930.00000  18.2%     -    0s
H    0     0                     798.0000000  930.00000  16.5%     -    0s
H    0     0                     801.0000000  930.00000  16.1%     -    0s
H    0     0                     822.0000000  930.00000  13.1%     -    0s
H    0     0                     823.0000000  930.00000  13.0%     -    0s
H    0     2                     824.0000000  930.00000  12.9%     -    0s
     0     2  930.00000    0  374  824.00000  930.00000  12.9%     -    0s
H   31    64                     828.0000000  930.00000  12.3%  2438    2s
H   39    64                     829.0000000  930.00000  12.2%  3252    2s
H   42    64                     832.0000000  930.00000  11.8%  3389    2s
H   56    64                     833.0000000  930.00000  11.6%  4211    2s
H   63   124                     889.0000000  930.00000  4.61%  4551   18s
H   63   124                     911.0000000  930.00000  2.09%  4551   18s
H   66   124                     912.0000000  930.00000  1.97%  5114   18s
H   67   124                     922.0000000  930.00000  0.87%  5255   18s
H   67   124                     923.0000000  930.00000  0.76%  5255   18s
H   77   124                     925.0000000  930.00000  0.54%  6216   18s
H   77   124                     926.0000000  930.00000  0.43%  6216   18s
H   78   124                     928.0000000  930.00000  0.22%  6302   18s
H   78   124                     929.0000000  930.00000  0.11%  6302   18s
H   83   124                     930.0000000  930.00000  0.00%  6517   18s

Cutting planes:
  Learned: 2
  Gomory: 38
  Cover: 4034
  Implied bound: 1994
  Clique: 1164
  MIR: 132
  Zero half: 7

Explored 123 nodes (1166658 simplex iterations) in 19.03 seconds (25.34 work units)
Thread count was 60 (of 128 available processors)

Solution count 1: 930 

Optimal solution found (tolerance 1.00e-04)
Best objective 9.300000000000e+02, best bound 9.300000000000e+02, gap 0.0000%
