
Gurobi 10.0.3 (linux64) logging started Mon Jul 15 11:56:47 2024

Set parameter LogFile to value "fwd/logs/w2-k6-s2.log"
Set parameter BestObjStop to value 113
Set parameter PoolSearchMode to value 2
Set parameter PoolSolutions to value 1
Set parameter Heuristics to value 0.9
Set parameter Threads to value 60
Set parameter Threads to value 60
Gurobi Optimizer version 10.0.3 build v10.0.3rc0 (linux64)

CPU model: AMD EPYC 7742 64-Core Processor, instruction set [SSE2|AVX|AVX2]
Thread count: 64 physical cores, 128 logical processors, using up to 60 threads

Academic license 2533279 - for non-commercial use only - registered to bl___@rice.edu
Optimize a model with 1433 rows, 384 columns and 15953 nonzeros
Model fingerprint: 0xb0477bc5
Model has 512 general constraints
Variable types: 0 continuous, 384 integer (256 binary)
Coefficient statistics:
  Matrix range     [1e+00, 5e+00]
  Objective range  [1e+00, 1e+00]
  Bounds range     [1e+00, 1e+00]
  RHS range        [1e+00, 6e+00]
  GenCon rhs range [1e+00, 1e+00]
  GenCon coe range [1e+00, 1e+00]
Found heuristic solution: objective -0.0000000
Presolve added 380 rows and 253 columns
Presolve time: 0.05s
Presolved: 1813 rows, 637 columns, 16729 nonzeros
Presolved model has 254 SOS constraint(s)
Variable types: 0 continuous, 637 integer (382 binary)

Root relaxation: objective 1.130000e+02, 4148 iterations, 0.19 seconds (0.31 work units)

    Nodes    |    Current Node    |     Objective Bounds      |     Work
 Expl Unexpl |  Obj  Depth IntInf | Incumbent    BestBd   Gap | It/Node Time

     0     0  113.00000    0   35   -0.00000  113.00000      -     -    0s
H    0     0                      95.0000000  113.00000  18.9%     -    0s
H    0     0                     103.0000000  113.00000  9.71%     -    0s
H    0     0                     104.0000000  113.00000  8.65%     -    0s
H    0     0                     105.0000000  113.00000  7.62%     -    0s
     0     0  113.00000    0   32  105.00000  113.00000  7.62%     -    0s
H    0     0                     110.0000000  113.00000  2.73%     -    0s
*    0     0               0     113.0000000  113.00000  0.00%     -    0s

Cutting planes:
  Gomory: 27
  Cover: 34
  Implied bound: 47
  Clique: 56
  MIR: 9
  Mod-K: 1

Explored 1 nodes (5602 simplex iterations) in 0.45 seconds (0.55 work units)
Thread count was 60 (of 128 available processors)

Solution count 1: 113 

Optimal solution found (tolerance 1.00e-04)
Best objective 1.130000000000e+02, best bound 1.130000000000e+02, gap 0.0000%
