
Gurobi 10.0.3 (linux64) logging started Mon Jul 15 12:50:39 2024

Set parameter LogFile to value "fwd/logs/w2-k1-s3.log"
Set parameter BestObjStop to value 8
Set parameter PoolSearchMode to value 2
Set parameter PoolSolutions to value 1
Set parameter Heuristics to value 1
Set parameter Threads to value 60
Set parameter Threads to value 60
Gurobi Optimizer version 10.0.3 build v10.0.3rc0 (linux64)

CPU model: AMD EPYC 7742 64-Core Processor, instruction set [SSE2|AVX|AVX2]
Thread count: 64 physical cores, 128 logical processors, using up to 60 threads

Academic license 2533279 - for non-commercial use only - registered to bl___@rice.edu
Optimize a model with 11 rows, 36 columns and 27 nonzeros
Model fingerprint: 0x1e28c160
Model has 54 general constraints
Variable types: 0 continuous, 36 integer (27 binary)
Coefficient statistics:
  Matrix range     [1e+00, 1e+00]
  Objective range  [1e+00, 1e+00]
  Bounds range     [1e+00, 1e+00]
  RHS range        [1e+00, 1e+00]
  GenCon rhs range [1e+00, 1e+00]
  GenCon coe range [1e+00, 1e+00]
Found heuristic solution: objective -0.0000000
Presolve added 48 rows and 24 columns
Presolve time: 0.00s
Presolved: 59 rows, 60 columns, 165 nonzeros
Presolved model has 24 SOS constraint(s)
Variable types: 0 continuous, 60 integer (33 binary)

Root relaxation: objective 8.000000e+00, 16 iterations, 0.00 seconds (0.00 work units)

    Nodes    |    Current Node    |     Objective Bounds      |     Work
 Expl Unexpl |  Obj  Depth IntInf | Incumbent    BestBd   Gap | It/Node Time

*    0     0               0       8.0000000    8.00000  0.00%     -    0s

Explored 1 nodes (53 simplex iterations) in 0.03 seconds (0.00 work units)
Thread count was 60 (of 128 available processors)

Solution count 1: 8 

Optimal solution found (tolerance 1.00e-04)
Best objective 8.000000000000e+00, best bound 8.000000000000e+00, gap 0.0000%
