Set parameter Username
Set parameter WLSAccessID
Set parameter WLSSecret
Set parameter LicenseID to value 2533279
Academic license 2533279 - for non-commercial use only - registered to bl___@rice.edu
w=2, k=7, sigma=2  226.0/512  -->  0.55859375
	Command being timed: "/home/Users/blk6/Projects/dbmers/scripts/run-fwd.py -w 2 -k 7 --sigma 2"
	User time (seconds): 20.02
	System time (seconds): 9.02
	Percent of CPU this job got: 1537%
	Elapsed (wall clock) time (h:mm:ss or m:ss): 0:01.89
	Average shared text size (kbytes): 0
	Average unshared data size (kbytes): 0
	Average stack size (kbytes): 0
	Average total size (kbytes): 0
	Maximum resident set size (kbytes): 428064
	Average resident set size (kbytes): 0
	Major (requiring I/O) page faults: 0
	Minor (reclaiming a frame) page faults: 112013
	Voluntary context switches: 47732
	Involuntary context switches: 419881
	Swaps: 0
	File system inputs: 0
	File system outputs: 56
	Socket messages sent: 0
	Socket messages received: 0
	Signals delivered: 0
	Page size (bytes): 4096
	Exit status: 0
