
Gurobi 10.0.3 (linux64) logging started Mon Jul 15 12:39:54 2024

Set parameter LogFile to value "fwd/logs/w2-k7-s3.log"
Set parameter BestObjStop to value 8.7439999999999982e+03
Set parameter PoolSearchMode to value 2
Set parameter PoolSolutions to value 1
Set parameter Heuristics to value 1
Set parameter Threads to value 60
Set parameter Threads to value 60
Gurobi Optimizer version 10.0.3 build v10.0.3rc0 (linux64)

CPU model: AMD EPYC 7742 64-Core Processor, instruction set [SSE2|AVX|AVX2]
Thread count: 64 physical cores, 128 logical processors, using up to 60 threads

Academic license 2533279 - for non-commercial use only - registered to bl___@rice.edu
Optimize a model with 2195 rows, 26244 columns and 19683 nonzeros
Model fingerprint: 0x0a1ebb5c
Model has 39366 general constraints
Variable types: 0 continuous, 26244 integer (19683 binary)
Coefficient statistics:
  Matrix range     [1e+00, 1e+00]
  Objective range  [1e+00, 1e+00]
  Bounds range     [1e+00, 1e+00]
  RHS range        [1e+00, 4e+00]
  GenCon rhs range [1e+00, 1e+00]
  GenCon coe range [1e+00, 1e+00]
Found heuristic solution: objective -0.0000000
Presolve added 39360 rows and 19680 columns
Presolve time: 0.71s
Presolved: 41555 rows, 45924 columns, 137757 nonzeros
Presolved model has 19680 SOS constraint(s)
Variable types: 0 continuous, 45924 integer (26241 binary)
Root relaxation presolved: 41555 rows, 45924 columns, 137757 nonzeros

Deterministic concurrent LP optimizer: primal and dual simplex
Showing first log only...

Concurrent spin time: 0.05s

Solved with dual simplex

Root relaxation: objective 8.744000e+03, 19181 iterations, 0.23 seconds (0.12 work units)

    Nodes    |    Current Node    |     Objective Bounds      |     Work
 Expl Unexpl |  Obj  Depth IntInf | Incumbent    BestBd   Gap | It/Node Time

     0     0 8744.00000    0 1420   -0.00000 8744.00000      -     -    2s
H    0     0                    8032.0000000 8744.00000  8.86%     -    2s
H    0     0                    8038.0000000 8744.00000  8.78%     -    2s
H    0     0                    8042.0000000 8744.00000  8.73%     -    2s
H    0     0                    8055.0000000 8744.00000  8.55%     -    2s
     0     0 8744.00000    0 3185 8055.00000 8744.00000  8.55%     -    3s
H    0     0                    8142.0000000 8744.00000  7.39%     -    3s
     0     0 8744.00000    0 3265 8142.00000 8744.00000  7.39%     -    3s
     0     0 8744.00000    0 1986 8142.00000 8744.00000  7.39%     -    6s
H    0     0                    8151.0000000 8744.00000  7.28%     -    6s
     0     0 8744.00000    0 2811 8151.00000 8744.00000  7.28%     -    6s
     0     0 8744.00000    0 2054 8151.00000 8744.00000  7.28%     -    9s
     0     0 8744.00000    0 1745 8151.00000 8744.00000  7.28%     -   10s
H    0     0                    8419.0000000 8744.00000  3.86%     -   12s
H    0     0                    8438.0000000 8744.00000  3.63%     -   18s
H    0     2                    8448.0000000 8744.00000  3.50%     -   19s
     0     2 8744.00000    0 1469 8448.00000 8744.00000  3.50%     -   19s
     3     8 8744.00000    2 2800 8448.00000 8744.00000  3.50%  6338   20s
    15    32 8744.00000    4 11802 8448.00000 8744.00000  3.50% 11501   25s
H   31    64                    8452.0000000 8744.00000  3.45% 17975  110s
H   33    64                    8453.0000000 8744.00000  3.44% 20910  110s
H   33    64                    8458.0000000 8744.00000  3.38% 20910  110s
H   47    64                    8490.0000000 8744.00000  2.99% 31976  110s
H   63   124                    8659.0000000 8744.00000  0.98% 42201 1568s
H   63   124                    8708.0000000 8744.00000  0.41% 42201 1568s
H   63   124                    8715.0000000 8744.00000  0.33% 42201 1568s
H   63   124                    8716.0000000 8744.00000  0.32% 42201 1568s
H   63   124                    8717.0000000 8744.00000  0.31% 42201 1568s
H   80   124                    8727.0000000 8744.00000  0.19% 67568 1568s
H   80   124                    8731.0000000 8744.00000  0.15% 67568 1568s
H   81   124                    8732.0000000 8744.00000  0.14% 67631 1568s
H   81   124                    8733.0000000 8744.00000  0.13% 67631 1568s
H   82   124                    8736.0000000 8744.00000  0.09% 67603 1568s
H  123   184                    8744.0000000 8744.00000  0.00% 90698 3344s

Cutting planes:
  Learned: 6
  Gomory: 61
  Cover: 35741
  Implied bound: 18675
  Clique: 10140
  MIR: 908
  Zero half: 6

Explored 183 nodes (22045941 simplex iterations) in 3345.03 seconds (2764.08 work units)
Thread count was 60 (of 128 available processors)

Solution count 1: 8744 

Optimal solution found (tolerance 1.00e-04)
Best objective 8.744000000000e+03, best bound 8.744000000000e+03, gap 0.0000%
