
Gurobi 10.0.3 (linux64) logging started Mon Jul 15 11:56:46 2024

Set parameter LogFile to value "fwd/logs/w2-k5-s2.log"
Set parameter BestObjStop to value 54
Set parameter PoolSearchMode to value 2
Set parameter PoolSolutions to value 1
Set parameter Heuristics to value 1
Set parameter Threads to value 60
Set parameter Threads to value 60
Gurobi Optimizer version 10.0.3 build v10.0.3rc0 (linux64)

CPU model: AMD EPYC 7742 64-Core Processor, instruction set [SSE2|AVX|AVX2]
Thread count: 64 physical cores, 128 logical processors, using up to 60 threads

Academic license 2533279 - for non-commercial use only - registered to bl___@rice.edu
Optimize a model with 20 rows, 192 columns and 128 nonzeros
Model fingerprint: 0x1af78ce6
Model has 256 general constraints
Variable types: 0 continuous, 192 integer (128 binary)
Coefficient statistics:
  Matrix range     [1e+00, 1e+00]
  Objective range  [1e+00, 1e+00]
  Bounds range     [1e+00, 1e+00]
  RHS range        [3e+00, 3e+00]
  GenCon rhs range [1e+00, 1e+00]
  GenCon coe range [1e+00, 1e+00]
Found heuristic solution: objective -0.0000000
Presolve added 251 rows and 125 columns
Presolve time: 0.00s
Presolved: 271 rows, 317 columns, 881 nonzeros
Presolved model has 126 SOS constraint(s)
Variable types: 0 continuous, 317 integer (190 binary)

Root relaxation: objective 5.400000e+01, 108 iterations, 0.00 seconds (0.00 work units)

    Nodes    |    Current Node    |     Objective Bounds      |     Work
 Expl Unexpl |  Obj  Depth IntInf | Incumbent    BestBd   Gap | It/Node Time

*    0     0               0      54.0000000   54.00000  0.00%     -    0s

Explored 1 nodes (419 simplex iterations) in 0.02 seconds (0.01 work units)
Thread count was 60 (of 128 available processors)

Solution count 1: 54 

Optimal solution found (tolerance 1.00e-04)
Best objective 5.400000000000e+01, best bound 5.400000000000e+01, gap 0.0000%
