
Gurobi 10.0.3 (linux64) logging started Mon Jul 15 12:39:49 2024

Set parameter LogFile to value "fwd/logs/w2-k4-s3.log"
Set parameter BestObjStop to value 3.1200000000000006e+02
Set parameter PoolSearchMode to value 2
Set parameter PoolSolutions to value 1
Set parameter Heuristics to value 0.9
Set parameter Threads to value 60
Set parameter Threads to value 60
Gurobi Optimizer version 10.0.3 build v10.0.3rc0 (linux64)

CPU model: AMD EPYC 7742 64-Core Processor, instruction set [SSE2|AVX|AVX2]
Thread count: 64 physical cores, 128 logical processors, using up to 60 threads

Academic license 2533279 - for non-commercial use only - registered to bl___@rice.edu
Optimize a model with 3569 rows, 972 columns and 29347 nonzeros
Model fingerprint: 0x156fde0a
Model has 1458 general constraints
Variable types: 0 continuous, 972 integer (729 binary)
Coefficient statistics:
  Matrix range     [1e+00, 3e+00]
  Objective range  [1e+00, 1e+00]
  Bounds range     [1e+00, 1e+00]
  RHS range        [1e+00, 4e+00]
  GenCon rhs range [1e+00, 1e+00]
  GenCon coe range [1e+00, 1e+00]
Found heuristic solution: objective -0.0000000
Presolve added 1302 rows and 726 columns
Presolve time: 0.10s
Presolved: 4871 rows, 1698 columns, 32954 nonzeros
Presolved model has 726 SOS constraint(s)
Variable types: 0 continuous, 1698 integer (969 binary)

Root simplex log...

Iteration    Objective       Primal Inf.    Dual Inf.      Time
   28288    3.1514779e+02   1.010600e+04   0.000000e+00      5s
   56843    3.1108519e+02   3.851676e+03   0.000000e+00     10s
   64853    3.1069565e+02   0.000000e+00   0.000000e+00     12s

Root relaxation: objective 3.106957e+02, 64853 iterations, 11.39 seconds (15.99 work units)

    Nodes    |    Current Node    |     Objective Bounds      |     Work
 Expl Unexpl |  Obj  Depth IntInf | Incumbent    BestBd   Gap | It/Node Time

     0     0  310.69565    0  815   -0.00000  310.69565      -     -   13s
H    0     0                     241.0000000  310.69565  28.9%     -   13s
H    0     0                     244.0000000  310.69565  27.3%     -   14s
H    0     0                     247.0000000  310.57774  25.7%     -   18s
     0     0  310.57774    0 1969  247.00000  310.57774  25.7%     -   18s
H    0     0                     264.0000000  310.57774  17.6%     -   18s
     0     0  310.57774    0 1888  264.00000  310.57774  17.6%     -   19s
     0     0  310.32054    0 2147  264.00000  310.32054  17.5%     -   22s
H    0     0                     274.0000000  310.32054  13.3%     -   23s
H    0     0                     275.0000000  310.32054  12.8%     -   23s
H    0     0                     286.0000000  310.32016  8.50%     -   24s
H    0     0                     287.0000000  310.32016  8.13%     -   24s
H    0     0                     289.0000000  310.32016  7.38%     -   24s
     0     0  310.32016    0 2125  289.00000  310.32016  7.38%     -   24s
     0     0  310.31978    0 2058  289.00000  310.31978  7.38%     -   25s
     0     0  310.31978    0 2056  289.00000  310.31978  7.38%     -   26s
     0     0  310.18738    0 2173  289.00000  310.18738  7.33%     -   29s
H    0     0                     297.0000000  310.18738  4.44%     -   29s
H    0     0                     299.0000000  310.18738  3.74%     -   29s
     0     0  310.18738    0 2297  299.00000  310.18738  3.74%     -   30s
     0     0  310.09253    0 2260  299.00000  310.09253  3.71%     -   33s
     0     0  310.09253    0 2267  299.00000  310.09253  3.71%     -   34s
     0     0  310.03356    0 2354  299.00000  310.03356  3.69%     -   36s
     0     0  310.03356    0 2325  299.00000  310.03356  3.69%     -   38s
     0     0  309.98662    0 2266  299.00000  309.98662  3.67%     -   40s
     0     0  309.98593    0 2380  299.00000  309.98593  3.67%     -   42s
     0     0  309.98593    0 2316  299.00000  309.98593  3.67%     -   43s
     0     0  309.93141    0 2334  299.00000  309.93141  3.66%     -   45s
H    0     0                     301.0000000  309.93141  2.97%     -   46s
     0     0  309.92940    0 2269  301.00000  309.92940  2.97%     -   46s
     0     0  309.92939    0 2313  301.00000  309.92939  2.97%     -   48s
     0     0  309.79468    0 2310  301.00000  309.79468  2.92%     -   51s
     0     0  309.78631    0 2287  301.00000  309.78631  2.92%     -   52s
     0     0  309.78493    0 2316  301.00000  309.78493  2.92%     -   54s
     0     0  309.76965    0 2309  301.00000  309.76965  2.91%     -   55s
     0     0  309.76965    0 2326  301.00000  309.76965  2.91%     -   56s
     0     0  309.69341    0 2328  301.00000  309.69341  2.89%     -   59s
     0     0  309.69024    0 2322  301.00000  309.69024  2.89%     -   60s
     0     0  309.69005    0 2304  301.00000  309.69005  2.89%     -   61s
     0     0  309.55704    0 2307  301.00000  309.55704  2.84%     -   64s
     0     0  309.55491    0 2345  301.00000  309.55491  2.84%     -   65s
     0     0  309.55491    0 2306  301.00000  309.55491  2.84%     -   67s
     0     0  309.51591    0 2351  301.00000  309.51591  2.83%     -   69s
     0     0  309.51591    0 2283  301.00000  309.51591  2.83%     -   70s
     0     0  309.51346    0 2308  301.00000  309.51346  2.83%     -   72s
     0     0  309.51346    0 1577  301.00000  309.51346  2.83%     -   74s
H    0     0                     302.0000000  309.51346  2.49%     -   78s
H    0     2                     303.0000000  309.51346  2.15%     -   79s
     0     2  309.51346    0 1524  303.00000  309.51346  2.15%     -   79s
     3     8  309.37072    2 1802  303.00000  309.51346  2.15% 11746   86s
     7    16  309.21980    3 2223  303.00000  309.51346  2.15%  8112   91s
    15    32  308.53794    4 2290  303.00000  309.48093  2.14% 10396   95s
H   31    64                     304.0000000  309.35683  1.76% 12963  110s
H   37    64                     305.0000000  309.35683  1.43% 11800  110s
H   40    64                     306.0000000  309.35683  1.10% 12602  110s
*   63   124               6     308.0000000  309.33002  0.43% 10464  129s
   124    15  309.03062    7 1067  308.00000  309.27873  0.42% 10641  189s
   126    16  309.27873    7 1008  308.00000  309.27873  0.42% 10472  202s
   128    18  309.05709    7 1008  308.00000  309.27873  0.42% 10309  206s
   129    21  309.27873   16 1662  308.00000  309.27873  0.42% 10922  215s
   135    31  309.27873   18 1518  308.00000  309.27873  0.42% 10749  221s
   143    45  309.27873   19 1515  308.00000  309.27873  0.42% 10846  225s
   159    67  309.27873   20 1548  308.00000  309.27873  0.42% 10578  234s
   191   106     cutoff   21       308.00000  309.27873  0.42%  9563  237s
   311   125     cutoff   23       308.00000  309.27873  0.42%  8426  241s
   431   117  309.00000   24  412  308.00000  309.27873  0.42%  7384  247s
   504    90     cutoff   25       308.00000  309.27873  0.42%  6835  254s
   576    63  309.22828   24 1599  308.00000  309.27873  0.42%  6449  256s
   648    40  309.05164   25 1635  308.00000  309.27873  0.42%  6092  265s
   746    10     cutoff   26       308.00000  309.27873  0.42%  5740  274s
   762    11  309.00000   27  382  308.00000  309.27873  0.42%  5658  275s
   789     5     cutoff   23       308.00000  309.27873  0.42%  5538  287s
   801     1     cutoff   26       308.00000  309.23439  0.40%  5534  290s

Explored 811 nodes (4677897 simplex iterations) in 290.22 seconds (446.44 work units)
Thread count was 60 (of 128 available processors)

Solution count 1: 308 

Optimal solution found (tolerance 1.00e-04)
Best objective 3.080000000000e+02, best bound 3.080000000000e+02, gap 0.0000%
