Set parameter Username
Set parameter WLSAccessID
Set parameter WLSSecret
Set parameter LicenseID to value 2533279
Academic license 2533279 - for non-commercial use only - registered to bl___@rice.edu
w=2, k=10, sigma=2  1890.0/4096  -->  0.53857421875
	Command being timed: "/home/Users/blk6/Projects/dbmers/scripts/run-fwd.py -w 2 -k 10 --sigma 2"
	User time (seconds): 3351.10
	System time (seconds): 8.49
	Percent of CPU this job got: 242%
	Elapsed (wall clock) time (h:mm:ss or m:ss): 23:07.10
	Average shared text size (kbytes): 0
	Average unshared data size (kbytes): 0
	Average stack size (kbytes): 0
	Average total size (kbytes): 0
	Maximum resident set size (kbytes): 691224
	Average resident set size (kbytes): 0
	Major (requiring I/O) page faults: 0
	Minor (reclaiming a frame) page faults: 136090
	Voluntary context switches: 1412213
	Involuntary context switches: 2581
	Swaps: 0
	File system inputs: 0
	File system outputs: 680
	Socket messages sent: 0
	Socket messages received: 0
	Signals delivered: 0
	Page size (bytes): 4096
	Exit status: 0
