
Gurobi 10.0.3 (linux64) logging started Sun Jul 28 15:40:28 2024

Set parameter LogFile to value "fwd/logs/w2-k2-s3.log"
Set parameter PoolSearchMode to value 2
Set parameter PoolSolutions to value 1
Set parameter Heuristics to value 0.9
Set parameter PoolGap to value 0
Set parameter Threads to value 60
Set parameter Threads to value 60
Gurobi Optimizer version 10.0.3 build v10.0.3rc0 (linux64)

CPU model: AMD EPYC 7742 64-Core Processor, instruction set [SSE2|AVX|AVX2]
Thread count: 64 physical cores, 128 logical processors, using up to 60 threads

Academic license 2533279 - for non-commercial use only - registered to bl___@rice.edu
Optimize a model with 95 rows, 108 columns and 363 nonzeros
Model fingerprint: 0x2f37670f
Model has 162 general constraints
Variable types: 0 continuous, 108 integer (81 binary)
Coefficient statistics:
  Matrix range     [1e+00, 1e+00]
  Objective range  [1e+00, 1e+00]
  Bounds range     [1e+00, 1e+00]
  RHS range        [1e+00, 3e+00]
  GenCon rhs range [1e+00, 1e+00]
  GenCon coe range [1e+00, 1e+00]
Found heuristic solution: objective 81.0000000
Presolve added 129 rows and 78 columns
Presolve time: 0.00s
Presolved: 224 rows, 186 columns, 747 nonzeros
Presolved model has 78 SOS constraint(s)
Variable types: 0 continuous, 186 integer (105 binary)

Root relaxation: objective 4.980000e+01, 234 iterations, 0.00 seconds (0.00 work units)

    Nodes    |    Current Node    |     Objective Bounds      |     Work
 Expl Unexpl |  Obj  Depth IntInf | Incumbent    BestBd   Gap | It/Node Time

     0     0   49.80000    0   63   81.00000   49.80000  38.5%     -    0s
H    0     0                      52.0000000   49.80000  4.23%     -    0s
H    0     0                      51.0000000   49.80000  2.35%     -    0s
     0     0   50.00000    0  138   51.00000   50.00000  1.96%     -    0s
     0     0   50.00000    0   97   51.00000   50.00000  1.96%     -    0s
     0     0     cutoff    0        51.00000   51.00000  0.00%     -    0s

Cutting planes:
  Learned: 4
  Gomory: 12
  Cover: 34
  Implied bound: 48
  Clique: 26
  MIR: 1
  Zero half: 2

Explored 1 nodes (934 simplex iterations) in 0.07 seconds (0.02 work units)
Thread count was 60 (of 128 available processors)

Solution count 1: 51 

Optimal solution found (tolerance 1.00e-04)
Best objective 5.100000000000e+01, best bound 5.100000000000e+01, gap 0.0000%

Gurobi 10.0.3 (linux64) logging started Sun Jul 28 19:25:57 2024

Set parameter LogFile to value "fwd/logs/w2-k2-s3.log"
