
Gurobi 10.0.3 (linux64) logging started Mon Jul 15 12:39:52 2024

Set parameter LogFile to value "fwd/logs/w2-k5-s3.log"
Set parameter BestObjStop to value 9.3600000000000011e+02
Set parameter PoolSearchMode to value 2
Set parameter PoolSolutions to value 1
Set parameter Heuristics to value 1
Set parameter Threads to value 60
Set parameter Threads to value 60
Gurobi Optimizer version 10.0.3 build v10.0.3rc0 (linux64)

CPU model: AMD EPYC 7742 64-Core Processor, instruction set [SSE2|AVX|AVX2]
Thread count: 64 physical cores, 128 logical processors, using up to 60 threads

Academic license 2533279 - for non-commercial use only - registered to bl___@rice.edu
Optimize a model with 315 rows, 2916 columns and 2187 nonzeros
Model fingerprint: 0x03b7e896
Model has 4374 general constraints
Variable types: 0 continuous, 2916 integer (2187 binary)
Coefficient statistics:
  Matrix range     [1e+00, 1e+00]
  Objective range  [1e+00, 1e+00]
  Bounds range     [1e+00, 1e+00]
  RHS range        [3e+00, 3e+00]
  GenCon rhs range [1e+00, 1e+00]
  GenCon coe range [1e+00, 1e+00]
Found heuristic solution: objective -0.0000000
Presolve added 4368 rows and 2184 columns
Presolve time: 0.06s
Presolved: 4683 rows, 5100 columns, 15285 nonzeros
Presolved model has 2184 SOS constraint(s)
Variable types: 0 continuous, 5100 integer (2913 binary)

Root relaxation: objective 9.360000e+02, 1912 iterations, 0.01 seconds (0.00 work units)

    Nodes    |    Current Node    |     Objective Bounds      |     Work
 Expl Unexpl |  Obj  Depth IntInf | Incumbent    BestBd   Gap | It/Node Time

     0     0  936.00000    0    4   -0.00000  936.00000      -     -    0s
H    0     0                     934.0000000  936.00000  0.21%     -    0s
     0     0  936.00000    0    8  934.00000  936.00000  0.21%     -    0s
H    0     0                     935.0000000  936.00000  0.11%     -    0s
     0     0  936.00000    0    8  935.00000  936.00000  0.11%     -    0s
H    0     0                     936.0000000  936.00000  0.00%     -    0s
     0     0          -    0       936.00000  936.00000  0.00%     -    0s

Cutting planes:
  Gomory: 3
  Cover: 17
  Implied bound: 17
  Clique: 31

Explored 1 nodes (9291 simplex iterations) in 0.31 seconds (0.17 work units)
Thread count was 60 (of 128 available processors)

Solution count 1: 936 

Optimal solution found (tolerance 1.00e-04)
Best objective 9.360000000000e+02, best bound 9.360000000000e+02, gap 0.0000%
