
Gurobi 10.0.3 (linux64) logging started Mon Jul 15 13:09:06 2024

Set parameter LogFile to value "fwd/logs/w2-k5-s4.log"
Set parameter BestObjStop to value 7020
Set parameter PoolSearchMode to value 2
Set parameter PoolSolutions to value 1
Set parameter Heuristics to value 1
Set parameter Threads to value 60
Set parameter Threads to value 60
Gurobi Optimizer version 10.0.3 build v10.0.3rc0 (linux64)

CPU model: AMD EPYC 7742 64-Core Processor, instruction set [SSE2|AVX|AVX2]
Thread count: 64 physical cores, 128 logical processors, using up to 60 threads

Academic license 2533279 - for non-commercial use only - registered to bl___@rice.edu
Optimize a model with 2344 rows, 20480 columns and 16384 nonzeros
Model fingerprint: 0xae9c162e
Model has 32768 general constraints
Variable types: 0 continuous, 20480 integer (16384 binary)
Coefficient statistics:
  Matrix range     [1e+00, 1e+00]
  Objective range  [1e+00, 1e+00]
  Bounds range     [1e+00, 1e+00]
  RHS range        [3e+00, 3e+00]
  GenCon rhs range [1e+00, 1e+00]
  GenCon coe range [1e+00, 1e+00]
Found heuristic solution: objective -0.0000000
Presolve added 32762 rows and 16382 columns
Presolve time: 0.62s
Presolved: 35106 rows, 36862 columns, 114654 nonzeros
Presolved model has 16380 SOS constraint(s)
Variable types: 0 continuous, 36862 integer (20476 binary)
Root relaxation presolved: 35106 rows, 36862 columns, 114654 nonzeros

Deterministic concurrent LP optimizer: primal and dual simplex
Showing first log only...

Concurrent spin time: 0.04s

Solved with dual simplex

Root relaxation: objective 7.020000e+03, 15381 iterations, 0.19 seconds (0.09 work units)

    Nodes    |    Current Node    |     Objective Bounds      |     Work
 Expl Unexpl |  Obj  Depth IntInf | Incumbent    BestBd   Gap | It/Node Time

     0     0 7020.00000    0  236   -0.00000 7020.00000      -     -    1s
H    0     0                    6896.0000000 7020.00000  1.80%     -    1s
H    0     0                    6909.0000000 7020.00000  1.61%     -    1s
H    0     0                    6913.0000000 7020.00000  1.55%     -    1s
     0     0 7020.00000    0  660 6913.00000 7020.00000  1.55%     -    2s
H    0     0                    6945.0000000 7020.00000  1.08%     -    2s
     0     0 7020.00000    0  644 6945.00000 7020.00000  1.08%     -    2s
H    0     0                    6967.0000000 7020.00000  0.76%     -    3s
H    0     0                    6975.0000000 7020.00000  0.65%     -    3s
     0     0 7020.00000    0  105 6975.00000 7020.00000  0.65%     -    3s
H    0     0                    6978.0000000 7020.00000  0.60%     -    3s
H    0     0                    6979.0000000 7020.00000  0.59%     -    3s
     0     0 7020.00000    0  107 6979.00000 7020.00000  0.59%     -    3s
     0     0 7020.00000    0  148 6979.00000 7020.00000  0.59%     -    4s
H    0     0                    6998.0000000 7020.00000  0.31%     -    4s
     0     0 7020.00000    0  144 6998.00000 7020.00000  0.31%     -    4s
     0     0 7020.00000    0   89 6998.00000 7020.00000  0.31%     -    5s
H    0     0                    6999.0000000 7020.00000  0.30%     -    5s
     0     0 7020.00000    0   84 6999.00000 7020.00000  0.30%     -    5s
     0     0 7020.00000    0   74 6999.00000 7020.00000  0.30%     -    7s
H    0     0                    7006.0000000 7020.00000  0.20%     -    7s
     0     0 7020.00000    0   82 7006.00000 7020.00000  0.20%     -    7s
     0     0 7020.00000    0   21 7006.00000 7020.00000  0.20%     -    8s
     0     0 7020.00000    0   89 7006.00000 7020.00000  0.20%     -    8s
     0     0 7020.00000    0   85 7006.00000 7020.00000  0.20%     -    9s
     0     0 7020.00000    0   85 7006.00000 7020.00000  0.20%     -    9s
H    0     0                    7019.0000000 7020.00000  0.01%     -    9s
     0     2 7020.00000    0   85 7019.00000 7020.00000  0.01%     -   10s
*    3     3              15    7020.0000000 7020.00000  0.00%  1461   36s

Explored 3 nodes (279386 simplex iterations) in 36.15 seconds (33.02 work units)
Thread count was 60 (of 128 available processors)

Solution count 1: 7020 

Optimal solution found (tolerance 1.00e-04)
Best objective 7.020000000000e+03, best bound 7.020000000000e+03, gap 0.0000%
