
Gurobi 10.0.3 (linux64) logging started Mon Jul 15 11:56:40 2024

Set parameter LogFile to value "fwd/logs/w3-k2-s2.log"
Set parameter BestObjStop to value 18
Set parameter PoolSearchMode to value 2
Set parameter PoolSolutions to value 1
Set parameter Heuristics to value 0.9
Set parameter Threads to value 60
Set parameter Threads to value 60
Gurobi Optimizer version 10.0.3 build v10.0.3rc0 (linux64)

CPU model: AMD EPYC 7742 64-Core Processor, instruction set [SSE2|AVX|AVX2]
Thread count: 64 physical cores, 128 logical processors, using up to 60 threads

Academic license 2533279 - for non-commercial use only - registered to bl___@rice.edu
Optimize a model with 57 rows, 48 columns and 243 nonzeros
Model fingerprint: 0x486424b9
Model has 64 general constraints
Variable types: 0 continuous, 48 integer (32 binary)
Coefficient statistics:
  Matrix range     [1e+00, 2e+00]
  Objective range  [1e+00, 1e+00]
  Bounds range     [1e+00, 2e+00]
  RHS range        [1e+00, 4e+00]
  GenCon rhs range [1e+00, 1e+00]
  GenCon coe range [1e+00, 1e+00]
Found heuristic solution: objective -0.0000000
Presolve added 65 rows and 57 columns
Presolve time: 0.00s
Presolved: 122 rows, 105 columns, 393 nonzeros
Presolved model has 30 SOS constraint(s)
Variable types: 0 continuous, 105 integer (30 binary)

Root relaxation: objective 1.700000e+01, 107 iterations, 0.00 seconds (0.00 work units)

    Nodes    |    Current Node    |     Objective Bounds      |     Work
 Expl Unexpl |  Obj  Depth IntInf | Incumbent    BestBd   Gap | It/Node Time

     0     0   17.00000    0   10   -0.00000   17.00000      -     -    0s
H    0     0                      14.0000000   17.00000  21.4%     -    0s
H    0     0                      15.0000000   17.00000  13.3%     -    0s
     0     0   17.00000    0   22   15.00000   17.00000  13.3%     -    0s
H    0     0                      16.0000000   17.00000  6.25%     -    0s
     0     0   17.00000    0   35   16.00000   17.00000  6.25%     -    0s
H    0     0                      17.0000000   17.00000  0.00%     -    0s
     0     0   17.00000    0    4   17.00000   17.00000  0.00%     -    0s

Cutting planes:
  Learned: 16
  Gomory: 3
  Implied bound: 7
  Zero half: 3
  Relax-and-lift: 2

Explored 1 nodes (386 simplex iterations) in 0.03 seconds (0.01 work units)
Thread count was 60 (of 128 available processors)

Solution count 1: 17 

Optimal solution found (tolerance 1.00e-04)
Best objective 1.700000000000e+01, best bound 1.700000000000e+01, gap 0.0000%
