
Gurobi 10.0.3 (linux64) logging started Mon Jul 15 11:56:40 2024

Set parameter LogFile to value "fwd/logs/w3-k3-s2.log"
Set parameter BestObjStop to value 36
Set parameter PoolSearchMode to value 2
Set parameter PoolSolutions to value 1
Set parameter Heuristics to value 0.9
Set parameter Threads to value 60
Set parameter Threads to value 60
Gurobi Optimizer version 10.0.3 build v10.0.3rc0 (linux64)

CPU model: AMD EPYC 7742 64-Core Processor, instruction set [SSE2|AVX|AVX2]
Thread count: 64 physical cores, 128 logical processors, using up to 60 threads

Academic license 2533279 - for non-commercial use only - registered to bl___@rice.edu
Optimize a model with 153 rows, 96 columns and 978 nonzeros
Model fingerprint: 0xaf072d88
Model has 128 general constraints
Variable types: 0 continuous, 96 integer (64 binary)
Coefficient statistics:
  Matrix range     [1e+00, 3e+00]
  Objective range  [1e+00, 1e+00]
  Bounds range     [1e+00, 2e+00]
  RHS range        [1e+00, 6e+00]
  GenCon rhs range [1e+00, 1e+00]
  GenCon coe range [1e+00, 1e+00]
Found heuristic solution: objective -0.0000000
Presolve added 139 rows and 121 columns
Presolve time: 0.00s
Presolved: 292 rows, 217 columns, 1243 nonzeros
Presolved model has 62 SOS constraint(s)
Variable types: 0 continuous, 217 integer (62 binary)

Root relaxation: objective 3.600000e+01, 245 iterations, 0.00 seconds (0.00 work units)

    Nodes    |    Current Node    |     Objective Bounds      |     Work
 Expl Unexpl |  Obj  Depth IntInf | Incumbent    BestBd   Gap | It/Node Time

     0     0   36.00000    0   23   -0.00000   36.00000      -     -    0s
H    0     0                      25.0000000   36.00000  44.0%     -    0s
H    0     0                      30.0000000   36.00000  20.0%     -    0s
H    0     0                      31.0000000   36.00000  16.1%     -    0s
     0     0   36.00000    0   46   31.00000   36.00000  16.1%     -    0s
H    0     0                      32.0000000   36.00000  12.5%     -    0s
     0     0   36.00000    0   57   32.00000   36.00000  12.5%     -    0s
H    0     0                      33.0000000   36.00000  9.09%     -    0s
     0     0   36.00000    0   32   33.00000   36.00000  9.09%     -    0s
H    0     0                      34.0000000   36.00000  5.88%     -    0s
     0     0   36.00000    0   32   34.00000   36.00000  5.88%     -    0s
     0     0   36.00000    0   26   34.00000   36.00000  5.88%     -    0s
     0     0   36.00000    0   26   34.00000   36.00000  5.88%     -    0s
H    0     0                      35.0000000   36.00000  2.86%     -    0s
     0     2   36.00000    0   17   35.00000   36.00000  2.86%     -    0s

Cutting planes:
  Learned: 36
  Gomory: 16
  Cover: 13
  Implied bound: 22
  Clique: 3
  MIR: 2
  Flow cover: 4
  GUB cover: 2
  Zero half: 7
  Relax-and-lift: 22

Explored 8 nodes (3722 simplex iterations) in 0.26 seconds (0.11 work units)
Thread count was 60 (of 128 available processors)

Solution count 1: 35 

Optimal solution found (tolerance 1.00e-04)
Best objective 3.500000000000e+01, best bound 3.500000000000e+01, gap 0.0000%
