Set parameter Username
Set parameter WLSAccessID
Set parameter WLSSecret
Set parameter LicenseID to value 2533279
Academic license 2533279 - for non-commercial use only - registered to bl___@rice.edu
w=3, k=4, sigma=3  1248.0/2187  -->  0.42935528120713307
	Command being timed: "/home/Users/blk6/Projects/dbmers/scripts/run-fwd.py -w 3 -k 4 --sigma 3"
	User time (seconds): 10120.35
	System time (seconds): 80.83
	Percent of CPU this job got: 2852%
	Elapsed (wall clock) time (h:mm:ss or m:ss): 5:57.59
	Average shared text size (kbytes): 0
	Average unshared data size (kbytes): 0
	Average stack size (kbytes): 0
	Average total size (kbytes): 0
	Maximum resident set size (kbytes): 2931308
	Average resident set size (kbytes): 0
	Major (requiring I/O) page faults: 0
	Minor (reclaiming a frame) page faults: 948940
	Voluntary context switches: 10135906
	Involuntary context switches: 815623
	Swaps: 0
	File system inputs: 0
	File system outputs: 160
	Socket messages sent: 0
	Socket messages received: 0
	Signals delivered: 0
	Page size (bytes): 4096
	Exit status: 0
