
Gurobi 10.0.3 (linux64) logging started Mon Jul 15 11:56:42 2024

Set parameter LogFile to value "fwd/logs/w3-k10-s2.log"
Set parameter BestObjStop to value 5040
Set parameter PoolSearchMode to value 2
Set parameter PoolSolutions to value 1
Set parameter Heuristics to value 1
Set parameter Threads to value 60
Set parameter Threads to value 60
Gurobi Optimizer version 10.0.3 build v10.0.3rc0 (linux64)

CPU model: AMD EPYC 7742 64-Core Processor, instruction set [SSE2|AVX|AVX2]
Thread count: 64 physical cores, 128 logical processors, using up to 60 threads

Academic license 2533279 - for non-commercial use only - registered to bl___@rice.edu
Optimize a model with 632 rows, 12288 columns and 8192 nonzeros
Model fingerprint: 0x840e118c
Model has 16384 general constraints
Variable types: 0 continuous, 12288 integer (8192 binary)
Coefficient statistics:
  Matrix range     [1e+00, 1e+00]
  Objective range  [1e+00, 1e+00]
  Bounds range     [1e+00, 2e+00]
  RHS range        [8e+00, 8e+00]
  GenCon rhs range [1e+00, 1e+00]
  GenCon coe range [1e+00, 1e+00]
Found heuristic solution: objective -0.0000000
Presolve added 24567 rows and 16377 columns
Presolve time: 0.16s
Presolved: 25199 rows, 28665 columns, 65517 nonzeros
Presolved model has 8190 SOS constraint(s)
Variable types: 0 continuous, 28665 integer (8190 binary)

Root relaxation: objective 5.040000e+03, 17919 iterations, 0.10 seconds (0.07 work units)

    Nodes    |    Current Node    |     Objective Bounds      |     Work
 Expl Unexpl |  Obj  Depth IntInf | Incumbent    BestBd   Gap | It/Node Time

     0     0 5040.00000    0 6910   -0.00000 5040.00000      -     -    1s
H    0     0                    3989.0000000 5040.00000  26.3%     -    1s
H    0     0                    3998.0000000 5040.00000  26.1%     -    1s
     0     0 5040.00000    0 9969 3998.00000 5040.00000  26.1%     -    1s
     0     0 5040.00000    0 13011 3998.00000 5040.00000  26.1%     -    1s
     0     0 5040.00000    0 5352 3998.00000 5040.00000  26.1%     -    3s
H    0     0                    4007.0000000 5040.00000  25.8%     -    3s
     0     0 5040.00000    0 10447 4007.00000 5040.00000  25.8%     -    4s
     0     0 5040.00000    0 5976 4007.00000 5040.00000  25.8%     -    7s
     0     0 5040.00000    0 5421 4007.00000 5040.00000  25.8%     -    8s
H    0     0                    4137.0000000 5040.00000  21.8%     -    9s
H    0     0                    4150.0000000 5040.00000  21.4%     -   10s
H    0     0                    4291.0000000 5040.00000  17.5%     -   10s
H    0     0                    4298.0000000 5040.00000  17.3%     -   12s
H    0     0                    4312.0000000 5040.00000  16.9%     -   12s
H    0     0                    4318.0000000 5040.00000  16.7%     -   12s
H    0     2                    4338.0000000 5040.00000  16.2%     -   14s
     0     2 5040.00000    0 4683 4338.00000 5040.00000  16.2%     -   14s
     3     8 5040.00000    2 10401 4338.00000 5040.00000  16.2% 13457   17s
    15    32 5040.00000    4 16093 4338.00000 5040.00000  16.2% 20746   61s
H   31    64                    4346.0000000 5040.00000  16.0% 33646  643s
H   32    64                    4350.0000000 5040.00000  15.9% 34422  643s
H   37    64                    4351.0000000 5040.00000  15.8% 37524  643s
H   38    64                    4355.0000000 5040.00000  15.7% 38520  643s
H   41    64                    4359.0000000 5040.00000  15.6% 38881  643s
H   52    64                    4369.0000000 5040.00000  15.4% 55288  643s
    63   124 5040.00000    6 29096 4369.00000 5040.00000  15.4% 85481 4583s
H  123   124                    4796.0000000 5040.00000  5.09% 191497 8110s
   124   125 5040.00000    7 3776 4796.00000 5040.00000  5.09% 189953 9277s
H  125   119                    4803.0000000 5040.00000  4.93% 188433 9278s
H  126   113                    4805.0000000 5040.00000  4.89% 186938 9278s
H  128   109                    4809.0000000 5040.00000  4.80% 184017 9281s
H  133   107                    4822.0000000 5040.00000  4.52% 177099 9285s
   134   108 5040.00000    7 3808 4822.00000 5040.00000  4.52% 175777 9290s
H  134   104                    4826.0000000 5040.00000  4.43% 177160 9292s
H  165   150                    4828.0000000 5040.00000  4.39% 144933 9293s
H  166   145                    4832.0000000 5040.00000  4.30% 144079 9293s
H  257   230                    4843.0000000 5040.00000  4.07% 94772 9296s
H  257   225                    4852.0000000 5040.00000  3.87% 94772 9296s
H  258   220                    4855.0000000 5040.00000  3.81% 94417 9296s
H  259   216                    4863.0000000 5040.00000  3.64% 94065 9296s
H  260   212                    4864.0000000 5040.00000  3.62% 93716 9296s
H  267   205                    4866.0000000 5040.00000  3.58% 91344 9296s
H  306   189                    4867.0000000 5040.00000  3.55% 80119 9296s
H  377   304                    4868.0000000 5040.00000  3.53% 65653 9326s
H  378   304                    4876.0000000 5040.00000  3.36% 65488 9326s
H  382   304                    4895.0000000 5040.00000  2.96% 64836 9326s
H  411   304                    4900.0000000 5040.00000  2.86% 60492 9326s
H  437   364                    4904.0000000 5040.00000  2.77% 57087 9328s
H  497   424                    4933.0000000 5040.00000  2.17% 50603 9365s
H  500   424                    4938.0000000 5040.00000  2.07% 50318 9365s
H  677   604                    4960.0000000 5040.00000  1.61% 38027 9406s
   737  1684 5040.00000   20 5509 4960.00000 5040.00000  1.61% 35207 9413s
H  773  1684                    4962.0000000 5040.00000  1.57% 33719 9413s
H  917  1684                    4964.0000000 5040.00000  1.53% 28970 9413s
H 1205  1684                    4965.0000000 5040.00000  1.51% 22923 9413s
  1817  2223 5040.00000   29 5503 4965.00000 5040.00000  1.51% 16474 9444s
H 1825  2223                    4967.0000000 5040.00000  1.47% 16414 9444s
H 1852  2223                    4968.0000000 5040.00000  1.45% 16222 9444s
H 1870  2223                    4969.0000000 5040.00000  1.43% 16097 9444s
H 1933  2223                    4970.0000000 5040.00000  1.41% 15681 9444s
H 1960  2223                    4976.0000000 5040.00000  1.29% 15510 9444s
H 2357  3390                    4980.0000000 5040.00000  1.20% 13457 9464s
H 2358  3390                    4982.0000000 5040.00000  1.16% 13452 9464s
H 2359  3390                    4987.0000000 5040.00000  1.06% 13448 9464s
H 2925  3390                    4988.0000000 5040.00000  1.04% 11497 9464s
H 3162  3390                    4991.0000000 5040.00000  0.98% 10886 9464s
H 3524  8057                    4993.0000000 5040.00000  0.94% 10113 9503s
H 3624  8057                    4995.0000000 5040.00000  0.90%  9924 9503s
H 5415  8057                    4996.0000000 5040.00000  0.88%  7758 9503s
H 6439  8057                    4997.0000000 5040.00000  0.86%  7072 9503s
  8213  9606 5040.00000   84 5541 4997.00000 5040.00000  0.86%  6288 9536s
H 8325  9606                    4998.0000000 5040.00000  0.84%  6248 9536s
H 8326  9606                    4999.0000000 5040.00000  0.82%  6247 9536s
H 8629  9606                    5000.0000000 5040.00000  0.80%  6150 9536s
H 8746  9606                    5001.0000000 5040.00000  0.78%  6116 9536s
  9765 11155 5040.00000  140 5554 5001.00000 5040.00000  0.78%  5844 9746s
H 9790 11155                    5003.0000000 5040.00000  0.74%  5838 9746s
H 9921 11155                    5004.0000000 5040.00000  0.72%  5803 9746s
 11330 11215 5040.00000  153 5563 5004.00000 5040.00000  0.72%  5513 10248s
H11332 11215                    5006.0000000 5040.00000  0.68%  5512 10248s
H11335 11215                    5007.0000000 5040.00000  0.66%  5512 10248s
 11390 24639 5040.00000  153 5567 5007.00000 5040.00000  0.66%  5519 10379s
 15100 24639 5029.33333  286 6176 5007.00000 5040.00000  0.66%  5185 10380s
 25173 24694 5033.33333  270 5633 5007.00000 5040.00000  0.66%  4834 10417s
H25199 24690                    5008.0000000 5040.00000  0.64%  4832 10417s
H25238 24550                    5009.0000000 5040.00000  0.62%  4830 10450s
H25336 24240                    5011.0000000 5040.00000  0.58%  4823 10860s
H25345 24071                    5012.0000000 5040.00000  0.56%  4823 10860s
H25350 23753                    5013.0000000 5040.00000  0.54%  4823 10860s
 25403 23762 5030.00000  271 5665 5013.00000 5040.00000  0.54%  4820 11177s
H25404 23265                    5015.0000000 5040.00000  0.50%  4820 11177s
H25409 22977                    5016.0000000 5040.00000  0.48%  4820 11177s
H25456 22339                    5018.0000000 5040.00000  0.44%  4817 11177s
 25504 22354 5033.00000  272 5640 5018.00000 5040.00000  0.44%  4813 11216s
H25512 22015                    5019.0000000 5040.00000  0.42%  4812 11216s
H25535 21686                    5020.0000000 5040.00000  0.40%  4811 11216s
 25597 21711 5033.00000  272 5639 5020.00000 5040.00000  0.40%  4808 11476s
H25598 21318                    5021.0000000 5040.00000  0.38%  4807 11476s
H25641 20971                    5022.0000000 5040.00000  0.36%  4805 11476s
 25668 22543 5032.66667  273 5642 5022.00000 5040.00000  0.36%  4803 11735s
H25721 21873                    5024.0000000 5040.00000  0.32%  4800 11735s
H26180 21480                    5025.0000000 5040.00000  0.30%  4777 11735s
 27288 27785 5029.33333  286 5640 5025.00000 5040.00000  0.30%  4721 11814s
H32349 27373                    5026.0000000 5040.00000  0.28%  4525 11814s
 34073 45465     cutoff  334      5026.00000 5040.00000  0.28%  4470 11927s
 54136 45508 5038.33333   72 5509 5026.00000 5040.00000  0.28%  4079 12131s
H54139 44457                    5027.0000000 5040.00000  0.26%  4079 12131s
H54142 40801                    5029.0000000 5040.00000  0.22%  4078 12131s
 54212 48426 5038.33333   73 5526 5029.00000 5040.00000  0.22%  4078 12198s
H55690 46517                    5030.0000000 5040.00000  0.20%  4062 12198s
 62966 46178 5038.66667   54 5558 5030.00000 5040.00000  0.20%  3989 12235s
H62974 43575                    5031.0000000 5040.00000  0.18%  3989 12235s
 63093 43541 5038.66667   55 5559 5031.00000 5040.00000  0.18%  3987 12366s
H63094 40549                    5032.0000000 5040.00000  0.16%  3987 12366s
 63237 47727 5038.66667   56 5562 5032.00000 5040.00000  0.16%  3984 12430s
 71621 47778 5037.00000  119 5504 5032.00000 5040.00000  0.16%  3921 12470s
H71630 44405                    5033.0000000 5040.00000  0.14%  3921 12470s
 71683 50503 5037.00000  120 5528 5033.00000 5040.00000  0.14%  3920 12528s
 79027 50538 5040.00000   29 5542 5033.00000 5040.00000  0.14%  3878 12698s
H79071 45541                    5034.0000000 5040.00000  0.12%  3878 12698s
 79101 51284 5040.00000   30 5554 5034.00000 5040.00000  0.12%  3878 12756s
 86724 51300 5037.00000  158 5626 5034.00000 5040.00000  0.12%  3844 12920s
H86768 45285                    5035.0000000 5040.00000  0.10%  3844 12920s
 86797 46545 5037.00000  159 5638 5035.00000 5040.00000  0.10%  3844 13334s
 88426 47734 5036.66667  165 5603 5035.00000 5040.00000  0.10%  3837 13383s
 89946 59484 5036.00000  170 5611 5035.00000 5040.00000  0.10%  3833 13502s
 105780 59515 5040.00000   42 5539 5035.00000 5040.00000  0.10%  3793 13765s
 105862 60898 5040.00000   43 5540 5035.00000 5040.00000  0.10%  3792 13858s
H106953 51235                    5036.0000000 5040.00000  0.08%  3789 13858s
 107494 52335 5040.00000   70 5528 5036.00000 5040.00000  0.08%  3788 13910s
 109241 53785 5039.00000   93 5554 5036.00000 5040.00000  0.08%  3785 13997s
 111174 57346 5037.00000  193 5616 5036.00000 5040.00000  0.08%  3780 14523s
 115454 74714     cutoff  197      5036.00000 5040.00000  0.08%  3770 14734s
 128881 74714 5038.00000  122 5682 5036.00000 5040.00000  0.08%  3746 14735s
 139095 75961 5040.00000   47 5543 5036.00000 5040.00000  0.08%  3734 14887s
 140801 76120 5040.00000   42 5532 5036.00000 5040.00000  0.08%  3730 15195s
 141092 99099 5040.00000   43 5538 5036.00000 5040.00000  0.08%  3729 15347s
 172452 99154 5040.00000   68 5500 5036.00000 5040.00000  0.08%  3691 15581s
 172516 100437 5040.00000   69 5509 5036.00000 5040.00000  0.08%  3691 16252s
 174279 104514 5037.00000   95 5518 5036.00000 5040.00000  0.08%  3688 16320s
 179617 106611 5037.33333   74 5546 5036.00000 5040.00000  0.08%  3679 16430s
 182480 109231     cutoff   75      5036.00000 5040.00000  0.08%  3674 16634s
 185704 125551     cutoff   88      5036.00000 5040.00000  0.08%  3670 17274s
 207485 126554     cutoff   91      5036.00000 5040.00000  0.08%  3634 17421s
 208850 126656 5037.33333   64 5518 5036.00000 5040.00000  0.08%  3631 17832s
 209012 140624     cutoff   66      5036.00000 5040.00000  0.08%  3631 18027s
 227733 141220 5040.00000   59 5541 5036.00000 5040.00000  0.08%  3626 18158s
 228684 150667 5038.66667   71 5540 5036.00000 5040.00000  0.08%  3624 18618s
 240399 153283 5037.33333   84 5609 5036.00000 5040.00000  0.08%  3613 18780s
H241061 119744                    5037.0000000 5040.00000  0.06%  3612 18780s
H243928 101975                    5038.0000000 5040.00000  0.04%  3609 19088s
H244435 26521                    5040.0000000 5040.00000  0.00%  3609 19088s

Cutting planes:
  Learned: 7492

Explored 277142 nodes (991124743 simplex iterations) in 19089.05 seconds (20693.88 work units)
Thread count was 60 (of 128 available processors)

Solution count 1: 5040 

Optimal solution found (tolerance 1.00e-04)
Best objective 5.040000000000e+03, best bound 5.040000000000e+03, gap 0.0000%
