Set parameter Username
Set parameter WLSAccessID
Set parameter WLSSecret
Set parameter LicenseID to value 2533279
Academic license 2533279 - for non-commercial use only - registered to bl___@rice.edu
w=3, k=10, sigma=2  5040.0/8192  -->  0.384765625
	Command being timed: "/home/Users/blk6/Projects/dbmers/scripts/run-fwd.py -w 3 -k 10 --sigma 2"
	User time (seconds): 524030.19
	System time (seconds): 981.66
	Percent of CPU this job got: 2749%
	Elapsed (wall clock) time (h:mm:ss or m:ss): 5:18:14
	Average shared text size (kbytes): 0
	Average unshared data size (kbytes): 0
	Average stack size (kbytes): 0
	Average total size (kbytes): 0
	Maximum resident set size (kbytes): 43570160
	Average resident set size (kbytes): 0
	Major (requiring I/O) page faults: 0
	Minor (reclaiming a frame) page faults: 15263093
	Voluntary context switches: 597991165
	Involuntary context switches: 3591910
	Swaps: 0
	File system inputs: 0
	File system outputs: 1032
	Socket messages sent: 0
	Socket messages received: 0
	Signals delivered: 0
	Page size (bytes): 4096
	Exit status: 0
