
Gurobi 10.0.3 (linux64) logging started Mon Jul 15 12:35:05 2024

Set parameter LogFile to value "fwd/logs/w3-k1-s2.log"
Set parameter BestObjStop to value 7
Set parameter PoolSearchMode to value 2
Set parameter PoolSolutions to value 1
Set parameter Heuristics to value 1
Set parameter Threads to value 60
Set parameter Threads to value 60
Gurobi Optimizer version 10.0.3 build v10.0.3rc0 (linux64)

CPU model: AMD EPYC 7742 64-Core Processor, instruction set [SSE2|AVX|AVX2]
Thread count: 64 physical cores, 128 logical processors, using up to 60 threads

Academic license 2533279 - for non-commercial use only - registered to bl___@rice.edu
Optimize a model with 6 rows, 24 columns and 16 nonzeros
Model fingerprint: 0x36596e50
Model has 32 general constraints
Variable types: 0 continuous, 24 integer (16 binary)
Coefficient statistics:
  Matrix range     [1e+00, 1e+00]
  Objective range  [1e+00, 1e+00]
  Bounds range     [1e+00, 2e+00]
  RHS range        [1e+00, 2e+00]
  GenCon rhs range [1e+00, 1e+00]
  GenCon coe range [1e+00, 1e+00]
Found heuristic solution: objective -0.0000000
Presolve added 39 rows and 25 columns
Presolve time: 0.00s
Presolved: 45 rows, 49 columns, 109 nonzeros
Presolved model has 14 SOS constraint(s)
Variable types: 0 continuous, 49 integer (14 binary)

Root relaxation: objective 7.000000e+00, 24 iterations, 0.00 seconds (0.00 work units)

    Nodes    |    Current Node    |     Objective Bounds      |     Work
 Expl Unexpl |  Obj  Depth IntInf | Incumbent    BestBd   Gap | It/Node Time

     0     0    7.00000    0    7   -0.00000    7.00000      -     -    0s
H    0     0                       5.0000000    7.00000  40.0%     -    0s
H    0     0                       6.0000000    7.00000  16.7%     -    0s
H    0     0                       7.0000000    7.00000  0.00%     -    0s

Explored 1 nodes (24 simplex iterations) in 0.02 seconds (0.00 work units)
Thread count was 60 (of 128 available processors)

Solution count 1: 7 

Optimal solution found (tolerance 1.00e-04)
Best objective 7.000000000000e+00, best bound 7.000000000000e+00, gap 0.0000%
