Set parameter Username
Set parameter WLSAccessID
Set parameter WLSSecret
Set parameter LicenseID to value 2533279
Academic license 2533279 - for non-commercial use only - registered to bl___@rice.edu
w=3, k=6, sigma=2  306.0/512  -->  0.40234375
	Command being timed: "/home/Users/blk6/Projects/dbmers/scripts/run-fwd.py -w 3 -k 6 --sigma 2"
	User time (seconds): 2256.46
	System time (seconds): 73.01
	Percent of CPU this job got: 989%
	Elapsed (wall clock) time (h:mm:ss or m:ss): 3:55.39
	Average shared text size (kbytes): 0
	Average unshared data size (kbytes): 0
	Average stack size (kbytes): 0
	Average total size (kbytes): 0
	Maximum resident set size (kbytes): 2884564
	Average resident set size (kbytes): 0
	Major (requiring I/O) page faults: 0
	Minor (reclaiming a frame) page faults: 719798
	Voluntary context switches: 9474577
	Involuntary context switches: 3690373
	Swaps: 0
	File system inputs: 0
	File system outputs: 208
	Socket messages sent: 0
	Socket messages received: 0
	Signals delivered: 0
	Page size (bytes): 4096
	Exit status: 0
