
Gurobi 10.0.3 (linux64) logging started Mon Jul 15 11:56:41 2024

Set parameter LogFile to value "fwd/logs/w3-k6-s2.log"
Set parameter BestObjStop to value 306.5
Set parameter PoolSearchMode to value 2
Set parameter PoolSolutions to value 1
Set parameter Heuristics to value 0.9
Set parameter Threads to value 60
Set parameter Threads to value 60
Gurobi Optimizer version 10.0.3 build v10.0.3rc0 (linux64)

CPU model: AMD EPYC 7742 64-Core Processor, instruction set [SSE2|AVX|AVX2]
Thread count: 64 physical cores, 128 logical processors, using up to 60 threads

Academic license 2533279 - for non-commercial use only - registered to bl___@rice.edu
Optimize a model with 4807 rows, 768 columns and 64461 nonzeros
Model fingerprint: 0x1e1b904b
Model has 1024 general constraints
Variable types: 0 continuous, 768 integer (512 binary)
Coefficient statistics:
  Matrix range     [1e+00, 6e+00]
  Objective range  [1e+00, 1e+00]
  Bounds range     [1e+00, 2e+00]
  RHS range        [1e+00, 1e+01]
  GenCon rhs range [1e+00, 1e+00]
  GenCon coe range [1e+00, 1e+00]
Found heuristic solution: objective -0.0000000
Presolve added 1259 rows and 1017 columns
Presolve time: 0.15s
Presolved: 6066 rows, 1785 columns, 65814 nonzeros
Presolved model has 510 SOS constraint(s)
Variable types: 0 continuous, 1785 integer (510 binary)

Root simplex log...

Iteration    Objective       Primal Inf.    Dual Inf.      Time
   26913    3.0599917e+02   4.544148e+04   0.000000e+00      5s
   28538    3.0600000e+02   0.000000e+00   0.000000e+00      6s

Root relaxation: objective 3.060000e+02, 28538 iterations, 5.34 seconds (7.45 work units)

    Nodes    |    Current Node    |     Objective Bounds      |     Work
 Expl Unexpl |  Obj  Depth IntInf | Incumbent    BestBd   Gap | It/Node Time

     0     0  306.00000    0  355   -0.00000  306.00000      -     -    6s
H    0     0                     216.0000000  306.00000  41.7%     -    6s
H    0     0                     218.0000000  306.00000  40.4%     -    7s
     0     0  306.00000    0 1637  218.00000  306.00000  40.4%     -    9s
H    0     0                     228.0000000  306.00000  34.2%     -    9s
H    0     0                     230.0000000  306.00000  33.0%     -    9s
     0     0  306.00000    0 1287  230.00000  306.00000  33.0%     -   10s
H    0     0                     241.0000000  306.00000  27.0%     -   14s
H    0     0                     245.0000000  306.00000  24.9%     -   14s
H    0     0                     246.0000000  306.00000  24.4%     -   14s
     0     0  306.00000    0  757  246.00000  306.00000  24.4%     -   14s
H    0     0                     253.0000000  306.00000  20.9%     -   14s
H    0     0                     256.0000000  306.00000  19.5%     -   14s
     0     0  306.00000    0 1045  256.00000  306.00000  19.5%     -   15s
     0     0  306.00000    0  798  256.00000  306.00000  19.5%     -   20s
H    0     0                     260.0000000  306.00000  17.7%     -   20s
H    0     0                     276.0000000  306.00000  10.9%     -   20s
H    0     0                     277.0000000  306.00000  10.5%     -   20s
     0     0  306.00000    0 1158  277.00000  306.00000  10.5%     -   21s
     0     0  306.00000    0 1075  277.00000  306.00000  10.5%     -   26s
     0     0  306.00000    0  850  277.00000  306.00000  10.5%     -   28s
H    0     0                     287.0000000  306.00000  6.62%     -   32s
H    0     0                     289.0000000  306.00000  5.88%     -   32s
H    0     0                     291.0000000  306.00000  5.15%     -   33s
     0     2  306.00000    0  850  291.00000  306.00000  5.15%     -   34s
     1     4  306.00000    1  694  291.00000  306.00000  5.15%  3440   35s
    15    32  306.00000    4 1864  291.00000  306.00000  5.15%  4556   42s
H   25    32                     292.0000000  306.00000  4.79%  5951   42s
H   28    32                     294.0000000  306.00000  4.08%  6050   42s
    31    64  306.00000    5 1782  294.00000  306.00000  4.08%  7382   49s
H   33    64                     298.0000000  306.00000  2.68%  7062   49s
H   35    64                     299.0000000  306.00000  2.34%  6859   49s
H   37    64                     303.0000000  306.00000  0.99%  6696   49s
H   51    64                     304.0000000  306.00000  0.66%  6306   49s
    63   124  306.00000    6 1851  304.00000  306.00000  0.66%  6745  118s
H   69   124                     305.0000000  306.00000  0.33%  7055  118s
   124   124  306.00000    7  610  305.00000  306.00000  0.33%  8629  201s
   127   126  306.00000    7  593  305.00000  306.00000  0.33%  8425  210s
   129   127  306.00000    7  720  305.00000  306.00000  0.33%  8295  221s
   131   129  306.00000    7  892  305.00000  306.00000  0.33%  8168  227s
   132   129  306.00000    7 1262  305.00000  306.00000  0.33%  8106  230s
*  133   123              12     306.0000000  306.00000  0.00%  8045  233s

Cutting planes:
  Learned: 337
  Gomory: 2
  Cover: 185
  Implied bound: 163
  Zero half: 37
  Relax-and-lift: 27

Explored 133 nodes (1264495 simplex iterations) in 233.53 seconds (459.55 work units)
Thread count was 60 (of 128 available processors)

Solution count 1: 306 

Optimal solution found (tolerance 1.00e-04)
Best objective 3.060000000000e+02, best bound 3.060000000000e+02, gap 0.0000%
