Set parameter Username
Set parameter WLSAccessID
Set parameter WLSSecret
Set parameter LicenseID to value 2533279
Academic license 2533279 - for non-commercial use only - registered to bl___@rice.edu
w=3, k=3, sigma=2  35.0/64  -->  0.453125
	Command being timed: "/home/Users/blk6/Projects/dbmers/scripts/run-fwd.py -w 3 -k 3 --sigma 2"
	User time (seconds): 6.81
	System time (seconds): 8.15
	Percent of CPU this job got: 899%
	Elapsed (wall clock) time (h:mm:ss or m:ss): 0:01.66
	Average shared text size (kbytes): 0
	Average unshared data size (kbytes): 0
	Average stack size (kbytes): 0
	Average total size (kbytes): 0
	Maximum resident set size (kbytes): 126752
	Average resident set size (kbytes): 0
	Major (requiring I/O) page faults: 1
	Minor (reclaiming a frame) page faults: 25162
	Voluntary context switches: 6348
	Involuntary context switches: 948359
	Swaps: 0
	File system inputs: 0
	File system outputs: 64
	Socket messages sent: 0
	Socket messages received: 0
	Signals delivered: 0
	Page size (bytes): 4096
	Exit status: 0
