
Gurobi 10.0.3 (linux64) logging started Mon Sep  2 07:52:02 2024

Set parameter LogFile to value "fwd/logs/w3-k5-s3.log"

Gurobi 10.0.3 (linux64) logging started Mon Sep  2 07:52:02 2024

Set parameter LogFile to value "fwd/logs/w3-k5-s3.log"
Set parameter Heuristics to value 0.8
Set parameter Heuristics to value 0.8
Gurobi Optimizer version 10.0.3 build v10.0.3rc0 (linux64)

CPU model: AMD EPYC 7742 64-Core Processor, instruction set [SSE2|AVX|AVX2]
Thread count: 64 physical cores, 128 logical processors, using up to 128 threads

Academic license 2533279 - for non-commercial use only - registered to bl___@rice.edu
Optimize a model with 1245 rows, 8748 columns and 9099 nonzeros
Model fingerprint: 0x5228bd79
Model has 13122 general constraints
Variable types: 0 continuous, 8748 integer (6561 binary)
Coefficient statistics:
  Matrix range     [1e+00, 1e+00]
  Objective range  [1e+00, 1e+00]
  Bounds range     [1e+00, 2e+00]
  RHS range        [1e+00, 3e+00]
  GenCon rhs range [1e+00, 1e+00]
  GenCon coe range [1e+00, 1e+00]

Concurrent MIP optimizer: 64 concurrent instances (2 threads per instance)


User MIP start produced solution with objective 2817 (0.48s)
Loaded user MIP start with objective 2817

Presolve added 19617 rows and 13110 columns
Presolve time: 0.38s
Presolved: 20862 rows, 21858 columns, 54879 nonzeros
Presolved model has 6558 SOS constraint(s)
Variable types: 0 continuous, 21858 integer (6558 binary)
Root relaxation presolved: 20862 rows, 21858 columns, 54879 nonzeros

Concurrent LP optimizer: dual simplex and barrier
Showing barrier log only...

Root barrier log...

Ordering time: 0.33s

Barrier performed 0 iterations in 1.36 seconds (0.23 work units)
Barrier solve interrupted - model solved by another algorithm


Solved with dual simplex

Root relaxation: objective 2.488000e+03, 8887 iterations, 0.42 seconds (0.07 work units)

    Nodes    |    Current Node    |     Objective Bounds      |     Work
 Expl Unexpl |  Obj  Depth IntInf | Incumbent    BestBd   Gap | It/Node Time

     0     0      -    -    -     2817.00000 2488.00000  11.7%     -    2s
     0     0      -    -    -     2811.00000 2488.00000  11.5%     -    4s
     0     0      -    -    -     2811.00000 2488.00000  11.5%     -    5s
     0     0      -    -    -     2811.00000 2488.00000  11.5%     -    8s
     0     0      -    -    -     2811.00000 2488.00000  11.5%     -   11s
     0     0      -    -    -     2808.00000 2488.00000  11.4%     -   81s
     0     0      -    -    -     2806.00000 2488.00000  11.3%     -   84s
     0     2      -    -    -     2800.00000 2488.00000  11.1%     -   91s
     3     6      -    -    -     2799.00000 2488.00000  11.1%     -  102s
     5     8      -    -    -     2797.00000 2488.00000  11.0%     -  109s
     7    10      -    -    -     2797.00000 2488.00000  11.0%     -  112s
     9    12      -    -    -     2790.00000 2488.00000  10.8%     -  121s
    11    14      -    -    -     2790.00000 2488.00000  10.8%     -  132s
    13    17      -    -    -     2790.00000 2488.00000  10.8%     -  149s
    16    21      -    -    -     2786.00000 2488.00000  10.7%     -  170s
    20    35      -    -    -     2786.00000 2488.00000  10.7%     -  195s
    34    90      -    -    -     2783.00000 2488.00000  10.6%     -  260s
    89   486      -    -    -     2773.00000 2488.00000  10.3%     -  403s
   487   693      -    -    -     2770.00000 2488.00000  10.2%     -  462s
   694   884      -    -    -     2765.00000 2488.00000  10.0%     -  514s
   885  1072      -    -    -     2764.00000 2488.00000  10.0%     -  563s
  1073  1301      -    -    -     2760.00000 2488.00000  9.86%     -  614s
  1303  1513      -    -    -     2756.00000 2488.00000  9.72%     -  665s
  1523  1757      -    -    -     2754.00000 2488.00000  9.66%     -  717s
  1774  2020      -    -    -     2753.00000 2488.00000  9.63%     -  771s
  2045  2413      -    -    -     2751.00000 2488.00000  9.56%     -  836s
  2449  2822      -    -    -     2747.00000 2488.00000  9.43%     -  902s
  2868  3269      -    -    -     2744.00000 2488.00000  9.33%     -  970s
  3321  3750      -    -    -     2744.00000 2488.00000  9.33%     - 1032s
  3823  3751      -    -    -     2741.00000 2488.00000  9.23%     - 1049s
  3825  3752      -    -    -     2741.00000 2488.00000  9.23%     - 1053s
  3826  3753      -    -    -     2741.00000 2488.00000  9.23%     - 1059s
  3827  3754      -    -    -     2741.00000 2488.00000  9.23%     - 1061s
  3828  3754      -    -    -     2739.00000 2488.00000  9.16%     - 1076s
  3829  3755      -    -    -     2739.00000 2488.00000  9.16%     - 1112s
  3830  3756      -    -    -     2739.00000 2488.00000  9.16%     - 1197s
  3831  3756      -    -    -     2739.00000 2488.16667  9.16%     - 1260s
  3832  3757      -    -    -     2739.00000 2488.16667  9.16%     - 1398s
  3833  3758      -    -    -     2739.00000 2488.16667  9.16%     - 1402s
  3834  3758      -    -    -     2739.00000 2488.16667  9.16%     - 1409s
  3835  3762      -    -    -     2739.00000 2488.16667  9.16%     - 1412s
  3853  3774      -    -    -     2739.00000 2488.16667  9.16%     - 1415s
  3888  3827      -    -    -     2739.00000 2488.16667  9.16%     - 1423s
  3920  3849      -    -    -     2738.00000 2488.16667  9.12%     - 1431s
  3952  3924      -    -    -     2738.00000 2488.16667  9.12%     - 1452s
  4038  4064      -    -    -     2735.00000 2488.16667  9.02%     - 1472s
  4207  3956      -    -    -     2735.00000 2488.16667  9.02%     - 1491s
  4344  3864      -    -    -     2735.00000 2488.16667  9.02%     - 1512s
  4476  3796      -    -    -     2735.00000 2488.16667  9.02%     - 1533s
  4622  3719      -    -    -     2734.00000 2488.33333  8.99%     - 1555s
  4754  3815      -    -    -     2733.00000 2488.33333  8.95%     - 1578s
  4896  3610      -    -    -     2732.00000 2488.33333  8.92%     - 1602s
  5038  3315      -    -    -     2731.00000 2488.33333  8.89%     - 1626s
  5188  3294      -    -    -     2730.00000 2488.33333  8.85%     - 1652s
  5335  3396      -    -    -     2730.00000 2488.33333  8.85%     - 1679s
  5493  3385      -    -    -     2729.00000 2488.33333  8.82%     - 1708s
  5649  3391      -    -    -     2726.00000 2488.33333  8.72%     - 1736s
  5817  3421      -    -    -     2723.00000 2488.33333  8.62%     - 1769s
  6004  3544      -    -    -     2721.00000 2488.33333  8.55%     - 1803s
  6196  3650      -    -    -     2715.00000 2488.33333  8.35%     - 1846s
  6366  3721      -    -    -     2712.00000 2488.33333  8.25%     - 1894s
  6591  3903      -    -    -     2711.00000 2488.39394  8.21%     - 1947s
  6848  4098      -    -    -     2710.00000 2488.39394  8.18%     - 2008s
  7128  4316      -    -    -     2707.00000 2488.39394  8.08%     - 2070s
  7440  4454      -    -    -     2704.00000 2488.39394  7.97%     - 2139s
  7774  4608      -    -    -     2704.00000 2488.39394  7.97%     - 2211s
  8126  4880      -    -    -     2704.00000 2488.46667  7.97%     - 2288s
  8515  5027      -    -    -     2703.00000 2488.46667  7.94%     - 2362s
  8951  5185      -    -    -     2703.00000 2488.46667  7.94%     - 2408s
  9118  5408      -    -    -     2698.00000 2488.46667  7.77%     - 2449s
  9348  5606      -    -    -     2698.00000 2488.46667  7.77%     - 2494s
  9548  5785      -    -    -     2698.00000 2488.46667  7.77%     - 2534s
  9739  5889      -    -    -     2698.00000 2488.46667  7.77%     - 2568s
  9847  5915      -    -    -     2698.00000 2488.46667  7.77%     - 2598s
  9886  5967      -    -    -     2698.00000 2488.46667  7.77%     - 2635s
  9938  6019      -    -    -     2698.00000 2488.46667  7.77%     - 2682s
  9990  6046      -    -    -     2696.00000 2488.46667  7.70%     - 2755s
 10042  6040      -    -    -     2682.00000 2488.66667  7.21%     - 2961s
 10094  6172      -    -    -     2682.00000 2488.66667  7.21%     - 2996s
 10274  6370      -    -    -     2681.00000 2488.66667  7.17%     - 3044s
 10472  6558      -    -    -     2675.00000 2488.66667  6.97%     - 3091s
 10667  6643      -    -    -     2675.00000 2488.66667  6.97%     - 3131s
 10752  6692      -    -    -     2675.00000 2488.66667  6.97%     - 3161s
 10806  6718      -    -    -     2675.00000 2488.66667  6.97%     - 3200s
 10860  6766      -    -    -     2674.00000 2488.66667  6.93%     - 3233s
 10914  6809      -    -    -     2674.00000 2488.66667  6.93%     - 3283s
 10968  6859      -    -    -     2674.00000 2488.66667  6.93%     - 3340s
 11022  6903      -    -    -     2674.00000 2488.73810  6.93%     - 3396s
 11076  6957      -    -    -     2673.00000 2488.73810  6.89%     - 3500s
 11130  7011      -    -    -     2670.00000 2488.77778  6.79%     - 3741s
 11184  7013      -    -    -     2668.00000 2488.83333  6.72%     - 4136s
 11186  7063      -    -    -     2667.00000 2488.88889  6.68%     - 4580s
 11236  7108      -    -    -     2667.00000 2488.91667  6.68%     - 5167s
 11290  7099      -    -    -     2667.00000 2488.92593  6.68%     - 5464s
 11292  7149      -    -    -     2667.00000 2488.94444  6.68%     - 5935s
 11342  7626      -    -    -     2667.00000 2488.94444  6.68%     - 6040s
 11819  8138      -    -    -     2667.00000 2488.94444  6.68%     - 6135s
 12331  8678      -    -    -     2667.00000 2488.94444  6.68%     - 6233s
 12871  9172      -    -    -     2667.00000 2488.97222  6.68%     - 6325s
 13383  9499      -    -    -     2667.00000 2488.97222  6.68%     - 6405s
 13736  9776      -    -    -     2667.00000 2488.97222  6.68%     - 6468s
 14013 10064      -    -    -     2667.00000 2488.97222  6.68%     - 6526s
 14301 10373      -    -    -     2667.00000 2488.97222  6.68%     - 6583s
 14610 10676      -    -    -     2667.00000 2488.97222  6.68%     - 6636s
 14913 10678      -    -    -     2667.00000 2488.97222  6.68%     - 6963s
 14915 10680      -    -    -     2667.00000 2488.97222  6.68%     - 7302s
 14917 10729      -    -    -     2667.00000 2489.01852  6.67%     - 7675s
 14971 10944      -    -    -     2667.00000 2489.01852  6.67%     - 7743s
 15197 11198      -    -    -     2667.00000 2489.01852  6.67%     - 7813s
 15451 11461      -    -    -     2667.00000 2489.01852  6.67%     - 7886s
 15714 11807      -    -    -     2667.00000 2489.01852  6.67%     - 7961s
 16060 12160      -    -    -     2667.00000 2489.05556  6.67%     - 8036s
 16413 12520      -    -    -     2667.00000 2489.05556  6.67%     - 8112s
 16773 12868      -    -    -     2667.00000 2489.05556  6.67%     - 8187s
 17121 13299      -    -    -     2667.00000 2489.05556  6.67%     - 8273s
 17552 13691      -    -    -     2667.00000 2489.05556  6.67%     - 8346s
 17944 14109      -    -    -     2667.00000 2489.05556  6.67%     - 8419s
 18362 14111      -    -    -     2667.00000 2489.11111  6.67%     - 8671s
 18364 14113      -    -    -     2667.00000 2489.11111  6.67%     - 8969s
 18366 14490      -    -    -     2667.00000 2489.11111  6.67%     - 9049s
 18743 14992      -    -    -     2667.00000 2489.11111  6.67%     - 9142s
 19245 15496      -    -    -     2667.00000 2489.11111  6.67%     - 9235s
 19749 15972      -    -    -     2667.00000 2489.11111  6.67%     - 9321s
 20225 16494      -    -    -     2667.00000 2489.33333  6.66%     - 9409s
 20747 17001      -    -    -     2667.00000 2489.33333  6.66%     - 9494s
 21254 17515      -    -    -     2667.00000 2489.33333  6.66%     - 9578s
 21768 18011      -    -    -     2667.00000 2489.33333  6.66%     - 9661s
 22264 18526      -    -    -     2667.00000 2489.33333  6.66%     - 9739s
 22779 18997      -    -    -     2667.00000 2489.48611  6.66%     - 9813s
 23250 19481      -    -    -     2667.00000 2489.48611  6.66%     - 9888s
 23734 19953      -    -    -     2667.00000 2489.48611  6.66%     - 9960s
 24206 20420      -    -    -     2667.00000 2489.48611  6.66%     - 10032s
 24673 20886      -    -    -     2667.00000 2489.48611  6.66%     - 10104s
 25139 20888      -    -    -     2667.00000 2489.50000  6.66%     - 10469s
 25141 20890      -    -    -     2667.00000 2489.50000  6.66%     - 10827s
 25143 20884      -    -    -     2667.00000 2489.50000  6.66%     - 11259s
 25193 21275      -    -    -     2667.00000 2489.50000  6.66%     - 11328s
 25595 21673      -    -    -     2667.00000 2489.50000  6.66%     - 11395s
 25993 22085      -    -    -     2667.00000 2489.50000  6.66%     - 11463s
 26405 22484      -    -    -     2667.00000 2489.50000  6.66%     - 11533s
 26804 22882      -    -    -     2667.00000 2489.50000  6.66%     - 11603s
 27202 23352      -    -    -     2667.00000 2489.50000  6.66%     - 11675s
 27672 23823      -    -    -     2667.00000 2489.50000  6.66%     - 11745s
 28143 24266      -    -    -     2667.00000 2489.50000  6.66%     - 11813s
 28586 24719      -    -    -     2667.00000 2489.50000  6.66%     - 11876s
 29039 25169      -    -    -     2667.00000 2489.50000  6.66%     - 11937s
 29489 25617      -    -    -     2667.00000 2489.50000  6.66%     - 12000s
 29937 25884      -    -    -     2667.00000 2489.50000  6.66%     - 12053s
 30333 26060      -    -    -     2667.00000 2489.50000  6.66%     - 12090s
 30509 26244      -    -    -     2667.00000 2489.50000  6.66%     - 12131s
 30693 26425      -    -    -     2667.00000 2489.50000  6.66%     - 12173s
 30874 26587      -    -    -     2667.00000 2489.50000  6.66%     - 12216s
 31036 26785      -    -    -     2667.00000 2489.50000  6.66%     - 12265s
 31234 27002      -    -    -     2667.00000 2489.50000  6.66%     - 12316s
 31451 27004      -    -    -     2667.00000 2489.50000  6.66%     - 12672s
 31453 27006      -    -    -     2667.00000 2489.55556  6.65%     - 13299s
 31455 27250      -    -    -     2667.00000 2489.56790  6.65%     - 13351s
 31699 27542      -    -    -     2667.00000 2489.56790  6.65%     - 13405s
 31991 27887      -    -    -     2667.00000 2489.56790  6.65%     - 13461s
 32336 28327      -    -    -     2667.00000 2489.56790  6.65%     - 13520s
 32776 28658      -    -    -     2667.00000 2489.56790  6.65%     - 13571s
 33149 28977      -    -    -     2667.00000 2489.56790  6.65%     - 13616s
 33468 29255      -    -    -     2667.00000 2489.57407  6.65%     - 13662s
 33776 29448      -    -    -     2667.00000 2489.57407  6.65%     - 13703s
 33969 29661      -    -    -     2667.00000 2489.57407  6.65%     - 13749s
 34182 29959      -    -    -     2667.00000 2489.57407  6.65%     - 13806s
 34480 30326      -    -    -     2667.00000 2489.57407  6.65%     - 13855s
 34847 30587      -    -    -     2667.00000 2489.57407  6.65%     - 13905s
 35170 30777      -    -    -     2667.00000 2489.57407  6.65%     - 13939s
 35364 30953      -    -    -     2667.00000 2489.57407  6.65%     - 13973s
 35540 31152      -    -    -     2667.00000 2489.57986  6.65%     - 14013s
 35739 31433      -    -    -     2667.00000 2489.57986  6.65%     - 14063s
 36020 31727      -    -    -     2667.00000 2489.57986  6.65%     - 14119s
 36314 31967      -    -    -     2667.00000 2489.57986  6.65%     - 14167s
 36588 32166      -    -    -     2667.00000 2489.57986  6.65%     - 14208s
 36787 32361      -    -    -     2667.00000 2489.57986  6.65%     - 14247s
 36982 32568      -    -    -     2667.00000 2489.57986  6.65%     - 14288s
 37189 32779      -    -    -     2667.00000 2489.57986  6.65%     - 14330s
 37400 33026      -    -    -     2667.00000 2489.57986  6.65%     - 14378s
 37647 33360      -    -    -     2667.00000 2489.57986  6.65%     - 14435s
 37981 33362      -    -    -     2667.00000 2489.57986  6.65%     - 14767s
 37983 33342      -    -    -     2667.00000 2489.57986  6.65%     - 15760s
 37985 33344      -    -    -     2667.00000 2489.57986  6.65%     - 16107s
 37987 33392      -    -    -     2667.00000 2489.57986  6.65%     - 16487s
 38035 33394      -    -    -     2667.00000 2489.57986  6.65%     - 16827s
 38037 33448      -    -    -     2667.00000 2489.57986  6.65%     - 17138s
 38091 33450      -    -    -     2667.00000 2489.59793  6.65%     - 17422s
 38093 33500      -    -    -     2667.00000 2489.64994  6.65%     - 17843s
 38143 33554      -    -    -     2667.00000 2489.77778  6.65%     - 18227s
 38197 33556      -    -    -     2667.00000 2489.83333  6.64%     - 18534s
 38199 33606      -    -    -     2667.00000 2489.83333  6.64%     - 18911s
 38249 33660      -    -    -     2667.00000 2489.83333  6.64%     - 19270s
 38303 33714      -    -    -     2667.00000 2489.83333  6.64%     - 19620s
 38357 33716      -    -    -     2667.00000 2489.83333  6.64%     - 19992s
 38359 33766      -    -    -     2667.00000 2489.96032  6.64%     - 20411s
 38409 34168      -    -    -     2667.00000 2490.00000  6.64%     - 20484s
 38811 34560      -    -    -     2667.00000 2490.00000  6.64%     - 20556s
 39203 34564      -    -    -     2667.00000 2490.00000  6.64%     - 20927s
 39207 34566      -    -    -     2667.00000 2490.00000  6.64%     - 21334s
 39209 34982      -    -    -     2667.00000 2490.00000  6.64%     - 21412s
 39625 35399      -    -    -     2667.00000 2490.00000  6.64%     - 21488s
 40042 35803      -    -    -     2667.00000 2490.00000  6.64%     - 21562s
 40446 36217      -    -    -     2667.00000 2490.00000  6.64%     - 21633s
 40860 36625      -    -    -     2667.00000 2490.00000  6.64%     - 21701s
 41268 37035      -    -    -     2667.00000 2490.00000  6.64%     - 21776s
 41678 37440      -    -    -     2667.00000 2490.00000  6.64%     - 21851s
 42083 37737      -    -    -     2667.00000 2490.00000  6.64%     - 21916s
 42442 38038      -    -    -     2667.00000 2490.00000  6.64%     - 21968s
 42743 38342      -    -    -     2667.00000 2490.00000  6.64%     - 22029s
 43047 38653      -    -    -     2667.00000 2490.00000  6.64%     - 22096s
 43358 38962      -    -    -     2667.00000 2490.00000  6.64%     - 22163s
 43667 39298      -    -    -     2667.00000 2490.00000  6.64%     - 22229s
 44003 39670      -    -    -     2667.00000 2490.00000  6.64%     - 22298s
 44375 40062      -    -    -     2667.00000 2490.00000  6.64%     - 22364s
 44767 40478      -    -    -     2667.00000 2490.00000  6.64%     - 22433s
 45183 40864      -    -    -     2667.00000 2490.00000  6.64%     - 22500s
 45623 41138      -    -    -     2667.00000 2490.00000  6.64%     - 22555s
 45897 41424      -    -    -     2667.00000 2490.00000  6.64%     - 22616s
 46183 41740      -    -    -     2667.00000 2490.00000  6.64%     - 22682s
 46499 41968      -    -    -     2667.00000 2490.00000  6.64%     - 23066s

Cutting planes:
  Learned: 5411
  Gomory: 8
  Cover: 772
  Implied bound: 634
  Flow cover: 7
  Zero half: 233
  Relax-and-lift: 228

Explored 46727 nodes (169001263 simplex iterations) in 23069.28 seconds (22259.66 work units)
Thread count was 2 (of 128 available processors)

Solution count 1: 2667 

Solve interrupted
Best objective 2.667000000000e+03, best bound 2.490000000000e+03, gap 6.6367%
