
Gurobi 10.0.3 (linux64) logging started Sun Sep  1 19:32:19 2024

Set parameter LogFile to value "fwd/logs/w3-k2-s3.log"

Gurobi 10.0.3 (linux64) logging started Sun Sep  1 19:32:19 2024

Set parameter LogFile to value "fwd/logs/w3-k2-s3.log"
Set parameter Heuristics to value 0.8
Set parameter Heuristics to value 0.8
Gurobi Optimizer version 10.0.3 build v10.0.3rc0 (linux64)

CPU model: AMD EPYC 7742 64-Core Processor, instruction set [SSE2|AVX|AVX2]
Thread count: 64 physical cores, 128 logical processors, using up to 128 threads

Academic license 2533279 - for non-commercial use only - registered to bl___@rice.edu
Optimize a model with 1220 rows, 324 columns and 8638 nonzeros
Model fingerprint: 0x65fffae3
Model has 486 general constraints
Variable types: 0 continuous, 324 integer (243 binary)
Coefficient statistics:
  Matrix range     [1e+00, 1e+00]
  Objective range  [1e+00, 1e+00]
  Bounds range     [1e+00, 2e+00]
  RHS range        [1e+00, 3e+00]
  GenCon rhs range [1e+00, 1e+00]
  GenCon coe range [1e+00, 1e+00]

Concurrent MIP optimizer: 64 concurrent instances (2 threads per instance)


User MIP start produced solution with objective 153 (0.26s)
Loaded user MIP start with objective 153

Presolve added 586 rows and 474 columns
Presolve time: 0.05s
Presolved: 1806 rows, 798 columns, 9843 nonzeros
Presolved model has 240 SOS constraint(s)
Variable types: 0 continuous, 798 integer (240 binary)
Root relaxation presolved: 1806 rows, 798 columns, 9843 nonzeros

Concurrent LP optimizer: dual simplex and barrier
Showing barrier log only...

Root barrier log...

Ordering time: 0.10s

Barrier statistics:
 AA' NZ     : 1.003e+05
 Factor NZ  : 6.633e+05 (roughly 6 MB of memory)
 Factor Ops : 4.250e+08 (less than 1 second per iteration)
 Threads    : 1

                  Objective                Residual
Iter       Primal          Dual         Primal    Dual     Compl     Time
   0   5.38170939e+02 -1.00102324e+02  1.84e+00 2.22e-16  4.12e-01     1s
   1   1.41234646e+02  2.06919664e+01  4.80e-04 1.53e-06  4.14e-02     1s

Barrier performed 1 iterations in 0.64 seconds (0.12 work units)
Barrier solve interrupted - model solved by another algorithm


Solved with dual simplex

Root relaxation: objective 1.071667e+02, 3144 iterations, 0.30 seconds (0.19 work units)

    Nodes    |    Current Node    |     Objective Bounds      |     Work
 Expl Unexpl |  Obj  Depth IntInf | Incumbent    BestBd   Gap | It/Node Time

     0     0      -    -    -      153.00000  107.16667  30.0%     -    0s
     0     0      -    -    -      139.00000  107.16667  22.9%     -    1s
     0     0      -    -    -      139.00000  107.16667  22.9%     -    1s
     0     0      -    -    -      139.00000  107.31340  22.8%     -    2s
     0     0      -    -    -      124.00000  107.31340  13.5%     -    2s
     0     0      -    -    -      124.00000  107.31340  13.5%     -    2s
     0     0      -    -    -      120.00000  107.31340  10.6%     -    2s
     0     0      -    -    -      120.00000  107.36100  10.5%     -    3s
     0     0      -    -    -      115.00000  108.00000  6.09%     -    3s
     0     0      -    -    -      112.00000  108.00000  3.57%     -    4s
     0     0      -    -    -      112.00000  108.00000  3.57%     -    4s
     0     0      -    -    -      112.00000  108.00000  3.57%     -    4s
     0     0      -    -    -      112.00000  108.00000  3.57%     -    5s
     0     0      -    -    -      112.00000  108.00000  3.57%     -    5s
     0     0      -    -    -      112.00000  108.00000  3.57%     -    5s
     0     0      -    -    -      112.00000  108.00000  3.57%     -    5s
     0     0      -    -    -      112.00000  108.00000  3.57%     -    6s
     0     0      -    -    -      112.00000  108.00000  3.57%     -    6s
     0     0      -    -    -      112.00000  108.00000  3.57%     -    6s
     0     0      -    -    -      112.00000  108.00000  3.57%     -    6s
     0     0      -    -    -      112.00000  108.00000  3.57%     -    7s
     0     0      -    -    -      112.00000  108.00000  3.57%     -    7s
     0     0      -    -    -      112.00000  108.00000  3.57%     -    7s
     0     0      -    -    -      112.00000  108.00000  3.57%     -    7s
     0     0      -    -    -      112.00000  108.00000  3.57%     -    7s
     0     0      -    -    -      112.00000  108.00000  3.57%     -    8s
     0     0      -    -    -      112.00000  108.00000  3.57%     -    8s
     0     0      -    -    -      112.00000  108.00000  3.57%     -    8s
     0     0      -    -    -      112.00000  108.00000  3.57%     -    8s
     0     0      -    -    -      112.00000  108.00000  3.57%     -    8s
     0     0      -    -    -      112.00000  108.00000  3.57%     -    9s
     0     0      -    -    -      112.00000  108.00000  3.57%     -    9s
     0     0      -    -    -      112.00000  108.00000  3.57%     -    9s
     0     0      -    -    -      112.00000  108.00000  3.57%     -   10s
     0     0      -    -    -      112.00000  108.00000  3.57%     -   10s
     0     0      -    -    -      111.00000  108.00000  2.70%     -   10s
     0     0      -    -    -      111.00000  108.00000  2.70%     -   11s
     0     2      -    -    -      111.00000  108.04307  2.66%     -   13s
    11    14      -    -    -      111.00000  108.23361  2.49%     -   15s
    45    46      -    -    -      111.00000  108.23361  2.49%     -   22s
    53    51      -    -    -      111.00000  108.23361  2.49%     -   25s
    90    89      -    -    -      111.00000  108.23361  2.49%     -   31s
   127   159      -    -    -      111.00000  108.23361  2.49%     -   35s
   288   234      -    -    -      111.00000  108.23361  2.49%     -   40s
   414   369      -    -    -      111.00000  108.23361  2.49%     -   46s
   508   480      -    -    -      111.00000  108.23361  2.49%     -   51s
   686   568      -    -    -      111.00000  108.23361  2.49%     -   55s
   891   754      -    -    -      111.00000  108.23361  2.49%     -   61s
  1123   753      -    -    -      111.00000  108.23361  2.49%     -   68s
  1276   858      -    -    -      111.00000  108.23373  2.49%     -   71s
  1413   950      -    -    -      111.00000  108.23379  2.49%     -   76s
  1577  1059      -    -    -      111.00000  108.23379  2.49%     -   80s
  1754  1164      -    -    -      111.00000  108.24791  2.48%     -   85s
  1924  1265      -    -    -      111.00000  108.27520  2.45%     -   90s
  2102  1378      -    -    -      111.00000  108.27520  2.45%     -   95s
  2283  1478      -    -    -      111.00000  108.27520  2.45%     -  100s
  2426  1579      -    -    -      111.00000  108.27531  2.45%     -  105s
  2611  1684      -    -    -      111.00000  108.27531  2.45%     -  111s
  2801  1789      -    -    -      111.00000  108.27531  2.45%     -  117s
  3011  1882      -    -    -      111.00000  108.27531  2.45%     -  124s
  3181  1989      -    -    -      111.00000  108.27531  2.45%     -  130s
  3419  2108      -    -    -      111.00000  108.27531  2.45%     -  137s
  3629  2289      -    -    -      111.00000  108.27626  2.45%     -  144s
  3892  2427      -    -    -      111.00000  108.27626  2.45%     -  151s
  4121  2545      -    -    -      111.00000  108.27829  2.45%     -  159s
  4356  2407      -    -    -      111.00000  108.28535  2.45%     -  167s
  4639  2512      -    -    -      111.00000  108.28535  2.45%     -  176s
  4907  2637      -    -    -      111.00000  108.28535  2.45%     -  184s
  5174  2727      -    -    -      111.00000  108.28748  2.44%     -  192s
  5367  2854      -    -    -      111.00000  108.28878  2.44%     -  201s
  5626  2987      -    -    -      111.00000  108.29629  2.44%     -  210s
  5855  3119      -    -    -      111.00000  108.30978  2.42%     -  218s
  6114  3219      -    -    -      111.00000  108.31112  2.42%     -  227s
  6327  3289      -    -    -      111.00000  108.31275  2.42%     -  236s
  6535  3386      -    -    -      111.00000  108.32465  2.41%     -  245s
  6793  3449      -    -    -      111.00000  108.33689  2.40%     -  254s
  6922  3549      -    -    -      111.00000  108.36212  2.38%     -  262s
  7139  3654      -    -    -      111.00000  108.37735  2.36%     -  271s
  7350  3773      -    -    -      111.00000  108.37735  2.36%     -  279s
  7657  3810      -    -    -      111.00000  108.40377  2.34%     -  287s
  7750  3895      -    -    -      111.00000  108.40953  2.33%     -  296s
  7979  3948      -    -    -      111.00000  108.43225  2.31%     -  304s
  8072  4023      -    -    -      111.00000  108.45174  2.30%     -  312s
  8340  4137      -    -    -      111.00000  108.45732  2.29%     -  321s
  8618  4189      -    -    -      111.00000  108.46362  2.29%     -  329s
  8770  4291      -    -    -      111.00000  108.46362  2.29%     -  338s
  9032  4396      -    -    -      111.00000  108.47496  2.27%     -  346s
  9226  4475      -    -    -      111.00000  108.48614  2.26%     -  354s
  9412  4535      -    -    -      111.00000  108.48614  2.26%     -  362s
  9546  4609      -    -    -      111.00000  108.48614  2.26%     -  370s
  9720  4759      -    -    -      111.00000  108.52122  2.23%     -  380s
 10050  4888      -    -    -      111.00000  108.52358  2.23%     -  390s
 10339  4976      -    -    -      111.00000  108.55052  2.21%     -  398s
 10565  5096      -    -    -      111.00000  108.55052  2.21%     -  408s
 10900  5173      -    -    -      111.00000  108.56418  2.19%     -  417s
 11111  5281      -    -    -      111.00000  108.56418  2.19%     -  426s
 11359  5347      -    -    -      111.00000  108.56418  2.19%     -  435s
 11548  5375      -    -    -      111.00000  108.57678  2.18%     -  443s
 11590  5469      -    -    -      111.00000  108.61105  2.15%     -  453s
 11860  5568      -    -    -      111.00000  108.61105  2.15%     -  462s
 12103  5569      -    -    -      111.00000  108.61745  2.15%     -  471s
 12106  5676      -    -    -      111.00000  108.61745  2.15%     -  480s
 12340  5799      -    -    -      111.00000  108.62415  2.14%     -  489s
 12614  5855      -    -    -      111.00000  108.62415  2.14%     -  497s
 12769  5903      -    -    -      111.00000  108.64726  2.12%     -  506s
 12847  6005      -    -    -      111.00000  108.65668  2.11%     -  515s
 13067  6063      -    -    -      111.00000  108.65668  2.11%     -  523s
 13247  6196      -    -    -      111.00000  108.66444  2.10%     -  532s
 13542  6254      -    -    -      111.00000  108.68733  2.08%     -  541s
 13738  6301      -    -    -      111.00000  108.68733  2.08%     -  550s
 13877  6329      -    -    -      111.00000  108.68975  2.08%     -  557s
 13952  6401      -    -    -      111.00000  108.68975  2.08%     -  566s
 14082  6484      -    -    -      111.00000  108.72063  2.05%     -  575s
 14323  6577      -    -    -      111.00000  108.73491  2.04%     -  585s
 14547  6635      -    -    -      111.00000  108.77192  2.01%     -  594s
 14757  6732      -    -    -      111.00000  108.77192  2.01%     -  604s
 15055  6885      -    -    -      111.00000  108.79681  1.98%     -  615s
 15422  6929      -    -    -      111.00000  108.79681  1.98%     -  624s
 15544  7043      -    -    -      111.00000  108.81070  1.97%     -  635s
 15878  7191      -    -    -      111.00000  108.81902  1.96%     -  645s
 16220  7317      -    -    -      111.00000  108.83208  1.95%     -  655s
 16484  7399      -    -    -      111.00000  108.84610  1.94%     -  664s
 16650  7552      -    -    -      111.00000  108.85487  1.93%     -  675s
 16974  7575      -    -    -      111.00000  108.87910  1.91%     -  685s
 17065  7588      -    -    -      111.00000  108.87910  1.91%     -  696s
 17100  7597      -    -    -      111.00000  108.89766  1.89%     -  707s
 17131  7595      -    -    -      111.00000  108.93128  1.86%     -  721s
 17141  7597      -    -    -      111.00000  108.97241  1.83%     -  734s
 17149  7610      -    -    -      111.00000  108.97241  1.83%     -  744s
 17162  7620      -    -    -      111.00000  108.97595  1.82%     -  754s
 17186  7740      -    -    -      111.00000  109.01918  1.78%     -  765s
 17465  7900      -    -    -      111.00000  109.01918  1.78%     -  776s
 17817  7962      -    -    -      111.00000  109.04540  1.76%     -  785s
 17945  8075      -    -    -      111.00000  109.04540  1.76%     -  796s
 18209  8145      -    -    -      111.00000  109.06605  1.74%     -  806s
 18399  8167      -    -    -      111.00000  109.08551  1.72%     -  820s
 18441  8240      -    -    -      111.00000  109.12943  1.69%     -  831s
 18688  8351      -    -    -      111.00000  109.12943  1.69%     -  841s
 19007  8417      -    -    -      111.00000  109.14231  1.67%     -  850s
 19125  8533      -    -    -      111.00000  109.15531  1.66%     -  861s
 19432  8608      -    -    -      111.00000  109.15531  1.66%     -  871s
 19640  8733      -    -    -      111.00000  109.16744  1.65%     -  881s
 19945  8836      -    -    -      111.00000  109.19546  1.63%     -  891s
 20272  8893      -    -    -      111.00000  109.22222  1.60%     -  900s
 20401  9023      -    -    -      111.00000  109.24910  1.58%     -  910s
 20655  9132      -    -    -      111.00000  109.24910  1.58%     -  920s
 20967  9153      -    -    -      111.00000  109.30401  1.53%     -  931s
 21030  9318      -    -    -      111.00000  109.30518  1.53%     -  942s
 21387  9400      -    -    -      111.00000  109.30518  1.53%     -  952s
 21647  9418      -    -    -      111.00000  109.31961  1.51%     -  965s
 21691  9560      -    -    -      111.00000  109.34062  1.49%     -  975s
 22027  9658      -    -    -      111.00000  109.36407  1.47%     -  985s
 22295  9833      -    -    -      111.00000  109.36407  1.47%     -  995s
 22666  9857      -    -    -      111.00000  109.41825  1.42%     - 1007s
 22754  9904      -    -    -      111.00000  109.47377  1.37%     - 1016s
 22881  9925      -    -    -      111.00000  109.47377  1.37%     - 1027s
 22944 10055      -    -    -      111.00000  109.53395  1.32%     - 1037s
 23282 10111      -    -    -      111.00000  109.53395  1.32%     - 1045s
 23475 10224      -    -    -      111.00000  109.54161  1.31%     - 1055s
 23780 10395      -    -    -      111.00000  109.54161  1.31%     - 1064s
 24138 10422      -    -    -      111.00000  109.58990  1.27%     - 1074s
 24248 10452      -    -    -      111.00000  109.58990  1.27%     - 1083s
 24377 10454      -    -    -      111.00000  109.62496  1.24%     - 1092s
 24379 10476      -    -    -      111.00000  109.62496  1.24%     - 1103s
 24539 10593      -    -    -      111.00000  109.64658  1.22%     - 1112s
 24802 10701      -    -    -      111.00000  109.64658  1.22%     - 1121s
 25092 10751      -    -    -      111.00000  109.73200  1.14%     - 1130s

Cutting planes:
  Learned: 123

Instance 8 was solved

Explored 12027 nodes (11681322 simplex iterations) in 1132.96 seconds (1551.56 work units)
Thread count was 2 (of 128 available processors)

Solution count 1: 111 

Optimal solution found (tolerance 1.00e-04)
Best objective 1.110000000000e+02, best bound 1.110000000000e+02, gap 0.0000%
