
Gurobi 10.0.3 (linux64) logging started Mon Jul 15 13:09:46 2024

Set parameter LogFile to value "fwd/logs/w3-k1-s4.log"
Set parameter BestObjStop to value 126
Set parameter PoolSearchMode to value 2
Set parameter PoolSolutions to value 1
Set parameter Heuristics to value 1
Set parameter Threads to value 60
Set parameter Threads to value 60
Gurobi Optimizer version 10.0.3 build v10.0.3rc0 (linux64)

CPU model: AMD EPYC 7742 64-Core Processor, instruction set [SSE2|AVX|AVX2]
Thread count: 64 physical cores, 128 logical processors, using up to 60 threads

Academic license 2533279 - for non-commercial use only - registered to bl___@rice.edu
Optimize a model with 70 rows, 320 columns and 256 nonzeros
Model fingerprint: 0x0f22fc99
Model has 512 general constraints
Variable types: 0 continuous, 320 integer (256 binary)
Coefficient statistics:
  Matrix range     [1e+00, 1e+00]
  Objective range  [1e+00, 1e+00]
  Bounds range     [1e+00, 2e+00]
  RHS range        [1e+00, 2e+00]
  GenCon rhs range [1e+00, 1e+00]
  GenCon coe range [1e+00, 1e+00]
Found heuristic solution: objective -0.0000000
Presolve added 746 rows and 494 columns
Presolve time: 0.01s
Presolved: 816 rows, 814 columns, 1998 nonzeros
Presolved model has 252 SOS constraint(s)
Variable types: 0 continuous, 814 integer (252 binary)

Root relaxation: objective 1.260000e+02, 252 iterations, 0.00 seconds (0.00 work units)

    Nodes    |    Current Node    |     Objective Bounds      |     Work
 Expl Unexpl |  Obj  Depth IntInf | Incumbent    BestBd   Gap | It/Node Time

     0     0  126.00000    0   40   -0.00000  126.00000      -     -    0s
H    0     0                     104.0000000  126.00000  21.2%     -    0s
H    0     0                     106.0000000  126.00000  18.9%     -    0s
H    0     0                     111.0000000  126.00000  13.5%     -    0s
     0     0  126.00000    0  141  111.00000  126.00000  13.5%     -    0s
H    0     0                     121.0000000  126.00000  4.13%     -    0s
     0     0  126.00000    0  106  121.00000  126.00000  4.13%     -    0s
H    0     0                     122.0000000  126.00000  3.28%     -    0s
H    0     0                     124.0000000  126.00000  1.61%     -    0s
     0     0  126.00000    0   45  124.00000  126.00000  1.61%     -    0s
     0     0  126.00000    0   66  124.00000  126.00000  1.61%     -    0s
H    0     0                     125.0000000  126.00000  0.80%     -    0s
     0     0  126.00000    0    8  125.00000  126.00000  0.80%     -    0s
H    0     0                     126.0000000  126.00000  0.00%     -    0s
     0     0  126.00000    0    8  126.00000  126.00000  0.00%     -    0s

Cutting planes:
  Learned: 126
  Gomory: 9
  Cover: 9
  Implied bound: 40
  MIR: 1
  Zero half: 5
  Relax-and-lift: 20

Explored 1 nodes (2378 simplex iterations) in 0.12 seconds (0.04 work units)
Thread count was 60 (of 128 available processors)

Solution count 1: 126 

Optimal solution found (tolerance 1.00e-04)
Best objective 1.260000000000e+02, best bound 1.260000000000e+02, gap 0.0000%
