
Gurobi 10.0.3 (linux64) logging started Sun Jul 28 18:12:34 2024

Set parameter LogFile to value "fwd/logs/w3-k9-s2.log"
Set parameter PoolSearchMode to value 2
Set parameter PoolSolutions to value 1
Set parameter Heuristics to value 0.9
Set parameter PoolGap to value 0
Set parameter Threads to value 120
Set parameter Threads to value 120
Gurobi Optimizer version 10.0.3 build v10.0.3rc0 (linux64)

CPU model: AMD EPYC 7742 64-Core Processor, instruction set [SSE2|AVX|AVX2]
Thread count: 64 physical cores, 128 logical processors, using up to 120 threads

Academic license 2533279 - for non-commercial use only - registered to bl___@rice.edu
Optimize a model with 16635 rows, 6144 columns and 261496 nonzeros
Model fingerprint: 0x606ea8aa
Model has 8192 general constraints
Variable types: 0 continuous, 6144 integer (4096 binary)
Coefficient statistics:
  Matrix range     [1e+00, 5e+00]
  Objective range  [1e+00, 1e+00]
  Bounds range     [1e+00, 2e+00]
  RHS range        [1e+00, 6e+00]
  GenCon rhs range [1e+00, 1e+00]
  GenCon coe range [1e+00, 1e+00]

User MIP start produced solution with objective 2236 (0.42s)
Loaded user MIP start with objective 2236

Presolve added 12077 rows and 8185 columns
Presolve time: 0.64s
Presolved: 28712 rows, 14329 columns, 288738 nonzeros
Presolved model has 4094 SOS constraint(s)
Variable types: 0 continuous, 14329 integer (4094 binary)

Deterministic concurrent LP optimizer: primal and dual simplex (primal and dual model)
Showing first log only...

Root relaxation presolved: 28712 rows, 14329 columns, 288738 nonzeros


Root simplex log...

Iteration    Objective       Primal Inf.    Dual Inf.      Time
    9269    1.6877130e+03   0.000000e+00   4.119994e+05      5s
   15589    1.6395351e+03   0.000000e+00   3.189188e+04     10s
   20649    1.6095728e+03   0.000000e+00   5.779997e+04     15s
   25227    1.5923841e+03   0.000000e+00   1.592360e+04     20s
   29297    1.5834793e+03   0.000000e+00   1.219655e+04     25s
   32397    1.5770305e+03   0.000000e+00   8.512369e+04     30s
   35587    1.5760851e+03   0.000000e+00   1.609596e+03     35s
   38223    1.5760000e+03   0.000000e+00   0.000000e+00     39s
Concurrent spin time: 13.50s

Solved with primal simplex (primal model)

Root relaxation: objective 1.576000e+03, 38223 iterations, 51.31 seconds (87.98 work units)
Total elapsed time = 106.09s
Total elapsed time = 153.66s
Total elapsed time = 199.66s
Total elapsed time = 242.03s

    Nodes    |    Current Node    |     Objective Bounds      |     Work
 Expl Unexpl |  Obj  Depth IntInf | Incumbent    BestBd   Gap | It/Node Time

     0     0 1576.00000    0 4045 2236.00000 1576.00000  29.5%     -  287s
H    0     0                    2112.0000000 1576.00000  25.4%     -  287s
     0     0 1576.00000    0 9581 2112.00000 1576.00000  25.4%     -  397s

Gurobi 10.0.3 (linux64) logging started Sun Jul 28 18:20:47 2024

Set parameter LogFile to value "fwd/logs/w3-k9-s2.log"
Set parameter PoolSearchMode to value 2
Set parameter PoolSolutions to value 1
Set parameter Heuristics to value 0.9
Set parameter PoolGap to value 0
Set parameter Threads to value 120
Set parameter Threads to value 120
Gurobi Optimizer version 10.0.3 build v10.0.3rc0 (linux64)

CPU model: AMD EPYC 7742 64-Core Processor, instruction set [SSE2|AVX|AVX2]
Thread count: 64 physical cores, 128 logical processors, using up to 120 threads

Academic license 2533279 - for non-commercial use only - registered to bl___@rice.edu
Optimize a model with 16635 rows, 6144 columns and 261496 nonzeros
Model fingerprint: 0x7445b185
Model has 8192 general constraints
Variable types: 0 continuous, 6144 integer (4096 binary)
Coefficient statistics:
  Matrix range     [1e+00, 5e+00]
  Objective range  [1e+00, 1e+00]
  Bounds range     [1e+00, 2e+00]
  RHS range        [1e+00, 6e+00]
  GenCon rhs range [1e+00, 1e+00]
  GenCon coe range [1e+00, 1e+00]

User MIP start produced solution with objective 1644 (0.68s)
Loaded user MIP start with objective 1644

Presolve added 12077 rows and 8185 columns
Presolve time: 0.64s
Presolved: 28712 rows, 14329 columns, 288738 nonzeros
Presolved model has 4094 SOS constraint(s)
Variable types: 0 continuous, 14329 integer (4094 binary)

Deterministic concurrent LP optimizer: primal and dual simplex (primal and dual model)
Showing first log only...

Root relaxation presolved: 28712 rows, 14329 columns, 288738 nonzeros


Root simplex log...

Iteration    Objective       Primal Inf.    Dual Inf.      Time
    8966    1.6846882e+03   0.000000e+00   1.192677e+05      5s
   15408    1.6410419e+03   0.000000e+00   2.400339e+04     10s
   20587    1.6102842e+03   0.000000e+00   2.320334e+04     15s
   25030    1.5937662e+03   0.000000e+00   1.300578e+04     20s
   28910    1.5852701e+03   0.000000e+00   4.131770e+03     25s
   32280    1.5778522e+03   0.000000e+00   8.463165e+04     30s
   35440    1.5761269e+03   0.000000e+00   4.149663e+02     35s
   38326    1.5760000e+03   0.000000e+00   0.000000e+00     39s
Concurrent spin time: 13.95s

Solved with primal simplex (primal model)

Root relaxation: objective 1.576000e+03, 38326 iterations, 51.64 seconds (88.26 work units)
Total elapsed time = 109.98s
Total elapsed time = 157.08s

    Nodes    |    Current Node    |     Objective Bounds      |     Work
 Expl Unexpl |  Obj  Depth IntInf | Incumbent    BestBd   Gap | It/Node Time

     0     0 1576.00000    0 4080 1644.00000 1576.00000  4.14%     -  200s

Gurobi 10.0.3 (linux64) logging started Sun Jul 28 18:25:12 2024

Set parameter LogFile to value "fwd/logs/w3-k9-s2.log"
Set parameter PoolSearchMode to value 2
Set parameter PoolSolutions to value 1
Set parameter Heuristics to value 0.9
Set parameter PoolGap to value 0
Set parameter Threads to value 120
Set parameter Threads to value 120
Gurobi Optimizer version 10.0.3 build v10.0.3rc0 (linux64)

CPU model: AMD EPYC 7742 64-Core Processor, instruction set [SSE2|AVX|AVX2]
Thread count: 64 physical cores, 128 logical processors, using up to 120 threads

Academic license 2533279 - for non-commercial use only - registered to bl___@rice.edu
Optimize a model with 8448 rows, 6144 columns and 139476 nonzeros
Model fingerprint: 0x97082816
Model has 8192 general constraints
Variable types: 0 continuous, 6144 integer (4096 binary)
Coefficient statistics:
  Matrix range     [1e+00, 5e+00]
  Objective range  [1e+00, 1e+00]
  Bounds range     [1e+00, 2e+00]
  RHS range        [1e+00, 6e+00]
  GenCon rhs range [1e+00, 1e+00]
  GenCon coe range [1e+00, 1e+00]

User MIP start produced solution with objective 1644 (0.26s)
Loaded user MIP start with objective 1644

Presolve added 12221 rows and 8185 columns
Presolve time: 0.36s
Presolved: 20669 rows, 14329 columns, 167945 nonzeros
Presolved model has 4094 SOS constraint(s)
Variable types: 0 continuous, 14329 integer (4094 binary)
Root relaxation presolved: 20669 rows, 14329 columns, 167945 nonzeros

Deterministic concurrent LP optimizer: primal and dual simplex
Showing first log only...


Root simplex log...

Iteration    Objective       Primal Inf.    Dual Inf.      Time
   12276    1.5829142e+03   0.000000e+00   1.344412e+04      5s
   16531    1.5760000e+03   0.000000e+00   0.000000e+00      8s
Concurrent spin time: 1.90s

Solved with primal simplex

Root relaxation: objective 1.576000e+03, 16531 iterations, 9.26 seconds (13.69 work units)
Total elapsed time = 28.18s
Total elapsed time = 34.73s
Total elapsed time = 39.33s
Total elapsed time = 42.64s

    Nodes    |    Current Node    |     Objective Bounds      |     Work
 Expl Unexpl |  Obj  Depth IntInf | Incumbent    BestBd   Gap | It/Node Time

     0     0 1576.00000    0 4039 1644.00000 1576.00000  4.14%     -   45s
H    0     0                    1643.0000000 1576.00000  4.08%     -   51s
     0     0 1576.00000    0 9283 1643.00000 1576.00000  4.08%     -  100s
H    0     0                    1642.0000000 1576.00000  4.02%     -  103s
     0     0 1576.00000    0 10072 1642.00000 1576.00000  4.02%     -  167s
     0     0 1576.00000    0 4734 1642.00000 1576.00000  4.02%     -  335s
     0     0 1576.00000    0 5177 1642.00000 1576.00000  4.02%     -  349s
H    0     0                    1640.0000000 1576.00000  3.90%     -  354s
     0     0 1576.00000    0 5031 1640.00000 1576.00000  3.90%     -  513s
H    0     0                    1639.0000000 1576.00000  3.84%     -  515s
     0     0 1576.00000    0 5894 1639.00000 1576.00000  3.84%     -  533s
     0     0 1576.00000    0 11203 1639.00000 1576.00000  3.84%     -  668s
     0     0 1576.00000    0 11203 1639.00000 1576.00000  3.84%     -  721s
H    0     0                    1634.0000000 1576.00000  3.55%     -  828s
H    0     0                    1633.0000000 1576.00000  3.49%     -  868s
H    0     2                    1631.0000000 1576.00000  3.37%     -  964s
     0     2 1576.00000    0 11203 1631.00000 1576.00000  3.37%     -  964s
     1     4 1576.00000    1 7616 1631.00000 1576.00000  3.37% 102332 1051s
     3     8 1576.00000    2 7040 1631.00000 1576.00000  3.37% 80856 1237s
     7    16 1576.00000    3 8790 1631.00000 1576.00000  3.37% 76243 1366s
    15    32 1576.00000    4 12096 1631.00000 1576.00000  3.37% 87813 1641s
H   31    64                    1629.0000000 1576.00000  3.25% 142472 2243s
H   32    64                    1628.0000000 1576.00000  3.19% 140357 2243s
