Set parameter Username
Set parameter WLSAccessID
Set parameter WLSSecret
Set parameter LicenseID to value 2533279
Academic license 2533279 - for non-commercial use only - registered to bl___@rice.edu
w=3, k=7, sigma=2  613.0/1024  -->  0.4013671875
	Command being timed: "/home/Users/blk6/Projects/dbmers/scripts/run-fwd.py -w 3 -k 7 --sigma 2"
	User time (seconds): 941.66
	System time (seconds): 41.94
	Percent of CPU this job got: 1521%
	Elapsed (wall clock) time (h:mm:ss or m:ss): 1:04.63
	Average shared text size (kbytes): 0
	Average unshared data size (kbytes): 0
	Average stack size (kbytes): 0
	Average total size (kbytes): 0
	Maximum resident set size (kbytes): 1434788
	Average resident set size (kbytes): 0
	Major (requiring I/O) page faults: 0
	Minor (reclaiming a frame) page faults: 466488
	Voluntary context switches: 2536042
	Involuntary context switches: 2670169
	Swaps: 0
	File system inputs: 0
	File system outputs: 112
	Socket messages sent: 0
	Socket messages received: 0
	Signals delivered: 0
	Page size (bytes): 4096
	Exit status: 0
