
Gurobi 10.0.3 (linux64) logging started Sat Aug 31 18:30:43 2024

Set parameter LogFile to value "fwd/logs/w3-k8-s2.log"

Gurobi 10.0.3 (linux64) logging started Sat Aug 31 18:30:43 2024

Set parameter LogFile to value "fwd/logs/w3-k8-s2.log"
Set parameter Heuristics to value 0.8
Set parameter Heuristics to value 0.8
Gurobi Optimizer version 10.0.3 build v10.0.3rc0 (linux64)

CPU model: AMD EPYC 7742 64-Core Processor, instruction set [SSE2|AVX|AVX2]
Thread count: 64 physical cores, 128 logical processors, using up to 128 threads

Academic license 2533279 - for non-commercial use only - registered to bl___@rice.edu
Optimize a model with 793 rows, 3072 columns and 9343 nonzeros
Model fingerprint: 0xff0299e6
Model has 4096 general constraints
Variable types: 0 continuous, 3072 integer (2048 binary)
Coefficient statistics:
  Matrix range     [1e+00, 1e+00]
  Objective range  [1e+00, 1e+00]
  Bounds range     [1e+00, 2e+00]
  RHS range        [1e+00, 5e+00]
  GenCon rhs range [1e+00, 1e+00]
  GenCon coe range [1e+00, 1e+00]

Concurrent MIP optimizer: 64 concurrent instances (2 threads per instance)


User MIP start produced solution with objective 822 (0.36s)
Loaded user MIP start with objective 822

Presolve added 6082 rows and 4089 columns
Presolve time: 0.15s
Presolved: 6875 rows, 7161 columns, 23479 nonzeros
Presolved model has 2046 SOS constraint(s)
Variable types: 0 continuous, 7161 integer (2046 binary)
Root relaxation presolved: 6875 rows, 7161 columns, 23479 nonzeros

Concurrent LP optimizer: dual simplex and barrier
Showing barrier log only...

Root barrier log...

Ordering time: 0.10s

Barrier statistics:
 AA' NZ     : 3.148e+04
 Factor NZ  : 7.068e+05 (roughly 11 MB of memory)
 Factor Ops : 3.065e+08 (less than 1 second per iteration)
 Threads    : 1

                  Objective                Residual
Iter       Primal          Dual         Primal    Dual     Compl     Time
   0   5.21710353e+03 -6.52538410e+03  2.16e+00 3.56e-02  2.00e+00     1s
   1   1.05973510e+03 -2.40437601e+03  6.58e-04 1.28e-04  2.03e-01     1s
   2   8.12843053e+02  5.81224609e+02  1.08e-04 1.63e-05  1.36e-02     1s
   3   7.91980156e+02  7.65500508e+02  1.27e-05 1.46e-06  1.55e-03     1s
   4   7.89862058e+02  7.85670847e+02  3.63e-06 3.12e-07  2.46e-04     1s
   5   7.88937857e+02  7.88520891e+02  1.21e-07 2.65e-08  2.47e-05     1s
   6   7.88876730e+02  7.88831985e+02  2.65e-09 2.60e-09  2.67e-06     1s
   7   7.88871803e+02  7.88871494e+02  7.40e-13 1.51e-11  1.84e-08     1s
   8   7.88871795e+02  7.88871795e+02  2.67e-12 1.51e-14  1.83e-11     1s

Barrier solved model in 8 iterations and 1.34 seconds (0.27 work units)
Optimal objective 7.88871795e+02


Root simplex log...

Iteration    Objective       Primal Inf.    Dual Inf.      Time
   10178    7.8887190e+02   2.397727e+03   0.000000e+00      5s
   14528    7.8887179e+02   0.000000e+00   0.000000e+00      7s

Solved with barrier

Root relaxation: objective 7.888718e+02, 14528 iterations, 6.78 seconds (4.33 work units)
Total elapsed time = 10.78s
Total elapsed time = 15.11s

    Nodes    |    Current Node    |     Objective Bounds      |     Work
 Expl Unexpl |  Obj  Depth IntInf | Incumbent    BestBd   Gap | It/Node Time

     0     0      -    -    -      822.00000  788.87179  4.03%     -   16s
     0     0      -    -    -      822.00000  788.87179  4.03%     -   24s
     0     0      -    -    -      822.00000  788.87179  4.03%     -   30s
     0     0      -    -    -      822.00000  788.87179  4.03%     -   68s
     0     0      -    -    -      822.00000  788.87179  4.03%     -   75s
     0     2      -    -    -      819.00000  788.87179  3.68%     -  106s
     3     6      -    -    -      819.00000  788.92308  3.67%     -  123s
     5     8      -    -    -      818.00000  788.92308  3.55%     -  133s
     7    10      -    -    -      818.00000  788.92308  3.55%     -  140s
     9    12      -    -    -      818.00000  788.92308  3.55%     -  156s
    11    14      -    -    -      817.00000  788.92308  3.44%     -  174s
    13    18      -    -    -      817.00000  788.92308  3.44%     -  189s
    18    19      -    -    -      811.00000  788.92308  2.72%     -  227s
    20    20      -    -    -      811.00000  788.92308  2.72%     -  242s
    21    21      -    -    -      811.00000  788.92308  2.72%     -  245s
    23    22      -    -    -      811.00000  788.92308  2.72%     -  256s
    25    24      -    -    -      811.00000  788.92308  2.72%     -  264s
    26    24      -    -    -      811.00000  788.92308  2.72%     -  265s
    27    25      -    -    -      811.00000  788.92308  2.72%     -  271s
    29    26      -    -    -      811.00000  788.92308  2.72%     -  284s
    30    27      -    -    -      811.00000  788.92308  2.72%     -  307s
    31    31      -    -    -      811.00000  788.92308  2.72%     -  318s
    33    32      -    -    -      811.00000  788.92308  2.72%     -  320s
    35    33      -    -    -      811.00000  788.92308  2.72%     -  328s
    39    36      -    -    -      811.00000  788.92308  2.72%     -  331s
    41    37      -    -    -      811.00000  788.92308  2.72%     -  337s
    43    39      -    -    -      811.00000  788.92308  2.72%     -  347s
    45    40      -    -    -      811.00000  788.92308  2.72%     -  357s
    47    41      -    -    -      811.00000  788.92308  2.72%     -  361s
    51    44      -    -    -      811.00000  788.92308  2.72%     -  373s
    53    47      -    -    -      811.00000  788.92308  2.72%     -  395s
    57    59      -    -    -      811.00000  788.92308  2.72%     -  418s
    70    84      -    -    -      811.00000  788.92308  2.72%     -  474s
    99   161      -    -    -      811.00000  788.92308  2.72%     -  588s
   186   286      -    -    -      809.00000  788.92308  2.48%     -  764s
   315   420      -    -    -      808.00000  788.92308  2.36%     -  936s
   449   534      -    -    -      808.00000  788.92308  2.36%     - 1104s
   563   642      -    -    -      807.00000  788.92308  2.24%     - 1286s
   671   787      -    -    -      806.00000  788.92308  2.12%     - 1477s
   816   890      -    -    -      804.00000  788.92308  1.88%     - 1678s
   919   976      -    -    -      804.00000  788.92308  1.88%     - 1875s
  1005  1500      -    -    -      803.00000  788.92308  1.75%     - 2091s
  1529  1975      -    -    -      802.00000  788.92308  1.63%     - 2251s
  2070  2089      -    -    -      802.00000  788.92308  1.63%     - 2361s
  2186  2166      -    -    -      802.00000  788.92308  1.63%     - 2481s
  2307  2279      -    -    -      801.00000  788.92308  1.51%     - 2610s
  2420  2380      -    -    -      801.00000  788.92308  1.51%     - 2748s
  2521  2491      -    -    -      800.00000  788.92308  1.38%     - 2899s
  2632  2612      -    -    -      799.00000  788.92308  1.26%     - 3065s
  2753  2670      -    -    -      798.00000  788.92308  1.14%     - 3235s
  2855  2954      -    -    -      797.00000  788.92308  1.01%     - 3412s
  3139  3553      -    -    -      795.00000  788.92308  0.76%     - 3598s
  3808  3704      -    -    -      795.00000  788.92308  0.76%     - 3747s
  3966  3753      -    -    -      795.00000  788.92308  0.76%     - 3915s
  4094  3894      -    -    -      794.00000  788.92308  0.64%     - 4089s
  4235  4036      -    -    -      794.00000  788.92308  0.64%     - 4276s
  4377  3978      -    -    -      794.00000  788.92308  0.64%     - 4482s
  4487  3993      -    -    -      793.00000  788.92308  0.51%     - 4693s
  4564  4139      -    -    -      792.00000  788.92308  0.39%     - 4906s
  4710  4443      -    -    -      792.00000  788.92308  0.39%     - 5123s
  5160  5212      -    -    -      792.00000  788.92308  0.39%     - 5349s
  5929  5513      -    -    -      791.00000  788.92308  0.26%     - 5536s
  6354  5230      -    -    -      791.00000  788.92308  0.26%     - 5703s
  6561  5453      -    -    -      791.00000  788.92308  0.26%     - 5885s
  6784  5816      -    -    -      791.00000  788.92308  0.26%     - 6069s
  7221  5495      -    -    -      791.00000  788.92308  0.26%     - 6255s
  7362  4985      -    -    -      791.00000  788.92308  0.26%     - 6443s
  7573  5150      -    -    -      791.00000  788.92308  0.26%     - 6643s
  7738  5284      -    -    -      791.00000  788.92308  0.26%     - 6835s
  7872  5380      -    -    -      791.00000  788.92308  0.26%     - 7026s
  7968  5455      -    -    -      791.00000  788.92308  0.26%     - 7218s
  8043  5586      -    -    -      791.00000  788.92308  0.26%     - 7408s
  8174  5667      -    -    -      791.00000  788.92308  0.26%     - 7602s
  8255  5751      -    -    -      791.00000  788.92308  0.26%     - 7806s
  8339  5874      -    -    -      791.00000  788.92308  0.26%     - 8003s
  8462  6123      -    -    -      791.00000  788.92308  0.26%     - 8203s
  8711  6262      -    -    -      791.00000  788.92308  0.26%     - 8407s
  8892  6295      -    -    -      790.00000  788.92308  0.14%     - 8670s
  8971  6349      -    -    -      790.00000  788.92308  0.14%     - 8960s
  9025  6554      -    -    -      790.00000  788.92308  0.14%     - 9158s
  9230  6848      -    -    -      790.00000  788.92308  0.14%     - 9365s
  9556  6850      -    -    -      790.00000  788.92308  0.14%     - 9635s
  9558  6904      -    -    -      790.00000  788.92308  0.14%     - 9914s
  9612  7020      -    -    -      790.00000  788.92308  0.14%     - 10114s
  9728  7094      -    -    -      790.00000  788.92308  0.14%     - 10328s
  9804  7252      -    -    -      790.00000  788.92308  0.14%     - 10548s
 10040  7450      -    -    -      790.00000  788.92308  0.14%     - 10761s
 10238  7504      -    -    -      790.00000  788.92308  0.14%     - 10971s
 10292  7243      -    -    -      790.00000  788.92308  0.14%     - 11186s
 10502  7270      -    -    -      790.00000  788.92308  0.14%     - 11418s
 10529  7428      -    -    -      790.00000  788.92308  0.14%     - 11635s
 10727  7509      -    -    -      790.00000  788.92308  0.14%     - 11852s
 10814  7589      -    -    -      790.00000  788.92308  0.14%     - 12068s
 10902  7761      -    -    -      790.00000  788.92308  0.14%     - 12285s
 11128  7830      -    -    -      790.00000  788.92308  0.14%     - 12494s
 11197  7959      -    -    -      790.00000  788.92308  0.14%     - 12702s
 11326  7976      -    -    -      790.00000  788.92308  0.14%     - 12943s
 11343  8250      -    -    -      790.00000  788.92308  0.14%     - 13175s
 11651  8341      -    -    -      790.00000  788.92308  0.14%     - 13418s
 11791  7695      -    -    -      790.00000  788.92308  0.14%     - 13697s
 11924  7108      -    -    -      790.00000  788.92308  0.14%     - 13932s
 12111  5859      -    -    -      790.00000  788.92308  0.14%     - 14154s
 12338  5993      -    -    -      790.00000  788.92308  0.14%     - 14393s
 12512  6148      -    -    -      790.00000  788.92308  0.14%     - 14627s
 12698  6415      -    -    -      790.00000  788.92308  0.14%     - 14874s
 12999  6449      -    -    -      790.00000  788.92308  0.14%     - 15108s
 13049  6483      -    -    -      790.00000  788.92308  0.14%     - 15602s
 13131  6542      -    -    -      790.00000  790.00000  0.00%     - 15941s

Cutting planes:
  Learned: 878

Instance 37 was solved

Explored 9973 nodes (46219722 simplex iterations) in 15942.18 seconds (19556.12 work units)
Thread count was 2 (of 128 available processors)

Solution count 1: 790 

Optimal solution found (tolerance 1.00e-04)
Best objective 7.900000000000e+02, best bound 7.900000000000e+02, gap 0.0000%
