
Gurobi 10.0.3 (linux64) logging started Mon Jul 15 11:56:41 2024

Set parameter LogFile to value "fwd/logs/w3-k7-s2.log"
Set parameter BestObjStop to value 613
Set parameter PoolSearchMode to value 2
Set parameter PoolSolutions to value 1
Set parameter Heuristics to value 1
Set parameter Threads to value 60
Set parameter Threads to value 60
Gurobi Optimizer version 10.0.3 build v10.0.3rc0 (linux64)

CPU model: AMD EPYC 7742 64-Core Processor, instruction set [SSE2|AVX|AVX2]
Thread count: 64 physical cores, 128 logical processors, using up to 60 threads

Academic license 2533279 - for non-commercial use only - registered to bl___@rice.edu
Optimize a model with 108 rows, 1536 columns and 1024 nonzeros
Model fingerprint: 0x82d2f979
Model has 2048 general constraints
Variable types: 0 continuous, 1536 integer (1024 binary)
Coefficient statistics:
  Matrix range     [1e+00, 1e+00]
  Objective range  [1e+00, 1e+00]
  Bounds range     [1e+00, 2e+00]
  RHS range        [1e+00, 6e+00]
  GenCon rhs range [1e+00, 1e+00]
  GenCon coe range [1e+00, 1e+00]
Found heuristic solution: objective -0.0000000
Presolve added 3063 rows and 2041 columns
Presolve time: 0.02s
Presolved: 3171 rows, 3577 columns, 8173 nonzeros
Presolved model has 1022 SOS constraint(s)
Variable types: 0 continuous, 3577 integer (1022 binary)

Root relaxation: objective 6.130000e+02, 1877 iterations, 0.01 seconds (0.00 work units)

    Nodes    |    Current Node    |     Objective Bounds      |     Work
 Expl Unexpl |  Obj  Depth IntInf | Incumbent    BestBd   Gap | It/Node Time

     0     0  613.00000    0  906   -0.00000  613.00000      -     -    0s
H    0     0                     494.0000000  613.00000  24.1%     -    0s
     0     0  613.00000    0 2423  494.00000  613.00000  24.1%     -    0s
H    0     0                     495.0000000  613.00000  23.8%     -    0s
     0     0  613.00000    0 2680  495.00000  613.00000  23.8%     -    0s
H    0     0                     496.0000000  613.00000  23.6%     -    0s
H    0     0                     499.0000000  613.00000  22.8%     -    2s
H    0     0                     502.0000000  613.00000  22.1%     -    2s
H    0     0                     503.0000000  613.00000  21.9%     -    2s
H    0     0                     505.0000000  613.00000  21.4%     -    2s
H    0     0                     510.0000000  613.00000  20.2%     -    2s
H    0     0                     511.0000000  613.00000  20.0%     -    2s
H    0     0                     512.0000000  613.00000  19.7%     -    2s
H    0     0                     514.0000000  613.00000  19.3%     -    2s
H    0     0                     515.0000000  613.00000  19.0%     -    2s
H    0     0                     517.0000000  613.00000  18.6%     -    2s
H    0     0                     518.0000000  613.00000  18.3%     -    2s
H    0     0                     519.0000000  613.00000  18.1%     -    2s
H    0     0                     521.0000000  613.00000  17.7%     -    2s
H    0     0                     523.0000000  613.00000  17.2%     -    2s
H    0     0                     530.0000000  613.00000  15.7%     -    2s
H    0     0                     532.0000000  613.00000  15.2%     -    2s
H    0     0                     537.0000000  613.00000  14.2%     -    2s
H    0     0                     540.0000000  613.00000  13.5%     -    2s
H    0     0                     542.0000000  613.00000  13.1%     -    2s
H    0     0                     543.0000000  613.00000  12.9%     -    2s
H    0     0                     545.0000000  613.00000  12.5%     -    2s
H    0     0                     547.0000000  613.00000  12.1%     -    2s
H    0     0                     552.0000000  613.00000  11.1%     -    2s
H    0     0                     554.0000000  613.00000  10.6%     -    2s
H    0     0                     560.0000000  613.00000  9.46%     -    2s
H    0     0                     561.0000000  613.00000  9.27%     -    2s
H    0     0                     564.0000000  613.00000  8.69%     -    2s
H    0     0                     567.0000000  613.00000  8.11%     -    2s
H    0     0                     569.0000000  613.00000  7.73%     -    2s
H    0     0                     571.0000000  613.00000  7.36%     -    2s
H    0     0                     572.0000000  613.00000  7.17%     -    2s
H    0     0                     573.0000000  613.00000  6.98%     -    2s
H    0     0                     576.0000000  613.00000  6.42%     -    2s
H    0     0                     578.0000000  613.00000  6.06%     -    2s
H    0     0                     579.0000000  613.00000  5.87%     -    2s
H    0     0                     580.0000000  613.00000  5.69%     -    2s
     0     0  613.00000    0  672  580.00000  613.00000  5.69%     -    2s
     0     0  613.00000    0 1107  580.00000  613.00000  5.69%     -    2s
H    0     0                     581.0000000  613.00000  5.51%     -    3s
     0     0  613.00000    0  648  581.00000  613.00000  5.51%     -    3s
     0     0  613.00000    0  496  581.00000  613.00000  5.51%     -    3s
     0     2  613.00000    0  457  581.00000  613.00000  5.51%     -    4s
    15    32  613.00000    4 1814  581.00000  613.00000  5.51%  2184    5s
H   50    64                     582.0000000  613.00000  5.33%  5580    9s
    63   124  613.00000    6 3698  582.00000  613.00000  5.33%  7879   49s
H   66   124                     607.0000000  613.00000  0.99%  8105   49s
H  115   124                     608.0000000  613.00000  0.82% 11891   49s
H  123   124                     613.0000000  613.00000  0.00% 12417   51s
   124     1  613.00000    9  330  613.00000  613.00000  0.00% 12317   63s

Explored 124 nodes (1561845 simplex iterations) in 63.40 seconds (100.99 work units)
Thread count was 60 (of 128 available processors)

Solution count 1: 613 

Optimal solution found (tolerance 1.00e-04)
Best objective 6.130000000000e+02, best bound 6.130000000000e+02, gap 0.0000%
