Working on w=3, k=1, s=4
Set parameter Username
Set parameter WLSAccessID
Set parameter WLSSecret
Set parameter LicenseID to value 2533279
Academic license 2533279 - for non-commercial use only - registered to bl___@rice.edu
w=3, k=1, sigma=4  130/256  -->  0.5078125
Working on w=3, k=2, s=4
2620 cycle constraints added...
Optimization terminated at non-zero gap = 4.09%
Working on w=3, k=4, s=4
Optimization terminated at non-zero gap = 0.03%
	Command being timed: "python /home/Users/blk6/Projects/winnowing-LB-manuscript/scripts/run-ilp.py -w 3 -k 1 2 3 4 5 6 7 8 9 10 11 12 13 14 --sigma 4 --threads 128 --output fwd --time-limit 43200"
	User time (seconds): 10136581.17
	System time (seconds): 6490.91
	Percent of CPU this job got: 11584%
	Elapsed (wall clock) time (h:mm:ss or m:ss): 24:19:17
	Average shared text size (kbytes): 0
	Average unshared data size (kbytes): 0
	Average stack size (kbytes): 0
	Average total size (kbytes): 0
	Maximum resident set size (kbytes): 127016720
	Average resident set size (kbytes): 0
	Major (requiring I/O) page faults: 679316
	Minor (reclaiming a frame) page faults: 89597859
	Voluntary context switches: 939829808
	Involuntary context switches: 10472605
	Swaps: 0
	File system inputs: 12746512
	File system outputs: 17656
	Socket messages sent: 0
	Socket messages received: 0
	Signals delivered: 0
	Page size (bytes): 4096
	Exit status: 0
