
Gurobi 10.0.3 (linux64) logging started Mon Jul 15 13:09:48 2024

Set parameter LogFile to value "fwd/logs/w4-k1-s4.log"
Set parameter BestObjStop to value 612
Set parameter PoolSearchMode to value 2
Set parameter PoolSolutions to value 1
Set parameter Heuristics to value 1
Set parameter Threads to value 60
Set parameter Threads to value 60
Gurobi Optimizer version 10.0.3 build v10.0.3rc0 (linux64)

CPU model: AMD EPYC 7742 64-Core Processor, instruction set [SSE2|AVX|AVX2]
Thread count: 64 physical cores, 128 logical processors, using up to 60 threads

Academic license 2533279 - for non-commercial use only - registered to bl___@rice.edu
Optimize a model with 208 rows, 1280 columns and 1024 nonzeros
Model fingerprint: 0x728a0ded
Model has 2048 general constraints
Variable types: 0 continuous, 1280 integer (1024 binary)
Coefficient statistics:
  Matrix range     [1e+00, 1e+00]
  Objective range  [1e+00, 1e+00]
  Bounds range     [1e+00, 3e+00]
  RHS range        [3e+00, 3e+00]
  GenCon rhs range [1e+00, 1e+00]
  GenCon coe range [1e+00, 1e+00]
Found heuristic solution: objective -0.0000000
Presolve added 3050 rows and 2030 columns
Presolve time: 0.02s
Presolved: 3258 rows, 3310 columns, 8142 nonzeros
Presolved model has 1020 SOS constraint(s)
Variable types: 0 continuous, 3310 integer (1020 binary)

Root relaxation: objective 6.120000e+02, 1108 iterations, 0.00 seconds (0.00 work units)

    Nodes    |    Current Node    |     Objective Bounds      |     Work
 Expl Unexpl |  Obj  Depth IntInf | Incumbent    BestBd   Gap | It/Node Time

     0     0  612.00000    0  826   -0.00000  612.00000      -     -    0s
H    0     0                     525.0000000  612.00000  16.6%     -    0s
H    0     0                     526.0000000  612.00000  16.3%     -    0s
     0     0  612.00000    0 2339  526.00000  612.00000  16.3%     -    0s
H    0     0                     539.0000000  612.00000  13.5%     -    0s
     0     0  612.00000    0 3087  539.00000  612.00000  13.5%     -    0s
H    0     0                     545.0000000  612.00000  12.3%     -    0s
H    0     0                     547.0000000  612.00000  11.9%     -    0s
H    0     0                     550.0000000  612.00000  11.3%     -    0s
H    0     0                     557.0000000  612.00000  9.87%     -    1s
H    0     0                     559.0000000  612.00000  9.48%     -    1s
H    0     0                     561.0000000  612.00000  9.09%     -    1s
H    0     0                     563.0000000  612.00000  8.70%     -    1s
H    0     0                     564.0000000  612.00000  8.51%     -    1s
H    0     0                     568.0000000  612.00000  7.75%     -    1s
H    0     0                     571.0000000  612.00000  7.18%     -    1s
H    0     0                     572.0000000  612.00000  6.99%     -    1s
H    0     0                     574.0000000  612.00000  6.62%     -    1s
H    0     0                     581.0000000  612.00000  5.34%     -    1s
H    0     0                     584.0000000  612.00000  4.79%     -    1s
H    0     0                     585.0000000  612.00000  4.62%     -    1s
     0     0  612.00000    0  512  585.00000  612.00000  4.62%     -    1s
     0     0  612.00000    0  764  585.00000  612.00000  4.62%     -    1s
H    0     0                     586.0000000  612.00000  4.44%     -    1s
H    0     0                     592.0000000  612.00000  3.38%     -    1s
     0     0  612.00000    0  727  592.00000  612.00000  3.38%     -    1s
     0     0  612.00000    0  630  592.00000  612.00000  3.38%     -    1s
H    0     0                     593.0000000  612.00000  3.20%     -    1s
H    0     0                     595.0000000  612.00000  2.86%     -    1s
H    0     0                     596.0000000  612.00000  2.68%     -    1s
     0     2  612.00000    0  610  596.00000  612.00000  2.68%     -    2s
H   46    64                     597.0000000  612.00000  2.51%  1083    2s
H  123   184                     598.0000000  612.00000  2.34%  1238    2s
H  125   184                     600.0000000  612.00000  2.00%  1233    2s
H  127   184                     602.0000000  612.00000  1.66%  1227    2s
H  136   184                     604.0000000  612.00000  1.32%  1206    2s
H  243   304                     608.0000000  612.00000  0.66%  1010    5s
H  244   304                     609.0000000  612.00000  0.49%  1009    5s
H  244   304                     610.0000000  612.00000  0.33%  1009    5s
H  245   304                     611.0000000  612.00000  0.16%  1008    5s
H  249   304                     612.0000000  612.00000  0.00%  1005    5s

Cutting planes:
  Learned: 1014
  Gomory: 39
  Implied bound: 683
  MIR: 5
  Zero half: 235
  Relax-and-lift: 143

Explored 303 nodes (305871 simplex iterations) in 5.82 seconds (5.72 work units)
Thread count was 60 (of 128 available processors)

Solution count 1: 612 

Optimal solution found (tolerance 1.00e-04)
Best objective 6.120000000000e+02, best bound 6.120000000000e+02, gap 0.0000%
