Set parameter Username
Set parameter WLSAccessID
Set parameter WLSSecret
Set parameter LicenseID to value 2533279
Academic license 2533279 - for non-commercial use only - registered to bl___@rice.edu
w=4, k=4, sigma=2  169.0/256  -->  0.33984375
	Command being timed: "/home/Users/blk6/Projects/dbmers/scripts/run-fwd.py -w 4 -k 4 --sigma 2"
	User time (seconds): 250.16
	System time (seconds): 40.22
	Percent of CPU this job got: 2584%
	Elapsed (wall clock) time (h:mm:ss or m:ss): 0:11.23
	Average shared text size (kbytes): 0
	Average unshared data size (kbytes): 0
	Average stack size (kbytes): 0
	Average total size (kbytes): 0
	Maximum resident set size (kbytes): 942328
	Average resident set size (kbytes): 0
	Major (requiring I/O) page faults: 0
	Minor (reclaiming a frame) page faults: 242914
	Voluntary context switches: 200382
	Involuntary context switches: 2660459
	Swaps: 0
	File system inputs: 0
	File system outputs: 80
	Socket messages sent: 0
	Socket messages received: 0
	Signals delivered: 0
	Page size (bytes): 4096
	Exit status: 0
