
Gurobi 10.0.3 (linux64) logging started Sat Aug 31 18:30:30 2024

Set parameter LogFile to value "fwd/logs/w4-k3-s2.log"

Gurobi 10.0.3 (linux64) logging started Sat Aug 31 18:30:30 2024

Set parameter LogFile to value "fwd/logs/w4-k3-s2.log"
Gurobi Optimizer version 10.0.3 build v10.0.3rc0 (linux64)

CPU model: AMD EPYC 7742 64-Core Processor, instruction set [SSE2|AVX|AVX2]
Thread count: 64 physical cores, 128 logical processors, using up to 128 threads

Academic license 2533279 - for non-commercial use only - registered to bl___@rice.edu
Optimize a model with 643 rows, 192 columns and 6907 nonzeros
Model fingerprint: 0x40bd00d4
Model has 256 general constraints
Variable types: 0 continuous, 192 integer (128 binary)
Coefficient statistics:
  Matrix range     [1e+00, 1e+00]
  Objective range  [1e+00, 1e+00]
  Bounds range     [1e+00, 3e+00]
  RHS range        [1e+00, 4e+00]
  GenCon rhs range [1e+00, 1e+00]
  GenCon coe range [1e+00, 1e+00]

Concurrent MIP optimizer: 64 concurrent instances (2 threads per instance)


User MIP start produced solution with objective 48 (0.05s)
Loaded user MIP start with objective 48

Presolve added 265 rows and 249 columns
Presolve time: 0.02s
Presolved: 908 rows, 441 columns, 7503 nonzeros
Presolved model has 126 SOS constraint(s)
Variable types: 0 continuous, 441 integer (126 binary)
Root relaxation presolved: 908 rows, 441 columns, 7503 nonzeros


Root relaxation: objective 4.428571e+01, 1035 iterations, 0.04 seconds (0.04 work units)

    Nodes    |    Current Node    |     Objective Bounds      |     Work
 Expl Unexpl |  Obj  Depth IntInf | Incumbent    BestBd   Gap | It/Node Time

     0     0      -    -    -       48.00000   44.28571  7.74%     -    0s
     0     0      -    -    -       48.00000   44.28571  7.74%     -    0s
     0     0      -    -    -       48.00000   44.45033  7.40%     -    0s
     0     0      -    -    -       48.00000   44.45599  7.38%     -    0s
     0     0      -    -    -       48.00000   44.50764  7.28%     -    0s
     0     0      -    -    -       48.00000   44.52941  7.23%     -    0s
     0     0      -    -    -       48.00000   44.55006  7.19%     -    0s
     0     0      -    -    -       48.00000   44.59681  7.09%     -    0s
     0     0      -    -    -       48.00000   44.59765  7.09%     -    0s
     0     0      -    -    -       48.00000   44.60968  7.06%     -    0s
     0     0      -    -    -       48.00000   44.61352  7.06%     -    0s
     0     0      -    -    -       48.00000   44.61352  7.06%     -    0s
     0     0      -    -    -       48.00000   44.61352  7.06%     -    0s

Cutting planes:
  Learned: 88
  Gomory: 3
  Implied bound: 25
  Zero half: 5
  Relax-and-lift: 1

Instance 5 was solved

Explored 1 nodes (8187 simplex iterations) in 0.72 seconds (0.66 work units)
Thread count was 2 (of 128 available processors)

Solution count 1: 45 

Optimal solution found (tolerance 1.00e-04)
Best objective 4.500000000000e+01, best bound 4.500000000000e+01, gap 0.0000%
