Set parameter Username
Set parameter WLSAccessID
Set parameter WLSSecret
Set parameter LicenseID to value 2533279
Academic license 2533279 - for non-commercial use only - registered to bl___@rice.edu
w=4, k=1, sigma=4  612.0/1024  -->  0.40234375
	Command being timed: "/home/Users/blk6/Projects/dbmers/scripts/run-fwd.py -w 4 -k 1 --sigma 4"
	User time (seconds): 142.06
	System time (seconds): 22.64
	Percent of CPU this job got: 2282%
	Elapsed (wall clock) time (h:mm:ss or m:ss): 0:07.21
	Average shared text size (kbytes): 0
	Average unshared data size (kbytes): 0
	Average stack size (kbytes): 0
	Average total size (kbytes): 0
	Maximum resident set size (kbytes): 1198524
	Average resident set size (kbytes): 0
	Major (requiring I/O) page faults: 0
	Minor (reclaiming a frame) page faults: 425490
	Voluntary context switches: 151045
	Involuntary context switches: 534717
	Swaps: 0
	File system inputs: 0
	File system outputs: 80
	Socket messages sent: 0
	Socket messages received: 0
	Signals delivered: 0
	Page size (bytes): 4096
	Exit status: 0
