
Gurobi 10.0.3 (linux64) logging started Mon Jul 15 12:00:37 2024

Set parameter LogFile to value "fwd/logs/w4-k2-s2.log"
Set parameter BestObjStop to value 41
Set parameter PoolSearchMode to value 2
Set parameter PoolSolutions to value 1
Set parameter Heuristics to value 0.9
Set parameter Threads to value 60
Set parameter Threads to value 60
Gurobi Optimizer version 10.0.3 build v10.0.3rc0 (linux64)

CPU model: AMD EPYC 7742 64-Core Processor, instruction set [SSE2|AVX|AVX2]
Thread count: 64 physical cores, 128 logical processors, using up to 60 threads

Academic license 2533279 - for non-commercial use only - registered to bl___@rice.edu
Optimize a model with 153 rows, 96 columns and 978 nonzeros
Model fingerprint: 0xf0256c3b
Model has 128 general constraints
Variable types: 0 continuous, 96 integer (64 binary)
Coefficient statistics:
  Matrix range     [1e+00, 3e+00]
  Objective range  [1e+00, 1e+00]
  Bounds range     [1e+00, 3e+00]
  RHS range        [1e+00, 6e+00]
  GenCon rhs range [1e+00, 1e+00]
  GenCon coe range [1e+00, 1e+00]
Found heuristic solution: objective -0.0000000
Presolve added 135 rows and 121 columns
Presolve time: 0.00s
Presolved: 288 rows, 217 columns, 1217 nonzeros
Presolved model has 62 SOS constraint(s)
Variable types: 0 continuous, 217 integer (62 binary)

Root relaxation: objective 4.000000e+01, 300 iterations, 0.00 seconds (0.00 work units)

    Nodes    |    Current Node    |     Objective Bounds      |     Work
 Expl Unexpl |  Obj  Depth IntInf | Incumbent    BestBd   Gap | It/Node Time

     0     0   40.00000    0   35   -0.00000   40.00000      -     -    0s
H    0     0                      26.0000000   40.00000  53.8%     -    0s
H    0     0                      30.0000000   40.00000  33.3%     -    0s
H    0     0                      31.0000000   40.00000  29.0%     -    0s
     0     0   40.00000    0  122   31.00000   40.00000  29.0%     -    0s
H    0     0                      32.0000000   40.00000  25.0%     -    0s
H    0     0                      33.0000000   40.00000  21.2%     -    0s
     0     0   40.00000    0   73   33.00000   40.00000  21.2%     -    0s
H    0     0                      35.0000000   40.00000  14.3%     -    0s
H    0     0                      36.0000000   40.00000  11.1%     -    0s
H    0     0                      39.0000000   40.00000  2.56%     -    0s
     0     0   40.00000    0   27   39.00000   40.00000  2.56%     -    0s
H    0     0                      40.0000000   40.00000  0.00%     -    0s
     0     0   40.00000    0   27   40.00000   40.00000  0.00%     -    0s

Cutting planes:
  Learned: 37
  Gomory: 4
  Implied bound: 2
  Zero half: 3

Explored 1 nodes (1092 simplex iterations) in 0.05 seconds (0.02 work units)
Thread count was 60 (of 128 available processors)

Solution count 1: 40 

Optimal solution found (tolerance 1.00e-04)
Best objective 4.000000000000e+01, best bound 4.000000000000e+01, gap 0.0000%
