
Gurobi 10.0.3 (linux64) logging started Sun Sep  1 19:32:19 2024

Set parameter LogFile to value "fwd/logs/w4-k2-s3.log"

Gurobi 10.0.3 (linux64) logging started Sun Sep  1 19:32:19 2024

Set parameter LogFile to value "fwd/logs/w4-k2-s3.log"
Set parameter Heuristics to value 0.8
Set parameter Heuristics to value 0.8
Gurobi Optimizer version 10.0.3 build v10.0.3rc0 (linux64)

CPU model: AMD EPYC 7742 64-Core Processor, instruction set [SSE2|AVX|AVX2]
Thread count: 64 physical cores, 128 logical processors, using up to 128 threads

Academic license 2533279 - for non-commercial use only - registered to bl___@rice.edu
Optimize a model with 2691 rows, 972 columns and 22488 nonzeros
Model fingerprint: 0x48c87ef9
Model has 1458 general constraints
Variable types: 0 continuous, 972 integer (729 binary)
Coefficient statistics:
  Matrix range     [1e+00, 1e+00]
  Objective range  [1e+00, 1e+00]
  Bounds range     [1e+00, 3e+00]
  RHS range        [1e+00, 3e+00]
  GenCon rhs range [1e+00, 1e+00]
  GenCon coe range [1e+00, 1e+00]

Concurrent MIP optimizer: 64 concurrent instances (2 threads per instance)

Found heuristic solution: objective 729.0000000
Presolve added 2095 rows and 1446 columns
Presolve time: 0.13s
Presolved: 4786 rows, 2418 columns, 27327 nonzeros
Presolved model has 726 SOS constraint(s)
Variable types: 0 continuous, 2418 integer (726 binary)
Root relaxation presolved: 4786 rows, 2418 columns, 27327 nonzeros

Concurrent LP optimizer: dual simplex and barrier
Showing barrier log only...

Root barrier log...

Ordering time: 1.31s

Barrier statistics:
 AA' NZ     : 2.513e+05
 Factor NZ  : 3.792e+06 (roughly 33 MB of memory)
 Factor Ops : 5.537e+09 (less than 1 second per iteration)
 Threads    : 1

                  Objective                Residual
Iter       Primal          Dual         Primal    Dual     Compl     Time
   0   1.36236525e+03 -5.53053078e+02  4.59e+00 2.22e-16  8.61e-01     3s
   1   3.66401914e+02 -2.07566648e+02  9.51e-03 5.28e-06  7.08e-02     3s
   2   2.76837354e+02 -7.44327657e+01  2.24e-03 2.35e-06  4.32e-02     4s
   3   2.57998054e+02  2.28177676e+02  2.70e-04 9.48e-07  3.66e-03     4s
   4   2.55381412e+02  2.51545532e+02  9.66e-06 9.87e-08  4.70e-04     5s
   5   2.54884429e+02  2.54514784e+02  1.40e-06 4.64e-09  4.53e-05     6s
   6   2.54773204e+02  2.54675774e+02  4.85e-08 1.02e-09  1.20e-05     6s
   7   2.54752642e+02  2.54747549e+02  1.42e-09 2.28e-11  6.26e-07     7s
   8   2.54751608e+02  2.54751595e+02  4.99e-12 3.89e-16  1.66e-09     8s
   9   2.54751601e+02  2.54751601e+02  2.81e-12 6.66e-16  1.66e-12     8s

Barrier solved model in 9 iterations and 8.04 seconds (2.26 work units)
Optimal objective 2.54751601e+02


Root crossover log...

      25 DPushes remaining with DInf 0.0000000e+00                 8s
       0 DPushes remaining with DInf 0.0000000e+00                 8s

     904 PPushes remaining with PInf 0.0000000e+00                 8s
       0 PPushes remaining with PInf 3.2443733e+01                 8s

  Push phase complete: Pinf 3.2443733e+01, Dinf 1.3259309e-11      8s


Root simplex log...

Iteration    Objective       Primal Inf.    Dual Inf.      Time
     932    2.5475160e+02   2.424272e+02   0.000000e+00      8s
    1506    2.5475160e+02   0.000000e+00   0.000000e+00      8s

Solved with barrier

Root relaxation: objective 2.547516e+02, 1506 iterations, 7.96 seconds (2.36 work units)

    Nodes    |    Current Node    |     Objective Bounds      |     Work
 Expl Unexpl |  Obj  Depth IntInf | Incumbent    BestBd   Gap | It/Node Time

     0     0      -    -    -      729.00000  254.75160  65.1%     -    9s
     0     0      -    -    -      364.00000  254.75872  30.0%     -   11s
     0     0      -    -    -      354.00000  254.75945  28.0%     -   12s
     0     0      -    -    -      354.00000  254.76742  28.0%     -   15s
     0     0      -    -    -      354.00000  254.76782  28.0%     -   16s
     0     0      -    -    -      354.00000  254.77670  28.0%     -   19s
     0     0      -    -    -      346.00000  254.77675  26.4%     -   20s
     0     0      -    -    -      346.00000  254.80520  26.4%     -   23s
     0     0      -    -    -      346.00000  254.83175  26.3%     -   26s
     0     0      -    -    -      346.00000  254.83265  26.3%     -   27s
     0     0      -    -    -      346.00000  254.83265  26.3%     -   27s
     0     0      -    -    -      346.00000  254.83683  26.3%     -   30s
     0     0      -    -    -      339.00000  254.83752  24.8%     -   31s
     0     0      -    -    -      339.00000  254.83796  24.8%     -   32s
     0     0      -    -    -      339.00000  254.83796  24.8%     -   33s
     0     0      -    -    -      339.00000  254.83808  24.8%     -   35s
     0     0      -    -    -      311.00000  254.84090  18.1%     -   37s
     0     0      -    -    -      311.00000  254.84160  18.1%     -   38s
     0     0      -    -    -      282.00000  254.84160  9.63%     -   39s
     0     0      -    -    -      282.00000  254.84253  9.63%     -   41s
     0     0      -    -    -      282.00000  254.84253  9.63%     -   42s
     0     0      -    -    -      282.00000  254.84380  9.63%     -   44s
     0     0      -    -    -      282.00000  254.84380  9.63%     -   47s
     0     2      -    -    -      281.00000  254.89624  9.29%     -   57s
     3     6      -    -    -      273.00000  254.90173  6.63%     -   64s
     5     8      -    -    -      273.00000  254.90556  6.63%     -   65s
    11    14      -    -    -      273.00000  254.90562  6.63%     -   73s
    15    18      -    -    -      273.00000  254.90562  6.63%     -  104s
    17    22      -    -    -      273.00000  254.90562  6.63%     -  110s
    22    23      -    -    -      269.00000  254.90562  5.24%     -  130s
    24    24      -    -    -      269.00000  254.90562  5.24%     -  135s
    27    26      -    -    -      269.00000  254.90562  5.24%     -  142s
    28    27      -    -    -      269.00000  254.90562  5.24%     -  147s
    29    31      -    -    -      269.00000  254.90562  5.24%     -  177s
    33    33      -    -    -      269.00000  254.90562  5.24%     -  182s
    35    35      -    -    -      269.00000  254.90562  5.24%     -  185s
    42    41      -    -    -      269.00000  254.90562  5.24%     -  191s
    48    43      -    -    -      269.00000  254.90562  5.24%     -  195s
    54    47      -    -    -      269.00000  254.90562  5.24%     -  201s
    61    54      -    -    -      268.00000  254.90562  4.89%     -  236s
    65    66      -    -    -      268.00000  254.90562  4.89%     -  248s
    78    79      -    -    -      268.00000  254.90562  4.89%     -  261s
    96    91      -    -    -      268.00000  254.90562  4.89%     -  276s
   114   119      -    -    -      268.00000  254.90562  4.89%     -  291s
   146   151      -    -    -      267.00000  254.90562  4.53%     -  303s
   178   185      -    -    -      267.00000  254.90562  4.53%     -  315s
   212   210      -    -    -      267.00000  254.90562  4.53%     -  328s
   237   231      -    -    -      267.00000  254.90562  4.53%     -  339s
   258   269      -    -    -      267.00000  254.90562  4.53%     -  350s
   296   312      -    -    -      266.00000  254.90562  4.17%     -  362s
   339   364      -    -    -      266.00000  254.90562  4.17%     -  373s
   391   422      -    -    -      266.00000  254.90562  4.17%     -  384s
   449   483      -    -    -      266.00000  254.90562  4.17%     -  394s
   510   528      -    -    -      265.00000  254.90562  3.81%     -  404s
   563   538      -    -    -      265.00000  254.90562  3.81%     -  416s
   598   570      -    -    -      265.00000  254.90562  3.81%     -  426s
   633   604      -    -    -      265.00000  254.90562  3.81%     -  440s
   683   666      -    -    -      265.00000  254.90562  3.81%     -  461s
   745   705      -    -    -      265.00000  254.90562  3.81%     -  483s
   808   680      -    -    -      264.00000  254.90562  3.44%     -  505s
   887   683      -    -    -      264.00000  254.90562  3.44%     -  528s
   956   772      -    -    -      263.00000  254.90562  3.08%     -  558s
  1049   946      -    -    -      263.00000  254.90562  3.08%     -  593s
  1223  1053      -    -    -      263.00000  254.90562  3.08%     -  624s
  1375  1095      -    -    -      263.00000  254.90562  3.08%     -  659s
  1607  1194      -    -    -      263.00000  254.90562  3.08%     -  695s
  1742  1334      -    -    -      263.00000  254.90562  3.08%     -  737s
  1896  1460      -    -    -      263.00000  254.90562  3.08%     -  781s
  2072  1625      -    -    -      263.00000  254.90562  3.08%     -  828s
  2261  1748      -    -    -      263.00000  254.90562  3.08%     -  875s
  2432  1884      -    -    -      263.00000  254.90562  3.08%     -  925s
  2602  2049      -    -    -      263.00000  254.90562  3.08%     -  978s
  2783  2195      -    -    -      263.00000  254.90562  3.08%     - 1032s
  2955  2311      -    -    -      263.00000  254.90562  3.08%     - 1088s
  3137  2489      -    -    -      263.00000  254.90562  3.08%     - 1147s
  3351  2647      -    -    -      263.00000  254.90562  3.08%     - 1209s
  3564  2814      -    -    -      263.00000  254.90562  3.08%     - 1273s
  3775  2964      -    -    -      263.00000  254.90562  3.08%     - 1341s
  3987  3144      -    -    -      263.00000  254.90562  3.08%     - 1413s
  4220  3325      -    -    -      263.00000  254.90562  3.08%     - 1486s
  4461  3532      -    -    -      263.00000  254.90562  3.08%     - 1561s
  4715  3756      -    -    -      263.00000  254.90562  3.08%     - 1639s
  4983  3928      -    -    -      263.00000  254.90562  3.08%     - 1721s
  5217  4156      -    -    -      263.00000  254.90562  3.08%     - 1806s
  5473  4339      -    -    -      263.00000  254.90562  3.08%     - 1891s
  5734  4503      -    -    -      263.00000  254.90562  3.08%     - 1977s
  5971  4729      -    -    -      263.00000  254.90562  3.08%     - 2065s
  6235  4825      -    -    -      263.00000  254.90562  3.08%     - 2154s
  6367  5008      -    -    -      263.00000  254.90562  3.08%     - 2242s
  6632  5127      -    -    -      263.00000  254.90562  3.08%     - 2333s
  6792  5317      -    -    -      263.00000  254.90562  3.08%     - 2423s
  7047  5518      -    -    -      263.00000  254.90562  3.08%     - 2514s
  7288  5690      -    -    -      263.00000  254.90562  3.08%     - 2605s
  7498  5878      -    -    -      263.00000  254.90562  3.08%     - 2697s
  7744  6062      -    -    -      263.00000  254.90562  3.08%     - 2791s
  7981  6300      -    -    -      263.00000  254.90562  3.08%     - 2884s
  8273  6454      -    -    -      263.00000  254.90562  3.08%     - 2976s
  8485  6674      -    -    -      263.00000  254.90562  3.08%     - 3071s
  8759  6909      -    -    -      263.00000  254.90562  3.08%     - 3165s
  9046  7160      -    -    -      263.00000  254.90562  3.08%     - 3259s
  9361  7382      -    -    -      263.00000  254.90562  3.08%     - 3353s
  9651  7611      -    -    -      263.00000  254.90562  3.08%     - 3447s
  9948  7670      -    -    -      263.00000  254.90562  3.08%     - 3543s
 10043  7715      -    -    -      263.00000  254.90562  3.08%     - 3641s
 10088  7853      -    -    -      263.00000  254.90562  3.08%     - 3739s
 10266  8029      -    -    -      263.00000  254.90562  3.08%     - 3834s
 10565  8122      -    -    -      263.00000  254.90562  3.08%     - 3931s
 10690  8361      -    -    -      263.00000  254.90562  3.08%     - 4028s
 10956  8662      -    -    -      263.00000  254.90562  3.08%     - 4128s
 11295  8838      -    -    -      263.00000  254.90562  3.08%     - 4226s
 11536  9037      -    -    -      263.00000  254.90562  3.08%     - 4322s
 11836  9224      -    -    -      263.00000  254.90562  3.08%     - 4419s
 12138  9302      -    -    -      263.00000  254.90562  3.08%     - 4521s
 12236  9510      -    -    -      263.00000  254.90562  3.08%     - 4620s
 12527  9600      -    -    -      263.00000  254.90562  3.08%     - 4721s
 12657  9669      -    -    -      263.00000  254.90562  3.08%     - 4826s
 12751  9885      -    -    -      263.00000  254.90562  3.08%     - 4926s
 13061 10203      -    -    -      263.00000  254.90562  3.08%     - 5028s
 13412 10267      -    -    -      263.00000  254.90562  3.08%     - 5134s
 13514 10320      -    -    -      263.00000  254.90562  3.08%     - 5239s
 13587 10471      -    -    -      263.00000  254.90562  3.08%     - 5342s
 13786 10745      -    -    -      263.00000  254.90562  3.08%     - 5446s
 14100 10751      -    -    -      263.00000  254.90562  3.08%     - 5569s
 14106 10787      -    -    -      263.00000  254.90562  3.08%     - 5693s
 14154 10791      -    -    -      263.00000  254.90562  3.08%     - 5836s
 14158 10795      -    -    -      263.00000  254.90562  3.08%     - 5946s
 14162 10803      -    -    -      263.00000  254.90562  3.08%     - 6079s
 14170 10984      -    -    -      263.00000  254.90562  3.08%     - 6189s
 14403 11223      -    -    -      263.00000  254.90562  3.08%     - 6294s
 14720 11484      -    -    -      263.00000  254.90562  3.08%     - 6400s
 15059 11633      -    -    -      263.00000  254.90562  3.08%     - 6507s
 15285 11879      -    -    -      263.00000  254.90562  3.08%     - 6614s
 15557 11932      -    -    -      263.00000  254.90562  3.08%     - 6726s
 15618 12138      -    -    -      263.00000  254.90562  3.08%     - 6835s
 15921 12435      -    -    -      263.00000  254.90562  3.08%     - 6940s
 16266 12711      -    -    -      263.00000  254.90562  3.08%     - 7043s
 16607 12971      -    -    -      263.00000  254.90562  3.08%     - 7148s
 16941 13166      -    -    -      263.00000  254.90562  3.08%     - 7252s
 17218 13168      -    -    -      263.00000  254.90562  3.08%     - 7405s
 17220 13271      -    -    -      263.00000  254.90562  3.08%     - 7513s
 17367 13518      -    -    -      263.00000  254.90562  3.08%     - 7618s
 17672 13692      -    -    -      263.00000  254.90562  3.08%     - 7725s
 17899 13948      -    -    -      263.00000  254.90562  3.08%     - 7832s
 18185 14108      -    -    -      263.00000  254.90562  3.08%     - 7934s
 18475 14278      -    -    -      263.00000  254.90562  3.08%     - 8042s
 18687 14304      -    -    -      263.00000  254.90562  3.08%     - 8153s
 18739 14476      -    -    -      263.00000  254.90562  3.08%     - 8263s
 18989 14703      -    -    -      263.00000  254.90562  3.08%     - 8372s
 19274 14959      -    -    -      263.00000  254.90562  3.08%     - 8480s
 19633 15175      -    -    -      263.00000  254.90562  3.08%     - 8587s
 19917 15470      -    -    -      263.00000  254.90562  3.08%     - 8697s
 20258 15699      -    -    -      263.00000  254.90562  3.08%     - 8804s
 20565 15937      -    -    -      263.00000  254.90562  3.08%     - 8913s
 20846 16134      -    -    -      263.00000  254.90562  3.08%     - 9021s
 21131 16394      -    -    -      263.00000  254.90562  3.08%     - 9123s
 21443 16509      -    -    -      263.00000  254.90562  3.08%     - 9233s
 21576 16775      -    -    -      263.00000  254.90562  3.08%     - 9341s
 21942 17000      -    -    -      263.00000  254.90562  3.08%     - 9450s
 22241 17274      -    -    -      263.00000  254.90562  3.08%     - 9559s
 22569 17386      -    -    -      263.00000  254.90562  3.08%     - 9715s
 22709 17491      -    -    -      263.00000  254.90562  3.08%     - 9826s
 22867 17613      -    -    -      263.00000  254.90562  3.08%     - 9938s
 23083 17811      -    -    -      263.00000  254.90562  3.08%     - 10052s
 23341 18101      -    -    -      263.00000  254.90562  3.08%     - 10163s
 23673 18103      -    -    -      263.00000  254.90562  3.08%     - 10288s
 23675 18299      -    -    -      263.00000  254.90562  3.08%     - 10404s
 23919 18530      -    -    -      263.00000  254.90562  3.08%     - 10514s
 24234 18784      -    -    -      263.00000  254.90562  3.08%     - 10627s
 24509 19084      -    -    -      263.00000  254.90562  3.08%     - 10737s
 24889 19308      -    -    -      263.00000  254.90562  3.08%     - 10847s
 25215 19364      -    -    -      263.00000  254.90562  3.08%     - 10964s
 25285 19546      -    -    -      263.00000  254.90562  3.08%     - 11078s
 25519 19743      -    -    -      263.00000  254.90562  3.08%     - 11194s
 25786 20027      -    -    -      263.00000  254.90562  3.08%     - 11308s
 26131 20302      -    -    -      263.00000  254.90562  3.08%     - 11417s
 26487 20412      -    -    -      263.00000  254.90562  3.08%     - 11529s
 26619 20545      -    -    -      263.00000  254.90562  3.08%     - 11662s
 26778 20726      -    -    -      263.00000  254.90562  3.08%     - 11781s
 27027 20964      -    -    -      263.00000  254.90562  3.08%     - 11891s
 27349 21208      -    -    -      263.00000  254.90562  3.08%     - 12005s
 27694 21234      -    -    -      263.00000  254.90562  3.08%     - 12136s
 27732 21475      -    -    -      263.00000  254.90562  3.08%     - 12253s
 28034 21717      -    -    -      263.00000  254.90562  3.08%     - 12368s
 28358 21958      -    -    -      263.00000  254.90562  3.08%     - 12482s
 28681 22189      -    -    -      263.00000  254.90562  3.08%     - 12595s
 29049 22302      -    -    -      263.00000  254.90562  3.08%     - 12712s
 29192 22472      -    -    -      263.00000  254.90562  3.08%     - 12824s
 29418 22672      -    -    -      263.00000  254.90562  3.08%     - 12940s
 29723 23015      -    -    -      263.00000  254.90562  3.08%     - 13054s
 30110 23107      -    -    -      263.00000  254.90562  3.08%     - 13171s
 30230 23317      -    -    -      263.00000  254.90562  3.08%     - 13283s
 30568 23598      -    -    -      263.00000  254.90562  3.08%     - 13397s
 30928 23888      -    -    -      263.00000  254.90562  3.08%     - 13510s
 31285 24083      -    -    -      263.00000  254.90562  3.08%     - 13625s
 31510 24326      -    -    -      263.00000  254.90562  3.08%     - 13736s
 31837 24554      -    -    -      263.00000  254.90562  3.08%     - 13848s
 32139 24747      -    -    -      263.00000  254.90562  3.08%     - 13958s
 32404 24911      -    -    -      263.00000  254.90562  3.08%     - 14075s
 32614 25204      -    -    -      263.00000  254.90562  3.08%     - 14185s
 32979 25350      -    -    -      263.00000  254.90562  3.08%     - 14300s
 33125 25594      -    -    -      263.00000  254.90562  3.08%     - 14415s
 33465 25799      -    -    -      263.00000  254.90562  3.08%     - 14531s
 33769 26057      -    -    -      263.00000  254.90562  3.08%     - 14646s
 34087 26317      -    -    -      263.00000  254.90562  3.08%     - 14761s
 34405 26426      -    -    -      263.00000  254.90562  3.08%     - 14874s
 34552 26622      -    -    -      263.00000  254.90562  3.08%     - 14992s
 34830 26847      -    -    -      263.00000  254.90562  3.08%     - 15107s
 35143 27032      -    -    -      263.00000  254.90562  3.08%     - 15226s
 35360 27283      -    -    -      263.00000  254.90562  3.08%     - 15340s
 35715 27539      -    -    -      263.00000  254.90562  3.08%     - 15456s
 36061 27702      -    -    -      263.00000  254.90562  3.08%     - 15576s
 36244 27922      -    -    -      263.00000  254.90562  3.08%     - 15691s
 36500 28021      -    -    -      263.00000  254.90562  3.08%     - 15808s
 36633 28238      -    -    -      263.00000  254.90562  3.08%     - 15928s
 36910 28451      -    -    -      263.00000  254.90562  3.08%     - 16047s
 37171 28749      -    -    -      263.00000  254.90562  3.08%     - 16166s
 37562 29038      -    -    -      263.00000  254.90562  3.08%     - 16279s
 37890 29046      -    -    -      263.00000  254.90562  3.08%     - 16399s
 37925 29187      -    -    -      263.00000  254.90562  3.08%     - 16518s
 38179 29468      -    -    -      263.00000  254.90562  3.08%     - 16633s
 38544 29680      -    -    -      263.00000  254.90562  3.08%     - 16749s
 38829 29857      -    -    -      263.00000  254.90562  3.08%     - 16869s
 39092 30096      -    -    -      263.00000  254.90562  3.08%     - 16985s
 39411 30402      -    -    -      263.00000  254.90562  3.08%     - 17105s
 39799 30652      -    -    -      263.00000  254.90562  3.08%     - 17223s
 40095 30907      -    -    -      263.00000  254.90562  3.08%     - 17339s
 40463 31050      -    -    -      263.00000  254.90562  3.08%     - 17455s
 40608 31195      -    -    -      263.00000  254.90562  3.08%     - 17573s
 40799 31485      -    -    -      263.00000  254.90562  3.08%     - 17689s
 41165 31798      -    -    -      263.00000  254.90562  3.08%     - 17804s
 41520 32067      -    -    -      263.00000  254.90562  3.08%     - 17917s
 41885 32350      -    -    -      263.00000  254.90562  3.08%     - 18035s
 42210 32444      -    -    -      263.00000  254.90562  3.08%     - 18155s
 42332 32687      -    -    -      263.00000  254.90562  3.08%     - 18270s
 42670 32931      -    -    -      263.00000  254.90562  3.08%     - 18384s
 43002 33111      -    -    -      263.00000  254.90562  3.08%     - 18500s
 43242 33357      -    -    -      263.00000  254.90562  3.08%     - 18615s
 43584 33573      -    -    -      263.00000  254.90562  3.08%     - 18730s
 43886 33716      -    -    -      263.00000  254.90562  3.08%     - 18854s
 44053 33900      -    -    -      263.00000  254.90562  3.08%     - 18972s
 44316 34197      -    -    -      263.00000  254.90562  3.08%     - 19087s
 44673 34294      -    -    -      263.00000  254.90562  3.08%     - 19206s
 44794 34540      -    -    -      263.00000  254.90562  3.08%     - 19325s
 45123 34727      -    -    -      263.00000  254.90562  3.08%     - 19441s
 45384 35048      -    -    -      263.00000  254.90562  3.08%     - 19556s
 45785 35221      -    -    -      263.00000  254.90562  3.08%     - 19672s
 46096 35470      -    -    -      263.00000  254.90562  3.08%     - 19789s
 46413 35544      -    -    -      263.00000  254.90562  3.08%     - 19907s
 46573 35690      -    -    -      263.00000  254.90562  3.08%     - 20024s
 46765 35928      -    -    -      263.00000  254.90562  3.08%     - 20142s
 47101 36231      -    -    -      263.00000  254.90562  3.08%     - 20258s
 47522 36405      -    -    -      263.00000  254.90562  3.08%     - 20375s
 47742 36488      -    -    -      263.00000  254.90562  3.08%     - 20492s
 47862 36579      -    -    -      263.00000  254.90562  3.08%     - 20613s
 47991 36852      -    -    -      263.00000  254.90562  3.08%     - 20731s
 48357 37116      -    -    -      263.00000  254.90562  3.08%     - 20850s
 48689 37251      -    -    -      263.00000  254.90562  3.08%     - 20971s
 48876 37506      -    -    -      263.00000  254.90562  3.08%     - 21090s
 49257 37727      -    -    -      263.00000  254.90562  3.08%     - 21206s
 49536 37978      -    -    -      263.00000  254.90562  3.08%     - 21325s
 49883 38144      -    -    -      263.00000  254.90562  3.08%     - 21442s
 50123 38151      -    -    -      263.00000  254.90562  3.08%     - 21563s
 50130 38385      -    -    -      263.00000  254.90562  3.08%     - 21685s
 50412 38593      -    -    -      263.00000  254.90562  3.08%     - 21804s
 50706 38861      -    -    -      263.00000  254.90562  3.08%     - 21921s
 51082 39069      -    -    -      263.00000  254.90562  3.08%     - 22040s
 51336 39385      -    -    -      263.00000  254.90562  3.08%     - 22156s
 51743 39453      -    -    -      263.00000  254.90562  3.08%     - 22276s
 51829 39803      -    -    -      263.00000  254.90562  3.08%     - 22394s
 52251 40073      -    -    -      263.00000  254.90562  3.08%     - 22509s
 52625 40264      -    -    -      263.00000  254.90562  3.08%     - 22624s
 52886 40482      -    -    -      263.00000  254.90562  3.08%     - 22739s
 53196 40724      -    -    -      263.00000  254.90562  3.08%     - 22856s
 53515 40726      -    -    -      263.00000  254.90562  3.08%     - 23071s
 53517 40833      -    -    -      263.00000  254.90562  3.08%     - 23203s
 53642 40932      -    -    -      263.00000  254.90562  3.08%     - 23324s
 53781 41160      -    -    -      263.00000  254.90562  3.08%     - 23441s
 54136 41439      -    -    -      263.00000  254.90562  3.08%     - 23556s
 54511 41693      -    -    -      263.00000  254.90562  3.08%     - 23672s
 54879 41740      -    -    -      263.00000  254.90562  3.08%     - 23791s
 54928 41835      -    -    -      263.00000  254.90562  3.08%     - 23909s
 55044 42096      -    -    -      263.00000  254.90562  3.08%     - 24029s
 55305 42347      -    -    -      263.00000  254.90562  3.08%     - 24145s
 55659 42603      -    -    -      263.00000  254.90562  3.08%     - 24262s
 56005 42730      -    -    -      263.00000  254.90562  3.08%     - 24380s
 56156 42986      -    -    -      263.00000  254.90562  3.08%     - 24496s
 56540 43193      -    -    -      263.00000  254.90562  3.08%     - 24613s
 56810 43438      -    -    -      263.00000  254.90562  3.08%     - 24729s
 57148 43622      -    -    -      263.00000  254.90562  3.08%     - 24846s
 57438 43786      -    -    -      263.00000  254.90562  3.08%     - 24963s
 57659 43946      -    -    -      263.00000  254.90562  3.08%     - 25082s
 57839 44175      -    -    -      263.00000  254.90562  3.08%     - 25199s
 58156 44502      -    -    -      263.00000  254.90562  3.08%     - 25318s
 58562 44612      -    -    -      263.00000  254.90562  3.08%     - 25437s
 58702 44665      -    -    -      263.00000  254.90562  3.08%     - 25557s
 58781 44927      -    -    -      263.00000  254.90562  3.08%     - 25674s
 59137 45177      -    -    -      263.00000  254.90562  3.08%     - 25794s
 59437 45313      -    -    -      263.00000  254.90562  3.08%     - 25913s
 59653 45587      -    -    -      263.00000  254.90562  3.08%     - 26032s
 60005 45839      -    -    -      263.00000  254.90562  3.08%     - 26150s
 60349 45989      -    -    -      263.00000  254.90562  3.08%     - 26269s
 60531 46241      -    -    -      263.00000  254.90562  3.08%     - 26386s
 60902 46425      -    -    -      263.00000  254.90562  3.08%     - 26506s
 61172 46664      -    -    -      263.00000  254.90562  3.08%     - 26623s
 61509 46722      -    -    -      263.00000  254.90562  3.08%     - 26742s
 61567 46956      -    -    -      263.00000  254.90562  3.08%     - 26860s
 61859 47168      -    -    -      263.00000  254.90562  3.08%     - 26978s
 62183 47463      -    -    -      263.00000  254.90562  3.08%     - 27098s
 62549 47668      -    -    -      263.00000  254.90562  3.08%     - 27214s
 62862 47862      -    -    -      263.00000  254.90562  3.08%     - 27329s
 63137 48039      -    -    -      263.00000  254.90562  3.08%     - 27447s
 63435 48256      -    -    -      263.00000  254.90562  3.08%     - 27567s
 63700 48465      -    -    -      263.00000  254.90562  3.08%     - 27687s
 63961 48772      -    -    -      263.00000  254.90562  3.08%     - 27805s
 64338 48967      -    -    -      263.00000  254.90562  3.08%     - 27924s
 64599 49153      -    -    -      263.00000  254.90562  3.08%     - 28043s
 64864 49216      -    -    -      263.00000  254.90562  3.08%     - 28163s
 64927 49438      -    -    -      263.00000  254.90562  3.08%     - 28282s
 65195 49713      -    -    -      263.00000  254.90562  3.08%     - 28401s
 65574 49935      -    -    -      263.00000  254.90562  3.08%     - 28521s
 65908 50220      -    -    -      263.00000  254.90562  3.08%     - 28637s
 66269 50395      -    -    -      263.00000  254.90562  3.08%     - 28757s
 66474 50671      -    -    -      263.00000  254.90562  3.08%     - 28871s
 66862 50872      -    -    -      263.00000  254.90562  3.08%     - 28989s
 67131 51085      -    -    -      263.00000  254.90562  3.08%     - 29109s
 67452 51197      -    -    -      263.00000  254.90562  3.08%     - 29230s
 67607 51407      -    -    -      263.00000  254.90562  3.08%     - 29349s
 67899 51749      -    -    -      263.00000  254.90562  3.08%     - 29467s
 68291 52000      -    -    -      263.00000  254.90562  3.08%     - 29582s
 68627 52061      -    -    -      263.00000  254.90562  3.08%     - 29728s
 68714 52294      -    -    -      263.00000  254.90562  3.08%     - 29845s
 69070 52497      -    -    -      263.00000  254.90562  3.08%     - 29961s
 69343 52707      -    -    -      263.00000  254.90562  3.08%     - 30081s
 69635 52945      -    -    -      263.00000  254.90562  3.08%     - 30199s
 69929 53117      -    -    -      263.00000  254.90562  3.08%     - 30318s
 70169 53254      -    -    -      263.00000  254.90562  3.08%     - 30438s
 70374 53470      -    -    -      263.00000  254.90562  3.08%     - 30558s
 70670 53802      -    -    -      263.00000  254.90562  3.08%     - 30676s
 71077 53978      -    -    -      263.00000  254.90562  3.08%     - 30796s
 71282 54218      -    -    -      263.00000  254.90562  3.08%     - 30910s
 71640 54423      -    -    -      263.00000  254.90562  3.08%     - 31030s
 71887 54580      -    -    -      263.00000  254.90562  3.08%     - 31163s
 72084 54776      -    -    -      263.00000  254.90562  3.08%     - 31282s
 72350 54983      -    -    -      263.00000  254.90562  3.08%     - 31400s
 72617 55186      -    -    -      263.00000  254.90562  3.08%     - 31522s
 72907 55444      -    -    -      263.00000  254.90562  3.08%     - 31639s
 73216 55679      -    -    -      263.00000  254.90562  3.08%     - 31759s
 73597 55791      -    -    -      263.00000  254.90562  3.08%     - 31897s
 73745 55955      -    -    -      263.00000  254.90562  3.08%     - 32021s
 73945 56270      -    -    -      263.00000  254.90562  3.08%     - 32143s
 74324 56526      -    -    -      263.00000  254.90562  3.08%     - 32264s
 74673 56577      -    -    -      263.00000  254.90562  3.08%     - 32389s
 74752 56784      -    -    -      263.00000  254.90562  3.08%     - 32510s
 75110 57019      -    -    -      263.00000  254.90562  3.08%     - 32630s
 75429 57303      -    -    -      263.00000  254.90562  3.08%     - 32751s
 75801 57503      -    -    -      263.00000  254.90562  3.08%     - 32870s
 76124 57560      -    -    -      263.00000  254.90562  3.08%     - 32991s
 76229 57840      -    -    -      263.00000  254.90562  3.08%     - 33110s
 76553 58018      -    -    -      263.00000  254.90562  3.08%     - 33232s
 76793 58300      -    -    -      263.00000  254.90562  3.08%     - 33351s
 77163 58506      -    -    -      263.00000  254.90562  3.08%     - 33470s
 77502 58610      -    -    -      263.00000  254.90562  3.08%     - 33589s
 77634 58930      -    -    -      263.00000  254.90562  3.08%     - 33711s
 78028 59164      -    -    -      263.00000  254.90562  3.08%     - 33831s
 78370 59398      -    -    -      263.00000  254.90562  3.08%     - 33949s
 78706 59711      -    -    -      263.00000  254.90562  3.08%     - 34066s
 79091 59906      -    -    -      263.00000  254.90562  3.08%     - 34182s
 79382 60003      -    -    -      263.00000  254.90562  3.08%     - 34317s
 79489 60177      -    -    -      263.00000  254.90562  3.08%     - 34438s
 79747 60432      -    -    -      263.00000  254.90562  3.08%     - 34556s
 80103 60673      -    -    -      263.00000  254.90562  3.08%     - 34673s
 80406 60932      -    -    -      263.00000  254.90562  3.08%     - 34792s
 80772 61045      -    -    -      263.00000  254.90562  3.08%     - 34908s
 80943 61161      -    -    -      263.00000  254.90562  3.08%     - 35028s
 81081 61441      -    -    -      263.00000  254.90562  3.08%     - 35144s
 81483 61563      -    -    -      263.00000  254.90562  3.08%     - 35261s
 81651 61824      -    -    -      263.00000  254.90562  3.08%     - 35380s
 82028 61922      -    -    -      263.00000  254.90562  3.08%     - 35561s
 82166 62166      -    -    -      263.00000  254.90562  3.08%     - 35680s
 82512 62304      -    -    -      263.00000  254.90562  3.08%     - 35801s
 82708 62477      -    -    -      263.00000  254.90562  3.08%     - 35922s
 82923 62692      -    -    -      263.00000  254.90562  3.08%     - 36046s
 83192 63003      -    -    -      263.00000  254.90562  3.08%     - 36166s
 83575 63187      -    -    -      263.00000  254.90562  3.08%     - 36287s
 83809 63333      -    -    -      263.00000  254.90562  3.08%     - 36408s
 84073 63609      -    -    -      263.00000  254.90562  3.08%     - 36528s
 84439 63868      -    -    -      263.00000  254.90562  3.08%     - 36647s
 84776 64132      -    -    -      263.00000  254.90562  3.08%     - 36766s
 85148 64370      -    -    -      263.00000  254.90562  3.08%     - 36888s
 85406 64673      -    -    -      263.00000  254.90562  3.08%     - 37005s
 85783 64761      -    -    -      263.00000  254.90562  3.08%     - 37124s
 85904 64917      -    -    -      263.00000  254.90562  3.08%     - 37246s
 86112 65087      -    -    -      263.00000  254.90562  3.08%     - 37366s
 86336 65415      -    -    -      263.00000  254.90562  3.08%     - 37486s
 86754 65618      -    -    -      263.00000  254.90562  3.08%     - 37605s
 87027 65773      -    -    -      263.00000  254.90562  3.08%     - 37729s
 87202 65930      -    -    -      263.00000  254.90562  3.08%     - 37851s
 87457 66168      -    -    -      263.00000  254.90562  3.08%     - 37972s
 87790 66364      -    -    -      263.00000  254.90562  3.08%     - 38096s
 88044 66587      -    -    -      263.00000  254.90562  3.08%     - 38218s
 88333 66786      -    -    -      263.00000  254.90562  3.08%     - 38339s
 88645 66962      -    -    -      263.00000  254.90562  3.08%     - 38463s
 88873 67199      -    -    -      263.00000  254.90562  3.08%     - 38582s
 89218 67541      -    -    -      263.00000  254.90562  3.08%     - 38702s
 89638 67735      -    -    -      263.00000  254.90562  3.08%     - 38825s
 89900 67988      -    -    -      263.00000  254.90562  3.08%     - 38943s
 90274 68215      -    -    -      263.00000  254.90562  3.08%     - 39062s
 90556 68494      -    -    -      263.00000  254.90562  3.08%     - 39181s
 90913 68649      -    -    -      263.00000  254.90562  3.08%     - 39302s
 91122 68906      -    -    -      263.00000  254.90562  3.08%     - 39422s
 91493 69068      -    -    -      263.00000  254.90562  3.08%     - 39540s
 91717 69325      -    -    -      263.00000  254.90562  3.08%     - 39659s
 92046 69627      -    -    -      263.00000  254.90562  3.08%     - 39777s
 92414 69671      -    -    -      263.00000  254.90562  3.08%     - 39897s
 92474 69923      -    -    -      263.00000  254.90562  3.08%     - 40018s
 92762 70089      -    -    -      263.00000  254.90562  3.08%     - 40139s
 92974 70344      -    -    -      263.00000  254.90562  3.08%     - 40258s
 93309 70622      -    -    -      263.00000  254.90562  3.08%     - 40378s
 93681 70933      -    -    -      263.00000  254.90562  3.08%     - 40495s
 94095 71166      -    -    -      263.00000  254.90562  3.08%     - 40612s
 94352 71396      -    -    -      263.00000  254.90562  3.08%     - 40730s
 94668 71631      -    -    -      263.00000  254.90562  3.08%     - 40848s
 94987 71931      -    -    -      263.00000  254.90562  3.08%     - 40966s
 95347 72174      -    -    -      263.00000  254.90562  3.08%     - 41080s
 95634 72431      -    -    -      263.00000  254.90562  3.08%     - 41196s
 95981 72705      -    -    -      263.00000  254.90562  3.08%     - 41309s
 96356 72942      -    -    -      263.00000  254.90562  3.08%     - 41426s
 96678 72984      -    -    -      263.00000  254.90562  3.08%     - 41565s
 96720 73193      -    -    -      263.00000  254.90562  3.08%     - 41684s
 96967 73447      -    -    -      263.00000  254.90562  3.08%     - 41800s
 97299 73596      -    -    -      263.00000  254.90562  3.08%     - 41919s
 97498 73900      -    -    -      263.00000  254.90562  3.08%     - 42034s
 97890 74075      -    -    -      263.00000  254.90562  3.08%     - 42152s
 98123 74320      -    -    -      263.00000  254.90562  3.08%     - 42267s
 98444 74524      -    -    -      263.00000  254.90562  3.08%     - 42383s
 98674 74791      -    -    -      263.00000  254.90562  3.08%     - 42498s
 99025 75006      -    -    -      263.00000  254.90562  3.08%     - 42617s
 99314 75192      -    -    -      263.00000  254.90562  3.08%     - 42728s
 99598 75402      -    -    -      263.00000  254.90562  3.08%     - 42845s
 99888 75592      -    -    -      263.00000  254.90562  3.08%     - 42960s
 100114 75830      -    -    -      263.00000  254.90562  3.08%     - 43080s
 100426 76194      -    -    -      263.00000  254.90562  3.08%     - 43194s
 100822 76196      -    -    -      263.00000  254.90562  3.08%     - 43200s

Cutting planes:
  Learned: 264

Instance 40 was solved

Explored 85946 nodes (306590297 simplex iterations) in 43203.82 seconds (59508.83 work units)
Thread count was 2 (of 128 available processors)

Solution count 1: 263 

Time limit reached
Best objective 2.630000000000e+02, best bound 2.550000000000e+02, gap 3.0418%
