
Gurobi 10.0.3 (linux64) logging started Sun Sep  1 19:32:18 2024

Set parameter LogFile to value "fwd/logs/w4-k1-s3.log"
Set parameter PoolSearchMode to value 2
Set parameter PoolSolutions to value 1
Set parameter Heuristics to value 1
Set parameter PoolGap to value 0
Set parameter Method to value 3
Set parameter ConcurrentMIP to value 64
Set parameter TimeLimit to value 43200
Set parameter Threads to value 128
Set parameter Threads to value 128
Gurobi Optimizer version 10.0.3 build v10.0.3rc0 (linux64)

CPU model: AMD EPYC 7742 64-Core Processor, instruction set [SSE2|AVX|AVX2]
Thread count: 64 physical cores, 128 logical processors, using up to 128 threads

Academic license 2533279 - for non-commercial use only - registered to bl___@rice.edu
Optimize a model with 51 rows, 324 columns and 243 nonzeros
Model fingerprint: 0xd154302f
Model has 486 general constraints
Variable types: 0 continuous, 324 integer (243 binary)
Coefficient statistics:
  Matrix range     [1e+00, 1e+00]
  Objective range  [1e+00, 1e+00]
  Bounds range     [1e+00, 3e+00]
  RHS range        [1e+00, 2e+00]
  GenCon rhs range [1e+00, 1e+00]
  GenCon coe range [1e+00, 1e+00]

Concurrent MIP optimizer: 64 concurrent instances (2 threads per instance)

Found heuristic solution: objective 243.0000000
Presolve added 714 rows and 474 columns
Presolve time: 0.02s
Presolved: 765 rows, 798 columns, 1911 nonzeros
Presolved model has 240 SOS constraint(s)
Variable types: 0 continuous, 798 integer (240 binary)
Root relaxation presolved: 765 rows, 798 columns, 1911 nonzeros

Concurrent LP optimizer: dual simplex and barrier
Showing barrier log only...

Root barrier log...

Ordering time: 0.00s

Barrier statistics:
 AA' NZ     : 2.130e+03
 Factor NZ  : 1.611e+04 (roughly 1 MB of memory)
 Factor Ops : 6.476e+05 (less than 1 second per iteration)
 Threads    : 1

Barrier performed 0 iterations in 0.15 seconds (0.01 work units)
Barrier solve interrupted - model solved by another algorithm


Solved with dual simplex

Root relaxation: objective 9.900000e+01, 210 iterations, 0.00 seconds (0.00 work units)

    Nodes    |    Current Node    |     Objective Bounds      |     Work
 Expl Unexpl |  Obj  Depth IntInf | Incumbent    BestBd   Gap | It/Node Time

     0     0      -    -    -      243.00000   99.00000  59.3%     -    0s
     0     0      -    -    -      120.00000   99.00000  17.5%     -    0s
     0     0      -    -    -      118.00000   99.00000  16.1%     -    0s
     0     0      -    -    -      104.00000   99.00000  4.81%     -    0s
     0     0      -    -    -      102.00000   99.00000  2.94%     -    0s
     0     0      -    -    -       99.00000   99.00000  0.00%     -    0s

Cutting planes:
  Learned: 120
  Gomory: 19
  Implied bound: 24
  Zero half: 13
  Relax-and-lift: 15

Instance 46 was solved

Explored 1 nodes (2480 simplex iterations) in 0.29 seconds (0.06 work units)
Thread count was 2 (of 128 available processors)

Solution count 1: 99 

Optimal solution found (tolerance 1.00e-04)
Best objective 9.900000000000e+01, best bound 9.900000000000e+01, gap 0.0000%
