Set parameter Username
Set parameter WLSAccessID
Set parameter WLSSecret
Set parameter LicenseID to value 2533279
Academic license 2533279 - for non-commercial use only - registered to bl___@rice.edu
w=4, k=1, sigma=3  144.0/243  -->  0.40740740740740744
	Command being timed: "/home/Users/blk6/Projects/dbmers/scripts/run-fwd.py -w 4 -k 1 --sigma 3"
	User time (seconds): 35.51
	System time (seconds): 14.95
	Percent of CPU this job got: 1909%
	Elapsed (wall clock) time (h:mm:ss or m:ss): 0:02.64
	Average shared text size (kbytes): 0
	Average unshared data size (kbytes): 0
	Average stack size (kbytes): 0
	Average total size (kbytes): 0
	Maximum resident set size (kbytes): 411896
	Average resident set size (kbytes): 0
	Major (requiring I/O) page faults: 0
	Minor (reclaiming a frame) page faults: 98700
	Voluntary context switches: 44857
	Involuntary context switches: 351817
	Swaps: 0
	File system inputs: 0
	File system outputs: 56
	Socket messages sent: 0
	Socket messages received: 0
	Signals delivered: 0
	Page size (bytes): 4096
	Exit status: 0
