
Gurobi 10.0.3 (linux64) logging started Mon Jul 15 12:01:14 2024

Set parameter LogFile to value "fwd/logs/w4-k6-s2.log"
Set parameter BestObjStop to value 708.75
Set parameter PoolSearchMode to value 2
Set parameter PoolSolutions to value 1
Set parameter Heuristics to value 0.9
Set parameter Threads to value 60
Set parameter Threads to value 60
Gurobi Optimizer version 10.0.3 build v10.0.3rc0 (linux64)

CPU model: AMD EPYC 7742 64-Core Processor, instruction set [SSE2|AVX|AVX2]
Thread count: 64 physical cores, 128 logical processors, using up to 60 threads

Academic license 2533279 - for non-commercial use only - registered to bl___@rice.edu
Optimize a model with 4807 rows, 1536 columns and 65047 nonzeros
Model fingerprint: 0x3853b541
Model has 2048 general constraints
Variable types: 0 continuous, 1536 integer (1024 binary)
Coefficient statistics:
  Matrix range     [1e+00, 5e+00]
  Objective range  [1e+00, 1e+00]
  Bounds range     [1e+00, 3e+00]
  RHS range        [1e+00, 1e+01]
  GenCon rhs range [1e+00, 1e+00]
  GenCon coe range [1e+00, 1e+00]
Found heuristic solution: objective -0.0000000
Presolve added 2889 rows and 2041 columns
Presolve time: 0.17s
Presolved: 7696 rows, 3577 columns, 70951 nonzeros
Presolved model has 1022 SOS constraint(s)
Variable types: 0 continuous, 3577 integer (1022 binary)

Root simplex log...

Iteration    Objective       Primal Inf.    Dual Inf.      Time
   25542    7.1524148e+02   3.738822e+04   0.000000e+00      5s
   44129    7.0774123e+02   5.004437e+04   0.000000e+00     10s
   61711    7.0546504e+02   1.012216e+05   0.000000e+00     15s
   75864    7.0467325e+02   5.950335e+04   0.000000e+00     20s
Warning: Markowitz tolerance tightened to 0.03125
   87509    7.0441702e+02   1.302333e+04   0.000000e+00     25s
   88317    7.0441597e+02   0.000000e+00   0.000000e+00     25s

Root relaxation: objective 7.044160e+02, 88317 iterations, 25.14 seconds (32.10 work units)

    Nodes    |    Current Node    |     Objective Bounds      |     Work
 Expl Unexpl |  Obj  Depth IntInf | Incumbent    BestBd   Gap | It/Node Time

     0     0  704.41597    0  764   -0.00000  704.41597      -     -   27s
H    0     0                     538.0000000  704.41597  30.9%     -   27s
H    0     0                     539.0000000  704.41597  30.7%     -   27s
H    0     0                     541.0000000  704.41597  30.2%     -   28s
     0     0  704.41597    0 3137  541.00000  704.41597  30.2%     -   32s
H    0     0                     552.0000000  704.41597  27.6%     -   32s
H    0     0                     559.0000000  704.41597  26.0%     -   32s
     0     0  704.41597    0 2909  559.00000  704.41597  26.0%     -   34s
H    0     0                     568.0000000  704.35121  24.0%     -   49s
H    0     0                     571.0000000  704.35121  23.4%     -   49s
     0     0  704.35121    0 2218  571.00000  704.35121  23.4%     -   49s
H    0     0                     578.0000000  704.35121  21.9%     -   49s
H    0     0                     603.0000000  704.35121  16.8%     -   49s
H    0     0                     604.0000000  704.35121  16.6%     -   50s
     0     0  704.35121    0 2538  604.00000  704.35121  16.6%     -   51s
     0     0  704.35121    0 3157  604.00000  704.35121  16.6%     -   55s
H    0     0                     615.0000000  704.35121  14.5%     -   55s
     0     0  704.33616    0 2908  615.00000  704.33616  14.5%     -   59s
     0     0  704.33616    0 2884  615.00000  704.33616  14.5%     -   61s
     0     0  704.33616    0 2243  615.00000  704.33616  14.5%     -   69s
H    0     0                     616.0000000  704.33616  14.3%     -   69s
     0     0  704.32295    0 2994  616.00000  704.32295  14.3%     -   88s
     0     0  704.32105    0 2832  616.00000  704.32105  14.3%     -   93s
     0     0  704.32105    0 2760  616.00000  704.32105  14.3%     -   94s
     0     0  704.32105    0 3086  616.00000  704.32105  14.3%     -   98s
     0     0  704.32105    0 3106  616.00000  704.32105  14.3%     -  100s
     0     0  704.30724    0 3110  616.00000  704.30724  14.3%     -  106s
     0     0  704.30724    0 2981  616.00000  704.30724  14.3%     -  108s
     0     0  704.30724    0 3115  616.00000  704.30724  14.3%     -  112s
H    0     0                     617.0000000  704.30724  14.2%     -  112s
     0     0  704.30042    0 3085  617.00000  704.30042  14.1%     -  115s
     0     0  704.29788    0 3006  617.00000  704.29788  14.1%     -  118s
     0     0  704.29724    0 2987  617.00000  704.29724  14.1%     -  122s
     0     0  704.29715    0 2970  617.00000  704.29715  14.1%     -  124s
     0     0  704.29715    0 2303  617.00000  704.29715  14.1%     -  133s
     0     0  704.29493    0 3197  617.00000  704.29493  14.1%     -  138s
     0     0  704.29493    0 3017  617.00000  704.29493  14.1%     -  140s
     0     0  704.29493    0 3187  617.00000  704.29493  14.1%     -  144s
H    0     0                     624.0000000  704.29493  12.9%     -  144s
     0     0  704.29132    0 3142  624.00000  704.29132  12.9%     -  155s
     0     0  704.29121    0 3042  624.00000  704.29121  12.9%     -  157s
     0     0  704.28848    0 3088  624.00000  704.28848  12.9%     -  167s
     0     0  704.28848    0 3103  624.00000  704.28848  12.9%     -  168s
     0     0  704.28738    0 3157  624.00000  704.28738  12.9%     -  173s
     0     0  704.28738    0 2138  624.00000  704.28738  12.9%     -  179s
H    0     0                     633.0000000  704.28738  11.3%     -  192s
H    0     0                     640.0000000  704.28738  10.0%     -  196s
H    0     2                     641.0000000  704.28738  9.87%     -  200s
     0     2  704.28738    0 1911  641.00000  704.28738  9.87%     -  200s
     3     8  704.28641    2 2973  641.00000  704.28738  9.87%  4469  219s
     7    16  704.28641    3 2994  641.00000  704.28641  9.87%  8395  221s
    15    32  704.28641    4 3106  641.00000  704.28641  9.87%  6302  225s
H   31    64                     643.0000000  704.28641  9.53%  6772  228s
H   32    64                     644.0000000  704.28641  9.36%  6686  228s
H   33    64                     645.0000000  704.28641  9.19%  6585  228s
H   36    64                     646.0000000  704.28641  9.02%  6400  228s
H   58    64                     647.0000000  704.28641  8.85%  5649  228s
    63   124  704.28641    6 3306  647.00000  704.28641  8.85%  5683  265s
H  123   124                     675.0000000  704.28641  4.34%  5346  287s
   124   125  704.28641    7 1544  675.00000  704.28641  4.34%  5303  346s
   126   126  704.28641    7  663  675.00000  704.28641  4.34%  5219  373s
   127   127  704.28641    7 1216  675.00000  704.28641  4.34%  5178  375s
   131   130  704.28641    7  898  675.00000  704.28641  4.34%  5020  382s
   133   131  704.28641    7  872  675.00000  704.28641  4.34%  4944  385s
   135   132  704.28641    7  887  675.00000  704.28641  4.34%  4871  390s
   139   135  704.04194    7  860  675.00000  704.28641  4.34%  4731  396s
   141   136  704.28641    7  851  675.00000  704.28641  4.34%  4664  400s
   144   138  704.28641    7  939  675.00000  704.28641  4.34%  4566  405s
   146   140  704.28641    7  866  675.00000  704.28641  4.34%  4504  425s
   147   140  704.28641    7  866  675.00000  704.28641  4.34%  4473  437s
   148   144  704.28641   11 1577  675.00000  704.28641  4.34%  5691  440s
H  178   186                     677.0000000  704.28641  4.03%  5082  444s
   210   235  704.28641   16 1793  677.00000  704.28641  4.03%  4608  446s
H  270   268                     681.0000000  704.28641  3.42%  3999  495s
H  299   252                     682.0000000  704.28641  3.27%  3784  495s
H  315   240                     683.0000000  704.28641  3.12%  3677  495s
H  390   329                     685.0000000  704.28641  2.82%  3280  634s
H  393   322                     687.0000000  704.28641  2.52%  3265  634s
H  446   304                     688.0000000  704.28641  2.37%  3273  634s
   450   364  704.28641   18 1794  688.00000  704.28641  2.37%  3262  696s
   510   447  704.28641   19 1774  688.00000  704.28641  2.37%  3226  754s
   593   507  704.28641   19 1879  688.00000  704.28641  2.37%  7551 1052s
H  598   507                     689.0000000  704.28641  2.22%  7500 1052s
   653   567  704.28641   20 1806  689.00000  704.28641  2.22%  7092 1167s
H  692   567                     692.0000000  704.28641  1.78%  7211 1167s
   713   912  704.28641   20 1722  692.00000  704.28641  1.78%  7048 1249s
  1058  2191  704.28641   26 1924  692.00000  704.28641  1.78%  6184 1603s
H 1860  2191                     693.0000000  704.28641  1.63%  7093 1603s
  2337  7157  704.28641   39 1705  693.00000  704.28641  1.63%  6825 1710s
  7317  7215  704.06033   81 1716  693.00000  704.28641  1.63%  2970 2103s
H 7318  7215                     694.0000000  704.28641  1.48%  2970 2103s
  7379  9436  704.00234   81 1728  694.00000  704.28641  1.48%  2954 2155s
H10471  9218                     695.0000000  704.28641  1.34%  2464 2326s
H10473  6891                     700.0000000  704.28641  0.61%  2463 2326s
 10543  8252  703.03003  105 1521  700.00000  704.28641  0.61%  2458 2656s
H10568  7406                     701.0000000  704.28641  0.47%  2455 2656s
H10594  6261                     702.0000000  704.28641  0.33%  2452 2656s
H10647  4756                     703.0000000  704.28641  0.18%  2447 2656s
 12118  4608     cutoff  118       703.00000  704.28641  0.18%  2327 2761s
 14166  6471     cutoff   30       703.00000  704.28641  0.18%  2206 2895s
 17341  9233  704.28641   69 1702  703.00000  704.28641  0.18%  2074 3065s
 21801 11289  704.09647   29 1805  703.00000  704.28641  0.18%  1956 3238s
 26114 13576  704.03086   32 1849  703.00000  704.28641  0.18%  1895 3424s
 30239 13746  704.02819   52 1679  703.00000  704.28641  0.18%  1860 3641s
 30620 13994  704.28641   29 1669  703.00000  704.28641  0.18%  1868 4057s
 31136 16787     cutoff   37       703.00000  704.28641  0.18%  1870 4282s
 36791 19186  704.10591   27 1771  703.00000  704.28641  0.18%  1837 4498s
 42002 21566  704.04553   41 1638  703.00000  704.28641  0.18%  1821 5027s
 46969 23916  704.19464   42 1761  703.00000  704.28641  0.18%  1813 5441s
 51824 24113     cutoff   32       703.00000  704.28641  0.18%  1807 6062s
 52311 27248  704.28641   23 1733  703.00000  704.28641  0.18%  1812 6288s
 59053 29979  704.28641   37 1755  703.00000  704.28641  0.18%  1806 6573s
 65030 32996  704.28641   26 1752  703.00000  704.28641  0.18%  1799 6752s
 71341 35774  704.16502   51 1896  703.00000  704.28641  0.18%  1788 6932s
 77587 38410  704.14600   41 1749  703.00000  704.28641  0.18%  1783 7119s
 83612 40964 infeasible   84       703.00000  704.28641  0.18%  1781 7357s
 89681 43462  704.08574   37 1710  703.00000  704.28641  0.18%  1783 7580s
 96614 46398  704.18211   30 1824  703.00000  704.28641  0.18%  1784 7820s
 103191 46738  704.28641   39 1730  703.00000  704.28641  0.18%  1792 8065s
 104007 50426     cutoff   25       703.00000  704.28641  0.18%  1799 8351s
 113617 53758  704.09113   24 1848  703.00000  704.28641  0.18%  1801 8587s
 122071 56891  704.12709   53 1788  703.00000  704.28641  0.18%  1803 8825s
 130746 60174  704.09193   57 1797  703.00000  704.28641  0.18%  1805 9104s
 139561 63235  704.28641   21 1808  703.00000  704.28641  0.18%  1810 9376s
 147995 66638  704.15703   48 1645  703.00000  704.28641  0.18%  1818 9667s
 156673 70062     cutoff   37       703.00000  704.28641  0.18%  1829 9969s
 165919 70350  704.04364   46 1863  703.00000  704.28641  0.18%  1835 10364s
 166761 74553     cutoff   51       703.00000  704.28641  0.18%  1842 10681s
 178545 78118  704.08089   32 1786  703.00000  704.28641  0.18%  1847 10999s
 188397 81436     cutoff   36       703.00000  704.28641  0.18%  1850 11280s
 197685 84738  704.05407   66 1711  703.00000  704.28641  0.18%  1854 11552s
 206919 87824  704.03704   43 1695  703.00000  704.28641  0.18%  1858 11851s
 215883 91099  704.04408   42 1789  703.00000  704.28641  0.18%  1862 12241s
 225187 94260  704.11580   50 1750  703.00000  704.28641  0.18%  1862 12544s
 234169 94545     cutoff   47       703.00000  704.28641  0.18%  1869 12962s
 235041 98605  704.15049   24 1755  703.00000  704.28641  0.18%  1871 13301s
 247167 101279     cutoff   42       703.00000  704.28641  0.18%  1873 13664s
 256375 104605  704.28641   21 1714  703.00000  704.28641  0.18%  1873 13927s
 266422 107572  704.28186   50 1711  703.00000  704.28641  0.18%  1873 14234s
 275584 110879     cutoff   32       703.00000  704.28641  0.18%  1875 14505s
 284917 113473     cutoff   32       703.00000  704.28641  0.18%  1878 14804s
 293711 116627  704.28641   28 1793  703.00000  704.28641  0.18%  1884 15088s
 303194 119550  704.24886   45 1732  703.00000  704.28641  0.18%  1886 15354s
 312066 123297  704.09929   42 1804  703.00000  704.28641  0.18%  1889 15627s
 321586 123649  704.15049   32 1807  703.00000  704.28641  0.18%  1891 15899s
 322670 127843  704.11175   35 1855  703.00000  704.28641  0.18%  1893 16230s
 334249 130558     cutoff   36       703.00000  704.28641  0.18%  1892 16514s
 343508 133603  704.26857   56 1642  703.00000  704.28641  0.18%  1895 16795s
 352870 136195  704.20684   41 1769  703.00000  704.28641  0.18%  1898 17152s
 361200 139776     cutoff  100       703.00000  704.28641  0.18%  1900 17462s
 371412 143032     cutoff   29       703.00000  704.28641  0.18%  1901 17758s
 381132 145915  704.03991   45 1686  703.00000  704.28641  0.18%  1900 18045s
 390003 146161  704.28641   60 1620  703.00000  704.28641  0.18%  1903 18431s
 390843 150047     cutoff   72       703.00000  704.28641  0.18%  1905 18761s
 402464 153162  704.28641   42 1866  703.00000  704.28641  0.18%  1905 19066s
 412395 155740  704.15705   38 1733  703.00000  704.28641  0.18%  1906 19343s
 421330 158572  704.20815   34 1714  703.00000  704.28641  0.18%  1908 19630s
 430635 161311  704.04756   59 1662  703.00000  704.28641  0.18%  1909 19945s
 439918 163877  704.03883   50 1720  703.00000  704.28641  0.18%  1909 20234s
 448850 166751     cutoff   50       703.00000  704.28641  0.18%  1912 20516s
 457815 169360  704.28641   44 1886  703.00000  704.28641  0.18%  1913 20823s
 466744 169635     cutoff   52       703.00000  704.28641  0.18%  1915 21288s
 467585 173429  704.13906   57 1640  703.00000  704.28641  0.18%  1917 21637s
 479206 176551     cutoff   48       703.00000  704.28641  0.18%  1918 21918s
 489993 179550  704.08736   38 1637  703.00000  704.28641  0.18%  1917 22242s
 498768 182303     cutoff   35       703.00000  704.28641  0.18%  1919 22540s
 507695 185146     cutoff   44       703.00000  704.28641  0.18%  1921 22862s
 516755 188018  704.26395   38 1817  703.00000  704.28641  0.18%  1925 23181s
 526042 191270  704.28641   25 1766  703.00000  704.28641  0.18%  1927 23496s
 535424 194341  704.01593   37 1706  703.00000  704.28641  0.18%  1929 23810s
 544562 197139  704.04606   87 1441  703.00000  704.28641  0.18%  1931 24118s
 552538 197422  704.11807   43 1724  703.00000  704.28641  0.18%  1935 24531s
 553474 201738  704.28641   49 1753  703.00000  704.28641  0.18%  1938 24917s
 566073 204971  704.21483   38 1716  703.00000  704.28641  0.18%  1939 25205s
 576211 208247  704.18497   46 1809  703.00000  704.28641  0.18%  1939 25498s
 586033 210864  704.15705   33 1711  703.00000  704.28641  0.18%  1940 25963s
 594784 214241     cutoff   39       703.00000  704.28641  0.18%  1941 26255s
 603214 217338 infeasible   34       703.00000  704.28641  0.18%  1941 26565s
 613076 220173  704.28641   39 1782  703.00000  704.28641  0.18%  1942 26862s
 622267 223148  704.17031   34 1685  703.00000  704.28641  0.18%  1944 27158s
 631398 223376  704.26634   68 1740  703.00000  704.28641  0.18%  1945 27726s
 632293 227341  704.23397   75 1665  703.00000  704.28641  0.18%  1947 28074s
 643861 230444     cutoff   33       703.00000  704.28641  0.18%  1948 28406s
 653804 233789  704.04138   36 1748  703.00000  704.28641  0.18%  1951 28720s
 662546 236533 infeasible   24       703.00000  704.28641  0.18%  1952 29043s
 672559 239333  704.03217   45 1862  703.00000  704.28641  0.18%  1953 29363s
 681399 242036  704.09615   43 1716  703.00000  704.28641  0.18%  1956 29668s
 690034 245078  704.28641   35 1718  703.00000  704.28641  0.18%  1959 29972s
 699299 247690  704.18136   53 1690  703.00000  704.28641  0.18%  1961 30265s
 708314 250591  704.01737   52 1867  703.00000  704.28641  0.18%  1963 30594s
 717417 250939     cutoff   45       703.00000  704.28641  0.18%  1965 31018s
 718184 254952  704.28641   45 1857  703.00000  704.28641  0.18%  1967 31366s
 728643 258044  704.24145   42 1694  703.00000  704.28641  0.18%  1969 31696s
 738833 260773  704.26632   41 1655  703.00000  704.28641  0.18%  1971 32011s
 748675 263293  704.11898   51 1755  703.00000  704.28641  0.18%  1972 32307s
 757857 266277  704.26589   39 1849  703.00000  704.28641  0.18%  1974 32608s
 767323 269025     cutoff   35       703.00000  704.28641  0.18%  1975 32886s
 776625 271588  704.07139   44 1676  703.00000  704.28641  0.18%  1976 33220s
 785340 274242     cutoff   31       703.00000  704.28641  0.18%  1977 33515s
 794474 274519  704.05349   48 1786  703.00000  704.28641  0.18%  1979 33850s
 795382 278578  704.12022   55 1609  703.00000  704.28641  0.18%  1981 34189s
 806209 281368  704.28641   37 1838  703.00000  704.28641  0.18%  1982 34500s
 816160 284164  704.28641   51 1840  703.00000  704.28641  0.18%  1984 34815s
 825919 286630  704.28641   40 1745  703.00000  704.28641  0.18%  1985 35132s
 834856 289251  704.26427   30 1724  703.00000  704.28641  0.18%  1988 35436s
 844402 291789     cutoff   37       703.00000  704.28641  0.18%  1990 35752s
 853011 294429     cutoff   46       703.00000  704.28641  0.18%  1992 36060s
 862416 294795  704.15705   27 1852  703.00000  704.28641  0.18%  1995 36374s
 863563 297797  704.14758   40 1831  703.00000  704.28641  0.18%  1997 36717s
 875036 301512     cutoff   39       703.00000  704.28641  0.18%  1999 37017s
 885414 303900  704.12120   39 1695  703.00000  704.28641  0.18%  1998 37312s
 894439 306680     cutoff   42       703.00000  704.28641  0.18%  2000 37607s
 904179 309119     cutoff   47       703.00000  704.28641  0.18%  2001 37909s
 913350 312149     cutoff   46       703.00000  704.28641  0.18%  2001 38226s
 922845 315547  704.28641   32 1652  703.00000  704.28641  0.18%  2001 38498s
 932346 315922  704.28641   33 1762  703.00000  704.28641  0.18%  2001 38776s
 933482 318948  704.24305   33 1727  703.00000  704.28641  0.18%  2001 39096s
 944354 322036     cutoff   34       703.00000  704.28641  0.18%  2002 39394s
 954271 324924  704.19173   34 1708  703.00000  704.28641  0.18%  2001 39710s
 963983 327252  704.28641   38 1805  703.00000  704.28641  0.18%  2003 40025s
 972918 330433     cutoff   30       703.00000  704.28641  0.18%  2004 40335s
 981528 333039  704.25525   31 1653  703.00000  704.28641  0.18%  2005 40624s
 990536 335821     cutoff   38       703.00000  704.28641  0.18%  2006 40903s
 1000401 336181     cutoff   47       703.00000  704.28641  0.18%  2007 41192s
 1001572 339149  704.25237   56 1802  703.00000  704.28641  0.18%  2007 41557s
 1013371 342080     cutoff   46       703.00000  704.28641  0.18%  2007 41835s
 1024137 344559  704.21345   40 1784  703.00000  704.28641  0.18%  2007 42122s
 1033191 347667  704.27547   50 1791  703.00000  704.28641  0.18%  2007 42428s
 1042047 349655  704.15460   45 1700  703.00000  704.28641  0.18%  2007 42697s
 1050719 352370     cutoff   48       703.00000  704.28641  0.18%  2008 43038s
 1060683 354870  704.06681   45 1711  703.00000  704.28641  0.18%  2007 43321s
 1069914 357805  704.21230   34 1658  703.00000  704.28641  0.18%  2007 43603s
 1079250 358071  704.28641   49 1784  703.00000  704.28641  0.18%  2007 43944s
 1080156 361692  704.24117   56 1744  703.00000  704.28641  0.18%  2007 44273s
 1092089 364408  704.28641   40 1720  703.00000  704.28641  0.18%  2007 44553s
 1101780 367745  704.28641   60 1637  703.00000  704.28641  0.18%  2007 44811s
 1110915 370079     cutoff   38       703.00000  704.28641  0.18%  2006 45078s
 1120438 372428  704.20272   64 1635  703.00000  704.28641  0.18%  2006 45351s
 1129385 374408  704.14610   42 1727  703.00000  704.28641  0.18%  2006 45633s
 1138330 376162  704.07479   40 1676  703.00000  704.28641  0.18%  2006 45919s
 1147088 378084  704.12963   39 1891  703.00000  704.28641  0.18%  2007 46180s
 1155952 378359  704.26003   42 1848  703.00000  704.28641  0.18%  2007 46532s
 1156951 382256  704.14473   52 1664  703.00000  704.28641  0.18%  2007 46876s
 1168402 384724  704.28641   56 1787  703.00000  704.28641  0.18%  2007 47241s
 1178090 388018  704.28641   46 1697  703.00000  704.28641  0.18%  2008 47511s
 1188928 391597     cutoff   57       703.00000  704.28641  0.18%  2006 47762s
 1198804 394906     cutoff   58       703.00000  704.28641  0.18%  2005 48082s
 1207965 398028     cutoff   30       703.00000  704.28641  0.18%  2004 48347s
 1217749 401177  704.28641   47 1715  703.00000  704.28641  0.18%  2003 48663s
 1227182 401420  704.02640   64 1827  703.00000  704.28641  0.18%  2001 49037s
 1227966 405442     cutoff   71       703.00000  704.28641  0.18%  2001 49302s
 1239860 407963  704.28641   74 1667  703.00000  704.28641  0.18%  1999 49551s
 1248522 411421  704.28641   40 1828  703.00000  704.28641  0.18%  1998 49795s
 1256974 413839  704.13980   46 1814  703.00000  704.28641  0.18%  1997 50080s
 1265861 416836  704.05159   60 1730  703.00000  704.28641  0.18%  1998 50367s
 1275750 419605  704.28641   42 1707  703.00000  704.28641  0.18%  1998 50707s
 1285114 423164  704.04271   64 1767  703.00000  704.28641  0.18%  1997 50964s
 1294747 426987     cutoff   59       703.00000  704.28641  0.18%  1995 51408s
 1304396 427299  704.28641   44 1755  703.00000  704.28641  0.18%  1993 51676s
 1305461 432144  704.22683   49 1741  703.00000  704.28641  0.18%  1993 51947s
 1318151 436164  704.14733   48 1716  703.00000  704.28641  0.18%  1991 52192s
 1327797 439120  704.10212   70 1680  703.00000  704.28641  0.18%  1990 52440s
 1336951 441412  704.28641   41 1781  703.00000  704.28641  0.18%  1989 52664s
 1345095 443443  704.15662   41 1871  703.00000  704.28641  0.18%  1989 52897s
 1353488 446114     cutoff   71       703.00000  704.28641  0.18%  1989 53171s
 1362768 448734  704.28641   47 1650  703.00000  704.28641  0.18%  1989 53426s
 1371981 450438  704.27361   42 1695  703.00000  704.28641  0.18%  1989 53686s
 1377398 454167  704.28641   34 1681  703.00000  704.28641  0.18%  1988 53963s
 1389277 457994     cutoff   49       703.00000  704.28641  0.18%  1987 54209s
 1398861 461417  704.06994   54 1746  703.00000  704.28641  0.18%  1986 54446s
 1409076 464989     cutoff   41       703.00000  704.28641  0.18%  1984 54655s
 1419047 465204  704.02819   49 1743  703.00000  704.28641  0.18%  1983 55051s
 1419735 468456  704.02819   56 1733  703.00000  704.28641  0.18%  1983 55322s
 1430296 471141     cutoff   47       703.00000  704.28641  0.18%  1982 55547s
 1440172 473535  704.10212   58 1818  703.00000  704.28641  0.18%  1981 55920s
 1448873 476468     cutoff   42       703.00000  704.28641  0.18%  1980 56147s
 1458648 480087  704.23182   53 1680  703.00000  704.28641  0.18%  1979 56367s
 1467472 483000  704.28641   51 1696  703.00000  704.28641  0.18%  1978 56738s
 1476623 485483     cutoff   48       703.00000  704.28641  0.18%  1977 57323s
 1485327 488267  704.28641   43 1785  703.00000  704.28641  0.18%  1976 57608s
 1494831 488513  704.22773   48 1809  703.00000  704.28641  0.18%  1975 57864s
 1495990 492139     cutoff   57       703.00000  704.28641  0.18%  1975 58190s
 1508115 495171  704.05322   61 1664  703.00000  704.28641  0.18%  1974 58424s
 1518470 499286     cutoff   59       703.00000  704.28641  0.18%  1973 58652s
 1528141 502240  704.03327   55 1856  703.00000  704.28641  0.18%  1971 58879s
 1537964 504530  704.04054   38 1922  703.00000  704.28641  0.18%  1970 59120s
 1545767 506751  704.07225   41 1950  703.00000  704.28641  0.18%  1971 59374s
 1554194 509218  704.28641   36 1894  703.00000  704.28641  0.18%  1971 59633s
 1563305 511934  704.23699   50 1911  703.00000  704.28641  0.18%  1971 59891s
 1572971 512150  704.04349   38 1878  703.00000  704.28641  0.18%  1970 60154s
 1574065 514968     cutoff   68       703.00000  704.28641  0.18%  1970 60458s
 1585648 518165  704.10226  118 1388  703.00000  704.28641  0.18%  1970 60705s
 1594754 520905  704.16011   28 1971  703.00000  704.28641  0.18%  1969 60986s
 1604299 523526  704.12832   52 1785  703.00000  704.28641  0.18%  1969 61231s
 1614001 525843  704.19876   38 1749  703.00000  704.28641  0.18%  1968 61470s
 1623572 528361  704.05347   63 1645  703.00000  704.28641  0.18%  1967 61790s
 1632479 530418  704.28641   35 1761  703.00000  704.28641  0.18%  1967 62046s
 1641499 530627  704.28641   27 1916  703.00000  704.28641  0.18%  1967 62450s
 1642424 534318  704.28641   66 1650  703.00000  704.28641  0.18%  1967 62741s
 1655513 537675  704.27377   82 1633  703.00000  704.28641  0.18%  1965 62987s
 1664772 540663  704.26865   86 1583  703.00000  704.28641  0.18%  1964 63231s
 1675068 542642  704.09766   93 1509  703.00000  704.28641  0.18%  1963 63440s
 1683809 545340  704.28641   50 1764  703.00000  704.28641  0.18%  1962 63638s
 1693148 547781     cutoff   85       703.00000  704.28641  0.18%  1961 63873s
 1702062 550447  704.19823   59 1718  703.00000  704.28641  0.18%  1960 64087s
 1711210 552818     cutoff  120       703.00000  704.28641  0.18%  1959 64309s
 1719181 555460     cutoff   47       703.00000  704.28641  0.18%  1959 64530s
 1727353 555664     cutoff   56       703.00000  704.28641  0.18%  1959 64886s
 1728201 558654  704.11110   36 1710  703.00000  704.28641  0.18%  1959 65195s
 1738910 561127     cutoff   39       703.00000  704.28641  0.18%  1959 65490s
 1748092 563309     cutoff   41       703.00000  704.28641  0.18%  1960 65795s
 1756958 565836  704.28641   70 1644  703.00000  704.28641  0.18%  1961 66084s
 1766335 568995     cutoff   46       703.00000  704.28641  0.18%  1962 66337s
 1775935 571708  704.28641   31 1695  703.00000  704.28641  0.18%  1961 66574s
 1786459 574426  704.28641   65 1721  703.00000  704.28641  0.18%  1961 66906s
 1796259 574679  704.08862   51 1557  703.00000  704.28641  0.18%  1960 67373s
 1797157 578303  704.12693  105 1580  703.00000  704.28641  0.18%  1960 67631s
 1809907 581030     cutoff   37       703.00000  704.28641  0.18%  1958 67961s
 1819601 583387  704.28641   40 1739  703.00000  704.28641  0.18%  1957 68161s
 1829601 585866  704.28641   95 1483  703.00000  704.28641  0.18%  1957 68392s
 1839248 589370  704.09518   97 1603  703.00000  704.28641  0.18%  1956 68607s
 1848361 591622  704.28641   34 1645  703.00000  704.28641  0.18%  1954 68799s
 1857745 593631     cutoff   48       703.00000  704.28641  0.18%  1953 68982s
 1866282 595780     cutoff   49       703.00000  704.28641  0.18%  1952 69167s
 1875093 597819  704.14335  110 1408  703.00000  704.28641  0.18%  1952 69356s
 1883898 598013  704.28487   62 1769  703.00000  704.28641  0.18%  1951 69832s
 1884696 600251  704.28641   60 1679  703.00000  704.28641  0.18%  1951 70073s
 1895142 603144     cutoff   47       703.00000  704.28641  0.18%  1951 70349s
 1903811 604707  704.21824   98 1592  703.00000  704.28641  0.18%  1951 70620s
 1912164 605995  704.28641   38 1774  703.00000  704.28641  0.18%  1952 70911s
 1919600 607736  704.28641   51 1849  703.00000  704.28641  0.18%  1953 71195s
 1928931 609805     cutoff   69       703.00000  704.28641  0.18%  1954 71492s
 1939278 611838     cutoff   38       703.00000  704.28641  0.18%  1955 71751s
 1948862 612122     cutoff   38       703.00000  704.28641  0.18%  1955 72114s
 1949715 615870 infeasible   41       703.00000  704.28641  0.18%  1955 72420s
 1961251 618190  704.22455   68 1549  703.00000  704.28641  0.18%  1955 72671s
 1971951 620368  704.26915   47 1686  703.00000  704.28641  0.18%  1955 72894s
 1981478 622421  704.20013   44 1707  703.00000  704.28641  0.18%  1954 73110s
 1990912 624677  704.25448   91 1547  703.00000  704.28641  0.18%  1954 73323s
 2000204 626823  704.28641   43 1914  703.00000  704.28641  0.18%  1954 73529s
 2009019 628741     cutoff   61       703.00000  704.28641  0.18%  1953 73752s
 2017709 630590  704.19220   36 1764  703.00000  704.28641  0.18%  1953 73976s
 2026591 630792  704.28097   50 1830  703.00000  704.28641  0.18%  1953 74230s
 2027722 634718  704.00059   67 1655  703.00000  704.28641  0.18%  1953 74508s
 2039192 637105  704.28641   37 1584  703.00000  704.28641  0.18%  1952 74742s
 2049604 639483     cutoff  103       703.00000  704.28641  0.18%  1952 74956s
 2059271 642369  704.26902   67 1740  703.00000  704.28641  0.18%  1951 75165s
 2069382 644468     cutoff   92       703.00000  704.28641  0.18%  1951 75381s
 2077489 646979     cutoff   35       703.00000  704.28641  0.18%  1951 75672s
 2086527 649631  704.24169   56 1783  703.00000  704.28641  0.18%  1950 75876s
 2096306 651273  704.22058   88 1610  703.00000  704.28641  0.18%  1949 76085s
 2105511 651557  704.16401  102 1524  703.00000  704.28641  0.18%  1949 76318s
 2106452 655388     cutoff   94       703.00000  704.28641  0.18%  1949 76562s
 2117607 657551     cutoff  105       703.00000  704.28641  0.18%  1948 76775s
 2127480 659298     cutoff   88       703.00000  704.28641  0.18%  1948 76990s
 2136141 660880  704.12189   31 1798  703.00000  704.28641  0.18%  1948 77251s
 2144562 662562  704.20048   79 1634  703.00000  704.28641  0.18%  1948 77526s
 2153794 664637  704.28641   33 1810  703.00000  704.28641  0.18%  1948 77762s
 2163126 666973  704.16872   97 1560  703.00000  704.28641  0.18%  1948 77968s
 2173071 667134     cutoff   41       703.00000  704.28641  0.18%  1947 78205s
 2174182 670618     cutoff   63       703.00000  704.28641  0.18%  1948 78456s
 2185780 672328  704.21493   37 1715  703.00000  704.28641  0.18%  1947 78667s
 2195894 673718     cutoff   53       703.00000  704.28641  0.18%  1946 78918s
 2205138 674993  704.28497   93 1637  703.00000  704.28641  0.18%  1946 79205s
 2214231 676674  704.28641   88 1578  703.00000  704.28641  0.18%  1946 79402s
 2223884 678386     cutoff   91       703.00000  704.28641  0.18%  1945 79596s
 2232796 679787     cutoff   47       703.00000  704.28641  0.18%  1945 79791s
 2242129 681510  704.18094   66 1641  703.00000  704.28641  0.18%  1945 79999s
 2250994 681673     cutoff  101       703.00000  704.28641  0.18%  1944 80324s
 2251822 685176     cutoff  103       703.00000  704.28641  0.18%  1944 80561s
 2263301 686845     cutoff   91       703.00000  704.28641  0.18%  1943 80763s
 2273269 688763  704.13350   45 1812  703.00000  704.28641  0.18%  1943 81129s
 2282157 690533  704.03530   59 1766  703.00000  704.28641  0.18%  1943 81383s
 2291223 692687  704.11172   59 1692  703.00000  704.28641  0.18%  1942 81665s
 2300402 694584     cutoff   56       703.00000  704.28641  0.18%  1942 81883s
 2309464 696429     cutoff   41       703.00000  704.28641  0.18%  1942 82088s
 2319019 696605  704.28641   47 1644  703.00000  704.28641  0.18%  1941 82363s
 2319899 700361  704.14569   50 1641  703.00000  704.28641  0.18%  1941 82605s
 2330913 703517  704.24854   48 1756  703.00000  704.28641  0.18%  1940 82846s
 2340842 706500  704.07227   80 1600  703.00000  704.28641  0.18%  1940 83176s
 2348306 709650     cutoff   38       703.00000  704.28641  0.18%  1940 83472s
