Set parameter Username
Set parameter WLSAccessID
Set parameter WLSSecret
Set parameter LicenseID to value 2533279
Academic license 2533279 - for non-commercial use only - registered to bl___@rice.edu
w=4, k=2, sigma=2  40.0/64  -->  0.375
	Command being timed: "/home/Users/blk6/Projects/dbmers/scripts/run-fwd.py -w 4 -k 2 --sigma 2"
	User time (seconds): 1.52
	System time (seconds): 6.47
	Percent of CPU this job got: 511%
	Elapsed (wall clock) time (h:mm:ss or m:ss): 0:01.56
	Average shared text size (kbytes): 0
	Average unshared data size (kbytes): 0
	Average stack size (kbytes): 0
	Average total size (kbytes): 0
	Maximum resident set size (kbytes): 120820
	Average resident set size (kbytes): 0
	Major (requiring I/O) page faults: 0
	Minor (reclaiming a frame) page faults: 23629
	Voluntary context switches: 6890
	Involuntary context switches: 86938
	Swaps: 0
	File system inputs: 0
	File system outputs: 56
	Socket messages sent: 0
	Socket messages received: 0
	Signals delivered: 0
	Page size (bytes): 4096
	Exit status: 0
