Set parameter Username
Set parameter WLSAccessID
Set parameter WLSSecret
Set parameter LicenseID to value 2533279
Academic license 2533279 - for non-commercial use only - registered to bl___@rice.edu
w=5, k=6, sigma=2  1488.0/2048  -->  0.2734375
	Command being timed: "/home/Users/blk6/Projects/dbmers/scripts/run-fwd.py -w 5 -k 6 --sigma 2"
	User time (seconds): 34791.56
	System time (seconds): 523.85
	Percent of CPU this job got: 3102%
	Elapsed (wall clock) time (h:mm:ss or m:ss): 18:58.29
	Average shared text size (kbytes): 0
	Average unshared data size (kbytes): 0
	Average stack size (kbytes): 0
	Average total size (kbytes): 0
	Maximum resident set size (kbytes): 7686336
	Average resident set size (kbytes): 0
	Major (requiring I/O) page faults: 0
	Minor (reclaiming a frame) page faults: 3672124
	Voluntary context switches: 31593555
	Involuntary context switches: 1081267
	Swaps: 0
	File system inputs: 0
	File system outputs: 568
	Socket messages sent: 0
	Socket messages received: 0
	Signals delivered: 0
	Page size (bytes): 4096
	Exit status: 0
