
Gurobi 10.0.3 (linux64) logging started Mon Jul 15 12:35:09 2024

Set parameter LogFile to value "fwd/logs/w5-k1-s2.log"
Set parameter BestObjStop to value 41
Set parameter PoolSearchMode to value 2
Set parameter PoolSolutions to value 1
Set parameter Heuristics to value 1
Set parameter Threads to value 60
Set parameter Threads to value 60
Gurobi Optimizer version 10.0.3 build v10.0.3rc0 (linux64)

CPU model: AMD EPYC 7742 64-Core Processor, instruction set [SSE2|AVX|AVX2]
Thread count: 64 physical cores, 128 logical processors, using up to 60 threads

Academic license 2533279 - for non-commercial use only - registered to bl___@rice.edu
Optimize a model with 14 rows, 96 columns and 64 nonzeros
Model fingerprint: 0x336f4fc8
Model has 128 general constraints
Variable types: 0 continuous, 96 integer (64 binary)
Coefficient statistics:
  Matrix range     [1e+00, 1e+00]
  Objective range  [1e+00, 1e+00]
  Bounds range     [1e+00, 4e+00]
  RHS range        [1e+00, 4e+00]
  GenCon rhs range [1e+00, 1e+00]
  GenCon coe range [1e+00, 1e+00]
Found heuristic solution: objective -0.0000000
Presolve added 183 rows and 121 columns
Presolve time: 0.00s
Presolved: 197 rows, 217 columns, 493 nonzeros
Presolved model has 62 SOS constraint(s)
Variable types: 0 continuous, 217 integer (62 binary)

Root relaxation: objective 4.100000e+01, 102 iterations, 0.00 seconds (0.00 work units)

    Nodes    |    Current Node    |     Objective Bounds      |     Work
 Expl Unexpl |  Obj  Depth IntInf | Incumbent    BestBd   Gap | It/Node Time

     0     0   41.00000    0    4   -0.00000   41.00000      -     -    0s
H    0     0                      39.0000000   41.00000  5.13%     -    0s
H    0     0                      40.0000000   41.00000  2.50%     -    0s
     0     0   41.00000    0    8   40.00000   41.00000  2.50%     -    0s
H    0     0                      41.0000000   41.00000  0.00%     -    0s
     0     0   41.00000    0    8   41.00000   41.00000  0.00%     -    0s

Cutting planes:
  Learned: 4
  Gomory: 3
  Implied bound: 1
  Zero half: 1

Explored 1 nodes (268 simplex iterations) in 0.02 seconds (0.00 work units)
Thread count was 60 (of 128 available processors)

Solution count 1: 41 

Optimal solution found (tolerance 1.00e-04)
Best objective 4.100000000000e+01, best bound 4.100000000000e+01, gap 0.0000%
