Set parameter Username
Set parameter WLSAccessID
Set parameter WLSSecret
Set parameter LicenseID to value 2533279
Academic license 2533279 - for non-commercial use only - registered to bl___@rice.edu
w=5, k=1, sigma=3  483.0/729  -->  0.3374485596707819
	Command being timed: "/home/Users/blk6/Projects/dbmers/scripts/run-fwd.py -w 5 -k 1 --sigma 3"
	User time (seconds): 163.17
	System time (seconds): 20.26
	Percent of CPU this job got: 2734%
	Elapsed (wall clock) time (h:mm:ss or m:ss): 0:06.70
	Average shared text size (kbytes): 0
	Average unshared data size (kbytes): 0
	Average stack size (kbytes): 0
	Average total size (kbytes): 0
	Maximum resident set size (kbytes): 921776
	Average resident set size (kbytes): 0
	Major (requiring I/O) page faults: 0
	Minor (reclaiming a frame) page faults: 268243
	Voluntary context switches: 123280
	Involuntary context switches: 315816
	Swaps: 0
	File system inputs: 0
	File system outputs: 80
	Socket messages sent: 0
	Socket messages received: 0
	Signals delivered: 0
	Page size (bytes): 4096
	Exit status: 0
