Set parameter Username
Set parameter WLSAccessID
Set parameter WLSSecret
Set parameter LicenseID to value 2533279
Academic license 2533279 - for non-commercial use only - registered to bl___@rice.edu
w=5, k=1, sigma=4  2726.0/4096  -->  0.33447265625
	Command being timed: "/home/Users/blk6/Projects/dbmers/scripts/run-fwd.py -w 5 -k 1 --sigma 4"
	User time (seconds): 4999.79
	System time (seconds): 70.64
	Percent of CPU this job got: 3434%
	Elapsed (wall clock) time (h:mm:ss or m:ss): 2:27.64
	Average shared text size (kbytes): 0
	Average unshared data size (kbytes): 0
	Average stack size (kbytes): 0
	Average total size (kbytes): 0
	Maximum resident set size (kbytes): 4458288
	Average resident set size (kbytes): 0
	Major (requiring I/O) page faults: 0
	Minor (reclaiming a frame) page faults: 1880296
	Voluntary context switches: 2707072
	Involuntary context switches: 1453996
	Swaps: 0
	File system inputs: 0
	File system outputs: 160
	Socket messages sent: 0
	Socket messages received: 0
	Signals delivered: 0
	Page size (bytes): 4096
	Exit status: 0
