
Gurobi 10.0.3 (linux64) logging started Sun Jul 28 16:05:51 2024

Set parameter LogFile to value "fwd/logs/w5-k1-s4.log"
Set parameter PoolSearchMode to value 2
Set parameter PoolSolutions to value 1
Set parameter Heuristics to value 1
Set parameter PoolGap to value 0
Set parameter Threads to value 60
Set parameter Threads to value 60
Gurobi Optimizer version 10.0.3 build v10.0.3rc0 (linux64)

CPU model: AMD EPYC 7742 64-Core Processor, instruction set [SSE2|AVX|AVX2]
Thread count: 64 physical cores, 128 logical processors, using up to 60 threads

Academic license 2533279 - for non-commercial use only - registered to bl___@rice.edu
Optimize a model with 700 rows, 5120 columns and 4096 nonzeros
Model fingerprint: 0x9b82503f
Model has 8192 general constraints
Variable types: 0 continuous, 5120 integer (4096 binary)
Coefficient statistics:
  Matrix range     [1e+00, 1e+00]
  Objective range  [1e+00, 1e+00]
  Bounds range     [1e+00, 4e+00]
  RHS range        [1e+00, 2e+00]
  GenCon rhs range [1e+00, 1e+00]
  GenCon coe range [1e+00, 1e+00]

User MIP start produced solution with objective 1648 (0.04s)
Loaded user MIP start with objective 1648

Presolve added 12266 rows and 8174 columns
Presolve time: 0.09s
Presolved: 12966 rows, 13294 columns, 32718 nonzeros
Presolved model has 4092 SOS constraint(s)
Variable types: 0 continuous, 13294 integer (4092 binary)

Root relaxation: objective 1.370000e+03, 4633 iterations, 0.02 seconds (0.01 work units)

    Nodes    |    Current Node    |     Objective Bounds      |     Work
 Expl Unexpl |  Obj  Depth IntInf | Incumbent    BestBd   Gap | It/Node Time

     0     0 1370.00000    0 3422 1648.00000 1370.00000  16.9%     -    0s
     0     0 1370.00000    0 5925 1648.00000 1370.00000  16.9%     -    0s
     0     0 1370.00000    0 7541 1648.00000 1370.00000  16.9%     -    1s
H    0     0                    1633.0000000 1370.00000  16.1%     -    2s
     0     0 1370.00000    0 3467 1633.00000 1370.00000  16.1%     -    3s
H    0     0                    1619.0000000 1370.00000  15.4%     -    6s
H    0     0                    1617.0000000 1370.00000  15.3%     -    6s
H    0     0                    1604.0000000 1370.00000  14.6%     -    6s
H    0     0                    1592.0000000 1370.00000  13.9%     -    6s
H    0     0                    1587.0000000 1370.00000  13.7%     -    6s
H    0     0                    1583.0000000 1370.00000  13.5%     -    6s
H    0     0                    1578.0000000 1370.00000  13.2%     -    6s
H    0     0                    1571.0000000 1370.00000  12.8%     -    6s
H    0     0                    1567.0000000 1370.00000  12.6%     -    6s
H    0     0                    1559.0000000 1370.00000  12.1%     -    6s
H    0     0                    1551.0000000 1370.00000  11.7%     -    6s
H    0     0                    1548.0000000 1370.00000  11.5%     -    6s
H    0     0                    1536.0000000 1370.00000  10.8%     -    6s
     0     0 1370.00000    0 9077 1536.00000 1370.00000  10.8%     -    7s
H    0     0                    1533.0000000 1370.00000  10.6%     -    8s
H    0     0                    1530.0000000 1370.00000  10.5%     -    8s
H    0     0                    1514.0000000 1370.00000  9.51%     -    8s
H    0     0                    1499.0000000 1370.00000  8.61%     -    8s
H    0     0                    1494.0000000 1370.00000  8.30%     -    8s
H    0     0                    1483.0000000 1370.00000  7.62%     -    8s
H    0     0                    1476.0000000 1370.00000  7.18%     -    8s
H    0     0                    1474.0000000 1370.00000  7.06%     -    8s
H    0     0                    1468.0000000 1370.00000  6.68%     -   16s
H    0     0                    1466.0000000 1370.00000  6.55%     -   16s
H    0     0                    1459.0000000 1370.00000  6.10%     -   16s
H    0     0                    1456.0000000 1370.00000  5.91%     -   16s
H    0     0                    1451.0000000 1370.00000  5.58%     -   16s
H    0     0                    1448.0000000 1370.00000  5.39%     -   16s
H    0     0                    1436.0000000 1370.00000  4.60%     -   16s
H    0     0                    1429.0000000 1370.00000  4.13%     -   16s
H    0     0                    1428.0000000 1370.00000  4.06%     -   16s
H    0     0                    1419.0000000 1370.00000  3.45%     -   16s
H    0     0                    1415.0000000 1370.00000  3.18%     -   16s
H    0     0                    1410.0000000 1370.00000  2.84%     -   16s
H    0     0                    1404.0000000 1370.00000  2.42%     -   16s
H    0     0                    1398.0000000 1370.00000  2.00%     -   16s
H    0     0                    1397.0000000 1370.00000  1.93%     -   16s
H    0     0                    1396.0000000 1370.00000  1.86%     -   16s
H    0     0                    1395.0000000 1370.00000  1.79%     -   16s
H    0     0                    1393.0000000 1370.00000  1.65%     -   16s
H    0     0                    1387.0000000 1370.00000  1.23%     -   16s
H    0     0                    1386.0000000 1370.00000  1.15%     -   16s
H    0     0                    1385.0000000 1370.00000  1.08%     -   16s
H    0     0                    1382.0000000 1370.00000  0.87%     -   16s
H    0     0                    1379.0000000 1370.00000  0.65%     -   16s
H    0     0                    1378.0000000 1370.00000  0.58%     -   16s
H    0     0                    1377.0000000 1370.00000  0.51%     -   16s
     0     0 1370.00000    0 3828 1377.00000 1370.00000  0.51%     -   16s
     0     0 1370.00000    0 2593 1377.00000 1370.00000  0.51%     -   17s
     0     2 1370.00000    0 2189 1377.00000 1370.00000  0.51%     -   18s
    63   124 1370.00000    6 3468 1377.00000 1370.00000  0.51%  3058   20s
H  148   184                    1376.0000000 1370.00000  0.44%  2726   21s
H  243   304                    1375.0000000 1370.00000  0.36%  2352   45s
H  243   304                    1373.0000000 1370.00000  0.22%  2352   45s
H  245   304                    1372.0000000 1370.00000  0.15%  2347   45s
H  247   304                    1370.0000000 1370.00000  0.00%  2342   45s

Cutting planes:
  Learned: 3960
  Gomory: 53
  Implied bound: 657
  MIR: 10
  Zero half: 430
  RLT: 1
  Relax-and-lift: 180

Explored 303 nodes (782666 simplex iterations) in 45.28 seconds (39.35 work units)
Thread count was 60 (of 128 available processors)

Solution count 1: 1370 

Optimal solution found (tolerance 1.00e-04)
Best objective 1.370000000000e+03, best bound 1.370000000000e+03, gap 0.0000%

Gurobi 10.0.3 (linux64) logging started Sun Jul 28 19:26:19 2024

Set parameter LogFile to value "fwd/logs/w5-k1-s4.log"
