
Gurobi 10.0.3 (linux64) logging started Sun Jul 28 15:20:11 2024

Set parameter LogFile to value "fwd/logs/w5-k3-s2.log"
Set parameter PoolSearchMode to value 2
Set parameter PoolSolutions to value 1
Set parameter Heuristics to value 0.9
Set parameter PoolGap to value 0
Set parameter Threads to value 60
Set parameter Threads to value 60
Gurobi Optimizer version 10.0.3 build v10.0.3rc0 (linux64)

CPU model: AMD EPYC 7742 64-Core Processor, instruction set [SSE2|AVX|AVX2]
Thread count: 64 physical cores, 128 logical processors, using up to 60 threads

Academic license 2533279 - for non-commercial use only - registered to bl___@rice.edu
Optimize a model with 1433 rows, 384 columns and 15953 nonzeros
Model fingerprint: 0x8933847c
Model has 512 general constraints
Variable types: 0 continuous, 384 integer (256 binary)
Coefficient statistics:
  Matrix range     [1e+00, 5e+00]
  Objective range  [1e+00, 1e+00]
  Bounds range     [1e+00, 4e+00]
  RHS range        [1e+00, 3e+00]
  GenCon rhs range [1e+00, 1e+00]
  GenCon coe range [1e+00, 1e+00]

User MIP start produced solution with objective 78 (0.04s)
Loaded user MIP start with objective 78

Presolve added 610 rows and 505 columns
Presolve time: 0.04s
Presolved: 2043 rows, 889 columns, 16734 nonzeros
Presolved model has 254 SOS constraint(s)
Variable types: 0 continuous, 889 integer (254 binary)

Root relaxation: objective 7.237864e+01, 3506 iterations, 0.19 seconds (0.23 work units)

    Nodes    |    Current Node    |     Objective Bounds      |     Work
 Expl Unexpl |  Obj  Depth IntInf | Incumbent    BestBd   Gap | It/Node Time

     0     0   72.37864    0  176   78.00000   72.37864  7.21%     -    0s
     0     0   72.37864    0  704   78.00000   72.37864  7.21%     -    0s
     0     0   72.37864    0  591   78.00000   72.37864  7.21%     -    0s
     0     0   72.50213    0  506   78.00000   72.50213  7.05%     -    1s
     0     0   72.59541    0  469   78.00000   72.59541  6.93%     -    1s
H    0     0                      77.0000000   72.59541  5.72%     -    1s
     0     0   72.61881    0  718   77.00000   72.61881  5.69%     -    1s
     0     0   72.62002    0  550   77.00000   72.62002  5.69%     -    1s
     0     0   72.66033    0  674   77.00000   72.66033  5.64%     -    1s
     0     0   72.66717    0  603   77.00000   72.66717  5.63%     -    2s
     0     0   72.66717    0  687   77.00000   72.66717  5.63%     -    2s
     0     0   72.66989    0  718   77.00000   72.66989  5.62%     -    2s
     0     0   72.66989    0  750   77.00000   72.66989  5.62%     -    2s
     0     0   72.68781    0  750   77.00000   72.68781  5.60%     -    2s
     0     0   72.68807    0  723   77.00000   72.68807  5.60%     -    2s
     0     0   72.68807    0  701   77.00000   72.68807  5.60%     -    2s
     0     0   72.72568    0  711   77.00000   72.72568  5.55%     -    3s
     0     0   72.72890    0  671   77.00000   72.72890  5.55%     -    3s
     0     0   72.72903    0  653   77.00000   72.72903  5.55%     -    3s
     0     0   72.72903    0  610   77.00000   72.72903  5.55%     -    3s
     0     0   72.76288    0  728   77.00000   72.76288  5.50%     -    3s
     0     0   72.76288    0  698   77.00000   72.76288  5.50%     -    3s
     0     0   72.77122    0  683   77.00000   72.77122  5.49%     -    4s
     0     0   72.77586    0  723   77.00000   72.77586  5.49%     -    4s
     0     0   72.77749    0  698   77.00000   72.77749  5.48%     -    4s
     0     0   72.77832    0  690   77.00000   72.77832  5.48%     -    4s
     0     0   72.77848    0  676   77.00000   72.77848  5.48%     -    4s
     0     0   72.77848    0  674   77.00000   72.77848  5.48%     -    4s
     0     0   72.77848    0  603   77.00000   72.77848  5.48%     -    4s
     0     0   72.78241    0  630   77.00000   72.78241  5.48%     -    4s
     0     0   72.78242    0  687   77.00000   72.78242  5.48%     -    4s
H    0     0                      75.0000000   72.78398  2.95%     -    5s
     0     0   72.78398    0  720   75.00000   72.78398  2.95%     -    5s
     0     0   72.78416    0  690   75.00000   72.78416  2.95%     -    5s
     0     0   72.78423    0  750   75.00000   72.78423  2.95%     -    5s
     0     0   72.78423    0  580   75.00000   72.78423  2.95%     -    5s
     0     2   72.78423    0  536   75.00000   72.78423  2.95%     -    6s
   123   184   72.78447    7  728   75.00000   72.78447  2.95%  1006   12s
   243   304   72.78447    8  740   75.00000   72.78447  2.95%   810   20s
   303   364   72.78447    8  742   75.00000   72.78447  2.95%   762   31s
  1076  1985   72.78474   17  725   75.00000   72.78447  2.95%   650   44s
  2162  5002   72.85588   28  731   75.00000   72.78447  2.95%   645   49s
  6517  5678   72.78508   14  674   75.00000   72.78447  2.95%   632   55s
  8166  5679   72.91136   27  435   75.00000   72.78447  2.95%   629   60s
  8175  5685   72.84229   28  440   75.00000   72.84229  2.88%   628   65s
  8186  5692   72.89693   21  577   75.00000   72.89693  2.80%   627   70s
  8196  5699   73.15864   33  565   75.00000   72.91486  2.78%   627   75s
  8209  5708   72.91550   28  474   75.00000   72.91550  2.78%   626   80s
  8223  5719   73.37241   30  480   75.00000   72.91550  2.78%   638   85s
  8235  5727   72.93213   18  390   75.00000   72.93213  2.76%   637   90s
  8249  5737   72.93213   11  384   75.00000   72.93213  2.76%   643   95s
  8261  5745   73.39884   38  458   75.00000   72.93213  2.76%   642  100s
  8274  5754   72.93213   40  565   75.00000   72.93213  2.76%   641  105s
  8520  5979   72.93213   50  477   75.00000   72.93213  2.76%   653  125s
  8801  6163   72.93340   52  566   75.00000   72.93213  2.76%   654  132s
  9385  6482   72.93349   57  559   75.00000   72.93213  2.76%   657  142s
  9504  7184   72.93349   57  572   75.00000   72.93213  2.76%   658  150s
 12062  7186   73.02246   75  576   75.00000   72.93213  2.76%   693  162s
 12313  7212     cutoff   76        75.00000   72.93213  2.76%   703  172s
 12519  8263   73.36797   76  635   75.00000   72.93213  2.76%   711  175s
 14248  7799   72.97438   57  597   75.00000   72.93213  2.76%   740  187s
 14519  7747   72.97514   59  521   75.00000   72.93213  2.76%   746  197s
 14611  8726   73.68297   60  639   75.00000   72.93213  2.76%   748  202s
 16760  8040   73.55057   56  716   75.00000   72.93213  2.76%   765  219s
 16849  9017   73.84295   57  662   75.00000   72.93213  2.76%   768  223s
 18965  8860   73.30581   55  656   75.00000   72.93213  2.76%   786  236s
 20066  9720     cutoff   63        75.00000   72.93213  2.76%   804  241s
 22663  8893   73.30672   53  662   75.00000   72.93213  2.76%   827  257s
 22752 10119   73.30672   54  609   75.00000   72.93213  2.76%   829  263s
 25958  9250   73.89769   61  612   75.00000   72.93213  2.76%   835  280s
 26078 10328     cutoff   62        75.00000   72.93213  2.76%   836  287s
 28919 10363     cutoff   62        75.00000   72.93213  2.76%   843  312s
 29003 11407   73.68981   63  478   75.00000   72.93236  2.76%   844  319s
 31479 11739   73.97665   62  654   75.00000   72.93343  2.76%   854  334s
 32196 12909   73.36602   56  595   75.00000   72.93343  2.76%   857  340s
 34960 13040   73.56907   60  541   75.00000   72.93345  2.76%   868  349s
 35329 13801   73.43761   62  598   75.00000   72.93347  2.76%   869  360s
 37293 15221     cutoff   64        75.00000   72.93382  2.75%   874  369s
 41812 15254   73.06212   58  615   75.00000   72.93399  2.75%   870  386s
 41914 16316   73.08239   59  532   75.00000   72.93434  2.75%   871  392s
 45186 16846     cutoff   67        75.00000   72.93554  2.75%   876  397s
 46504 16889   72.95336   59  719   75.00000   72.93582  2.75%   879  421s
 46579 18279   72.95336   60  664   75.00000   72.93582  2.75%   879  427s
 50263 18314   73.16125   54  581   75.00000   72.93688  2.75%   885  449s
 50370 19197   73.16125   55  532   75.00000   72.93720  2.75%   886  455s
 52675 19555   73.63180   60  660   75.00000   72.93778  2.75%   891  471s
 53700 20819   73.87098   64  585   75.00000   72.93778  2.75%   893  477s
 57502 20868   73.19900   68  560   75.00000   72.93802  2.75%   896  495s
 57572 22093   73.19900   69  549   75.00000   72.93896  2.75%   897  501s
 61131 22443   73.30632   60  710   75.00000   72.94446  2.74%   900  508s
 62374 22505   73.79133   69  548   75.00000   72.94446  2.74%   901  524s
 62516 23252     cutoff   70        75.00000   72.94484  2.74%   902  530s
 65773 23276     cutoff   62        75.00000   72.94788  2.74%   899  556s
 65871 24400   73.86428   63  632   75.00000   72.94897  2.73%   900  562s
 69692 24435     cutoff   60        75.00000   72.95437  2.73%   900  577s
 69778 25711     cutoff   61        75.00000   72.95516  2.73%   900  583s
 73484 25771   73.11899   59  465   75.00000   72.95957  2.72%   899  599s
 73611 27232   73.12691   60  504   75.00000   72.96134  2.72%   899  605s
 77728 27278   73.33030   59  608   75.00000   72.96490  2.71%   901  620s
 77837 28714   73.68930   60  572   75.00000   72.96493  2.71%   901  628s
 80965 29114     cutoff   70        75.00000   72.96628  2.71%   899  642s
 81987 30513   73.85625   71  589   75.00000   72.96629  2.71%   898  652s
 85530 30573   73.58310   58  680   75.00000   72.96725  2.71%   896  668s
 85708 33347   73.58368   59  662   75.00000   72.96725  2.71%   896  679s
 93004 33399   73.53387   57  590   75.00000   72.96770  2.71%   893  705s
 93076 36218   73.53387   58  560   75.00000   72.96770  2.71%   893  716s
 100430 36294     cutoff   59        75.00000   72.96901  2.71%   887  733s
 100604 38944     cutoff   58        75.00000   72.96916  2.71%   887  742s
 107343 39012   73.54547   60  633   75.00000   72.97096  2.71%   881  764s
 107479 41453   73.59651   61  600   75.00000   72.97114  2.71%   881  774s
 114761 42947   73.17831   54  725   75.00000   72.97293  2.70%   877  782s
 119302 42962   73.29991   61  599   75.00000   72.97394  2.70%   875  801s
 119472 45389   73.33028   62  608   75.00000   72.97394  2.70%   875  812s
 126524 45431   73.01500   62  816   75.00000   72.97489  2.70%   872  840s
 126600 47336   73.06343   63  617   75.00000   72.97493  2.70%   872  855s
 131620 47443   73.34995   64  620   75.00000   72.97700  2.70%   870  876s
 132042 50741   73.35819   65  605   75.00000   72.97709  2.70%   870  891s
 141757 50852   73.02345   69  485   75.00000   72.97923  2.69%   865  910s
 142076 53847   73.64212   70  512   75.00000   72.97923  2.69%   865  921s
 151875 53887   73.60873   68  591   75.00000   72.98197  2.69%   859  953s
 151959 56899   73.60873   69  586   75.00000   72.98197  2.69%   859  968s
 160272 57083     cutoff   69        75.00000   72.98520  2.69%   856  984s
 160771 60128   73.68264   61  593   75.00000   72.98532  2.69%   856  997s
 170731 61808   73.43054   74  567   75.00000   72.98702  2.68%   852 1014s
 175855 61996   73.08979   59  612   75.00000   72.98743  2.68%   853 1029s
 176535 65187   73.08979   60  612   75.00000   72.98775  2.68%   852 1043s
 187545 65359     cutoff   60        75.00000   72.99205  2.68%   851 1061s
 188295 67926   73.24503   63  689   75.00000   72.99220  2.68%   851 1077s
 196911 68046   73.22927   63  611   75.00000   72.99527  2.67%   850 1090s
 197299 68580   73.31747   67  545   75.00000   72.99568  2.67%   850 1110s
 199102 72231   73.19020   62  660   75.00000   72.99639  2.67%   849 1126s
 213403 72296   73.20497   63  663   75.00000   73.00085  2.67%   846 1144s
 213624 74551   73.20527   64  671   75.00000   73.00133  2.66%   846 1159s
 222676 75675   73.55024   60  609   75.00000   73.00419  2.66%   845 1170s
 227194 75713   73.11680   57  738   75.00000   73.00705  2.66%   845 1197s
 227277 77682   73.11680   58  656   75.00000   73.00853  2.66%   845 1210s
 233291 79251   73.07380   66  606   75.00000   73.01206  2.65%   845 1221s
 240618 79396   73.92778   64  394   75.00000   73.01496  2.65%   844 1240s
 241255 82132     cutoff   65        75.00000   73.01512  2.65%   844 1255s
 252169 82181   73.02590   62  680   75.00000   73.02090  2.64%   844 1272s
 252538 84327   73.02597   62  639   75.00000   73.02094  2.64%   844 1285s
 263033 84361     cutoff   67        75.00000   73.02384  2.63%   842 1314s
 263118 86230     cutoff   67        75.00000   73.02405  2.63%   842 1328s
 271240 86263   73.52097   64  529   75.00000   73.03072  2.63%   841 1345s
 271538 88080   73.52303   65  553   75.00000   73.03075  2.63%   842 1357s
 281068 88113   73.50470   68  575   75.00000   73.03587  2.62%   841 1375s
 281285 89989   73.51473   69  566   75.00000   73.03589  2.62%   841 1390s
 290130 90080   73.71439   60  646   75.00000   73.04001  2.61%   841 1407s
 290385 91697   73.74104   61  577   75.00000   73.04024  2.61%   841 1419s
 298591 91789   73.75132   59  635   75.00000   73.04498  2.61%   840 1430s
 298994 92109   73.94470   61  611   75.00000   73.04502  2.61%   840 1447s
 300494 94109   73.53361   65  672   75.00000   73.04625  2.61%   840 1461s
 312230 94172   73.68684   60  629   75.00000   73.04944  2.60%   839 1478s
 312651 95894   73.69753   61  583   75.00000   73.04985  2.60%   839 1490s
 322222 95974   73.47547   61  506   75.00000   73.05826  2.59%   839 1507s
 322625 97336   73.41641   66  627   75.00000   73.05857  2.59%   839 1519s
 331555 97349     cutoff   67        75.00000   73.06283  2.58%   839 1544s
 331664 98823   73.31825   64  546   75.00000   73.06326  2.58%   839 1554s
 338547 98937     cutoff   64        75.00000   73.06569  2.58%   839 1573s
 339251 100736   73.96824   65  581   75.00000   73.06592  2.58%   839 1586s
 349528 100823     cutoff   67        75.00000   73.07430  2.57%   838 1604s
 349906 102113     cutoff   67        75.00000   73.07477  2.57%   838 1617s
 359839 102129     cutoff   65        75.00000   73.07956  2.56%   837 1648s
 359945 103375   73.98116   64  490   75.00000   73.08003  2.56%   838 1662s
 368309 103417     cutoff   64        75.00000   73.08573  2.55%   837 1679s
 368554 104674   73.12905   65  580   75.00000   73.08587  2.55%   837 1691s
 376933 104724   73.34141   59  638   75.00000   73.08838  2.55%   837 1709s
 377172 105999     cutoff   60        75.00000   73.08850  2.55%   837 1723s
 385695 106027   73.54677   58  718   75.00000   73.09588  2.54%   837 1739s
 385844 107108   73.59823   59  629   75.00000   73.09631  2.54%   837 1750s
 393986 107166     cutoff   65        75.00000   73.09870  2.54%   837 1762s
 394242 107374     cutoff   62        75.00000   73.09929  2.53%   837 1778s
 396153 108657     cutoff   71        75.00000   73.10344  2.53%   836 1793s
 403478 108706   73.71390   75  538   75.00000   73.10640  2.52%   837 1812s
 404101 110110   73.76693   70  530   75.00000   73.10699  2.52%   837 1827s
 416326 110212     cutoff   59        75.00000   73.11578  2.51%   837 1839s
 416737 110382   73.39968   64  527   75.00000   73.11590  2.51%   837 1855s
 418497 111624   73.56378   62  655   75.00000   73.11767  2.51%   837 1873s
 430487 111663     cutoff   63        75.00000   73.12356  2.50%   837 1895s
 430766 112655     cutoff   66        75.00000   73.12390  2.50%   838 1909s
 440361 112710   73.94011   65  566   75.00000   73.13369  2.49%   838 1921s
 440762 112906   73.90682   64  680   75.00000   73.13419  2.49%   838 1941s
 442408 113703   73.93394   76  589   75.00000   73.13614  2.49%   838 1958s
 453491 114059     cutoff   75        75.00000   73.14154  2.48%   839 1969s
 459283 114093     cutoff   65        75.00000   73.14386  2.47%   839 1986s
 459807 115306     cutoff   60        75.00000   73.14610  2.47%   839 2002s
 469455 115315   73.33632   69  613   75.00000   73.15558  2.46%   839 2030s
 469577 116150   73.67499   70  627   75.00000   73.15569  2.46%   839 2044s
 479051 116655   73.73146   67  544   75.00000   73.16040  2.45%   839 2053s
 484225 116682   73.38128   57  678   75.00000   73.16861  2.44%   839 2070s
 484721 117716   73.41001   58  620   75.00000   73.16885  2.44%   839 2083s
 495639 117720     cutoff   65        75.00000   73.17758  2.43%   839 2104s
 495968 118422   73.85105   62  600   75.00000   73.17775  2.43%   839 2118s
 504974 118430     cutoff   78        75.00000   73.18393  2.42%   839 2142s
 505097 118998     cutoff   61        75.00000   73.18394  2.42%   839 2153s
 513149 118992   73.58776   69  587   75.00000   73.18774  2.42%   839 2173s
 513287 119504   73.60356   70  612   75.00000   73.18792  2.42%   839 2187s
 518930 119532     cutoff   73        75.00000   73.19748  2.40%   840 2205s
 519278 120089   73.91737   69  654   75.00000   73.19769  2.40%   840 2220s
 529772 120084     cutoff   67        75.00000   73.20193  2.40%   840 2238s
 529928 120346     cutoff   68        75.00000   73.20223  2.40%   840 2249s
 537907 120359     cutoff   74        75.00000   73.21071  2.39%   840 2276s
 538017 120681   73.64521   70  545   75.00000   73.21099  2.39%   840 2288s
 546638 120696   73.97469   60  459   75.00000   73.21714  2.38%   840 2314s
 546872 121070     cutoff   61        75.00000   73.21794  2.38%   840 2327s
 555299 121063     cutoff   63        75.00000   73.22660  2.36%   839 2346s
 555678 121484     cutoff   68        75.00000   73.22696  2.36%   840 2358s
 564646 121545   73.73815   62  494   75.00000   73.23069  2.36%   839 2369s
 564947 121629     cutoff   67        75.00000   73.23113  2.36%   839 2387s
 566564 121908   73.58256   71  558   75.00000   73.23682  2.35%   839 2403s
 577731 121926   73.99990   62  713   75.00000   73.23864  2.35%   839 2414s
 582171 121974     cutoff   66        75.00000   73.24601  2.34%   839 2425s
 588024 121988   73.97466   69  612   75.00000   73.25207  2.33%   839 2442s
 588409 121877     cutoff   59        75.00000   73.25207  2.33%   839 2455s
 598022 121890   73.88812   62  588   75.00000   73.25763  2.32%   839 2481s
 598128 121897   73.90092   63  606   75.00000   73.25841  2.32%   839 2497s
 604045 121892   73.72638   59  616   75.00000   73.27190  2.30%   839 2515s
 604733 121799   73.98536   64  604   75.00000   73.27226  2.30%   839 2529s
 616632 121792   73.90508   65  501   75.00000   73.27926  2.29%   839 2548s
 616983 121822     cutoff   66        75.00000   73.27963  2.29%   839 2561s
 625619 121814   73.56443   65  578   75.00000   73.29077  2.28%   838 2586s
 625753 121835   73.64792   66  520   75.00000   73.29144  2.28%   839 2597s
 634553 121849   73.98484   62  541   75.00000   73.29402  2.27%   838 2617s
 634800 122212   73.63342   63  595   75.00000   73.29459  2.27%   838 2629s
 642464 122237   73.79188   58  702   75.00000   73.30616  2.26%   839 2647s
 642787 122460   73.79188   59  650   75.00000   73.30632  2.26%   839 2659s
 652019 122453   73.51091   58  776   75.00000   73.30671  2.26%   839 2684s
 652210 122348   73.51111   59  765   75.00000   73.30680  2.26%   839 2701s
 659945 122356     cutoff   67        75.00000   73.31890  2.24%   838 2726s
 660059 122605     cutoff   68        75.00000   73.31960  2.24%   839 2738s
 668785 122596     cutoff   77        75.00000   73.32236  2.24%   838 2758s
 669057 122774   73.36337   56  821   75.00000   73.32246  2.24%   838 2779s
 675168 122800   73.99037   65  794   75.00000   73.32734  2.23%   839 2795s
 675601 122721     cutoff   66        75.00000   73.32848  2.23%   839 2807s
 685792 122718     cutoff   58        75.00000   73.34111  2.21%   838 2836s
 685921 122446   73.52121   69  585   75.00000   73.34134  2.21%   838 2848s
 695461 122222   73.85964   60  708   75.00000   73.34995  2.20%   838 2857s
 700663 122141     cutoff   73        75.00000   73.35368  2.20%   838 2875s
 701210 121826   73.70879   67  664   75.00000   73.35446  2.19%   838 2887s
 711569 121797   73.90613   65  567   75.00000   73.35730  2.19%   837 2913s
 711776 121362   73.93310   66  536   75.00000   73.35961  2.19%   837 2925s
 720006 121333     cutoff   63        75.00000   73.37366  2.17%   837 2938s
 720419 121236     cutoff   64        75.00000   73.37419  2.17%   837 2959s
 722081 120349     cutoff   67        75.00000   73.37639  2.16%   837 2976s
 735536 119981   73.41771   63  768   75.00000   73.38850  2.15%   836 2988s
 741134 119938   73.61193   63  632   75.00000   73.39125  2.14%   835 3007s
 741412 119099   73.77272   64  637   75.00000   73.39226  2.14%   835 3021s
 750335 119056   73.58668   59  861   75.00000   73.39939  2.13%   835 3047s
 750474 118330   73.63374   60  687   75.00000   73.39950  2.13%   835 3059s
 756099 118328   73.44978   62  810   75.00000   73.40410  2.13%   835 3081s
 756557 117336   73.44987   63  789   75.00000   73.40600  2.13%   835 3096s
 766666 116730     cutoff   68        75.00000   73.41913  2.11%   835 3107s
 772267 116668   73.94774   58  623   75.00000   73.42405  2.10%   834 3126s
 772506 115684     cutoff   64        75.00000   73.42521  2.10%   834 3140s
 782079 115629     cutoff   70        75.00000   73.43462  2.09%   833 3159s
 782375 114588     cutoff   63        75.00000   73.43506  2.09%   834 3174s
 790962 114560     cutoff   57        75.00000   73.44478  2.07%   833 3201s
 791112 113771   73.58539   65  673   75.00000   73.44524  2.07%   833 3214s
 800294 113723   73.60516   64  737   75.00000   73.44850  2.07%   832 3236s
 800630 112924     cutoff   60        75.00000   73.45000  2.07%   832 3250s
 808365 112871   73.79557   59  699   75.00000   73.46099  2.05%   832 3267s
 808675 111729   73.79557   60  708   75.00000   73.46116  2.05%   832 3280s
 817800 111714   73.75596   58  635   75.00000   73.46570  2.05%   832 3310s
 817934 111057   73.75596   59  633   75.00000   73.46652  2.04%   832 3326s
 823563 110982   73.60026   63  583   75.00000   73.47866  2.03%   832 3351s
 823942 109524   73.60138   63  574   75.00000   73.47890  2.03%   832 3368s
 834825 109477     cutoff   64        75.00000   73.48726  2.02%   831 3386s
 835036 107974   73.79570   65  600   75.00000   73.48748  2.02%   832 3399s
 844869 107888     cutoff   70        75.00000   73.49960  2.00%   831 3422s
 845243 106635     cutoff   71        75.00000   73.49983  2.00%   831 3438s
 854097 106570     cutoff   68        75.00000   73.50933  1.99%   830 3465s
 854280 104943   73.74119   67  651   75.00000   73.50942  1.99%   830 3475s
 863688 104848     cutoff   67        75.00000   73.51304  1.98%   829 3497s
 864178 103526   73.83271   63  629   75.00000   73.51349  1.98%   829 3509s
 872025 103501     cutoff   66        75.00000   73.52722  1.96%   828 3528s
 872242 102146   73.86710   59  565   75.00000   73.52744  1.96%   828 3540s
 881019 102098     cutoff   64        75.00000   73.53143  1.96%   827 3573s
 881191 100949   73.63590   66  569   75.00000   73.53251  1.96%   827 3583s
 889346 100331   73.64286   67  542   75.00000   73.54562  1.94%   826 3594s
 892469 100297   73.84341   58  673   75.00000   73.54873  1.94%   826 3612s

Gurobi 10.0.3 (linux64) logging started Sun Jul 28 18:10:56 2024

Set parameter LogFile to value "fwd/logs/w5-k3-s2.log"
Set parameter PoolSearchMode to value 2
Set parameter PoolSolutions to value 1
Set parameter Heuristics to value 0.9
Set parameter PoolGap to value 0
Set parameter Threads to value 120
Set parameter Threads to value 120
Gurobi Optimizer version 10.0.3 build v10.0.3rc0 (linux64)

CPU model: AMD EPYC 7742 64-Core Processor, instruction set [SSE2|AVX|AVX2]
Thread count: 64 physical cores, 128 logical processors, using up to 120 threads

Academic license 2533279 - for non-commercial use only - registered to bl___@rice.edu
Optimize a model with 1433 rows, 384 columns and 15953 nonzeros
Model fingerprint: 0xe786b4a4
Model has 512 general constraints
Variable types: 0 continuous, 384 integer (256 binary)
Coefficient statistics:
  Matrix range     [1e+00, 5e+00]
  Objective range  [1e+00, 1e+00]
  Bounds range     [1e+00, 4e+00]
  RHS range        [1e+00, 3e+00]
  GenCon rhs range [1e+00, 1e+00]
  GenCon coe range [1e+00, 1e+00]

User MIP start produced solution with objective 78 (0.03s)
Loaded user MIP start with objective 78

Presolve added 610 rows and 505 columns
Presolve time: 0.04s
Presolved: 2043 rows, 889 columns, 16734 nonzeros
Presolved model has 254 SOS constraint(s)
Variable types: 0 continuous, 889 integer (254 binary)

Root relaxation: objective 7.237864e+01, 3821 iterations, 0.21 seconds (0.27 work units)

    Nodes    |    Current Node    |     Objective Bounds      |     Work
 Expl Unexpl |  Obj  Depth IntInf | Incumbent    BestBd   Gap | It/Node Time

     0     0   72.37864    0  176   78.00000   72.37864  7.21%     -    0s
     0     0   72.37864    0  686   78.00000   72.37864  7.21%     -    0s
H    0     0                      77.0000000   72.37864  6.00%     -    0s
     0     0   72.54955    0  645   77.00000   72.54955  5.78%     -    0s
     0     0   72.62928    0  467   77.00000   72.62928  5.68%     -    1s
     0     0   72.66200    0  532   77.00000   72.66200  5.63%     -    1s
     0     0   72.68874    0  722   77.00000   72.68874  5.60%     -    1s
H    0     0                      76.0000000   72.68874  4.36%     -    1s
     0     0   72.68894    0  661   76.00000   72.68894  4.36%     -    1s
     0     0   72.76613    0  718   76.00000   72.76613  4.26%     -    1s
     0     0   72.76634    0  644   76.00000   72.76634  4.25%     -    2s
     0     0   72.76639    0  677   76.00000   72.76639  4.25%     -    2s
     0     0   72.79204    0  690   76.00000   72.79204  4.22%     -    2s
     0     0   72.79422    0  681   76.00000   72.79422  4.22%     -    2s
     0     0   72.80382    0  692   76.00000   72.80382  4.21%     -    2s
     0     0   72.80394    0  699   76.00000   72.80394  4.21%     -    2s
     0     0   72.80396    0  751   76.00000   72.80396  4.21%     -    2s
     0     0   72.80396    0  728   76.00000   72.80396  4.21%     -    2s
     0     0   72.81901    0  699   76.00000   72.81901  4.19%     -    3s
     0     0   72.82040    0  693   76.00000   72.82040  4.18%     -    3s
     0     0   72.82161    0  679   76.00000   72.82161  4.18%     -    3s
     0     0   72.82193    0  663   76.00000   72.82193  4.18%     -    3s
     0     0   72.82193    0  630   76.00000   72.82193  4.18%     -    3s
     0     0   72.83343    0  705   76.00000   72.83343  4.17%     -    3s
     0     0   72.83373    0  715   76.00000   72.83373  4.17%     -    3s
     0     0   72.83451    0  707   76.00000   72.83451  4.17%     -    4s
     0     0   72.83451    0  646   76.00000   72.83451  4.17%     -    4s
     0     0   72.83451    0  688   76.00000   72.83451  4.17%     -    4s
     0     0   72.83498    0  688   76.00000   72.83498  4.16%     -    4s
     0     0   72.83498    0  668   76.00000   72.83498  4.16%     -    4s
     0     0   72.85213    0  699   76.00000   72.85213  4.14%     -    4s
     0     0   72.86254    0  646   76.00000   72.86254  4.13%     -    5s
     0     0   72.86262    0  660   76.00000   72.86262  4.13%     -    5s
     0     0   72.86262    0  716   76.00000   72.86262  4.13%     -    5s
     0     0   72.87555    0  713   76.00000   72.87555  4.11%     -    5s
     0     0   72.87933    0  703   76.00000   72.87933  4.11%     -    5s
     0     0   72.87933    0  691   76.00000   72.87933  4.11%     -    5s
     0     0   72.87933    0  732   76.00000   72.87933  4.11%     -    5s
     0     0   72.87933    0  714   76.00000   72.87933  4.11%     -    6s
     0     0   72.87933    0  691   76.00000   72.87933  4.11%     -    6s
     0     0   72.87933    0  472   76.00000   72.87933  4.11%     -    6s
     0     2   72.87933    0  472   76.00000   72.87933  4.11%     -    7s
    63   128   72.87933    6  766   76.00000   72.87933  4.11%  1087   10s
   127   248   72.87933    7  774   76.00000   72.87933  4.11%  1182   17s
H  130   248                      75.0000000   72.87933  2.83%  1179   17s
   367   488   72.87933    8  761   75.00000   72.87933  2.83%  1244   26s

Gurobi 10.0.3 (linux64) logging started Sun Jul 28 19:25:43 2024

Set parameter LogFile to value "fwd/logs/w5-k3-s2.log"
Set parameter PoolSearchMode to value 2
Set parameter PoolSolutions to value 1
Set parameter Heuristics to value 0.9
Set parameter PoolGap to value 0
Set parameter Threads to value 120
Set parameter Threads to value 120
Gurobi Optimizer version 10.0.3 build v10.0.3rc0 (linux64)

CPU model: AMD EPYC 7742 64-Core Processor, instruction set [SSE2|AVX|AVX2]
Thread count: 64 physical cores, 128 logical processors, using up to 120 threads

Academic license 2533279 - for non-commercial use only - registered to bl___@rice.edu
Optimize a model with 276 rows, 384 columns and 2548 nonzeros
Model fingerprint: 0x7feb245f
Model has 512 general constraints
Variable types: 0 continuous, 384 integer (256 binary)
Coefficient statistics:
  Matrix range     [1e+00, 3e+00]
  Objective range  [1e+00, 1e+00]
  Bounds range     [1e+00, 4e+00]
  RHS range        [1e+00, 3e+00]
  GenCon rhs range [1e+00, 1e+00]
  GenCon coe range [1e+00, 1e+00]

User MIP start produced solution with objective 78 (0.02s)
Loaded user MIP start with objective 78

Presolve added 724 rows and 505 columns
Presolve time: 0.01s
Presolved: 1000 rows, 889 columns, 4243 nonzeros
Presolved model has 254 SOS constraint(s)
Variable types: 0 continuous, 889 integer (254 binary)

Root relaxation: objective 7.154545e+01, 1566 iterations, 0.04 seconds (0.04 work units)

    Nodes    |    Current Node    |     Objective Bounds      |     Work
 Expl Unexpl |  Obj  Depth IntInf | Incumbent    BestBd   Gap | It/Node Time

     0     0   71.54545    0  178   78.00000   71.54545  8.28%     -    0s
     0     0   71.54545    0  727   78.00000   71.54545  8.28%     -    0s
     0     0   71.69697    0  459   78.00000   71.69697  8.08%     -    0s
     0     0   71.69697    0  575   78.00000   71.69697  8.08%     -    0s
     0     0   71.69697    0  672   78.00000   71.69697  8.08%     -    0s
     0     0   71.69697    0  472   78.00000   71.69697  8.08%     -    1s
H    0     0                      76.0000000   71.69697  5.66%     -    1s
     0     2   71.69697    0  384   76.00000   71.69697  5.66%     -    1s
H  127   248                      75.0000000   71.72014  4.37%  1025    5s
   487   608   71.72014   10  724   75.00000   71.72014  4.37%   799   19s
   607   841   71.72014   11  666   75.00000   71.72014  4.37%   763   20s
  1919  4238   71.72014   18  709   75.00000   71.72014  4.37%   698   28s
  5123  6542   72.07797   29  696   75.00000   71.72014  4.37%   769   30s
  8506  7339   72.82035   46  660   75.00000   71.72014  4.37%   755   40s
  9539  7351   71.82725   12  482   75.00000   71.82725  4.23%   759   45s
  9565  7369   72.14054   20  338   75.00000   71.84574  4.21%   760   50s
  9933  7735   71.84574   34  588   75.00000   71.84574  4.21%   766   65s
 10444  8075   71.84574   36  623   75.00000   71.84574  4.21%   773   72s
 11059  8523   71.84574   38  562   75.00000   71.84574  4.21%   784   79s
 11224  9377   71.84574   39  527   75.00000   71.84574  4.21%   788   81s
 12839  8904   72.02211   43  630   75.00000   71.84574  4.21%   820   88s
 13035  8926   72.54545   44  609   75.00000   71.84574  4.21%   828  101s
 14271  9653   72.54545   49  626   75.00000   71.84574  4.21%   861  112s
 16586 10946   71.84574   37  663   75.00000   71.84574  4.21%   919  122s
 18108 11258   73.70736   49  553   75.00000   71.84574  4.21%   944  130s
 22795 11169   72.42650   43  623   75.00000   71.84574  4.21%   991  143s
 23038 12204   72.89067   44  639   75.00000   71.84574  4.21%   996  146s
 25358 11845   71.86960   38  666   75.00000   71.84574  4.21%  1025  160s
 26534 12683   73.22706   43  561   75.00000   71.84574  4.21%  1039  166s
 29079 13218     cutoff   50        75.00000   71.84574  4.21%  1056  173s
 32170 12406   71.84574   40  697   75.00000   71.84574  4.21%  1070  187s
 32352 13803   71.84574   41  594   75.00000   71.84574  4.21%  1071  192s
 35806 13897   72.75379   44  615   75.00000   71.84574  4.21%  1087  202s
 35987 15215   72.85249   45  598   75.00000   71.84574  4.21%  1088  210s
 38613 17422   72.21789   38  738   75.00000   71.84574  4.21%  1098  215s
 43080 17541   72.84244   42  649   75.00000   71.84574  4.21%  1107  225s
 46929 20021   73.95614   52  502   75.00000   71.84574  4.21%  1115  238s
 48995 20138   73.73409   60  491   75.00000   71.84574  4.21%  1116  247s
 49427 21043   73.74008   61  460   75.00000   71.84574  4.21%  1117  255s
 52269 23010   72.65696   45  630   75.00000   71.84574  4.21%  1118  260s
 56959 24197   72.53571   41  701   75.00000   71.84574  4.21%  1124  268s
