Set parameter Username
Set parameter WLSAccessID
Set parameter WLSSecret
Set parameter LicenseID to value 2533279
Academic license 2533279 - for non-commercial use only - registered to bl___@rice.edu
w=5, k=3, sigma=2  181.0/256  -->  0.29296875
	Command being timed: "/home/Users/blk6/Projects/dbmers/scripts/run-fwd.py -w 5 -k 3 --sigma 2"
	User time (seconds): 61881.30
	System time (seconds): 968.27
	Percent of CPU this job got: 4285%
	Elapsed (wall clock) time (h:mm:ss or m:ss): 24:26.60
	Average shared text size (kbytes): 0
	Average unshared data size (kbytes): 0
	Average stack size (kbytes): 0
	Average total size (kbytes): 0
	Maximum resident set size (kbytes): 1826456
	Average resident set size (kbytes): 0
	Major (requiring I/O) page faults: 0
	Minor (reclaiming a frame) page faults: 1683120
	Voluntary context switches: 23693635
	Involuntary context switches: 2348204
	Swaps: 0
	File system inputs: 0
	File system outputs: 1000
	Socket messages sent: 0
	Socket messages received: 0
	Signals delivered: 0
	Page size (bytes): 4096
	Exit status: 0
