
Gurobi 10.0.3 (linux64) logging started Sun Jul 28 15:32:43 2024

Set parameter LogFile to value "fwd/logs/w5-k6-s2.log"
Set parameter PoolSearchMode to value 2
Set parameter PoolSolutions to value 1
Set parameter Heuristics to value 1
Set parameter PoolGap to value 0
Set parameter Threads to value 60
Set parameter Threads to value 60
Gurobi Optimizer version 10.0.3 build v10.0.3rc0 (linux64)

CPU model: AMD EPYC 7742 64-Core Processor, instruction set [SSE2|AVX|AVX2]
Thread count: 64 physical cores, 128 logical processors, using up to 60 threads

Academic license 2533279 - for non-commercial use only - registered to bl___@rice.edu
Optimize a model with 188 rows, 3072 columns and 2048 nonzeros
Model fingerprint: 0xc4ede41c
Model has 4096 general constraints
Variable types: 0 continuous, 3072 integer (2048 binary)
Coefficient statistics:
  Matrix range     [1e+00, 1e+00]
  Objective range  [1e+00, 1e+00]
  Bounds range     [1e+00, 4e+00]
  RHS range        [1e+00, 3e+00]
  GenCon rhs range [1e+00, 1e+00]
  GenCon coe range [1e+00, 1e+00]
Found heuristic solution: objective 2048.0000000
Presolve added 6135 rows and 4089 columns
Presolve time: 0.04s
Presolved: 6323 rows, 7161 columns, 16365 nonzeros
Presolved model has 2046 SOS constraint(s)
Variable types: 0 continuous, 7161 integer (2046 binary)

Root relaxation: objective 5.600000e+02, 3807 iterations, 0.01 seconds (0.01 work units)

    Nodes    |    Current Node    |     Objective Bounds      |     Work
 Expl Unexpl |  Obj  Depth IntInf | Incumbent    BestBd   Gap | It/Node Time

     0     0  560.00000    0 1838 2048.00000  560.00000  72.7%     -    0s
H    0     0                     758.0000000  560.00000  26.1%     -    0s
     0     0  560.00000    0 3952  758.00000  560.00000  26.1%     -    0s
H    0     0                     754.0000000  560.00000  25.7%     -    0s
     0     0  560.00000    0 5464  754.00000  560.00000  25.7%     -    0s
H    0     0                     751.0000000  560.00000  25.4%     -    2s
H    0     0                     750.0000000  560.00000  25.3%     -    2s
H    0     0                     748.0000000  560.00000  25.1%     -    2s
H    0     0                     747.0000000  560.00000  25.0%     -    2s
H    0     0                     741.0000000  560.00000  24.4%     -    2s
H    0     0                     739.0000000  560.00000  24.2%     -    2s
H    0     0                     736.0000000  560.00000  23.9%     -    2s
H    0     0                     729.0000000  560.00000  23.2%     -    2s
H    0     0                     727.0000000  560.00000  23.0%     -    2s
H    0     0                     724.0000000  560.00000  22.7%     -    2s
H    0     0                     720.0000000  560.00000  22.2%     -    2s
H    0     0                     719.0000000  560.00000  22.1%     -    2s
H    0     0                     714.0000000  560.00000  21.6%     -    2s
     0     0  560.00000    0 1045  714.00000  560.00000  21.6%     -    2s
H    0     0                     710.0000000  560.00000  21.1%     -    2s
     0     0  560.00000    0 1241  710.00000  560.00000  21.1%     -    2s
H    0     0                     707.0000000  560.00000  20.8%     -    2s
H    0     0                     706.0000000  560.00000  20.7%     -    2s
     0     0  560.00000    0 1072  706.00000  560.00000  20.7%     -    2s
H    0     0                     703.0000000  560.00000  20.3%     -    2s
     0     0  560.00000    0  949  703.00000  560.00000  20.3%     -    3s
H    0     0                     695.0000000  560.00000  19.4%     -    3s
     0     2  560.00000    0  925  695.00000  560.00000  19.4%     -    3s
H   31    64                     691.0000000  560.00000  19.0%  1508    4s
H   51    64                     689.0000000  560.00000  18.7%  1382    4s
    63   124  560.00000    6 1610  689.00000  560.00000  18.7%  1518    5s
H  123   184                     682.0000000  560.00000  17.9%  1444    6s
H  123   184                     677.0000000  560.00000  17.3%  1444    6s
H  123   184                     671.0000000  560.00000  16.5%  1444    6s
H  125   184                     670.0000000  560.00000  16.4%  1437    6s
H  243   304                     669.0000000  560.00000  16.3%  1163   10s
H  244   304                     666.0000000  560.00000  15.9%  1162   10s
H  246   304                     665.0000000  560.00000  15.8%  1160   10s
H  248   304                     664.0000000  560.00000  15.7%  1158   10s
H  252   304                     658.0000000  560.00000  14.9%  1152   10s
H  254   304                     651.0000000  560.00000  14.0%  1149   10s
H  303   364                     647.0000000  560.00000  13.4%  1094   11s
H  303   364                     646.0000000  560.00000  13.3%  1094   11s
H  304   364                     645.0000000  560.00000  13.2%  1094   11s
H  304   364                     644.0000000  560.00000  13.0%  1094   11s
H  314   364                     643.0000000  560.00000  12.9%  1086   11s
H  483   544                     642.0000000  560.00000  12.8%   989   12s
H  483   544                     641.0000000  560.00000  12.6%   989   12s
H  487   544                     640.0000000  560.00000  12.5%   988   12s
H  489   544                     639.0000000  560.00000  12.4%   988   12s
H 1563  2422                     633.0000000  560.00000  11.5%   867   14s
  2427  3924  560.00000   20 1639  633.00000  560.00000  11.5%   855   16s
H 2442  3924                     628.0000000  560.00000  10.8%   855   16s
H 2474  3924                     627.0000000  560.00000  10.7%   856   16s
H 2508  3924                     625.0000000  560.00000  10.4%   856   16s
H 2544  3924                     624.0000000  560.00000  10.3%   857   16s
  3931  8074  560.00000   28 1810  624.00000  560.00000  10.3%   865   20s
H 3946  8074                     619.0000000  560.00000  9.53%   865   20s
H 4535  8074                     618.0000000  560.00000  9.39%   875   20s
H 8102  9458                     614.0000000  560.00000  8.79%   903   27s
H 8104  9458                     613.0000000  560.00000  8.65%   903   27s
H 8268  9458                     610.0000000  560.00000  8.20%   906   27s
H 9500 11806                     603.0000000  560.00000  7.13%   916   35s
H11856 14334                     599.0000000  560.00000  6.51%   925   44s
H11963 14334                     595.0000000  560.00000  5.88%   925   44s
H12856 14334                     594.0000000  560.00000  5.72%   921   44s
H14424 14274                     588.0000000  560.00000  4.76%   913   52s
H14430 14261                     587.0000000  560.00000  4.60%   914   52s
 14487 20998  560.00000   61 1593  587.00000  560.00000  4.60%   913   61s
H14513 20975                     585.0000000  560.00000  4.27%   914   61s
H16598 20958                     584.0000000  560.00000  4.11%   915   61s
H18389 20949                     583.0000000  560.00000  3.95%   917   61s
 21482 20739  560.00000   75 1189  583.00000  560.00000  3.95%   910   65s
H21522 19759                     582.0000000  560.00000  3.78%   913   69s
H21613 18863                     579.0000000  560.00000  3.28%   912   70s
H21616 17926                     578.0000000  560.00000  3.11%   912   70s
 21733 17993  560.00000   18  811  578.00000  560.00000  3.11%   910   93s
H21734 17104                     577.0000000  560.00000  2.95%   910   93s
H21743 16256                     575.0000000  560.00000  2.61%   910   93s
H21760 15447                     572.0000000  560.00000  2.10%   909   93s
H21863 14770                     571.0000000  560.00000  1.93%   908   94s
H22033 14169                     570.0000000  560.00000  1.75%   905  102s
H22047 13476                     569.0000000  560.00000  1.58%   905  102s
 22093 13521  560.00000   21  865  569.00000  560.00000  1.58%   904  186s
H22098 12865                     568.0000000  560.00000  1.41%   904  186s
H22106 12242                     567.0000000  560.00000  1.23%   904  186s
H22207 12697                     566.0000000  560.00000  1.06%   902  187s
 23233 12895  560.00000   30  899  566.00000  560.00000  1.06%   888  195s
 29353 15891  560.20000   81 1110  566.00000  560.00000  1.06%   837  205s
 33028 17664  561.00000  109 1118  566.00000  560.00000  1.06%   820  216s
H33031 16172                     565.0000000  560.00000  0.88%   820  216s
 34847 17990  562.20000  123 1149  565.00000  560.00000  0.88%   814  226s
H35076 16081                     564.0000000  560.00000  0.71%   813  226s
 36230 19257  562.20000  135 1148  564.00000  560.00000  0.71%   810  230s
 41445 17514  562.20000  175 1237  564.00000  560.00000  0.71%   792  321s
H41460 14096                     563.0000000  560.00000  0.53%   792  321s
 48418 16105  561.60000   89 1128  563.00000  560.00000  0.53%   775  333s
H48423 10316                     562.0000000  560.00000  0.36%   775  333s
H48474  3769                     561.0000000  560.00000  0.18%   775  333s
 48500  3481  560.00000   19 3898  561.00000  560.00000  0.18%   775  335s
 48510  3487  560.00000   41  712  561.00000  560.00000  0.18%   775  340s
 48754  3711  560.00000   28 1020  561.00000  560.00000  0.18%   776  357s
H48756  3535                     560.0000000  560.00000  0.00%   776  357s

Cutting planes:
  Learned: 1898
  Gomory: 87
  Implied bound: 134
  MIR: 3
  Flow cover: 20
  Zero half: 167
  Relax-and-lift: 84

Explored 48814 nodes (37938230 simplex iterations) in 357.21 seconds (349.49 work units)
Thread count was 60 (of 128 available processors)

Solution count 1: 560 

Optimal solution found (tolerance 1.00e-04)
Best objective 5.600000000000e+02, best bound 5.600000000000e+02, gap 0.0000%

Gurobi 10.0.3 (linux64) logging started Sun Jul 28 19:25:44 2024

Set parameter LogFile to value "fwd/logs/w5-k6-s2.log"
