
Gurobi 10.0.3 (linux64) logging started Mon Jul 15 13:12:23 2024

Set parameter LogFile to value "fwd/logs/w6-k1-s4.log"
Set parameter BestObjStop to value 11700
Set parameter PoolSearchMode to value 2
Set parameter PoolSolutions to value 1
Set parameter Heuristics to value 1
Set parameter Threads to value 60
Set parameter Threads to value 60
Gurobi Optimizer version 10.0.3 build v10.0.3rc0 (linux64)

CPU model: AMD EPYC 7742 64-Core Processor, instruction set [SSE2|AVX|AVX2]
Thread count: 64 physical cores, 128 logical processors, using up to 60 threads

Academic license 2533279 - for non-commercial use only - registered to bl___@rice.edu
Optimize a model with 2344 rows, 20480 columns and 16384 nonzeros
Model fingerprint: 0x96f2bc13
Model has 32768 general constraints
Variable types: 0 continuous, 20480 integer (16384 binary)
Coefficient statistics:
  Matrix range     [1e+00, 1e+00]
  Objective range  [1e+00, 1e+00]
  Bounds range     [1e+00, 5e+00]
  RHS range        [5e+00, 5e+00]
  GenCon rhs range [1e+00, 1e+00]
  GenCon coe range [1e+00, 1e+00]
Found heuristic solution: objective -0.0000000
Presolve added 49130 rows and 32750 columns
Presolve time: 0.41s
Presolved: 51474 rows, 53230 columns, 131022 nonzeros
Presolved model has 16380 SOS constraint(s)
Variable types: 0 continuous, 53230 integer (16380 binary)
Root relaxation presolved: 51474 rows, 53230 columns, 131022 nonzeros

Deterministic concurrent LP optimizer: primal and dual simplex
Showing first log only...

Concurrent spin time: 0.03s

Solved with primal simplex

Root relaxation: objective 1.170000e+04, 14051 iterations, 0.20 seconds (0.10 work units)

    Nodes    |    Current Node    |     Objective Bounds      |     Work
 Expl Unexpl |  Obj  Depth IntInf | Incumbent    BestBd   Gap | It/Node Time

     0     0 11700.0000    0 14051   -0.00000 11700.0000      -     -    1s
H    0     0                    9929.0000000 11700.0000  17.8%     -    1s
     0     0 11700.0000    0 19173 9929.00000 11700.0000  17.8%     -    2s
     0     0 11700.0000    0 22305 9929.00000 11700.0000  17.8%     -    3s
     0     0 11700.0000    0 17902 9929.00000 11700.0000  17.8%     -    7s
     0     0 11700.0000    0 22309 9929.00000 11700.0000  17.8%     -    9s
H    0     0                    10095.000000 11700.0000  15.9%     -   17s
H    0     0                    10112.000000 11700.0000  15.7%     -   17s
     0     0 11700.0000    0 17339 10112.0000 11700.0000  15.7%     -   18s
H    0     0                    10157.000000 11700.0000  15.2%     -   18s
H    0     0                    10160.000000 11700.0000  15.2%     -   94s
H    0     0                    10161.000000 11700.0000  15.1%     -   94s
H    0     0                    10218.000000 11700.0000  14.5%     -   94s
H    0     0                    10219.000000 11700.0000  14.5%     -   94s
H    0     0                    10249.000000 11700.0000  14.2%     -   94s
H    0     0                    10282.000000 11700.0000  13.8%     -   94s
H    0     0                    10316.000000 11700.0000  13.4%     -   94s
H    0     0                    10356.000000 11700.0000  13.0%     -   94s
H    0     0                    10362.000000 11700.0000  12.9%     -   94s
H    0     0                    10419.000000 11700.0000  12.3%     -   94s
H    0     0                    10420.000000 11700.0000  12.3%     -   94s
H    0     0                    10452.000000 11700.0000  11.9%     -   94s
H    0     0                    10511.000000 11700.0000  11.3%     -   94s
H    0     0                    10551.000000 11700.0000  10.9%     -   94s
H    0     0                    10553.000000 11700.0000  10.9%     -   94s
H    0     0                    10572.000000 11700.0000  10.7%     -   94s
H    0     0                    10642.000000 11700.0000  9.94%     -   94s
H    0     0                    10688.000000 11700.0000  9.47%     -   94s
H    0     0                    10692.000000 11700.0000  9.43%     -   94s
H    0     0                    10736.000000 11700.0000  8.98%     -   94s
H    0     0                    10765.000000 11700.0000  8.69%     -   94s
H    0     0                    10769.000000 11700.0000  8.65%     -   94s
H    0     0                    10805.000000 11700.0000  8.28%     -   94s
H    0     0                    10855.000000 11700.0000  7.78%     -   94s
H    0     0                    10883.000000 11700.0000  7.51%     -   94s
H    0     0                    10931.000000 11700.0000  7.04%     -   94s
H    0     0                    10954.000000 11700.0000  6.81%     -   94s
H    0     0                    10955.000000 11700.0000  6.80%     -   94s
H    0     0                    10993.000000 11700.0000  6.43%     -   94s
H    0     0                    10994.000000 11700.0000  6.42%     -   94s
H    0     0                    11027.000000 11700.0000  6.10%     -   94s
     0     0 11700.0000    0 37793 11027.0000 11700.0000  6.10%     -   94s
H    0     0                    11059.000000 11700.0000  5.80%     -  131s
H    0     0                    11077.000000 11700.0000  5.62%     -  131s
H    0     0                    11079.000000 11700.0000  5.61%     -  131s
H    0     0                    11080.000000 11700.0000  5.60%     -  131s
H    0     0                    11100.000000 11700.0000  5.41%     -  131s
H    0     0                    11115.000000 11700.0000  5.26%     -  131s
H    0     0                    11142.000000 11700.0000  5.01%     -  131s
H    0     0                    11155.000000 11700.0000  4.89%     -  131s
H    0     0                    11163.000000 11700.0000  4.81%     -  131s
H    0     0                    11185.000000 11700.0000  4.60%     -  131s
H    0     0                    11199.000000 11700.0000  4.47%     -  131s
H    0     0                    11202.000000 11700.0000  4.45%     -  131s
H    0     0                    11205.000000 11700.0000  4.42%     -  131s
H    0     0                    11218.000000 11700.0000  4.30%     -  131s
H    0     0                    11236.000000 11700.0000  4.13%     -  131s
H    0     0                    11246.000000 11700.0000  4.04%     -  131s
H    0     0                    11256.000000 11700.0000  3.94%     -  131s
H    0     0                    11259.000000 11700.0000  3.92%     -  131s
H    0     0                    11277.000000 11700.0000  3.75%     -  131s
H    0     0                    11284.000000 11700.0000  3.69%     -  131s
H    0     0                    11297.000000 11700.0000  3.57%     -  131s
H    0     0                    11298.000000 11700.0000  3.56%     -  131s
H    0     0                    11306.000000 11700.0000  3.48%     -  131s
H    0     0                    11311.000000 11700.0000  3.44%     -  221s
H    0     0                    11312.000000 11700.0000  3.43%     -  221s
H    0     0                    11317.000000 11700.0000  3.38%     -  221s
H    0     0                    11322.000000 11700.0000  3.34%     -  221s
H    0     0                    11326.000000 11700.0000  3.30%     -  221s
H    0     0                    11328.000000 11700.0000  3.28%     -  221s
H    0     0                    11331.000000 11700.0000  3.26%     -  221s
H    0     0                    11334.000000 11700.0000  3.23%     -  221s
H    0     0                    11337.000000 11700.0000  3.20%     -  221s
H    0     0                    11338.000000 11700.0000  3.19%     -  221s
H    0     0                    11339.000000 11700.0000  3.18%     -  221s
H    0     0                    11343.000000 11700.0000  3.15%     -  221s
H    0     0                    11344.000000 11700.0000  3.14%     -  221s
H    0     0                    11347.000000 11700.0000  3.11%     -  221s
H    0     0                    11348.000000 11700.0000  3.10%     -  221s
H    0     0                    11350.000000 11700.0000  3.08%     -  221s
     0     0 11700.0000    0 37408 11350.0000 11700.0000  3.08%     -  221s
H    0     0                    11352.000000 11700.0000  3.07%     -  245s
     0     0 11700.0000    0 37408 11352.0000 11700.0000  3.07%     -  299s
     0     2 11700.0000    0 37408 11352.0000 11700.0000  3.07%     -  456s
     1     4 11700.0000    1 36436 11352.0000 11700.0000  3.07% 49412  469s
     3     8 11700.0000    2 31076 11352.0000 11700.0000  3.07% 32875  484s
     7    16 11700.0000    3 26579 11352.0000 11700.0000  3.07% 26931  488s
    15    32 11700.0000    4 22254 11352.0000 11700.0000  3.07% 23413  492s
    31    64 11700.0000    5 22999 11352.0000 11700.0000  3.07% 21501  497s
H   33    64                    11353.000000 11700.0000  3.06% 20609  497s
    63   124 11700.0000    6 22938 11353.0000 11700.0000  3.06% 20401  521s
H  123   184                    11354.000000 11700.0000  3.05% 19395  544s
H  124   184                    11356.000000 11700.0000  3.03% 19340  544s
   183   244 11700.0000    7 22855 11356.0000 11700.0000  3.03% 17140  547s
   243   304 11700.0000    8 22727 11356.0000 11700.0000  3.03% 15906  550s
H  303   364                    11359.000000 11700.0000  3.00% 15105  587s
   363   424 11700.0000    9 22683 11359.0000 11700.0000  3.00% 14636  610s
H  365   424                    11361.000000 11700.0000  2.98% 14589  610s
H  382   424                    11363.000000 11700.0000  2.97% 14473  610s
   423   808 11700.0000    9 20653 11363.0000 11700.0000  2.97% 14273  623s
   807  1185 11700.0000   11 23374 11363.0000 11700.0000  2.97% 13207  669s
H 1173  1185                    11364.000000 11700.0000  2.96% 12814  669s
  1184  3183 11700.0000   12 22928 11364.0000 11700.0000  2.96% 12819  750s
H 1634  3183                    11365.000000 11700.0000  2.95% 12568  750s
  3182  7701 11700.0000   24 20479 11365.0000 11700.0000  2.95% 12251  908s
H 7700 11353                    11367.000000 11700.0000  2.93% 11992 1040s
H11358 11805                    11369.000000 11700.0000  2.91% 11912 1188s
H11475 11805                    11370.000000 11700.0000  2.90% 11912 1188s
H11548 11805                    11373.000000 11700.0000  2.88% 11911 1188s
 11810 14170 11700.0000   79 21074 11373.0000 11700.0000  2.88% 11906 1308s
H11820 14170                    11374.000000 11700.0000  2.87% 11906 1308s
H11974 14170                    11376.000000 11700.0000  2.85% 11912 1308s
H12032 14170                    11378.000000 11700.0000  2.83% 11913 1308s
H14188 15573                    11379.000000 11700.0000  2.82% 11861 1478s
H14220 15573                    11381.000000 11700.0000  2.80% 11862 1478s
H14240 15573                    11382.000000 11700.0000  2.79% 11862 1478s
 15602 20959 11700.0000  108 20494 11382.0000 11700.0000  2.79% 11840 1661s
H15664 20959                    11383.000000 11700.0000  2.78% 11842 1661s
H15797 20959                    11384.000000 11700.0000  2.78% 11846 1661s
H15928 20959                    11386.000000 11700.0000  2.76% 11849 1661s
 21005 20960 11700.0000   28 29370 11386.0000 11700.0000  2.76% 11773 1694s
 21007 20961 11700.0000  299 14057 11386.0000 11700.0000  2.76% 11772 1697s
 21008 20962 11700.0000   46 13094 11386.0000 11700.0000  2.76% 11771 1701s
 21010 20963 11700.0000  213 12821 11386.0000 11700.0000  2.76% 11770 1710s
 21012 20965 11700.0000   29 12314 11386.0000 11700.0000  2.76% 11769 1727s
 21013 20965 11700.0000  286 10764 11386.0000 11700.0000  2.76% 11768 1732s
 21014 20966 11700.0000  132 10764 11386.0000 11700.0000  2.76% 11768 1739s
 21015 20970 11700.0000   10 15551 11386.0000 11700.0000  2.76% 11800 1747s
 21045 21020 11700.0000   14 15363 11386.0000 11700.0000  2.76% 11813 1751s
 21137 21109 11700.0000   16 15449 11386.0000 11700.0000  2.76% 11828 1763s
H21164 20051                    11387.000000 11700.0000  2.75% 11824 1763s
 21257 20140 11700.0000   17 15491 11387.0000 11700.0000  2.75% 11830 2212s
 21317 20180 11700.0000   17 15471 11387.0000 11700.0000  2.75% 11848 2216s
 21377 20220 11700.0000   18 15549 11387.0000 11700.0000  2.75% 11864 2220s
 21557 20340 11700.0000   19 15472 11387.0000 11700.0000  2.75% 11863 2347s
H21597 19331                    11388.000000 11700.0000  2.74% 11858 2347s
H21617 18438                    11389.000000 11700.0000  2.73% 11855 5001s
H21647 17529                    11390.000000 11700.0000  2.72% 11863 5002s
 21677 18456 11700.0000   20 15510 11390.0000 11700.0000  2.72% 11871 5055s
 22614 18804 11700.0000   28 15837 11390.0000 11700.0000  2.72% 12060 5187s
 23274 28323 11700.0000   33 15945 11390.0000 11700.0000  2.72% 11976 5439s
 33054 25123 11700.0000  115 14431 11390.0000 11700.0000  2.72% 11297 5610s
 33114 32666 11699.8333  115 14653 11390.0000 11700.0000  2.72% 11292 5710s
 40841 30147 infeasible  173      11390.0000 11700.0000  2.72% 10680 5911s
 40902 31834 11699.8333  174 13105 11390.0000 11700.0000  2.72% 10676 5976s
H41827 30671                    11391.000000 11700.0000  2.71% 10602 5976s
 42750 30421 11700.0000  186 12625 11391.0000 11700.0000  2.71% 10530 7466s
H42758 29607                    11392.000000 11700.0000  2.70% 10529 7466s
 42812 29648 11700.0000  186 12641 11392.0000 11700.0000  2.70% 10525 11626s
H42814 28876                    11394.000000 11700.0000  2.69% 10525 11626s
 42873 30094 11698.8333  187 12989 11394.0000 11700.0000  2.69% 10520 11710s
 44112 37378 11698.8333  195 12883 11394.0000 11700.0000  2.69% 10581 11866s
H44212 36612                    11395.000000 11700.0000  2.68% 10577 11866s
H45223 35579                    11396.000000 11700.0000  2.67% 10513 11866s
H51809 32783                    11397.000000 11700.0000  2.66% 10130 12034s
H51810 32156                    11398.000000 11700.0000  2.65% 10130 12034s
 51869 33495 11698.8333  246 12838 11398.0000 11700.0000  2.65% 10133 12118s
 53228 40081 11698.8333  255 12683 11398.0000 11700.0000  2.65% 10152 12272s
H58831 38895                    11399.000000 11700.0000  2.64%  9881 12272s
 60267 38955 11697.6667  304 12418 11399.0000 11700.0000  2.64%  9812 12398s
 60327 44402 11697.6667  304 12421 11399.0000 11700.0000  2.64%  9810 12487s
 65774 44462 11697.6667  348 11873 11399.0000 11700.0000  2.64%  9607 12613s
 65834 49938 11697.6667  349 11788 11399.0000 11700.0000  2.64%  9605 12702s
 71310 49998 11697.6667  393 12045 11399.0000 11700.0000  2.64%  9434 12863s
 71370 55955 11696.6667  394 12481 11399.0000 11700.0000  2.64%  9432 12990s
 77327 56015 11697.3333  439 12022 11399.0000 11700.0000  2.64%  9258 13120s
 77387 61864 11697.3333  440 11996 11399.0000 11700.0000  2.64%  9257 13216s
 83282 61921 11695.6667  463 12075 11399.0000 11700.0000  2.64%  9081 13367s
 83345 67096 11695.5000  464 12712 11399.0000 11700.0000  2.64%  9079 13507s
 89515 67147 11693.6667  497 13018 11399.0000 11700.0000  2.64%  8924 13685s
 89584 72537 11693.6667  497 13010 11399.0000 11700.0000  2.64%  8923 13804s
 95432 72597 11691.3000  538 12966 11399.0000 11700.0000  2.64%  8906 13932s
 95492 78292 11691.1333  539 12949 11399.0000 11700.0000  2.64%  8905 14039s
H101187 78351                    11400.000000 11700.0000  2.63%  8881 17319s
H101199 78306                    11402.000000 11700.0000  2.61%  8881 17319s
H101200 78255                    11403.000000 11700.0000  2.60%  8881 17319s
 101247 79827 11686.8333  572 13407 11403.0000 11700.0000  2.60%  8881 17432s
H101331 79793                    11404.000000 11700.0000  2.60%  8883 17432s
H101832 79753                    11405.000000 11700.0000  2.59%  8898 17432s
 102819 87271 11685.1333  579 12440 11405.0000 11700.0000  2.59%  8923 17576s
H102931 87220                    11406.000000 11700.0000  2.58%  8924 17576s
H106051 87169                    11407.000000 11700.0000  2.57%  8906 17577s
H106594 87123                    11408.000000 11700.0000  2.56%  8903 17577s
H109649 87076                    11409.000000 11700.0000  2.55%  8881 17577s
 110337 87136 11675.5833  624 12129 11409.0000 11700.0000  2.55%  8879 17702s
H110341 87083                    11410.000000 11700.0000  2.54%  8878 17702s
 110397 91952 11675.5833  624 12132 11410.0000 11700.0000  2.54%  8878 17842s
 115266 92012 11671.4167  647 14513 11410.0000 11700.0000  2.54%  8867 17967s
 115326 100482 11671.5833  647 12350 11410.0000 11700.0000  2.54%  8866 18136s
 123800 100541 11658.6833  699 12369 11410.0000 11700.0000  2.54%  8824 18266s
H123830 100494                    11411.000000 11700.0000  2.53%  8824 18266s
 123861 103351 11658.6833  699 12355 11411.0000 11700.0000  2.53%  8824 18381s
H126458 103300                    11412.000000 11700.0000  2.52%  8815 18381s
 126801 103352 11654.1833  720 13033 11412.0000 11700.0000  2.52%  8813 21905s
H126803 103298                    11413.000000 11700.0000  2.51%  8813 21905s
H126807 103256                    11414.000000 11700.0000  2.51%  8813 21905s
H126835 103209                    11415.000000 11700.0000  2.50%  8813 21905s
H126837 102823                    11422.000000 11700.0000  2.43%  8813 21905s
H126865 104163                    11423.000000 11700.0000  2.42%  8813 22128s
H126888 103859                    11429.000000 11700.0000  2.37%  8814 22128s
H126912 103644                    11433.000000 11700.0000  2.34%  8814 22128s
H127104 103457                    11437.000000 11700.0000  2.30%  8818 22128s
H127586 103375                    11439.000000 11700.0000  2.28%  8822 22128s
 128290 111726 11647.5167  733 12502 11439.0000 11700.0000  2.28%  8831 22392s
H128293 111686                    11440.000000 11700.0000  2.27%  8831 22392s
H128457 111616                    11441.000000 11700.0000  2.26%  8833 22392s
H128861 111567                    11442.000000 11700.0000  2.25%  8835 22392s
H129224 111509                    11443.000000 11700.0000  2.25%  8836 22392s
H137397 111000                    11447.000000 11700.0000  2.21%  8815 24913s
H137398 110810                    11449.000000 11700.0000  2.19%  8815 24913s
H137405 110566                    11452.000000 11700.0000  2.17%  8815 24913s
H137429 110494                    11453.000000 11700.0000  2.16%  8815 24913s
 137460 112044 11644.0167  784 12079 11453.0000 11700.0000  2.16%  8815 26937s
H137486 111863                    11455.000000 11700.0000  2.14%  8816 26937s
H137702 111633                    11457.000000 11700.0000  2.12%  8821 26938s
 139083 119031 11640.6833  797 12055 11457.0000 11700.0000  2.12%  8847 27243s
H139107 118812                    11459.000000 11700.0000  2.10%  8847 27243s
H142762 118694                    11460.000000 11700.0000  2.09%  8833 27243s
H146839 118487                    11462.000000 11700.0000  2.08%  8826 30438s
H146862 118136                    11465.000000 11700.0000  2.05%  8826 30438s
H146904 118020                    11466.000000 11700.0000  2.04%  8826 30438s
 146905 122046 11635.7667  819 11758 11466.0000 11700.0000  2.04%  8826 30837s
H146930 121954                    11467.000000 11700.0000  2.03%  8826 30837s
H146971 121853                    11468.000000 11700.0000  2.02%  8827 30837s
H147057 121754                    11469.000000 11700.0000  2.01%  8829 30837s
H147110 121655                    11470.000000 11700.0000  2.01%  8829 30837s
H147278 121395                    11472.000000 11700.0000  1.99%  8832 30837s
H150967 121278                    11473.000000 11700.0000  1.98%  8864 30837s
 151000 139032 11632.6833  839 11626 11473.0000 11700.0000  1.98%  8864 31245s
H153392 138893                    11474.000000 11700.0000  1.97%  8860 31245s
H168940 140604                    11476.000000 11700.0000  1.95%  8792 31413s
H169030 140460                    11477.000000 11700.0000  1.94%  8792 31413s
H170017 140327                    11478.000000 11700.0000  1.93%  8786 31413s
 170935 155977 11614.2333 1000 12112 11478.0000 11700.0000  1.93%  8781 31745s
H185350 155845                    11479.000000 11700.0000  1.93%  8734 31745s
 187940 155893 11599.9000 1107 12016 11479.0000 11700.0000  1.93%  8732 31885s
H187962 155687                    11480.000000 11700.0000  1.92%  8732 31885s
 188011 157278 11599.9000 1107 12021 11480.0000 11700.0000  1.92%  8732 35156s
H188091 157065                    11481.000000 11700.0000  1.91%  8732 35156s
H188794 156870                    11482.000000 11700.0000  1.90%  8731 35156s
H189172 156629                    11483.000000 11700.0000  1.89%  8730 35156s
 189633 168519 11598.0667 1121 12245 11483.0000 11700.0000  1.89%  8729 35510s
H189657 168339                    11484.000000 11700.0000  1.88%  8729 35510s
 201725 184561 11576.2333 1176 12447 11484.0000 11700.0000  1.88%  8700 35851s
 218348 184620 11566.4000 1285 11918 11484.0000 11700.0000  1.88%  8649 35981s
H218360 184435                    11485.000000 11700.0000  1.87%  8649 35981s
 218409 197043 11565.9000 1286 11976 11485.0000 11700.0000  1.87%  8649 36240s
 231947 197099 11552.9000 1345 12094 11485.0000 11700.0000  1.87%  8615 36371s
 232011 207615 11551.0667 1345 12114 11485.0000 11700.0000  1.87%  8615 36580s
 242718 207675 11544.7333 1396 11990 11485.0000 11700.0000  1.87%  8590 36710s
 242778 217388 11544.7333 1396 11978 11485.0000 11700.0000  1.87%  8590 36905s
 252972 217446 11540.0667 1443 11625 11485.0000 11700.0000  1.87%  8565 37037s
 253033 226785 11540.9000 1443 11606 11485.0000 11700.0000  1.87%  8565 37229s
 262959 226843 11529.6500 1489 11433 11485.0000 11700.0000  1.87%  8543 37361s
 263021 235459 11529.1500 1489 11436 11485.0000 11700.0000  1.87%  8542 37547s
 272288 235518 11516.9833 1537 11324 11485.0000 11700.0000  1.87%  8534 37677s
 272349 245019 11515.6500 1538 11315 11485.0000 11700.0000  1.87%  8534 37865s
 282283 245076 11501.8167 1584 11156 11485.0000 11700.0000  1.87%  8514 37995s
 282346 254404 11501.8167 1584 11207 11485.0000 11700.0000  1.87%  8514 38182s
 292292 254458 11487.5833 1626 11006 11485.0000 11700.0000  1.87%  8491 38314s
 292357 255961 11487.5833 1627 11003 11485.0000 11700.0000  1.87%  8491 41478s
 293979 262235 11700.0000   24 14831 11485.0000 11700.0000  1.87%  8490 41727s
 300570 278777 11697.8333  151 14978 11485.0000 11700.0000  1.87%  8483 42094s
 317466 278837 11644.4667  450 11373 11485.0000 11700.0000  1.87%  8454 42227s
 317526 291614 11644.4667  451 11373 11485.0000 11700.0000  1.87%  8454 42492s
 330573 291674 11533.4389  707 14423 11485.0000 11700.0000  1.87%  8430 42624s
 330633 302562 11533.4389  708 14426 11485.0000 11700.0000  1.87%  8430 42844s
 341766 302621 11694.0000  147 13620 11485.0000 11700.0000  1.87%  8402 42975s
 341827 312540 11694.0000  148 13621 11485.0000 11700.0000  1.87%  8402 43175s
 352259 312598 11668.5000  352 11625 11485.0000 11700.0000  1.87%  8379 43306s
 352321 322188 11668.5000  353 11602 11485.0000 11700.0000  1.87%  8379 43494s
 357753 322188 11640.6000 1001 11448 11485.0000 11700.0000  1.87%  8373 43495s
 362470 322245 11613.8333  556 11639 11485.0000 11700.0000  1.87%  8362 43625s
 362533 332371 11613.6667  557 11685 11485.0000 11700.0000  1.87%  8362 43795s
 373160 332431 11519.9667  768 11675 11485.0000 11700.0000  1.87%  8353 43928s
 373220 342295 11519.9667  769 11675 11485.0000 11700.0000  1.87%  8353 44089s
 383438 342355 11699.5000  209 12217 11485.0000 11700.0000  1.87%  8346 44218s
 383498 351680 11699.5000  208 12427 11485.0000 11700.0000  1.87%  8346 44375s
 393397 351740 11698.0000  259 11465 11485.0000 11700.0000  1.87%  8336 47143s
H393410 351479                    11486.000000 11700.0000  1.86%  8336 47143s
H393449 350734                    11487.000000 11700.0000  1.85%  8336 47143s
 393457 358850 11698.1667  256 11568 11487.0000 11700.0000  1.85%  8336 47307s
H394114 358096                    11488.000000 11700.0000  1.85%  8337 47307s
H394907 357369                    11489.000000 11700.0000  1.84%  8336 47307s
 401885 357415 11697.0000  297 11572 11489.0000 11700.0000  1.84%  8326 47435s
 401945 365923 11697.0000  298 11534 11489.0000 11700.0000  1.84%  8326 47607s
H405233 365242                    11490.000000 11700.0000  1.83%  8322 47607s
 410505 365302 11694.6667  359 11078 11490.0000 11700.0000  1.83%  8317 47739s
 410565 374414 11694.6667  360 11053 11490.0000 11700.0000  1.83%  8316 47930s
 419733 374474 11693.5000  395 11255 11490.0000 11700.0000  1.83%  8299 48054s
 419793 384507 11693.3333  396 11664 11490.0000 11700.0000  1.83%  8299 48241s
 430172 384567 11689.5000  429 10870 11490.0000 11700.0000  1.83%  8287 48368s
 430232 394371 11688.1667  430 11092 11490.0000 11700.0000  1.83%  8287 48543s
 440168 394431 11684.6667  455 10817 11490.0000 11700.0000  1.83%  8274 48667s
H440213 393787                    11491.000000 11700.0000  1.82%  8273 48667s
 440228 403437 11684.6667  456 10823 11491.0000 11700.0000  1.82%  8273 48839s
 449944 403497 11678.8333  487 11717 11491.0000 11700.0000  1.82%  8261 48969s
H449958 402877                    11492.000000 11700.0000  1.81%  8261 48969s
 450004 412154 11680.5000  488 11686 11492.0000 11700.0000  1.81%  8261 49139s
H450418 411464                    11493.000000 11700.0000  1.80%  8261 49139s
 459511 411524 11677.6667  517 11021 11493.0000 11700.0000  1.80%  8251 49266s
 459571 420631 11677.8056  517 11701 11493.0000 11700.0000  1.80%  8250 49434s
 468732 420691 11676.3333  558 11348 11493.0000 11700.0000  1.80%  8239 52338s
H468746 420034                    11494.000000 11700.0000  1.79%  8239 52338s
H468784 419305                    11495.000000 11700.0000  1.78%  8239 52338s
 468792 427390 11676.3333  558 11354 11495.0000 11700.0000  1.78%  8239 52524s
 476893 427450 11671.1667  585 11220 11495.0000 11700.0000  1.78%  8232 52651s
H476913 426730                    11496.000000 11700.0000  1.77%  8232 52651s
 476953 435412 11671.0000  585 11217 11496.0000 11700.0000  1.77%  8232 52857s
 485730 435472 11668.5000  635 11283 11496.0000 11700.0000  1.77%  8224 52984s
 485790 444655 11668.3333  633 11339 11496.0000 11700.0000  1.77%  8224 53195s
 495161 444715 11663.1667  666 11263 11496.0000 11700.0000  1.77%  8214 53321s
 495221 455276 11658.3333  667 11297 11496.0000 11700.0000  1.77%  8214 53519s
 505782 455336 11659.5000  698 11346 11496.0000 11700.0000  1.77%  8204 53643s
 505842 465137 11660.8333  696 11307 11496.0000 11700.0000  1.77%  8204 53833s
 515663 465197 11658.0000  715 11392 11496.0000 11700.0000  1.77%  8193 53961s
 515723 474765 11658.1667  715 11373 11496.0000 11700.0000  1.77%  8193 54150s
 525431 474825 11653.9667  752 11595 11496.0000 11700.0000  1.77%  8181 54273s
H525441 474131                    11497.000000 11700.0000  1.77%  8181 54273s
 525491 483309 11653.8333  753 11572 11497.0000 11700.0000  1.77%  8181 54457s
 534733 483369 11653.5000  765 11475 11497.0000 11700.0000  1.77%  8171 54584s
 534793 492867 11653.5000  764 11334 11497.0000 11700.0000  1.77%  8171 54771s
 544413 492927 11648.3333  787 11432 11497.0000 11700.0000  1.77%  8160 57946s
H544434 492229                    11498.000000 11700.0000  1.76%  8160 57946s
 544473 500837 11651.1667  788 11304 11498.0000 11700.0000  1.76%  8160 58147s
 553083 500897 11648.0000  804 11307 11498.0000 11700.0000  1.76%  8150 58273s
 553143 509566 11647.8333  805 11285 11498.0000 11700.0000  1.76%  8150 58484s
 562142 509626 11643.8333  827 11259 11498.0000 11700.0000  1.76%  8141 58612s
 562202 518314 11642.8333  823 11313 11498.0000 11700.0000  1.76%  8141 58832s
 571018 518374 11642.1667  843 11215 11498.0000 11700.0000  1.76%  8135 58956s
 571078 528335 11642.0000  844 11389 11498.0000 11700.0000  1.76%  8135 59170s
 581101 528395 11639.7500  870 11529 11498.0000 11700.0000  1.76%  8130 59297s
 581161 538257 11639.8333  870 11558 11498.0000 11700.0000  1.76%  8130 59510s
 591075 538317 11634.1667  892 11438 11498.0000 11700.0000  1.76%  8120 59636s
 591135 547685 11634.1667  893 11438 11498.0000 11700.0000  1.76%  8120 59842s
 600871 547743 11628.1667  914 11146 11498.0000 11700.0000  1.76%  8110 59970s
 600933 557355 11631.1667  914 11328 11498.0000 11700.0000  1.76%  8110 60172s
 610881 557411 11627.6667  940 11195 11498.0000 11700.0000  1.76%  8103 60296s
 610945 566579 11626.0000  939 11231 11498.0000 11700.0000  1.76%  8103 60495s
 620269 566639 11624.1667  964 10942 11498.0000 11700.0000  1.76%  8102 63749s
H620327 565926                    11499.000000 11700.0000  1.75%  8102 63749s
 620329 574766 11623.3333  964 10930 11499.0000 11700.0000  1.75%  8102 63965s
 629353 574826 11621.3333  996 10756 11499.0000 11700.0000  1.75%  8096 64096s
 629413 584011 11621.5000  990 10834 11499.0000 11700.0000  1.75%  8096 64319s
 638662 584071 11618.8333 1019 10810 11499.0000 11700.0000  1.75%  8091 64443s
 638722 590187 11618.6667 1020 10799 11499.0000 11700.0000  1.75%  8091 64644s
 644922 590246 11606.9667 1051 11146 11499.0000 11700.0000  1.75%  8086 68094s
H644934 589433                    11500.000000 11700.0000  1.74%  8086 68095s
 644983 600205 11616.6333 1052 10828 11500.0000 11700.0000  1.74%  8086 68363s
 655938 600264 11614.3000 1063 11018 11500.0000 11700.0000  1.74%  8077 71754s
 655999 610698 11614.6333 1067 10997 11500.0000 11700.0000  1.74%  8077 72012s
 666690 610757 11612.3000 1104 10967 11500.0000 11700.0000  1.74%  8068 75982s
 666751 620620 11612.1333 1105 10966 11500.0000 11700.0000  1.74%  8068 76228s
 676793 620676 11609.9667 1134 10891 11500.0000 11700.0000  1.74%  8065 76354s
