
Gurobi 10.0.3 (linux64) logging started Sun Sep  1 12:03:14 2024

Set parameter LogFile to value "fwd/logs/w6-k3-s2.log"

Gurobi 10.0.3 (linux64) logging started Sun Sep  1 12:03:14 2024

Set parameter LogFile to value "fwd/logs/w6-k3-s2.log"
Gurobi Optimizer version 10.0.3 build v10.0.3rc0 (linux64)

CPU model: AMD EPYC 7742 64-Core Processor, instruction set [SSE2|AVX|AVX2]
Thread count: 64 physical cores, 128 logical processors, using up to 128 threads

Academic license 2533279 - for non-commercial use only - registered to bl___@rice.edu
Optimize a model with 669 rows, 768 columns and 7965 nonzeros
Model fingerprint: 0x999a7fa3
Model has 1024 general constraints
Variable types: 0 continuous, 768 integer (512 binary)
Coefficient statistics:
  Matrix range     [1e+00, 1e+00]
  Objective range  [1e+00, 1e+00]
  Bounds range     [1e+00, 5e+00]
  RHS range        [1e+00, 3e+00]
  GenCon rhs range [1e+00, 1e+00]
  GenCon coe range [1e+00, 1e+00]

Concurrent MIP optimizer: 64 concurrent instances (2 threads per instance)


User MIP start produced solution with objective 134 (0.08s)
Loaded user MIP start with objective 134

Presolve added 1468 rows and 1017 columns
Presolve time: 0.03s
Presolved: 2137 rows, 1785 columns, 11355 nonzeros
Presolved model has 510 SOS constraint(s)
Variable types: 0 continuous, 1785 integer (510 binary)
Root relaxation presolved: 2137 rows, 1785 columns, 11355 nonzeros

Concurrent LP optimizer: dual simplex and barrier
Showing barrier log only...

Root barrier log...

Ordering time: 0.09s

Barrier statistics:
 AA' NZ     : 3.936e+04
 Factor NZ  : 3.250e+05 (roughly 4 MB of memory)
 Factor Ops : 1.276e+08 (less than 1 second per iteration)
 Threads    : 1

                  Objective                Residual
Iter       Primal          Dual         Primal    Dual     Compl     Time
   0   9.10540736e+02 -8.18440852e+02  1.55e+00 1.88e-03  7.60e-01     0s
   1   2.49032010e+02 -1.72393295e+02  1.68e-01 3.44e-05  9.28e-02     0s
   2   1.40692520e+02  7.77845422e+01  2.76e-02 3.12e-06  1.18e-02     0s
   3   1.22033757e+02  1.17920340e+02  1.67e-03 9.02e-08  7.29e-04     0s
   4   1.21343788e+02  1.19214487e+02  6.42e-04 1.06e-07  3.96e-04     0s
   5   1.21038270e+02  1.20708418e+02  1.84e-04 7.04e-09  5.31e-05     0s
   6   1.20920563e+02  1.20867660e+02  1.11e-05 8.41e-10  1.03e-05     0s
   7   1.20909418e+02  1.20905345e+02  5.89e-07 4.78e-11  8.17e-07     0s
   8   1.20908412e+02  1.20908281e+02  3.83e-09 1.63e-13  2.83e-08     0s
   9   1.20908318e+02  1.20908318e+02  2.90e-11 2.06e-15  2.87e-11     0s

Barrier solved model in 9 iterations and 0.49 seconds (0.14 work units)
Optimal objective 1.20908318e+02


Solved with barrier

Root relaxation: objective 1.209083e+02, 1190 iterations, 0.44 seconds (0.18 work units)

    Nodes    |    Current Node    |     Objective Bounds      |     Work
 Expl Unexpl |  Obj  Depth IntInf | Incumbent    BestBd   Gap | It/Node Time

     0     0      -    -    -      134.00000  120.90832  9.77%     -    0s
     0     0      -    -    -      134.00000  120.90832  9.77%     -    1s
     0     0      -    -    -      134.00000  120.97406  9.72%     -    1s
     0     0      -    -    -      134.00000  121.46075  9.36%     -    3s
     0     0      -    -    -      134.00000  121.46973  9.35%     -    3s
     0     0      -    -    -      134.00000  121.46973  9.35%     -    3s
     0     0      -    -    -      134.00000  121.98129  8.97%     -    4s
     0     0      -    -    -      134.00000  121.98129  8.97%     -    5s
     0     0      -    -    -      134.00000  121.98129  8.97%     -    5s
     0     0      -    -    -      134.00000  121.98129  8.97%     -    6s
     0     2      -    -    -      132.00000  121.98129  7.59%     -   10s
     9    12      -    -    -      131.00000  122.09101  6.80%     -   15s
    17    18      -    -    -      130.00000  122.12368  6.06%     -   23s
    22    21      -    -    -      130.00000  122.12368  6.06%     -   25s
    31    27      -    -    -      129.00000  122.12368  5.33%     -   30s
    51    44      -    -    -      129.00000  122.12368  5.33%     -   35s
    76    75      -    -    -      129.00000  122.12368  5.33%     -   44s
    93    88      -    -    -      129.00000  122.12368  5.33%     -   52s
   111   149      -    -    -      129.00000  122.12368  5.33%     -   64s
   178   231      -    -    -      129.00000  122.12368  5.33%     -   75s
   261   356      -    -    -      129.00000  122.12368  5.33%     -   86s
   386   458      -    -    -      129.00000  122.12368  5.33%     -   95s
   503   546      -    -    -      128.00000  122.12368  4.59%     -  104s
   609   613      -    -    -      128.00000  122.12368  4.59%     -  116s
   676   677      -    -    -      128.00000  122.12368  4.59%     -  126s
   740   765      -    -    -      128.00000  122.12368  4.59%     -  138s
   828   849      -    -    -      128.00000  122.12368  4.59%     -  151s
   939   930      -    -    -      128.00000  122.12368  4.59%     -  164s
  1020  1078      -    -    -      128.00000  122.12368  4.59%     -  179s
  1168  1218      -    -    -      128.00000  122.12368  4.59%     -  193s
  1328  1423      -    -    -      128.00000  122.12368  4.59%     -  209s
  1555  1540      -    -    -      128.00000  122.12368  4.59%     -  223s
  1678  1752      -    -    -      128.00000  122.12368  4.59%     -  240s
  1955  1889      -    -    -      128.00000  122.12368  4.59%     -  257s
  2124  2031      -    -    -      128.00000  122.12368  4.59%     -  274s
  2287  2223      -    -    -      128.00000  122.12368  4.59%     -  292s
  2521  2341      -    -    -      128.00000  122.12368  4.59%     -  311s
  2657  2481      -    -    -      128.00000  122.12368  4.59%     -  330s
  2827  2600      -    -    -      128.00000  122.12368  4.59%     -  350s
  2988  2721      -    -    -      128.00000  122.12368  4.59%     -  371s
  3129  2895      -    -    -      128.00000  122.12368  4.59%     -  392s
  3303  2653      -    -    -      128.00000  122.12368  4.59%     -  416s
  3640  2706      -    -    -      128.00000  122.12368  4.59%     -  439s
  3816  2853      -    -    -      128.00000  122.12368  4.59%     -  463s
  4038  3033      -    -    -      128.00000  122.12368  4.59%     -  488s
  4236  3414      -    -    -      128.00000  122.12368  4.59%     -  516s
  4683  3528      -    -    -      128.00000  122.12368  4.59%     -  545s
  4838  3339      -    -    -      128.00000  122.12368  4.59%     -  573s
  5054  3556      -    -    -      128.00000  122.12368  4.59%     -  603s
  5334  3713      -    -    -      128.00000  122.12368  4.59%     -  632s
  5537  3898      -    -    -      128.00000  122.12368  4.59%     -  662s
  5778  3997      -    -    -      128.00000  122.12368  4.59%     -  695s
  5913  4208      -    -    -      128.00000  122.12368  4.59%     -  726s
  6182  4355      -    -    -      128.00000  122.12368  4.59%     -  757s
  6342  4525      -    -    -      128.00000  122.12368  4.59%     -  788s
  6592  4700      -    -    -      128.00000  122.12368  4.59%     -  820s
  6804  4748      -    -    -      128.00000  122.12368  4.59%     -  853s
  6852  4961      -    -    -      128.00000  122.12368  4.59%     -  885s
  7144  5071      -    -    -      128.00000  122.12368  4.59%     -  919s
  7292  5221      -    -    -      128.00000  122.12368  4.59%     -  951s
  7498  5340      -    -    -      128.00000  122.12368  4.59%     -  984s
  7627  5467      -    -    -      128.00000  122.12368  4.59%     - 1020s
  7851  5603      -    -    -      128.00000  122.12368  4.59%     - 1054s
  8036  5782      -    -    -      128.00000  122.12368  4.59%     - 1089s
  8282  5879      -    -    -      128.00000  122.12368  4.59%     - 1124s
  8420  6025      -    -    -      128.00000  122.12368  4.59%     - 1159s
  8606  6151      -    -    -      128.00000  122.12368  4.59%     - 1196s
  8750  6409      -    -    -      128.00000  122.12368  4.59%     - 1231s
  9058  6542      -    -    -      128.00000  122.12368  4.59%     - 1267s
  9191  6720      -    -    -      128.00000  122.12368  4.59%     - 1304s
  9439  6957      -    -    -      128.00000  122.12368  4.59%     - 1340s
  9738  7064      -    -    -      128.00000  122.12368  4.59%     - 1377s
  9867  7247      -    -    -      128.00000  122.12368  4.59%     - 1415s
 10120  7461      -    -    -      128.00000  122.12368  4.59%     - 1452s
 10361  7690      -    -    -      128.00000  122.12368  4.59%     - 1489s
 10667  7772      -    -    -      128.00000  122.12368  4.59%     - 1527s
 10777  7867      -    -    -      128.00000  122.12368  4.59%     - 1566s
 10890  8168      -    -    -      128.00000  122.12368  4.59%     - 1605s
 11235  8390      -    -    -      128.00000  122.12368  4.59%     - 1644s
 11535  8574      -    -    -      128.00000  122.12368  4.59%     - 1681s
 11783  8654      -    -    -      128.00000  122.12368  4.59%     - 1720s
 11865  8843      -    -    -      128.00000  122.12368  4.59%     - 1758s
 12132  8949      -    -    -      128.00000  122.12368  4.59%     - 1796s
 12288  9029      -    -    -      128.00000  122.12368  4.59%     - 1838s
 12404  9143      -    -    -      128.00000  122.12368  4.59%     - 1878s
 12544  9321      -    -    -      128.00000  122.12368  4.59%     - 1920s
 12798  9431      -    -    -      128.00000  122.12368  4.59%     - 1962s
 12972  9608      -    -    -      128.00000  122.12368  4.59%     - 2003s
 13197  9805      -    -    -      128.00000  122.12368  4.59%     - 2044s
 13408 10012      -    -    -      128.00000  122.12368  4.59%     - 2085s
 13698 10113      -    -    -      128.00000  122.12368  4.59%     - 2126s
 13833 10316      -    -    -      128.00000  122.12368  4.59%     - 2168s
 14099 10539      -    -    -      128.00000  122.12368  4.59%     - 2209s
 14408 10849      -    -    -      128.00000  122.12368  4.59%     - 2250s
 14768 10985      -    -    -      128.00000  122.12368  4.59%     - 2292s
 14964 11151      -    -    -      128.00000  122.12368  4.59%     - 2333s
 15213 11286      -    -    -      128.00000  122.12368  4.59%     - 2376s
 15394 11527      -    -    -      128.00000  122.12368  4.59%     - 2419s
 15679 11657      -    -    -      128.00000  122.12368  4.59%     - 2464s
 15855 11905      -    -    -      128.00000  122.12368  4.59%     - 2507s
 16153 12069      -    -    -      128.00000  122.12368  4.59%     - 2551s
 16355 12253      -    -    -      128.00000  122.12368  4.59%     - 2593s
 16638 12344      -    -    -      128.00000  122.12368  4.59%     - 2637s
 16760 12515      -    -    -      128.00000  122.12368  4.59%     - 2679s
 17021 12635      -    -    -      128.00000  122.12368  4.59%     - 2724s
 17204 12754      -    -    -      128.00000  122.12368  4.59%     - 2767s
 17345 12860      -    -    -      128.00000  122.12368  4.59%     - 2818s
 17451 12866      -    -    -      128.00000  122.12368  4.59%     - 2870s
 17457 12888      -    -    -      128.00000  122.12368  4.59%     - 2924s
 17481 12904      -    -    -      128.00000  122.12368  4.59%     - 2977s
 17516 12939      -    -    -      128.00000  122.12368  4.59%     - 3031s
 17551 12992      -    -    -      128.00000  122.12368  4.59%     - 3088s
 17620 13128      -    -    -      128.00000  122.12368  4.59%     - 3139s
 17808 13244      -    -    -      128.00000  122.12368  4.59%     - 3186s
 17966 13479      -    -    -      128.00000  122.12368  4.59%     - 3233s
 18268 13702      -    -    -      128.00000  122.12368  4.59%     - 3281s
 18547 13775      -    -    -      128.00000  122.12368  4.59%     - 3328s
 18684 13930      -    -    -      128.00000  122.12368  4.59%     - 3378s
 18887 14139      -    -    -      128.00000  122.12368  4.59%     - 3427s
 19174 14342      -    -    -      128.00000  122.12368  4.59%     - 3476s
 19459 14602      -    -    -      128.00000  122.12368  4.59%     - 3526s
 19799 14784      -    -    -      128.00000  122.12368  4.59%     - 3574s
 20076 14896      -    -    -      128.00000  122.12368  4.59%     - 3623s
 20232 15073      -    -    -      128.00000  122.12368  4.59%     - 3672s
 20485 15424      -    -    -      128.00000  122.12368  4.59%     - 3722s
 20925 15612      -    -    -      128.00000  122.12368  4.59%     - 3772s
 21175 15821      -    -    -      128.00000  122.12368  4.59%     - 3821s
 21464 15912      -    -    -      128.00000  122.12368  4.59%     - 3873s
 21579 16104      -    -    -      128.00000  122.12368  4.59%     - 3923s
 21857 16332      -    -    -      128.00000  122.12368  4.59%     - 3972s
 22152 16489      -    -    -      128.00000  122.12368  4.59%     - 4022s
 22337 16676      -    -    -      128.00000  122.12368  4.59%     - 4072s
 22575 17017      -    -    -      128.00000  122.12368  4.59%     - 4122s
 22977 17224      -    -    -      128.00000  122.12368  4.59%     - 4172s
 23207 17385      -    -    -      128.00000  122.12368  4.59%     - 4223s
 23443 17610      -    -    -      128.00000  122.12368  4.59%     - 4272s
 23717 17913      -    -    -      128.00000  122.12368  4.59%     - 4324s
 24053 18066      -    -    -      128.00000  122.12368  4.59%     - 4374s
 24244 18291      -    -    -      128.00000  122.12368  4.59%     - 4425s
 24568 18507      -    -    -      128.00000  122.12368  4.59%     - 4475s
 24832 18663      -    -    -      128.00000  122.12368  4.59%     - 4526s
 25040 18956      -    -    -      128.00000  122.12368  4.59%     - 4577s
 25366 19230      -    -    -      128.00000  122.12368  4.59%     - 4628s
 25710 19441      -    -    -      128.00000  122.12368  4.59%     - 4679s
 25998 19559      -    -    -      128.00000  122.12368  4.59%     - 4730s
 26152 19746      -    -    -      128.00000  122.12368  4.59%     - 4781s
 26415 19960      -    -    -      128.00000  122.12368  4.59%     - 4833s
 26673 20206      -    -    -      128.00000  122.12368  4.59%     - 4884s
 27003 20358      -    -    -      128.00000  122.12368  4.59%     - 4936s
 27191 20507      -    -    -      128.00000  122.12368  4.59%     - 4987s
 27398 20620      -    -    -      128.00000  122.12368  4.59%     - 5040s
 27553 20841      -    -    -      128.00000  122.12368  4.59%     - 5094s
 27875 21157      -    -    -      128.00000  122.12368  4.59%     - 5147s
 28265 21390      -    -    -      128.00000  122.12368  4.59%     - 5200s
 28580 21633      -    -    -      128.00000  122.12368  4.59%     - 5254s
 28927 21670      -    -    -      128.00000  122.12368  4.59%     - 5306s
 28976 21890      -    -    -      128.00000  122.12368  4.59%     - 5361s
 29253 22162      -    -    -      128.00000  122.12368  4.59%     - 5413s
 29615 22439      -    -    -      128.00000  122.12368  4.59%     - 5466s
 30009 22513      -    -    -      128.00000  122.12368  4.59%     - 5519s
 30093 22735      -    -    -      128.00000  122.12368  4.59%     - 5575s
 30400 23049      -    -    -      128.00000  122.12368  4.59%     - 5629s
 30774 23338      -    -    -      128.00000  122.12368  4.59%     - 5684s
 31115 23547      -    -    -      128.00000  122.12368  4.59%     - 5738s
 31380 23823      -    -    -      128.00000  122.12368  4.59%     - 5792s
 31777 23893      -    -    -      128.00000  122.12368  4.59%     - 5844s
 31863 24078      -    -    -      128.00000  122.12368  4.59%     - 5896s
 32114 24316      -    -    -      128.00000  122.12368  4.59%     - 5950s
 32444 24528      -    -    -      128.00000  122.12368  4.59%     - 6003s
 32736 24729      -    -    -      128.00000  122.12368  4.59%     - 6057s
 32991 24909      -    -    -      128.00000  122.12368  4.59%     - 6111s
 33189 25144      -    -    -      128.00000  122.12368  4.59%     - 6167s
