
Gurobi 10.0.3 (linux64) logging started Sun Sep  1 10:46:01 2024

Set parameter LogFile to value "fwd/logs/w6-k1-s2.log"
Set parameter PoolSearchMode to value 2
Set parameter PoolSolutions to value 1
Set parameter Heuristics to value 1
Set parameter PoolGap to value 0
Set parameter Method to value 3
Set parameter ConcurrentMIP to value 64
Set parameter TimeLimit to value 43200
Set parameter Threads to value 128
Set parameter Threads to value 128
Gurobi Optimizer version 10.0.3 build v10.0.3rc0 (linux64)

CPU model: AMD EPYC 7742 64-Core Processor, instruction set [SSE2|AVX|AVX2]
Thread count: 64 physical cores, 128 logical processors, using up to 128 threads

Academic license 2533279 - for non-commercial use only - registered to bl___@rice.edu
Optimize a model with 20 rows, 192 columns and 128 nonzeros
Model fingerprint: 0xd93a3aba
Model has 256 general constraints
Variable types: 0 continuous, 192 integer (128 binary)
Coefficient statistics:
  Matrix range     [1e+00, 1e+00]
  Objective range  [1e+00, 1e+00]
  Bounds range     [1e+00, 5e+00]
  RHS range        [1e+00, 2e+00]
  GenCon rhs range [1e+00, 1e+00]
  GenCon coe range [1e+00, 1e+00]

Concurrent MIP optimizer: 64 concurrent instances (2 threads per instance)


User MIP start produced solution with objective 46 (0.09s)
Loaded user MIP start with objective 46

Presolve added 375 rows and 249 columns
Presolve time: 0.00s
Presolved: 395 rows, 441 columns, 1005 nonzeros
Presolved model has 126 SOS constraint(s)
Variable types: 0 continuous, 441 integer (126 binary)
Root relaxation presolved: 395 rows, 441 columns, 1005 nonzeros


Root relaxation: objective 3.800000e+01, 224 iterations, 0.00 seconds (0.00 work units)

    Nodes    |    Current Node    |     Objective Bounds      |     Work
 Expl Unexpl |  Obj  Depth IntInf | Incumbent    BestBd   Gap | It/Node Time

     0     0      -    -    -       46.00000   38.00000  17.4%     -    0s

Cutting planes:
  Learned: 105

Instance 3 was solved

Explored 1 nodes (1918 simplex iterations) in 0.13 seconds (0.05 work units)
Thread count was 2 (of 128 available processors)

Solution count 1: 38 

Optimal solution found (tolerance 1.00e-04)
Best objective 3.800000000000e+01, best bound 3.800000000000e+01, gap 0.0000%
