
Gurobi 10.0.3 (linux64) logging started Sun Sep  1 10:46:02 2024

Set parameter LogFile to value "fwd/logs/w6-k2-s2.log"

Gurobi 10.0.3 (linux64) logging started Sun Sep  1 10:46:02 2024

Set parameter LogFile to value "fwd/logs/w6-k2-s2.log"
Set parameter Heuristics to value 0.8
Set parameter Heuristics to value 0.8
Gurobi Optimizer version 10.0.3 build v10.0.3rc0 (linux64)

CPU model: AMD EPYC 7742 64-Core Processor, instruction set [SSE2|AVX|AVX2]
Thread count: 64 physical cores, 128 logical processors, using up to 128 threads

Academic license 2533279 - for non-commercial use only - registered to bl___@rice.edu
Optimize a model with 647 rows, 384 columns and 7487 nonzeros
Model fingerprint: 0x3a795330
Model has 512 general constraints
Variable types: 0 continuous, 384 integer (256 binary)
Coefficient statistics:
  Matrix range     [1e+00, 1e+00]
  Objective range  [1e+00, 1e+00]
  Bounds range     [1e+00, 5e+00]
  RHS range        [1e+00, 3e+00]
  GenCon rhs range [1e+00, 1e+00]
  GenCon coe range [1e+00, 1e+00]

Concurrent MIP optimizer: 64 concurrent instances (2 threads per instance)


User MIP start produced solution with objective 78 (0.18s)
Loaded user MIP start with objective 78

Presolve added 684 rows and 505 columns
Presolve time: 0.04s
Presolved: 1331 rows, 889 columns, 9061 nonzeros
Presolved model has 254 SOS constraint(s)
Variable types: 0 continuous, 889 integer (254 binary)
Root relaxation presolved: 1331 rows, 889 columns, 9061 nonzeros

Concurrent LP optimizer: dual simplex and barrier
Showing barrier log only...

Root barrier log...

Ordering time: 0.09s

Barrier statistics:
 AA' NZ     : 5.643e+04
 Factor NZ  : 2.467e+05 (roughly 3 MB of memory)
 Factor Ops : 9.160e+07 (less than 1 second per iteration)
 Threads    : 1

Barrier performed 0 iterations in 0.37 seconds (0.06 work units)
Barrier solve interrupted - model solved by another algorithm


Solved with dual simplex

Root relaxation: objective 6.227064e+01, 1598 iterations, 0.13 seconds (0.10 work units)

    Nodes    |    Current Node    |     Objective Bounds      |     Work
 Expl Unexpl |  Obj  Depth IntInf | Incumbent    BestBd   Gap | It/Node Time

     0     0      -    -    -       78.00000   62.27064  20.2%     -    0s
     0     0      -    -    -       78.00000   62.43240  20.0%     -    0s
     0     0      -    -    -       78.00000   62.44037  19.9%     -    0s
     0     0      -    -    -       78.00000   62.50651  19.9%     -    0s
     0     0      -    -    -       78.00000   62.50780  19.9%     -    0s
     0     0      -    -    -       78.00000   62.55342  19.8%     -    1s
     0     0      -    -    -       78.00000   62.55519  19.8%     -    1s
     0     0      -    -    -       78.00000   62.55643  19.8%     -    1s
     0     0      -    -    -       78.00000   62.55755  19.8%     -    1s
     0     0      -    -    -       78.00000   62.55799  19.8%     -    1s
     0     0      -    -    -       78.00000   62.55800  19.8%     -    1s
     0     0      -    -    -       78.00000   63.37443  18.8%     -    1s
     0     0      -    -    -       78.00000   63.38494  18.7%     -    1s
     0     0      -    -    -       78.00000   63.38837  18.7%     -    1s
     0     0      -    -    -       78.00000   63.38863  18.7%     -    2s
     0     0      -    -    -       78.00000   63.48152  18.6%     -    2s
     0     0      -    -    -       78.00000   63.49135  18.6%     -    2s
     0     0      -    -    -       78.00000   63.49171  18.6%     -    2s
     0     0      -    -    -       78.00000   63.49171  18.6%     -    2s
     0     0      -    -    -       78.00000   63.52736  18.6%     -    2s
     0     0      -    -    -       78.00000   63.52736  18.6%     -    2s
     0     0      -    -    -       78.00000   63.55947  18.5%     -    2s
     0     0      -    -    -       78.00000   63.56323  18.5%     -    2s
     0     0      -    -    -       78.00000   63.56331  18.5%     -    3s
     0     0      -    -    -       78.00000   63.58513  18.5%     -    3s
     0     0      -    -    -       78.00000   63.58608  18.5%     -    3s
     0     0      -    -    -       71.00000   63.58615  10.4%     -    3s
     0     0      -    -    -       71.00000   63.59682  10.4%     -    3s
     0     0      -    -    -       71.00000   63.59885  10.4%     -    3s
     0     0      -    -    -       71.00000   63.59899  10.4%     -    3s
     0     0      -    -    -       71.00000   63.61472  10.4%     -    3s
     0     0      -    -    -       71.00000   63.61696  10.4%     -    3s
     0     0      -    -    -       71.00000   63.69254  10.3%     -    4s
     0     0      -    -    -       71.00000   63.69254  10.3%     -    4s
     0     0      -    -    -       70.00000   63.69254  9.01%     -    4s
     0     0      -    -    -       70.00000   63.69254  9.01%     -    4s
     0     0      -    -    -       70.00000   63.69254  9.01%     -    4s
     0     0      -    -    -       70.00000   63.69254  9.01%     -    4s
     0     0      -    -    -       70.00000   63.69254  9.01%     -    4s
     0     0      -    -    -       69.00000   63.69254  7.69%     -    4s
     0     0      -    -    -       69.00000   63.72927  7.64%     -    4s
     0     0      -    -    -       69.00000   63.72927  7.64%     -    5s
     0     0      -    -    -       69.00000   63.72927  7.64%     -    5s
     0     0      -    -    -       68.00000   63.72927  6.28%     -    5s
     0     2      -    -    -       68.00000   63.75513  6.24%     -    7s
    21    31      -    -    -       67.00000   63.75524  4.84%     -   10s
    69    70      -    -    -       67.00000   63.75524  4.84%     -   15s
    89    78      -    -    -       67.00000   63.75524  4.84%     -   20s
   151   125      -    -    -       67.00000   63.75524  4.84%     -   25s
   308   200      -    -    -       67.00000   63.75524  4.84%     -   30s
   476   334      -    -    -       67.00000   63.88700  4.65%     -   35s
   656   468      -    -    -       67.00000   63.90613  4.62%     -   40s
   795   546      -    -    -       67.00000   63.91429  4.61%     -   45s
   960   648      -    -    -       67.00000   63.93574  4.57%     -   50s
  1106   751      -    -    -       67.00000   63.96271  4.53%     -   55s
  1296   865      -    -    -       67.00000   63.98027  4.51%     -   61s
  1467   974      -    -    -       67.00000   64.00700  4.47%     -   66s
  1654  1075      -    -    -       67.00000   64.02160  4.45%     -   71s
  1761  1123      -    -    -       67.00000   64.02160  4.45%     -   75s
  1835  1180      -    -    -       67.00000   64.02160  4.45%     -   81s
  1891  1219      -    -    -       67.00000   64.02868  4.43%     -   85s
  2030  1275      -    -    -       67.00000   64.02868  4.43%     -   90s
  2079  1277      -    -    -       67.00000   64.03108  4.43%     -   95s
  2083  1311      -    -    -       67.00000   64.03108  4.43%     -  100s
  2193  1367      -    -    -       67.00000   64.03192  4.43%     -  107s
  2252  1379      -    -    -       67.00000   64.03201  4.43%     -  113s
  2282  1423      -    -    -       67.00000   64.03988  4.42%     -  116s
  2360  1454      -    -    -       67.00000   64.04221  4.41%     -  121s
  2528  1544      -    -    -       67.00000   64.06123  4.39%     -  128s
  2593  1544      -    -    -       67.00000   64.06827  4.38%     -  138s
  2597  1573      -    -    -       67.00000   64.06827  4.38%     -  142s
  2653  1595      -    -    -       67.00000   64.07325  4.37%     -  155s
  2707  1651      -    -    -       67.00000   64.08052  4.36%     -  160s
  2808  1717      -    -    -       67.00000   64.08679  4.35%     -  165s
  2940  1764      -    -    -       67.00000   64.09120  4.34%     -  170s
  3028  1826      -    -    -       67.00000   64.09835  4.33%     -  176s
  3182  1917      -    -    -       67.00000   64.10884  4.32%     -  181s
  3335  1971      -    -    -       67.00000   64.10884  4.32%     -  187s
  3426  2054      -    -    -       67.00000   64.10884  4.32%     -  193s
  3542  2102      -    -    -       67.00000   64.10884  4.32%     -  200s
  3650  2138      -    -    -       67.00000   64.14384  4.26%     -  209s
  3701  2231      -    -    -       67.00000   64.14966  4.25%     -  215s
  3890  2267      -    -    -       67.00000   64.15153  4.25%     -  221s
  3995  2368      -    -    -       67.00000   64.23726  4.12%     -  228s
  4219  2442      -    -    -       67.00000   64.23747  4.12%     -  235s
  4404  2558      -    -    -       67.00000   64.23747  4.12%     -  242s
  4633  2652      -    -    -       67.00000   64.24522  4.11%     -  250s
  4891  2765      -    -    -       67.00000   64.29031  4.04%     -  258s
  5124  2841      -    -    -       67.00000   64.30173  4.03%     -  266s
  5287  2943      -    -    -       67.00000   64.30396  4.02%     -  274s
  5502  3027      -    -    -       67.00000   64.30646  4.02%     -  283s
  5743  3107      -    -    -       67.00000   64.31294  4.01%     -  291s
  5942  3233      -    -    -       67.00000   64.31294  4.01%     -  300s
  6178  3315      -    -    -       67.00000   64.31541  4.01%     -  308s
  6401  3364      -    -    -       67.00000   64.32203  4.00%     -  317s
  6503  3415      -    -    -       67.00000   64.32626  3.99%     -  326s
  6641  3522      -    -    -       67.00000   64.33007  3.98%     -  334s
  6847  3617      -    -    -       67.00000   64.33480  3.98%     -  342s
  7074  3691      -    -    -       67.00000   64.34622  3.96%     -  351s
  7264  3807      -    -    -       67.00000   64.34836  3.96%     -  359s
  7523  3905      -    -    -       67.00000   64.36074  3.94%     -  367s
  7781  3985      -    -    -       67.00000   64.37185  3.92%     -  375s
  7953  4087      -    -    -       67.00000   64.37922  3.91%     -  384s
  8125  4267      -    -    -       67.00000   64.38513  3.90%     -  395s
  8419  4386      -    -    -       67.00000   64.38788  3.90%     -  405s
  8639  4528      -    -    -       67.00000   64.39493  3.89%     -  416s
  8993  4683      -    -    -       67.00000   64.39759  3.88%     -  426s
  9300  4818      -    -    -       67.00000   64.40096  3.88%     -  435s
  9596  4939      -    -    -       67.00000   64.40275  3.88%     -  445s
  9842  5002      -    -    -       67.00000   64.42266  3.85%     -  457s
  9960  5136      -    -    -       67.00000   64.42868  3.84%     -  467s
 10195  5274      -    -    -       67.00000   64.43215  3.83%     -  477s
 10510  5375      -    -    -       67.00000   64.43603  3.83%     -  487s
 10701  5473      -    -    -       67.00000   64.44636  3.81%     -  498s
 10931  5619      -    -    -       67.00000   64.44687  3.81%     -  509s
 11175  5802      -    -    -       67.00000   64.45320  3.80%     -  521s
 11496  5886      -    -    -       67.00000   64.46097  3.79%     -  533s
 11672  6054      -    -    -       67.00000   64.46542  3.78%     -  545s
 12067  6217      -    -    -       67.00000   64.46542  3.78%     -  557s
 12441  6352      -    -    -       67.00000   64.47058  3.78%     -  569s
 12709  6417      -    -    -       67.00000   64.47058  3.78%     -  580s
 12881  6554      -    -    -       67.00000   64.49798  3.73%     -  593s
 13200  6562      -    -    -       67.00000   64.49798  3.73%     -  605s
 13208  6572      -    -    -       67.00000   64.49965  3.73%     -  616s
 13226  6587      -    -    -       67.00000   64.50361  3.73%     -  628s
 13253  6595      -    -    -       67.00000   64.52109  3.70%     -  641s
 13271  6660      -    -    -       67.00000   64.52109  3.70%     -  652s
 13411  6805      -    -    -       67.00000   64.52109  3.70%     -  664s
 13707  6900      -    -    -       67.00000   64.52290  3.70%     -  676s
 13951  7008      -    -    -       67.00000   64.52290  3.70%     -  688s
 14212  7118      -    -    -       67.00000   64.52290  3.70%     -  699s
 14449  7255      -    -    -       67.00000   64.52290  3.70%     -  711s
 14770  7342      -    -    -       67.00000   64.52542  3.69%     -  722s
 14988  7451      -    -    -       67.00000   64.52542  3.69%     -  733s
 15238  7559      -    -    -       67.00000   64.52542  3.69%     -  744s
 15446  7700      -    -    -       67.00000   64.52975  3.69%     -  756s
 15716  7847      -    -    -       67.00000   64.53624  3.68%     -  768s
 16021  7913      -    -    -       67.00000   64.53624  3.68%     -  781s
 16177  8036      -    -    -       67.00000   64.53773  3.68%     -  792s
 16437  8115      -    -    -       67.00000   64.53860  3.67%     -  803s
 16624  8254      -    -    -       67.00000   64.54003  3.67%     -  814s
 16890  8363      -    -    -       67.00000   64.54359  3.67%     -  824s
 17080  8498      -    -    -       67.00000   64.54825  3.66%     -  835s
 17397  8530      -    -    -       67.00000   64.55341  3.65%     -  846s
 17466  8609      -    -    -       67.00000   64.55548  3.65%     -  856s
 17656  8662      -    -    -       67.00000   64.55967  3.64%     -  876s
 17774  8709      -    -    -       67.00000   64.56460  3.63%     -  885s
 17892  8775      -    -    -       67.00000   64.57896  3.61%     -  899s
 18014  8828      -    -    -       67.00000   64.57984  3.61%     -  916s
 18121  8919      -    -    -       67.00000   64.58849  3.60%     -  926s
 18299  8998      -    -    -       67.00000   64.58849  3.60%     -  936s
 18505  9055      -    -    -       67.00000   64.59353  3.59%     -  946s
 18627  9128      -    -    -       67.00000   64.60178  3.58%     -  956s
 18856  9170      -    -    -       67.00000   64.62327  3.55%     -  970s
 18985  9330      -    -    -       67.00000   64.65451  3.50%     -  980s
 19287  9459      -    -    -       67.00000   64.65451  3.50%     -  991s
 19559  9516      -    -    -       67.00000   64.65451  3.50%     - 1000s
 19667  9605      -    -    -       67.00000   64.65451  3.50%     - 1010s
 19880  9727      -    -    -       67.00000   64.67249  3.47%     - 1020s
 20123  9779      -    -    -       67.00000   64.67249  3.47%     - 1029s
 20253  9903      -    -    -       67.00000   64.68072  3.46%     - 1038s
 20497  9970      -    -    -       67.00000   64.68072  3.46%     - 1047s
 20706 10139      -    -    -       67.00000   64.69497  3.44%     - 1056s
 21018 10181      -    -    -       67.00000   64.69497  3.44%     - 1066s
 21136 10230      -    -    -       67.00000   64.69922  3.43%     - 1079s
 21271 10283      -    -    -       67.00000   64.69922  3.43%     - 1088s
 21392 10380      -    -    -       67.00000   64.70878  3.42%     - 1098s
 21597 10407      -    -    -       67.00000   64.71639  3.41%     - 1108s
 21718 10479      -    -    -       67.00000   64.71639  3.41%     - 1119s
 21880 10569      -    -    -       67.00000   64.72852  3.39%     - 1129s
 22147 10647      -    -    -       67.00000   64.72852  3.39%     - 1140s
 22363 10722      -    -    -       67.00000   64.74738  3.36%     - 1150s
 22534 10810      -    -    -       67.00000   64.74738  3.36%     - 1160s
 22737 10902      -    -    -       67.00000   64.75365  3.35%     - 1170s
 22962 11020      -    -    -       67.00000   64.75365  3.35%     - 1180s
 23279 11120      -    -    -       67.00000   64.75780  3.35%     - 1191s
 23588 11166      -    -    -       67.00000   64.79024  3.30%     - 1203s
 23693 11198      -    -    -       67.00000   64.79024  3.30%     - 1218s
 23815 11308      -    -    -       67.00000   64.79888  3.29%     - 1228s
 24040 11386      -    -    -       67.00000   64.80556  3.28%     - 1240s
 24185 11477      -    -    -       67.00000   64.80556  3.28%     - 1250s
 24331 11563      -    -    -       67.00000   64.81947  3.25%     - 1260s
 24588 11627      -    -    -       67.00000   64.82494  3.25%     - 1278s
 24717 11701      -    -    -       67.00000   64.82494  3.25%     - 1289s
 24856 11793      -    -    -       67.00000   64.83547  3.23%     - 1300s
 25137 11896      -    -    -       67.00000   64.83715  3.23%     - 1311s
 25388 11934      -    -    -       67.00000   64.83715  3.23%     - 1320s
 25518 12030      -    -    -       67.00000   64.84422  3.22%     - 1330s
 25715 12108      -    -    -       67.00000   64.84422  3.22%     - 1340s
 25926 12146      -    -    -       67.00000   64.85029  3.21%     - 1354s
 26044 12277      -    -    -       67.00000   64.85029  3.21%     - 1364s
 26271 12296      -    -    -       67.00000   64.85096  3.21%     - 1381s
 26352 12401      -    -    -       67.00000   64.85096  3.21%     - 1393s
 26649 12505      -    -    -       67.00000   64.85096  3.21%     - 1404s
 26941 12547      -    -    -       67.00000   64.85096  3.21%     - 1415s
 27082 12655      -    -    -       67.00000   64.85096  3.21%     - 1426s
 27331 12768      -    -    -       67.00000   64.85096  3.21%     - 1437s
 27574 12813      -    -    -       67.00000   64.85212  3.21%     - 1451s
 27695 12933      -    -    -       67.00000   64.85212  3.21%     - 1462s
 28020 13038      -    -    -       67.00000   64.85532  3.20%     - 1473s
 28290 13151      -    -    -       67.00000   64.85913  3.20%     - 1483s
 28546 13232      -    -    -       67.00000   64.85913  3.20%     - 1493s
 28766 13308      -    -    -       67.00000   64.85913  3.20%     - 1504s
 28956 13393      -    -    -       67.00000   64.86031  3.19%     - 1514s
 29252 13416      -    -    -       67.00000   64.86858  3.18%     - 1527s
 29325 13548      -    -    -       67.00000   64.86858  3.18%     - 1538s
 29617 13610      -    -    -       67.00000   64.87342  3.17%     - 1549s
 29808 13734      -    -    -       67.00000   64.87342  3.17%     - 1559s
 30064 13855      -    -    -       67.00000   64.87625  3.17%     - 1571s
 30366 13973      -    -    -       67.00000   64.88362  3.16%     - 1583s
 30678 14110      -    -    -       67.00000   64.88362  3.16%     - 1594s
 31025 14183      -    -    -       67.00000   64.88797  3.15%     - 1605s
 31275 14276      -    -    -       67.00000   64.89472  3.14%     - 1616s
 31542 14383      -    -    -       67.00000   64.89472  3.14%     - 1627s
 31776 14465      -    -    -       67.00000   64.89996  3.13%     - 1637s
 32009 14591      -    -    -       67.00000   64.89996  3.13%     - 1648s
 32273 14688      -    -    -       67.00000   64.90621  3.13%     - 1659s
 32482 14711      -    -    -       67.00000   64.90773  3.12%     - 1673s
 32533 14796      -    -    -       67.00000   64.90773  3.12%     - 1683s
 32747 14884      -    -    -       67.00000   64.91710  3.11%     - 1694s
 33030 15004      -    -    -       67.00000   64.91710  3.11%     - 1705s
 33279 15096      -    -    -       67.00000   64.92598  3.10%     - 1716s
 33553 15189      -    -    -       67.00000   64.92598  3.10%     - 1727s
 33834 15236      -    -    -       67.00000   64.92881  3.09%     - 1744s
 33930 15354      -    -    -       67.00000   64.93740  3.08%     - 1755s
 34235 15442      -    -    -       67.00000   64.93740  3.08%     - 1766s
 34439 15501      -    -    -       67.00000   64.93827  3.08%     - 1776s
 34600 15614      -    -    -       67.00000   64.94213  3.07%     - 1786s
 34873 15715      -    -    -       67.00000   64.94213  3.07%     - 1796s
 35107 15787      -    -    -       67.00000   64.95297  3.06%     - 1807s
 35285 15873      -    -    -       67.00000   64.95297  3.06%     - 1817s
 35505 15940      -    -    -       67.00000   64.95366  3.05%     - 1829s
 35679 16034      -    -    -       67.00000   64.95366  3.05%     - 1841s
 35879 16132      -    -    -       67.00000   64.96028  3.04%     - 1852s
 36140 16238      -    -    -       67.00000   64.96632  3.04%     - 1863s
 36453 16302      -    -    -       67.00000   64.96632  3.04%     - 1874s
 36704 16384      -    -    -       67.00000   64.96632  3.04%     - 1884s
 36927 16496      -    -    -       67.00000   64.96632  3.04%     - 1894s
 37189 16566      -    -    -       67.00000   64.96632  3.04%     - 1904s
 37391 16618      -    -    -       67.00000   64.96861  3.03%     - 1915s
 37621 16729      -    -    -       67.00000   64.97924  3.02%     - 1927s
 37875 16805      -    -    -       67.00000   64.97924  3.02%     - 1937s
 38079 16941      -    -    -       67.00000   64.98171  3.01%     - 1949s
 38404 17011      -    -    -       67.00000   64.98171  3.01%     - 1960s
 38561 17117      -    -    -       67.00000   64.98569  3.01%     - 1971s
 38855 17212      -    -    -       67.00000   64.98569  3.01%     - 1982s
 39117 17290      -    -    -       67.00000   64.99101  3.00%     - 1992s
 39304 17421      -    -    -       67.00000   64.99101  3.00%     - 2003s
 39635 17469      -    -    -       67.00000   64.99101  3.00%     - 2013s
 39780 17528      -    -    -       67.00000   64.99443  2.99%     - 2022s
 39955 17566      -    -    -       67.00000   64.99443  2.99%     - 2032s
 40054 17642      -    -    -       67.00000   65.00232  2.98%     - 2041s
 40241 17716      -    -    -       67.00000   65.00232  2.98%     - 2052s
 40548 17794      -    -    -       67.00000   65.00941  2.97%     - 2063s
 40758 17872      -    -    -       67.00000   65.00941  2.97%     - 2073s
 41007 17948      -    -    -       67.00000   65.01520  2.96%     - 2083s
 41230 18029      -    -    -       67.00000   65.02051  2.95%     - 2094s
 41524 18071      -    -    -       67.00000   65.02051  2.95%     - 2104s
 41647 18149      -    -    -       67.00000   65.02628  2.95%     - 2114s
 41838 18195      -    -    -       67.00000   65.02628  2.95%     - 2125s
 41969 18300      -    -    -       67.00000   65.02628  2.95%     - 2136s
 42204 18409      -    -    -       67.00000   65.02693  2.94%     - 2148s
 42513 18521      -    -    -       67.00000   65.02693  2.94%     - 2159s
 42853 18617      -    -    -       67.00000   65.02808  2.94%     - 2171s
 43123 18695      -    -    -       67.00000   65.02885  2.94%     - 2181s
 43363 18853      -    -    -       67.00000   65.02885  2.94%     - 2192s
 43672 18891      -    -    -       67.00000   65.03490  2.93%     - 2203s
 43773 18989      -    -    -       67.00000   65.03555  2.93%     - 2214s
 44064 19068      -    -    -       67.00000   65.03555  2.93%     - 2225s
 44296 19123      -    -    -       67.00000   65.04741  2.91%     - 2236s
 44470 19176      -    -    -       67.00000   65.04741  2.91%     - 2247s
 44656 19266      -    -    -       67.00000   65.04923  2.91%     - 2258s
 44901 19341      -    -    -       67.00000   65.05366  2.90%     - 2269s
 45085 19473      -    -    -       67.00000   65.05366  2.90%     - 2280s
 45375 19545      -    -    -       67.00000   65.05366  2.90%     - 2292s
 45600 19686      -    -    -       67.00000   65.05942  2.90%     - 2303s
 45972 19725      -    -    -       67.00000   65.05942  2.90%     - 2315s
 46153 19811      -    -    -       67.00000   65.06405  2.89%     - 2327s
 46441 19879      -    -    -       67.00000   65.07237  2.88%     - 2338s
 46626 19995      -    -    -       67.00000   65.07237  2.88%     - 2349s
 46950 20074      -    -    -       67.00000   65.07292  2.88%     - 2360s
 47196 20131      -    -    -       67.00000   65.07292  2.88%     - 2370s
 47421 20198      -    -    -       67.00000   65.07485  2.87%     - 2380s
 47578 20246      -    -    -       67.00000   65.08057  2.86%     - 2390s
 47714 20348      -    -    -       67.00000   65.08057  2.86%     - 2400s
 47981 20498      -    -    -       67.00000   65.08525  2.86%     - 2411s
 48310 20627      -    -    -       67.00000   65.08525  2.86%     - 2422s
 48601 20695      -    -    -       67.00000   65.09070  2.85%     - 2433s
 48801 20799      -    -    -       67.00000   65.09070  2.85%     - 2443s
 49071 20854      -    -    -       67.00000   65.09121  2.85%     - 2453s
 49301 20893      -    -    -       67.00000   65.09121  2.85%     - 2466s
 49387 20975      -    -    -       67.00000   65.09585  2.84%     - 2476s
 49653 21083      -    -    -       67.00000   65.09585  2.84%     - 2488s
 49949 21189      -    -    -       67.00000   65.10032  2.84%     - 2499s
 50188 21304      -    -    -       67.00000   65.10624  2.83%     - 2511s
 50489 21330      -    -    -       67.00000   65.10624  2.83%     - 2525s
 50606 21421      -    -    -       67.00000   65.10771  2.82%     - 2537s
 50903 21510      -    -    -       67.00000   65.10906  2.82%     - 2549s
 51112 21626      -    -    -       67.00000   65.10906  2.82%     - 2560s
 51360 21703      -    -    -       67.00000   65.11470  2.81%     - 2571s
 51610 21805      -    -    -       67.00000   65.12019  2.81%     - 2582s
 51889 21840      -    -    -       67.00000   65.12019  2.81%     - 2592s
 52045 21937      -    -    -       67.00000   65.12613  2.80%     - 2604s
 52311 22007      -    -    -       67.00000   65.12613  2.80%     - 2615s
 52550 22105      -    -    -       67.00000   65.12805  2.79%     - 2627s
 52904 22169      -    -    -       67.00000   65.12953  2.79%     - 2637s
 53143 22265      -    -    -       67.00000   65.12953  2.79%     - 2648s
 53427 22350      -    -    -       67.00000   65.13324  2.79%     - 2659s
 53712 22394      -    -    -       67.00000   65.13324  2.79%     - 2669s
 53904 22539      -    -    -       67.00000   65.13653  2.78%     - 2680s
 54252 22628      -    -    -       67.00000   65.14080  2.77%     - 2691s
 54528 22671      -    -    -       67.00000   65.14080  2.77%     - 2704s
 54644 22719      -    -    -       67.00000   65.14080  2.77%     - 2714s
 54898 22849      -    -    -       67.00000   65.14080  2.77%     - 2724s
 55190 22923      -    -    -       67.00000   65.14493  2.77%     - 2735s
 55472 22998      -    -    -       67.00000   65.14493  2.77%     - 2744s
 55658 23098      -    -    -       67.00000   65.14768  2.76%     - 2755s
 55936 23156      -    -    -       67.00000   65.15034  2.76%     - 2765s
 56126 23268      -    -    -       67.00000   65.15034  2.76%     - 2776s
 56383 23348      -    -    -       67.00000   65.15034  2.76%     - 2787s
 56611 23423      -    -    -       67.00000   65.15034  2.76%     - 2798s
 56902 23476      -    -    -       67.00000   65.16017  2.75%     - 2808s
 57085 23554      -    -    -       67.00000   65.16017  2.75%     - 2819s
 57388 23668      -    -    -       67.00000   65.16017  2.75%     - 2831s
 57704 23756      -    -    -       67.00000   65.16279  2.74%     - 2842s
 57939 23823      -    -    -       67.00000   65.16279  2.74%     - 2853s
 58160 23862      -    -    -       67.00000   65.16442  2.74%     - 2864s
 58278 23888      -    -    -       67.00000   65.16442  2.74%     - 2876s
 58353 23972      -    -    -       67.00000   65.17079  2.73%     - 2886s
 58656 24062      -    -    -       67.00000   65.17603  2.72%     - 2898s
 58981 24163      -    -    -       67.00000   65.17603  2.72%     - 2909s
 59247 24231      -    -    -       67.00000   65.18348  2.71%     - 2921s
 59526 24314      -    -    -       67.00000   65.19410  2.70%     - 2933s
 59719 24352      -    -    -       67.00000   65.19410  2.70%     - 2944s
 59854 24424      -    -    -       67.00000   65.19410  2.70%     - 2955s
 60069 24521      -    -    -       67.00000   65.19499  2.69%     - 2967s
 60397 24581      -    -    -       67.00000   65.19515  2.69%     - 2979s
 60614 24700      -    -    -       67.00000   65.19515  2.69%     - 2990s
 61017 24772      -    -    -       67.00000   65.20122  2.68%     - 3001s
 61221 24897      -    -    -       67.00000   65.20122  2.68%     - 3013s
 61459 24988      -    -    -       67.00000   65.20456  2.68%     - 3025s
 61714 25078      -    -    -       67.00000   65.20456  2.68%     - 3037s
 62005 25111      -    -    -       67.00000   65.20456  2.68%     - 3047s
 62087 25173      -    -    -       67.00000   65.20530  2.68%     - 3059s
 62350 25257      -    -    -       67.00000   65.20530  2.68%     - 3070s
 62628 25357      -    -    -       67.00000   65.21525  2.66%     - 3082s
 62970 25426      -    -    -       67.00000   65.21819  2.66%     - 3093s
 63220 25475      -    -    -       67.00000   65.21819  2.66%     - 3104s
 63432 25526      -    -    -       67.00000   65.22401  2.65%     - 3115s
 63620 25581      -    -    -       67.00000   65.22401  2.65%     - 3126s
 63847 25662      -    -    -       67.00000   65.23100  2.64%     - 3138s
 64099 25781      -    -    -       67.00000   65.23487  2.63%     - 3149s
 64402 25893      -    -    -       67.00000   65.23487  2.63%     - 3161s
 64756 25981      -    -    -       67.00000   65.23856  2.63%     - 3172s
 64995 26051      -    -    -       67.00000   65.23856  2.63%     - 3183s
 65239 26119      -    -    -       67.00000   65.24392  2.62%     - 3194s
 65496 26216      -    -    -       67.00000   65.24392  2.62%     - 3205s
 65749 26272      -    -    -       67.00000   65.24392  2.62%     - 3216s
 66030 26293      -    -    -       67.00000   65.24392  2.62%     - 3226s
 66105 26383      -    -    -       67.00000   65.25218  2.61%     - 3237s
 66446 26479      -    -    -       67.00000   65.25218  2.61%     - 3248s
 66748 26515      -    -    -       67.00000   65.25971  2.60%     - 3259s
 67004 26587      -    -    -       67.00000   65.25971  2.60%     - 3271s
 67212 26660      -    -    -       67.00000   65.26598  2.59%     - 3283s
 67490 26724      -    -    -       67.00000   65.27368  2.58%     - 3295s
 67694 26835      -    -    -       67.00000   65.27368  2.58%     - 3306s
 67883 26994      -    -    -       67.00000   65.27400  2.58%     - 3319s
 68197 27115      -    -    -       67.00000   65.27566  2.57%     - 3333s
 68510 27124      -    -    -       67.00000   65.27618  2.57%     - 3344s
 68533 27276      -    -    -       67.00000   65.27839  2.57%     - 3357s
 68879 27390      -    -    -       67.00000   65.28750  2.56%     - 3370s
 69215 27549      -    -    -       67.00000   65.29037  2.55%     - 3384s
 69615 27638      -    -    -       67.00000   65.29667  2.54%     - 3396s
 69838 27771      -    -    -       67.00000   65.30158  2.53%     - 3408s
 70177 27906      -    -    -       67.00000   65.30569  2.53%     - 3420s
 70483 28046      -    -    -       67.00000   65.30969  2.52%     - 3432s
 70837 28147      -    -    -       67.00000   65.30971  2.52%     - 3443s
 71145 28235      -    -    -       67.00000   65.31708  2.51%     - 3455s
 71486 28329      -    -    -       67.00000   65.31708  2.51%     - 3466s
 71745 28390      -    -    -       67.00000   65.31716  2.51%     - 3477s
 71889 28450      -    -    -       67.00000   65.32493  2.50%     - 3487s
 72082 28548      -    -    -       67.00000   65.32932  2.49%     - 3499s
 72418 28646      -    -    -       67.00000   65.33191  2.49%     - 3510s
 72640 28729      -    -    -       67.00000   65.33634  2.48%     - 3522s
 72972 28818      -    -    -       67.00000   65.33967  2.48%     - 3533s
 73287 28909      -    -    -       67.00000   65.34001  2.48%     - 3545s
 73560 29001      -    -    -       67.00000   65.34512  2.47%     - 3557s
 73875 29073      -    -    -       67.00000   65.35151  2.46%     - 3569s
 74122 29172      -    -    -       67.00000   65.36128  2.45%     - 3581s
 74467 29231      -    -    -       67.00000   65.36489  2.44%     - 3593s
 74718 29294      -    -    -       67.00000   65.37242  2.43%     - 3605s
 74910 29391      -    -    -       67.00000   65.37490  2.43%     - 3617s
 75184 29519      -    -    -       67.00000   65.38132  2.42%     - 3629s
 75521 29647      -    -    -       67.00000   65.38132  2.42%     - 3640s
 75855 29693      -    -    -       67.00000   65.39300  2.40%     - 3655s
 76020 29769      -    -    -       67.00000   65.39410  2.40%     - 3666s
 76298 29803      -    -    -       67.00000   65.39897  2.39%     - 3687s
 76364 29892      -    -    -       67.00000   65.40553  2.38%     - 3698s
 76648 30006      -    -    -       67.00000   65.41140  2.37%     - 3710s
 76953 30111      -    -    -       67.00000   65.41510  2.37%     - 3722s
 77297 30168      -    -    -       67.00000   65.41789  2.36%     - 3733s
 77558 30293      -    -    -       67.00000   65.42572  2.35%     - 3746s
 77884 30422      -    -    -       67.00000   65.42572  2.35%     - 3758s
 78233 30532      -    -    -       67.00000   65.42572  2.35%     - 3770s
 78594 30621      -    -    -       67.00000   65.43455  2.34%     - 3781s
 78912 30716      -    -    -       67.00000   65.44060  2.33%     - 3793s
 79227 30778      -    -    -       67.00000   65.44948  2.31%     - 3805s
 79442 30806      -    -    -       67.00000   65.45360  2.31%     - 3818s
 79580 30921      -    -    -       67.00000   65.46604  2.29%     - 3829s
 79933 31054      -    -    -       67.00000   65.47149  2.28%     - 3841s
 80286 31158      -    -    -       67.00000   65.47892  2.27%     - 3853s
 80605 31228      -    -    -       67.00000   65.48398  2.26%     - 3864s
 80799 31367      -    -    -       67.00000   65.48855  2.26%     - 3877s
 81213 31463      -    -    -       67.00000   65.48855  2.26%     - 3889s
 81504 31558      -    -    -       67.00000   65.48855  2.26%     - 3901s
 81764 31649      -    -    -       67.00000   65.48855  2.26%     - 3913s
 82063 31707      -    -    -       67.00000   65.49514  2.25%     - 3926s
 82331 31763      -    -    -       67.00000   65.50066  2.24%     - 3937s
 82557 31838      -    -    -       67.00000   65.50418  2.23%     - 3949s
 82795 31981      -    -    -       67.00000   65.50969  2.22%     - 3962s
 83189 32108      -    -    -       67.00000   65.50969  2.22%     - 3975s
 83529 32202      -    -    -       67.00000   65.51557  2.22%     - 3987s
 83857 32346      -    -    -       67.00000   65.51740  2.21%     - 3999s
 84216 32416      -    -    -       67.00000   65.52704  2.20%     - 4010s
 84428 32545      -    -    -       67.00000   65.52704  2.20%     - 4022s
 84829 32620      -    -    -       67.00000   65.53037  2.19%     - 4033s
 85043 32709      -    -    -       67.00000   65.53037  2.19%     - 4045s
 85296 32798      -    -    -       67.00000   65.53067  2.19%     - 4055s
 85487 32906      -    -    -       67.00000   65.53504  2.19%     - 4067s
 85840 33042      -    -    -       67.00000   65.53677  2.18%     - 4079s
 86161 33124      -    -    -       67.00000   65.54379  2.17%     - 4092s
 86481 33208      -    -    -       67.00000   65.54379  2.17%     - 4104s
 86725 33251      -    -    -       67.00000   65.54560  2.17%     - 4117s
 86917 33311      -    -    -       67.00000   65.55648  2.15%     - 4129s
 87153 33377      -    -    -       67.00000   65.55789  2.15%     - 4141s
 87499 33486      -    -    -       67.00000   65.57447  2.13%     - 4153s
 87756 33587      -    -    -       67.00000   65.58879  2.11%     - 4164s
 88075 33692      -    -    -       67.00000   65.59423  2.10%     - 4175s
 88375 33782      -    -    -       67.00000   65.59423  2.10%     - 4186s
 88625 33860      -    -    -       67.00000   65.59423  2.10%     - 4196s
 88829 33911      -    -    -       67.00000   65.61456  2.07%     - 4207s
 89035 33977      -    -    -       67.00000   65.62443  2.05%     - 4219s
 89268 34035      -    -    -       67.00000   65.63258  2.04%     - 4230s
 89545 34101      -    -    -       67.00000   65.63964  2.03%     - 4241s
 89844 34255      -    -    -       67.00000   65.64056  2.03%     - 4253s
 90246 34341      -    -    -       67.00000   65.65205  2.01%     - 4265s
 90566 34370      -    -    -       67.00000   65.66437  1.99%     - 4276s
 90656 34475      -    -    -       67.00000   65.66437  1.99%     - 4287s
 90931 34526      -    -    -       67.00000   65.66437  1.99%     - 4299s
 91174 34642      -    -    -       67.00000   65.67520  1.98%     - 4311s
 91517 34744      -    -    -       67.00000   65.68139  1.97%     - 4322s
 91889 34827      -    -    -       67.00000   65.69701  1.94%     - 4333s
 92177 34906      -    -    -       67.00000   65.70306  1.94%     - 4344s
 92523 34979      -    -    -       67.00000   65.70341  1.94%     - 4355s
 92783 35047      -    -    -       67.00000   65.71601  1.92%     - 4366s
 92993 35089      -    -    -       67.00000   65.71936  1.91%     - 4377s
 93181 35170      -    -    -       67.00000   65.72816  1.90%     - 4388s
 93483 35197      -    -    -       67.00000   65.73120  1.89%     - 4399s
 93608 35293      -    -    -       67.00000   65.73120  1.89%     - 4411s
 93931 35374      -    -    -       67.00000   65.73965  1.88%     - 4423s
 94202 35466      -    -    -       67.00000   65.75344  1.86%     - 4435s
 94487 35525      -    -    -       67.00000   65.76452  1.84%     - 4447s
 94732 35568      -    -    -       67.00000   65.78046  1.82%     - 4458s
 94883 35660      -    -    -       67.00000   65.78879  1.81%     - 4470s
 95209 35761      -    -    -       67.00000   65.79510  1.80%     - 4482s
 95566 35882      -    -    -       67.00000   65.80524  1.78%     - 4495s
 95939 35949      -    -    -       67.00000   65.81343  1.77%     - 4507s
 96192 36027      -    -    -       67.00000   65.82847  1.75%     - 4519s
 96487 36071      -    -    -       67.00000   65.82989  1.75%     - 4531s
 96744 36127      -    -    -       67.00000   65.85134  1.71%     - 4542s
 96949 36240      -    -    -       67.00000   65.85165  1.71%     - 4555s
 97318 36348      -    -    -       67.00000   65.86407  1.70%     - 4567s
 97652 36465      -    -    -       67.00000   65.86407  1.70%     - 4579s
 98008 36569      -    -    -       67.00000   65.88119  1.67%     - 4591s
 98296 36693      -    -    -       67.00000   65.90708  1.63%     - 4603s
 98734 36752      -    -    -       67.00000   65.93857  1.58%     - 4615s
 98902 36856      -    -    -       67.00000   65.97404  1.53%     - 4627s
 99191 36857      -    -    -       67.00000   67.00000  0.00%     - 4630s

Cutting planes:
  Learned: 125

Instance 25 was solved

Explored 87776 nodes (68380014 simplex iterations) in 4631.46 seconds (5835.75 work units)
Thread count was 2 (of 128 available processors)

Solution count 1: 67 

Optimal solution found (tolerance 1.00e-04)
Best objective 6.700000000000e+01, best bound 6.700000000000e+01, gap 0.0000%
