Set parameter Username
Set parameter WLSAccessID
Set parameter WLSSecret
Set parameter LicenseID to value 2533279
Academic license 2533279 - for non-commercial use only - registered to bl___@rice.edu
w=7, k=1, sigma=3  4917.0/6561  -->  0.25057155921353447
	Command being timed: "/home/Users/blk6/Projects/dbmers/scripts/run-fwd.py -w 7 -k 1 --sigma 3"
	User time (seconds): 38685.35
	System time (seconds): 250.07
	Percent of CPU this job got: 3661%
	Elapsed (wall clock) time (h:mm:ss or m:ss): 17:43.41
	Average shared text size (kbytes): 0
	Average unshared data size (kbytes): 0
	Average stack size (kbytes): 0
	Average total size (kbytes): 0
	Maximum resident set size (kbytes): 10875188
	Average resident set size (kbytes): 0
	Major (requiring I/O) page faults: 0
	Minor (reclaiming a frame) page faults: 4657330
	Voluntary context switches: 23355378
	Involuntary context switches: 2659103
	Swaps: 0
	File system inputs: 0
	File system outputs: 344
	Socket messages sent: 0
	Socket messages received: 0
	Signals delivered: 0
	Page size (bytes): 4096
	Exit status: 0
