
Gurobi 10.0.3 (linux64) logging started Sun Jul 28 16:04:18 2024

Set parameter LogFile to value "fwd/logs/w7-k1-s3.log"
Set parameter PoolSearchMode to value 2
Set parameter PoolSolutions to value 1
Set parameter Heuristics to value 1
Set parameter PoolGap to value 0
Set parameter Threads to value 60
Set parameter Threads to value 60
Gurobi Optimizer version 10.0.3 build v10.0.3rc0 (linux64)

CPU model: AMD EPYC 7742 64-Core Processor, instruction set [SSE2|AVX|AVX2]
Thread count: 64 physical cores, 128 logical processors, using up to 60 threads

Academic license 2533279 - for non-commercial use only - registered to bl___@rice.edu
Optimize a model with 834 rows, 8748 columns and 6561 nonzeros
Model fingerprint: 0x1618f454
Model has 13122 general constraints
Variable types: 0 continuous, 8748 integer (6561 binary)
Coefficient statistics:
  Matrix range     [1e+00, 1e+00]
  Objective range  [1e+00, 1e+00]
  Bounds range     [1e+00, 6e+00]
  RHS range        [1e+00, 2e+00]
  GenCon rhs range [1e+00, 1e+00]
  GenCon coe range [1e+00, 1e+00]

User MIP start produced solution with objective 1881 (0.05s)
Loaded user MIP start with objective 1881

Presolve added 19668 rows and 13110 columns
Presolve time: 0.14s
Presolved: 20502 rows, 21858 columns, 52455 nonzeros
Presolved model has 6558 SOS constraint(s)
Variable types: 0 continuous, 21858 integer (6558 binary)

Root relaxation: objective 1.644000e+03, 8363 iterations, 0.04 seconds (0.03 work units)

    Nodes    |    Current Node    |     Objective Bounds      |     Work
 Expl Unexpl |  Obj  Depth IntInf | Incumbent    BestBd   Gap | It/Node Time

     0     0 1644.00000    0 5712 1881.00000 1644.00000  12.6%     -    0s
     0     0 1644.00000    0 9414 1881.00000 1644.00000  12.6%     -    1s
H    0     0                    1880.0000000 1644.00000  12.6%     -    1s
     0     0 1644.00000    0 10977 1880.00000 1644.00000  12.6%     -    1s
     0     0 1644.00000    0 9287 1880.00000 1644.00000  12.6%     -    3s
     0     0 1644.00000    0 8830 1880.00000 1644.00000  12.6%     -    4s
H    0     0                    1858.0000000 1644.00000  11.5%     -    6s
H    0     0                    1854.0000000 1644.00000  11.3%     -    7s
H    0     0                    1836.0000000 1644.00000  10.5%     -    8s
     0     2 1644.00000    0 8323 1836.00000 1644.00000  10.5%     -   10s
H   31    64                    1811.0000000 1644.00000  9.22% 12595   15s
H   45    64                    1808.0000000 1644.00000  9.07% 10660   15s
    63   124 1644.00000    6 11746 1808.00000 1644.00000  9.07% 11142   21s
H   71   124                    1787.0000000 1644.00000  8.00% 10498   21s
H  123   184                    1783.0000000 1644.00000  7.80% 10082   28s
H  123   184                    1766.0000000 1644.00000  6.91% 10082   28s
H  123   184                    1759.0000000 1644.00000  6.54% 10082   28s
H  124   184                    1757.0000000 1644.00000  6.43% 10050   28s
H  125   184                    1733.0000000 1644.00000  5.14% 10019   28s
H  139   184                    1731.0000000 1644.00000  5.03%  9627   28s
H  243   304                    1727.0000000 1644.00000  4.81%  8121   48s
H  244   304                    1725.0000000 1644.00000  4.70%  8112   48s
H  244   304                    1662.0000000 1644.00000  1.08%  8112   48s
H  246   304                    1658.0000000 1644.00000  0.84%  8095   48s
H  258   304                    1647.0000000 1644.00000  0.18%  8002   48s
   303   364 1644.00000    8 11667 1647.00000 1644.00000  0.18%  7737   51s
H  305   364                    1645.0000000 1644.00000  0.06%  7706   51s
H  363   288                    1644.0000000 1644.00000  0.00%  7445   54s

Cutting planes:
  Learned: 6464
  Gomory: 206
  Implied bound: 1324
  Zero half: 2117
  Relax-and-lift: 457

Explored 363 nodes (2833047 simplex iterations) in 54.45 seconds (44.38 work units)
Thread count was 60 (of 128 available processors)

Solution count 1: 1644 

Optimal solution found (tolerance 1.00e-04)
Best objective 1.644000000000e+03, best bound 1.644000000000e+03, gap 0.0000%

Gurobi 10.0.3 (linux64) logging started Sun Jul 28 19:26:10 2024

Set parameter LogFile to value "fwd/logs/w7-k1-s3.log"
