
Gurobi 10.0.3 (linux64) logging started Mon Jul 15 12:35:16 2024

Set parameter LogFile to value "fwd/logs/w8-k1-s2.log"
Set parameter BestObjStop to value 396
Set parameter PoolSearchMode to value 2
Set parameter PoolSolutions to value 1
Set parameter Heuristics to value 1
Set parameter Threads to value 60
Set parameter Threads to value 60
Gurobi Optimizer version 10.0.3 build v10.0.3rc0 (linux64)

CPU model: AMD EPYC 7742 64-Core Processor, instruction set [SSE2|AVX|AVX2]
Thread count: 64 physical cores, 128 logical processors, using up to 60 threads

Academic license 2533279 - for non-commercial use only - registered to bl___@rice.edu
Optimize a model with 60 rows, 768 columns and 512 nonzeros
Model fingerprint: 0x37e5b58c
Model has 1024 general constraints
Variable types: 0 continuous, 768 integer (512 binary)
Coefficient statistics:
  Matrix range     [1e+00, 1e+00]
  Objective range  [1e+00, 1e+00]
  Bounds range     [1e+00, 7e+00]
  RHS range        [2e+00, 7e+00]
  GenCon rhs range [1e+00, 1e+00]
  GenCon coe range [1e+00, 1e+00]
Found heuristic solution: objective -0.0000000
Presolve added 1527 rows and 1017 columns
Presolve time: 0.01s
Presolved: 1587 rows, 1785 columns, 4077 nonzeros
Presolved model has 510 SOS constraint(s)
Variable types: 0 continuous, 1785 integer (510 binary)

Root relaxation: objective 3.960000e+02, 924 iterations, 0.00 seconds (0.00 work units)

    Nodes    |    Current Node    |     Objective Bounds      |     Work
 Expl Unexpl |  Obj  Depth IntInf | Incumbent    BestBd   Gap | It/Node Time

     0     0  396.00000    0  439   -0.00000  396.00000      -     -    0s
H    0     0                     370.0000000  396.00000  7.03%     -    0s
H    0     0                     371.0000000  396.00000  6.74%     -    0s
H    0     0                     374.0000000  396.00000  5.88%     -    0s
H    0     0                     375.0000000  396.00000  5.60%     -    0s
     0     0  396.00000    0 1649  375.00000  396.00000  5.60%     -    0s
H    0     0                     377.0000000  396.00000  5.04%     -    0s
     0     0  396.00000    0 1238  377.00000  396.00000  5.04%     -    0s
     0     0  396.00000    0  285  377.00000  396.00000  5.04%     -    0s
     0     0  396.00000    0  340  377.00000  396.00000  5.04%     -    0s
H    0     0                     378.0000000  396.00000  4.76%     -    0s
H    0     0                     380.0000000  396.00000  4.21%     -    0s
     0     0  396.00000    0  230  380.00000  396.00000  4.21%     -    0s
     0     0  396.00000    0  575  380.00000  396.00000  4.21%     -    0s
     0     0  396.00000    0  239  380.00000  396.00000  4.21%     -    0s
H    0     0                     381.0000000  396.00000  3.94%     -    0s
     0     0  396.00000    0  228  381.00000  396.00000  3.94%     -    0s
H    0     0                     383.0000000  396.00000  3.39%     -    0s
H    0     0                     387.0000000  396.00000  2.33%     -    0s
     0     2  396.00000    0  231  387.00000  396.00000  2.33%     -    0s
H   46    64                     388.0000000  396.00000  2.06%   215    0s
H  123   184                     389.0000000  396.00000  1.80%   227    1s
H  126   184                     393.0000000  396.00000  0.76%   224    1s
H  243   288                     394.0000000  396.00000  0.51%   184    4s
H  244   288                     395.0000000  396.00000  0.25%   184    4s
H  246   288                     396.0000000  396.00000  0.00%   184    4s

Cutting planes:
  Learned: 498
  Gomory: 19
  Implied bound: 130
  Zero half: 46
  Relax-and-lift: 12

Explored 303 nodes (62225 simplex iterations) in 4.74 seconds (3.49 work units)
Thread count was 60 (of 128 available processors)

Solution count 1: 396 

Optimal solution found (tolerance 1.00e-04)
Best objective 3.960000000000e+02, best bound 3.960000000000e+02, gap 0.0000%
