Set parameter Username
Set parameter WLSAccessID
Set parameter WLSSecret
Set parameter LicenseID to value 2533279
Academic license 2533279 - for non-commercial use only - registered to bl___@rice.edu
w=9, k=1, sigma=2  817.0/1024  -->  0.2021484375
	Command being timed: "/home/Users/blk6/Projects/dbmers/scripts/run-fwd.py -w 9 -k 1 --sigma 2"
	User time (seconds): 607.07
	System time (seconds): 49.16
	Percent of CPU this job got: 4196%
	Elapsed (wall clock) time (h:mm:ss or m:ss): 0:15.63
	Average shared text size (kbytes): 0
	Average unshared data size (kbytes): 0
	Average stack size (kbytes): 0
	Average total size (kbytes): 0
	Maximum resident set size (kbytes): 1205876
	Average resident set size (kbytes): 0
	Major (requiring I/O) page faults: 0
	Minor (reclaiming a frame) page faults: 743401
	Voluntary context switches: 174808
	Involuntary context switches: 1418826
	Swaps: 0
	File system inputs: 0
	File system outputs: 104
	Socket messages sent: 0
	Socket messages received: 0
	Signals delivered: 0
	Page size (bytes): 4096
	Exit status: 0
