
Gurobi 10.0.3 (linux64) logging started Sun Sep  1 13:14:45 2024

Set parameter LogFile to value "fwd/logs/w10-k2-s2.log"

Gurobi 10.0.3 (linux64) logging started Sun Sep  1 13:14:45 2024

Set parameter LogFile to value "fwd/logs/w10-k2-s2.log"
Set parameter Heuristics to value 0.8
Set parameter Heuristics to value 0.8
Gurobi Optimizer version 10.0.3 build v10.0.3rc0 (linux64)

CPU model: AMD EPYC 7742 64-Core Processor, instruction set [SSE2|AVX|AVX2]
Thread count: 64 physical cores, 128 logical processors, using up to 128 threads

Academic license 2533279 - for non-commercial use only - registered to bl___@rice.edu
Optimize a model with 215 rows, 6144 columns and 2075 nonzeros
Model fingerprint: 0x18c45bda
Model has 8192 general constraints
Variable types: 0 continuous, 6144 integer (4096 binary)
Coefficient statistics:
  Matrix range     [1e+00, 1e+00]
  Objective range  [1e+00, 1e+00]
  Bounds range     [1e+00, 9e+00]
  RHS range        [1e+00, 2e+00]
  GenCon rhs range [1e+00, 1e+00]
  GenCon coe range [1e+00, 1e+00]

Concurrent MIP optimizer: 64 concurrent instances (2 threads per instance)

Found heuristic solution: objective 4096.0000000
Presolve added 12252 rows and 8185 columns
Presolve time: 0.39s
Presolved: 12467 rows, 14329 columns, 30701 nonzeros
Presolved model has 4094 SOS constraint(s)
Variable types: 0 continuous, 14329 integer (4094 binary)
Root relaxation presolved: 12467 rows, 14329 columns, 30701 nonzeros

Concurrent LP optimizer: dual simplex and barrier
Showing barrier log only...

Root barrier log...

Ordering time: 0.22s

Barrier statistics:
 AA' NZ     : 2.660e+04
 Factor NZ  : 6.112e+05 (roughly 16 MB of memory)
 Factor Ops : 1.736e+08 (less than 1 second per iteration)
 Threads    : 1

                  Objective                Residual
Iter       Primal          Dual         Primal    Dual     Compl     Time
   0   4.59935264e+03 -1.70387430e+04  1.13e+00 2.22e-16  1.57e+00     1s
   1   1.40172771e+03 -4.12332517e+03  1.78e-15 1.16e-02  1.78e-01     1s
   2   8.15743303e+02  1.60457309e+02  1.78e-15 4.44e-16  2.01e-02     1s
   3   1.16245116e+03  3.37959424e+02  8.93e-14 2.22e-16  2.51e-02     2s
   4   6.51918140e+02  4.11921315e+02  4.13e-14 3.33e-16  7.30e-03     2s
   5   6.00465987e+02  5.41438486e+02  5.68e-13 4.44e-16  1.80e-03     2s
   6   5.80131463e+02  5.78669187e+02  4.48e-13 3.33e-16  4.44e-05     2s
   7   5.79601152e+02  5.79597068e+02  3.72e-13 3.33e-16  1.24e-07     2s
   8   5.79600001e+02  5.79599997e+02  5.08e-13 3.33e-16  1.24e-10     2s

Barrier solved model in 8 iterations and 1.76 seconds (0.25 work units)
Optimal objective 5.79600001e+02


Solved with barrier

Root relaxation: objective 5.796000e+02, 7207 iterations, 1.05 seconds (0.26 work units)

    Nodes    |    Current Node    |     Objective Bounds      |     Work
 Expl Unexpl |  Obj  Depth IntInf | Incumbent    BestBd   Gap | It/Node Time

     0     0      -    -    -     4096.00000  579.60000  85.8%     -    2s
     0     0      -    -    -     1350.00000  579.60000  57.1%     -    3s
     0     0      -    -    -     1320.00000  579.60000  56.1%     -    4s
     0     0      -    -    -     1320.00000  579.60000  56.1%     -    8s
     0     0      -    -    -     1109.00000  579.60000  47.7%     -    8s
     0     0      -    -    -     1109.00000  579.60000  47.7%     -   10s
     0     0      -    -    -      905.00000  579.60000  36.0%     -   11s
     0     2      -    -    -      875.00000  579.60000  33.8%     -   14s
     9    12      -    -    -      875.00000  579.60000  33.8%     -   15s
    41    67      -    -    -      850.00000  579.60000  31.8%     -   25s
    66   128      -    -    -      849.00000  579.60000  31.7%     -   35s
   127   593      -    -    -      842.00000  579.60000  31.2%     -   55s
   596   745      -    -    -      834.00000  579.60000  30.5%     -   60s
   750   882      -    -    -      825.00000  579.60000  29.7%     -   65s
   896  1017      -    -    -      816.00000  579.60000  29.0%     -   74s
  1040  1229      -    -    -      797.00000  579.60000  27.3%     -   81s
  1263  1477      -    -    -      793.00000  579.60000  26.9%     -   90s
  1516  1730      -    -    -      788.00000  579.60000  26.4%     -   97s
  1794  1955      -    -    -      783.00000  579.60000  26.0%     -  105s
  2058  2173      -    -    -      776.00000  579.60000  25.3%     -  112s
  2326  2386      -    -    -      770.00000  579.60000  24.7%     -  119s
  2583  2640      -    -    -      763.00000  579.60000  24.0%     -  126s
  2894  2911      -    -    -      759.00000  579.60000  23.6%     -  134s
  3211  3173      -    -    -      752.00000  579.60000  22.9%     -  140s
  3553  3423      -    -    -      749.00000  579.60000  22.6%     -  145s
  3904  3425      -    -    -      741.00000  579.60000  21.8%     -  151s
  3905  3426      -    -    -      735.00000  579.60000  21.1%     -  155s
  3907  3427      -    -    -      735.00000  579.60000  21.1%     -  161s
  3909  3429      -    -    -      735.00000  579.73333  21.1%     -  167s
  3911  3430      -    -    -      735.00000  579.74000  21.1%     -  173s
  3912  3431      -    -    -      735.00000  580.01180  21.1%     -  176s
  3917  3435      -    -    -      735.00000  580.48745  21.0%     -  183s
  3919  3436      -    -    -      735.00000  580.55411  21.0%     -  186s
  3923  3439      -    -    -      735.00000  580.63347  21.0%     -  190s
  3927  3269      -    -    -      735.00000  580.63998  21.0%     -  195s
  3931  3271      -    -    -      734.00000  580.86900  20.9%     -  200s
  3933  3273      -    -    -      734.00000  580.88059  20.9%     -  205s
  3937  3275      -    -    -      734.00000  580.91586  20.9%     -  210s
  3939  3277      -    -    -      734.00000  580.94234  20.9%     -  216s
  3943  3279      -    -    -      734.00000  580.97446  20.8%     -  220s
  3945  3281      -    -    -      734.00000  581.04700  20.8%     -  226s
  3949  3283      -    -    -      734.00000  581.06958  20.8%     -  233s
  3950  3284      -    -    -      734.00000  581.07444  20.8%     -  236s
  3952  3121      -    -    -      734.00000  581.07449  20.8%     -  240s
  3955  3123      -    -    -      734.00000  581.08636  20.8%     -  250s
  3959  3126      -    -    -      734.00000  581.10738  20.8%     -  256s
  3960  3127      -    -    -      733.00000  581.10928  20.7%     -  263s
  3961  3127      -    -    -      733.00000  581.13294  20.7%     -  266s
  3962  3128      -    -    -      732.00000  581.22935  20.6%     -  270s
  3964  2971      -    -    -      732.00000  581.53246  20.6%     -  276s
  3967  2973      -    -    -      732.00000  581.60467  20.5%     -  281s
  3968  2974      -    -    -      732.00000  581.68683  20.5%     -  286s
  3970  2975      -    -    -      732.00000  581.88348  20.5%     -  295s
  3972  2977      -    -    -      731.00000  581.88348  20.4%     -  303s
  3974  2978      -    -    -      729.00000  581.88528  20.2%     -  309s
  3975  2979      -    -    -      729.00000  581.88528  20.2%     -  310s
  3980  2983      -    -    -      729.00000  581.88528  20.2%     -  315s
  3985  2986      -    -    -      728.00000  581.88528  20.1%     -  320s
  3989  2989      -    -    -      728.00000  581.88528  20.1%     -  325s
  3993  2992      -    -    -      728.00000  581.88528  20.1%     -  331s
  4000  2997      -    -    -      728.00000  581.88528  20.1%     -  337s
  4003  2999      -    -    -      728.00000  581.88528  20.1%     -  340s
  4008  3003      -    -    -      728.00000  581.88528  20.1%     -  346s
  4011  3005      -    -    -      723.00000  581.88528  19.5%     -  350s
  4016  3008      -    -    -      720.00000  581.88528  19.2%     -  355s
  4023  3014      -    -    -      712.00000  581.88528  18.3%     -  361s
  4028  3017      -    -    -      710.00000  581.88528  18.0%     -  365s
  4032  3020      -    -    -      708.00000  581.88528  17.8%     -  370s
  4036  3023      -    -    -      694.00000  581.90369  16.2%     -  479s
  4037  2871      -    -    -      694.00000  581.90369  16.2%     -  483s
  4038  2875      -    -    -      693.00000  581.90369  16.0%     -  485s
  4076  2903      -    -    -      693.00000  581.90369  16.0%     -  490s
  4137  2943      -    -    -      693.00000  581.90369  16.0%     -  497s
  4183  2717      -    -    -      693.00000  581.90369  16.0%     -  500s
  4281  2650      -    -    -      693.00000  581.90369  16.0%     -  505s
  4401  2395      -    -    -      693.00000  581.90369  16.0%     -  510s
  4501  2248      -    -    -      693.00000  581.90369  16.0%     -  516s
  4563  2281      -    -    -      693.00000  581.90453  16.0%     -  520s
  4631  2336      -    -    -      692.00000  581.90453  15.9%     -  526s
  4702  2265      -    -    -      692.00000  581.90453  15.9%     -  530s
  4805  2241      -    -    -      692.00000  581.90453  15.9%     -  535s
  4929  2228      -    -    -      692.00000  581.90453  15.9%     -  541s
  4989  2300      -    -    -      692.00000  581.90453  15.9%     -  547s
  5070  2368      -    -    -      692.00000  581.90453  15.9%     -  552s
  5188  2455      -    -    -      692.00000  581.90453  15.9%     -  559s
  5259  2489      -    -    -      692.00000  581.90453  15.9%     -  563s
  5317  2461      -    -    -      692.00000  581.90453  15.9%     -  567s
  5395  2482      -    -    -      692.00000  581.90453  15.9%     -  571s
  5442  2493      -    -    -      692.00000  581.90453  15.9%     -  575s
  5588  2505      -    -    -      692.00000  581.90453  15.9%     -  583s
  5690  2519      -    -    -      692.00000  581.90453  15.9%     -  588s
  5738  2555      -    -    -      692.00000  581.90453  15.9%     -  592s
  5862  2479      -    -    -      692.00000  581.90453  15.9%     -  596s
  5957  2571      -    -    -      692.00000  581.90453  15.9%     -  601s
  6083  2597      -    -    -      692.00000  581.90453  15.9%     -  605s
  6151  2724      -    -    -      692.00000  581.90453  15.9%     -  611s
  6301  2786      -    -    -      692.00000  581.90453  15.9%     -  617s
  6418  2823      -    -    -      692.00000  581.90453  15.9%     -  622s
  6556  2800      -    -    -      692.00000  581.90453  15.9%     -  628s
  6639  2933      -    -    -      692.00000  581.90453  15.9%     -  633s
  6803  3046      -    -    -      692.00000  581.90453  15.9%     -  640s
  6979  3079      -    -    -      692.00000  581.90453  15.9%     -  645s
  7173  3164      -    -    -      692.00000  581.90453  15.9%     -  652s
  7258  3371      -    -    -      692.00000  581.90453  15.9%     -  658s
  7477  3573      -    -    -      692.00000  581.90453  15.9%     -  666s
  7683  3761      -    -    -      692.00000  581.90453  15.9%     -  675s
  7878  3944      -    -    -      692.00000  581.90453  15.9%     -  684s
  8067  4163      -    -    -      692.00000  581.90453  15.9%     -  691s
  8331  4273      -    -    -      692.00000  581.90453  15.9%     -  699s
  8461  4363      -    -    -      692.00000  581.90453  15.9%     -  707s
  8567  4493      -    -    -      692.00000  581.90453  15.9%     -  715s
  8698  4677      -    -    -      692.00000  581.90453  15.9%     -  722s
  8882  4822      -    -    -      692.00000  581.90453  15.9%     -  731s
  9029  5044      -    -    -      692.00000  581.90453  15.9%     -  739s
  9253  5246      -    -    -      692.00000  581.90453  15.9%     -  750s
  9457  5530      -    -    -      692.00000  581.90453  15.9%     -  758s
  9753  5711      -    -    -      692.00000  581.90453  15.9%     -  767s
  9936  5929      -    -    -      692.00000  581.90453  15.9%     -  776s
 10172  6115      -    -    -      692.00000  581.90453  15.9%     -  787s
 10358  6372      -    -    -      692.00000  581.90453  15.9%     -  795s
 10629  6533      -    -    -      692.00000  581.90453  15.9%     -  805s
 10791  6776      -    -    -      692.00000  581.90453  15.9%     -  815s
 11047  6967      -    -    -      692.00000  581.90453  15.9%     -  827s
 11245  7261      -    -    -      692.00000  581.90453  15.9%     -  835s
 11554  7448      -    -    -      692.00000  581.90453  15.9%     -  847s
 11749  7768      -    -    -      692.00000  581.90453  15.9%     -  855s
 12095  7933      -    -    -      692.00000  581.90453  15.9%     -  866s
 12267  8228      -    -    -      692.00000  581.90453  15.9%     -  874s
 12629  8303      -    -    -      692.00000  581.90453  15.9%     -  888s
 12704  8498      -    -    -      692.00000  581.90453  15.9%     -  897s
 12903  8665      -    -    -      692.00000  581.90453  15.9%     -  906s
 13075  8866      -    -    -      692.00000  581.90453  15.9%     -  917s
 13281  9107      -    -    -      692.00000  581.90453  15.9%     -  927s
 13530  9330      -    -    -      692.00000  581.90453  15.9%     -  937s
 13755  9533      -    -    -      692.00000  581.90453  15.9%     -  949s
 13960  9695      -    -    -      692.00000  581.90453  15.9%     -  961s
 14129  9929      -    -    -      692.00000  581.90453  15.9%     -  968s
 14374 10092      -    -    -      692.00000  581.90453  15.9%     -  978s
 14537 10302      -    -    -      692.00000  581.90453  15.9%     -  987s
 14755 10492      -    -    -      692.00000  581.90453  15.9%     -  997s
 14945 10679      -    -    -      692.00000  581.90453  15.9%     - 1007s
 15136 10902      -    -    -      692.00000  581.90453  15.9%     - 1017s
 15364 11127      -    -    -      692.00000  581.90453  15.9%     - 1030s
 15596 11345      -    -    -      692.00000  581.90453  15.9%     - 1038s
 15822 11558      -    -    -      692.00000  581.90453  15.9%     - 1048s
 16048 11754      -    -    -      692.00000  581.90453  15.9%     - 1057s
 16247 11955      -    -    -      692.00000  581.90453  15.9%     - 1067s
 16463 12179      -    -    -      692.00000  581.90453  15.9%     - 1077s
 16693 12402      -    -    -      692.00000  581.90453  15.9%     - 1087s
 16935 12551      -    -    -      692.00000  581.90453  15.9%     - 1096s
 17084 12765      -    -    -      692.00000  581.90453  15.9%     - 1106s
 17307 12970      -    -    -      692.00000  581.90453  15.9%     - 1115s
 17523 13160      -    -    -      692.00000  581.90453  15.9%     - 1126s
 17713 13370      -    -    -      692.00000  581.90453  15.9%     - 1135s
 17925 13573      -    -    -      692.00000  581.90453  15.9%     - 1144s
 18132 13772      -    -    -      692.00000  581.90453  15.9%     - 1155s
 18331 14016      -    -    -      692.00000  581.90453  15.9%     - 1164s
 18576 14255      -    -    -      692.00000  581.90453  15.9%     - 1173s
 18825 14506      -    -    -      692.00000  581.90453  15.9%     - 1181s
 19081 14698      -    -    -      692.00000  581.90453  15.9%     - 1191s
 19337 14847      -    -    -      692.00000  581.90453  15.9%     - 1199s
 19512 15075      -    -    -      692.00000  581.90453  15.9%     - 1207s
 19742 15282      -    -    -      692.00000  581.90453  15.9%     - 1215s
 19949 15460      -    -    -      692.00000  581.90453  15.9%     - 1223s
 20127 15640      -    -    -      691.00000  581.90453  15.8%     - 1231s
 20309 15818      -    -    -      691.00000  581.90453  15.8%     - 1241s
 20487 16029      -    -    -      691.00000  581.90453  15.8%     - 1250s
 20702 16231      -    -    -      691.00000  581.90453  15.8%     - 1259s
 20906 16403      -    -    -      691.00000  581.90453  15.8%     - 1267s
 21078 16603      -    -    -      691.00000  581.90499  15.8%     - 1277s
 21278 16822      -    -    -      691.00000  581.90499  15.8%     - 1286s
 21509 17046      -    -    -      691.00000  581.90499  15.8%     - 1294s
 21736 17257      -    -    -      691.00000  581.90499  15.8%     - 1304s
 21951 17466      -    -    -      691.00000  581.90499  15.8%     - 1313s
 22167 17735      -    -    -      691.00000  581.90499  15.8%     - 1321s
 22466 17938      -    -    -      691.00000  581.90499  15.8%     - 1330s
 22671 18201      -    -    -      691.00000  581.90499  15.8%     - 1337s
 22934 18418      -    -    -      691.00000  581.90499  15.8%     - 1345s
 23151 18731      -    -    -      691.00000  581.90499  15.8%     - 1353s
 23466 18972      -    -    -      691.00000  581.90499  15.8%     - 1362s
 23729 19194      -    -    -      691.00000  581.90499  15.8%     - 1370s
 24023 19251      -    -    -      691.00000  581.90499  15.8%     - 1378s
 24154 19417      -    -    -      691.00000  581.90499  15.8%     - 1386s
 24322 19563      -    -    -      691.00000  581.90499  15.8%     - 1395s
 24472 19820      -    -    -      691.00000  581.90499  15.8%     - 1403s
 24729 20007      -    -    -      691.00000  581.90499  15.8%     - 1412s
 24917 20273      -    -    -      691.00000  581.90499  15.8%     - 1421s
 25195 20444      -    -    -      691.00000  581.90499  15.8%     - 1430s
 25368 20723      -    -    -      691.00000  581.90499  15.8%     - 1439s
 25661 20886      -    -    -      690.00000  581.90499  15.7%     - 1450s
 25828 21222      -    -    -      690.00000  581.90499  15.7%     - 1458s
 26182 21357      -    -    -      690.00000  581.90499  15.7%     - 1466s
 26399 21569      -    -    -      690.00000  581.90499  15.7%     - 1474s
 26641 21814      -    -    -      690.00000  581.90499  15.7%     - 1483s
 26886 22072      -    -    -      690.00000  581.90499  15.7%     - 1491s
 27151 22212      -    -    -      690.00000  581.90499  15.7%     - 1501s
 27301 22523      -    -    -      690.00000  581.90499  15.7%     - 1509s
 27625 22652      -    -    -      690.00000  581.90499  15.7%     - 1518s
 27785 22861      -    -    -      690.00000  581.90499  15.7%     - 1526s
 27997 23059      -    -    -      690.00000  581.90499  15.7%     - 1535s
 28203 23297      -    -    -      690.00000  581.90499  15.7%     - 1543s
 28457 23516      -    -    -      690.00000  581.90499  15.7%     - 1551s
 28679 23669      -    -    -      690.00000  581.90499  15.7%     - 1559s
 28866 23847      -    -    -      690.00000  581.90499  15.7%     - 1568s
 29048 24068      -    -    -      690.00000  581.90499  15.7%     - 1576s
 29276 24283      -    -    -      690.00000  581.90499  15.7%     - 1585s
 29497 24456      -    -    -      690.00000  581.90499  15.7%     - 1593s
 29748 24580      -    -    -      690.00000  581.90499  15.7%     - 1601s
 29872 24746      -    -    -      690.00000  581.90499  15.7%     - 1609s
 30039 24926      -    -    -      690.00000  581.90499  15.7%     - 1618s
 30223 25047      -    -    -      690.00000  581.90499  15.7%     - 1626s
 30381 25249      -    -    -      690.00000  581.90499  15.7%     - 1634s
 30583 25481      -    -    -      690.00000  581.90499  15.7%     - 1643s
 30815 25682      -    -    -      690.00000  581.90499  15.7%     - 1652s
 31017 25883      -    -    -      690.00000  581.90499  15.7%     - 1661s
 31221 26095      -    -    -      690.00000  581.90499  15.7%     - 1669s
 31435 26269      -    -    -      690.00000  581.90499  15.7%     - 1680s
 31627 26402      -    -    -      690.00000  581.90499  15.7%     - 1691s
 31760 26450      -    -    -      690.00000  581.90499  15.7%     - 1701s
 31808 26499      -    -    -      690.00000  581.90499  15.7%     - 1711s
 31857 26570      -    -    -      690.00000  581.90499  15.7%     - 1720s
 31928 26614      -    -    -      690.00000  581.90499  15.7%     - 1730s
 31972 26694      -    -    -      690.00000  581.90636  15.7%     - 1740s
 32053 26734      -    -    -      690.00000  581.90636  15.7%     - 1751s
 32093 26781      -    -    -      690.00000  581.90636  15.7%     - 1761s
 32140 26829      -    -    -      690.00000  581.90636  15.7%     - 1772s
 32188 26928      -    -    -      690.00000  581.90636  15.7%     - 1782s
 32289 27029      -    -    -      690.00000  581.90659  15.7%     - 1794s
 32390 27109      -    -    -      690.00000  581.90659  15.7%     - 1806s
 32474 27173      -    -    -      690.00000  581.90659  15.7%     - 1817s
 32538 27236      -    -    -      690.00000  581.90659  15.7%     - 1828s
 32601 27304      -    -    -      690.00000  581.90659  15.7%     - 1839s
 32669 27392      -    -    -      690.00000  581.90659  15.7%     - 1851s
 32757 27503      -    -    -      690.00000  581.90659  15.7%     - 1863s
 32868 27576      -    -    -      690.00000  581.90659  15.7%     - 1875s
 32941 27654      -    -    -      690.00000  581.90659  15.7%     - 1887s
