
Gurobi 10.0.3 (linux64) logging started Sun Sep  1 13:47:40 2024

Set parameter LogFile to value "fwd/logs/w11-k1-s2.log"
Set parameter PoolSearchMode to value 2
Set parameter PoolSolutions to value 1
Set parameter Heuristics to value 1
Set parameter PoolGap to value 0
Set parameter Method to value 3
Set parameter ConcurrentMIP to value 64
Set parameter TimeLimit to value 43200
Set parameter Threads to value 128
Set parameter Threads to value 128
Gurobi Optimizer version 10.0.3 build v10.0.3rc0 (linux64)

CPU model: AMD EPYC 7742 64-Core Processor, instruction set [SSE2|AVX|AVX2]
Thread count: 64 physical cores, 128 logical processors, using up to 128 threads

Academic license 2533279 - for non-commercial use only - registered to bl___@rice.edu
Optimize a model with 352 rows, 6144 columns and 4096 nonzeros
Model fingerprint: 0x3306f943
Model has 8192 general constraints
Variable types: 0 continuous, 6144 integer (4096 binary)
Coefficient statistics:
  Matrix range     [1e+00, 1e+00]
  Objective range  [1e+00, 1e+00]
  Bounds range     [1e+00, 1e+01]
  RHS range        [1e+00, 2e+00]
  GenCon rhs range [1e+00, 1e+00]
  GenCon coe range [1e+00, 1e+00]

Concurrent MIP optimizer: 64 concurrent instances (2 threads per instance)


User MIP start produced solution with objective 748 (1.47s)
Loaded user MIP start with objective 748

Presolve added 12279 rows and 8185 columns
Presolve time: 0.20s
Presolved: 12631 rows, 14329 columns, 32749 nonzeros
Presolved model has 4094 SOS constraint(s)
Variable types: 0 continuous, 14329 integer (4094 binary)
Root relaxation presolved: 12631 rows, 14329 columns, 32749 nonzeros

Concurrent LP optimizer: dual simplex and barrier
Showing barrier log only...

Root barrier log...

Ordering time: 0.12s

Barrier performed 0 iterations in 1.92 seconds (0.13 work units)
Barrier solve interrupted - model solved by another algorithm


Solved with dual simplex

Root relaxation: objective 6.870000e+02, 4288 iterations, 0.18 seconds (0.03 work units)

    Nodes    |    Current Node    |     Objective Bounds      |     Work
 Expl Unexpl |  Obj  Depth IntInf | Incumbent    BestBd   Gap | It/Node Time

     0     0      -    -    -      748.00000  687.00000  8.16%     -    2s
     0     0      -    -    -      748.00000  687.00000  8.16%     -    2s
     0     0      -    -    -      748.00000  687.00000  8.16%     -    3s
     0     0      -    -    -      748.00000  687.00000  8.16%     -    4s
     0     0      -    -    -      748.00000  687.00000  8.16%     -    5s
     0     2      -    -    -      723.00000  687.00000  4.98%     -    9s
     3     6      -    -    -      723.00000  687.00000  4.98%     -   14s
     5     8      -    -    -      723.00000  687.00000  4.98%     -   15s
    11    15      -    -    -      720.00000  687.00000  4.58%     -   22s
    18    34      -    -    -      718.00000  687.00000  4.32%     -   27s
    33   121      -    -    -      717.00000  687.00000  4.18%     -   35s
   120   249      -    -    -      716.00000  687.00000  4.05%     -   45s
   248   346      -    -    -      714.00000  687.00000  3.78%     -   57s
   345   456      -    -    -      712.00000  687.00000  3.51%     -   70s
   455   582      -    -    -      710.00000  687.00000  3.24%     -   86s
   581   753      -    -    -      706.00000  687.00000  2.69%     -  101s
   752   905      -    -    -      704.00000  687.00000  2.41%     -  115s
   904   953      -    -    -      703.00000  687.00000  2.28%     -  131s
   952  1008      -    -    -      699.00000  687.00000  1.72%     -  150s
  1008  1044      -    -    -      698.00000  687.00000  1.58%     -  167s
  1044  1115      -    -    -      696.00000  687.00000  1.29%     -  190s
  1117  1176      -    -    -      694.00000  687.00000  1.01%     -  210s
  1178  1272      -    -    -      691.00000  687.00000  0.58%     -  237s
  1281  1347      -    -    -      690.00000  687.00000  0.43%     -  265s
  1363  1471      -    -    -      689.00000  687.00000  0.29%     -  296s
  1494  1541      -    -    -      687.00000  687.00000  0.00%     -  317s

Cutting planes:
  Learned: 3542
  Gomory: 92
  Implied bound: 680
  Zero half: 373
  Relax-and-lift: 202

Instance 43 was solved

Explored 2167 nodes (2689152 simplex iterations) in 317.52 seconds (160.42 work units)
Thread count was 2 (of 128 available processors)

Solution count 1: 687 

Optimal solution found (tolerance 1.00e-04)
Best objective 6.870000000000e+02, best bound 6.870000000000e+02, gap 0.0000%
