
Gurobi 10.0.3 (linux64) logging started Sun Sep  1 14:21:25 2024

Set parameter LogFile to value "fwd/logs/w12-k2-s2.log"

Gurobi 10.0.3 (linux64) logging started Sun Sep  1 14:21:25 2024

Set parameter LogFile to value "fwd/logs/w12-k2-s2.log"
Set parameter Heuristics to value 0.8
Set parameter Heuristics to value 0.8
Gurobi Optimizer version 10.0.3 build v10.0.3rc0 (linux64)

CPU model: AMD EPYC 7742 64-Core Processor, instruction set [SSE2|AVX|AVX2]
Thread count: 64 physical cores, 128 logical processors, using up to 128 threads

Academic license 2533279 - for non-commercial use only - registered to bl___@rice.edu
Optimize a model with 658 rows, 24576 columns and 8218 nonzeros
Model fingerprint: 0xb6296cfb
Model has 32768 general constraints
Variable types: 0 continuous, 24576 integer (16384 binary)
Coefficient statistics:
  Matrix range     [1e+00, 1e+00]
  Objective range  [1e+00, 1e+00]
  Bounds range     [1e+00, 1e+01]
  RHS range        [1e+00, 2e+00]
  GenCon rhs range [1e+00, 1e+00]
  GenCon coe range [1e+00, 1e+00]

Concurrent MIP optimizer: 64 concurrent instances (2 threads per instance)

Found heuristic solution: objective 16384.000000
Presolve added 49117 rows and 32761 columns
Presolve time: 0.79s
Presolved: 49775 rows, 57337 columns, 122861 nonzeros
Presolved model has 16382 SOS constraint(s)
Variable types: 0 continuous, 57337 integer (16382 binary)
Root relaxation presolved: 49775 rows, 57337 columns, 122861 nonzeros

Concurrent LP optimizer: dual simplex and barrier
Showing barrier log only...

Root barrier log...

Ordering time: 1.47s

Barrier statistics:
 AA' NZ     : 1.065e+05
 Factor NZ  : 6.802e+06 (roughly 100 MB of memory)
 Factor Ops : 9.580e+09 (less than 1 second per iteration)
 Threads    : 1

                  Objective                Residual
Iter       Primal          Dual         Primal    Dual     Compl     Time
   0   1.87226441e+04 -7.94574304e+04  1.21e+00 2.22e-16  1.73e+00     4s
   1   5.25040965e+03 -1.49068696e+04  4.88e-15 1.24e-02  1.65e-01     6s
   2   2.66643155e+03  4.87432552e+02  3.55e-15 4.44e-16  1.68e-02     8s
   3   1.98606876e+03  1.40597463e+03  4.62e-14 3.33e-16  4.42e-03    10s
   4   1.99673804e+03  1.88937713e+03  3.24e-13 4.44e-16  8.16e-04    12s
   5   1.94568599e+03  1.94516371e+03  3.94e-13 2.22e-16  3.97e-06    14s
   6   1.94550049e+03  1.94549878e+03  6.26e-13 4.44e-16  1.29e-08    15s
   7   1.94550000e+03  1.94549999e+03  7.80e-13 2.22e-16  5.14e-11    17s

Barrier solved model in 7 iterations and 17.21 seconds (3.25 work units)
Optimal objective 1.94550000e+03


Root crossover log...

       0 DPushes remaining with DInf 0.0000000e+00                17s

   21958 PPushes remaining with PInf 0.0000000e+00                17s
       0 PPushes remaining with PInf 2.0658333e+02                18s

  Push phase complete: Pinf 2.0658333e+02, Dinf 3.8857806e-16     18s


Root simplex log...

Iteration    Objective       Primal Inf.    Dual Inf.      Time
   21961    1.9455000e+03   6.001271e+03   0.000000e+00     19s
   25525    1.9455000e+03   1.568167e+03   0.000000e+00     20s
   31615    1.9455000e+03   0.000000e+00   0.000000e+00     22s

Solved with barrier

Root relaxation: objective 1.945500e+03, 31615 iterations, 19.96 seconds (3.37 work units)
Total elapsed time = 27.95s
Total elapsed time = 31.51s

    Nodes    |    Current Node    |     Objective Bounds      |     Work
 Expl Unexpl |  Obj  Depth IntInf | Incumbent    BestBd   Gap | It/Node Time

     0     0      -    -    -     16384.0000 1945.50000  88.1%     -   38s
     0     0      -    -    -     5149.00000 1945.50000  62.2%     -   54s
     0     0      -    -    -     4991.00000 1945.50000  61.0%     -  100s
