
Gurobi 10.0.3 (linux64) logging started Mon Sep  2 15:01:04 2024

Set parameter LogFile to value "fwd/logs/w2-k2-s4.log"

Gurobi 10.0.3 (linux64) logging started Mon Sep  2 15:01:04 2024

Set parameter LogFile to value "fwd/logs/w2-k2-s4.log"
Gurobi Optimizer version 10.0.3 build v10.0.3rc0 (linux64)

CPU model: AMD EPYC 7742 64-Core Processor, instruction set [SSE2|AVX|AVX2]
Thread count: 64 physical cores, 128 logical processors, using up to 128 threads

Academic license 2533279 - for non-commercial use only - registered to bl___@rice.edu
Optimize a model with 2506 rows, 320 columns and 16650 nonzeros
Model fingerprint: 0xde54b6c9
Model has 512 general constraints
Variable types: 0 continuous, 320 integer (256 binary)
Coefficient statistics:
  Matrix range     [1e+00, 1e+00]
  Objective range  [1e+00, 1e+00]
  Bounds range     [1e+00, 1e+00]
  RHS range        [1e+00, 4e+00]
  GenCon rhs range [1e+00, 1e+00]
  GenCon coe range [1e+00, 1e+00]

Concurrent MIP optimizer: 64 concurrent instances (2 threads per instance)

Found heuristic solution: objective 256.0000000
Presolve added 430 rows and 254 columns
Presolve time: 0.13s
Presolved: 2936 rows, 574 columns, 17850 nonzeros
Presolved model has 252 SOS constraint(s)
Variable types: 0 continuous, 574 integer (316 binary)
Root relaxation presolved: 2936 rows, 574 columns, 17850 nonzeros

Concurrent LP optimizer: dual simplex and barrier
Showing barrier log only...

Root relaxation presolved: 2936 rows, 574 columns, 17850 nonzeros

Root barrier log...

Ordering time: 1.11s

Barrier performed 0 iterations in 1.74 seconds (0.33 work units)
Barrier solve interrupted - model solved by another algorithm


Solved with dual simplex

Root relaxation: objective 1.560000e+02, 5782 iterations, 1.31 seconds (0.68 work units)

    Nodes    |    Current Node    |     Objective Bounds      |     Work
 Expl Unexpl |  Obj  Depth IntInf | Incumbent    BestBd   Gap | It/Node Time

     0     0      -    -    -      256.00000  156.00000  39.1%     -    2s
     0     0      -    -    -      180.00000  156.16667  13.2%     -    2s
     0     0      -    -    -      175.00000  156.43007  10.6%     -    3s
     0     0      -    -    -      173.00000  156.66667  9.44%     -    3s
     0     0      -    -    -      173.00000  156.66667  9.44%     -    3s
     0     0      -    -    -      173.00000  156.66667  9.44%     -    4s
     0     0      -    -    -      165.00000  156.66667  5.05%     -    4s
     0     0      -    -    -      165.00000  156.66667  5.05%     -    4s
     0     0      -    -    -      160.00000  156.66667  2.08%     -    5s
     0     0      -    -    -      160.00000  156.73343  2.04%     -    5s
     0     0      -    -    -      160.00000  156.75043  2.03%     -    6s
     0     0      -    -    -      160.00000  156.75594  2.03%     -    6s
     0     0      -    -    -      160.00000  156.75622  2.03%     -    6s
     0     0      -    -    -      160.00000  156.75653  2.03%     -    6s
     0     0      -    -    -      160.00000  156.75653  2.03%     -    6s
     0     0      -    -    -      160.00000  156.80852  1.99%     -    7s
     0     0      -    -    -      160.00000  156.80926  1.99%     -    7s
     0     0      -    -    -      160.00000  156.80933  1.99%     -    7s
     0     0      -    -    -      160.00000  156.83445  1.98%     -    7s
     0     0      -    -    -      160.00000  156.83746  1.98%     -    8s
     0     0      -    -    -      160.00000  156.83877  1.98%     -    8s
     0     0      -    -    -      159.00000  156.83877  1.36%     -    8s
     0     0      -    -    -      159.00000  156.94343  1.29%     -    8s
     0     0      -    -    -      159.00000  156.95923  1.28%     -    9s
     0     0      -    -    -      159.00000  156.96027  1.28%     -    9s
     0     0      -    -    -      159.00000  156.96032  1.28%     -    9s
     0     0      -    -    -      159.00000  157.29923  1.07%     -    9s
     0     0      -    -    -      159.00000  157.29923  1.07%     -   10s
     0     0      -    -    -      159.00000  157.29923  1.07%     -   10s
     0     0      -    -    -      159.00000  157.33333  1.05%     -   11s
     0     0      -    -    -      159.00000  157.33333  1.05%     -   11s
     0     0      -    -    -      159.00000  157.33333  1.05%     -   11s
     0     0      -    -    -      159.00000  157.33333  1.05%     -   12s
     0     0      -    -    -      159.00000  157.33333  1.05%     -   12s
     0     0      -    -    -      159.00000  157.33333  1.05%     -   12s
     0     0      -    -    -      159.00000  157.33333  1.05%     -   12s
     0     0      -    -    -      159.00000  157.33333  1.05%     -   13s
     0     0      -    -    -      159.00000  157.33333  1.05%     -   13s
     0     0      -    -    -      159.00000  157.33333  1.05%     -   13s
     0     0      -    -    -      159.00000  157.33333  1.05%     -   13s
     0     0      -    -    -      159.00000  157.33333  1.05%     -   14s
     0     0      -    -    -      159.00000  157.33333  1.05%     -   14s
     0     0      -    -    -      159.00000  157.33333  1.05%     -   14s
     0     0      -    -    -      159.00000  157.33333  1.05%     -   14s
     0     0      -    -    -      159.00000  157.33333  1.05%     -   15s
     0     0      -    -    -      159.00000  157.33333  1.05%     -   15s
     0     0      -    -    -      159.00000  157.33333  1.05%     -   15s
     0     0      -    -    -      159.00000  157.33333  1.05%     -   16s
     0     0      -    -    -      159.00000  157.35624  1.03%     -   16s
     0     0      -    -    -      159.00000  157.35624  1.03%     -   16s
     0     0      -    -    -      159.00000  157.35624  1.03%     -   17s
     0     0      -    -    -      159.00000  157.35624  1.03%     -   17s
     0     0      -    -    -      159.00000  157.35624  1.03%     -   18s
     0     0      -    -    -      159.00000  157.35624  1.03%     -   18s
     0     0      -    -    -      159.00000  157.35765  1.03%     -   19s
     0     0      -    -    -      159.00000  157.35765  1.03%     -   19s
     0     0      -    -    -      159.00000  157.35765  1.03%     -   19s
     0     0      -    -    -      159.00000  157.35765  1.03%     -   20s
     0     0      -    -    -      159.00000  157.35765  1.03%     -   20s
     0     0      -    -    -      159.00000  157.35765  1.03%     -   21s
     0     0      -    -    -      159.00000  157.35765  1.03%     -   21s
     0     2      -    -    -      159.00000  157.35770  1.03%     -   23s
     9    12      -    -    -      159.00000  157.44444  0.98%     -   25s

Cutting planes:
  Learned: 2
  Cover: 143
  Implied bound: 236
  Clique: 34
  MIR: 97
  Zero half: 123

Instance 23 was solved

Explored 160 nodes (185267 simplex iterations) in 27.45 seconds (41.67 work units)
Thread count was 2 (of 128 available processors)

Solution count 1: 159 

Optimal solution found (tolerance 1.00e-04)
Best objective 1.590000000000e+02, best bound 1.590000000000e+02, gap 0.0000%
