
Gurobi 10.0.3 (linux64) logging started Mon Sep  2 15:01:31 2024

Set parameter LogFile to value "fwd/logs/w2-k3-s4.log"

Gurobi 10.0.3 (linux64) logging started Mon Sep  2 15:01:31 2024

Set parameter LogFile to value "fwd/logs/w2-k3-s4.log"
Gurobi Optimizer version 10.0.3 build v10.0.3rc0 (linux64)

CPU model: AMD EPYC 7742 64-Core Processor, instruction set [SSE2|AVX|AVX2]
Thread count: 64 physical cores, 128 logical processors, using up to 128 threads

Academic license 2533279 - for non-commercial use only - registered to bl___@rice.edu
Optimize a model with 208 rows, 1280 columns and 1024 nonzeros
Model fingerprint: 0x2b8580e1
Model has 2048 general constraints
Variable types: 0 continuous, 1280 integer (1024 binary)
Coefficient statistics:
  Matrix range     [1e+00, 1e+00]
  Objective range  [1e+00, 1e+00]
  Bounds range     [1e+00, 1e+00]
  RHS range        [1e+00, 3e+00]
  GenCon rhs range [1e+00, 1e+00]
  GenCon coe range [1e+00, 1e+00]

Concurrent MIP optimizer: 64 concurrent instances (2 threads per instance)


Instance 6 was solved

Explored 1 nodes (2276 simplex iterations) in 0.19 seconds (0.05 work units)
Thread count was 2 (of 128 available processors)

Solution count 1: 616 

Optimal solution found (tolerance 1.00e-04)
Best objective 6.160000000000e+02, best bound 6.160000000000e+02, gap 0.0000%
