
Gurobi 10.0.3 (linux64) logging started Tue Sep  3 03:01:32 2024

Set parameter LogFile to value "fwd/logs/w2-k5-s4.log"

Gurobi 10.0.3 (linux64) logging started Tue Sep  3 03:01:32 2024

Set parameter LogFile to value "fwd/logs/w2-k5-s4.log"
Gurobi Optimizer version 10.0.3 build v10.0.3rc0 (linux64)

CPU model: AMD EPYC 7742 64-Core Processor, instruction set [SSE2|AVX|AVX2]
Thread count: 64 physical cores, 128 logical processors, using up to 128 threads

Academic license 2533279 - for non-commercial use only - registered to bl___@rice.edu
Optimize a model with 2344 rows, 20480 columns and 16384 nonzeros
Model fingerprint: 0xa95a8c30
Model has 32768 general constraints
Variable types: 0 continuous, 20480 integer (16384 binary)
Coefficient statistics:
  Matrix range     [1e+00, 1e+00]
  Objective range  [1e+00, 1e+00]
  Bounds range     [1e+00, 1e+00]
  RHS range        [1e+00, 4e+00]
  GenCon rhs range [1e+00, 1e+00]
  GenCon coe range [1e+00, 1e+00]

Concurrent MIP optimizer: 64 concurrent instances (2 threads per instance)


User MIP start produced solution with objective 9856 (1.41s)
Loaded user MIP start with objective 9856

Presolve added 32762 rows and 16382 columns
Presolve time: 2.48s
Presolved: 35106 rows, 36862 columns, 114654 nonzeros
Presolved model has 16380 SOS constraint(s)
Variable types: 0 continuous, 36862 integer (20476 binary)
Root relaxation presolved: 35106 rows, 36862 columns, 114654 nonzeros

Concurrent LP optimizer: dual simplex and barrier
Showing barrier log only...

Root barrier log...

Ordering time: 0.76s

Barrier performed 0 iterations in 5.02 seconds (0.68 work units)
Barrier solve interrupted - model solved by another algorithm


Solved with dual simplex

Root relaxation: objective 9.364000e+03, 15327 iterations, 0.98 seconds (0.09 work units)

    Nodes    |    Current Node    |     Objective Bounds      |     Work
 Expl Unexpl |  Obj  Depth IntInf | Incumbent    BestBd   Gap | It/Node Time

     0     0      -    -    -     9364.00000 9364.00000  0.00%     -    5s

Instance 8 was solved

Explored 1 nodes (66613 simplex iterations) in 5.29 seconds (1.55 work units)
Thread count was 2 (of 128 available processors)

Solution count 1: 9364 

Optimal solution found (tolerance 1.00e-04)
Best objective 9.364000000000e+03, best bound 9.364000000000e+03, gap 0.0000%
