Set parameter Username
Set parameter WLSAccessID
Set parameter WLSSecret
Set parameter LicenseID to value 2533279
Academic license 2533279 - for non-commercial use only - registered to bl___@rice.edu
Already completed!
	Command being timed: "/home/Users/blk6/Projects/winnowing-LB-manuscript/scripts/run-fwd.py -w 2 -k 3 --sigma 2"
	User time (seconds): 1.39
	System time (seconds): 7.06
	Percent of CPU this job got: 579%
	Elapsed (wall clock) time (h:mm:ss or m:ss): 0:01.46
	Average shared text size (kbytes): 0
	Average unshared data size (kbytes): 0
	Average stack size (kbytes): 0
	Average total size (kbytes): 0
	Maximum resident set size (kbytes): 104164
	Average resident set size (kbytes): 0
	Major (requiring I/O) page faults: 17
	Minor (reclaiming a frame) page faults: 20798
	Voluntary context switches: 6729
	Involuntary context switches: 5
	Swaps: 0
	File system inputs: 856
	File system outputs: 16
	Socket messages sent: 0
	Socket messages received: 0
	Signals delivered: 0
	Page size (bytes): 4096
	Exit status: 0
