
Gurobi 10.0.3 (linux64) logging started Sat Aug 31 18:30:30 2024

Set parameter LogFile to value "fwd/logs/w2-k6-s2.log"

Gurobi 10.0.3 (linux64) logging started Sat Aug 31 18:30:30 2024

Set parameter LogFile to value "fwd/logs/w2-k6-s2.log"
Gurobi Optimizer version 10.0.3 build v10.0.3rc0 (linux64)

CPU model: AMD EPYC 7742 64-Core Processor, instruction set [SSE2|AVX|AVX2]
Thread count: 64 physical cores, 128 logical processors, using up to 128 threads

Academic license 2533279 - for non-commercial use only - registered to bl___@rice.edu
Optimize a model with 898 rows, 384 columns and 9948 nonzeros
Model fingerprint: 0xc29823d7
Model has 512 general constraints
Variable types: 0 continuous, 384 integer (256 binary)
Coefficient statistics:
  Matrix range     [1e+00, 1e+00]
  Objective range  [1e+00, 1e+00]
  Bounds range     [1e+00, 1e+00]
  RHS range        [1e+00, 7e+00]
  GenCon rhs range [1e+00, 1e+00]
  GenCon coe range [1e+00, 1e+00]

Concurrent MIP optimizer: 64 concurrent instances (2 threads per instance)


User MIP start produced solution with objective 148 (0.20s)
Loaded user MIP start with objective 148

Presolve added 413 rows and 253 columns
Presolve time: 0.05s
Presolved: 1311 rows, 637 columns, 11191 nonzeros
Presolved model has 254 SOS constraint(s)
Variable types: 0 continuous, 637 integer (382 binary)
Root relaxation presolved: 1311 rows, 637 columns, 11191 nonzeros

Concurrent LP optimizer: dual simplex and barrier
Showing barrier log only...

Root barrier log...

Ordering time: 0.07s

Barrier statistics:
 AA' NZ     : 9.788e+04
 Factor NZ  : 4.811e+05 (roughly 5 MB of memory)
 Factor Ops : 2.513e+08 (less than 1 second per iteration)
 Threads    : 1

Barrier performed 0 iterations in 0.41 seconds (0.08 work units)
Barrier solve interrupted - model solved by another algorithm


Solved with dual simplex

Root relaxation: objective 1.430000e+02, 1364 iterations, 0.15 seconds (0.09 work units)

    Nodes    |    Current Node    |     Objective Bounds      |     Work
 Expl Unexpl |  Obj  Depth IntInf | Incumbent    BestBd   Gap | It/Node Time

     0     0      -    -    -      143.00000  143.00000  0.00%     -    0s

Instance 10 was solved

Explored 1 nodes (2318 simplex iterations) in 0.42 seconds (0.22 work units)
Thread count was 2 (of 128 available processors)

Solution count 1: 143 

Optimal solution found (tolerance 1.00e-04)
Best objective 1.430000000000e+02, best bound 1.430000000000e+02, gap 0.0000%
