
Gurobi 10.0.3 (linux64) logging started Sun Sep  1 19:32:19 2024

Set parameter LogFile to value "fwd/logs/w2-k3-s3.log"

Gurobi 10.0.3 (linux64) logging started Sun Sep  1 19:32:19 2024

Set parameter LogFile to value "fwd/logs/w2-k3-s3.log"
Gurobi Optimizer version 10.0.3 build v10.0.3rc0 (linux64)

CPU model: AMD EPYC 7742 64-Core Processor, instruction set [SSE2|AVX|AVX2]
Thread count: 64 physical cores, 128 logical processors, using up to 128 threads

Academic license 2533279 - for non-commercial use only - registered to bl___@rice.edu
Optimize a model with 51 rows, 324 columns and 243 nonzeros
Model fingerprint: 0x1872079b
Model has 486 general constraints
Variable types: 0 continuous, 324 integer (243 binary)
Coefficient statistics:
  Matrix range     [1e+00, 1e+00]
  Objective range  [1e+00, 1e+00]
  Bounds range     [1e+00, 1e+00]
  RHS range        [1e+00, 3e+00]
  GenCon rhs range [1e+00, 1e+00]
  GenCon coe range [1e+00, 1e+00]

Concurrent MIP optimizer: 64 concurrent instances (2 threads per instance)


Instance 37 was solved

Explored 1 nodes (405 simplex iterations) in 0.06 seconds (0.01 work units)
Thread count was 2 (of 128 available processors)

Solution count 1: 147 

Optimal solution found (tolerance 1.00e-04)
Best objective 1.470000000000e+02, best bound 1.470000000000e+02, gap 0.0000%
