
Gurobi 10.0.3 (linux64) logging started Sun Sep  1 19:36:09 2024

Set parameter LogFile to value "fwd/logs/w2-k5-s3.log"

Gurobi 10.0.3 (linux64) logging started Sun Sep  1 19:36:09 2024

Set parameter LogFile to value "fwd/logs/w2-k5-s3.log"
Gurobi Optimizer version 10.0.3 build v10.0.3rc0 (linux64)

CPU model: AMD EPYC 7742 64-Core Processor, instruction set [SSE2|AVX|AVX2]
Thread count: 64 physical cores, 128 logical processors, using up to 128 threads

Academic license 2533279 - for non-commercial use only - registered to bl___@rice.edu
Optimize a model with 315 rows, 2916 columns and 2187 nonzeros
Model fingerprint: 0xe4aaa033
Model has 4374 general constraints
Variable types: 0 continuous, 2916 integer (2187 binary)
Coefficient statistics:
  Matrix range     [1e+00, 1e+00]
  Objective range  [1e+00, 1e+00]
  Bounds range     [1e+00, 1e+00]
  RHS range        [1e+00, 4e+00]
  GenCon rhs range [1e+00, 1e+00]
  GenCon coe range [1e+00, 1e+00]

Concurrent MIP optimizer: 64 concurrent instances (2 threads per instance)


User MIP start produced solution with objective 1263 (0.17s)
Loaded user MIP start with objective 1263

Presolve added 4368 rows and 2184 columns
Presolve time: 0.10s

Instance 7 was solved

Explored 1 nodes (6243 simplex iterations) in 0.38 seconds (0.12 work units)
Thread count was 2 (of 128 available processors)

Solution count 1: 1251 

Optimal solution found (tolerance 1.00e-04)
Best objective 1.251000000000e+03, best bound 1.251000000000e+03, gap 0.0000%
