
Gurobi 10.0.3 (linux64) logging started Sun Sep  1 19:32:18 2024

Set parameter LogFile to value "fwd/logs/w2-k2-s3.log"

Gurobi 10.0.3 (linux64) logging started Sun Sep  1 19:32:18 2024

Set parameter LogFile to value "fwd/logs/w2-k2-s3.log"
Gurobi Optimizer version 10.0.3 build v10.0.3rc0 (linux64)

CPU model: AMD EPYC 7742 64-Core Processor, instruction set [SSE2|AVX|AVX2]
Thread count: 64 physical cores, 128 logical processors, using up to 128 threads

Academic license 2533279 - for non-commercial use only - registered to bl___@rice.edu
Optimize a model with 2125 rows, 108 columns and 17147 nonzeros
Model fingerprint: 0x511f6cf6
Model has 162 general constraints
Variable types: 0 continuous, 108 integer (81 binary)
Coefficient statistics:
  Matrix range     [1e+00, 1e+00]
  Objective range  [1e+00, 1e+00]
  Bounds range     [1e+00, 1e+00]
  RHS range        [1e+00, 5e+00]
  GenCon rhs range [1e+00, 1e+00]
  GenCon coe range [1e+00, 1e+00]

Concurrent MIP optimizer: 64 concurrent instances (2 threads per instance)

Found heuristic solution: objective 81.0000000
Presolve added 0 rows and 78 columns
Presolve removed 71 rows and 0 columns
Presolve time: 0.04s
Presolved: 2054 rows, 186 columns, 16473 nonzeros
Presolved model has 78 SOS constraint(s)
Variable types: 0 continuous, 186 integer (105 binary)

Root relaxation: interrupted, 0 iterations, 0.00 seconds (0.00 work units)

Instance 7 was solved

Explored 1 nodes (818 simplex iterations) in 0.21 seconds (0.16 work units)
Thread count was 2 (of 128 available processors)

Solution count 1: 51 

Optimal solution found (tolerance 1.00e-04)
Best objective 5.100000000000e+01, best bound 5.100000000000e+01, gap 0.0000%
