
Gurobi 10.0.3 (linux64) logging started Sun Sep  1 19:32:19 2024

Set parameter LogFile to value "fwd/logs/w2-k4-s3.log"

Gurobi 10.0.3 (linux64) logging started Sun Sep  1 19:32:19 2024

Set parameter LogFile to value "fwd/logs/w2-k4-s3.log"
Gurobi Optimizer version 10.0.3 build v10.0.3rc0 (linux64)

CPU model: AMD EPYC 7742 64-Core Processor, instruction set [SSE2|AVX|AVX2]
Thread count: 64 physical cores, 128 logical processors, using up to 128 threads

Academic license 2533279 - for non-commercial use only - registered to bl___@rice.edu
Optimize a model with 2558 rows, 972 columns and 21758 nonzeros
Model fingerprint: 0xd0323120
Model has 1458 general constraints
Variable types: 0 continuous, 972 integer (729 binary)
Coefficient statistics:
  Matrix range     [1e+00, 1e+00]
  Objective range  [1e+00, 1e+00]
  Bounds range     [1e+00, 1e+00]
  RHS range        [1e+00, 5e+00]
  GenCon rhs range [1e+00, 1e+00]
  GenCon coe range [1e+00, 1e+00]

Concurrent MIP optimizer: 64 concurrent instances (2 threads per instance)


User MIP start produced solution with objective 441 (0.14s)
Loaded user MIP start with objective 441

Presolve added 1401 rows and 726 columns
Presolve time: 0.09s
Presolved: 3959 rows, 1698 columns, 25983 nonzeros
Presolved model has 726 SOS constraint(s)
Variable types: 0 continuous, 1698 integer (969 binary)
Root relaxation presolved: 3959 rows, 1698 columns, 25983 nonzeros

Concurrent LP optimizer: dual simplex and barrier
Showing barrier log only...

Root barrier log...

Ordering time: 1.22s

Barrier statistics:
 AA' NZ     : 2.475e+05
 Factor NZ  : 4.209e+06 (roughly 36 MB of memory)
 Factor Ops : 6.361e+09 (less than 1 second per iteration)
 Threads    : 1

                  Objective                Residual
Iter       Primal          Dual         Primal    Dual     Compl     Time
   0   1.80302773e+03  2.25672084e+02  1.92e+00 2.22e-16  4.04e-01     2s
   1   5.23981623e+02  2.90950373e+02  4.44e-16 3.27e-05  3.54e-02     3s
   2   4.33928357e+02  3.94657480e+02  0.00e+00 1.16e-06  5.94e-03     4s
   3   4.21370268e+02  4.11336854e+02  6.66e-16 1.54e-07  1.52e-03     5s
   4   4.18853285e+02  4.17470490e+02  8.88e-16 7.44e-09  2.09e-04     5s
   5   4.18483128e+02  4.18155452e+02  1.24e-13 1.84e-09  4.95e-05     6s

Barrier performed 5 iterations in 6.53 seconds (1.90 work units)
Barrier solve interrupted - model solved by another algorithm


Solved with dual simplex

Root relaxation: objective 4.183043e+02, 16240 iterations, 6.27 seconds (3.83 work units)

    Nodes    |    Current Node    |     Objective Bounds      |     Work
 Expl Unexpl |  Obj  Depth IntInf | Incumbent    BestBd   Gap | It/Node Time

     0     0      -    -    -      441.00000  418.30435  5.15%     -    8s
     0     0      -    -    -      441.00000  418.30435  5.15%     -   12s
     0     0      -    -    -      441.00000  418.30435  5.15%     -   13s
     0     0      -    -    -      441.00000  418.56016  5.09%     -   21s
     0     0      -    -    -      438.00000  418.57102  4.44%     -   22s
     0     0      -    -    -      438.00000  418.57102  4.44%     -   23s
     0     0      -    -    -      438.00000  418.57102  4.44%     -   25s
     0     0      -    -    -      435.00000  418.57102  3.78%     -   27s
     0     0      -    -    -      435.00000  418.73852  3.74%     -   30s
     0     0      -    -    -      435.00000  418.73993  3.74%     -   31s
     0     0      -    -    -      435.00000  418.73993  3.74%     -   32s
     0     0      -    -    -      435.00000  419.08634  3.66%     -   35s
     0     0      -    -    -      429.00000  419.09602  2.31%     -   36s
     0     0      -    -    -      429.00000  419.09602  2.31%     -   37s
     0     0      -    -    -      429.00000  419.14779  2.30%     -   39s
     0     0      -    -    -      424.00000  419.14788  1.14%     -   41s
     0     0      -    -    -      423.00000  419.32544  0.87%     -   44s
     0     0      -    -    -      423.00000  419.32544  0.87%     -   46s
     0     0      -    -    -      423.00000  419.68966  0.78%     -   50s
     0     0      -    -    -      423.00000  419.69856  0.78%     -   53s
     0     0      -    -    -      423.00000  419.69856  0.78%     -   54s
     0     0      -    -    -      423.00000  419.70804  0.78%     -   57s
     0     0      -    -    -      423.00000  419.70987  0.78%     -   58s
     0     0      -    -    -      423.00000  419.71106  0.78%     -   60s
     0     0      -    -    -      423.00000  419.71258  0.78%     -   62s
     0     0      -    -    -      423.00000  419.72422  0.77%     -   66s
     0     2      -    -    -      421.00000  419.73485  0.30%     -   76s
     3     6      -    -    -      421.00000  419.73558  0.30%     -   82s
     7    10      -    -    -      421.00000  419.73703  0.30%     -   90s
    11    14      -    -    -      421.00000  419.73703  0.30%     -   96s
    17    18      -    -    -      421.00000  419.73703  0.30%     -  116s
    19    19      -    -    -      421.00000  419.75648  0.30%     -  123s
    20    20      -    -    -      421.00000  419.75648  0.30%     -  126s
    21    21      -    -    -      421.00000  419.75648  0.30%     -  133s
    22    24      -    -    -      421.00000  419.75648  0.30%     -  147s
    24    26      -    -    -      421.00000  419.75648  0.30%     -  150s
    28    28      -    -    -      421.00000  419.75648  0.30%     -  158s
    30    28      -    -    -      421.00000  419.75648  0.30%     -  164s
    32    29      -    -    -      421.00000  419.75648  0.30%     -  165s
    36    33      -    -    -      421.00000  419.75648  0.30%     -  170s
    43    35      -    -    -      421.00000  419.75648  0.30%     -  175s
    50    43      -    -    -      421.00000  419.75648  0.30%     -  181s
    58    46      -    -    -      421.00000  419.75648  0.30%     -  186s
    65    51      -    -    -      421.00000  419.75648  0.30%     -  190s
    73    56      -    -    -      421.00000  419.75648  0.30%     -  195s
    80    61      -    -    -      421.00000  419.75648  0.30%     -  199s
    85    56      -    -    -      421.00000  419.75648  0.30%     -  202s
    96    57      -    -    -      421.00000  419.75648  0.30%     -  206s
   103    62      -    -    -      421.00000  419.75648  0.30%     -  212s
   120    65      -    -    -      421.00000  419.75648  0.30%     -  218s
   127    66      -    -    -      421.00000  419.75648  0.30%     -  223s
   132    68      -    -    -      421.00000  419.75648  0.30%     -  226s

Instance 53 was solved

Explored 140 nodes (810506 simplex iterations) in 229.78 seconds (285.76 work units)
Thread count was 2 (of 128 available processors)

Solution count 1: 421 

Optimal solution found (tolerance 1.00e-04)
Best objective 4.210000000000e+02, best bound 4.210000000000e+02, gap 0.0000%
