Working on w=2, k=1, s=2
Set parameter Username
Set parameter WLSAccessID
Set parameter WLSSecret
Set parameter LicenseID to value 2533279
Academic license 2533279 - for non-commercial use only - registered to bl___@rice.edu
w=2, k=1, sigma=2  6/8  -->  0.75
Working on w=2, k=2, s=2
760 cycle constraints added...
w=2, k=2, sigma=2  10/16  -->  0.625
Working on w=2, k=3, s=2
w=2, k=3, sigma=2  20/32  -->  0.625
Working on w=2, k=4, s=2
784 cycle constraints added...
w=2, k=4, sigma=2  37/64  -->  0.578125
Working on w=2, k=5, s=2
w=2, k=5, sigma=2  74/128  -->  0.578125
Working on w=2, k=6, s=2
898 cycle constraints added...
w=2, k=6, sigma=2  143/256  -->  0.55859375
Working on w=2, k=7, s=2
w=2, k=7, sigma=2  286/512  -->  0.55859375
Working on w=2, k=8, s=2
942 cycle constraints added...
w=2, k=8, sigma=2  559/1024  -->  0.5458984375
Working on w=2, k=9, s=2
w=2, k=9, sigma=2  1118/2048  -->  0.5458984375
Working on w=2, k=10, s=2
957 cycle constraints added...
w=2, k=10, sigma=2  2206/4096  -->  0.53857421875
Working on w=2, k=11, s=2
w=2, k=11, sigma=2  4412/8192  -->  0.53857421875
Working on w=2, k=12, s=2
956 cycle constraints added...
Optimization terminated at non-zero gap = 2.86%
Working on w=2, k=13, s=2
Optimization terminated at non-zero gap = 0.06%
	Command being timed: "python /home/Users/blk6/Projects/winnowing-LB-manuscript/scripts/run-ilp.py -w 2 -k 1 2 3 4 5 6 7 8 9 10 11 12 13 14 --sigma 2 --threads 128 --output fwd --time-limit 43200"
	User time (seconds): 8250207.37
	System time (seconds): 12241.64
	Percent of CPU this job got: 9537%
	Elapsed (wall clock) time (h:mm:ss or m:ss): 24:03:52
	Average shared text size (kbytes): 0
	Average unshared data size (kbytes): 0
	Average stack size (kbytes): 0
	Average total size (kbytes): 0
	Maximum resident set size (kbytes): 116242988
	Average resident set size (kbytes): 0
	Major (requiring I/O) page faults: 19
	Minor (reclaiming a frame) page faults: 88719844
	Voluntary context switches: 2677958656
	Involuntary context switches: 6693876
	Swaps: 0
	File system inputs: 2736
	File system outputs: 59464
	Socket messages sent: 0
	Socket messages received: 0
	Signals delivered: 0
	Page size (bytes): 4096
	Exit status: 0
