
Gurobi 10.0.3 (linux64) logging started Sat Aug 31 18:30:29 2024

Set parameter LogFile to value "fwd/logs/w3-k2-s2.log"

Gurobi 10.0.3 (linux64) logging started Sat Aug 31 18:30:29 2024

Set parameter LogFile to value "fwd/logs/w3-k2-s2.log"
Set parameter Heuristics to value 0.8
Set parameter Heuristics to value 0.8
Gurobi Optimizer version 10.0.3 build v10.0.3rc0 (linux64)

CPU model: AMD EPYC 7742 64-Core Processor, instruction set [SSE2|AVX|AVX2]
Thread count: 64 physical cores, 128 logical processors, using up to 128 threads

Academic license 2533279 - for non-commercial use only - registered to bl___@rice.edu
Optimize a model with 576 rows, 48 columns and 3273 nonzeros
Model fingerprint: 0x4451a312
Model has 64 general constraints
Variable types: 0 continuous, 48 integer (32 binary)
Coefficient statistics:
  Matrix range     [1e+00, 1e+00]
  Objective range  [1e+00, 1e+00]
  Bounds range     [1e+00, 2e+00]
  RHS range        [1e+00, 5e+00]
  GenCon rhs range [1e+00, 1e+00]
  GenCon coe range [1e+00, 1e+00]

Concurrent MIP optimizer: 64 concurrent instances (2 threads per instance)


Instance 2 was solved

Explored 1 nodes (182 simplex iterations) in 0.05 seconds (0.01 work units)
Thread count was 2 (of 128 available processors)

Solution count 1: 15 

Optimal solution found (tolerance 1.00e-04)
Best objective 1.500000000000e+01, best bound 1.500000000000e+01, gap 0.0000%
