
Gurobi 10.0.3 (linux64) logging started Tue Sep  3 07:08:40 2024

Set parameter LogFile to value "fwd/logs/w3-k4-s4.log"

Gurobi 10.0.3 (linux64) logging started Tue Sep  3 07:08:40 2024

Set parameter LogFile to value "fwd/logs/w3-k4-s4.log"
Set parameter Heuristics to value 1
Set parameter Heuristics to value 1
Gurobi Optimizer version 10.0.3 build v10.0.3rc0 (linux64)

CPU model: AMD EPYC 7742 64-Core Processor, instruction set [SSE2|AVX|AVX2]
Thread count: 64 physical cores, 128 logical processors, using up to 128 threads

Academic license 2533279 - for non-commercial use only - registered to bl___@rice.edu
Optimize a model with 2344 rows, 20480 columns and 16384 nonzeros
Model fingerprint: 0x90053781
Model has 32768 general constraints
Variable types: 0 continuous, 20480 integer (16384 binary)
Coefficient statistics:
  Matrix range     [1e+00, 1e+00]
  Objective range  [1e+00, 1e+00]
  Bounds range     [1e+00, 2e+00]
  RHS range        [1e+00, 3e+00]
  GenCon rhs range [1e+00, 1e+00]
  GenCon coe range [1e+00, 1e+00]

Concurrent MIP optimizer: 64 concurrent instances (2 threads per instance)

Found heuristic solution: objective 16384.000000
Presolve added 49130 rows and 32750 columns
Presolve time: 1.79s
Presolved: 51474 rows, 53230 columns, 131022 nonzeros
Presolved model has 16380 SOS constraint(s)
Variable types: 0 continuous, 53230 integer (16380 binary)
Root relaxation presolved: 51474 rows, 53230 columns, 131022 nonzeros

Concurrent LP optimizer: dual simplex and barrier
Showing barrier log only...

Root barrier log...

Ordering time: 0.70s

Barrier performed 0 iterations in 4.13 seconds (0.50 work units)
Barrier solve interrupted - model solved by another algorithm


Solved with dual simplex

Root relaxation: objective 7.024000e+03, 14667 iterations, 0.99 seconds (0.12 work units)
Total elapsed time = 5.86s

    Nodes    |    Current Node    |     Objective Bounds      |     Work
 Expl Unexpl |  Obj  Depth IntInf | Incumbent    BestBd   Gap | It/Node Time

     0     0      -    -    -     16384.0000 7024.00000  57.1%     -   14s
     0     0      -    -    -     9453.00000 7024.00000  25.7%     -   27s
     0     0      -    -    -     9138.00000 7024.00000  23.1%     -   39s
     0     0      -    -    -     9138.00000 7024.00000  23.1%     -   63s
     0     0      -    -    -     9135.00000 7024.00000  23.1%     -   82s
     0     0      -    -    -     9135.00000 7024.00000  23.1%     -  115s
     0     0      -    -    -     8638.00000 7024.00000  18.7%     -  150s
     0     0      -    -    -     8331.00000 7024.00000  15.7%     -  473s
     0     0      -    -    -     8196.00000 7024.00000  14.3%     -  682s
     0     2      -    -    -     7727.00000 7024.00000  9.10%     - 1294s
     1     4      -    -    -     7689.00000 7024.00000  8.65%     - 1371s
     3     6      -    -    -     7622.00000 7024.00000  7.85%     - 1555s
     5     8      -    -    -     7554.00000 7024.00000  7.02%     - 1641s
     7    10      -    -    -     7554.00000 7024.00000  7.02%     - 1667s
     9    12      -    -    -     7428.00000 7024.00000  5.44%     - 1863s
    11    15      -    -    -     7427.00000 7024.00000  5.43%     - 1975s
    14    18      -    -    -     7427.00000 7024.00000  5.43%     - 2095s
    17    27      -    -    -     7427.00000 7024.00000  5.43%     - 2244s
    26    70      -    -    -     7427.00000 7024.00000  5.43%     - 2544s
    69   354      -    -    -     7425.00000 7024.00000  5.40%     - 2858s
   353   578      -    -    -     7425.00000 7024.00000  5.40%     - 3089s
   577   758      -    -    -     7425.00000 7024.00000  5.40%     - 3270s
   757   944      -    -    -     7425.00000 7024.00000  5.40%     - 3448s
   943  1114      -    -    -     7425.00000 7024.00000  5.40%     - 3606s
  1115  1383      -    -    -     7425.00000 7024.00000  5.40%     - 3791s
  1388  1632      -    -    -     7425.00000 7024.00000  5.40%     - 3962s
  1642  1901      -    -    -     7425.00000 7024.00000  5.40%     - 4172s
  1913  2160      -    -    -     7425.00000 7024.00000  5.40%     - 4340s
  2177  2462      -    -    -     7425.00000 7024.00000  5.40%     - 4505s
  2494  2766      -    -    -     7425.00000 7024.00000  5.40%     - 4668s
  2813  3104      -    -    -     7425.00000 7024.00000  5.40%     - 4875s
  3169  3465      -    -    -     7425.00000 7024.00000  5.40%     - 5088s
  3543  3840      -    -    -     7398.00000 7024.00000  5.06%     - 5289s
  3931  3841      -    -    -     7398.00000 7024.00000  5.06%     - 5350s
  3933  3842      -    -    -     7397.00000 7024.00000  5.04%     - 5361s
  3934  3843      -    -    -     7397.00000 7024.00000  5.04%     - 5379s
  3935  3844      -    -    -     7397.00000 7024.00000  5.04%     - 5391s
  3936  3651      -    -    -     7397.00000 7024.00000  5.04%     - 5418s
  3937  3652      -    -    -     7397.00000 7024.00000  5.04%     - 5429s
  3938  3653      -    -    -     7397.00000 7024.00000  5.04%     - 5463s
  3939  3653      -    -    -     7397.00000 7024.00000  5.04%     - 5564s
  3940  3471      -    -    -     7397.00000 7024.00000  5.04%     - 5904s
  3941  3472      -    -    -     7397.00000 7024.00000  5.04%     - 6584s
  3942  3472      -    -    -     7397.00000 7024.00000  5.04%     - 7798s
  3943  3473      -    -    -     7391.00000 7024.00000  4.97%     - 7997s
  3944  3301      -    -    -     7379.00000 7024.00000  4.81%     - 8691s
  3945  3304      -    -    -     7369.00000 7024.00000  4.68%     - 8960s
  3947  3306      -    -    -     7369.00000 7024.00000  4.68%     - 9001s
  3949  3307      -    -    -     7369.00000 7024.00000  4.68%     - 9057s
  3951  3308      -    -    -     7369.00000 7024.00000  4.68%     - 9109s
  3953  3310      -    -    -     7369.00000 7024.00000  4.68%     - 9166s
  3955  3311      -    -    -     7361.00000 7024.00000  4.58%     - 9220s
  3957  3312      -    -    -     7361.00000 7024.00000  4.58%     - 9271s
  3959  3314      -    -    -     7361.00000 7024.00000  4.58%     - 9311s
  3961  3315      -    -    -     7361.00000 7024.00000  4.58%     - 9358s
  3963  3316      -    -    -     7361.00000 7024.00000  4.58%     - 9394s
  3965  3324      -    -    -     7355.00000 7024.00000  4.50%     - 9531s
  3973  3341      -    -    -     7341.00000 7024.00000  4.32%     - 9874s
  3993  3214      -    -    -     7321.00000 7024.00000  4.06%     - 10646s
  4039  3599      -    -    -     7285.00000 7024.00000  3.58%     - 11620s
  4439  3596      -    -    -     7276.00000 7024.00000  3.46%     - 12060s
  5017  3429      -    -    -     7266.00000 7024.00000  3.33%     - 12290s
  5305  3485      -    -    -     7253.00000 7024.00000  3.16%     - 12515s
  5578  3342      -    -    -     7253.00000 7024.00000  3.16%     - 12749s
  5862  3303      -    -    -     7239.00000 7024.00000  2.97%     - 12975s
  6111  3318      -    -    -     7231.00000 7024.00000  2.86%     - 13201s
  6394  3280      -    -    -     7215.00000 7024.00000  2.65%     - 13435s
  6680  3338      -    -    -     7215.00000 7024.00000  2.65%     - 13670s
  6973  3332      -    -    -     7211.00000 7024.00000  2.59%     - 13899s
  7251  3580      -    -    -     7208.00000 7024.00000  2.55%     - 14143s
  7566  3901      -    -    -     7201.00000 7024.00000  2.46%     - 14402s
  7895  4209      -    -    -     7188.00000 7024.00000  2.28%     - 14665s
  8205  4556      -    -    -     7187.00000 7024.00000  2.27%     - 14931s
  8561  4924      -    -    -     7176.00000 7024.00000  2.12%     - 15208s
  8935  5269      -    -    -     7170.00000 7024.00000  2.04%     - 15507s
  9292  5678      -    -    -     7158.00000 7024.00000  1.87%     - 15783s
  9704  6109      -    -    -     7158.00000 7024.00000  1.87%     - 16065s
 10137  6562      -    -    -     7151.00000 7024.00000  1.78%     - 16321s
 10598  6990      -    -    -     7144.00000 7024.00000  1.68%     - 16583s
 11034  7213      -    -    -     7128.00000 7024.00000  1.46%     - 16874s
 11257  7527      -    -    -     7118.00000 7024.00000  1.32%     - 17180s
 11571  7832      -    -    -     7111.00000 7024.00000  1.22%     - 17467s
 11876  8130      -    -    -     7102.00000 7024.00000  1.10%     - 17756s
 12174  8438      -    -    -     7098.00000 7024.00000  1.04%     - 18054s
 12482  8738      -    -    -     7090.00000 7024.00000  0.93%     - 18353s
 12782  9053      -    -    -     7088.00000 7024.00000  0.90%     - 18651s
 13097  9358      -    -    -     7087.00000 7024.00000  0.89%     - 18963s
 13402  9664      -    -    -     7080.00000 7024.00000  0.79%     - 19274s
 13708  9988      -    -    -     7076.00000 7024.00000  0.73%     - 19588s
 14032 10271      -    -    -     7072.00000 7024.00000  0.68%     - 19898s
 14375 10243      -    -    -     7069.00000 7024.00000  0.64%     - 20071s
 14425 10233      -    -    -     7069.00000 7024.00000  0.64%     - 20209s
 14435 10244      -    -    -     7068.00000 7024.00000  0.62%     - 20355s
 14446 10255      -    -    -     7068.00000 7024.00000  0.62%     - 20471s
 14457 10181      -    -    -     7068.00000 7024.00000  0.62%     - 20608s
 14469 10195      -    -    -     7065.00000 7024.00000  0.58%     - 20739s
 14483 10205      -    -    -     7065.00000 7024.00000  0.58%     - 20883s
 14530 10311      -    -    -     7065.00000 7024.00000  0.58%     - 21054s
 14641 10345      -    -    -     7064.00000 7024.00000  0.57%     - 21234s
 14767 10491      -    -    -     7064.00000 7024.00000  0.57%     - 21461s
 14923 10572      -    -    -     7064.00000 7024.00000  0.57%     - 21705s
 15068 10807      -    -    -     7064.00000 7024.00000  0.57%     - 21957s
 15307 10980      -    -    -     7064.00000 7024.00000  0.57%     - 22209s
 15540 11189      -    -    -     7064.00000 7024.00000  0.57%     - 22478s
 15817 11503      -    -    -     7064.00000 7024.00000  0.57%     - 22774s
 16155 11821      -    -    -     7061.00000 7024.00000  0.52%     - 23067s
 16497 12093      -    -    -     7060.00000 7024.00000  0.51%     - 23360s
 16825 12313      -    -    -     7059.00000 7024.00000  0.50%     - 23647s
 17157 12702      -    -    -     7059.00000 7024.00000  0.50%     - 23944s
 17546 13040      -    -    -     7058.00000 7024.00000  0.48%     - 24235s
 17924 13385      -    -    -     7056.00000 7024.00000  0.45%     - 24513s
 18279 13733      -    -    -     7048.00000 7024.00000  0.34%     - 24808s
 18644 14071      -    -    -     7047.00000 7024.00000  0.33%     - 25116s
 19008 14395      -    -    -     7042.00000 7024.00000  0.26%     - 25432s
 19375 14729      -    -    -     7041.00000 7024.00000  0.24%     - 25730s
 19719 15255      -    -    -     7040.00000 7024.00000  0.23%     - 25977s
 20249 15632      -    -    -     7037.00000 7024.00000  0.18%     - 26275s
 20632 15994      -    -    -     7036.00000 7024.00000  0.17%     - 26562s
 21021 16400      -    -    -     7034.00000 7024.00000  0.14%     - 26837s
 21431 16786      -    -    -     7033.00000 7024.00000  0.13%     - 27116s
 21832 17035      -    -    -     7033.00000 7024.00000  0.13%     - 27416s
 22189 17410      -    -    -     7032.00000 7024.00000  0.11%     - 27694s
 22582 17753      -    -    -     7032.00000 7024.00000  0.11%     - 27968s
 22975 18163      -    -    -     7032.00000 7024.00000  0.11%     - 28226s
 23403 18479      -    -    -     7032.00000 7024.00000  0.11%     - 28502s
 23757 18682      -    -    -     7032.00000 7024.00000  0.11%     - 28775s
 24025 18935      -    -    -     7032.00000 7024.00000  0.11%     - 29034s
 24297 19195      -    -    -     7032.00000 7024.00000  0.11%     - 29279s
 24619 19181      -    -    -     7032.00000 7024.00000  0.11%     - 29525s
 24943 19446      -    -    -     7032.00000 7024.00000  0.11%     - 29758s
 25274 19654      -    -    -     7032.00000 7024.00000  0.11%     - 30007s
 25588 19964      -    -    -     7032.00000 7024.00000  0.11%     - 30247s
 25988 20299      -    -    -     7032.00000 7024.00000  0.11%     - 30469s
 26323 20117      -    -    -     7032.00000 7024.00000  0.11%     - 30687s
 26564 20371      -    -    -     7032.00000 7024.00000  0.11%     - 30923s
 26905 20671      -    -    -     7032.00000 7024.00000  0.11%     - 31161s
 27224 20761      -    -    -     7032.00000 7024.00000  0.11%     - 31393s
 27527 21021      -    -    -     7032.00000 7024.00000  0.11%     - 31616s
 27829 20900      -    -    -     7032.00000 7024.00000  0.11%     - 31824s
 28082 21097      -    -    -     7032.00000 7024.00000  0.11%     - 32033s
 28319 21060      -    -    -     7032.00000 7024.00000  0.11%     - 32231s
 28589 21258      -    -    -     7032.00000 7024.00000  0.11%     - 32435s
 28828 20744      -    -    -     7027.00000 7024.00000  0.04%     - 36523s
 28830 20948      -    -    -     7027.00000 7024.00000  0.04%     - 36735s
 29034 20589      -    -    -     7027.00000 7024.00000  0.04%     - 36949s
 29242 20708      -    -    -     7027.00000 7024.00000  0.04%     - 37168s
 29432 20852      -    -    -     7027.00000 7024.00000  0.04%     - 37396s
 29664 21009      -    -    -     7027.00000 7024.00000  0.04%     - 37618s
 29891 21214      -    -    -     7027.00000 7024.00000  0.04%     - 37823s
 30096 21457      -    -    -     7027.00000 7024.00000  0.04%     - 38040s
 30339 21593      -    -    -     7027.00000 7024.00000  0.04%     - 38266s
 30603 21595      -    -    -     7026.00000 7024.00000  0.03%     - 39115s
 30605 21990      -    -    -     7026.00000 7024.00000  0.03%     - 39395s
 31000 22385      -    -    -     7026.00000 7024.00000  0.03%     - 39673s
 31395 22768      -    -    -     7026.00000 7024.00000  0.03%     - 39956s
 31778 23155      -    -    -     7026.00000 7024.00000  0.03%     - 40236s
 32165 23512      -    -    -     7026.00000 7024.00000  0.03%     - 40509s
 32522 23873      -    -    -     7026.00000 7024.00000  0.03%     - 40790s
 32883 24224      -    -    -     7026.00000 7024.00000  0.03%     - 41062s
 33234 24585      -    -    -     7026.00000 7024.00000  0.03%     - 41349s
 33595 24936      -    -    -     7026.00000 7024.00000  0.03%     - 41628s
 33946 25282      -    -    -     7026.00000 7024.00000  0.03%     - 41907s
 34292 25669      -    -    -     7026.00000 7024.00000  0.03%     - 42186s
 34679 26159      -    -    -     7026.00000 7024.00000  0.03%     - 42423s
 35171 26652      -    -    -     7026.00000 7024.00000  0.03%     - 42639s
 35671 27123      -    -    -     7026.00000 7024.00000  0.03%     - 42836s
 36150 27428      -    -    -     7026.00000 7024.00000  0.03%     - 43063s
 36455 27738      -    -    -     7026.00000 7024.00000  0.03%     - 43200s

Cutting planes:
  Learned: 14390
  Gomory: 36
  Cover: 1291
  Implied bound: 1323
  MIR: 2
  Flow cover: 85
  Zero half: 1620
  Relax-and-lift: 1058

Instance 19 was solved

Explored 46192 nodes (468512195 simplex iterations) in 44332.19 seconds (9789.50 work units)
Thread count was 2 (of 128 available processors)

Solution count 1: 7026 

Time limit reached
Best objective 7.026000000000e+03, best bound 7.024000000000e+03, gap 0.0285%
