
Gurobi 10.0.3 (linux64) logging started Sat Aug 31 22:56:26 2024

Set parameter LogFile to value "fwd/logs/w3-k9-s2.log"

Gurobi 10.0.3 (linux64) logging started Sat Aug 31 22:56:26 2024

Set parameter LogFile to value "fwd/logs/w3-k9-s2.log"
Gurobi Optimizer version 10.0.3 build v10.0.3rc0 (linux64)

CPU model: AMD EPYC 7742 64-Core Processor, instruction set [SSE2|AVX|AVX2]
Thread count: 64 physical cores, 128 logical processors, using up to 128 threads

Academic license 2533279 - for non-commercial use only - registered to bl___@rice.edu
Optimize a model with 803 rows, 6144 columns and 9497 nonzeros
Model fingerprint: 0xd438ee02
Model has 8192 general constraints
Variable types: 0 continuous, 6144 integer (4096 binary)
Coefficient statistics:
  Matrix range     [1e+00, 1e+00]
  Objective range  [1e+00, 1e+00]
  Bounds range     [1e+00, 2e+00]
  RHS range        [1e+00, 5e+00]
  GenCon rhs range [1e+00, 1e+00]
  GenCon coe range [1e+00, 1e+00]

Concurrent MIP optimizer: 64 concurrent instances (2 threads per instance)


User MIP start produced solution with objective 1580 (0.32s)
Loaded user MIP start with objective 1580

Presolve added 12228 rows and 8185 columns
Presolve time: 0.21s
Presolved: 13031 rows, 14329 columns, 37971 nonzeros
Presolved model has 4094 SOS constraint(s)
Variable types: 0 continuous, 14329 integer (4094 binary)
Root relaxation presolved: 13031 rows, 14329 columns, 37971 nonzeros

Concurrent LP optimizer: dual simplex and barrier
Showing barrier log only...

Root barrier log...

Ordering time: 0.27s

Barrier statistics:
 AA' NZ     : 3.904e+04
 Factor NZ  : 1.224e+06 (roughly 20 MB of memory)
 Factor Ops : 6.446e+08 (less than 1 second per iteration)
 Threads    : 1

                  Objective                Residual
Iter       Primal          Dual         Primal    Dual     Compl     Time
   0   9.65119393e+03 -7.34896238e+03  1.97e+00 1.49e-02  1.14e+00     1s
   1   1.86264191e+03 -2.08391357e+03  3.12e-02 1.34e-04  1.20e-01     1s
   2   1.60024469e+03  1.44002219e+03  2.78e-03 4.46e-06  4.55e-03     1s
   3   1.57910816e+03  1.56685585e+03  3.51e-04 1.38e-07  3.29e-04     1s

Barrier performed 3 iterations in 1.38 seconds (0.30 work units)
Barrier solve interrupted - model solved by another algorithm


Solved with dual simplex

Root relaxation: objective 1.576000e+03, 8876 iterations, 0.79 seconds (0.33 work units)

    Nodes    |    Current Node    |     Objective Bounds      |     Work
 Expl Unexpl |  Obj  Depth IntInf | Incumbent    BestBd   Gap | It/Node Time

     0     0      -    -    -     1580.00000 1576.00000  0.25%     -    4s
     0     0      -    -    -     1579.00000 1576.00000  0.19%     -    6s
     0     0      -    -    -     1579.00000 1576.00000  0.19%     -   13s
     0     0      -    -    -     1579.00000 1576.00000  0.19%     -   42s
     0     0      -    -    -     1579.00000 1576.00000  0.19%     -   61s
     0     0      -    -    -     1579.00000 1576.00000  0.19%     -  140s
     0     0      -    -    -     1579.00000 1576.00000  0.19%     -  147s
     0     2      -    -    -     1579.00000 1576.00000  0.19%     -  177s
     3     6      -    -    -     1579.00000 1576.00000  0.19%     -  196s
     5     8      -    -    -     1579.00000 1576.00000  0.19%     -  224s
     7    10      -    -    -     1579.00000 1576.00000  0.19%     -  228s
     9    12      -    -    -     1579.00000 1576.00000  0.19%     -  259s
    11    14      -    -    -     1579.00000 1576.00000  0.19%     -  275s
    13    18      -    -    -     1579.00000 1576.00000  0.19%     -  291s
    17    23      -    -    -     1579.00000 1576.00000  0.19%     -  318s
    22    35      -    -    -     1578.00000 1576.00000  0.13%     -  392s
    34   100      -    -    -     1578.00000 1576.00000  0.13%     -  503s
    99   315      -    -    -     1578.00000 1576.00000  0.13%     -  761s
   314   570      -    -    -     1578.00000 1576.00000  0.13%     -  964s
   569   759      -    -    -     1578.00000 1576.00000  0.13%     - 1118s
   758   962      -    -    -     1578.00000 1576.00000  0.13%     - 1268s
   961  1173      -    -    -     1578.00000 1576.00000  0.13%     - 1418s
  1173  1392      -    -    -     1578.00000 1576.00000  0.13%     - 1561s
  1392  1591      -    -    -     1578.00000 1576.00000  0.13%     - 1711s
  1591  1741      -    -    -     1578.00000 1576.00000  0.13%     - 1853s
  1750  1933      -    -    -     1578.00000 1576.00000  0.13%     - 1990s
  1956  2108      -    -    -     1578.00000 1576.00000  0.13%     - 2100s
  2133  2262      -    -    -     1578.00000 1576.00000  0.13%     - 2200s
  2364  2263      -    -    -     1578.00000 1576.00000  0.13%     - 2292s
  2372  2264      -    -    -     1578.00000 1576.00000  0.13%     - 2412s
  2374  2265      -    -    -     1578.00000 1576.00000  0.13%     - 2415s
  2375  2266      -    -    -     1578.00000 1576.00000  0.13%     - 2421s
  2376  2267      -    -    -     1578.00000 1576.00000  0.13%     - 2428s
  2377  2267      -    -    -     1578.00000 1576.00000  0.13%     - 2465s
  2378  2268      -    -    -     1578.00000 1576.00000  0.13%     - 2500s
  2379  2269      -    -    -     1578.00000 1576.00000  0.13%     - 2576s
  2380  2269      -    -    -     1578.00000 1576.00000  0.13%     - 2664s
  2381  2270      -    -    -     1578.00000 1576.00000  0.13%     - 2777s
  2382  2271      -    -    -     1578.00000 1576.00000  0.13%     - 2817s
  2383  2271      -    -    -     1578.00000 1576.00000  0.13%     - 2842s
  2384  2275      -    -    -     1578.00000 1576.00000  0.13%     - 2858s
  2388  2278      -    -    -     1578.00000 1576.00000  0.13%     - 2860s
  2396  2283      -    -    -     1578.00000 1576.00000  0.13%     - 2865s
  2400  2286      -    -    -     1578.00000 1576.00000  0.13%     - 2870s
  2404  2292      -    -    -     1578.00000 1576.00000  0.13%     - 2875s
  2410  2297      -    -    -     1578.00000 1576.00000  0.13%     - 2882s
  2417  2320      -    -    -     1578.00000 1576.00000  0.13%     - 2894s
  2442  2357      -    -    -     1578.00000 1576.00000  0.13%     - 2918s
  2487  2490      -    -    -     1578.00000 1576.00000  0.13%     - 2976s
  2635  2578      -    -    -     1577.00000 1576.00000  0.06%     - 3029s
  2773  2668      -    -    -     1577.00000 1576.00000  0.06%     - 3080s
  2909  2782      -    -    -     1577.00000 1576.00000  0.06%     - 3134s
  3068  2859      -    -    -     1577.00000 1576.00000  0.06%     - 3188s
  3199  2942      -    -    -     1577.00000 1576.00000  0.06%     - 3245s
  3326  3032      -    -    -     1577.00000 1576.00000  0.06%     - 3304s
  3458  3109      -    -    -     1577.00000 1576.00000  0.06%     - 3368s
  3579  3192      -    -    -     1577.00000 1576.00000  0.06%     - 3432s
  3702  3279      -    -    -     1577.00000 1576.00000  0.06%     - 3504s
  3830  3351      -    -    -     1577.00000 1576.00000  0.06%     - 3581s
  3945  3427      -    -    -     1577.00000 1576.00000  0.06%     - 3670s
  4059  3518      -    -    -     1577.00000 1576.00000  0.06%     - 3766s
  4200  3594      -    -    -     1577.00000 1576.00000  0.06%     - 3860s
  4339  3629      -    -    -     1577.00000 1576.00000  0.06%     - 3962s
  4459  3651      -    -    -     1577.00000 1576.00000  0.06%     - 4073s
  4564  3709      -    -    -     1577.00000 1576.00000  0.06%     - 4180s
  4727  3806      -    -    -     1577.00000 1576.00000  0.06%     - 4291s
  4922  3936      -    -    -     1577.00000 1576.00000  0.06%     - 4386s
  5138  4120      -    -    -     1577.00000 1576.00000  0.06%     - 4480s
  5415  4289      -    -    -     1577.00000 1576.00000  0.06%     - 4579s
  5686  4432      -    -    -     1577.00000 1576.00000  0.06%     - 4688s
  5938  4510      -    -    -     1577.00000 1576.00000  0.06%     - 4800s
  6198  4692      -    -    -     1577.00000 1576.00000  0.06%     - 4912s
  6516  4807      -    -    -     1577.00000 1576.00000  0.06%     - 5035s
  6782  4938      -    -    -     1577.00000 1576.00000  0.06%     - 5164s
  7036  5082      -    -    -     1577.00000 1576.00000  0.06%     - 5293s
  7320  5199      -    -    -     1577.00000 1576.00000  0.06%     - 5427s
  7599  5414      -    -    -     1577.00000 1576.00000  0.06%     - 5558s
  7961  5487      -    -    -     1577.00000 1576.00000  0.06%     - 5679s
  8215  5580      -    -    -     1577.00000 1576.00000  0.06%     - 5802s
  8506  5664      -    -    -     1577.00000 1576.00000  0.06%     - 5925s
  8711  5626      -    -    -     1577.00000 1576.00000  0.06%     - 6019s
  8752  5652      -    -    -     1577.00000 1576.00000  0.06%     - 6121s
  8815  5639      -    -    -     1577.00000 1576.00000  0.06%     - 6259s
  8870  5673      -    -    -     1577.00000 1576.00000  0.06%     - 6403s
  8922  5683      -    -    -     1577.00000 1576.00000  0.06%     - 6608s
  8949  5685      -    -    -     1577.00000 1576.00000  0.06%     - 6794s
  8978  5723      -    -    -     1577.00000 1576.00000  0.06%     - 7005s
  9026  5709      -    -    -     1577.00000 1576.00000  0.06%     - 7118s
  9028  5748      -    -    -     1577.00000 1576.00000  0.06%     - 7405s
  9076  5734      -    -    -     1577.00000 1576.00000  0.06%     - 7531s
  9078  5782      -    -    -     1577.00000 1576.00000  0.06%     - 7719s
  9126  5768      -    -    -     1577.00000 1576.00000  0.06%     - 7837s
  9128  5821      -    -    -     1577.00000 1576.00000  0.06%     - 8060s
  9182  5853      -    -    -     1577.00000 1576.00000  0.06%     - 8201s
  9236  5876      -    -    -     1577.00000 1576.00000  0.06%     - 8404s
  9264  5925      -    -    -     1577.00000 1576.00000  0.06%     - 8681s
  9316  5970      -    -    -     1577.00000 1576.00000  0.06%     - 8846s
  9370  5982      -    -    -     1577.00000 1576.00000  0.06%     - 9050s
  9398  6019      -    -    -     1577.00000 1576.00000  0.06%     - 9238s
  9450  6059      -    -    -     1577.00000 1576.00000  0.06%     - 9433s
  9504  6061      -    -    -     1577.00000 1576.00000  0.06%     - 9621s
  9506  6197      -    -    -     1577.00000 1576.00000  0.06%     - 9779s
  9714  6215      -    -    -     1577.00000 1576.00000  0.06%     - 9946s
  9768  6216      -    -    -     1577.00000 1576.00000  0.06%     - 10202s
  9770  6311      -    -    -     1577.00000 1576.00000  0.06%     - 10336s
  9897  6422      -    -    -     1577.00000 1576.00000  0.06%     - 10477s
 10019  6423      -    -    -     1577.00000 1576.00000  0.06%     - 10629s
 10021  6469      -    -    -     1577.00000 1576.00000  0.06%     - 10802s
 10075  6471      -    -    -     1577.00000 1576.00000  0.06%     - 10926s
 10077  6583      -    -    -     1577.00000 1576.00000  0.06%     - 11133s
 10224  6725      -    -    -     1577.00000 1576.00000  0.06%     - 11329s
 10390  6726      -    -    -     1577.00000 1576.00000  0.06%     - 11564s
 10444  2737      -    -    -     1577.00000 1576.00000  0.06%     - 11801s
 10473  2715      -    -    -     1577.00000 1576.00000  0.06%     - 11811s
 10475  2716      -    -    -     1577.00000 1576.00000  0.06%     - 11817s
 10476  2717      -    -    -     1577.00000 1576.00000  0.06%     - 11825s
 10477  2718      -    -    -     1577.00000 1576.00000  0.06%     - 11833s
 10478  2718      -    -    -     1577.00000 1576.00000  0.06%     - 11897s
 10479  2719      -    -    -     1577.00000 1576.00000  0.06%     - 11926s
 10480  2720      -    -    -     1577.00000 1576.00000  0.06%     - 12060s
 10481  2720      -    -    -     1577.00000 1576.00000  0.06%     - 12131s
 10482  2721      -    -    -     1577.00000 1576.00000  0.06%     - 12284s
 10483  2722      -    -    -     1577.00000 1576.00000  0.06%     - 12327s
 10484  2722      -    -    -     1577.00000 1576.00000  0.06%     - 12488s
 10485  2723      -    -    -     1577.00000 1576.00000  0.06%     - 12537s
 10487  2727      -    -    -     1577.00000 1576.00000  0.06%     - 12552s
 10497  2734      -    -    -     1577.00000 1576.00000  0.06%     - 12556s
 10507  2746      -    -    -     1577.00000 1576.00000  0.06%     - 12560s
 10527  2780      -    -    -     1577.00000 1576.00000  0.06%     - 12572s
 10555  2826      -    -    -     1577.00000 1576.00000  0.06%     - 12587s
 10614  2887      -    -    -     1577.00000 1576.00000  0.06%     - 12618s
 10715  2919      -    -    -     1577.00000 1576.00000  0.06%     - 12652s
 10825  2899      -    -    -     1577.00000 1576.00000  0.06%     - 12684s
 10909  2937      -    -    -     1577.00000 1576.00000  0.06%     - 12721s
 11023  3024      -    -    -     1577.00000 1576.00000  0.06%     - 12761s
 11161  3072      -    -    -     1577.00000 1576.00000  0.06%     - 12801s
 11280  3104      -    -    -     1577.00000 1576.00000  0.06%     - 12834s
 11438  3177      -    -    -     1577.00000 1576.00000  0.06%     - 12872s
 11573  3246      -    -    -     1577.00000 1576.00000  0.06%     - 12911s
 11725  3316      -    -    -     1577.00000 1576.00000  0.06%     - 12951s
 11878  3439      -    -    -     1577.00000 1576.00000  0.06%     - 12997s
 12072  3534      -    -    -     1577.00000 1576.00000  0.06%     - 13043s
 12290  3639      -    -    -     1577.00000 1576.00000  0.06%     - 13091s
 12487  3762      -    -    -     1577.00000 1576.00000  0.06%     - 13141s
 12745  3851      -    -    -     1577.00000 1576.00000  0.06%     - 13191s
 12968  3975      -    -    -     1577.00000 1576.00000  0.06%     - 13243s
 13199  4084      -    -    -     1577.00000 1576.00000  0.06%     - 13295s
 13429  4283      -    -    -     1577.00000 1576.00000  0.06%     - 13355s
 13710  4383      -    -    -     1577.00000 1576.00000  0.06%     - 13415s
 13971  4411      -    -    -     1577.00000 1576.00000  0.06%     - 13479s
 14195  4529      -    -    -     1577.00000 1576.00000  0.06%     - 13545s
 14419  4621      -    -    -     1577.00000 1576.00000  0.06%     - 13611s
 14649  4757      -    -    -     1577.00000 1576.00000  0.06%     - 13677s
 14896  4839      -    -    -     1577.00000 1576.00000  0.06%     - 13747s
 15096  4903      -    -    -     1577.00000 1576.00000  0.06%     - 13825s
 15300  5022      -    -    -     1577.00000 1576.00000  0.06%     - 13904s
 15551  5109      -    -    -     1577.00000 1576.00000  0.06%     - 13983s
 15759  5200      -    -    -     1577.00000 1576.00000  0.06%     - 14063s
 15978  5297      -    -    -     1577.00000 1576.00000  0.06%     - 14148s
 16207  5415      -    -    -     1577.00000 1576.00000  0.06%     - 14235s
 16453  5440      -    -    -     1577.00000 1576.00000  0.06%     - 14324s
 16643  5503      -    -    -     1577.00000 1576.00000  0.06%     - 14412s
 16850  5637      -    -    -     1577.00000 1576.00000  0.06%     - 14503s
 17103  5690      -    -    -     1577.00000 1576.00000  0.06%     - 14595s
 17311  5739      -    -    -     1577.00000 1576.00000  0.06%     - 14684s
 17515  5862      -    -    -     1577.00000 1576.00000  0.06%     - 14777s
 17756  5883      -    -    -     1577.00000 1576.00000  0.06%     - 14868s
 17934  6014      -    -    -     1577.00000 1576.00000  0.06%     - 14959s
 18191  6071      -    -    -     1577.00000 1576.00000  0.06%     - 15052s
 18398  6048      -    -    -     1577.00000 1576.00000  0.06%     - 15121s
 18512  6088      -    -    -     1577.00000 1576.00000  0.06%     - 15186s
 18624  6211      -    -    -     1577.00000 1576.00000  0.06%     - 15280s
 18887  6375      -    -    -     1577.00000 1576.00000  0.06%     - 15374s
 19104  6500      -    -    -     1577.00000 1576.00000  0.06%     - 15467s
 19323  6657      -    -    -     1577.00000 1576.00000  0.06%     - 15561s
 19532  6795      -    -    -     1577.00000 1576.00000  0.06%     - 15658s
 19726  6903      -    -    -     1577.00000 1576.00000  0.06%     - 15759s
 19893  7005      -    -    -     1577.00000 1576.00000  0.06%     - 15850s
 20009  7102      -    -    -     1577.00000 1576.00000  0.06%     - 15949s
 20174  7306      -    -    -     1577.00000 1576.00000  0.06%     - 16052s
 20426  7420      -    -    -     1577.00000 1576.00000  0.06%     - 16150s
 20640  7514      -    -    -     1577.00000 1576.00000  0.06%     - 16255s
 20844  7561      -    -    -     1577.00000 1576.00000  0.06%     - 16361s
 21016  7666      -    -    -     1577.00000 1576.00000  0.06%     - 16467s
 21207  7724      -    -    -     1577.00000 1576.00000  0.06%     - 16574s
 21407  7886      -    -    -     1577.00000 1576.00000  0.06%     - 16683s
 21651  8071      -    -    -     1577.00000 1576.00000  0.06%     - 16791s
 21892  8141      -    -    -     1577.00000 1576.00000  0.06%     - 16884s
 21999  8248      -    -    -     1577.00000 1576.00000  0.06%     - 16992s
 22171  8496      -    -    -     1577.00000 1576.00000  0.06%     - 17108s
 22523  8536      -    -    -     1577.00000 1576.00000  0.06%     - 17215s
 22727  8646      -    -    -     1577.00000 1576.00000  0.06%     - 17335s
 22925  8723      -    -    -     1577.00000 1576.00000  0.06%     - 17442s
 23130  8733      -    -    -     1577.00000 1576.00000  0.06%     - 17560s
 23175  8747      -    -    -     1577.00000 1576.00000  0.06%     - 17644s
 23193  8774      -    -    -     1577.00000 1576.00000  0.06%     - 17750s
 23222  8763      -    -    -     1577.00000 1576.00000  0.06%     - 17856s
 23259  8782      -    -    -     1577.00000 1576.00000  0.06%     - 17957s
 23278  8822      -    -    -     1577.00000 1576.00000  0.06%     - 18046s
 23384  8895      -    -    -     1577.00000 1576.00000  0.06%     - 18147s
 23587  8969      -    -    -     1577.00000 1576.00000  0.06%     - 18263s
 23802  9034      -    -    -     1577.00000 1576.00000  0.06%     - 18377s
 24085  9144      -    -    -     1577.00000 1576.00000  0.06%     - 18494s
 24410  9271      -    -    -     1577.00000 1576.00000  0.06%     - 18635s
 24632  9485      -    -    -     1577.00000 1576.00000  0.06%     - 18764s
 24936  9564      -    -    -     1577.00000 1576.00000  0.06%     - 18874s
 25181  9687      -    -    -     1577.00000 1576.00000  0.06%     - 18997s
 25473  9719      -    -    -     1577.00000 1576.00000  0.06%     - 19084s
 25591  9861      -    -    -     1577.00000 1576.00000  0.06%     - 19221s
 25841 10005      -    -    -     1577.00000 1576.00000  0.06%     - 19342s
 26103 10065      -    -    -     1577.00000 1576.00000  0.06%     - 19474s
 26396 10131      -    -    -     1577.00000 1576.00000  0.06%     - 19597s
 26650 10263      -    -    -     1577.00000 1576.00000  0.06%     - 19725s
 26926 10409      -    -    -     1577.00000 1576.00000  0.06%     - 19833s
 27169 10579      -    -    -     1577.00000 1576.00000  0.06%     - 19963s
 27466 10737      -    -    -     1577.00000 1576.00000  0.06%     - 20100s
 27710 10926      -    -    -     1577.00000 1576.00000  0.06%     - 20223s
 28037 10986      -    -    -     1577.00000 1576.00000  0.06%     - 20326s
 28135 11160      -    -    -     1577.00000 1576.00000  0.06%     - 20462s
 28454 11293      -    -    -     1577.00000 1576.00000  0.06%     - 20584s
 28735 11418      -    -    -     1577.00000 1576.00000  0.06%     - 20718s
 28978 11568      -    -    -     1577.00000 1576.00000  0.06%     - 20852s
 29224 11687      -    -    -     1577.00000 1576.00000  0.06%     - 20986s
 29480 11746      -    -    -     1577.00000 1576.00000  0.06%     - 21130s
 29665 11822      -    -    -     1577.00000 1576.00000  0.06%     - 21242s
 29896 11907      -    -    -     1577.00000 1576.00000  0.06%     - 21334s
 30037 11973      -    -    -     1577.00000 1576.00000  0.06%     - 21478s
 30221 12119      -    -    -     1577.00000 1576.00000  0.06%     - 21589s
 30445 12243      -    -    -     1577.00000 1576.00000  0.06%     - 21736s
 30702 12330      -    -    -     1577.00000 1576.00000  0.06%     - 21865s
 30839 12403      -    -    -     1577.00000 1576.00000  0.06%     - 21993s
 31025 12486      -    -    -     1577.00000 1576.00000  0.06%     - 22129s
 31285 12634      -    -    -     1577.00000 1576.00000  0.06%     - 22270s
 31555 12695      -    -    -     1577.00000 1576.00000  0.06%     - 22412s
 31736 12903      -    -    -     1577.00000 1576.00000  0.06%     - 22546s
 32039 12941      -    -    -     1577.00000 1577.00000  0.00%     - 22579s

Cutting planes:
  Learned: 3086
  Gomory: 8
  Cover: 763
  Implied bound: 561
  MIR: 1
  Flow cover: 9
  Zero half: 301
  Relax-and-lift: 267

Instance 38 was solved

Explored 26746 nodes (87223672 simplex iterations) in 22581.00 seconds (18431.08 work units)
Thread count was 2 (of 128 available processors)

Solution count 1: 1577 

Optimal solution found (tolerance 1.00e-04)
Best objective 1.577000000000e+03, best bound 1.577000000000e+03, gap 0.0000%
