
Gurobi 10.0.3 (linux64) logging started Sun Sep  1 05:12:50 2024

Set parameter LogFile to value "fwd/logs/w3-k10-s2.log"

Gurobi 10.0.3 (linux64) logging started Sun Sep  1 05:12:50 2024

Set parameter LogFile to value "fwd/logs/w3-k10-s2.log"
Set parameter Heuristics to value 1
Set parameter Heuristics to value 1
Gurobi Optimizer version 10.0.3 build v10.0.3rc0 (linux64)

CPU model: AMD EPYC 7742 64-Core Processor, instruction set [SSE2|AVX|AVX2]
Thread count: 64 physical cores, 128 logical processors, using up to 128 threads

Academic license 2533279 - for non-commercial use only - registered to bl___@rice.edu
Optimize a model with 632 rows, 12288 columns and 8192 nonzeros
Model fingerprint: 0x9cf8b753
Model has 16384 general constraints
Variable types: 0 continuous, 12288 integer (8192 binary)
Coefficient statistics:
  Matrix range     [1e+00, 1e+00]
  Objective range  [1e+00, 1e+00]
  Bounds range     [1e+00, 2e+00]
  RHS range        [1e+00, 5e+00]
  GenCon rhs range [1e+00, 1e+00]
  GenCon coe range [1e+00, 1e+00]

Concurrent MIP optimizer: 64 concurrent instances (2 threads per instance)


User MIP start produced solution with objective 3154 (0.59s)
Loaded user MIP start with objective 3154

Presolve added 24567 rows and 16377 columns
Presolve time: 0.57s
Presolved: 25199 rows, 28665 columns, 65517 nonzeros
Presolved model has 8190 SOS constraint(s)
Variable types: 0 continuous, 28665 integer (8190 binary)
Root relaxation presolved: 25199 rows, 28665 columns, 65517 nonzeros

Concurrent LP optimizer: dual simplex and barrier
Showing barrier log only...

Root barrier log...

Ordering time: 0.25s

Barrier performed 0 iterations in 1.59 seconds (0.27 work units)
Barrier solve interrupted - model solved by another algorithm


Solved with dual simplex

Root relaxation: objective 3.152000e+03, 8001 iterations, 0.32 seconds (0.06 work units)

    Nodes    |    Current Node    |     Objective Bounds      |     Work
 Expl Unexpl |  Obj  Depth IntInf | Incumbent    BestBd   Gap | It/Node Time

     0     0      -    -    -     3154.00000 3152.00000  0.06%     -    2s
     0     0      -    -    -     3154.00000 3152.00000  0.06%     -   11s
     0     0      -    -    -     3154.00000 3152.00000  0.06%     -   21s
     0     0      -    -    -     3152.00000 3152.00000  0.00%     -   23s

Cutting planes:
  Learned: 6056
  Gomory: 1
  Implied bound: 259
  Zero half: 315
  Relax-and-lift: 119

Instance 1 was solved

Explored 1 nodes (77097 simplex iterations) in 23.93 seconds (6.33 work units)
Thread count was 2 (of 128 available processors)

Solution count 1: 3152 

Optimal solution found (tolerance 1.00e-04)
Best objective 3.152000000000e+03, best bound 3.152000000000e+03, gap 0.0000%
