
Gurobi 10.0.3 (linux64) logging started Sun Sep  1 19:51:12 2024

Set parameter LogFile to value "fwd/logs/w3-k3-s3.log"

Gurobi 10.0.3 (linux64) logging started Sun Sep  1 19:51:12 2024

Set parameter LogFile to value "fwd/logs/w3-k3-s3.log"
Gurobi Optimizer version 10.0.3 build v10.0.3rc0 (linux64)

CPU model: AMD EPYC 7742 64-Core Processor, instruction set [SSE2|AVX|AVX2]
Thread count: 64 physical cores, 128 logical processors, using up to 128 threads

Academic license 2533279 - for non-commercial use only - registered to bl___@rice.edu
Optimize a model with 1249 rows, 972 columns and 9024 nonzeros
Model fingerprint: 0xc7e4600b
Model has 1458 general constraints
Variable types: 0 continuous, 972 integer (729 binary)
Coefficient statistics:
  Matrix range     [1e+00, 1e+00]
  Objective range  [1e+00, 1e+00]
  Bounds range     [1e+00, 2e+00]
  RHS range        [1e+00, 3e+00]
  GenCon rhs range [1e+00, 1e+00]
  GenCon coe range [1e+00, 1e+00]

Concurrent MIP optimizer: 64 concurrent instances (2 threads per instance)


User MIP start produced solution with objective 333 (0.12s)
Loaded user MIP start with objective 333

Presolve added 2093 rows and 1446 columns
Presolve time: 0.05s
Presolved: 3342 rows, 2418 columns, 13857 nonzeros
Presolved model has 726 SOS constraint(s)
Variable types: 0 continuous, 2418 integer (726 binary)
Root relaxation presolved: 3342 rows, 2418 columns, 13857 nonzeros

Concurrent LP optimizer: dual simplex and barrier
Showing barrier log only...

Root barrier log...

Ordering time: 0.29s

Barrier statistics:
 AA' NZ     : 4.957e+04
 Factor NZ  : 1.014e+06 (roughly 10 MB of memory)
 Factor Ops : 7.850e+08 (less than 1 second per iteration)
 Threads    : 1

                  Objective                Residual
Iter       Primal          Dual         Primal    Dual     Compl     Time
   0   1.59351940e+03 -5.28531037e+02  1.80e+00 1.11e-16  5.78e-01     1s
   1   3.90868702e+02 -2.55387977e+01  7.52e-04 1.20e-05  6.21e-02     1s
   2   3.25444427e+02  2.57498120e+02  1.86e-04 6.71e-06  1.01e-02     1s
   3   3.15505315e+02  3.07306707e+02  2.04e-05 1.09e-07  1.22e-03     1s
   4   3.14167890e+02  3.14089619e+02  1.49e-08 1.01e-09  1.16e-05     1s
   5   3.14142995e+02  3.14142512e+02  6.71e-11 5.57e-12  7.18e-08     1s
   6   3.14142858e+02  3.14142854e+02  5.33e-13 4.13e-14  5.83e-10     1s
   7   3.14142857e+02  3.14142857e+02  1.34e-13 4.44e-16  5.83e-13     1s

Barrier solved model in 7 iterations and 1.25 seconds (0.35 work units)
Optimal objective 3.14142857e+02


Solved with barrier

Root relaxation: objective 3.141429e+02, 1894 iterations, 1.33 seconds (0.49 work units)

    Nodes    |    Current Node    |     Objective Bounds      |     Work
 Expl Unexpl |  Obj  Depth IntInf | Incumbent    BestBd   Gap | It/Node Time

     0     0      -    -    -      333.00000  314.14286  5.66%     -    2s
     0     0      -    -    -      333.00000  314.14286  5.66%     -    3s
     0     0      -    -    -      333.00000  314.14286  5.66%     -    4s
     0     0      -    -    -      333.00000  314.14286  5.66%     -    9s
     0     0      -    -    -      331.00000  314.14286  5.09%     -    9s
     0     0      -    -    -      331.00000  314.40524  5.01%     -   14s
     0     0      -    -    -      328.00000  314.46429  4.13%     -   16s
     0     2      -    -    -      318.00000  314.56416  1.08%     -   23s
     3     6      -    -    -      318.00000  314.56416  1.08%     -   29s
     5     8      -    -    -      318.00000  314.56416  1.08%     -   30s
    11    14      -    -    -      318.00000  314.56416  1.08%     -   36s
    18    29      -    -    -      318.00000  314.56416  1.08%     -   45s
    28    56      -    -    -      318.00000  314.56416  1.08%     -   54s
    56    57      -    -    -      318.00000  314.56416  1.08%     -   65s
    62    57      -    -    -      318.00000  314.56416  1.08%     -   70s
    67    60      -    -    -      318.00000  314.56416  1.08%     -   79s
    68    64      -    -    -      318.00000  314.56416  1.08%     -   81s
    84    75      -    -    -      318.00000  314.56416  1.08%     -   85s
    97    89      -    -    -      318.00000  314.56416  1.08%     -   90s
   105   116      -    -    -      318.00000  314.56416  1.08%     -   95s
   134   169      -    -    -      318.00000  314.56416  1.08%     -  104s
   197   233      -    -    -      318.00000  314.56416  1.08%     -  121s
   282   283      -    -    -      318.00000  314.56416  1.08%     -  140s
   349   359      -    -    -      318.00000  314.56416  1.08%     -  162s
   425   456      -    -    -      318.00000  314.56416  1.08%     -  186s
   552   570      -    -    -      318.00000  314.56416  1.08%     -  210s
   682   703      -    -    -      318.00000  314.56416  1.08%     -  235s
   815   838      -    -    -      318.00000  314.56416  1.08%     -  261s
   962   990      -    -    -      318.00000  314.56416  1.08%     -  287s
  1138  1140      -    -    -      318.00000  314.56416  1.08%     -  314s
  1288  1296      -    -    -      318.00000  314.56416  1.08%     -  341s
  1468  1366      -    -    -      318.00000  314.56416  1.08%     -  369s
  1663  1471      -    -    -      318.00000  314.56416  1.08%     -  397s
  1801  1609      -    -    -      318.00000  314.56416  1.08%     -  427s
  1959  1741      -    -    -      318.00000  314.56416  1.08%     -  458s
  2105  1923      -    -    -      318.00000  314.56416  1.08%     -  490s
  2335  2063      -    -    -      318.00000  314.56416  1.08%     -  524s
  2504  2222      -    -    -      318.00000  314.56416  1.08%     -  559s
  2683  2443      -    -    -      318.00000  314.56416  1.08%     -  595s
  2904  2651      -    -    -      318.00000  314.56416  1.08%     -  633s
  3174  2856      -    -    -      318.00000  314.56416  1.08%     -  674s
  3409  3018      -    -    -      318.00000  314.56416  1.08%     -  715s
  3612  3175      -    -    -      318.00000  314.56416  1.08%     -  759s
  3790  3356      -    -    -      318.00000  314.56416  1.08%     -  802s
  4025  3488      -    -    -      318.00000  314.56416  1.08%     -  847s
  4202  3723      -    -    -      318.00000  314.56416  1.08%     -  895s
  4476  3582      -    -    -      318.00000  314.56416  1.08%     -  944s
  4692  3775      -    -    -      318.00000  314.56416  1.08%     -  995s
  4919  3981      -    -    -      318.00000  314.56416  1.08%     - 1050s
  5187  4154      -    -    -      318.00000  314.56416  1.08%     - 1105s
  5418  4318      -    -    -      318.00000  314.56416  1.08%     - 1161s
  5652  4495      -    -    -      318.00000  314.56416  1.08%     - 1216s
  5889  4685      -    -    -      318.00000  314.56416  1.08%     - 1273s
  6131  4834      -    -    -      318.00000  314.56416  1.08%     - 1331s
  6346  4972      -    -    -      318.00000  314.56416  1.08%     - 1387s
  6550  5170      -    -    -      318.00000  314.56416  1.08%     - 1446s
  6802  5382      -    -    -      318.00000  314.56416  1.08%     - 1505s
  7084  5533      -    -    -      318.00000  314.56416  1.08%     - 1565s
  7317  5721      -    -    -      318.00000  314.56416  1.08%     - 1625s
  7596  5745      -    -    -      318.00000  314.56416  1.08%     - 1681s
  7632  5932      -    -    -      318.00000  314.56416  1.08%     - 1743s
  7889  5934      -    -    -      318.00000  314.56416  1.08%     - 1808s
  7891  5956      -    -    -      318.00000  314.56416  1.08%     - 1886s
  7945  6041      -    -    -      318.00000  314.56416  1.08%     - 1944s
  8064  6240      -    -    -      318.00000  314.56416  1.08%     - 2007s
  8320  6421      -    -    -      318.00000  314.56416  1.08%     - 2068s
  8585  6512      -    -    -      318.00000  314.56416  1.08%     - 2129s
  8700  6683      -    -    -      318.00000  314.56416  1.08%     - 2193s
  8973  6762      -    -    -      318.00000  314.56416  1.08%     - 2255s
  9090  6807      -    -    -      318.00000  314.56416  1.08%     - 2319s
  9176  6989      -    -    -      318.00000  314.56416  1.08%     - 2384s
  9444  7244      -    -    -      318.00000  314.56416  1.08%     - 2450s
  9725  7361      -    -    -      318.00000  314.56416  1.08%     - 2515s
  9944  7500      -    -    -      318.00000  314.56416  1.08%     - 2579s
 10099  7681      -    -    -      318.00000  314.56416  1.08%     - 2646s
 10387  7884      -    -    -      318.00000  314.56416  1.08%     - 2715s
 10675  7931      -    -    -      318.00000  314.56416  1.08%     - 2778s
 10736  7991      -    -    -      318.00000  314.56416  1.08%     - 2844s
 10820  8149      -    -    -      318.00000  314.56416  1.08%     - 2910s
 11018  8325      -    -    -      318.00000  314.56416  1.08%     - 2977s
 11266  8508      -    -    -      318.00000  314.56416  1.08%     - 3045s
 11532  8710      -    -    -      318.00000  314.56416  1.08%     - 3114s
 11793  8872      -    -    -      318.00000  314.56416  1.08%     - 3184s
 12023  9014      -    -    -      318.00000  314.56416  1.08%     - 3253s
 12252  9254      -    -    -      318.00000  314.56416  1.08%     - 3323s
 12574  9398      -    -    -      318.00000  314.56416  1.08%     - 3392s
 12818  9435      -    -    -      318.00000  314.56416  1.08%     - 3458s
 12855  9474      -    -    -      318.00000  314.56416  1.08%     - 3527s
 12908  9659      -    -    -      318.00000  314.56416  1.08%     - 3598s
 13127  9910      -    -    -      318.00000  314.56416  1.08%     - 3671s
 13481 10052      -    -    -      318.00000  314.56416  1.08%     - 3741s
 13735 10263      -    -    -      318.00000  314.56416  1.08%     - 3811s
 14032 10431      -    -    -      318.00000  314.56416  1.08%     - 3883s
 14310 10433      -    -    -      318.00000  314.56416  1.08%     - 3962s
 14318 10455      -    -    -      318.00000  314.56416  1.08%     - 4031s
 14368 10698      -    -    -      318.00000  314.56416  1.08%     - 4101s
 14635 10838      -    -    -      318.00000  314.56416  1.08%     - 4173s
 14825 11087      -    -    -      318.00000  314.56416  1.08%     - 4246s
 15150 11222      -    -    -      318.00000  314.56416  1.08%     - 4319s
 15377 11381      -    -    -      318.00000  314.56416  1.08%     - 4395s
 15624 11410      -    -    -      318.00000  314.56416  1.08%     - 4466s
 15669 11500      -    -    -      318.00000  314.56416  1.08%     - 4537s
 15775 11595      -    -    -      318.00000  314.56416  1.08%     - 4609s
 15936 11739      -    -    -      318.00000  314.56416  1.08%     - 4687s
 16190 11816      -    -    -      318.00000  314.56416  1.08%     - 4763s
 16341 11974      -    -    -      318.00000  314.56416  1.08%     - 4840s
 16523 12225      -    -    -      318.00000  314.56416  1.08%     - 4918s
 16888 12405      -    -    -      318.00000  314.56416  1.08%     - 4993s
 17128 12412      -    -    -      318.00000  314.56416  1.08%     - 5095s
 17137 12472      -    -    -      318.00000  314.56416  1.08%     - 5177s
 17225 12488      -    -    -      318.00000  314.56416  1.08%     - 5262s
 17241 12495      -    -    -      318.00000  314.56416  1.08%     - 5357s
 17248 12505      -    -    -      318.00000  314.56416  1.08%     - 5438s
 17266 12506      -    -    -      318.00000  314.56416  1.08%     - 5547s
 17295 12615      -    -    -      318.00000  314.56416  1.08%     - 5623s
 17484 12802      -    -    -      318.00000  314.56416  1.08%     - 5705s
 17715 12991      -    -    -      318.00000  314.56416  1.08%     - 5785s
 17992 13206      -    -    -      318.00000  314.56416  1.08%     - 5867s
 18318 13398      -    -    -      318.00000  314.56416  1.08%     - 5944s
 18590 13450      -    -    -      318.00000  314.56416  1.08%     - 6022s
 18654 13704      -    -    -      318.00000  314.56416  1.08%     - 6100s
 19042 13969      -    -    -      318.00000  314.56416  1.08%     - 6179s
 19450 14104      -    -    -      318.00000  314.56416  1.08%     - 6255s
 19621 14331      -    -    -      318.00000  314.56416  1.08%     - 6335s
 19968 14333      -    -    -      318.00000  314.56416  1.08%     - 6415s
 19970 14660      -    -    -      318.00000  314.56416  1.08%     - 6493s
 20361 14919      -    -    -      318.00000  314.56416  1.08%     - 6567s
 20733 15126      -    -    -      318.00000  314.56416  1.08%     - 6643s
 21048 15351      -    -    -      318.00000  314.56416  1.08%     - 6718s
 21341 15480      -    -    -      318.00000  314.56416  1.08%     - 6794s
 21584 15727      -    -    -      318.00000  314.56416  1.08%     - 6871s
 21938 15866      -    -    -      318.00000  314.56416  1.08%     - 6947s
 22149 16064      -    -    -      318.00000  314.56416  1.08%     - 7022s
 22406 16246      -    -    -      318.00000  314.56416  1.08%     - 7097s
 22645 16402      -    -    -      318.00000  314.56416  1.08%     - 7175s
 22869 16528      -    -    -      318.00000  314.56416  1.08%     - 7252s
 23087 16810      -    -    -      318.00000  314.56416  1.08%     - 7328s
 23518 16888      -    -    -      318.00000  314.56416  1.08%     - 7405s
 23640 17052      -    -    -      318.00000  314.56416  1.08%     - 7482s
 23921 17200      -    -    -      318.00000  314.56416  1.08%     - 7558s
 24145 17428      -    -    -      318.00000  314.56416  1.08%     - 7636s
 24454 17549      -    -    -      318.00000  314.56416  1.08%     - 7714s
 24630 17811      -    -    -      318.00000  314.56416  1.08%     - 7792s
 25055 18051      -    -    -      318.00000  314.56416  1.08%     - 7867s
 25377 18313      -    -    -      318.00000  314.56416  1.08%     - 7944s
 25771 18316      -    -    -      318.00000  314.56416  1.08%     - 8041s
 25776 18549      -    -    -      318.00000  314.56416  1.08%     - 8119s
 26037 18819      -    -    -      318.00000  314.56416  1.08%     - 8195s
 26444 18901      -    -    -      318.00000  314.56416  1.08%     - 8270s
 26576 19042      -    -    -      318.00000  314.56416  1.08%     - 8346s
 26785 19254      -    -    -      318.00000  314.56416  1.08%     - 8424s
 27097 19491      -    -    -      318.00000  314.56416  1.08%     - 8503s
 27429 19602      -    -    -      318.00000  314.56416  1.08%     - 8580s
 27608 19634      -    -    -      318.00000  314.56416  1.08%     - 8669s
 27658 19902      -    -    -      318.00000  314.56416  1.08%     - 8748s
 28009 20115      -    -    -      318.00000  314.56416  1.08%     - 8825s
 28386 20308      -    -    -      318.00000  314.56416  1.08%     - 8903s
 28684 20590      -    -    -      318.00000  314.56416  1.08%     - 8979s
 29076 20787      -    -    -      318.00000  314.56416  1.08%     - 9056s
 29356 20797      -    -    -      318.00000  314.56416  1.08%     - 9143s
 29388 21027      -    -    -      318.00000  314.56416  1.08%     - 9222s
 29729 21213      -    -    -      318.00000  314.56416  1.08%     - 9299s
 29933 21471      -    -    -      318.00000  314.56416  1.08%     - 9376s
 30316 21535      -    -    -      318.00000  314.56416  1.08%     - 9452s
 30452 21777      -    -    -      318.00000  314.56416  1.08%     - 9529s
 30856 21910      -    -    -      318.00000  314.56416  1.08%     - 9605s
 30999 22015      -    -    -      318.00000  314.56416  1.08%     - 9682s
 31169 22263      -    -    -      318.00000  314.56416  1.08%     - 9762s
 31529 22452      -    -    -      318.00000  314.56416  1.08%     - 9837s
 31756 22630      -    -    -      318.00000  314.56416  1.08%     - 9914s
 32079 22924      -    -    -      318.00000  314.56416  1.08%     - 9992s
 32515 23155      -    -    -      318.00000  314.56416  1.08%     - 10067s
 32881 23315      -    -    -      318.00000  314.56416  1.08%     - 10143s
 33091 23439      -    -    -      318.00000  314.56416  1.08%     - 10244s
 33297 23748      -    -    -      318.00000  314.56416  1.08%     - 10317s
 33736 23810      -    -    -      318.00000  314.56416  1.08%     - 10393s
 33818 23920      -    -    -      318.00000  314.56416  1.08%     - 10470s
 34033 24086      -    -    -      318.00000  314.56416  1.08%     - 10547s
 34218 24265      -    -    -      318.00000  314.56416  1.08%     - 10624s
 34521 24498      -    -    -      318.00000  314.56416  1.08%     - 10703s
 34860 24737      -    -    -      318.00000  314.56416  1.08%     - 10780s
 35189 25000      -    -    -      318.00000  314.56416  1.08%     - 10857s
 35566 25116      -    -    -      318.00000  314.56416  1.08%     - 10943s
 35751 25381      -    -    -      318.00000  314.56416  1.08%     - 11021s
 36099 25595      -    -    -      318.00000  314.56416  1.08%     - 11098s
 36430 25793      -    -    -      318.00000  314.56416  1.08%     - 11173s
 36710 25884      -    -    -      318.00000  314.56416  1.08%     - 11249s
 36867 26197      -    -    -      318.00000  314.56416  1.08%     - 11329s
 37266 26475      -    -    -      318.00000  314.56416  1.08%     - 11405s
 37622 26764      -    -    -      318.00000  314.56416  1.08%     - 11480s
 38044 26845      -    -    -      318.00000  314.56416  1.08%     - 11583s
 38150 27060      -    -    -      318.00000  314.56416  1.08%     - 11660s
 38408 27234      -    -    -      318.00000  314.56416  1.08%     - 11735s
 38686 27458      -    -    -      318.00000  314.56416  1.08%     - 11811s
 39084 27649      -    -    -      318.00000  314.56416  1.08%     - 11885s
 39339 27856      -    -    -      318.00000  314.56416  1.08%     - 11959s
 39697 28141      -    -    -      318.00000  314.56416  1.08%     - 12033s
 40080 28180      -    -    -      318.00000  314.56416  1.08%     - 12122s
 40141 28325      -    -    -      318.00000  314.56416  1.08%     - 12201s
 40342 28546      -    -    -      318.00000  314.56416  1.08%     - 12276s
 40717 28772      -    -    -      318.00000  314.56416  1.08%     - 12349s
 41093 28880      -    -    -      318.00000  314.56416  1.08%     - 12425s
 41279 28880      -    -    -      318.00000  314.56416  1.08%     - 12520s
 41284 29073      -    -    -      318.00000  314.56416  1.08%     - 12594s
 41594 29180      -    -    -      318.00000  314.56416  1.08%     - 12675s
 41767 29495      -    -    -      318.00000  314.56416  1.08%     - 12754s
 42172 29719      -    -    -      318.00000  314.56416  1.08%     - 12829s
 42553 29899      -    -    -      318.00000  314.56416  1.08%     - 12901s
 42867 30177      -    -    -      318.00000  314.56416  1.08%     - 12976s
 43253 30179      -    -    -      318.00000  314.56416  1.08%     - 13115s
 43255 30269      -    -    -      318.00000  314.56416  1.08%     - 13190s
 43404 30415      -    -    -      318.00000  314.56416  1.08%     - 13265s
 43656 30556      -    -    -      318.00000  314.56416  1.08%     - 13340s
 43889 30732      -    -    -      318.00000  314.56416  1.08%     - 13417s
 44181 31029      -    -    -      318.00000  314.56416  1.08%     - 13492s
 44590 31350      -    -    -      318.00000  314.56416  1.08%     - 13564s
 44981 31455      -    -    -      318.00000  314.56416  1.08%     - 13637s
 45175 31529      -    -    -      318.00000  314.56416  1.08%     - 13710s
 45381 31732      -    -    -      318.00000  314.56416  1.08%     - 13786s
 45632 31977      -    -    -      318.00000  314.56416  1.08%     - 13863s
 46042 32172      -    -    -      318.00000  314.56416  1.08%     - 13937s
 46395 32305      -    -    -      318.00000  314.56416  1.08%     - 14012s
 46544 32421      -    -    -      318.00000  314.56416  1.08%     - 14087s
 46704 32685      -    -    -      318.00000  314.56416  1.08%     - 14162s
 47104 32836      -    -    -      318.00000  314.56416  1.08%     - 14236s
 47357 33048      -    -    -      318.00000  314.56416  1.08%     - 14310s
 47743 33159      -    -    -      318.00000  314.56416  1.08%     - 14385s
 47912 33388      -    -    -      318.00000  314.56416  1.08%     - 14460s
 48243 33390      -    -    -      318.00000  314.56416  1.08%     - 14604s
 48245 33489      -    -    -      318.00000  314.56416  1.08%     - 14680s
 48381 33620      -    -    -      318.00000  314.56416  1.08%     - 14755s
 48612 33864      -    -    -      318.00000  314.56416  1.08%     - 14829s
 49038 33979      -    -    -      318.00000  314.56416  1.08%     - 14905s
 49208 34207      -    -    -      318.00000  314.56416  1.08%     - 14979s
 49561 34451      -    -    -      318.00000  314.56416  1.08%     - 15054s
 49871 34599      -    -    -      318.00000  314.56416  1.08%     - 15128s
 50165 34811      -    -    -      318.00000  314.56416  1.08%     - 15201s
 50573 34979      -    -    -      318.00000  314.56416  1.08%     - 15275s
 50851 35082      -    -    -      318.00000  314.56416  1.08%     - 15348s
 51058 35396      -    -    -      318.00000  314.56416  1.08%     - 15421s
 51461 35611      -    -    -      318.00000  314.56416  1.08%     - 15495s
 51750 35790      -    -    -      318.00000  314.56416  1.08%     - 15568s
 52073 35934      -    -    -      318.00000  314.56416  1.08%     - 15642s
 52271 36082      -    -    -      318.00000  314.56416  1.08%     - 15716s
 52485 36397      -    -    -      318.00000  314.56416  1.08%     - 15789s
 52924 36523      -    -    -      318.00000  314.56416  1.08%     - 15862s
 53120 36707      -    -    -      318.00000  314.56416  1.08%     - 15936s
 53356 36937      -    -    -      318.00000  314.56416  1.08%     - 16008s
 53737 37166      -    -    -      318.00000  314.56416  1.08%     - 16083s
 54076 37234      -    -    -      318.00000  314.56416  1.08%     - 16156s
 54208 37541      -    -    -      318.00000  314.56416  1.08%     - 16233s
 54601 37710      -    -    -      318.00000  314.56416  1.08%     - 16305s
 54873 37939      -    -    -      318.00000  314.56416  1.08%     - 16376s
 55222 38122      -    -    -      318.00000  314.56416  1.08%     - 16448s
 55571 38124      -    -    -      318.00000  314.56416  1.08%     - 16626s
 55573 38302      -    -    -      318.00000  314.56416  1.08%     - 16699s
 55838 38483      -    -    -      318.00000  314.56416  1.08%     - 16772s
 56140 38682      -    -    -      318.00000  314.56416  1.08%     - 16845s
 56419 38990      -    -    -      318.00000  314.56416  1.08%     - 16918s
 56824 39135      -    -    -      318.00000  314.56416  1.08%     - 16991s
 57045 39239      -    -    -      318.00000  314.56416  1.08%     - 17064s
 57231 39433      -    -    -      318.00000  314.56416  1.08%     - 17144s
 57593 39535      -    -    -      318.00000  314.56416  1.08%     - 17240s
 57739 39759      -    -    -      318.00000  314.56416  1.08%     - 17314s
 58059 40038      -    -    -      318.00000  314.56416  1.08%     - 17389s
 58444 40143      -    -    -      318.00000  314.56416  1.08%     - 17461s
 58615 40176      -    -    -      318.00000  314.56416  1.08%     - 17545s
 58676 40453      -    -    -      318.00000  314.56416  1.08%     - 17621s
 59055 40649      -    -    -      318.00000  314.56416  1.08%     - 17695s
 59307 40942      -    -    -      318.00000  314.56416  1.08%     - 17769s
 59725 41016      -    -    -      318.00000  314.56416  1.08%     - 17842s
 59909 41284      -    -    -      318.00000  314.56416  1.08%     - 17916s
 60279 41468      -    -    -      318.00000  314.56416  1.08%     - 17989s
 60611 41556      -    -    -      318.00000  314.56416  1.08%     - 18062s
 60777 41750      -    -    -      318.00000  314.56416  1.08%     - 18135s
 61147 41957      -    -    -      318.00000  314.56416  1.08%     - 18207s
 61548 41958      -    -    -      318.00000  314.56416  1.08%     - 18301s
 61553 42097      -    -    -      318.00000  314.56416  1.08%     - 18375s
 61732 42362      -    -    -      318.00000  314.56416  1.08%     - 18448s
 62140 42552      -    -    -      318.00000  314.56416  1.08%     - 18521s
 62338 42716      -    -    -      318.00000  314.56416  1.08%     - 18593s
 62624 42914      -    -    -      318.00000  314.56416  1.08%     - 18666s
 62952 43125      -    -    -      318.00000  314.56416  1.08%     - 18743s
 63321 43132      -    -    -      318.00000  314.56416  1.08%     - 18824s
 63336 43338      -    -    -      318.00000  314.56416  1.08%     - 18897s
 63611 43546      -    -    -      318.00000  314.56416  1.08%     - 18970s
 63907 43805      -    -    -      318.00000  314.56416  1.08%     - 19042s
 64313 43939      -    -    -      318.00000  314.56416  1.08%     - 19114s
 64539 44071      -    -    -      318.00000  314.56416  1.08%     - 19188s
 64713 44241      -    -    -      318.00000  314.56416  1.08%     - 19259s
 65043 44466      -    -    -      318.00000  314.56416  1.08%     - 19332s
 65336 44600      -    -    -      318.00000  314.56416  1.08%     - 19403s
 65596 44623      -    -    -      318.00000  314.56416  1.08%     - 19478s
 65682 44928      -    -    -      318.00000  314.56416  1.08%     - 19555s
 66067 45091      -    -    -      318.00000  314.56416  1.08%     - 19627s
 66406 45147      -    -    -      318.00000  314.56416  1.08%     - 19701s
 66491 45226      -    -    -      318.00000  314.56416  1.08%     - 19774s
 66592 45544      -    -    -      318.00000  314.56416  1.08%     - 19850s
 67034 45622      -    -    -      318.00000  314.56416  1.08%     - 19927s
 67156 45862      -    -    -      318.00000  314.56416  1.08%     - 20001s
 67415 46065      -    -    -      318.00000  314.56416  1.08%     - 20074s
 67748 46250      -    -    -      318.00000  314.56416  1.08%     - 20149s
 68006 46405      -    -    -      318.00000  314.56416  1.08%     - 20223s
 68241 46665      -    -    -      318.00000  314.56416  1.08%     - 20298s
 68631 46751      -    -    -      318.00000  314.56416  1.08%     - 20371s
 68771 47058      -    -    -      318.00000  314.56416  1.08%     - 20447s
 69192 47373      -    -    -      318.00000  314.56416  1.08%     - 20520s
 69620 47430      -    -    -      318.00000  314.56416  1.08%     - 20594s
 69715 47545      -    -    -      318.00000  314.56416  1.08%     - 20670s
 69858 47578      -    -    -      318.00000  314.56416  1.08%     - 20747s
 69935 47806      -    -    -      318.00000  314.56416  1.08%     - 20823s
 70315 47999      -    -    -      318.00000  314.56416  1.08%     - 20897s
 70634 48281      -    -    -      318.00000  314.56416  1.08%     - 20975s
 71013 48481      -    -    -      318.00000  314.56416  1.08%     - 21047s
 71341 48676      -    -    -      318.00000  314.56416  1.08%     - 21120s
 71618 48829      -    -    -      318.00000  314.56416  1.08%     - 21194s
 71853 48936      -    -    -      318.00000  314.56416  1.08%     - 21270s
 72014 49077      -    -    -      318.00000  314.56416  1.08%     - 21347s
 72255 49255      -    -    -      318.00000  314.56416  1.08%     - 21422s
 72533 49483      -    -    -      318.00000  314.56416  1.08%     - 21497s
 72887 49760      -    -    -      318.00000  314.56416  1.08%     - 21574s
 73293 49771      -    -    -      318.00000  314.56416  1.08%     - 21657s
 73318 49988      -    -    -      318.00000  314.56416  1.08%     - 21732s
 73619 50158      -    -    -      318.00000  314.56416  1.08%     - 21806s
 73902 50546      -    -    -      318.00000  314.56416  1.08%     - 21883s
 74396 50628      -    -    -      318.00000  314.56416  1.08%     - 21955s
 74554 50698      -    -    -      318.00000  314.56416  1.08%     - 22030s
 74670 50858      -    -    -      318.00000  314.56416  1.08%     - 22104s
 74892 51048      -    -    -      318.00000  314.56416  1.08%     - 22179s
 75251 51231      -    -    -      318.00000  314.56416  1.08%     - 22254s
 75560 51333      -    -    -      318.00000  314.56416  1.08%     - 22328s
 75714 51540      -    -    -      318.00000  314.56416  1.08%     - 22403s
 76047 51802      -    -    -      318.00000  314.56416  1.08%     - 22479s
 76419 51970      -    -    -      318.00000  314.56416  1.08%     - 22553s
 76669 52091      -    -    -      318.00000  314.56416  1.08%     - 22630s
 76844 52371      -    -    -      318.00000  314.56416  1.08%     - 22704s
 77238 52453      -    -    -      318.00000  314.56416  1.08%     - 22780s
 77390 52636      -    -    -      318.00000  314.56416  1.08%     - 22857s
 77687 52905      -    -    -      318.00000  314.56416  1.08%     - 22932s
 78097 53122      -    -    -      318.00000  314.56416  1.08%     - 23007s
 78408 53122      -    -    -      318.00000  314.56416  1.08%     - 23086s
 78451 53124      -    -    -      318.00000  314.56416  1.08%     - 23175s
 78453 53284      -    -    -      318.00000  314.56416  1.08%     - 23251s
 78696 53451      -    -    -      318.00000  314.56416  1.08%     - 23326s
 78955 53715      -    -    -      318.00000  314.56416  1.08%     - 23402s
 79335 53883      -    -    -      318.00000  314.56416  1.08%     - 23478s
 79624 54071      -    -    -      318.00000  314.56416  1.08%     - 23552s
 79882 54275      -    -    -      318.00000  314.56416  1.08%     - 23627s
 80274 54301      -    -    -      318.00000  314.56416  1.08%     - 23701s
 80338 54384      -    -    -      318.00000  314.56416  1.08%     - 23778s
 80462 54666      -    -    -      318.00000  314.56416  1.08%     - 23854s
 80896 54745      -    -    -      318.00000  314.56416  1.08%     - 23929s
 81027 54932      -    -    -      318.00000  314.56416  1.08%     - 24004s
 81381 55042      -    -    -      318.00000  314.56416  1.08%     - 24080s
 81577 55281      -    -    -      318.00000  314.56416  1.08%     - 24156s
 81918 55281      -    -    -      318.00000  314.56416  1.08%     - 24276s
 81921 55459      -    -    -      318.00000  314.56416  1.08%     - 24353s
 82142 55651      -    -    -      318.00000  314.56416  1.08%     - 24429s
 82522 55888      -    -    -      318.00000  314.56416  1.08%     - 24506s
 82930 55994      -    -    -      318.00000  314.56416  1.08%     - 24581s
 83074 56084      -    -    -      318.00000  314.56416  1.08%     - 24655s
 83258 56194      -    -    -      318.00000  314.56416  1.08%     - 24731s
 83467 56425      -    -    -      318.00000  314.56416  1.08%     - 24810s
 83848 56509      -    -    -      318.00000  314.56416  1.08%     - 24901s
 83933 56633      -    -    -      318.00000  314.56416  1.08%     - 24975s
 84181 56882      -    -    -      318.00000  314.56416  1.08%     - 25051s
 84536 57131      -    -    -      318.00000  314.56416  1.08%     - 25128s
 84940 57277      -    -    -      318.00000  314.56416  1.08%     - 25203s
 85170 57399      -    -    -      318.00000  314.56416  1.08%     - 25281s
 85360 57584      -    -    -      318.00000  314.56416  1.08%     - 25358s
 85693 57773      -    -    -      318.00000  314.56416  1.08%     - 25435s
 85948 57980      -    -    -      318.00000  314.56416  1.08%     - 25511s
 86261 58098      -    -    -      318.00000  314.56416  1.08%     - 25578s
 86513 58296      -    -    -      318.00000  314.56416  1.08%     - 25656s
 86850 58388      -    -    -      318.00000  314.56416  1.08%     - 25734s
 87015 58587      -    -    -      318.00000  314.56416  1.08%     - 25813s
 87316 58802      -    -    -      318.00000  314.56416  1.08%     - 25891s
 87670 59001      -    -    -      318.00000  314.56416  1.08%     - 25968s
 88045 59199      -    -    -      318.00000  314.56416  1.08%     - 26046s
 88348 59396      -    -    -      318.00000  314.56416  1.08%     - 26123s
 88653 59508      -    -    -      318.00000  314.56416  1.08%     - 26200s
 88806 59741      -    -    -      318.00000  314.56416  1.08%     - 26280s
 89139 59825      -    -    -      318.00000  314.56416  1.08%     - 26355s
 89307 60179      -    -    -      318.00000  314.56416  1.08%     - 26431s
 89767 60460      -    -    -      318.00000  314.56416  1.08%     - 26509s
 90146 60462      -    -    -      318.00000  314.56416  1.08%     - 26616s
 90148 60612      -    -    -      318.00000  314.56416  1.08%     - 26690s
 90408 60814      -    -    -      318.00000  314.56416  1.08%     - 26767s
 90699 61034      -    -    -      318.00000  314.56416  1.08%     - 26843s
 91059 61318      -    -    -      318.00000  314.56416  1.08%     - 26919s
 91475 61481      -    -    -      318.00000  314.56416  1.08%     - 26993s
 91712 61683      -    -    -      318.00000  314.56416  1.08%     - 27071s
 92015 61690      -    -    -      318.00000  314.56416  1.08%     - 27166s
 92035 61896      -    -    -      318.00000  314.56416  1.08%     - 27240s
 92307 62190      -    -    -      318.00000  314.56416  1.08%     - 27316s
 92715 62310      -    -    -      318.00000  314.56416  1.08%     - 27390s
 92926 62426      -    -    -      318.00000  314.56416  1.08%     - 27466s
 93098 62583      -    -    -      318.00000  314.56416  1.08%     - 27542s
 93362 62801      -    -    -      318.00000  314.56416  1.08%     - 27617s
 93730 62946      -    -    -      318.00000  314.56416  1.08%     - 27692s
 93941 63202      -    -    -      318.00000  314.56416  1.08%     - 27768s
 94342 63445      -    -    -      318.00000  314.56416  1.08%     - 27844s
 94697 63675      -    -    -      318.00000  314.56416  1.08%     - 27920s
 95049 63677      -    -    -      318.00000  314.56416  1.08%     - 28083s
 95051 63775      -    -    -      318.00000  314.56416  1.08%     - 28158s
 95190 64065      -    -    -      318.00000  314.56416  1.08%     - 28232s
 95594 64172      -    -    -      318.00000  314.56416  1.08%     - 28307s
 95771 64329      -    -    -      318.00000  314.56416  1.08%     - 28384s
 96052 64643      -    -    -      318.00000  314.56416  1.08%     - 28459s
 96480 64820      -    -    -      318.00000  314.56416  1.08%     - 28534s
 96750 64847      -    -    -      318.00000  314.56416  1.08%     - 28628s
 96798 64961      -    -    -      318.00000  314.56416  1.08%     - 28706s
 96938 65264      -    -    -      318.00000  314.56416  1.08%     - 28782s
 97343 65423      -    -    -      318.00000  314.56416  1.08%     - 28857s
 97566 65551      -    -    -      318.00000  314.56416  1.08%     - 28931s
 97814 65626      -    -    -      318.00000  314.56416  1.08%     - 29007s
 97940 65699      -    -    -      318.00000  314.56416  1.08%     - 29082s
 98079 65898      -    -    -      318.00000  314.56416  1.08%     - 29160s
 98377 66184      -    -    -      318.00000  314.56416  1.08%     - 29238s
 98791 66336      -    -    -      318.00000  314.56416  1.08%     - 29315s
 99001 66570      -    -    -      318.00000  314.56416  1.08%     - 29391s
 99350 66760      -    -    -      318.00000  314.56416  1.08%     - 29465s
 99642 67075      -    -    -      318.00000  314.56416  1.08%     - 29542s
 100061 67218      -    -    -      318.00000  314.56416  1.08%     - 29617s
 100277 67440      -    -    -      318.00000  314.56416  1.08%     - 29693s
 100607 67688      -    -    -      318.00000  314.56416  1.08%     - 29770s
 101002 67881      -    -    -      318.00000  314.56416  1.08%     - 29845s
 101301 67883      -    -    -      318.00000  314.56416  1.08%     - 29946s
 101303 67930      -    -    -      318.00000  314.56416  1.08%     - 30053s
 101356 68141      -    -    -      318.00000  314.56416  1.08%     - 30132s
 101665 68313      -    -    -      318.00000  314.56416  1.08%     - 30207s
 101885 68487      -    -    -      318.00000  314.56416  1.08%     - 30284s
 102111 68635      -    -    -      318.00000  314.56416  1.08%     - 30360s
 102390 68925      -    -    -      318.00000  314.56416  1.08%     - 30437s
 102807 69148      -    -    -      318.00000  314.56416  1.08%     - 30511s
 103186 69315      -    -    -      318.00000  314.56416  1.08%     - 30586s
 103458 69314      -    -    -      318.00000  314.56416  1.08%     - 30686s
 103463 69571      -    -    -      318.00000  314.56416  1.08%     - 30762s
 103802 69788      -    -    -      318.00000  314.56416  1.08%     - 30835s
 104198 69920      -    -    -      318.00000  314.56416  1.08%     - 30912s
 104422 70144      -    -    -      318.00000  314.56416  1.08%     - 30986s
 104811 70270      -    -    -      318.00000  314.56416  1.08%     - 31060s
 105007 70467      -    -    -      318.00000  314.56416  1.08%     - 31136s
 105330 70469      -    -    -      318.00000  314.56416  1.08%     - 31296s
 105332 70755      -    -    -      318.00000  314.56416  1.08%     - 31371s
 105756 70791      -    -    -      318.00000  314.56416  1.08%     - 31445s
 105818 71013      -    -    -      318.00000  314.56416  1.08%     - 31522s
 106128 71104      -    -    -      318.00000  314.56416  1.08%     - 31598s
 106262 71415      -    -    -      318.00000  314.56416  1.08%     - 31674s
 106680 71595      -    -    -      318.00000  314.56416  1.08%     - 31748s
 106981 71676      -    -    -      318.00000  314.56416  1.08%     - 31822s
 107100 71879      -    -    -      318.00000  314.56416  1.08%     - 31897s
 107382 72122      -    -    -      318.00000  314.56416  1.08%     - 31972s
 107767 72296      -    -    -      318.00000  314.56416  1.08%     - 32046s
 108096 72298      -    -    -      318.00000  314.56416  1.08%     - 32169s
 108098 72477      -    -    -      318.00000  314.56416  1.08%     - 32244s
 108375 72630      -    -    -      318.00000  314.56416  1.08%     - 32318s
 108637 72883      -    -    -      318.00000  314.56416  1.08%     - 32393s
 109006 72949      -    -    -      318.00000  314.56416  1.08%     - 32468s
 109137 73220      -    -    -      318.00000  314.56416  1.08%     - 32542s
 109541 73309      -    -    -      318.00000  314.56416  1.08%     - 32615s
 109676 73483      -    -    -      318.00000  314.56416  1.08%     - 32691s
 109916 73511      -    -    -      318.00000  314.56416  1.08%     - 32767s
 109953 73748      -    -    -      318.00000  314.56416  1.08%     - 32844s
 110316 73942      -    -    -      318.00000  314.56416  1.08%     - 32918s
 110608 74110      -    -    -      318.00000  314.56416  1.08%     - 32993s
 110870 74321      -    -    -      318.00000  314.56416  1.08%     - 33067s
 111235 74488      -    -    -      318.00000  314.56416  1.08%     - 33145s
 111518 74627      -    -    -      318.00000  314.56416  1.08%     - 33220s
 111729 74828      -    -    -      318.00000  314.56416  1.08%     - 33295s
 111994 75078      -    -    -      318.00000  314.56416  1.08%     - 33371s
 112382 75317      -    -    -      318.00000  314.56416  1.08%     - 33445s
 112739 75418      -    -    -      318.00000  314.56416  1.08%     - 33533s
 112854 75664      -    -    -      318.00000  314.56416  1.08%     - 33609s
 113198 75832      -    -    -      318.00000  314.56416  1.08%     - 33685s
 113440 75905      -    -    -      318.00000  314.56416  1.08%     - 33761s
 113578 76138      -    -    -      318.00000  314.56416  1.08%     - 33840s
 113960 76274      -    -    -      318.00000  314.56416  1.08%     - 33913s
 114225 76376      -    -    -      318.00000  314.56416  1.08%     - 33990s
 114379 76682      -    -    -      318.00000  314.56416  1.08%     - 34067s
 114763 76848      -    -    -      318.00000  314.56416  1.08%     - 34143s
 115056 76933      -    -    -      318.00000  314.56416  1.08%     - 34219s
 115217 77213      -    -    -      318.00000  314.56416  1.08%     - 34296s
 115624 77342      -    -    -      318.00000  314.56416  1.08%     - 34372s
 115867 77572      -    -    -      318.00000  314.56416  1.08%     - 34448s
 116205 77595      -    -    -      318.00000  314.56416  1.08%     - 34551s
 116250 77597      -    -    -      318.00000  314.56416  1.08%     - 34656s
 116252 77857      -    -    -      318.00000  314.56416  1.08%     - 34732s
 116669 78002      -    -    -      318.00000  314.56416  1.08%     - 34809s
 116906 78145      -    -    -      318.00000  314.56416  1.08%     - 34886s
 117107 78376      -    -    -      318.00000  314.56416  1.08%     - 34963s
 117476 78425      -    -    -      318.00000  314.56416  1.08%     - 35037s
 117553 78530      -    -    -      318.00000  314.56416  1.08%     - 35114s
 117710 78751      -    -    -      318.00000  314.56416  1.08%     - 35191s
 118013 79068      -    -    -      318.00000  314.56416  1.08%     - 35268s
 118456 79248      -    -    -      318.00000  314.56416  1.08%     - 35344s
 118748 79347      -    -    -      318.00000  314.56416  1.08%     - 35423s
 118905 79549      -    -    -      318.00000  314.56416  1.08%     - 35501s
 119202 79774      -    -    -      318.00000  314.56416  1.08%     - 35575s
 119598 79910      -    -    -      318.00000  314.56416  1.08%     - 35695s
 119772 80158      -    -    -      318.00000  314.56416  1.08%     - 35773s
 120174 80198      -    -    -      318.00000  314.56416  1.08%     - 35852s
 120232 80501      -    -    -      318.00000  314.56416  1.08%     - 35929s
 120669 80499      -    -    -      318.00000  314.56416  1.08%     - 36055s
 120675 80622      -    -    -      318.00000  314.56416  1.08%     - 36132s
 120878 80814      -    -    -      318.00000  314.56416  1.08%     - 36209s
 121152 81048      -    -    -      318.00000  314.56416  1.08%     - 36286s
 121549 81050      -    -    -      318.00000  314.56416  1.08%     - 36374s
 121551 81158      -    -    -      318.00000  314.56416  1.08%     - 36452s
 121731 81234      -    -    -      318.00000  314.56416  1.08%     - 36539s
 121835 81575      -    -    -      318.00000  314.56416  1.08%     - 36616s
 122301 81696      -    -    -      318.00000  314.56416  1.08%     - 36692s
 122509 81929      -    -    -      318.00000  314.56416  1.08%     - 36769s
 122797 82148      -    -    -      318.00000  314.56416  1.08%     - 36849s
 123144 82255      -    -    -      318.00000  314.56416  1.08%     - 36927s
 123299 82425      -    -    -      318.00000  314.56416  1.08%     - 37004s
 123609 82752      -    -    -      318.00000  314.56416  1.08%     - 37081s
 124034 82854      -    -    -      318.00000  314.56416  1.08%     - 37155s
 124263 83064      -    -    -      318.00000  314.56416  1.08%     - 37231s
 124566 83208      -    -    -      318.00000  314.56416  1.08%     - 37305s
 124827 83489      -    -    -      318.00000  314.56416  1.08%     - 37384s
 125168 83501      -    -    -      318.00000  314.56416  1.08%     - 37479s
 125180 83673      -    -    -      318.00000  314.56416  1.08%     - 37555s
 125470 83808      -    -    -      318.00000  314.56416  1.08%     - 37632s
 125741 84107      -    -    -      318.00000  314.56416  1.08%     - 37709s
 126146 84270      -    -    -      318.00000  314.56416  1.08%     - 37785s
 126410 84454      -    -    -      318.00000  314.56416  1.08%     - 37859s
 126707 84699      -    -    -      318.00000  314.56416  1.08%     - 37934s
 127064 84758      -    -    -      318.00000  314.56416  1.08%     - 38010s
 127210 84968      -    -    -      318.00000  314.56416  1.08%     - 38086s
 127553 84997      -    -    -      318.00000  314.56416  1.08%     - 38171s
 127596 85094      -    -    -      318.00000  314.56416  1.08%     - 38247s
 127770 85190      -    -    -      318.00000  314.56416  1.08%     - 38325s
 127962 85393      -    -    -      318.00000  314.56416  1.08%     - 38402s
 128337 85631      -    -    -      318.00000  314.56416  1.08%     - 38481s
 128694 85689      -    -    -      318.00000  314.56416  1.08%     - 38568s
 128786 86002      -    -    -      318.00000  314.56416  1.08%     - 38647s
 129177 86264      -    -    -      318.00000  314.56416  1.08%     - 38724s
 129590 86349      -    -    -      318.00000  314.56416  1.08%     - 38802s
 129725 86368      -    -    -      318.00000  314.56416  1.08%     - 38892s
 129780 86481      -    -    -      318.00000  314.56416  1.08%     - 38970s
 129963 86549      -    -    -      318.00000  314.56416  1.08%     - 39050s
 130082 86829      -    -    -      318.00000  314.56416  1.08%     - 39129s
 130517 87005      -    -    -      318.00000  314.56416  1.08%     - 39207s
 130851 87031      -    -    -      318.00000  314.56416  1.08%     - 39309s
 130881 87228      -    -    -      318.00000  314.56416  1.08%     - 39387s
 131155 87475      -    -    -      318.00000  314.56416  1.08%     - 39466s
 131516 87719      -    -    -      318.00000  314.56416  1.08%     - 39542s
 131850 87909      -    -    -      318.00000  314.56416  1.08%     - 39620s
 132142 88271      -    -    -      318.00000  314.56416  1.08%     - 39697s
 132595 88455      -    -    -      318.00000  314.56416  1.08%     - 39772s
 132875 88569      -    -    -      318.00000  314.56416  1.08%     - 39850s
 133046 88807      -    -    -      318.00000  314.56416  1.08%     - 39927s
 133407 89037      -    -    -      318.00000  314.56416  1.08%     - 40002s
 133793 89204      -    -    -      318.00000  314.56416  1.08%     - 40078s
 134077 89412      -    -    -      318.00000  314.56416  1.08%     - 40155s
 134423 89415      -    -    -      318.00000  314.56416  1.08%     - 40263s
 134426 89695      -    -    -      318.00000  314.56416  1.08%     - 40341s
 134809 89818      -    -    -      318.00000  314.56416  1.08%     - 40415s
 134998 90066      -    -    -      318.00000  314.56416  1.08%     - 40492s
 135355 90308      -    -    -      318.00000  314.56416  1.08%     - 40564s
 135742 90535      -    -    -      318.00000  314.56416  1.08%     - 40638s
 136138 90626      -    -    -      318.00000  314.56416  1.08%     - 40712s
 136303 90695      -    -    -      318.00000  314.56416  1.08%     - 40786s
 136422 90957      -    -    -      318.00000  314.56416  1.08%     - 40862s
 136830 91137      -    -    -      318.00000  314.56416  1.08%     - 40935s
 137088 91250      -    -    -      318.00000  314.56416  1.08%     - 41010s
 137271 91452      -    -    -      318.00000  314.56416  1.08%     - 41086s
 137589 91582      -    -    -      318.00000  314.56416  1.08%     - 41160s
 137837 91827      -    -    -      318.00000  314.56416  1.08%     - 41237s
 138186 91955      -    -    -      318.00000  314.56416  1.08%     - 41314s
 138352 92184      -    -    -      318.00000  314.56487  1.08%     - 41390s
 138707 92510      -    -    -      318.00000  314.56487  1.08%     - 41466s
 139172 92712      -    -    -      318.00000  314.56487  1.08%     - 41541s
 139486 92714      -    -    -      318.00000  314.56487  1.08%     - 41682s
 139488 92751      -    -    -      318.00000  314.56744  1.08%     - 41801s
 139542 93032      -    -    -      318.00000  314.56744  1.08%     - 41877s
 139925 93100      -    -    -      318.00000  314.56744  1.08%     - 41952s
 140017 93449      -    -    -      318.00000  314.56879  1.08%     - 42027s
 140465 93574      -    -    -      318.00000  314.56879  1.08%     - 42130s
 140628 93612      -    -    -      318.00000  314.56879  1.08%     - 42207s
 140718 93717      -    -    -      318.00000  314.56879  1.08%     - 42282s
 140914 93758      -    -    -      318.00000  314.57053  1.08%     - 42361s
 140977 94150      -    -    -      318.00000  314.57053  1.08%     - 42439s
 141486 94280      -    -    -      318.00000  314.57053  1.08%     - 42513s
 141710 94555      -    -    -      318.00000  314.57053  1.08%     - 42590s
 142062 94795      -    -    -      318.00000  314.57053  1.08%     - 42664s
 142460 95049      -    -    -      318.00000  314.57174  1.08%     - 42736s
 142825 95127      -    -    -      318.00000  314.57174  1.08%     - 42810s
 142931 95352      -    -    -      318.00000  314.57174  1.08%     - 42887s
 143246 95566      -    -    -      318.00000  314.57174  1.08%     - 42964s
 143514 95793      -    -    -      318.00000  314.57174  1.08%     - 43040s
 143843 95930      -    -    -      318.00000  314.57218  1.08%     - 43117s
 144060 95983      -    -    -      318.00000  314.57218  1.08%     - 43192s
 144149 96004      -    -    -      318.00000  314.57341  1.08%     - 43200s

Cutting planes:
  Learned: 345

Instance 4 was solved

Explored 113206 nodes (253353367 simplex iterations) in 43204.81 seconds (57747.65 work units)
Thread count was 2 (of 128 available processors)

Solution count 1: 318 

Time limit reached
Best objective 3.180000000000e+02, best bound 3.150000000000e+02, gap 0.9434%
