
Gurobi 10.0.3 (linux64) logging started Sat Aug 31 18:30:30 2024

Set parameter LogFile to value "fwd/logs/w3-k5-s2.log"

Gurobi 10.0.3 (linux64) logging started Sat Aug 31 18:30:30 2024

Set parameter LogFile to value "fwd/logs/w3-k5-s2.log"
Set parameter Heuristics to value 0.8
Set parameter Heuristics to value 0.8
Gurobi Optimizer version 10.0.3 build v10.0.3rc0 (linux64)

CPU model: AMD EPYC 7742 64-Core Processor, instruction set [SSE2|AVX|AVX2]
Thread count: 64 physical cores, 128 logical processors, using up to 128 threads

Academic license 2533279 - for non-commercial use only - registered to bl___@rice.edu
Optimize a model with 759 rows, 384 columns and 8505 nonzeros
Model fingerprint: 0x0a8f5d64
Model has 512 general constraints
Variable types: 0 continuous, 384 integer (256 binary)
Coefficient statistics:
  Matrix range     [1e+00, 1e+00]
  Objective range  [1e+00, 1e+00]
  Bounds range     [1e+00, 2e+00]
  RHS range        [1e+00, 5e+00]
  GenCon rhs range [1e+00, 1e+00]
  GenCon coe range [1e+00, 1e+00]

Concurrent MIP optimizer: 64 concurrent instances (2 threads per instance)


User MIP start produced solution with objective 112 (0.07s)
Loaded user MIP start with objective 112

Presolve added 670 rows and 505 columns
Presolve time: 0.04s
Presolved: 1429 rows, 889 columns, 10021 nonzeros
Presolved model has 254 SOS constraint(s)
Variable types: 0 continuous, 889 integer (254 binary)
Root relaxation presolved: 1429 rows, 889 columns, 10021 nonzeros

Concurrent LP optimizer: dual simplex and barrier
Showing barrier log only...

Root barrier log...

Ordering time: 0.07s

Barrier statistics:
 AA' NZ     : 7.124e+04
 Factor NZ  : 3.094e+05 (roughly 3 MB of memory)
 Factor Ops : 1.289e+08 (less than 1 second per iteration)
 Threads    : 1

Barrier performed 0 iterations in 0.37 seconds (0.06 work units)
Barrier solve interrupted - model solved by another algorithm


Solved with dual simplex

Root relaxation: objective 1.040000e+02, 1527 iterations, 0.22 seconds (0.10 work units)

    Nodes    |    Current Node    |     Objective Bounds      |     Work
 Expl Unexpl |  Obj  Depth IntInf | Incumbent    BestBd   Gap | It/Node Time

     0     0      -    -    -      112.00000  104.00000  7.14%     -    0s
     0     0      -    -    -      112.00000  104.00000  7.14%     -    0s
     0     0      -    -    -      112.00000  104.00000  7.14%     -    0s
     0     0      -    -    -      104.00000  104.00000  0.00%     -    0s

Cutting planes:
  Learned: 180
  Gomory: 11
  Cover: 46
  Implied bound: 108
  MIR: 3
  Zero half: 39
  Relax-and-lift: 17

Instance 7 was solved

Explored 1 nodes (6757 simplex iterations) in 0.93 seconds (0.71 work units)
Thread count was 2 (of 128 available processors)

Solution count 1: 104 

Optimal solution found (tolerance 1.00e-04)
Best objective 1.040000000000e+02, best bound 1.040000000000e+02, gap 0.0000%
