
Gurobi 10.0.3 (linux64) logging started Sat Aug 31 18:30:31 2024

Set parameter LogFile to value "fwd/logs/w3-k6-s2.log"

Gurobi 10.0.3 (linux64) logging started Sat Aug 31 18:30:31 2024

Set parameter LogFile to value "fwd/logs/w3-k6-s2.log"
Gurobi Optimizer version 10.0.3 build v10.0.3rc0 (linux64)

CPU model: AMD EPYC 7742 64-Core Processor, instruction set [SSE2|AVX|AVX2]
Thread count: 64 physical cores, 128 logical processors, using up to 128 threads

Academic license 2533279 - for non-commercial use only - registered to bl___@rice.edu
Optimize a model with 779 rows, 768 columns and 8999 nonzeros
Model fingerprint: 0xfa912d9f
Model has 1024 general constraints
Variable types: 0 continuous, 768 integer (512 binary)
Coefficient statistics:
  Matrix range     [1e+00, 1e+00]
  Objective range  [1e+00, 1e+00]
  Bounds range     [1e+00, 2e+00]
  RHS range        [1e+00, 5e+00]
  GenCon rhs range [1e+00, 1e+00]
  GenCon coe range [1e+00, 1e+00]

Concurrent MIP optimizer: 64 concurrent instances (2 threads per instance)


User MIP start produced solution with objective 208 (0.12s)
Loaded user MIP start with objective 208

Presolve added 1460 rows and 1017 columns
Presolve time: 0.04s
Presolved: 2239 rows, 1785 columns, 12355 nonzeros
Presolved model has 510 SOS constraint(s)
Variable types: 0 continuous, 1785 integer (510 binary)
Root relaxation presolved: 2239 rows, 1785 columns, 12355 nonzeros

Concurrent LP optimizer: dual simplex and barrier
Showing barrier log only...

Root barrier log...

Ordering time: 0.09s

Barrier statistics:
 AA' NZ     : 4.824e+04
 Factor NZ  : 3.906e+05 (roughly 5 MB of memory)
 Factor Ops : 1.674e+08 (less than 1 second per iteration)
 Threads    : 1

                  Objective                Residual
Iter       Primal          Dual         Primal    Dual     Compl     Time
   0   1.37895397e+03 -6.73260211e+02  2.31e+00 5.62e-04  9.96e-01     0s
   1   3.05187886e+02 -1.98033924e+02  6.58e-02 2.03e-05  1.07e-01     0s
   2   2.15692381e+02  1.81818033e+02  1.00e-02 2.39e-06  6.36e-03     0s
   3   2.07165309e+02  2.00694869e+02  2.07e-03 4.10e-07  1.17e-03     0s
   4   2.05632941e+02  2.04828138e+02  4.14e-04 1.78e-08  1.29e-04     0s
   5   2.05258950e+02  2.05125811e+02  2.97e-05 2.56e-09  2.51e-05     1s
   6   2.05218946e+02  2.05198038e+02  4.30e-06 1.76e-10  3.97e-06     1s
   7   2.05212268e+02  2.05211761e+02  2.65e-08 6.19e-12  1.04e-07     1s
   8   2.05212121e+02  2.05212121e+02  4.42e-11 1.27e-14  1.04e-10     1s

Barrier solved model in 8 iterations and 0.60 seconds (0.16 work units)
Optimal objective 2.05212121e+02


Solved with barrier

Root relaxation: objective 2.052121e+02, 1411 iterations, 0.53 seconds (0.18 work units)

    Nodes    |    Current Node    |     Objective Bounds      |     Work
 Expl Unexpl |  Obj  Depth IntInf | Incumbent    BestBd   Gap | It/Node Time

     0     0      -    -    -      208.00000  205.21212  1.34%     -    1s
     0     0      -    -    -      208.00000  205.21212  1.34%     -    2s
     0     0      -    -    -      208.00000  205.21212  1.34%     -    2s
     0     0      -    -    -      208.00000  205.21212  1.34%     -    5s
     0     0      -    -    -      208.00000  205.21212  1.34%     -    5s
     0     0      -    -    -      208.00000  205.25556  1.32%     -    8s
     0     0      -    -    -      208.00000  205.25556  1.32%     -    9s

Cutting planes:
  Learned: 130
  Cover: 30
  Implied bound: 279
  MIR: 1
  Zero half: 2
  Relax-and-lift: 6

Instance 17 was solved

Explored 1 nodes (42964 simplex iterations) in 10.91 seconds (10.04 work units)
Thread count was 2 (of 128 available processors)

Solution count 1: 206 

Optimal solution found (tolerance 1.00e-04)
Best objective 2.060000000000e+02, best bound 2.060000000000e+02, gap 0.0000%
