
Gurobi 10.0.3 (linux64) logging started Mon Sep  2 19:08:38 2024

Set parameter LogFile to value "fwd/logs/w3-k2-s4.log"

Gurobi 10.0.3 (linux64) logging started Mon Sep  2 19:08:38 2024

Set parameter LogFile to value "fwd/logs/w3-k2-s4.log"
Set parameter Heuristics to value 0.8
Set parameter Heuristics to value 0.8
Gurobi Optimizer version 10.0.3 build v10.0.3rc0 (linux64)

CPU model: AMD EPYC 7742 64-Core Processor, instruction set [SSE2|AVX|AVX2]
Thread count: 64 physical cores, 128 logical processors, using up to 128 threads

Academic license 2533279 - for non-commercial use only - registered to bl___@rice.edu
Optimize a model with 2620 rows, 1280 columns and 17458 nonzeros
Model fingerprint: 0xc4593aee
Model has 2048 general constraints
Variable types: 0 continuous, 1280 integer (1024 binary)
Coefficient statistics:
  Matrix range     [1e+00, 1e+00]
  Objective range  [1e+00, 1e+00]
  Bounds range     [1e+00, 2e+00]
  RHS range        [1e+00, 3e+00]
  GenCon rhs range [1e+00, 1e+00]
  GenCon coe range [1e+00, 1e+00]

Concurrent MIP optimizer: 64 concurrent instances (2 threads per instance)


User MIP start produced solution with objective 636 (0.41s)
Loaded user MIP start with objective 636

Presolve added 3008 rows and 2030 columns
Presolve time: 0.11s
Presolved: 5628 rows, 3310 columns, 24486 nonzeros
Presolved model has 1020 SOS constraint(s)
Variable types: 0 continuous, 3310 integer (1020 binary)
Root relaxation presolved: 5628 rows, 3310 columns, 24486 nonzeros

Concurrent LP optimizer: dual simplex and barrier
Showing barrier log only...

Root barrier log...

Ordering time: 0.83s

Barrier statistics:
 AA' NZ     : 1.372e+05
 Factor NZ  : 3.511e+06 (roughly 30 MB of memory)
 Factor Ops : 4.626e+09 (less than 1 second per iteration)
 Threads    : 1

                  Objective                Residual
Iter       Primal          Dual         Primal    Dual     Compl     Time
   0   1.98340326e+03 -5.02502455e+02  1.51e+00 2.22e-16  4.29e-01     2s
   1   5.79758861e+02  1.33386512e+02  5.90e-04 3.27e-05  4.39e-02     2s
   2   4.61543447e+02  4.19634759e+02  8.86e-05 1.72e-06  4.10e-03     3s
   3   4.46879408e+02  4.40133042e+02  1.80e-05 4.45e-08  6.60e-04     3s
   4   4.44843679e+02  4.43525141e+02  2.19e-06 1.78e-09  1.29e-04     4s
   5   4.44482733e+02  4.44405535e+02  8.00e-08 5.59e-10  7.56e-06     5s
   6   4.44450295e+02  4.44443209e+02  2.26e-09 6.52e-12  6.95e-07     5s
   7   4.44448990e+02  4.44448974e+02  6.79e-11 5.55e-16  1.61e-09     6s
   8   4.44448980e+02  4.44448980e+02  3.74e-09 7.77e-16  3.85e-11     6s

Barrier solved model in 8 iterations and 6.28 seconds (1.76 work units)
Optimal objective 4.44448980e+02


Root crossover log...

     221 DPushes remaining with DInf 0.0000000e+00                 6s
       0 DPushes remaining with DInf 0.0000000e+00                 6s

    1257 PPushes remaining with PInf 0.0000000e+00                 6s
       0 PPushes remaining with PInf 1.4448476e+02                 6s

  Push phase complete: Pinf 1.4448476e+02, Dinf 4.4835374e-11      6s


Root simplex log...

Iteration    Objective       Primal Inf.    Dual Inf.      Time
    1480    4.4444898e+02   8.208000e+02   0.000000e+00      6s
    5820    4.4444898e+02   0.000000e+00   0.000000e+00      9s

Solved with barrier

Root relaxation: objective 4.444490e+02, 5820 iterations, 8.06 seconds (2.91 work units)
Total elapsed time = 10.30s

    Nodes    |    Current Node    |     Objective Bounds      |     Work
 Expl Unexpl |  Obj  Depth IntInf | Incumbent    BestBd   Gap | It/Node Time

     0     0      -    -    -      636.00000  444.44898  30.1%     -   10s
     0     0      -    -    -      618.00000  444.44898  28.1%     -   17s
     0     0      -    -    -      617.00000  444.44898  28.0%     -   19s
     0     0      -    -    -      617.00000  444.44898  28.0%     -   37s
     0     0      -    -    -      564.00000  444.44898  21.2%     -   40s
     0     0      -    -    -      564.00000  444.44898  21.2%     -   57s
     0     0      -    -    -      564.00000  444.44898  21.2%     -   66s
     0     2      -    -    -      485.00000  444.45188  8.36%     -   84s
     1     4      -    -    -      483.00000  444.46429  7.98%     -   86s
     3     6      -    -    -      483.00000  444.46429  7.98%     -   99s
     5     8      -    -    -      483.00000  444.46458  7.98%     -  107s
     9    12      -    -    -      483.00000  444.46458  7.98%     -  120s
    11    14      -    -    -      481.00000  444.46458  7.60%     -  150s
    15    18      -    -    -      474.00000  444.46458  6.23%     -  157s
    17    24      -    -    -      473.00000  444.46458  6.03%     -  173s
    24    25      -    -    -      471.00000  444.46458  5.63%     -  210s
    26    26      -    -    -      471.00000  444.46458  5.63%     -  215s
    29    28      -    -    -      471.00000  444.46458  5.63%     -  224s
    30    29      -    -    -      471.00000  444.46458  5.63%     -  225s
    31    30      -    -    -      471.00000  444.46458  5.63%     -  230s
    33    31      -    -    -      471.00000  444.46458  5.63%     -  235s
    37    34      -    -    -      471.00000  444.46458  5.63%     -  242s
    38    34      -    -    -      471.00000  444.46458  5.63%     -  248s
    39    33      -    -    -      471.00000  444.46458  5.63%     -  256s
    40    37      -    -    -      470.00000  444.46458  5.43%     -  262s
    42    38      -    -    -      470.00000  444.46458  5.43%     -  275s
    46    41      -    -    -      470.00000  444.46458  5.43%     -  280s
    50    43      -    -    -      470.00000  444.46458  5.43%     -  285s
    52    45      -    -    -      470.00000  444.46458  5.43%     -  293s
    54    46      -    -    -      470.00000  444.46458  5.43%     -  299s
    56    47      -    -    -      470.00000  444.46458  5.43%     -  303s
    58    51      -    -    -      470.00000  444.46458  5.43%     -  309s
    62    55      -    -    -      470.00000  444.46458  5.43%     -  323s
    68    68      -    -    -      470.00000  444.46458  5.43%     -  349s
    83    80      -    -    -      469.00000  444.46458  5.23%     -  459s
   100    86      -    -    -      468.00000  444.46458  5.03%     -  589s
   111   145      -    -    -      467.00000  444.46458  4.83%     -  776s
   174   218      -    -    -      465.00000  444.46458  4.42%     -  937s
   256   367      -    -    -      465.00000  444.46458  4.42%     - 1064s
   405   499      -    -    -      464.00000  444.46458  4.21%     - 1153s
   549   514      -    -    -      464.00000  444.46458  4.21%     - 1245s
   586   559      -    -    -      464.00000  444.46458  4.21%     - 1381s
   631   658      -    -    -      464.00000  444.46458  4.21%     - 1532s
   736   774      -    -    -      464.00000  444.46458  4.21%     - 1688s
   892   892      -    -    -      464.00000  444.46458  4.21%     - 1810s
  1048   955      -    -    -      464.00000  444.46458  4.21%     - 1975s
  1111  1091      -    -    -      464.00000  444.46458  4.21%     - 2154s
  1247  1307      -    -    -      464.00000  444.46458  4.21%     - 2328s
  1475  1413      -    -    -      464.00000  444.46458  4.21%     - 2501s
  1633  1537      -    -    -      464.00000  444.46458  4.21%     - 2699s
  1815  1670      -    -    -      464.00000  444.46458  4.21%     - 2893s
  1972  1770      -    -    -      464.00000  444.46458  4.21%     - 3107s
  2072  1975      -    -    -      464.00000  444.46458  4.21%     - 3321s
  2277  2126      -    -    -      464.00000  444.46458  4.21%     - 3562s
  2470  2212      -    -    -      464.00000  444.46458  4.21%     - 3806s
  2556  2386      -    -    -      464.00000  444.46458  4.21%     - 4054s
  2750  2556      -    -    -      464.00000  444.46458  4.21%     - 4304s
  2970  2702      -    -    -      464.00000  444.46458  4.21%     - 4570s
  3138  2991      -    -    -      464.00000  444.46458  4.21%     - 4843s
  3429  3152      -    -    -      464.00000  444.46458  4.21%     - 5122s
  3634  3298      -    -    -      464.00000  444.46458  4.21%     - 5425s
  3780  3623      -    -    -      464.00000  444.46458  4.21%     - 5737s
  4143  3775      -    -    -      464.00000  444.46458  4.21%     - 6082s
  4339  3996      -    -    -      464.00000  444.46458  4.21%     - 6412s
  4610  4221      -    -    -      464.00000  444.46458  4.21%     - 6764s
  4889  4492      -    -    -      464.00000  444.46458  4.21%     - 7107s
  5228  4730      -    -    -      464.00000  444.54320  4.19%     - 7474s
  5504  4921      -    -    -      464.00000  444.54622  4.19%     - 7846s
  5745  5129      -    -    -      464.00000  444.54622  4.19%     - 8224s
  6013  5378      -    -    -      464.00000  444.54622  4.19%     - 8599s
  6299  5535      -    -    -      464.00000  444.54622  4.19%     - 8986s
  6566  5686      -    -    -      464.00000  444.54622  4.19%     - 9365s
  6767  5959      -    -    -      464.00000  444.54622  4.19%     - 9742s
  7042  6196      -    -    -      464.00000  444.54622  4.19%     - 10114s
  7371  6354      -    -    -      464.00000  444.54622  4.19%     - 10473s
  7547  6549      -    -    -      464.00000  444.54622  4.19%     - 10873s
  7782  6777      -    -    -      464.00000  444.54622  4.19%     - 11274s
  8050  6913      -    -    -      464.00000  444.54622  4.19%     - 11609s
  8194  6944      -    -    -      464.00000  444.54622  4.19%     - 12049s
  8243  7083      -    -    -      464.00000  444.54622  4.19%     - 12422s
  8414  7282      -    -    -      464.00000  444.54622  4.19%     - 12827s
  8693  7488      -    -    -      464.00000  444.54622  4.19%     - 13201s
  8927  7859      -    -    -      464.00000  444.54622  4.19%     - 13598s
  9324  7899      -    -    -      464.00000  444.54622  4.19%     - 13944s
  9374  8025      -    -    -      464.00000  444.54622  4.19%     - 14325s
  9544  8279      -    -    -      464.00000  444.54622  4.19%     - 14731s
  9852  8475      -    -    -      464.00000  444.54622  4.19%     - 15134s
 10108  8537      -    -    -      464.00000  444.54622  4.19%     - 15491s
 10182  8830      -    -    -      464.00000  444.54622  4.19%     - 15901s
 10521  8878      -    -    -      464.00000  444.54622  4.19%     - 16262s
 10603  9124      -    -    -      464.00000  444.54622  4.19%     - 16661s
 10883  9351      -    -    -      464.00000  444.54622  4.19%     - 17062s
 11168  9606      -    -    -      464.00000  444.54622  4.19%     - 17453s
 11447  9960      -    -    -      464.00000  444.54622  4.19%     - 17865s
 11847 10266      -    -    -      464.00000  444.54622  4.19%     - 18273s
 12223 10332      -    -    -      464.00000  444.54622  4.19%     - 18628s
 12309 10405      -    -    -      464.00000  444.54622  4.19%     - 19011s
 12390 10579      -    -    -      464.00000  444.54622  4.19%     - 19419s
 12618 10735      -    -    -      464.00000  444.54622  4.19%     - 19823s
 12804 11105      -    -    -      464.00000  444.54622  4.19%     - 20211s
 13206 11257      -    -    -      464.00000  444.54622  4.19%     - 20605s
 13407 11362      -    -    -      464.00000  444.54622  4.19%     - 21008s
 13522 11431      -    -    -      464.00000  444.54622  4.19%     - 21431s
 13621 11434      -    -    -      464.00000  444.54622  4.19%     - 21974s
 13624 11451      -    -    -      464.00000  444.54622  4.19%     - 22378s
 13641 11504      -    -    -      464.00000  444.54622  4.19%     - 22757s
 13694 11553      -    -    -      464.00000  444.54622  4.19%     - 23248s
 13767 11826      -    -    -      464.00000  444.54622  4.19%     - 23679s
 14123 11866      -    -    -      464.00000  444.54622  4.19%     - 24085s
 14173 12114      -    -    -      464.00000  444.54622  4.19%     - 24505s
 14495 12377      -    -    -      464.00000  444.54622  4.19%     - 24919s
 14819 12517      -    -    -      464.00000  444.54622  4.19%     - 25327s
 14969 12676      -    -    -      464.00000  444.54622  4.19%     - 25761s
 15162 13053      -    -    -      464.00000  444.54622  4.19%     - 26187s
 15611 13240      -    -    -      464.00000  444.54622  4.19%     - 26624s
 15846 13396      -    -    -      464.00000  444.54622  4.19%     - 27046s
 16026 13595      -    -    -      464.00000  444.54622  4.19%     - 27493s
 16283 13967      -    -    -      464.00000  444.54622  4.19%     - 27934s
 16657 14284      -    -    -      464.00000  444.54622  4.19%     - 28384s
 17068 14448      -    -    -      464.00000  444.54622  4.19%     - 28789s
 17258 14676      -    -    -      464.00000  444.54622  4.19%     - 29215s
 17531 14778      -    -    -      464.00000  444.54622  4.19%     - 29697s
 17633 14912      -    -    -      464.00000  444.54622  4.19%     - 30092s
 17767 15199      -    -    -      464.00000  444.54622  4.19%     - 30520s
 18168 15302      -    -    -      464.00000  444.54622  4.19%     - 30927s
 18303 15596      -    -    -      464.00000  444.54622  4.19%     - 31369s
 18671 15723      -    -    -      464.00000  444.54622  4.19%     - 31808s
 18826 15808      -    -    -      464.00000  444.54622  4.19%     - 32220s
 18973 16055      -    -    -      464.00000  444.54622  4.19%     - 32697s
 19274 16191      -    -    -      464.00000  444.54622  4.19%     - 33123s
 19440 16483      -    -    -      464.00000  444.54622  4.19%     - 33566s
 19774 16697      -    -    -      464.00000  444.54622  4.19%     - 34012s
 20078 16958      -    -    -      464.00000  444.54622  4.19%     - 34448s
 20381 17255      -    -    -      464.00000  444.54747  4.19%     - 34895s
 20783 17353      -    -    -      464.00000  444.54903  4.19%     - 35337s
 20929 17657      -    -    -      464.00000  444.54937  4.19%     - 35779s
 21245 17889      -    -    -      464.00000  444.55009  4.19%     - 36233s
 21533 18121      -    -    -      464.00000  444.55216  4.19%     - 36696s
 21841 18230      -    -    -      464.00000  444.55363  4.19%     - 37155s
 21950 18593      -    -    -      464.00000  444.55363  4.19%     - 37597s
 22369 18739      -    -    -      464.00000  444.55363  4.19%     - 38018s
 22549 19059      -    -    -      464.00000  444.55399  4.19%     - 38459s
 22951 19204      -    -    -      464.00000  444.55475  4.19%     - 38875s
 23160 19480      -    -    -      464.00000  444.55475  4.19%     - 39322s
 23512 19728      -    -    -      464.00000  444.55475  4.19%     - 39795s
 23828 19845      -    -    -      464.00000  444.55475  4.19%     - 40220s
 23985 20119      -    -    -      464.00000  444.55475  4.19%     - 40675s
 24323 20428      -    -    -      464.00000  444.55475  4.19%     - 41130s
 24718 20671      -    -    -      464.00000  444.55475  4.19%     - 41581s
 24971 20990      -    -    -      464.00000  444.55475  4.19%     - 42034s
 25338 21216      -    -    -      464.00000  444.55475  4.19%     - 42480s
 25624 21274      -    -    -      464.00000  444.55475  4.19%     - 43016s
 25700 21323      -    -    -      464.00000  444.55475  4.19%     - 43200s

Cutting planes:
  Learned: 548

Instance 8 was solved

Explored 25946 nodes (107320273 simplex iterations) in 43200.96 seconds (61823.53 work units)
Thread count was 2 (of 128 available processors)

Solution count 1: 464 

Time limit reached
Best objective 4.640000000000e+02, best bound 4.450000000000e+02, gap 4.0948%
