
Gurobi 10.0.3 (linux64) logging started Sat Aug 31 18:30:43 2024

Set parameter LogFile to value "fwd/logs/w3-k7-s2.log"

Gurobi 10.0.3 (linux64) logging started Sat Aug 31 18:30:43 2024

Set parameter LogFile to value "fwd/logs/w3-k7-s2.log"
Set parameter Heuristics to value 1
Set parameter Heuristics to value 1
Gurobi Optimizer version 10.0.3 build v10.0.3rc0 (linux64)

CPU model: AMD EPYC 7742 64-Core Processor, instruction set [SSE2|AVX|AVX2]
Thread count: 64 physical cores, 128 logical processors, using up to 128 threads

Academic license 2533279 - for non-commercial use only - registered to bl___@rice.edu
Optimize a model with 108 rows, 1536 columns and 1024 nonzeros
Model fingerprint: 0xc49dc65a
Model has 2048 general constraints
Variable types: 0 continuous, 1536 integer (1024 binary)
Coefficient statistics:
  Matrix range     [1e+00, 1e+00]
  Objective range  [1e+00, 1e+00]
  Bounds range     [1e+00, 2e+00]
  RHS range        [1e+00, 4e+00]
  GenCon rhs range [1e+00, 1e+00]
  GenCon coe range [1e+00, 1e+00]

Concurrent MIP optimizer: 64 concurrent instances (2 threads per instance)


User MIP start produced solution with objective 412 (0.09s)
Loaded user MIP start with objective 412

Presolve added 3063 rows and 2041 columns
Presolve time: 0.02s

Instance 1 was solved

Explored 1 nodes (1608 simplex iterations) in 0.14 seconds (0.14 work units)
Thread count was 2 (of 128 available processors)

Solution count 1: 411 

Optimal solution found (tolerance 1.00e-04)
Best objective 4.110000000000e+02, best bound 4.110000000000e+02, gap 0.0000%
