
Gurobi 10.0.3 (linux64) logging started Sun Sep  1 05:13:15 2024

Set parameter LogFile to value "fwd/logs/w3-k11-s2.log"

Gurobi 10.0.3 (linux64) logging started Sun Sep  1 05:13:15 2024

Set parameter LogFile to value "fwd/logs/w3-k11-s2.log"
Set parameter Heuristics to value 0.8
Set parameter Heuristics to value 0.8
Gurobi Optimizer version 10.0.3 build v10.0.3rc0 (linux64)

CPU model: AMD EPYC 7742 64-Core Processor, instruction set [SSE2|AVX|AVX2]
Thread count: 64 physical cores, 128 logical processors, using up to 128 threads

Academic license 2533279 - for non-commercial use only - registered to bl___@rice.edu
Optimize a model with 802 rows, 24576 columns and 9496 nonzeros
Model fingerprint: 0xf5835041
Model has 32768 general constraints
Variable types: 0 continuous, 24576 integer (16384 binary)
Coefficient statistics:
  Matrix range     [1e+00, 1e+00]
  Objective range  [1e+00, 1e+00]
  Bounds range     [1e+00, 2e+00]
  RHS range        [1e+00, 5e+00]
  GenCon rhs range [1e+00, 1e+00]
  GenCon coe range [1e+00, 1e+00]

Concurrent MIP optimizer: 64 concurrent instances (2 threads per instance)


User MIP start produced solution with objective 6304 (1.29s)
Loaded user MIP start with objective 6304

Presolve added 49093 rows and 32761 columns
Presolve time: 1.35s
Presolved: 49895 rows, 57337 columns, 123989 nonzeros
Presolved model has 16382 SOS constraint(s)
Variable types: 0 continuous, 57337 integer (16382 binary)
Root relaxation presolved: 49895 rows, 57337 columns, 123989 nonzeros

Concurrent LP optimizer: dual simplex and barrier
Showing barrier log only...

Root barrier log...

Ordering time: 0.60s

Barrier performed 0 iterations in 3.69 seconds (0.51 work units)
Barrier solve interrupted - model solved by another algorithm


Solved with dual simplex

Root relaxation: objective 5.883000e+03, 29976 iterations, 0.85 seconds (0.22 work units)
Total elapsed time = 5.37s

    Nodes    |    Current Node    |     Objective Bounds      |     Work
 Expl Unexpl |  Obj  Depth IntInf | Incumbent    BestBd   Gap | It/Node Time

     0     0      -    -    -     6304.00000 5883.00000  6.68%     -   17s
     0     0      -    -    -     6303.00000 5883.00000  6.66%     -   29s
     0     0      -    -    -     6303.00000 5883.00000  6.66%     -   43s
     0     0      -    -    -     6303.00000 5883.00000  6.66%     -   65s
     0     0      -    -    -     6302.00000 5883.00000  6.65%     -   83s
     0     0      -    -    -     6302.00000 5883.00000  6.65%     -  116s
     0     0      -    -    -     6302.00000 5883.00000  6.65%     -  143s
     0     2      -    -    -     6299.00000 5883.00000  6.60%     -  214s
     1     4      -    -    -     6299.00000 5883.00000  6.60%     -  215s
     3     6      -    -    -     6299.00000 5883.00000  6.60%     -  220s
    11    14      -    -    -     6299.00000 5883.00000  6.60%     -  227s
    17    24      -    -    -     6299.00000 5883.00000  6.60%     -  235s
    23    34      -    -    -     6296.00000 5883.00000  6.56%     -  248s
    33    56      -    -    -     6296.00000 5883.00000  6.56%     -  271s
    55    98      -    -    -     6294.00000 5883.00000  6.53%     -  314s
    97   153      -    -    -     6288.00000 5883.00000  6.44%     -  367s
   152   309      -    -    -     6286.00000 5883.00000  6.41%     -  479s
   308   511      -    -    -     6284.00000 5883.00000  6.38%     -  616s
   510   713      -    -    -     6280.00000 5883.00000  6.32%     -  745s
   712   915      -    -    -     6277.00000 5883.00000  6.28%     -  876s
   914  1117      -    -    -     6274.00000 5883.00000  6.23%     - 1010s
  1116  1359      -    -    -     6271.00000 5883.00000  6.19%     - 1124s
  1358  1525      -    -    -     6268.00000 5883.00000  6.14%     - 1219s
  1524  1727      -    -    -     6267.00000 5883.00000  6.13%     - 1330s
  1726  1980      -    -    -     6264.00000 5883.00000  6.08%     - 1449s
  1979  2134      -    -    -     6262.00000 5883.00000  6.05%     - 1551s
  2133  2336      -    -    -     6258.00000 5883.00000  5.99%     - 1663s
  2335  2538      -    -    -     6258.00000 5883.00000  5.99%     - 1778s
  2537  2753      -    -    -     6256.00000 5883.00000  5.96%     - 1895s
  2754  2966      -    -    -     6250.00000 5883.00000  5.87%     - 2015s
  2967  3197      -    -    -     6246.00000 5883.00000  5.81%     - 2147s
  3198  3437      -    -    -     6244.00000 5883.00000  5.78%     - 2279s
  3438  3708      -    -    -     6240.00000 5883.00000  5.72%     - 2401s
  3710  3709      -    -    -     6239.00000 5883.00000  5.71%     - 2424s
  3712  3710      -    -    -     6236.00000 5883.00000  5.66%     - 2444s
  3713  3711      -    -    -     6236.00000 5883.00000  5.66%     - 2463s
  3714  3712      -    -    -     6236.00000 5883.00000  5.66%     - 2477s
  3715  3712      -    -    -     6236.00000 5883.00000  5.66%     - 2497s
  3716  3713      -    -    -     6236.00000 5883.00000  5.66%     - 2512s
  3717  3714      -    -    -     6236.00000 5883.00000  5.66%     - 2547s
  3718  3714      -    -    -     6236.00000 5883.00000  5.66%     - 2558s
  3719  3715      -    -    -     6236.00000 5883.00000  5.66%     - 2638s
  3720  3719      -    -    -     6236.00000 5883.00000  5.66%     - 2673s
  3726  3723      -    -    -     6236.00000 5883.00000  5.66%     - 2675s
  3736  3729      -    -    -     6236.00000 5883.00000  5.66%     - 2680s
  3746  3744      -    -    -     6236.00000 5883.00000  5.66%     - 2689s
  3756  3769      -    -    -     6236.00000 5883.00000  5.66%     - 2699s
  3784  3811      -    -    -     6236.00000 5883.00000  5.66%     - 2718s
  3836  3610      -    -    -     6236.00000 5883.00000  5.66%     - 2755s
  3838  3725      -    -    -     6236.00000 5883.00000  5.66%     - 2798s
  3954  3344      -    -    -     6236.00000 5883.00000  5.66%     - 2833s
  3956  3284      -    -    -     6234.00000 5883.00000  5.63%     - 2879s
  4056  3101      -    -    -     6234.00000 5883.00000  5.63%     - 2916s
  4058  3091      -    -    -     6232.00000 5883.00000  5.60%     - 2969s
  4192  2911      -    -    -     6231.00000 5883.00000  5.58%     - 3002s
  4194  3045      -    -    -     6231.00000 5883.00000  5.58%     - 3051s
  4328  2872      -    -    -     6231.00000 5883.00000  5.58%     - 3087s
  4330  2882      -    -    -     6231.00000 5883.00000  5.58%     - 3138s
  4464  2840      -    -    -     6231.00000 5883.00000  5.58%     - 3172s
  4466  2856      -    -    -     6230.00000 5883.00000  5.57%     - 3225s
  4600  2736      -    -    -     6230.00000 5883.00000  5.57%     - 3254s
  4637  2872      -    -    -     6229.00000 5883.00000  5.55%     - 3313s
  4785  2876      -    -    -     6229.00000 5883.00000  5.55%     - 3346s
  4838  2905      -    -    -     6227.00000 5883.00000  5.52%     - 3435s
  4990  2928      -    -    -     6226.00000 5883.00000  5.51%     - 3508s
  5165  2944      -    -    -     6226.00000 5883.00000  5.51%     - 3552s
  5239  3049      -    -    -     6225.00000 5883.00000  5.49%     - 3638s
  5369  3065      -    -    -     6225.00000 5883.00000  5.49%     - 3712s
  5523  3028      -    -    -     6224.00000 5883.00000  5.48%     - 3752s
  5537  3134      -    -    -     6221.00000 5883.00000  5.43%     - 3861s
  5739  3170      -    -    -     6221.00000 5883.00000  5.43%     - 3947s
  5928  3174      -    -    -     6221.00000 5883.00000  5.43%     - 4000s
  5995  3298      -    -    -     6220.00000 5883.00000  5.42%     - 4077s
  6142  3451      -    -    -     6219.00000 5883.00000  5.40%     - 4193s
  6344  3586      -    -    -     6218.00000 5883.00000  5.39%     - 4309s
  6546  3639      -    -    -     6217.00000 5883.00000  5.37%     - 4421s
  6748  3773      -    -    -     6217.00000 5883.00000  5.37%     - 4523s
  6950  3962      -    -    -     6217.00000 5883.00000  5.37%     - 4643s
  7207  3974      -    -    -     6216.00000 5883.00000  5.36%     - 4742s
  7385  4205      -    -    -     6215.00000 5883.00000  5.34%     - 4881s
  7675  4439      -    -    -     6215.00000 5883.00000  5.34%     - 5017s
  8007  4496      -    -    -     6214.00000 5883.00000  5.33%     - 5137s
  8218  4746      -    -    -     6214.00000 5883.00000  5.33%     - 5269s
  8468  5020      -    -    -     6214.00000 5883.00000  5.33%     - 5409s
  8742  5345      -    -    -     6213.00000 5883.00000  5.31%     - 5561s
  9067  5644      -    -    -     6212.00000 5883.00000  5.30%     - 5707s
  9366  5971      -    -    -     6212.00000 5883.00000  5.30%     - 5856s
  9694  6275      -    -    -     6212.00000 5883.00000  5.30%     - 6003s
  9999  6616      -    -    -     6210.00000 5883.00000  5.27%     - 6151s
 10340  7025      -    -    -     6210.00000 5883.00000  5.27%     - 6318s
 10749  7317      -    -    -     6209.00000 5883.00000  5.25%     - 6463s
 11042  7629      -    -    -     6209.00000 5883.00000  5.25%     - 6604s
 11356  7973      -    -    -     6209.00000 5883.00000  5.25%     - 6755s
 11704  8275      -    -    -     6208.00000 5883.00000  5.24%     - 6899s
 12006  8584      -    -    -     6208.00000 5883.00000  5.24%     - 7047s
 12315  8995      -    -    -     6208.00000 5883.00000  5.24%     - 7210s
 12726  9269      -    -    -     6208.00000 5883.00000  5.24%     - 7354s
 13000  9675      -    -    -     6207.00000 5883.00000  5.22%     - 7518s
 13406  9955      -    -    -     6207.00000 5883.00000  5.22%     - 7653s
 13686 10259      -    -    -     6206.00000 5883.00000  5.20%     - 7801s
 13990 10671      -    -    -     6206.00000 5883.00000  5.20%     - 7962s
 14404 10969      -    -    -     6206.00000 5883.00000  5.20%     - 8101s
 14704 11263      -    -    -     6206.00000 5883.00000  5.20%     - 8242s
 14998 11578      -    -    -     6203.00000 5883.00000  5.16%     - 8388s
 15314 11886      -    -    -     6203.00000 5883.00000  5.16%     - 8529s
 15624 12219      -    -    -     6202.00000 5883.00000  5.14%     - 8674s
 15957 12509      -    -    -     6202.00000 5883.00000  5.14%     - 8811s
 16247 12844      -    -    -     6202.00000 5883.00000  5.14%     - 8960s
 16582 13126      -    -    -     6202.00000 5883.00000  5.14%     - 9111s
 16866 13466      -    -    -     6201.00000 5883.00000  5.13%     - 9256s
 17206 13847      -    -    -     6200.00000 5883.00000  5.11%     - 9395s
 17587 14225      -    -    -     6199.00000 5883.00000  5.10%     - 9535s
 17965 14657      -    -    -     6199.00000 5883.00000  5.10%     - 9688s
 18454 14927      -    -    -     6199.00000 5883.00000  5.10%     - 9824s
 18776 15244      -    -    -     6199.00000 5883.00000  5.10%     - 9952s
 19122 15505      -    -    -     6199.00000 5883.00000  5.10%     - 10077s
 19385 15872      -    -    -     6199.00000 5883.00000  5.10%     - 10213s
 19752 16111      -    -    -     6199.00000 5883.00000  5.10%     - 10335s
 19991 16369      -    -    -     6199.00000 5883.00000  5.10%     - 10456s
 20249 16632      -    -    -     6199.00000 5883.00000  5.10%     - 10581s
 20512 16874      -    -    -     6199.00000 5883.00000  5.10%     - 10696s
 20754 17138      -    -    -     6199.00000 5883.00000  5.10%     - 10818s
 21018 17368      -    -    -     6199.00000 5883.00000  5.10%     - 10929s
 21248 17639      -    -    -     6199.00000 5883.00000  5.10%     - 11056s
 21519 17880      -    -    -     6199.00000 5883.00000  5.10%     - 11176s
 21760 18229      -    -    -     6199.00000 5883.00000  5.10%     - 11324s
 22109 18443      -    -    -     6199.00000 5883.00000  5.10%     - 11444s
 22333 18696      -    -    -     6199.00000 5883.00000  5.10%     - 11569s
 22586 18946      -    -    -     6199.00000 5883.00000  5.10%     - 11692s
 22836 19185      -    -    -     6199.00000 5883.00000  5.10%     - 11826s
 23077 19446      -    -    -     6199.00000 5883.00000  5.10%     - 11954s
 23340 19805      -    -    -     6199.00000 5883.00000  5.10%     - 12101s
 23699 20028      -    -    -     6199.00000 5883.00000  5.10%     - 12222s
 23950 20368      -    -    -     6199.00000 5883.00000  5.10%     - 12366s
 24290 20731      -    -    -     6199.00000 5883.00000  5.10%     - 12505s
 24655 21064      -    -    -     6199.00000 5883.00000  5.10%     - 12648s
 24988 21300      -    -    -     6199.00000 5883.00000  5.10%     - 12764s
 25225 21619      -    -    -     6199.00000 5883.00000  5.10%     - 12907s
 25548 21858      -    -    -     6199.00000 5883.00000  5.10%     - 13026s
 25787 22089      -    -    -     6199.00000 5883.00000  5.10%     - 13152s
 26018 22347      -    -    -     6199.00000 5883.00000  5.10%     - 13277s
 26284 22610      -    -    -     6199.00000 5883.00000  5.10%     - 13409s
 26547 22923      -    -    -     6199.00000 5883.00000  5.10%     - 13533s
 26860 23290      -    -    -     6199.00000 5883.00000  5.10%     - 13688s
 27227 23566      -    -    -     6199.00000 5883.00000  5.10%     - 13815s
 27503 23858      -    -    -     6199.00000 5883.00000  5.10%     - 13951s
 27797 24155      -    -    -     6199.00000 5883.00000  5.10%     - 14082s
 28096 24448      -    -    -     6199.00000 5883.00000  5.10%     - 14217s
 28389 24756      -    -    -     6199.00000 5883.00000  5.10%     - 14347s
 28697 25023      -    -    -     6199.00000 5883.00000  5.10%     - 14485s
 28995 25434      -    -    -     6199.00000 5883.00000  5.10%     - 14634s
 29406 25697      -    -    -     6199.00000 5883.00000  5.10%     - 14769s
 29669 26014      -    -    -     6199.00000 5883.00000  5.10%     - 14902s
 29986 26308      -    -    -     6199.00000 5883.00000  5.10%     - 15035s
 30280 26711      -    -    -     6199.00000 5883.00000  5.10%     - 15184s
 30686 26966      -    -    -     6199.00000 5883.00000  5.10%     - 15308s
 30941 27256      -    -    -     6198.00000 5883.00000  5.08%     - 15439s
 31231 27553      -    -    -     6198.00000 5883.00000  5.08%     - 15569s
 31528 27850      -    -    -     6198.00000 5883.00000  5.08%     - 15706s
 31825 28234      -    -    -     6198.00000 5883.00000  5.08%     - 15856s
 32209 28511      -    -    -     6197.00000 5883.00000  5.07%     - 15990s
 32486 28796      -    -    -     6197.00000 5883.00000  5.07%     - 16122s
 32771 29092      -    -    -     6196.00000 5883.00000  5.05%     - 16253s
 33067 29415      -    -    -     6196.00000 5883.00000  5.05%     - 16388s
 33390 29871      -    -    -     6195.00000 5883.00000  5.04%     - 16538s
 33872 30167      -    -    -     6194.00000 5883.00000  5.02%     - 16667s
 34228 30439      -    -    -     6193.00000 5883.00000  5.01%     - 16782s
 34506 30692      -    -    -     6193.00000 5883.00000  5.01%     - 16896s
 34760 31041      -    -    -     6193.00000 5883.00000  5.01%     - 17036s
 35109 31278      -    -    -     6193.00000 5883.00000  5.01%     - 17149s
 35352 31536      -    -    -     6193.00000 5883.00000  5.01%     - 17270s
 35610 31884      -    -    -     6193.00000 5883.00000  5.01%     - 17403s
 35983 32089      -    -    -     6193.00000 5883.00000  5.01%     - 17532s
 36188 32368      -    -    -     6193.00000 5883.00000  5.01%     - 17650s
 36467 32604      -    -    -     6193.00000 5883.00000  5.01%     - 17775s
 36722 32869      -    -    -     6193.00000 5883.00000  5.01%     - 17895s
 36987 33153      -    -    -     6193.00000 5883.00000  5.01%     - 18026s
 37271 33432      -    -    -     6193.00000 5883.00000  5.01%     - 18146s
 37550 33787      -    -    -     6192.00000 5883.00000  4.99%     - 18287s
 37905 34124      -    -    -     6192.00000 5883.00000  4.99%     - 18430s
 38275 34488      -    -    -     6192.00000 5883.00000  4.99%     - 18574s
 38639 34708      -    -    -     6192.00000 5883.00000  4.99%     - 18689s
 38859 34924      -    -    -     6192.00000 5883.00000  4.99%     - 18808s
 39075 35276      -    -    -     6192.00000 5883.00000  4.99%     - 18952s
 39427 35496      -    -    -     6192.00000 5883.00000  4.99%     - 19069s
 39647 35727      -    -    -     6192.00000 5883.00000  4.99%     - 19187s
 39878 35978      -    -    -     6192.00000 5883.00000  4.99%     - 19306s
 40129 36244      -    -    -     6192.00000 5883.00000  4.99%     - 19433s
 40395 36625      -    -    -     6192.00000 5883.00000  4.99%     - 19570s
 40776 36848      -    -    -     6192.00000 5883.00000  4.99%     - 19691s
 40999 37106      -    -    -     6192.00000 5883.00000  4.99%     - 19812s
 41283 37375      -    -    -     6192.00000 5883.00000  4.99%     - 19938s
