
Gurobi 10.0.3 (linux64) logging started Sat Aug 31 18:30:31 2024

Set parameter LogFile to value "fwd/logs/w4-k4-s2.log"

Gurobi 10.0.3 (linux64) logging started Sat Aug 31 18:30:31 2024

Set parameter LogFile to value "fwd/logs/w4-k4-s2.log"
Gurobi Optimizer version 10.0.3 build v10.0.3rc0 (linux64)

CPU model: AMD EPYC 7742 64-Core Processor, instruction set [SSE2|AVX|AVX2]
Thread count: 64 physical cores, 128 logical processors, using up to 128 threads

Academic license 2533279 - for non-commercial use only - registered to bl___@rice.edu
Optimize a model with 681 rows, 384 columns and 7809 nonzeros
Model fingerprint: 0x6af28fce
Model has 512 general constraints
Variable types: 0 continuous, 384 integer (256 binary)
Coefficient statistics:
  Matrix range     [1e+00, 1e+00]
  Objective range  [1e+00, 1e+00]
  Bounds range     [1e+00, 3e+00]
  RHS range        [1e+00, 4e+00]
  GenCon rhs range [1e+00, 1e+00]
  GenCon coe range [1e+00, 1e+00]

Concurrent MIP optimizer: 64 concurrent instances (2 threads per instance)


User MIP start produced solution with objective 90 (0.07s)
Loaded user MIP start with objective 90

Presolve added 694 rows and 505 columns
Presolve time: 0.04s
Presolved: 1375 rows, 889 columns, 9467 nonzeros
Presolved model has 254 SOS constraint(s)
Variable types: 0 continuous, 889 integer (254 binary)
Root relaxation presolved: 1375 rows, 889 columns, 9467 nonzeros

Concurrent LP optimizer: dual simplex and barrier
Showing barrier log only...

Root barrier log...

Ordering time: 0.11s

Barrier statistics:
 AA' NZ     : 6.244e+04
 Factor NZ  : 2.737e+05 (roughly 3 MB of memory)
 Factor Ops : 1.069e+08 (less than 1 second per iteration)
 Threads    : 1

                  Objective                Residual
Iter       Primal          Dual         Primal    Dual     Compl     Time
   0   6.08962696e+02 -2.34873420e+02  6.20e+00 1.60e-04  1.22e+00     0s
   1   1.23903903e+02 -1.28946852e+02  4.52e-02 5.30e-03  1.07e-01     0s
   2   9.34479849e+01 -6.06355044e+01  3.37e-03 3.44e-03  6.25e-02     0s
   3   8.81037542e+01  6.84870899e+01  1.20e-03 2.79e-06  7.70e-03     0s
   4   8.62523829e+01  8.38672495e+01  1.24e-04 8.94e-08  9.23e-04     0s
   5   8.59250028e+01  8.57355384e+01  7.86e-06 8.55e-09  7.20e-05     0s

Barrier performed 5 iterations in 0.46 seconds (0.10 work units)
Barrier solve interrupted - model solved by another algorithm


Solved with dual simplex

Root relaxation: objective 8.587500e+01, 2516 iterations, 0.27 seconds (0.15 work units)

    Nodes    |    Current Node    |     Objective Bounds      |     Work
 Expl Unexpl |  Obj  Depth IntInf | Incumbent    BestBd   Gap | It/Node Time

     0     0      -    -    -       90.00000   85.87500  4.58%     -    0s
     0     0      -    -    -       90.00000   85.87500  4.58%     -    0s
     0     0      -    -    -       90.00000   86.00000  4.44%     -    0s
     0     0      -    -    -       90.00000   86.00000  4.44%     -    1s
     0     0      -    -    -       90.00000   86.00000  4.44%     -    1s
     0     0      -    -    -       90.00000   86.00000  4.44%     -    1s
     0     0      -    -    -       90.00000   86.00000  4.44%     -    1s
     0     0      -    -    -       87.00000   86.00000  1.15%     -    2s
     0     0      -    -    -       87.00000   86.00000  1.15%     -    2s
     0     0      -    -    -       87.00000   86.00000  1.15%     -    2s
     0     0      -    -    -       87.00000   86.00000  1.15%     -    2s
     0     2      -    -    -       87.00000   86.00000  1.15%     -    3s
    15    18      -    -    -       87.00000   86.00000  1.15%     -    5s
    44    84      -    -    -       87.00000   86.00000  1.15%     -   10s
    83   253      -    -    -       87.00000   86.00000  1.15%     -   16s
   293   311      -    -    -       87.00000   86.00000  1.15%     -   20s

Cutting planes:
  Learned: 148
  Gomory: 10
  Cover: 1
  Implied bound: 331
  MIR: 2
  Zero half: 16
  Relax-and-lift: 21

Instance 20 was solved

Explored 95 nodes (133190 simplex iterations) in 24.00 seconds (19.21 work units)
Thread count was 2 (of 128 available processors)

Solution count 1: 87 

Optimal solution found (tolerance 1.00e-04)
Best objective 8.700000000000e+01, best bound 8.700000000000e+01, gap 0.0000%
