
Gurobi 10.0.3 (linux64) logging started Mon Sep  2 07:32:24 2024

Set parameter LogFile to value "fwd/logs/w4-k5-s3.log"

Gurobi 10.0.3 (linux64) logging started Mon Sep  2 07:32:24 2024

Set parameter LogFile to value "fwd/logs/w4-k5-s3.log"
Set parameter Heuristics to value 1
Set parameter Heuristics to value 1
Gurobi Optimizer version 10.0.3 build v10.0.3rc0 (linux64)

CPU model: AMD EPYC 7742 64-Core Processor, instruction set [SSE2|AVX|AVX2]
Thread count: 64 physical cores, 128 logical processors, using up to 128 threads

Academic license 2533279 - for non-commercial use only - registered to bl___@rice.edu
Optimize a model with 2195 rows, 26244 columns and 19683 nonzeros
Model fingerprint: 0x634e543a
Model has 39366 general constraints
Variable types: 0 continuous, 26244 integer (19683 binary)
Coefficient statistics:
  Matrix range     [1e+00, 1e+00]
  Objective range  [1e+00, 1e+00]
  Bounds range     [1e+00, 3e+00]
  RHS range        [1e+00, 3e+00]
  GenCon rhs range [1e+00, 1e+00]
  GenCon coe range [1e+00, 1e+00]

Concurrent MIP optimizer: 64 concurrent instances (2 threads per instance)

Found heuristic solution: objective 19683.000000
Presolve added 59034 rows and 39354 columns
Presolve time: 2.11s
Presolved: 61229 rows, 65598 columns, 157431 nonzeros
Presolved model has 19680 SOS constraint(s)
Variable types: 0 continuous, 65598 integer (19680 binary)
Root relaxation presolved: 61229 rows, 65598 columns, 157431 nonzeros

Concurrent LP optimizer: dual simplex and barrier
Showing barrier log only...

Root barrier log...

Ordering time: 1.13s

Barrier performed 0 iterations in 5.06 seconds (0.61 work units)
Barrier solve interrupted - model solved by another algorithm


Solved with dual simplex

Root relaxation: objective 6.563000e+03, 22602 iterations, 1.39 seconds (0.22 work units)

    Nodes    |    Current Node    |     Objective Bounds      |     Work
 Expl Unexpl |  Obj  Depth IntInf | Incumbent    BestBd   Gap | It/Node Time

     0     0      -    -    -     19683.0000 6563.00000  66.7%     -   17s
     0     0      -    -    -     9287.00000 6563.00000  29.3%     -   30s
     0     0      -    -    -     9287.00000 6563.00000  29.3%     -   43s
     0     0      -    -    -     9287.00000 6563.00000  29.3%     -   70s
     0     0      -    -    -     9261.00000 6563.00000  29.1%     -   87s
     0     0      -    -    -     9261.00000 6563.00000  29.1%     -  117s
     0     0      -    -    -     9261.00000 6563.00000  29.1%     -  140s
     0     0      -    -    -     8464.00000 6563.00000  22.5%     -  468s
     0     0      -    -    -     8464.00000 6563.00000  22.5%     -  499s
     0     0      -    -    -     8386.00000 6563.00000  21.7%     -  636s
     0     0      -    -    -     8386.00000 6563.00000  21.7%     -  652s
     0     2      -    -    -     8149.00000 6563.00000  19.5%     -  746s
     3     6      -    -    -     8080.00000 6563.00000  18.8%     -  771s
     7    10      -    -    -     8080.00000 6563.00000  18.8%     -  775s
     9    12      -    -    -     8041.00000 6563.00000  18.4%     -  854s
    11    14      -    -    -     8041.00000 6563.00000  18.4%     -  874s
    13    17      -    -    -     8041.00000 6563.00000  18.4%     -  885s
    16    19      -    -    -     8041.00000 6563.00000  18.4%     -  914s
    18    21      -    -    -     8041.00000 6563.00000  18.4%     - 1006s
    20    33      -    -    -     8041.00000 6563.00000  18.4%     - 1123s
    32    47      -    -    -     8041.00000 6563.00000  18.4%     - 1275s
    46    92      -    -    -     8012.00000 6563.00000  18.1%     - 1501s
    91   455      -    -    -     8012.00000 6563.00000  18.1%     - 1884s
   454   653      -    -    -     8011.00000 6563.00000  18.1%     - 2065s
   652   843      -    -    -     7940.00000 6563.00000  17.3%     - 2262s
   842  1036      -    -    -     7889.00000 6563.00000  16.8%     - 2476s
  1035  1287      -    -    -     7829.00000 6563.00000  16.2%     - 2666s
  1286  1529      -    -    -     7720.00000 6563.00000  15.0%     - 2841s
  1532  1770      -    -    -     7669.00000 6563.00000  14.4%     - 3031s
  1775  2013      -    -    -     7586.00000 6563.00000  13.5%     - 3207s
  2018  2256      -    -    -     7532.00000 6563.00000  12.9%     - 3390s
  2265  2501      -    -    -     7421.00000 6563.00000  11.6%     - 3580s
  2517  2747      -    -    -     7371.00000 6563.00000  11.0%     - 3779s
  2774  3001      -    -    -     7279.00000 6563.00000  9.84%     - 3984s
  3030  3250      -    -    -     7274.00000 6563.00000  9.77%     - 4179s
  3286  3499      -    -    -     7225.00000 6563.00000  9.16%     - 4379s
  3552  3754      -    -    -     7153.00000 6563.00000  8.25%     - 4582s
  3821  3755      -    -    -     7153.00000 6563.00000  8.25%     - 4592s
  3823  3568      -    -    -     7153.00000 6563.00000  8.25%     - 4605s
  3824  3569      -    -    -     7153.00000 6563.00000  8.25%     - 4632s
  3825  3570      -    -    -     7153.00000 6563.00000  8.25%     - 4645s
  3826  3570      -    -    -     7153.00000 6563.00000  8.25%     - 4681s
  3827  3571      -    -    -     7153.00000 6563.00000  8.25%     - 4699s
  3828  3572      -    -    -     7153.00000 6563.00000  8.25%     - 4769s
  3829  3572      -    -    -     7153.00000 6563.00000  8.25%     - 5026s
  3830  3573      -    -    -     7153.00000 6563.00000  8.25%     - 5839s
  3831  3574      -    -    -     7153.00000 6563.00000  8.25%     - 6468s
  3832  3574      -    -    -     7153.00000 6563.00000  8.25%     - 7326s
  3833  3575      -    -    -     7153.00000 6563.00000  8.25%     - 7649s
  3834  3227      -    -    -     7143.00000 6563.00000  8.12%     - 8924s
  3835  3230      -    -    -     7143.00000 6563.00000  8.12%     - 9319s
  3837  3232      -    -    -     7143.00000 6563.00000  8.12%     - 9396s
  3839  3233      -    -    -     7143.00000 6563.00000  8.12%     - 9469s
  3841  3234      -    -    -     7143.00000 6563.00000  8.12%     - 9560s
  3843  3236      -    -    -     7143.00000 6563.00000  8.12%     - 9651s
  3845  3237      -    -    -     7143.00000 6563.00000  8.12%     - 9742s
  3847  3238      -    -    -     7143.00000 6563.00000  8.12%     - 9913s
  3849  3240      -    -    -     7143.00000 6563.00000  8.12%     - 10039s
  3851  3241      -    -    -     7143.00000 6563.00000  8.12%     - 10124s
  3853  3242      -    -    -     7143.00000 6563.00000  8.12%     - 10209s
  3855  3250      -    -    -     7143.00000 6563.00000  8.12%     - 10522s
  3863  3104      -    -    -     7141.00000 6563.00000  8.09%     - 11221s
  3882  3148      -    -    -     7136.00000 6563.00000  8.03%     - 12905s
  3932  3265      -    -    -     7070.00000 6563.00000  7.17%     - 16789s
  4219  3378      -    -    -     7070.00000 6563.00000  7.17%     - 17711s
  4713  3220      -    -    -     7067.00000 6563.00000  7.13%     - 18434s
  5207  3229      -    -    -     7062.00000 6563.00000  7.07%     - 19011s
  5590  3178      -    -    -     7048.00000 6563.00000  6.88%     - 19538s
  5943  3055      -    -    -     7040.00000 6563.00000  6.78%     - 20037s
  6244  3099      -    -    -     7032.00000 6563.00000  6.67%     - 20560s
  6582  3212      -    -    -     7016.00000 6563.00000  6.46%     - 21043s
  6920  3397      -    -    -     6999.00000 6563.00000  6.23%     - 21528s
  7230  3702      -    -    -     6990.00000 6563.00000  6.11%     - 22047s
  7535  4017      -    -    -     6975.00000 6563.00000  5.91%     - 22566s
  7850  4318      -    -    -     6964.00000 6563.00000  5.76%     - 23101s
  8151  4668      -    -    -     6961.00000 6563.00000  5.72%     - 23667s
  8501  5034      -    -    -     6957.00000 6563.00000  5.66%     - 24258s
