
Gurobi 10.0.3 (linux64) logging started Mon Sep  2 19:09:06 2024

Set parameter LogFile to value "fwd/logs/w4-k2-s4.log"

Gurobi 10.0.3 (linux64) logging started Mon Sep  2 19:09:06 2024

Set parameter LogFile to value "fwd/logs/w4-k2-s4.log"
Set parameter Heuristics to value 0.8
Set parameter Heuristics to value 0.8
Gurobi Optimizer version 10.0.3 build v10.0.3rc0 (linux64)

CPU model: AMD EPYC 7742 64-Core Processor, instruction set [SSE2|AVX|AVX2]
Thread count: 64 physical cores, 128 logical processors, using up to 128 threads

Academic license 2533279 - for non-commercial use only - registered to bl___@rice.edu
Optimize a model with 3300 rows, 5120 columns and 21604 nonzeros
Model fingerprint: 0x4a1835ba
Model has 8192 general constraints
Variable types: 0 continuous, 5120 integer (4096 binary)
Coefficient statistics:
  Matrix range     [1e+00, 1e+00]
  Objective range  [1e+00, 1e+00]
  Bounds range     [1e+00, 3e+00]
  RHS range        [1e+00, 2e+00]
  GenCon rhs range [1e+00, 1e+00]
  GenCon coe range [1e+00, 1e+00]

Concurrent MIP optimizer: 64 concurrent instances (2 threads per instance)

Found heuristic solution: objective 4096.0000000
Presolve added 12186 rows and 8174 columns
Presolve time: 0.33s
Presolved: 15486 rows, 13294 columns, 49950 nonzeros
Presolved model has 4092 SOS constraint(s)
Variable types: 0 continuous, 13294 integer (4092 binary)
Root relaxation presolved: 15486 rows, 13294 columns, 49950 nonzeros

Concurrent LP optimizer: dual simplex and barrier
Showing barrier log only...

Root barrier log...

Ordering time: 2.00s

Barrier statistics:
 AA' NZ     : 1.022e+05
 Factor NZ  : 7.503e+06 (roughly 70 MB of memory)
 Factor Ops : 1.253e+10 (roughly 1 second per iteration)
 Threads    : 1

                  Objective                Residual
Iter       Primal          Dual         Primal    Dual     Compl     Time
   0   6.48950422e+03 -8.58151583e+03  3.82e+00 8.42e-09  1.72e+00     4s
   1   1.99774690e+03 -3.59066611e+03  6.46e-04 1.75e-05  1.66e-01     5s
   2   1.47603087e+03  9.51619068e+02  1.83e-04 6.91e-06  1.55e-02     6s
   3   1.40482707e+03  1.22518617e+03  6.31e-05 5.27e-07  5.31e-03     7s
   4   1.38424277e+03  1.35363639e+03  7.05e-05 1.23e-08  9.04e-04     7s
   5   1.37313506e+03  1.37205958e+03  9.26e-06 5.28e-10  3.18e-05     8s
   6   1.37300024e+03  1.37299734e+03  6.42e-09 8.74e-13  8.54e-08    10s
   7   1.37300000e+03  1.37300000e+03  3.40e-12 8.74e-16  8.54e-11    11s

Barrier solved model in 7 iterations and 10.96 seconds (3.72 work units)
Optimal objective 1.37300000e+03


Root crossover log...

       6 DPushes remaining with DInf 0.0000000e+00                11s
       0 DPushes remaining with DInf 0.0000000e+00                11s

    6465 PPushes remaining with PInf 0.0000000e+00                11s
       0 PPushes remaining with PInf 1.0046874e+02                11s

  Push phase complete: Pinf 1.0046874e+02, Dinf 5.1025850e-13     11s


Root simplex log...

Iteration    Objective       Primal Inf.    Dual Inf.      Time
    6474    1.3730000e+03   7.010135e+03   0.000000e+00     11s
    7670    1.3730000e+03   2.547677e+04   0.000000e+00     15s
    9293    1.3730001e+03   2.452358e+05   0.000000e+00     20s
   11940    1.3730003e+03   4.502130e+04   0.000000e+00     25s

Solved with dual simplex

Root relaxation: objective 1.373000e+03, 25687 iterations, 26.71 seconds (11.24 work units)
Total elapsed time = 31.04s

    Nodes    |    Current Node    |     Objective Bounds      |     Work
 Expl Unexpl |  Obj  Depth IntInf | Incumbent    BestBd   Gap | It/Node Time

     0     0      -    -    -     4096.00000 1373.00000  66.5%     -   32s
     0     0      -    -    -     2179.00000 1373.00000  37.0%     -   57s
     0     0      -    -    -     2177.00000 1373.00000  36.9%     -   98s
     0     0      -    -    -     1748.00000 1373.00000  21.5%     -  168s
     0     0      -    -    -     1748.00000 1373.00000  21.5%     -  169s
     0     0      -    -    -     1740.00000 1373.00000  21.1%     -  200s
     0     0      -    -    -     1713.00000 1373.00000  19.8%     -  208s
     0     0      -    -    -     1634.00000 1373.00000  16.0%     -  274s
     0     0      -    -    -     1634.00000 1373.00000  16.0%     -  278s
     0     2      -    -    -     1634.00000 1373.00000  16.0%     -  287s
     3     6      -    -    -     1632.00000 1373.00000  15.9%     -  302s
     5     8      -    -    -     1632.00000 1373.00000  15.9%     -  309s
     7    10      -    -    -     1632.00000 1373.00000  15.9%     -  317s
     9    12      -    -    -     1632.00000 1373.00000  15.9%     -  328s
    11    14      -    -    -     1632.00000 1373.12500  15.9%     -  353s
    13    16      -    -    -     1632.00000 1373.12500  15.9%     -  355s
    17    21      -    -    -     1632.00000 1373.12500  15.9%     -  371s
    20    26      -    -    -     1632.00000 1373.12500  15.9%     -  397s
    25    36      -    -    -     1623.00000 1373.12500  15.4%     -  447s
    35    63      -    -    -     1623.00000 1373.12500  15.4%     -  533s
    62   139      -    -    -     1619.00000 1373.12500  15.2%     -  716s
   138   302      -    -    -     1616.00000 1373.12500  15.0%     - 1021s
   301   391      -    -    -     1612.00000 1373.12500  14.8%     - 1287s
   390   609      -    -    -     1599.00000 1373.12500  14.1%     - 1588s
   608   682      -    -    -     1599.00000 1373.12500  14.1%     - 1834s
   683   711      -    -    -     1596.00000 1373.12500  14.0%     - 2127s
   712   776      -    -    -     1586.00000 1373.12500  13.4%     - 2429s
   779   880      -    -    -     1577.00000 1373.12500  12.9%     - 2768s
   887  1025      -    -    -     1564.00000 1373.12500  12.2%     - 3133s
  1042  1295      -    -    -     1551.00000 1373.12500  11.5%     - 3499s
  1328  1700      -    -    -     1546.00000 1373.12500  11.2%     - 3921s
  1775  2376      -    -    -     1529.00000 1373.78750  10.2%     - 4344s
  2530  3171      -    -    -     1524.00000 1374.25511  9.83%     - 4551s
  3518  3445      -    -    -     1519.00000 1374.55061  9.51%     - 4676s
  3877  3337      -    -    -     1519.00000 1374.60679  9.51%     - 4708s
  3879  3338      -    -    -     1512.00000 1374.60679  9.09%     - 4791s
  3880  3339      -    -    -     1512.00000 1374.60679  9.09%     - 4811s
  3881  3340      -    -    -     1512.00000 1375.10295  9.05%     - 4849s
  3882  3340      -    -    -     1502.00000 1375.31799  8.43%     - 4952s
  3883  3341      -    -    -     1502.00000 1375.33158  8.43%     - 4964s
  3884  3342      -    -    -     1490.00000 1375.49999  7.68%     - 5091s
  3885  3342      -    -    -     1490.00000 1375.49999  7.68%     - 5116s
  3886  3343      -    -    -     1490.00000 1375.74960  7.67%     - 5241s
  3887  3344      -    -    -     1490.00000 1375.97297  7.65%     - 5269s
  3888  3344      -    -    -     1490.00000 1375.99258  7.65%     - 5349s
  3889  3345      -    -    -     1490.00000 1375.99258  7.65%     - 5385s
  3890  3346      -    -    -     1490.00000 1375.99258  7.65%     - 5406s
  3891  3346      -    -    -     1490.00000 1376.04379  7.65%     - 5421s
  3892  3347      -    -    -     1490.00000 1376.04379  7.65%     - 5433s
  3893  3348      -    -    -     1490.00000 1376.04379  7.65%     - 5444s
  3894  3348      -    -    -     1490.00000 1376.04379  7.65%     - 5455s
  3895  3349      -    -    -     1488.00000 1376.07523  7.52%     - 5509s
  3896  3350      -    -    -     1488.00000 1376.09348  7.52%     - 5548s
  3897  3350      -    -    -     1488.00000 1376.09420  7.52%     - 5571s
  3898  3351      -    -    -     1488.00000 1376.09420  7.52%     - 5589s
  3899  3352      -    -    -     1488.00000 1376.12337  7.52%     - 5647s
  3900  3352      -    -    -     1488.00000 1376.12337  7.52%     - 5678s
  3901  3353      -    -    -     1488.00000 1376.18997  7.51%     - 5700s
  3902  3354      -    -    -     1488.00000 1376.20446  7.51%     - 5716s
  3903  3354      -    -    -     1488.00000 1376.20446  7.51%     - 5732s
  3904  3355      -    -    -     1488.00000 1376.21007  7.51%     - 5746s
  3905  3356      -    -    -     1488.00000 1376.21506  7.51%     - 5760s
  3906  3356      -    -    -     1488.00000 1376.21506  7.51%     - 5809s
  3907  3357      -    -    -     1488.00000 1376.29664  7.51%     - 5852s
  3908  3358      -    -    -     1488.00000 1376.30205  7.51%     - 5892s
  3909  3358      -    -    -     1488.00000 1376.30541  7.51%     - 5918s
  3910  3359      -    -    -     1486.00000 1376.30542  7.38%     - 5940s
  3911  3360      -    -    -     1482.00000 1376.30542  7.13%     - 5999s
  3912  3360      -    -    -     1482.00000 1376.35377  7.13%     - 6031s
  3913  3361      -    -    -     1476.00000 1376.40136  6.75%     - 6053s
  3914  3362      -    -    -     1476.00000 1376.41268  6.75%     - 6069s
  3915  3362      -    -    -     1476.00000 1376.41363  6.75%     - 6084s
  3916  3363      -    -    -     1472.00000 1376.41674  6.49%     - 6140s
  3917  3364      -    -    -     1472.00000 1376.41674  6.49%     - 6173s
  3918  3364      -    -    -     1470.00000 1376.49121  6.36%     - 6193s
  3919  3365      -    -    -     1470.00000 1376.49121  6.36%     - 6208s
  3920  3366      -    -    -     1470.00000 1376.49121  6.36%     - 6221s
  3921  3366      -    -    -     1470.00000 1376.51153  6.36%     - 6234s
  3922  3367      -    -    -     1470.00000 1376.52435  6.36%     - 6289s
  3923  3368      -    -    -     1469.00000 1376.52516  6.30%     - 6318s
  3924  3368      -    -    -     1469.00000 1376.52524  6.30%     - 6339s
  3925  3369      -    -    -     1469.00000 1376.52524  6.30%     - 6355s
  3926  3370      -    -    -     1469.00000 1376.55290  6.29%     - 6369s
  3927  3370      -    -    -     1469.00000 1376.99071  6.26%     - 6387s
  3928  3371      -    -    -     1469.00000 1376.99071  6.26%     - 6406s
  3929  3372      -    -    -     1469.00000 1376.99071  6.26%     - 6421s
  3930  3372      -    -    -     1469.00000 1377.11983  6.25%     - 6479s
  3931  3373      -    -    -     1469.00000 1377.12071  6.25%     - 6534s
  3932  3374      -    -    -     1469.00000 1377.16118  6.25%     - 6561s
  3933  3374      -    -    -     1469.00000 1377.19183  6.25%     - 6589s
  3934  3375      -    -    -     1469.00000 1377.19347  6.25%     - 6611s
  3935  3376      -    -    -     1469.00000 1377.19579  6.25%     - 6692s
  3936  3376      -    -    -     1469.00000 1377.20053  6.25%     - 6729s
  3937  3377      -    -    -     1469.00000 1377.20246  6.25%     - 6751s
  3938  3378      -    -    -     1469.00000 1377.20432  6.25%     - 6766s
  3939  3378      -    -    -     1469.00000 1377.20555  6.25%     - 6781s
  3940  3209      -    -    -     1469.00000 1377.20593  6.25%     - 6842s
  3941  3210      -    -    -     1469.00000 1377.21597  6.25%     - 6880s
  3942  3210      -    -    -     1469.00000 1377.22755  6.25%     - 6903s
  3943  3211      -    -    -     1469.00000 1377.22977  6.25%     - 6968s
  3944  3212      -    -    -     1469.00000 1377.22977  6.25%     - 6998s
  3945  3212      -    -    -     1469.00000 1377.22977  6.25%     - 7017s
  3946  3213      -    -    -     1469.00000 1377.24576  6.25%     - 7032s
  3947  3214      -    -    -     1468.00000 1377.24576  6.18%     - 7046s
  3948  3214      -    -    -     1468.00000 1377.27413  6.18%     - 7058s
  3949  3215      -    -    -     1467.00000 1377.28371  6.12%     - 7114s
  3950  3216      -    -    -     1467.00000 1377.28371  6.12%     - 7146s
  3951  3216      -    -    -     1467.00000 1377.33097  6.11%     - 7169s
  3952  3217      -    -    -     1466.00000 1377.33097  6.05%     - 7186s
  3953  3218      -    -    -     1466.00000 1377.34915  6.05%     - 7201s
  3954  3218      -    -    -     1466.00000 1377.34915  6.05%     - 7215s
  3955  3219      -    -    -     1466.00000 1377.35950  6.05%     - 7265s
  3956  3220      -    -    -     1466.00000 1377.35950  6.05%     - 7299s
  3957  3220      -    -    -     1466.00000 1377.42630  6.04%     - 7321s
  3958  3221      -    -    -     1466.00000 1377.42630  6.04%     - 7336s
  3959  3059      -    -    -     1466.00000 1377.42785  6.04%     - 7394s
  3960  3059      -    -    -     1466.00000 1377.42785  6.04%     - 7429s
  3961  3060      -    -    -     1466.00000 1377.42785  6.04%     - 7461s
  3962  3061      -    -    -     1466.00000 1377.48025  6.04%     - 7484s
  3963  3061      -    -    -     1466.00000 1377.48025  6.04%     - 7502s
  3964  3062      -    -    -     1466.00000 1377.51930  6.04%     - 7558s
  3965  3063      -    -    -     1466.00000 1377.51930  6.04%     - 7613s
  3966  3063      -    -    -     1466.00000 1377.51930  6.04%     - 7645s
  3967  3064      -    -    -     1466.00000 1377.51930  6.04%     - 7666s
  3968  2910      -    -    -     1466.00000 1377.55199  6.03%     - 7726s
  3969  2910      -    -    -     1466.00000 1377.55251  6.03%     - 7764s
  3970  2911      -    -    -     1466.00000 1377.55251  6.03%     - 7795s
  3971  2912      -    -    -     1466.00000 1377.55251  6.03%     - 7818s
  3972  2912      -    -    -     1466.00000 1377.58522  6.03%     - 7882s
  3973  2913      -    -    -     1466.00000 1377.58765  6.03%     - 7931s
  3974  2914      -    -    -     1466.00000 1377.58765  6.03%     - 7968s
  3975  2914      -    -    -     1466.00000 1377.66573  6.03%     - 8000s
  3976  2915      -    -    -     1466.00000 1377.66573  6.03%     - 8024s
  3977  2916      -    -    -     1466.00000 1377.70395  6.02%     - 8107s
  3978  2916      -    -    -     1466.00000 1377.72369  6.02%     - 8163s
  3979  2917      -    -    -     1466.00000 1377.77229  6.02%     - 8199s
  3980  2918      -    -    -     1466.00000 1377.77229  6.02%     - 8217s
  3981  2918      -    -    -     1466.00000 1377.79019  6.02%     - 8232s
  3982  2919      -    -    -     1466.00000 1377.79376  6.02%     - 8289s
  3983  2920      -    -    -     1466.00000 1377.79398  6.02%     - 8328s
  3984  2920      -    -    -     1466.00000 1377.85925  6.01%     - 8353s
  3985  2921      -    -    -     1466.00000 1377.85925  6.01%     - 8376s
  3986  2922      -    -    -     1466.00000 1377.88016  6.01%     - 8471s
  3987  2922      -    -    -     1466.00000 1377.91559  6.01%     - 8521s
  3988  2923      -    -    -     1466.00000 1377.91592  6.01%     - 8556s
  3989  2924      -    -    -     1466.00000 1377.91592  6.01%     - 8583s
  3990  2924      -    -    -     1466.00000 1377.92266  6.01%     - 8643s
  3991  2925      -    -    -     1466.00000 1377.93849  6.01%     - 8686s
  3992  2926      -    -    -     1466.00000 1377.96428  6.01%     - 8714s
  3993  2926      -    -    -     1466.00000 1377.96428  6.01%     - 8732s
  3994  2927      -    -    -     1466.00000 1377.97107  6.00%     - 8749s
  3995  2780      -    -    -     1466.00000 1378.03977  6.00%     - 8814s
  3996  2780      -    -    -     1466.00000 1378.04223  6.00%     - 8860s
  3997  2781      -    -    -     1466.00000 1378.04245  6.00%     - 8886s
  3998  2782      -    -    -     1466.00000 1378.21624  5.99%     - 8953s
  3999  2782      -    -    -     1466.00000 1378.27200  5.98%     - 8992s
  4000  2783      -    -    -     1466.00000 1378.27507  5.98%     - 9022s
  4001  2784      -    -    -     1466.00000 1378.27507  5.98%     - 9044s
  4002  2643      -    -    -     1466.00000 1378.36855  5.98%     - 9101s
  4003  2644      -    -    -     1466.00000 1378.37336  5.98%     - 9143s
  4004  2645      -    -    -     1466.00000 1378.37566  5.98%     - 9173s
  4005  2645      -    -    -     1466.00000 1378.38813  5.98%     - 9246s
  4006  2646      -    -    -     1466.00000 1378.39090  5.98%     - 9281s
  4007  2647      -    -    -     1466.00000 1378.39259  5.98%     - 9307s
  4008  2647      -    -    -     1466.00000 1378.39262  5.98%     - 9324s
  4009  2648      -    -    -     1466.00000 1378.39361  5.98%     - 9393s
  4010  2649      -    -    -     1466.00000 1378.39976  5.98%     - 9433s
  4011  2649      -    -    -     1466.00000 1378.40343  5.98%     - 9459s
  4012  2650      -    -    -     1466.00000 1378.40464  5.98%     - 9479s
  4013  2651      -    -    -     1466.00000 1378.40667  5.97%     - 9542s
  4014  2651      -    -    -     1466.00000 1378.42781  5.97%     - 9577s
  4015  2652      -    -    -     1466.00000 1378.43117  5.97%     - 9607s
  4016  2653      -    -    -     1466.00000 1378.49658  5.97%     - 9670s
  4017  2653      -    -    -     1466.00000 1378.52672  5.97%     - 9721s
  4018  2654      -    -    -     1466.00000 1378.52735  5.97%     - 9756s
  4019  2655      -    -    -     1466.00000 1378.62263  5.96%     - 9783s
  4020  2655      -    -    -     1466.00000 1378.70392  5.95%     - 9805s
  4021  2656      -    -    -     1466.00000 1378.70930  5.95%     - 9868s
  4022  2657      -    -    -     1466.00000 1378.74199  5.95%     - 9929s
  4023  2657      -    -    -     1466.00000 1378.74721  5.95%     - 9965s
  4024  2658      -    -    -     1466.00000 1378.74741  5.95%     - 9986s
  4025  2523      -    -    -     1466.00000 1378.77384  5.95%     - 10066s
  4026  2523      -    -    -     1466.00000 1378.77807  5.95%     - 10136s
  4027  2524      -    -    -     1466.00000 1378.78236  5.95%     - 10191s
  4028  2525      -    -    -     1466.00000 1378.78448  5.95%     - 10229s
  4029  2397      -    -    -     1466.00000 1378.81482  5.95%     - 10310s
  4030  2398      -    -    -     1466.00000 1378.83104  5.95%     - 10370s
  4031  2399      -    -    -     1466.00000 1378.87678  5.94%     - 10411s
  4032  2399      -    -    -     1466.00000 1378.90937  5.94%     - 10445s
  4033  2400      -    -    -     1466.00000 1378.92515  5.94%     - 10474s
  4034  2278      -    -    -     1466.00000 1378.95185  5.94%     - 10556s
  4035  2278      -    -    -     1466.00000 1378.98903  5.94%     - 10612s
  4036  2279      -    -    -     1466.00000 1378.99021  5.94%     - 10641s
  4037  2280      -    -    -     1466.00000 1378.99074  5.94%     - 10661s
  4038  2280      -    -    -     1466.00000 1378.99074  5.94%     - 10679s
  4039  2281      -    -    -     1466.00000 1378.99142  5.94%     - 10696s
  4040  2282      -    -    -     1466.00000 1378.99142  5.94%     - 10711s
  4041  2282      -    -    -     1466.00000 1378.99200  5.94%     - 10764s
  4042  2283      -    -    -     1466.00000 1378.99200  5.94%     - 10807s
  4043  2167      -    -    -     1466.00000 1379.00765  5.93%     - 10890s
  4044  2167      -    -    -     1466.00000 1379.00767  5.93%     - 10923s
  4045  2057      -    -    -     1466.00000 1379.00862  5.93%     - 10999s
  4046  2058      -    -    -     1466.00000 1379.00862  5.93%     - 11044s
  4047  2058      -    -    -     1466.00000 1379.00862  5.93%     - 11084s
  4048  2059      -    -    -     1466.00000 1379.00862  5.93%     - 11112s
  4049  2060      -    -    -     1466.00000 1379.15012  5.92%     - 11136s
  4050  2060      -    -    -     1466.00000 1379.15012  5.92%     - 11156s
  4051  1955      -    -    -     1466.00000 1379.16927  5.92%     - 11224s
  4052  1956      -    -    -     1466.00000 1379.37052  5.91%     - 11274s
  4053  1956      -    -    -     1466.00000 1379.38401  5.91%     - 11305s
  4054  1957      -    -    -     1466.00000 1379.38853  5.91%     - 11333s
  4055  1857      -    -    -     1466.00000 1379.38880  5.91%     - 11407s
  4056  1857      -    -    -     1466.00000 1379.47095  5.90%     - 11451s
  4057  1858      -    -    -     1466.00000 1379.48008  5.90%     - 11483s
  4058  1859      -    -    -     1466.00000 1379.48008  5.90%     - 11502s
  4059  1859      -    -    -     1466.00000 1379.48008  5.90%     - 11519s
  4060  1860      -    -    -     1466.00000 1379.48008  5.90%     - 11534s
  4061  1861      -    -    -     1466.00000 1379.60914  5.89%     - 11617s
  4062  1861      -    -    -     1466.00000 1379.62207  5.89%     - 11673s
  4063  1862      -    -    -     1466.00000 1379.62207  5.89%     - 11721s
  4064  1863      -    -    -     1466.00000 1379.65568  5.89%     - 11754s
  4065  1863      -    -    -     1466.00000 1379.69856  5.89%     - 11850s
  4066  1864      -    -    -     1466.00000 1379.69856  5.89%     - 11893s
  4067  1865      -    -    -     1466.00000 1379.69856  5.89%     - 11921s
  4068  1865      -    -    -     1466.00000 1379.69856  5.89%     - 11942s
  4069  1866      -    -    -     1466.00000 1379.69856  5.89%     - 11964s
  4070  1867      -    -    -     1466.00000 1379.69856  5.89%     - 11980s
  4071  1867      -    -    -     1466.00000 1379.69856  5.89%     - 11995s
  4072  1772      -    -    -     1466.00000 1379.70670  5.89%     - 12054s
  4073  1773      -    -    -     1466.00000 1379.70670  5.89%     - 12099s
  4074  1773      -    -    -     1466.00000 1379.72393  5.89%     - 12151s
  4075  1774      -    -    -     1466.00000 1379.72674  5.88%     - 12183s
  4076  1775      -    -    -     1466.00000 1379.72745  5.88%     - 12271s
  4077  1775      -    -    -     1466.00000 1379.72778  5.88%     - 12340s
  4078  1776      -    -    -     1466.00000 1379.72778  5.88%     - 12391s
  4079  1777      -    -    -     1466.00000 1379.72778  5.88%     - 12424s
  4080  1684      -    -    -     1466.00000 1379.73323  5.88%     - 12494s
  4081  1685      -    -    -     1466.00000 1379.73323  5.88%     - 12554s
  4082  1686      -    -    -     1466.00000 1379.73327  5.88%     - 12679s
  4083  1686      -    -    -     1466.00000 1379.73327  5.88%     - 12683s
  4085  1689      -    -    -     1466.00000 1379.73327  5.88%     - 12691s
  4087  1690      -    -    -     1466.00000 1379.77491  5.88%     - 12755s
  4088  1691      -    -    -     1466.00000 1379.77491  5.88%     - 12779s
  4089  1692      -    -    -     1466.00000 1379.77491  5.88%     - 12790s
  4090  1692      -    -    -     1466.00000 1379.77615  5.88%     - 12848s
  4091  1693      -    -    -     1466.00000 1379.77615  5.88%     - 12857s
  4092  1694      -    -    -     1466.00000 1379.77615  5.88%     - 12870s
  4093  1694      -    -    -     1466.00000 1379.77708  5.88%     - 12879s
  4094  1695      -    -    -     1466.00000 1379.77708  5.88%     - 12887s
  4095  1696      -    -    -     1466.00000 1379.77708  5.88%     - 12895s
  4096  1696      -    -    -     1466.00000 1379.77708  5.88%     - 12902s
  4097  1697      -    -    -     1466.00000 1379.77708  5.88%     - 12908s
  4098  1698      -    -    -     1466.00000 1379.77708  5.88%     - 12915s
  4099  1698      -    -    -     1466.00000 1379.77889  5.88%     - 12964s
  4100  1699      -    -    -     1466.00000 1379.77889  5.88%     - 12979s
  4101  1700      -    -    -     1466.00000 1379.77889  5.88%     - 12990s
  4102  1700      -    -    -     1466.00000 1379.77889  5.88%     - 12999s
  4103  1701      -    -    -     1466.00000 1379.77889  5.88%     - 13056s
  4104  1702      -    -    -     1466.00000 1379.77889  5.88%     - 13077s
  4105  1702      -    -    -     1466.00000 1379.77889  5.88%     - 13094s
  4106  1703      -    -    -     1466.00000 1379.77889  5.88%     - 13146s
  4107  1704      -    -    -     1466.00000 1379.77889  5.88%     - 13171s
  4108  1704      -    -    -     1466.00000 1379.77889  5.88%     - 13234s
  4109  1705      -    -    -     1466.00000 1379.77889  5.88%     - 13236s
  4113  1709      -    -    -     1466.00000 1379.77889  5.88%     - 13304s
  4114  1710      -    -    -     1466.00000 1379.77889  5.88%     - 13334s
  4115  1711      -    -    -     1466.00000 1379.77889  5.88%     - 13363s
  4116  1711      -    -    -     1466.00000 1379.77889  5.88%     - 13429s
  4117  1712      -    -    -     1466.00000 1379.77889  5.88%     - 13438s
  4118  1713      -    -    -     1466.00000 1379.77889  5.88%     - 13447s
  4119  1713      -    -    -     1466.00000 1379.77889  5.88%     - 13458s
  4120  1714      -    -    -     1466.00000 1379.77889  5.88%     - 13469s
  4121  1715      -    -    -     1466.00000 1379.77889  5.88%     - 13476s
  4122  1715      -    -    -     1466.00000 1379.77889  5.88%     - 13483s
  4123  1716      -    -    -     1466.00000 1379.77889  5.88%     - 13489s
  4124  1717      -    -    -     1466.00000 1379.77889  5.88%     - 13495s
  4125  1717      -    -    -     1466.00000 1379.77889  5.88%     - 13502s
  4126  1718      -    -    -     1466.00000 1379.77889  5.88%     - 13539s
  4127  1719      -    -    -     1466.00000 1379.77889  5.88%     - 13554s
  4128  1719      -    -    -     1466.00000 1379.77889  5.88%     - 13607s
  4129  1720      -    -    -     1466.00000 1379.77889  5.88%     - 13620s
  4130  1721      -    -    -     1466.00000 1379.77889  5.88%     - 13673s
  4131  1721      -    -    -     1466.00000 1379.77889  5.88%     - 13692s
  4132  1722      -    -    -     1466.00000 1379.77889  5.88%     - 13707s
  4133  1726      -    -    -     1466.00000 1379.77889  5.88%     - 13731s
  4137  1728      -    -    -     1466.00000 1379.77889  5.88%     - 13737s
  4139  1730      -    -    -     1466.00000 1379.77889  5.88%     - 13745s
  4141  1731      -    -    -     1466.00000 1379.77889  5.88%     - 13752s
  4143  1732      -    -    -     1466.00000 1379.77889  5.88%     - 13755s
  4147  1736      -    -    -     1466.00000 1379.77889  5.88%     - 13763s
  4150  1738      -    -    -     1466.00000 1379.77889  5.88%     - 13766s
  4155  1746      -    -    -     1466.00000 1379.77889  5.88%     - 13779s
  4163  1750      -    -    -     1466.00000 1379.77889  5.88%     - 13787s
  4169  1758      -    -    -     1466.00000 1379.77889  5.88%     - 13799s
  4179  1765      -    -    -     1466.00000 1379.77889  5.88%     - 13813s
  4190  1785      -    -    -     1466.00000 1379.77889  5.88%     - 13829s
  4213  1802      -    -    -     1466.00000 1379.77889  5.88%     - 13846s
  4238  1821      -    -    -     1466.00000 1379.77889  5.88%     - 13860s
  4265  1841      -    -    -     1466.00000 1379.77889  5.88%     - 13874s
  4294  1869      -    -    -     1466.00000 1379.77889  5.88%     - 13888s
  4332  1932      -    -    -     1466.00000 1379.77889  5.88%     - 13909s
  4408  2003      -    -    -     1466.00000 1379.77889  5.88%     - 13922s
  4504  2055      -    -    -     1466.00000 1379.77889  5.88%     - 13935s
  4588  2121      -    -    -     1466.00000 1379.77889  5.88%     - 13946s
  4682  2161      -    -    -     1466.00000 1379.77889  5.88%     - 13957s
  4753  2126      -    -    -     1466.00000 1379.77889  5.88%     - 13968s
  4829  2164      -    -    -     1466.00000 1379.77889  5.88%     - 13979s
  4892  2219      -    -    -     1466.00000 1379.77889  5.88%     - 13991s
  4968  2239      -    -    -     1466.00000 1379.77889  5.88%     - 14002s
  5014  2302      -    -    -     1466.00000 1379.77889  5.88%     - 14015s
  5092  2335      -    -    -     1466.00000 1379.77889  5.88%     - 14027s
  5151  2386      -    -    -     1466.00000 1379.77889  5.88%     - 14040s
  5222  2434      -    -    -     1466.00000 1379.77889  5.88%     - 14052s
  5293  2486      -    -    -     1466.00000 1379.77889  5.88%     - 14065s
  5369  2540      -    -    -     1466.00000 1379.77889  5.88%     - 14080s
  5448  2516      -    -    -     1466.00000 1379.77889  5.88%     - 14094s
  5533  2564      -    -    -     1466.00000 1379.77889  5.88%     - 14108s
  5609  2630      -    -    -     1466.00000 1379.77889  5.88%     - 14124s
  5700  2676      -    -    -     1466.00000 1379.77889  5.88%     - 14139s
  5777  2745      -    -    -     1466.00000 1379.77889  5.88%     - 14154s
  5871  2741      -    -    -     1466.00000 1379.77889  5.88%     - 14170s
  5977  2793      -    -    -     1466.00000 1379.77889  5.88%     - 14188s
  6064  2787      -    -    -     1466.00000 1379.77889  5.88%     - 14205s
  6161  2866      -    -    -     1466.00000 1379.77889  5.88%     - 14227s
  6272  2952      -    -    -     1466.00000 1379.77889  5.88%     - 14250s
  6395  2973      -    -    -     1466.00000 1379.77889  5.88%     - 14280s
  6486  2997      -    -    -     1466.00000 1379.77889  5.88%     - 14305s
  6541  3049      -    -    -     1466.00000 1379.77889  5.88%     - 14328s
  6611  3038      -    -    -     1466.00000 1379.77889  5.88%     - 14361s
  6675  3027      -    -    -     1466.00000 1379.77889  5.88%     - 14376s
  6686  3050      -    -    -     1466.00000 1379.77889  5.88%     - 14391s
  6712  3062      -    -    -     1466.00000 1379.77889  5.88%     - 14407s
  6733  3088      -    -    -     1466.00000 1379.77889  5.88%     - 14426s
  6766  3039      -    -    -     1466.00000 1379.77889  5.88%     - 14443s
  6799  3105      -    -    -     1466.00000 1379.77889  5.88%     - 14460s
  6876  3181      -    -    -     1466.00000 1379.77889  5.88%     - 14480s
  6978  3211      -    -    -     1466.00000 1379.77889  5.88%     - 14501s
  7042  3349      -    -    -     1466.00000 1379.77889  5.88%     - 14532s
  7201  3505      -    -    -     1466.00000 1379.77889  5.88%     - 14568s
  7410  3617      -    -    -     1466.00000 1379.77889  5.88%     - 14605s
  7592  3782      -    -    -     1466.00000 1379.77889  5.88%     - 14643s
  7817  3943      -    -    -     1466.00000 1379.77889  5.88%     - 14682s
  8053  4104      -    -    -     1466.00000 1379.77889  5.88%     - 14717s
  8293  4311      -    -    -     1466.00000 1379.77889  5.88%     - 14754s
  8523  4542      -    -    -     1466.00000 1379.77889  5.88%     - 14795s
  8754  4765      -    -    -     1466.00000 1379.77889  5.88%     - 14838s
  8981  4957      -    -    -     1466.00000 1379.77889  5.88%     - 14882s
  9206  5075      -    -    -     1466.00000 1379.77889  5.88%     - 14923s
  9329  5226      -    -    -     1466.00000 1379.77889  5.88%     - 14962s
  9483  5366      -    -    -     1466.00000 1379.77889  5.88%     - 14992s
  9623  5563      -    -    -     1466.00000 1379.77889  5.88%     - 15023s
  9820  5806      -    -    -     1466.00000 1379.77889  5.88%     - 15064s
 10067  6086      -    -    -     1466.00000 1379.77889  5.88%     - 15097s
 10347  6373      -    -    -     1466.00000 1379.77889  5.88%     - 15137s
 10634  6680      -    -    -     1466.00000 1379.77889  5.88%     - 15177s
 10942  7001      -    -    -     1466.00000 1379.77889  5.88%     - 15217s
 11263  7350      -    -    -     1466.00000 1379.77889  5.88%     - 15254s
 11627  7604      -    -    -     1466.00000 1379.77889  5.88%     - 15322s
 11937  7751      -    -    -     1466.00000 1379.77889  5.88%     - 15352s
 12084  7938      -    -    -     1466.00000 1379.77889  5.88%     - 15387s
 12271  8145      -    -    -     1466.00000 1379.77889  5.88%     - 15427s
 12478  8354      -    -    -     1466.00000 1379.77889  5.88%     - 15469s
 12687  8559      -    -    -     1466.00000 1379.77889  5.88%     - 15499s
 12892  8770      -    -    -     1466.00000 1379.77889  5.88%     - 15540s
 13103  9088      -    -    -     1466.00000 1379.77889  5.88%     - 15579s
 13421  9406      -    -    -     1466.00000 1379.77889  5.88%     - 15620s
 13739  9660      -    -    -     1466.00000 1379.77889  5.88%     - 15658s
 13993  9910      -    -    -     1466.00000 1379.77889  5.88%     - 15696s
 14248 10231      -    -    -     1466.00000 1379.77889  5.88%     - 15739s
 14569 10517      -    -    -     1466.00000 1379.77889  5.88%     - 15773s
 14893 10631      -    -    -     1466.00000 1379.77889  5.88%     - 15833s
 15043 10777      -    -    -     1466.00000 1379.77889  5.88%     - 15873s
 15189 10945      -    -    -     1466.00000 1379.77889  5.88%     - 15911s
 15359 11127      -    -    -     1466.00000 1379.77889  5.88%     - 15954s
 15546 11343      -    -    -     1466.00000 1379.77889  5.88%     - 15997s
 15762 11547      -    -    -     1466.00000 1379.77889  5.88%     - 16036s
 15966 11826      -    -    -     1466.00000 1379.77889  5.88%     - 16078s
 16245 12198      -    -    -     1466.00000 1379.77889  5.88%     - 16115s
 16617 12599      -    -    -     1466.00000 1379.77889  5.88%     - 16151s
 17018 12894      -    -    -     1466.00000 1379.77889  5.88%     - 16213s
 17401 12896      -    -    -     1466.00000 1379.77889  5.88%     - 16234s
 17403 12912      -    -    -     1466.00000 1379.77889  5.88%     - 16256s
 17419 12949      -    -    -     1466.00000 1379.77889  5.88%     - 16282s
 17456 13023      -    -    -     1466.00000 1379.77889  5.88%     - 16311s
 17530 13126      -    -    -     1466.00000 1379.77889  5.88%     - 16341s
 17633 13322      -    -    -     1466.00000 1379.77889  5.88%     - 16380s
 17829 13588      -    -    -     1466.00000 1379.77889  5.88%     - 16417s
 18095 13612      -    -    -     1466.00000 1379.77889  5.88%     - 16475s
 18195 13619      -    -    -     1466.00000 1379.77889  5.88%     - 16496s
 18202 13632      -    -    -     1466.00000 1379.77889  5.88%     - 16517s
 18215 13670      -    -    -     1466.00000 1379.77889  5.88%     - 16546s
 18253 13748      -    -    -     1466.00000 1379.77889  5.88%     - 16577s
 18331 13967      -    -    -     1466.00000 1379.77889  5.88%     - 16617s
 18550 14218      -    -    -     1466.00000 1379.77889  5.88%     - 16682s
 18819 14279      -    -    -     1466.00000 1379.77889  5.88%     - 16753s
 18902 14286      -    -    -     1466.00000 1379.77889  5.88%     - 16776s
 18909 14310      -    -    -     1466.00000 1379.77889  5.88%     - 16804s
 18933 14332      -    -    -     1466.00000 1379.77889  5.88%     - 16836s
 18955 14375      -    -    -     1466.00000 1379.77889  5.88%     - 16861s
 18998 14476      -    -    -     1466.00000 1379.77889  5.88%     - 16899s
 19099 14606      -    -    -     1466.00000 1379.77889  5.88%     - 16939s
 19229 14759      -    -    -     1466.00000 1379.77889  5.88%     - 16974s
 19414 14790      -    -    -     1466.00000 1379.77889  5.88%     - 17050s
 19459 14870      -    -    -     1466.00000 1379.77889  5.88%     - 17087s
 19539 14993      -    -    -     1466.00000 1379.77889  5.88%     - 17124s
 19662 15174      -    -    -     1466.00000 1379.77889  5.88%     - 17163s
 19843 15366      -    -    -     1466.00000 1379.77889  5.88%     - 17207s
 20035 15613      -    -    -     1466.00000 1379.77889  5.88%     - 17256s
 20282 15825      -    -    -     1466.00000 1379.77889  5.88%     - 17322s
 20516 16012      -    -    -     1466.00000 1379.77889  5.88%     - 17394s
 20735 16018      -    -    -     1466.00000 1379.77889  5.88%     - 17418s
 20741 16039      -    -    -     1466.00000 1379.77889  5.88%     - 17445s
 20762 16074      -    -    -     1466.00000 1379.77889  5.88%     - 17477s
 20797 16174      -    -    -     1466.00000 1379.77889  5.88%     - 17519s
 20897 16250      -    -    -     1466.00000 1379.77889  5.88%     - 17554s
 20973 16422      -    -    -     1466.00000 1379.77889  5.88%     - 17598s
 21145 16587      -    -    -     1466.00000 1379.77889  5.88%     - 17695s
 21352 16714      -    -    -     1466.00000 1379.77889  5.88%     - 17746s
 21487 16727      -    -    -     1466.00000 1379.77889  5.88%     - 17811s
 21532 16746      -    -    -     1466.00000 1379.77889  5.88%     - 17841s
 21551 16779      -    -    -     1466.00000 1379.77889  5.88%     - 17874s
 21584 16894      -    -    -     1466.00000 1379.77889  5.88%     - 17922s
 21699 17003      -    -    -     1466.00000 1379.77889  5.88%     - 17967s
 21808 17163      -    -    -     1466.00000 1379.77889  5.88%     - 18020s
 21968 17244      -    -    -     1466.00000 1379.77889  5.88%     - 18093s
 22097 17310      -    -    -     1466.00000 1379.77889  5.88%     - 18139s
 22163 17377      -    -    -     1466.00000 1379.77889  5.88%     - 18181s
 22230 17435      -    -    -     1466.00000 1379.77889  5.88%     - 18257s
 22350 17452      -    -    -     1466.00000 1379.77889  5.88%     - 18292s
 22367 17481      -    -    -     1466.00000 1379.77889  5.88%     - 18327s
 22396 17559      -    -    -     1466.00000 1379.77889  5.88%     - 18371s
 22474 17726      -    -    -     1466.00000 1379.77889  5.88%     - 18429s
 22641 17920      -    -    -     1466.00000 1379.77889  5.88%     - 18488s
 22835 18125      -    -    -     1466.00000 1379.77889  5.88%     - 18545s
 23040 18308      -    -    -     1466.00000 1379.87280  5.87%     - 18645s
 23255 18424      -    -    -     1466.00000 1379.88281  5.87%     - 18706s
 23371 18559      -    -    -     1466.00000 1379.96345  5.87%     - 18774s
 23506 18704      -    -    -     1466.00000 1379.97148  5.87%     - 18838s
 23651 18857      -    -    -     1466.00000 1379.97279  5.87%     - 18910s
 23804 19017      -    -    -     1466.00000 1380.02573  5.86%     - 18978s
 23972 19072      -    -    -     1466.00000 1380.02794  5.86%     - 19049s
 24053 19154      -    -    -     1466.00000 1380.03290  5.86%     - 19114s
 24135 19304      -    -    -     1466.00000 1380.03290  5.86%     - 19175s
 24285 19510      -    -    -     1466.00000 1380.10498  5.86%     - 19235s
 24509 19573      -    -    -     1466.00000 1380.10814  5.86%     - 19293s
 24586 19658      -    -    -     1466.00000 1380.10814  5.86%     - 19336s
 24671 19792      -    -    -     1466.00000 1380.22136  5.85%     - 19383s
 24805 19917      -    -    -     1466.00000 1380.23849  5.85%     - 19432s
 24930 20029      -    -    -     1466.00000 1380.23856  5.85%     - 19486s
 25042 20170      -    -    -     1466.00000 1380.38104  5.84%     - 19535s
 25183 20367      -    -    -     1466.00000 1380.38119  5.84%     - 19596s
 25380 20606      -    -    -     1466.00000 1380.39870  5.84%     - 19654s
 25625 20713      -    -    -     1466.00000 1380.39920  5.84%     - 19719s
 25762 20832      -    -    -     1466.00000 1380.40196  5.84%     - 19778s
 25881 20990      -    -    -     1466.00000 1380.40245  5.84%     - 19843s
 26039 21232      -    -    -     1466.00000 1380.40245  5.84%     - 19913s
 26281 21618      -    -    -     1466.00000 1380.41030  5.84%     - 19993s
 26667 21875      -    -    -     1466.00000 1380.41030  5.84%     - 20099s
 26970 22081      -    -    -     1466.00000 1380.41048  5.84%     - 20177s
 27176 22270      -    -    -     1466.00000 1380.41262  5.84%     - 20245s
 27365 22536      -    -    -     1466.00000 1380.41315  5.84%     - 20315s
 27633 22766      -    -    -     1466.00000 1380.43700  5.84%     - 20418s
 27931 22944      -    -    -     1466.00000 1380.43706  5.84%     - 20515s
 28133 22954      -    -    -     1466.00000 1380.43730  5.84%     - 20550s
 28143 22983      -    -    -     1466.00000 1380.43730  5.84%     - 20598s
 28172 23120      -    -    -     1466.00000 1380.43730  5.84%     - 20653s
 28309 23292      -    -    -     1466.00000 1380.43730  5.84%     - 20760s
 28511 23319      -    -    -     1466.00000 1380.43730  5.84%     - 20810s
 28538 23380      -    -    -     1466.00000 1380.43730  5.84%     - 20869s
 28599 23625      -    -    -     1466.00000 1380.43730  5.84%     - 20952s
 28844 23823      -    -    -     1466.00000 1380.43730  5.84%     - 21029s
 29042 24338      -    -    -     1466.00000 1380.43730  5.84%     - 21124s
 29557 24706      -    -    -     1466.00000 1380.43730  5.84%     - 21212s
 30006 24713      -    -    -     1466.00000 1380.43730  5.84%     - 21243s
 30013 24724      -    -    -     1466.00000 1380.43730  5.84%     - 21282s
 30024 24758      -    -    -     1466.00000 1380.43730  5.84%     - 21333s
 30058 24800      -    -    -     1466.00000 1380.43730  5.84%     - 21384s
 30100 25024      -    -    -     1466.00000 1380.43730  5.84%     - 21459s
 30324 25358      -    -    -     1466.00000 1380.43730  5.84%     - 21557s
 30676 25367      -    -    -     1466.00000 1380.43730  5.84%     - 21647s
 30729 25378      -    -    -     1466.00000 1380.43730  5.84%     - 21686s
 30740 25434      -    -    -     1466.00000 1380.43730  5.84%     - 21745s
 30796 25644      -    -    -     1466.00000 1380.43730  5.84%     - 21814s
 31006 25961      -    -    -     1466.00000 1380.43730  5.84%     - 21948s
 31345 26014      -    -    -     1466.00000 1380.43730  5.84%     - 22025s
 31420 26029      -    -    -     1466.00000 1380.43730  5.84%     - 22066s
 31435 26085      -    -    -     1466.00000 1380.43730  5.84%     - 22121s
 31491 26347      -    -    -     1466.00000 1380.43786  5.84%     - 22211s
 31753 26432      -    -    -     1466.00000 1380.43786  5.84%     - 22304s
 31882 26462      -    -    -     1466.00000 1380.43786  5.84%     - 22361s
 31912 26532      -    -    -     1466.00000 1380.43786  5.84%     - 22423s
 31982 26678      -    -    -     1466.00000 1380.43786  5.84%     - 22491s
 32128 27254      -    -    -     1466.00000 1380.43786  5.84%     - 22593s
 32736 27415      -    -    -     1466.00000 1380.43786  5.84%     - 22684s
 32919 27622      -    -    -     1466.00000 1380.43786  5.84%     - 22776s
 33126 27951      -    -    -     1466.00000 1380.43786  5.84%     - 22875s
 33455 28363      -    -    -     1466.00000 1380.43786  5.84%     - 22967s
 33867 28670      -    -    -     1466.00000 1380.43786  5.84%     - 23099s
 34196 28874      -    -    -     1466.00000 1380.43786  5.84%     - 23182s
 34400 29061      -    -    -     1466.00000 1380.44398  5.84%     - 23272s
 34587 29312      -    -    -     1466.00000 1380.44398  5.84%     - 23360s
 34838 29565      -    -    -     1466.00000 1380.44398  5.84%     - 23437s
 35093 29881      -    -    -     1466.00000 1380.45108  5.84%     - 23608s
 35488 29885      -    -    -     1466.00000 1380.45108  5.84%     - 23659s
 35492 29902      -    -    -     1466.00000 1380.45108  5.84%     - 23697s
 35509 29935      -    -    -     1466.00000 1380.45108  5.84%     - 23747s
 35542 30010      -    -    -     1466.00000 1380.45108  5.84%     - 23806s
 35617 30221      -    -    -     1466.00000 1380.45641  5.84%     - 23893s
 35828 30363      -    -    -     1466.00000 1380.45641  5.84%     - 23960s
 35970 30701      -    -    -     1466.00000 1380.45641  5.84%     - 24052s
 36308 31330      -    -    -     1466.00000 1380.45641  5.84%     - 24147s
 36937 31780      -    -    -     1466.00000 1380.45648  5.84%     - 24248s
 37387 31967      -    -    -     1466.00000 1380.45648  5.84%     - 24371s
 37614 31976      -    -    -     1466.00000 1380.45648  5.84%     - 24416s
 37623 31998      -    -    -     1466.00000 1380.45648  5.84%     - 24470s
 37645 32078      -    -    -     1466.00000 1380.45648  5.84%     - 24529s
 37725 32393      -    -    -     1466.00000 1380.45648  5.84%     - 24611s
 38040 32653      -    -    -     1466.00000 1380.45648  5.84%     - 24757s
 38358 32658      -    -    -     1466.00000 1380.45648  5.84%     - 24802s
 38363 32692      -    -    -     1466.00000 1380.45648  5.84%     - 24855s
 38397 32867      -    -    -     1466.00000 1380.45648  5.84%     - 24935s
 38572 33442      -    -    -     1466.00000 1380.45648  5.84%     - 25032s
 39147 33855      -    -    -     1466.00000 1380.46166  5.83%     - 25178s
 39644 33859      -    -    -     1466.00000 1380.46166  5.83%     - 25219s
 39648 33884      -    -    -     1466.00000 1380.46166  5.83%     - 25268s
 39673 33970      -    -    -     1466.00000 1380.46166  5.83%     - 25331s
 39759 34170      -    -    -     1466.00000 1380.46166  5.83%     - 25409s
 39959 34487      -    -    -     1466.00000 1380.46786  5.83%     - 25494s
 40276 35062      -    -    -     1466.00000 1380.46786  5.83%     - 25590s
 40851 35287      -    -    -     1466.00000 1380.46786  5.83%     - 25663s
 41076 35830      -    -    -     1466.00000 1380.46786  5.83%     - 25739s
 41619 36324      -    -    -     1466.00000 1380.46786  5.83%     - 25840s
 42113 36790      -    -    -     1466.00000 1380.47601  5.83%     - 25936s
 42579 37379      -    -    -     1466.00000 1380.47601  5.83%     - 26016s
 43174 37900      -    -    -     1466.00000 1380.47601  5.83%     - 26095s
 43697 38363      -    -    -     1466.00000 1380.47601  5.83%     - 26166s
 44187 38606      -    -    -     1466.00000 1380.47601  5.83%     - 26305s
 44481 38691      -    -    -     1466.00000 1380.47601  5.83%     - 26428s
 44624 38707      -    -    -     1466.00000 1380.47601  5.83%     - 26459s
 44640 38732      -    -    -     1466.00000 1380.47601  5.83%     - 26493s
 44665 38789      -    -    -     1466.00000 1380.47601  5.83%     - 26538s
 44722 38991      -    -    -     1466.00000 1380.47601  5.83%     - 26598s
 44924 39279      -    -    -     1466.00000 1380.47972  5.83%     - 26773s
 45288 39284      -    -    -     1466.00000 1380.47972  5.83%     - 26806s
 45293 39314      -    -    -     1466.00000 1380.47972  5.83%     - 26853s
 45323 39373      -    -    -     1466.00000 1380.47972  5.83%     - 26910s
 45382 39501      -    -    -     1466.00000 1380.47972  5.83%     - 26971s
 45510 39821      -    -    -     1466.00000 1380.47972  5.83%     - 27048s
 45830 39915      -    -    -     1466.00000 1380.47972  5.83%     - 27156s
 45964 39928      -    -    -     1466.00000 1380.50455  5.83%     - 27190s
 45977 39971      -    -    -     1466.00000 1380.50455  5.83%     - 27241s
 46020 40078      -    -    -     1466.00000 1380.50455  5.83%     - 27300s
 46127 40423      -    -    -     1466.00000 1380.50455  5.83%     - 27459s
 46494 40481      -    -    -     1466.00000 1380.50455  5.83%     - 27580s
 46584 40487      -    -    -     1466.00000 1380.50455  5.83%     - 27621s
 46590 40505      -    -    -     1466.00000 1380.50455  5.83%     - 27662s
 46608 40553      -    -    -     1466.00000 1380.50455  5.83%     - 27711s
 46656 40708      -    -    -     1466.00000 1380.51228  5.83%     - 27783s
 46811 40827      -    -    -     1466.00000 1380.51228  5.83%     - 27890s
 46954 40855      -    -    -     1466.00000 1380.51228  5.83%     - 27948s
 46982 40908      -    -    -     1466.00000 1380.51228  5.83%     - 27997s
 47035 41033      -    -    -     1466.00000 1380.51228  5.83%     - 28077s
 47160 41357      -    -    -     1466.00000 1380.51228  5.83%     - 28166s
 47484 41632      -    -    -     1466.00000 1380.51228  5.83%     - 28301s
 47799 41780      -    -    -     1466.00000 1380.51228  5.83%     - 28447s
 47991 41786      -    -    -     1466.00000 1380.51228  5.83%     - 28494s
 47997 41814      -    -    -     1466.00000 1380.51228  5.83%     - 28554s
 48025 41908      -    -    -     1466.00000 1380.52471  5.83%     - 28624s
 48119 42107      -    -    -     1466.00000 1380.52471  5.83%     - 28710s
 48318 42821      -    -    -     1466.00000 1380.52471  5.83%     - 28811s
 49034 43047      -    -    -     1466.00000 1380.52732  5.83%     - 28909s
 49295 43289      -    -    -     1466.00000 1380.52732  5.83%     - 28977s
 49537 43536      -    -    -     1466.00000 1380.52732  5.83%     - 29061s
 49784 43716      -    -    -     1466.00000 1380.52732  5.83%     - 29129s
 49964 43970      -    -    -     1466.00000 1380.52732  5.83%     - 29204s
 50218 44249      -    -    -     1466.00000 1380.52732  5.83%     - 29301s
 50497 44630      -    -    -     1466.00000 1380.52990  5.83%     - 29406s
 50878 44874      -    -    -     1466.00000 1380.52990  5.83%     - 29506s
 51166 45179      -    -    -     1466.00000 1380.52990  5.83%     - 29613s
 51471 45428      -    -    -     1466.00000 1380.52990  5.83%     - 29694s
 51720 45452      -    -    -     1466.00000 1380.52990  5.83%     - 29767s
 51762 45496      -    -    -     1466.00000 1380.52990  5.83%     - 29830s
 51806 45554      -    -    -     1466.00000 1380.52990  5.83%     - 29887s
 51864 45853      -    -    -     1466.00000 1380.52990  5.83%     - 29980s
 52163 46038      -    -    -     1466.00000 1380.54707  5.83%     - 30132s
 52412 46043      -    -    -     1466.00000 1380.54707  5.83%     - 30181s
 52417 46063      -    -    -     1466.00000 1380.54707  5.83%     - 30242s
 52437 46150      -    -    -     1466.00000 1380.54707  5.83%     - 30311s
 52524 46462      -    -    -     1466.00000 1380.54707  5.83%     - 30409s
 52836 46638      -    -    -     1466.00000 1380.54707  5.83%     - 30592s
 53084 46645      -    -    -     1466.00000 1380.56149  5.83%     - 30673s
 53091 46668      -    -    -     1466.00000 1380.56149  5.83%     - 30761s
 53114 46724      -    -    -     1466.00000 1380.56149  5.83%     - 30838s
 53170 46927      -    -    -     1466.00000 1380.56149  5.83%     - 30931s
 53373 47298      -    -    -     1466.00000 1380.56149  5.83%     - 31120s
 53842 47303      -    -    -     1466.00000 1380.56149  5.83%     - 31201s
 53847 47333      -    -    -     1466.00000 1380.56149  5.83%     - 31259s
 53877 47457      -    -    -     1466.00000 1380.56149  5.83%     - 31338s
 54001 47767      -    -    -     1466.00000 1380.56149  5.83%     - 31424s
 54311 47903      -    -    -     1466.00000 1380.56149  5.83%     - 31559s
 54522 47908      -    -    -     1466.00000 1380.56149  5.83%     - 31622s
 54527 47929      -    -    -     1466.00000 1380.56149  5.83%     - 31683s
 54548 48024      -    -    -     1466.00000 1380.56149  5.83%     - 31761s
 54643 48359      -    -    -     1466.00000 1380.56149  5.83%     - 31874s
 54978 48784      -    -    -     1466.00000 1380.56382  5.83%     - 31953s
 55403 49339      -    -    -     1466.00000 1380.56382  5.83%     - 32052s
 55958 49798      -    -    -     1466.00000 1380.56382  5.83%     - 32153s
 56417 50315      -    -    -     1466.00000 1380.56382  5.83%     - 32265s
 56934 50845      -    -    -     1466.00000 1380.56382  5.83%     - 32372s
 57464 51324      -    -    -     1466.00000 1380.56382  5.83%     - 32466s
 57943 51810      -    -    -     1466.00000 1380.57039  5.83%     - 32555s
 58429 52182      -    -    -     1466.00000 1380.57039  5.83%     - 32765s
 58877 52426      -    -    -     1466.00000 1380.57039  5.83%     - 32865s
 59125 52532      -    -    -     1466.00000 1380.57039  5.83%     - 33037s
 59319 52561      -    -    -     1466.00000 1380.57039  5.83%     - 33093s
 59348 52676      -    -    -     1466.00000 1380.57039  5.83%     - 33149s
 59463 52866      -    -    -     1466.00000 1380.57370  5.83%     - 33300s
 59697 52999      -    -    -     1466.00000 1380.57370  5.83%     - 33381s
 59830 53066      -    -    -     1466.00000 1380.57370  5.83%     - 33544s
 59931 53119      -    -    -     1466.00000 1380.57370  5.83%     - 33597s
 59984 53264      -    -    -     1466.00000 1380.57923  5.83%     - 33663s
 60129 53653      -    -    -     1466.00000 1380.57923  5.83%     - 33843s
 60564 53868      -    -    -     1466.00000 1380.57923  5.83%     - 33928s
 60779 53879      -    -    -     1466.00000 1380.57923  5.83%     - 34047s
 60812 53889      -    -    -     1466.00000 1380.57923  5.83%     - 34096s
 60822 53893      -    -    -     1466.00000 1380.57923  5.83%     - 34154s
 60826 53965      -    -    -     1466.00000 1380.58803  5.83%     - 34213s
 60898 54140      -    -    -     1466.00000 1380.58803  5.83%     - 34308s
 61073 54406      -    -    -     1466.00000 1380.58803  5.83%     - 34386s
 61339 54515      -    -    -     1466.00000 1380.58803  5.83%     - 34515s
 61508 54523      -    -    -     1466.00000 1380.58803  5.83%     - 34577s
 61516 54552      -    -    -     1466.00000 1380.58803  5.83%     - 34628s
 61545 54625      -    -    -     1466.00000 1380.58803  5.83%     - 34686s
 61618 54886      -    -    -     1466.00000 1380.58803  5.83%     - 34768s
 61881 55102      -    -    -     1466.00000 1380.58803  5.83%     - 34940s
 62141 55104      -    -    -     1466.00000 1380.58803  5.83%     - 34990s
 62143 55108      -    -    -     1466.00000 1380.58803  5.83%     - 35038s
 62147 55119      -    -    -     1466.00000 1380.58803  5.83%     - 35093s
 62158 55150      -    -    -     1466.00000 1380.58803  5.83%     - 35148s
 62189 55196      -    -    -     1466.00000 1380.58803  5.83%     - 35214s
 62235 55280      -    -    -     1466.00000 1380.58803  5.83%     - 35288s
 62319 55642      -    -    -     1466.00000 1380.58803  5.83%     - 35410s
 62681 55913      -    -    -     1466.00000 1380.59518  5.83%     - 35500s
 62952 56402      -    -    -     1466.00000 1380.59518  5.83%     - 35609s
 63441 57025      -    -    -     1466.00000 1380.59518  5.83%     - 35797s
 64092 57092      -    -    -     1466.00000 1380.59818  5.83%     - 35980s
 64201 57094      -    -    -     1466.00000 1380.59818  5.83%     - 36051s
 64203 57108      -    -    -     1466.00000 1380.59818  5.83%     - 36121s
 64217 57140      -    -    -     1466.00000 1380.59818  5.83%     - 36190s
 64249 57206      -    -    -     1466.00000 1380.59818  5.83%     - 36251s
 64315 57426      -    -    -     1466.00000 1380.59916  5.83%     - 36349s
 64535 57668      -    -    -     1466.00000 1380.59916  5.83%     - 36499s
 64807 57745      -    -    -     1466.00000 1380.60077  5.83%     - 36591s
 64884 58020      -    -    -     1466.00000 1380.60077  5.83%     - 36691s
 65165 58083      -    -    -     1466.00000 1380.60077  5.83%     - 36831s
 65256 58256      -    -    -     1466.00000 1380.60077  5.83%     - 36938s
 65429 58337      -    -    -     1466.00000 1380.60434  5.83%     - 37098s
 65553 58432      -    -    -     1466.00000 1380.60434  5.83%     - 37169s
 65648 58626      -    -    -     1466.00000 1380.60434  5.83%     - 37237s
 65842 58816      -    -    -     1466.00000 1380.60434  5.83%     - 37403s
 66054 58961      -    -    -     1466.00000 1380.60434  5.83%     - 37581s
 66233 58977      -    -    -     1466.00000 1380.60434  5.83%     - 37647s
 66249 59084      -    -    -     1466.00000 1380.60434  5.83%     - 37733s
 66356 59329      -    -    -     1466.00000 1380.60434  5.83%     - 37961s
 66650 59526      -    -    -     1466.00000 1380.60434  5.83%     - 38073s
 66847 59751      -    -    -     1466.00000 1380.60434  5.83%     - 38302s
 67156 59845      -    -    -     1466.00000 1380.60434  5.83%     - 38389s
 67250 60024      -    -    -     1466.00000 1380.60434  5.83%     - 38548s
 67463 60056      -    -    -     1466.00000 1380.61550  5.82%     - 38636s
 67495 60286      -    -    -     1466.00000 1380.61550  5.82%     - 38758s
 67725 60446      -    -    -     1466.00000 1380.61550  5.82%     - 38939s
 67909 60623      -    -    -     1466.00000 1380.61550  5.82%     - 39170s
 68112 60646      -    -    -     1466.00000 1380.61550  5.82%     - 39238s
 68135 60650      -    -    -     1466.00000 1380.62695  5.82%     - 39315s
 68139 60792      -    -    -     1466.00000 1380.62695  5.82%     - 39413s
 68281 61274      -    -    -     1466.00000 1380.62695  5.82%     - 39596s
 68787 61457      -    -    -     1466.00000 1380.63014  5.82%     - 39701s
 68970 61810      -    -    -     1466.00000 1380.63014  5.82%     - 39848s
 69323 62432      -    -    -     1466.00000 1380.63014  5.82%     - 39981s
 69945 62924      -    -    -     1466.00000 1380.63679  5.82%     - 40174s
 70477 63291      -    -    -     1466.00000 1380.63679  5.82%     - 40343s
 70854 63499      -    -    -     1466.00000 1380.65352  5.82%     - 40611s
 71120 63583      -    -    -     1466.00000 1380.65352  5.82%     - 40682s
 71204 63971      -    -    -     1466.00000 1380.65352  5.82%     - 40912s
 71632 64130      -    -    -     1466.00000 1380.65352  5.82%     - 41022s
 71791 64265      -    -    -     1466.00000 1380.65352  5.82%     - 41203s
 71952 64426      -    -    -     1466.00000 1380.65352  5.82%     - 41327s
 72113 64561      -    -    -     1466.00000 1380.65352  5.82%     - 41529s
 72270 64842      -    -    -     1466.00000 1380.65785  5.82%     - 41792s
 72585 64857      -    -    -     1466.00000 1380.65785  5.82%     - 41876s
 72600 64926      -    -    -     1466.00000 1380.65785  5.82%     - 41972s
 72669 65155      -    -    -     1466.00000 1380.65785  5.82%     - 42098s
 72898 65584      -    -    -     1466.00000 1380.65785  5.82%     - 42357s
 73355 66014      -    -    -     1466.00000 1380.66923  5.82%     - 42538s
 73785 66308      -    -    -     1466.00000 1380.66923  5.82%     - 42795s
 74109 66484      -    -    -     1466.00000 1380.66974  5.82%     - 43029s
 74307 66554      -    -    -     1466.00000 1380.66974  5.82%     - 43133s
 74377 66687      -    -    -     1466.00000 1380.66974  5.82%     - 43200s

Cutting planes:
  Learned: 4031
  Gomory: 134
  Cover: 1160
  Implied bound: 1671
  MIR: 26
  Flow cover: 185
  Zero half: 897
  Relax-and-lift: 724

Instance 39 was solved

Explored 69497 nodes (252500722 simplex iterations) in 43204.88 seconds (34094.70 work units)
Thread count was 2 (of 128 available processors)

Solution count 1: 1466 

Time limit reached
Best objective 1.466000000000e+03, best bound 1.381000000000e+03, gap 5.7981%
