
Gurobi 10.0.3 (linux64) logging started Mon Sep  2 19:44:53 2024

Set parameter LogFile to value "fwd/logs/w5-k1-s4.log"
Set parameter PoolSearchMode to value 2
Set parameter PoolSolutions to value 1
Set parameter Heuristics to value 1
Set parameter PoolGap to value 0
Set parameter Method to value 3
Set parameter ConcurrentMIP to value 64
Set parameter TimeLimit to value 43200
Set parameter Threads to value 128
Set parameter Threads to value 128
Gurobi Optimizer version 10.0.3 build v10.0.3rc0 (linux64)

CPU model: AMD EPYC 7742 64-Core Processor, instruction set [SSE2|AVX|AVX2]
Thread count: 64 physical cores, 128 logical processors, using up to 128 threads

Academic license 2533279 - for non-commercial use only - registered to bl___@rice.edu
Optimize a model with 700 rows, 5120 columns and 4096 nonzeros
Model fingerprint: 0x1a49f7a3
Model has 8192 general constraints
Variable types: 0 continuous, 5120 integer (4096 binary)
Coefficient statistics:
  Matrix range     [1e+00, 1e+00]
  Objective range  [1e+00, 1e+00]
  Bounds range     [1e+00, 4e+00]
  RHS range        [1e+00, 2e+00]
  GenCon rhs range [1e+00, 1e+00]
  GenCon coe range [1e+00, 1e+00]

Concurrent MIP optimizer: 64 concurrent instances (2 threads per instance)


User MIP start produced solution with objective 1648 (1.35s)
Loaded user MIP start with objective 1648

Presolve added 12266 rows and 8174 columns
Presolve time: 0.26s
Presolved: 12966 rows, 13294 columns, 32718 nonzeros
Presolved model has 4092 SOS constraint(s)
Variable types: 0 continuous, 13294 integer (4092 binary)
Root relaxation presolved: 12966 rows, 13294 columns, 32718 nonzeros

Concurrent LP optimizer: dual simplex and barrier
Showing barrier log only...

Root barrier log...

Ordering time: 0.16s

Barrier performed 0 iterations in 1.90 seconds (0.14 work units)
Barrier solve interrupted - model solved by another algorithm


Solved with dual simplex

Root relaxation: objective 1.370000e+03, 3495 iterations, 0.22 seconds (0.02 work units)

    Nodes    |    Current Node    |     Objective Bounds      |     Work
 Expl Unexpl |  Obj  Depth IntInf | Incumbent    BestBd   Gap | It/Node Time

     0     0      -    -    -     1648.00000 1370.00000  16.9%     -    2s
     0     0      -    -    -     1648.00000 1370.00000  16.9%     -    3s
     0     0      -    -    -     1648.00000 1370.00000  16.9%     -    3s
     0     0      -    -    -     1648.00000 1370.00000  16.9%     -    5s
     0     0      -    -    -     1589.00000 1370.00000  13.8%     -    6s
     0     0      -    -    -     1518.00000 1370.00000  9.75%     -   12s
     0     0      -    -    -     1518.00000 1370.00000  9.75%     -   12s
     0     0      -    -    -     1505.00000 1370.00000  8.97%     -   13s
     0     0      -    -    -     1505.00000 1370.00000  8.97%     -   13s
     0     0      -    -    -     1505.00000 1370.00000  8.97%     -   14s
     0     0      -    -    -     1501.00000 1370.00000  8.73%     -   15s
     0     2      -    -    -     1501.00000 1370.00000  8.73%     -   17s
    13    18      -    -    -     1501.00000 1370.00000  8.73%     -   20s
    33    60      -    -    -     1498.00000 1370.00000  8.54%     -   26s
    59   107      -    -    -     1498.00000 1370.00000  8.54%     -   34s
   106   358      -    -    -     1485.00000 1370.00000  7.74%     -   50s
   359   476      -    -    -     1469.00000 1370.00000  6.74%     -   57s
   487   625      -    -    -     1459.00000 1370.00000  6.10%     -   67s
   646   762      -    -    -     1450.00000 1370.00000  5.52%     -   76s
   792   890      -    -    -     1447.00000 1370.00000  5.32%     -   86s
   928   985      -    -    -     1436.00000 1370.00000  4.60%     -   94s
  1032  1143      -    -    -     1433.00000 1370.00000  4.40%     -  103s
  1208  1279      -    -    -     1428.00000 1370.00000  4.06%     -  113s
  1360  1437      -    -    -     1417.00000 1370.00000  3.32%     -  123s
  1540  1558      -    -    -     1410.00000 1370.00000  2.84%     -  133s
  1690  1702      -    -    -     1407.00000 1370.00000  2.63%     -  142s
  1870  1855      -    -    -     1401.00000 1370.00000  2.21%     -  153s
  2080  2073      -    -    -     1396.00000 1370.00000  1.86%     -  167s
  2404  2247      -    -    -     1390.00000 1370.00000  1.44%     -  179s
  2660  2233      -    -    -     1390.00000 1370.00000  1.44%     -  180s
  2664  2236      -    -    -     1389.00000 1370.00000  1.37%     -  187s
  2665  2236      -    -    -     1382.00000 1370.00000  0.87%     -  192s
  2666  2237      -    -    -     1378.00000 1370.00000  0.58%     -  195s
  2667  2238      -    -    -     1378.00000 1370.00000  0.58%     -  205s
  2671  2240      -    -    -     1378.00000 1370.00000  0.58%     -  211s
  2674  2242      -    -    -     1378.00000 1370.00000  0.58%     -  215s
  2678  2245      -    -    -     1378.00000 1370.00000  0.58%     -  220s
  2791  2161      -    -    -     1378.00000 1370.00000  0.58%     -  227s
  2851  2266      -    -    -     1378.00000 1370.00000  0.58%     -  231s
  3033  2171      -    -    -     1378.00000 1370.00000  0.58%     -  240s
  3139  2112      -    -    -     1377.00000 1370.00000  0.51%     -  245s
  3208  2116      -    -    -     1377.00000 1370.00000  0.51%     -  251s
  3322  2133      -    -    -     1376.00000 1370.00000  0.44%     -  257s
  3462  2114      -    -    -     1375.00000 1370.00000  0.36%     -  262s
  3574  2084      -    -    -     1373.00000 1370.00000  0.22%     -  270s
  3659  2082      -    -    -     1372.00000 1370.00000  0.15%     -  278s
  3829  2041      -    -    -     1372.00000 1370.00000  0.15%     -  286s

Cutting planes:
  Learned: 3717
  Gomory: 94
  Implied bound: 298
  MIR: 3
  Flow cover: 34
  Zero half: 209
  Relax-and-lift: 90

Instance 42 was solved

Explored 4340 nodes (5938623 simplex iterations) in 289.15 seconds (106.08 work units)
Thread count was 2 (of 128 available processors)

Solution count 1: 1370 

Optimal solution found (tolerance 1.00e-04)
Best objective 1.370000000000e+03, best bound 1.370000000000e+03, gap 0.0000%
