
Gurobi 10.0.3 (linux64) logging started Sun Sep  1 19:32:32 2024

Set parameter LogFile to value "fwd/logs/w5-k2-s3.log"

Gurobi 10.0.3 (linux64) logging started Sun Sep  1 19:32:32 2024

Set parameter LogFile to value "fwd/logs/w5-k2-s3.log"
Set parameter Heuristics to value 0.8
Set parameter Heuristics to value 0.8
Gurobi Optimizer version 10.0.3 build v10.0.3rc0 (linux64)

CPU model: AMD EPYC 7742 64-Core Processor, instruction set [SSE2|AVX|AVX2]
Thread count: 64 physical cores, 128 logical processors, using up to 128 threads

Academic license 2533279 - for non-commercial use only - registered to bl___@rice.edu
Optimize a model with 3506 rows, 2916 columns and 29124 nonzeros
Model fingerprint: 0x2562bbea
Model has 4374 general constraints
Variable types: 0 continuous, 2916 integer (2187 binary)
Coefficient statistics:
  Matrix range     [1e+00, 1e+00]
  Objective range  [1e+00, 1e+00]
  Bounds range     [1e+00, 4e+00]
  RHS range        [1e+00, 2e+00]
  GenCon rhs range [1e+00, 1e+00]
  GenCon coe range [1e+00, 1e+00]

Concurrent MIP optimizer: 64 concurrent instances (2 threads per instance)

Found heuristic solution: objective 2187.0000000
Presolve added 6452 rows and 4362 columns
Presolve time: 0.21s
Presolved: 9958 rows, 7278 columns, 44025 nonzeros
Presolved model has 2184 SOS constraint(s)
Variable types: 0 continuous, 7278 integer (2184 binary)
Root relaxation presolved: 9958 rows, 7278 columns, 44025 nonzeros

Concurrent LP optimizer: dual simplex and barrier
Showing barrier log only...

Root barrier log...

Ordering time: 2.07s

Barrier statistics:
 AA' NZ     : 1.712e+05
 Factor NZ  : 6.670e+06 (roughly 60 MB of memory)
 Factor Ops : 1.135e+10 (roughly 1 second per iteration)
 Threads    : 1

                  Objective                Residual
Iter       Primal          Dual         Primal    Dual     Compl     Time
   0   3.95461170e+03 -2.61998814e+03  1.57e+00 2.94e-09  7.21e-01     4s
   1   8.16134934e+02 -6.06891688e+02  4.59e-04 8.63e-06  7.09e-02     5s
   2   6.44975494e+02  5.03645637e+02  9.00e-05 2.65e-07  7.02e-03     5s
   3   6.33380985e+02  6.21439401e+02  9.27e-06 1.06e-08  5.93e-04     6s
   4   6.28444399e+02  6.27146746e+02  4.47e-06 1.57e-08  6.46e-05     7s
   5   6.28200339e+02  6.28198128e+02  6.52e-07 6.74e-12  1.10e-07     7s
   6   6.28200000e+02  6.28199998e+02  3.24e-08 3.91e-15  1.10e-10     8s

Barrier solved model in 6 iterations and 7.89 seconds (3.11 work units)
Optimal objective 6.28200000e+02


Root crossover log...

       0 DPushes remaining with DInf 0.0000000e+00                 8s

    3692 PPushes remaining with PInf 0.0000000e+00                 8s
       0 PPushes remaining with PInf 1.6529420e+02                 8s

  Push phase complete: Pinf 1.6529420e+02, Dinf 2.0095037e-14      8s


Root simplex log...

Iteration    Objective       Primal Inf.    Dual Inf.      Time
    3695    6.2820000e+02   4.685155e+03   0.000000e+00      8s
    5373    6.2820001e+02   6.727271e+03   0.000000e+00     10s
    9678    6.2820015e+02   1.471006e+04   0.000000e+00     15s

Solved with dual simplex

Root relaxation: objective 6.282000e+02, 32429 iterations, 16.45 seconds (10.37 work units)
Total elapsed time = 20.07s

    Nodes    |    Current Node    |     Objective Bounds      |     Work
 Expl Unexpl |  Obj  Depth IntInf | Incumbent    BestBd   Gap | It/Node Time

     0     0      -    -    -     2187.00000  628.20000  71.3%     -   23s
     0     0      -    -    -      991.00000  628.20000  36.6%     -   36s
     0     0      -    -    -      983.00000  628.20000  36.1%     -   58s
     0     0      -    -    -      983.00000  628.20000  36.1%     -   79s
     0     0      -    -    -      883.00000  628.20000  28.9%     -   80s
     0     0      -    -    -      883.00000  628.33333  28.8%     -   93s
     0     0      -    -    -      851.00000  628.33333  26.2%     -   95s
     0     0      -    -    -      851.00000  628.33333  26.2%     -  100s
     0     0      -    -    -      784.00000  628.33333  19.9%     -  103s
     0     0      -    -    -      784.00000  628.33333  19.9%     -  113s
     0     0      -    -    -      781.00000  628.46667  19.5%     -  117s
     0     0      -    -    -      742.00000  628.46667  15.3%     -  131s
     0     0      -    -    -      739.00000  628.46667  15.0%     -  134s
     0     2      -    -    -      739.00000  628.46667  15.0%     -  144s
     3     6      -    -    -      739.00000  628.46667  15.0%     -  152s
     5     8      -    -    -      737.00000  628.46667  14.7%     -  161s
     9    12      -    -    -      724.00000  628.46667  13.2%     -  168s
    11    14      -    -    -      723.00000  628.46667  13.1%     -  175s
    13    18      -    -    -      723.00000  628.46667  13.1%     -  181s
    17    24      -    -    -      723.00000  628.46667  13.1%     -  198s
    23    34      -    -    -      714.00000  628.46667  12.0%     -  228s
    33    59      -    -    -      714.00000  628.46667  12.0%     -  280s
    58   136      -    -    -      709.00000  628.46667  11.4%     -  392s
   135   322      -    -    -      708.00000  628.46667  11.2%     -  548s
   321   398      -    -    -      700.00000  628.46667  10.2%     -  654s
   399   461      -    -    -      696.00000  628.46667  9.70%     -  777s
   462   548      -    -    -      689.00000  628.46667  8.79%     -  911s
   553   680      -    -    -      686.00000  628.46667  8.39%     - 1064s
   695   785      -    -    -      678.00000  628.46667  7.31%     - 1206s
   804   905      -    -    -      677.00000  628.46667  7.17%     - 1361s
   926  1046      -    -    -      672.00000  628.46667  6.48%     - 1519s
  1079  1255      -    -    -      668.00000  628.58333  5.90%     - 1671s
  1304  1539      -    -    -      667.00000  628.60689  5.76%     - 1807s
  1632  1989      -    -    -      667.00000  628.80000  5.73%     - 1921s
  2212  2209      -    -    -      666.00000  629.00000  5.56%     - 2027s
  2482  2248      -    -    -      665.00000  629.00000  5.41%     - 2122s
  2595  2229      -    -    -      665.00000  629.00000  5.41%     - 2143s
  2597  2230      -    -    -      664.00000  629.00000  5.27%     - 2162s
  2598  2231      -    -    -      664.00000  629.00000  5.27%     - 2182s
  2599  2232      -    -    -      664.00000  629.00000  5.27%     - 2204s
  2600  2232      -    -    -      662.00000  629.00000  4.98%     - 2221s
  2602  2234      -    -    -      662.00000  629.00000  4.98%     - 2237s
  2603  2234      -    -    -      662.00000  629.00000  4.98%     - 2241s
  2604  2235      -    -    -      662.00000  629.00000  4.98%     - 2257s
  2605  2236      -    -    -      662.00000  629.00000  4.98%     - 2262s
  2606  2236      -    -    -      661.00000  629.00000  4.84%     - 2277s
  2607  2237      -    -    -      661.00000  629.00000  4.84%     - 2282s
  2608  2125      -    -    -      661.00000  629.00000  4.84%     - 2300s
  2609  2125      -    -    -      661.00000  629.00000  4.84%     - 2306s
  2610  2126      -    -    -      661.00000  629.00000  4.84%     - 2325s
  2611  2127      -    -    -      661.00000  629.00000  4.84%     - 2334s
  2612  2127      -    -    -      660.00000  629.00000  4.70%     - 2353s
  2613  2128      -    -    -      660.00000  629.00000  4.70%     - 2361s
  2614  2129      -    -    -      660.00000  629.00000  4.70%     - 2379s
  2615  2129      -    -    -      660.00000  629.00000  4.70%     - 2385s
  2616  2130      -    -    -      660.00000  629.00000  4.70%     - 2414s
  2617  2131      -    -    -      658.00000  629.00000  4.41%     - 2424s
  2618  2131      -    -    -      658.00000  629.00000  4.41%     - 2446s
  2619  2132      -    -    -      658.00000  629.00000  4.41%     - 2453s
  2620  2133      -    -    -      658.00000  629.00000  4.41%     - 2479s
  2621  2133      -    -    -      658.00000  629.00000  4.41%     - 2489s
  2622  2134      -    -    -      658.00000  629.02402  4.40%     - 2515s
  2623  2135      -    -    -      658.00000  629.02402  4.40%     - 2525s
  2624  2135      -    -    -      658.00000  629.04205  4.40%     - 2553s
  2625  2136      -    -    -      658.00000  629.04205  4.40%     - 2563s
  2626  2137      -    -    -      656.00000  629.06629  4.11%     - 2595s
  2631  2141      -    -    -      656.00000  629.06633  4.11%     - 2617s
  2632  2142      -    -    -      656.00000  629.07096  4.11%     - 2639s
  2633  2143      -    -    -      656.00000  629.07096  4.11%     - 2660s
  2634  2143      -    -    -      655.00000  629.07096  3.96%     - 2689s
  2635  2144      -    -    -      655.00000  629.07096  3.96%     - 2696s
  2636  2145      -    -    -      655.00000  629.07236  3.96%     - 2720s
  2638  2146      -    -    -      655.00000  629.07261  3.96%     - 2746s
  2639  2147      -    -    -      655.00000  629.07261  3.96%     - 2752s
  2640  2147      -    -    -      655.00000  629.07277  3.96%     - 2771s
  2641  2148      -    -    -      655.00000  629.07277  3.96%     - 2777s
  2642  2149      -    -    -      655.00000  629.07344  3.96%     - 2796s
  2643  2149      -    -    -      655.00000  629.07396  3.96%     - 2803s
  2644  2150      -    -    -      655.00000  629.09286  3.96%     - 2827s
  2645  2151      -    -    -      655.00000  629.09394  3.96%     - 2838s
  2646  2151      -    -    -      655.00000  629.09435  3.96%     - 2867s
  2647  2152      -    -    -      655.00000  629.09435  3.96%     - 2878s
  2648  2153      -    -    -      655.00000  629.09918  3.95%     - 2908s
  2649  2153      -    -    -      655.00000  629.09918  3.95%     - 2915s
  2650  2154      -    -    -      655.00000  629.10249  3.95%     - 2940s
  2655  2158      -    -    -      655.00000  629.10249  3.95%     - 2962s
  2656  2159      -    -    -      654.00000  629.10651  3.81%     - 2987s
  2657  2160      -    -    -      654.00000  629.15821  3.80%     - 3014s
  2658  2160      -    -    -      654.00000  629.16685  3.80%     - 3047s
  2659  2161      -    -    -      654.00000  629.16685  3.80%     - 3053s
  2660  2162      -    -    -      654.00000  629.16866  3.80%     - 3073s
  2661  2162      -    -    -      653.00000  629.16866  3.65%     - 3080s
  2662  2163      -    -    -      653.00000  629.18240  3.65%     - 3104s
  2663  2164      -    -    -      653.00000  629.18240  3.65%     - 3113s
  2664  2164      -    -    -      653.00000  629.18251  3.65%     - 3148s
  2665  2165      -    -    -      653.00000  629.18251  3.65%     - 3154s
  2666  2166      -    -    -      653.00000  629.18251  3.65%     - 3176s
  2667  2166      -    -    -      653.00000  629.18251  3.65%     - 3184s
  2668  2167      -    -    -      652.00000  629.18262  3.50%     - 3215s
  2669  2168      -    -    -      652.00000  629.18288  3.50%     - 3227s
  2670  2059      -    -    -      652.00000  629.18288  3.50%     - 3254s
  2671  2060      -    -    -      652.00000  629.19315  3.50%     - 3263s
  2672  2061      -    -    -      652.00000  629.19409  3.50%     - 3296s
  2673  2061      -    -    -      652.00000  629.19411  3.50%     - 3308s
  2674  2062      -    -    -      652.00000  629.20241  3.50%     - 3345s
  2675  2063      -    -    -      652.00000  629.20241  3.50%     - 3364s
  2676  2063      -    -    -      652.00000  629.20271  3.50%     - 3375s
  2677  2067      -    -    -      652.00000  629.20271  3.50%     - 3398s
  2679  2068      -    -    -      652.00000  629.20271  3.50%     - 3407s
  2681  2070      -    -    -      652.00000  629.20271  3.50%     - 3415s
  2683  2071      -    -    -      652.00000  629.20333  3.50%     - 3420s
  2687  2074      -    -    -      652.00000  629.20333  3.50%     - 3433s
  2689  2076      -    -    -      652.00000  629.20333  3.50%     - 3436s
  2695  2083      -    -    -      652.00000  629.20333  3.50%     - 3445s
  2701  2094      -    -    -      652.00000  629.20338  3.50%     - 3455s
  2714  2106      -    -    -      652.00000  629.20349  3.50%     - 3478s
  2730  2151      -    -    -      652.00000  629.20349  3.50%     - 3511s
  2781  2077      -    -    -      652.00000  629.20349  3.50%     - 3538s
  2828  2098      -    -    -      652.00000  629.20349  3.50%     - 3557s
  2864  2138      -    -    -      652.00000  629.20349  3.50%     - 3579s
  2916  2146      -    -    -      652.00000  629.20349  3.50%     - 3597s
  2942  2180      -    -    -      652.00000  629.20349  3.50%     - 3618s
  2984  2196      -    -    -      652.00000  629.20349  3.50%     - 3636s
  3014  2131      -    -    -      652.00000  629.20349  3.50%     - 3656s
  3057  2064      -    -    -      652.00000  629.21400  3.49%     - 3675s
  3099  2090      -    -    -      652.00000  629.28130  3.48%     - 3696s
  3139  2042      -    -    -      652.00000  629.31268  3.48%     - 3718s
  3192  1967      -    -    -      652.00000  629.31268  3.48%     - 3737s
  3220  1919      -    -    -      652.00000  629.31418  3.48%     - 3758s
  3261  1791      -    -    -      652.00000  629.31418  3.48%     - 3778s
  3295  1817      -    -    -      652.00000  629.31418  3.48%     - 3797s
  3332  1847      -    -    -      652.00000  629.31435  3.48%     - 3822s
  3374  1803      -    -    -      652.00000  629.31492  3.48%     - 3850s
  3413  1834      -    -    -      652.00000  629.31492  3.48%     - 3877s
  3457  1810      -    -    -      652.00000  629.31495  3.48%     - 3908s
  3513  1783      -    -    -      652.00000  629.31801  3.48%     - 3941s
  3567  1781      -    -    -      652.00000  629.31930  3.48%     - 3978s
  3642  1839      -    -    -      652.00000  629.31930  3.48%     - 4017s
  3725  1838      -    -    -      652.00000  629.31930  3.48%     - 4053s
  3807  1770      -    -    -      652.00000  629.31930  3.48%     - 4089s
  3871  1759      -    -    -      652.00000  629.31930  3.48%     - 4128s
  3974  1775      -    -    -      652.00000  629.31963  3.48%     - 4172s
  4068  1813      -    -    -      652.00000  629.31973  3.48%     - 4231s
  4201  1821      -    -    -      652.00000  629.31973  3.48%     - 4274s
  4253  1857      -    -    -      652.00000  629.31973  3.48%     - 4318s
  4393  1902      -    -    -      652.00000  629.31973  3.48%     - 4367s
  4515  1857      -    -    -      652.00000  629.32049  3.48%     - 4410s
  4600  2020      -    -    -      652.00000  629.32204  3.48%     - 4470s
  4778  2162      -    -    -      652.00000  629.32388  3.48%     - 4532s
  4920  2295      -    -    -      652.00000  629.32492  3.48%     - 4597s
  5053  2453      -    -    -      652.00000  629.33305  3.48%     - 4663s
  5211  2565      -    -    -      652.00000  629.33447  3.48%     - 4733s
  5333  2780      -    -    -      652.00000  629.33472  3.48%     - 4832s
  5580  2847      -    -    -      652.00000  629.33565  3.48%     - 4890s
  5647  2973      -    -    -      652.00000  629.39706  3.47%     - 4963s
  5773  3126      -    -    -      652.00000  629.39706  3.47%     - 5040s
  5926  3242      -    -    -      652.00000  629.39706  3.47%     - 5123s
  6042  3372      -    -    -      652.00000  629.39706  3.47%     - 5206s
  6172  3456      -    -    -      652.00000  629.39706  3.47%     - 5287s
  6256  3467      -    -    -      652.00000  629.39706  3.47%     - 5455s
  6267  3561      -    -    -      652.00000  629.39706  3.47%     - 5540s
  6361  3615      -    -    -      652.00000  629.40363  3.47%     - 5675s
  6415  3669      -    -    -      652.00000  629.40363  3.47%     - 5957s
  6469  3718      -    -    -      652.00000  629.40363  3.47%     - 6071s
  6518  3767      -    -    -      652.00000  629.40363  3.47%     - 6186s
  6575  3836      -    -    -      652.00000  629.40363  3.47%     - 6426s
  6644  3915      -    -    -      652.00000  629.40363  3.47%     - 6649s
  6723  3957      -    -    -      652.00000  629.40363  3.47%     - 6819s
  6777  4011      -    -    -      652.00000  629.40363  3.47%     - 6985s
  6831  4220      -    -    -      652.00000  629.40363  3.47%     - 7108s
  7040  4222      -    -    -      652.00000  629.40363  3.47%     - 7246s
  7042  4504      -    -    -      652.00000  629.40363  3.47%     - 7365s
  7324  4630      -    -    -      652.00000  629.40363  3.47%     - 7482s
  7450  4743      -    -    -      652.00000  629.40363  3.47%     - 7612s
  7633  4883      -    -    -      652.00000  629.42886  3.46%     - 7751s
  7773  4916      -    -    -      652.00000  629.42886  3.46%     - 8122s
  7856  4260      -    -    -      652.00000  629.42886  3.46%     - 8335s
  7963  4365      -    -    -      652.00000  629.42886  3.46%     - 8552s
  8130  4697      -    -    -      652.00000  629.42886  3.46%     - 8739s
  8552  4374      -    -    -      652.00000  629.42886  3.46%     - 9152s
  8569  4461      -    -    -      652.00000  629.42886  3.46%     - 9419s
  8656  4749      -    -    -      652.00000  629.42886  3.46%     - 9602s
  8970  4912      -    -    -      652.00000  629.42886  3.46%     - 9774s
  9133  5154      -    -    -      652.00000  629.42886  3.46%     - 9939s
  9391  5294      -    -    -      652.00000  629.42886  3.46%     - 10381s
  9531  5546      -    -    -      652.00000  629.42886  3.46%     - 10566s
  9791  5554      -    -    -      652.00000  629.42886  3.46%     - 10713s
  9823  5663      -    -    -      652.00000  629.42886  3.46%     - 11127s
 10010  5837      -    -    -      652.00000  629.42886  3.46%     - 11368s
 10184  6106      -    -    -      652.00000  629.42886  3.46%     - 11534s
 10453  6485      -    -    -      652.00000  629.42886  3.46%     - 11721s
 10832  6948      -    -    -      652.00000  629.43116  3.46%     - 11920s
 11299  7113      -    -    -      652.00000  629.43116  3.46%     - 12101s
 11522  7483      -    -    -      652.00000  629.43116  3.46%     - 12303s
 11972  7539      -    -    -      652.00000  629.43116  3.46%     - 12667s
 12028  7858      -    -    -      652.00000  629.43120  3.46%     - 12866s
 12369  8279      -    -    -      652.00000  629.43120  3.46%     - 13068s
 12836  8353      -    -    -      652.00000  629.43120  3.46%     - 13242s
 12942  8657      -    -    -      652.00000  629.43120  3.46%     - 13426s
 13274  8786      -    -    -      652.00000  629.43120  3.46%     - 13665s
 13403  9085      -    -    -      652.00000  629.44389  3.46%     - 13860s
 13742  9127      -    -    -      652.00000  629.44501  3.46%     - 14171s
 13794  9326      -    -    -      652.00000  629.44501  3.46%     - 14342s
 14001  9755      -    -    -      652.00000  629.44501  3.46%     - 14535s
 14490  9757      -    -    -      652.00000  629.44501  3.46%     - 14764s
 14492  9898      -    -    -      652.00000  629.44501  3.46%     - 14995s
 14633 10147      -    -    -      652.00000  629.44501  3.46%     - 15178s
 14882 10365      -    -    -      652.00000  629.44501  3.46%     - 15360s
 15100 10367      -    -    -      652.00000  629.44501  3.46%     - 15591s
 15102 10457      -    -    -      652.00000  629.44501  3.46%     - 15772s
 15192 10818      -    -    -      652.00000  629.44501  3.46%     - 15956s
 15553 11149      -    -    -      652.00000  629.45086  3.46%     - 16152s
 15908 11359      -    -    -      652.00000  629.45086  3.46%     - 16341s
 16168 11552      -    -    -      652.00000  629.46129  3.46%     - 16535s
 16410 11788      -    -    -      652.00000  629.46129  3.46%     - 16732s
 16674 11788      -    -    -      652.00000  629.47271  3.46%     - 17367s
 16678 11982      -    -    -      652.00000  629.47271  3.46%     - 17558s
 16872 12112      -    -    -      652.00000  629.47271  3.46%     - 17757s
 17030 12271      -    -    -      652.00000  629.47329  3.46%     - 18265s
 17223 12410      -    -    -      652.00000  629.47329  3.46%     - 18528s
 17362 12471      -    -    -      652.00000  629.47411  3.45%     - 18927s
 17441 12751      -    -    -      652.00000  629.47411  3.45%     - 19138s
 17747 12989      -    -    -      652.00000  629.47411  3.45%     - 19446s
 17985 13618      -    -    -      652.00000  629.47566  3.45%     - 19690s
 18652 13717      -    -    -      652.00000  629.47566  3.45%     - 19990s
 18767 13797      -    -    -      652.00000  629.47663  3.45%     - 20237s
 18883 13860      -    -    -      652.00000  629.47663  3.45%     - 20473s
 18946 13912      -    -    -      652.00000  629.47663  3.45%     - 20820s
 18998 14093      -    -    -      652.00000  629.47663  3.45%     - 21058s
 19200 14475      -    -    -      652.00000  629.48034  3.45%     - 21278s
 19610 14721      -    -    -      652.00000  629.48034  3.45%     - 21467s
 19860 14719      -    -    -      652.00000  629.48034  3.45%     - 21746s
 19874 14986      -    -    -      652.00000  629.48034  3.45%     - 21974s
 20193 15180      -    -    -      652.00000  629.48081  3.45%     - 22194s
 20419 15460      -    -    -      652.00000  629.48081  3.45%     - 22419s
 20723 15835      -    -    -      652.00000  629.48857  3.45%     - 22650s
 21144 16338      -    -    -      652.00000  629.48857  3.45%     - 22881s
 21675 16340      -    -    -      652.00000  629.48857  3.45%     - 23609s
 21677 16350      -    -    -      652.00000  629.48927  3.45%     - 24055s
 21687 16360      -    -    -      652.00000  629.48927  3.45%     - 24253s
 21697 16370      -    -    -      652.00000  629.48927  3.45%     - 24435s
 21707 16382      -    -    -      652.00000  629.48927  3.45%     - 24900s
 21719 16392      -    -    -      652.00000  629.48927  3.45%     - 25197s
 21729 16474      -    -    -      652.00000  629.48927  3.45%     - 25437s
 21849 16655      -    -    -      652.00000  629.49668  3.45%     - 25853s
 22068 16657      -    -    -      652.00000  629.49668  3.45%     - 26391s
 22070 16817      -    -    -      652.00000  629.50762  3.45%     - 26618s
 22230 17074      -    -    -      652.00000  629.50762  3.45%     - 26874s
 22513 17076      -    -    -      652.00000  629.50762  3.45%     - 27169s
 22515 17356      -    -    -      652.00000  629.50762  3.45%     - 27420s
 22833 17578      -    -    -      652.00000  629.50762  3.45%     - 27640s
 23107 17587      -    -    -      652.00000  629.50762  3.45%     - 28013s
 23116 17735      -    -    -      652.00000  629.50762  3.45%     - 28225s
 23264 17828      -    -    -      652.00000  629.50762  3.45%     - 28466s
 23357 17982      -    -    -      652.00000  629.51668  3.45%     - 28885s
 23557 17984      -    -    -      652.00000  629.51668  3.45%     - 29322s
 23559 18037      -    -    -      652.00000  629.51668  3.45%     - 29529s
 23612 18098      -    -    -      652.00000  629.52147  3.45%     - 29697s
 23673 18350      -    -    -      652.00000  629.52147  3.45%     - 29942s
 23989 18544      -    -    -      652.00000  629.52147  3.45%     - 30426s
 24183 18546      -    -    -      652.00000  629.52369  3.45%     - 30838s
 24185 18639      -    -    -      652.00000  629.52369  3.45%     - 31139s
 24278 18863      -    -    -      652.00000  629.53511  3.45%     - 31461s
 24502 18989      -    -    -      652.00000  629.53511  3.45%     - 31709s
 24668 19073      -    -    -      652.00000  629.53896  3.44%     - 32387s
 24752 19204      -    -    -      652.00000  629.54153  3.44%     - 33028s
 24883 19454      -    -    -      652.00000  629.54237  3.44%     - 33258s
 25133 19865      -    -    -      652.00000  629.54947  3.44%     - 33518s
 25544 20298      -    -    -      652.00000  629.55102  3.44%     - 33793s
 26019 20464      -    -    -      652.00000  629.55861  3.44%     - 34067s
 26233 20596      -    -    -      652.00000  629.56762  3.44%     - 34460s
 26385 20598      -    -    -      652.00000  629.56762  3.44%     - 34881s
 26387 20756      -    -    -      652.00000  629.56839  3.44%     - 35148s
 26559 20870      -    -    -      652.00000  629.57196  3.44%     - 35410s
 26695 21368      -    -    -      652.00000  629.57808  3.44%     - 35702s
 27225 21524      -    -    -      652.00000  629.59083  3.44%     - 36010s
 27401 21628      -    -    -      652.00000  629.59083  3.44%     - 36246s
 27505 21817      -    -    -      652.00000  629.59271  3.44%     - 36505s
 27712 21970      -    -    -      652.00000  629.59271  3.44%     - 36739s
 27865 22026      -    -    -      652.00000  629.59747  3.44%     - 37418s
 27921 22166      -    -    -      652.00000  629.59837  3.44%     - 37673s
 28061 22228      -    -    -      652.00000  629.60184  3.44%     - 37969s
 28123 22396      -    -    -      652.00000  629.60594  3.43%     - 38432s
 28291 22715      -    -    -      652.00000  629.60782  3.43%     - 38742s
 28666 23239      -    -    -      652.00000  629.60782  3.43%     - 39092s
 29272 23241      -    -    -      652.00000  629.62468  3.43%     - 40610s
 29274 23291      -    -    -      652.00000  629.62690  3.43%     - 40942s
 29326 23538      -    -    -      652.00000  629.63304  3.43%     - 41267s
 29647 23770      -    -    -      652.00000  629.63810  3.43%     - 41550s
 29897 24061      -    -    -      652.00000  629.63810  3.43%     - 41834s
 30244 24066      -    -    -      652.00000  629.65128  3.43%     - 42064s
 30249 24404      -    -    -      652.00000  629.65128  3.43%     - 42359s
 30613 24669      -    -    -      652.00000  629.65128  3.43%     - 42657s
 30910 24720      -    -    -      652.00000  629.65128  3.43%     - 42925s
 30961 24880      -    -    -      652.00000  629.65429  3.43%     - 43189s
 31147 24886      -    -    -      652.00000  629.65497  3.43%     - 43200s

Cutting planes:
  Learned: 1968
  Gomory: 97
  Cover: 426
  Implied bound: 841
  MIR: 32
  Flow cover: 86
  Zero half: 336
  Relax-and-lift: 232

Instance 31 was solved

Explored 71870 nodes (192576992 simplex iterations) in 43202.62 seconds (47947.17 work units)
Thread count was 2 (of 128 available processors)

Solution count 1: 652 

Time limit reached
Warning: max constraint violation (2.1210e-06) exceeds tolerance
Warning: max general constraint violation (2.1210e-06) exceeds tolerance
Best objective 6.519999999316e+02, best bound 6.300000000000e+02, gap 3.3742%
