
Gurobi 10.0.3 (linux64) logging started Tue Sep  3 08:04:38 2024

Set parameter LogFile to value "fwd/logs/w5-k6-s4.log"

Gurobi 10.0.3 (linux64) logging started Tue Sep  3 08:04:38 2024

Set parameter LogFile to value "fwd/logs/w5-k6-s4.log"
Set parameter Heuristics to value 1
Set parameter Heuristics to value 1
Gurobi Optimizer version 10.0.3 build v10.0.3rc0 (linux64)

CPU model: AMD EPYC 7742 64-Core Processor, instruction set [SSE2|AVX|AVX2]
Thread count: 64 physical cores, 128 logical processors, using up to 128 threads

Academic license 2533279 - for non-commercial use only - registered to bl___@rice.edu
Optimize a model with 381304 rows, 5242880 columns and 4194304 nonzeros
Model fingerprint: 0x25209796
Model has 8388608 general constraints
Variable types: 0 continuous, 5242880 integer (4194304 binary)
Coefficient statistics:
  Matrix range     [1e+00, 1e+00]
  Objective range  [1e+00, 1e+00]
  Bounds range     [1e+00, 4e+00]
  RHS range        [1e+00, 3e+00]
  GenCon rhs range [1e+00, 1e+00]
  GenCon coe range [1e+00, 1e+00]

Concurrent MIP optimizer: 64 concurrent instances (2 threads per instance)

