
Gurobi 10.0.3 (linux64) logging started Sun Sep  1 06:31:29 2024

Set parameter LogFile to value "fwd/logs/w5-k6-s2.log"

Gurobi 10.0.3 (linux64) logging started Sun Sep  1 06:31:29 2024

Set parameter LogFile to value "fwd/logs/w5-k6-s2.log"
Set parameter Heuristics to value 1
Set parameter Heuristics to value 1
Gurobi Optimizer version 10.0.3 build v10.0.3rc0 (linux64)

CPU model: AMD EPYC 7742 64-Core Processor, instruction set [SSE2|AVX|AVX2]
Thread count: 64 physical cores, 128 logical processors, using up to 128 threads

Academic license 2533279 - for non-commercial use only - registered to bl___@rice.edu
Optimize a model with 188 rows, 3072 columns and 2048 nonzeros
Model fingerprint: 0x92a2d631
Model has 4096 general constraints
Variable types: 0 continuous, 3072 integer (2048 binary)
Coefficient statistics:
  Matrix range     [1e+00, 1e+00]
  Objective range  [1e+00, 1e+00]
  Bounds range     [1e+00, 4e+00]
  RHS range        [1e+00, 3e+00]
  GenCon rhs range [1e+00, 1e+00]
  GenCon coe range [1e+00, 1e+00]

Concurrent MIP optimizer: 64 concurrent instances (2 threads per instance)


User MIP start produced solution with objective 624 (0.16s)
Loaded user MIP start with objective 624

Presolve added 6135 rows and 4089 columns
Presolve time: 0.07s
Presolved: 6323 rows, 7161 columns, 16365 nonzeros
Presolved model has 2046 SOS constraint(s)
Variable types: 0 continuous, 7161 integer (2046 binary)
Root relaxation presolved: 6323 rows, 7161 columns, 16365 nonzeros

Concurrent LP optimizer: dual simplex and barrier
Showing barrier log only...

Root barrier log...

Ordering time: 0.05s

Barrier performed 0 iterations in 0.32 seconds (0.06 work units)
Barrier solve interrupted - model solved by another algorithm


Solved with dual simplex

Root relaxation: objective 5.600000e+02, 1879 iterations, 0.07 seconds (0.01 work units)

    Nodes    |    Current Node    |     Objective Bounds      |     Work
 Expl Unexpl |  Obj  Depth IntInf | Incumbent    BestBd   Gap | It/Node Time

     0     0      -    -    -      624.00000  560.00000  10.3%     -    0s
     0     0      -    -    -      624.00000  560.00000  10.3%     -    0s
     0     0      -    -    -      621.00000  560.00000  9.82%     -    0s
     0     0      -    -    -      621.00000  560.00000  9.82%     -    2s
     0     0      -    -    -      621.00000  560.00000  9.82%     -    2s
     0     0      -    -    -      621.00000  560.00000  9.82%     -    2s
     0     0      -    -    -      612.00000  560.00000  8.50%     -    3s
     0     2      -    -    -      600.00000  560.00000  6.67%     -    4s
    11    14      -    -    -      600.00000  560.00000  6.67%     -    5s
    57   108      -    -    -      597.00000  560.00000  6.20%     -   12s
   107   416      -    -    -      586.00000  560.00000  4.44%     -   19s
   417   548      -    -    -      583.00000  560.00000  3.95%     -   23s
   552   682      -    -    -      581.00000  560.00000  3.61%     -   26s
   689   826      -    -    -      578.00000  560.00000  3.11%     -   30s
   833   989      -    -    -      575.00000  560.00000  2.61%     -   35s
  1190  1341      -    -    -      569.00000  560.00000  1.58%     -   43s
  1391  1525      -    -    -      565.00000  560.00000  0.88%     -   47s
  1589  1728      -    -    -      565.00000  560.00000  0.88%     -   50s
  2026  1936      -    -    -      565.00000  560.00000  0.88%     -   55s
  2231  1880      -    -    -      563.00000  560.00000  0.53%     -   60s
  2236  1883      -    -    -      563.00000  560.00000  0.53%     -   67s
  2283  1953      -    -    -      563.00000  560.00000  0.53%     -   70s
  2589  2041      -    -    -      562.00000  560.00000  0.36%     -   76s
  2815  2182      -    -    -      561.00000  560.00000  0.18%     -   80s

Cutting planes:
  Learned: 1979
  Gomory: 114
  Cover: 1
  Implied bound: 137
  MIR: 1
  Flow cover: 18
  Zero half: 196
  Relax-and-lift: 44

Instance 16 was solved

Explored 3341 nodes (2460023 simplex iterations) in 82.26 seconds (30.24 work units)
Thread count was 2 (of 128 available processors)

Solution count 1: 560 

Optimal solution found (tolerance 1.00e-04)
Best objective 5.600000000000e+02, best bound 5.600000000000e+02, gap 0.0000%
