
Gurobi 10.0.3 (linux64) logging started Mon Sep  2 19:49:44 2024

Set parameter LogFile to value "fwd/logs/w5-k2-s4.log"

Gurobi 10.0.3 (linux64) logging started Mon Sep  2 19:49:44 2024

Set parameter LogFile to value "fwd/logs/w5-k2-s4.log"
Set parameter Heuristics to value 0.8
Set parameter Heuristics to value 0.8
Gurobi Optimizer version 10.0.3 build v10.0.3rc0 (linux64)

CPU model: AMD EPYC 7742 64-Core Processor, instruction set [SSE2|AVX|AVX2]
Thread count: 64 physical cores, 128 logical processors, using up to 128 threads

Academic license 2533279 - for non-commercial use only - registered to bl___@rice.edu
Optimize a model with 3156 rows, 20480 columns and 20824 nonzeros
Model fingerprint: 0x8572a9f1
Model has 32768 general constraints
Variable types: 0 continuous, 20480 integer (16384 binary)
Coefficient statistics:
  Matrix range     [1e+00, 1e+00]
  Objective range  [1e+00, 1e+00]
  Bounds range     [1e+00, 4e+00]
  RHS range        [1e+00, 2e+00]
  GenCon rhs range [1e+00, 1e+00]
  GenCon coe range [1e+00, 1e+00]

Concurrent MIP optimizer: 64 concurrent instances (2 threads per instance)

Found heuristic solution: objective 16384.000000
Presolve added 49074 rows and 32750 columns
Presolve time: 1.62s
Presolved: 52230 rows, 53230 columns, 135354 nonzeros
Presolved model has 16380 SOS constraint(s)
Variable types: 0 continuous, 53230 integer (16380 binary)
Root relaxation presolved: 52230 rows, 53230 columns, 135354 nonzeros

Concurrent LP optimizer: dual simplex and barrier
Showing barrier log only...

Root barrier log...

Ordering time: 0.91s

Barrier performed 0 iterations in 4.31 seconds (0.54 work units)
Barrier solve interrupted - model solved by another algorithm


Solved with dual simplex

Root relaxation: objective 4.686400e+03, 20294 iterations, 1.18 seconds (0.17 work units)
Total elapsed time = 6.66s

    Nodes    |    Current Node    |     Objective Bounds      |     Work
 Expl Unexpl |  Obj  Depth IntInf | Incumbent    BestBd   Gap | It/Node Time

     0     0      -    -    -     16384.0000 4686.40000  71.4%     -   15s
     0     0      -    -    -     9652.00000 4686.40000  51.4%     -   28s
     0     0      -    -    -     9589.00000 4686.40000  51.1%     -   42s
     0     0      -    -    -     9589.00000 4686.40000  51.1%     -   68s
     0     0      -    -    -     8641.00000 4686.40000  45.8%     -   88s
     0     0      -    -    -     8641.00000 4686.40000  45.8%     -  130s
     0     0      -    -    -     6410.00000 4686.40000  26.9%     -  258s
     0     0      -    -    -     6410.00000 4686.40000  26.9%     -  606s
     0     0      -    -    -     6410.00000 4686.40000  26.9%     -  822s
     0     2      -    -    -     5675.00000 4686.40000  17.4%     - 1396s
     1     4      -    -    -     5570.00000 4686.40000  15.9%     - 1489s
     3     6      -    -    -     5569.00000 4686.40000  15.8%     - 1684s
     5     8      -    -    -     5569.00000 4686.40000  15.8%     - 1770s
     7    10      -    -    -     5569.00000 4686.40000  15.8%     - 1825s
     9    12      -    -    -     5569.00000 4686.40000  15.8%     - 2040s
    11    14      -    -    -     5565.00000 4686.40000  15.8%     - 2244s
    13    16      -    -    -     5565.00000 4686.40000  15.8%     - 2283s
    15    19      -    -    -     5565.00000 4686.40000  15.8%     - 2308s
    18    29      -    -    -     5565.00000 4686.40000  15.8%     - 2604s
    28    81      -    -    -     5541.00000 4686.40000  15.4%     - 3145s
    80   286      -    -    -     5473.00000 4686.40000  14.4%     - 4411s
   285   406      -    -    -     5366.00000 4686.40000  12.7%     - 5579s
   405   468      -    -    -     5218.00000 4686.40000  10.2%     - 6675s
   467   549      -    -    -     5132.00000 4686.40000  8.68%     - 7663s
   548   680      -    -    -     5130.00000 4686.40000  8.65%     - 8748s
   679   813      -    -    -     5120.00000 4686.40000  8.47%     - 9791s
   814   978      -    -    -     5088.00000 4686.40000  7.89%     - 11266s
   979  1204      -    -    -     5039.00000 4686.40000  7.00%     - 12832s
  1209  1419      -    -    -     5015.00000 4686.40000  6.55%     - 14202s
  1428  1639      -    -    -     4981.00000 4686.40000  5.91%     - 15488s
  1652  1870      -    -    -     4957.00000 4686.40000  5.46%     - 16882s
  1889  2104      -    -    -     4941.00000 4686.40000  5.15%     - 18328s
  2129  2326      -    -    -     4919.00000 4686.40000  4.73%     - 19853s
  2363  2552      -    -    -     4901.00000 4686.40000  4.38%     - 21457s
  2611  2798      -    -    -     4901.00000 4686.40000  4.38%     - 23017s
  2865  3087      -    -    -     4898.00000 4686.40000  4.32%     - 24523s
  3170  3374      -    -    -     4896.00000 4686.40000  4.28%     - 26162s
  3487  3667      -    -    -     4896.00000 4686.40000  4.28%     - 27906s
  3799  3668      -    -    -     4892.00000 4686.40000  4.20%     - 28031s
  3801  3669      -    -    -     4892.00000 4686.40000  4.20%     - 28043s
  3802  3670      -    -    -     4892.00000 4686.40000  4.20%     - 28070s
  3803  3671      -    -    -     4892.00000 4686.40000  4.20%     - 28086s
  3804  3671      -    -    -     4892.00000 4686.40000  4.20%     - 28124s
  3805  3672      -    -    -     4892.00000 4686.40000  4.20%     - 28152s
  3806  3673      -    -    -     4892.00000 4686.40000  4.20%     - 28234s
  3807  3673      -    -    -     4886.00000 4686.40000  4.09%     - 28709s
  3808  3674      -    -    -     4878.00000 4686.40000  3.93%     - 29604s
  3809  3675      -    -    -     4878.00000 4686.40000  3.93%     - 30081s
  3810  3491      -    -    -     4877.00000 4686.40000  3.91%     - 30956s
  3811  3495      -    -    -     4877.00000 4686.40000  3.91%     - 31334s
  3813  3496      -    -    -     4877.00000 4686.40000  3.91%     - 31385s
  3815  3498      -    -    -     4877.00000 4686.40000  3.91%     - 31470s
  3817  3499      -    -    -     4877.00000 4686.40000  3.91%     - 31521s
  3819  3500      -    -    -     4877.00000 4686.40000  3.91%     - 31599s
  3821  3502      -    -    -     4877.00000 4686.40000  3.91%     - 31643s
  3823  3503      -    -    -     4877.00000 4686.40000  3.91%     - 31703s
  3825  3505      -    -    -     4877.00000 4686.40000  3.91%     - 31747s
  3828  3508      -    -    -     4877.00000 4686.40000  3.91%     - 31793s
  3832  3533      -    -    -     4877.00000 4686.40000  3.91%     - 31860s
  3858  3509      -    -    -     4877.00000 4686.40000  3.91%     - 32113s
  4018  3168      -    -    -     4877.00000 4686.40000  3.91%     - 32357s
  4204  3240      -    -    -     4877.00000 4686.40000  3.91%     - 32553s
  4338  3203      -    -    -     4877.00000 4686.40000  3.91%     - 32746s
  4488  3049      -    -    -     4877.00000 4686.40000  3.91%     - 32942s
  4648  3047      -    -    -     4877.00000 4686.40000  3.91%     - 33136s
  4821  2823      -    -    -     4877.00000 4686.40000  3.91%     - 33350s
  4985  2804      -    -    -     4877.00000 4686.40000  3.91%     - 33554s
  5120  2849      -    -    -     4877.00000 4686.40000  3.91%     - 33767s
  5304  2787      -    -    -     4877.00000 4686.40000  3.91%     - 33999s
  5479  2736      -    -    -     4877.00000 4686.40000  3.91%     - 34222s
  5644  2790      -    -    -     4877.00000 4686.40000  3.91%     - 34462s
  5826  2824      -    -    -     4877.00000 4686.40000  3.91%     - 34706s
  5991  2894      -    -    -     4877.00000 4686.40000  3.91%     - 34990s
  6182  2936      -    -    -     4877.00000 4686.40000  3.91%     - 35267s
  6349  3005      -    -    -     4877.00000 4686.40000  3.91%     - 35584s
  6534  2976      -    -    -     4877.00000 4686.40000  3.91%     - 35917s
  6728  3126      -    -    -     4877.00000 4686.40000  3.91%     - 36264s
  6935  3324      -    -    -     4877.00000 4686.40000  3.91%     - 36629s
  7133  3546      -    -    -     4877.00000 4686.40000  3.91%     - 37016s
  7355  3788      -    -    -     4877.00000 4686.40000  3.91%     - 37425s
  7597  4150      -    -    -     4877.00000 4686.40000  3.91%     - 37804s
  7961  4585      -    -    -     4877.00000 4686.40000  3.91%     - 38187s
  8402  5076      -    -    -     4877.00000 4686.40000  3.91%     - 38578s
  8895  5585      -    -    -     4877.00000 4686.40000  3.91%     - 39016s
  9406  6034      -    -    -     4877.00000 4686.40000  3.91%     - 39454s
  9861  6521      -    -    -     4877.00000 4686.40000  3.91%     - 39845s
 10356  6987      -    -    -     4877.00000 4686.40000  3.91%     - 40209s
 10829  7298      -    -    -     4877.00000 4686.40000  3.91%     - 40520s
 11181  7514      -    -    -     4877.00000 4686.40000  3.91%     - 40882s
 11493  7647      -    -    -     4877.00000 4686.40000  3.91%     - 41144s
 11626  7760      -    -    -     4877.00000 4686.40000  3.91%     - 41427s
 11749  7875      -    -    -     4877.00000 4686.40000  3.91%     - 41689s
 11864  8004      -    -    -     4877.00000 4686.40000  3.91%     - 41953s
 11993  8186      -    -    -     4877.00000 4686.40000  3.91%     - 42253s
 12175  8426      -    -    -     4877.00000 4686.40000  3.91%     - 42543s
 12419  8708      -    -    -     4877.00000 4686.40000  3.91%     - 42848s
 12705  9011      -    -    -     4877.00000 4686.40000  3.91%     - 43193s
 13008  9014      -    -    -     4877.00000 4686.40000  3.91%     - 43200s

Cutting planes:
  Learned: 14363
  Gomory: 40
  Cover: 1
  Implied bound: 638
  MIR: 7
  Flow cover: 56
  Zero half: 1025
  Relax-and-lift: 345

Instance 14 was solved

Explored 42458 nodes (398662604 simplex iterations) in 44078.09 seconds (11457.25 work units)
Thread count was 2 (of 128 available processors)

Solution count 1: 4877 

Time limit reached
Best objective 4.877000000000e+03, best bound 4.687000000000e+03, gap 3.8958%
