Working on w=5, k=1, s=4
Set parameter Username
Set parameter WLSAccessID
Set parameter WLSSecret
Set parameter LicenseID to value 2533279
Academic license 2533279 - for non-commercial use only - registered to bl___@rice.edu
Command terminated by signal 9
	Command being timed: "python /home/Users/blk6/Projects/winnowing-LB-manuscript/scripts/run-ilp.py -w 5 -k 1 2 3 4 5 6 7 8 9 10 11 12 13 14 --sigma 4 --threads 128 --output fwd --time-limit 43200"
	User time (seconds): 4930711.58
	System time (seconds): 6383.88
	Percent of CPU this job got: 9831%
	Elapsed (wall clock) time (h:mm:ss or m:ss): 13:56:56
	Average shared text size (kbytes): 0
	Average unshared data size (kbytes): 0
	Average stack size (kbytes): 0
	Average total size (kbytes): 0
	Maximum resident set size (kbytes): 127728884
	Average resident set size (kbytes): 0
	Major (requiring I/O) page faults: 1626187
	Minor (reclaiming a frame) page faults: 252085178
	Voluntary context switches: 801355120
	Involuntary context switches: 3927663
	Swaps: 0
	File system inputs: 27985200
	File system outputs: 3123688
	Socket messages sent: 0
	Socket messages received: 0
	Signals delivered: 0
	Page size (bytes): 4096
	Exit status: 0
