
Gurobi 10.0.3 (linux64) logging started Tue Sep  3 09:41:51 2024

Set parameter LogFile to value "fwd/logs/w6-k1-s4.log"
Set parameter PoolSearchMode to value 2
Set parameter PoolSolutions to value 1
Set parameter Heuristics to value 1
Set parameter PoolGap to value 0
Set parameter Method to value 3
Set parameter ConcurrentMIP to value 64
Set parameter TimeLimit to value 43200
Set parameter Threads to value 128
Set parameter Threads to value 128
Gurobi Optimizer version 10.0.3 build v10.0.3rc0 (linux64)

CPU model: AMD EPYC 7742 64-Core Processor, instruction set [SSE2|AVX|AVX2]
Thread count: 64 physical cores, 128 logical processors, using up to 128 threads

Academic license 2533279 - for non-commercial use only - registered to bl___@rice.edu
Optimize a model with 2344 rows, 20480 columns and 16384 nonzeros
Model fingerprint: 0x116126d0
Model has 32768 general constraints
Variable types: 0 continuous, 20480 integer (16384 binary)
Coefficient statistics:
  Matrix range     [1e+00, 1e+00]
  Objective range  [1e+00, 1e+00]
  Bounds range     [1e+00, 5e+00]
  RHS range        [1e+00, 2e+00]
  GenCon rhs range [1e+00, 1e+00]
  GenCon coe range [1e+00, 1e+00]

Concurrent MIP optimizer: 64 concurrent instances (2 threads per instance)


User MIP start produced solution with objective 5480 (3.92s)
Loaded user MIP start with objective 5480

Presolve added 49130 rows and 32750 columns
Presolve time: 1.34s
Presolved: 51474 rows, 53230 columns, 131022 nonzeros
Presolved model has 16380 SOS constraint(s)
Variable types: 0 continuous, 53230 integer (16380 binary)
Root relaxation presolved: 51474 rows, 53230 columns, 131022 nonzeros

Concurrent LP optimizer: dual simplex and barrier
Showing barrier log only...

Root barrier log...

Ordering time: 0.60s

Barrier performed 0 iterations in 6.25 seconds (0.58 work units)
Barrier solve interrupted - model solved by another algorithm


Solved with dual simplex

Root relaxation: objective 4.684000e+03, 14725 iterations, 0.81 seconds (0.12 work units)

    Nodes    |    Current Node    |     Objective Bounds      |     Work
 Expl Unexpl |  Obj  Depth IntInf | Incumbent    BestBd   Gap | It/Node Time

     0     0      -    -    -     5480.00000 4684.00000  14.5%     -   16s
     0     0      -    -    -     5480.00000 4684.00000  14.5%     -   28s
     0     0      -    -    -     5480.00000 4684.00000  14.5%     -   40s
     0     0      -    -    -     5480.00000 4684.00000  14.5%     -   50s
     0     0      -    -    -     5480.00000 4684.00000  14.5%     -   68s
     0     0      -    -    -     5480.00000 4684.00000  14.5%     -  103s
     0     0      -    -    -     5480.00000 4684.00000  14.5%     -  132s
     0     2      -    -    -     5299.00000 4684.00000  11.6%     -  171s
     3     6      -    -    -     5231.00000 4684.00000  10.5%     -  256s
     5     8      -    -    -     5231.00000 4684.00000  10.5%     -  269s
     7    10      -    -    -     5231.00000 4684.00000  10.5%     -  279s
     9    12      -    -    -     5231.00000 4684.00000  10.5%     -  425s
    11    14      -    -    -     5231.00000 4684.00000  10.5%     -  430s
    15    18      -    -    -     5231.00000 4684.00000  10.5%     -  437s
    17    32      -    -    -     5231.00000 4684.00000  10.5%     -  463s
    31    75      -    -    -     5219.00000 4684.00000  10.3%     -  513s
    74   147      -    -    -     5156.00000 4684.00000  9.15%     -  630s
   146   266      -    -    -     5125.00000 4684.00000  8.60%     -  827s
   265   378      -    -    -     5106.00000 4684.00000  8.26%     -  985s
   377   530      -    -    -     5083.00000 4684.00000  7.85%     - 1184s
   529   653      -    -    -     5062.00000 4684.00000  7.47%     - 1385s
   652   786      -    -    -     5030.00000 4684.00000  6.88%     - 1585s
   785   927      -    -    -     4952.00000 4684.00000  5.41%     - 1829s
   926  1060      -    -    -     4855.00000 4684.00000  3.52%     - 2054s
  1059  1232      -    -    -     4801.00000 4684.00000  2.44%     - 2280s
  1231  1382      -    -    -     4761.00000 4684.00000  1.62%     - 2511s
  1381  1521      -    -    -     4734.00000 4684.00000  1.06%     - 2776s
  1520  1638      -    -    -     4733.00000 4684.00000  1.04%     - 2986s
  1637  1779      -    -    -     4733.00000 4684.00000  1.04%     - 3244s
  1778  1923      -    -    -     4733.00000 4684.00000  1.04%     - 3494s
  1922  2058      -    -    -     4733.00000 4684.00000  1.04%     - 3750s
  2061  2226      -    -    -     4732.00000 4684.00000  1.01%     - 4026s
  2235  2383      -    -    -     4723.00000 4684.00000  0.83%     - 4272s
  2406  2580      -    -    -     4723.00000 4684.00000  0.83%     - 4532s
  2609  2779      -    -    -     4712.00000 4684.00000  0.59%     - 4792s
  2818  2995      -    -    -     4702.00000 4684.00000  0.38%     - 5058s
  3042  3252      -    -    -     4700.00000 4684.00000  0.34%     - 5367s
  3319  3537      -    -    -     4697.00000 4684.00000  0.28%     - 5669s
  3627  3538      -    -    -     4697.00000 4684.00000  0.28%     - 5762s
  3629  3539      -    -    -     4697.00000 4684.00000  0.28%     - 5780s
  3630  3540      -    -    -     4697.00000 4684.00000  0.28%     - 5806s
  3631  3541      -    -    -     4697.00000 4684.00000  0.28%     - 5821s
  3632  3541      -    -    -     4697.00000 4684.00000  0.28%     - 5851s
  3633  3542      -    -    -     4697.00000 4684.00000  0.28%     - 5875s
  3634  3543      -    -    -     4697.00000 4684.00000  0.28%     - 5958s
  3635  3543      -    -    -     4695.00000 4684.00000  0.23%     - 6345s
  3636  3544      -    -    -     4690.00000 4684.00000  0.13%     - 6875s
  3637  3545      -    -    -     4688.00000 4684.00000  0.09%     - 7306s
  3638  3545      -    -    -     4686.00000 4684.00000  0.04%     - 8088s
  3639  3549      -    -    -     4686.00000 4684.00000  0.04%     - 8458s
  3641  3550      -    -    -     4685.00000 4684.00000  0.02%     - 8541s
  3643  3552      -    -    -     4685.00000 4684.00000  0.02%     - 8613s
  3645  3553      -    -    -     4685.00000 4684.00000  0.02%     - 8665s
  3647  3554      -    -    -     4685.00000 4684.00000  0.02%     - 8740s
  3649  3556      -    -    -     4685.00000 4684.00000  0.02%     - 8772s
  3651  3558      -    -    -     4685.00000 4684.00000  0.02%     - 8804s
  3654  3560      -    -    -     4685.00000 4684.00000  0.02%     - 8847s
  3657  3573      -    -    -     4685.00000 4684.00000  0.02%     - 8887s
  3671  3646      -    -    -     4685.00000 4684.00000  0.02%     - 9027s
  3749  3837      -    -    -     4685.00000 4684.00000  0.02%     - 9304s
  3966  3874      -    -    -     4685.00000 4684.00000  0.02%     - 9489s
  4080  4005      -    -    -     4685.00000 4684.00000  0.02%     - 9700s
  4251  4078      -    -    -     4685.00000 4684.00000  0.02%     - 9877s
  4381  4206      -    -    -     4685.00000 4684.00000  0.02%     - 10065s
  4556  3937      -    -    -     4685.00000 4684.00000  0.02%     - 10216s
  4693  3872      -    -    -     4685.00000 4684.00000  0.02%     - 10400s
  4833  3955      -    -    -     4685.00000 4684.00000  0.02%     - 10577s
  4966  3683      -    -    -     4685.00000 4684.00000  0.02%     - 10776s
  5046  3784      -    -    -     4685.00000 4684.00000  0.02%     - 11018s
  5174  3648      -    -    -     4685.00000 4684.00000  0.02%     - 11289s
  5349  3776      -    -    -     4685.00000 4684.00000  0.02%     - 11576s
  5535  3618      -    -    -     4684.00000 4684.00000  0.00%     - 11628s

Cutting planes:
  Learned: 14628
  Gomory: 156
  Implied bound: 258
  MIR: 4
  Flow cover: 127
  Zero half: 1251
  Relax-and-lift: 502

Instance 26 was solved

Explored 11696 nodes (107202421 simplex iterations) in 11630.44 seconds (3318.17 work units)
Thread count was 2 (of 128 available processors)

Solution count 1: 4684 

Optimal solution found (tolerance 1.00e-04)
Best objective 4.684000000000e+03, best bound 4.684000000000e+03, gap 0.0000%
