
Gurobi 10.0.3 (linux64) logging started Sun Sep  1 13:12:01 2024

Set parameter LogFile to value "fwd/logs/w9-k2-s2.log"

Gurobi 10.0.3 (linux64) logging started Sun Sep  1 13:12:01 2024

Set parameter LogFile to value "fwd/logs/w9-k2-s2.log"
Set parameter Heuristics to value 0.8
Set parameter Heuristics to value 0.8
Gurobi Optimizer version 10.0.3 build v10.0.3rc0 (linux64)

CPU model: AMD EPYC 7742 64-Core Processor, instruction set [SSE2|AVX|AVX2]
Thread count: 64 physical cores, 128 logical processors, using up to 128 threads

Academic license 2533279 - for non-commercial use only - registered to bl___@rice.edu
Optimize a model with 130 rows, 3072 columns and 1021 nonzeros
Model fingerprint: 0xa839867f
Model has 4096 general constraints
Variable types: 0 continuous, 3072 integer (2048 binary)
Coefficient statistics:
  Matrix range     [1e+00, 1e+00]
  Objective range  [1e+00, 1e+00]
  Bounds range     [1e+00, 8e+00]
  RHS range        [1e+00, 2e+00]
  GenCon rhs range [1e+00, 1e+00]
  GenCon coe range [1e+00, 1e+00]

Concurrent MIP optimizer: 64 concurrent instances (2 threads per instance)

Found heuristic solution: objective 2048.0000000
Presolve added 6106 rows and 4089 columns
Presolve time: 0.11s
Presolved: 6236 rows, 7161 columns, 15309 nonzeros
Presolved model has 2046 SOS constraint(s)
Variable types: 0 continuous, 7161 integer (2046 binary)
Root relaxation presolved: 6236 rows, 7161 columns, 15309 nonzeros

Concurrent LP optimizer: dual simplex and barrier
Showing barrier log only...

Root barrier log...

Ordering time: 0.04s

Barrier statistics:
 AA' NZ     : 1.326e+04
 Factor NZ  : 2.107e+05 (roughly 7 MB of memory)
 Factor Ops : 3.054e+07 (less than 1 second per iteration)
 Threads    : 1

                  Objective                Residual
Iter       Primal          Dual         Primal    Dual     Compl     Time
   0   2.29971425e+03 -7.77277589e+03  1.09e+00 2.22e-16  1.49e+00     0s
   1   7.09354342e+02 -1.72288332e+03  6.01e-04 4.44e-16  1.48e-01     0s
   2   4.38047570e+02  1.48439798e+02  2.50e-04 2.78e-16  1.76e-02     0s
   3   3.34829250e+02  2.86241049e+02  1.56e-05 1.30e-13  2.96e-03     0s
   4   3.18276085e+02  3.17712997e+02  8.86e-08 5.97e-16  3.42e-05     0s
   5   3.18111474e+02  3.18109840e+02  1.06e-10 2.22e-16  9.93e-08     0s
   6   3.18111111e+02  3.18111110e+02  3.40e-13 2.22e-16  9.93e-11     1s

Barrier solved model in 6 iterations and 0.51 seconds (0.09 work units)
Optimal objective 3.18111111e+02


Solved with barrier

Root relaxation: objective 3.181111e+02, 2314 iterations, 0.25 seconds (0.08 work units)

    Nodes    |    Current Node    |     Objective Bounds      |     Work
 Expl Unexpl |  Obj  Depth IntInf | Incumbent    BestBd   Gap | It/Node Time

     0     0      -    -    -     2048.00000  318.11111  84.5%     -    0s
     0     0      -    -    -      581.00000  318.11111  45.2%     -    1s
     0     0      -    -    -      576.00000  318.11111  44.8%     -    2s
     0     0      -    -    -      466.00000  318.55556  31.6%     -    4s
     0     0      -    -    -      466.00000  318.55556  31.6%     -    4s
     0     0      -    -    -      458.00000  318.55556  30.4%     -    5s
     0     0      -    -    -      454.00000  318.55556  29.8%     -    6s
     0     2      -    -    -      454.00000  318.55556  29.8%     -    7s
    22    29      -    -    -      447.00000  318.55556  28.7%     -   10s
    75   136      -    -    -      429.00000  318.55556  25.7%     -   20s
   135   561      -    -    -      412.00000  318.55556  22.7%     -   32s
   564   705      -    -    -      411.00000  318.55556  22.5%     -   35s
   871  1041      -    -    -      404.00000  318.55556  21.1%     -   40s
  1651  1756      -    -    -      402.00000  321.49802  20.0%     -   45s
  2776  2400      -    -    -      399.00000  321.78466  19.4%     -   50s
  2785  2406      -    -    -      399.00000  322.15645  19.3%     -   56s
  2792  2411      -    -    -      395.00000  322.20858  18.4%     -   60s
  2800  2416      -    -    -      395.00000  322.20861  18.4%     -   65s
  2806  2420      -    -    -      394.00000  322.28840  18.2%     -   71s
  2812  2424      -    -    -      394.00000  322.28840  18.2%     -   75s
  2819  2429      -    -    -      392.00000  322.30024  17.8%     -   80s
  2825  2433      -    -    -      389.00000  322.32686  17.1%     -   85s
  2834  2440      -    -    -      386.00000  322.33731  16.5%     -   90s
  2845  2447      -    -    -      384.00000  322.40116  16.0%     -   95s
  2855  2454      -    -    -      384.00000  322.42198  16.0%     -  100s
  2866  2337      -    -    -      382.00000  322.42254  15.6%     -  105s
  2877  2346      -    -    -      382.00000  322.42676  15.6%     -  110s
  2886  2234      -    -    -      380.00000  322.43133  15.1%     -  115s
  2891  2237      -    -    -      378.00000  322.43133  14.7%     -  120s
  3010  2214      -    -    -      378.00000  322.50156  14.7%     -  125s
  3246  2170      -    -    -      376.00000  322.50156  14.2%     -  130s
  3451  1736      -    -    -      375.00000  322.50156  14.0%     -  135s
  3646  1815      -    -    -      375.00000  322.50156  14.0%     -  140s
  3867  1650      -    -    -      375.00000  322.50156  14.0%     -  145s
  4017  1676      -    -    -      375.00000  322.50156  14.0%     -  150s
  4187  1725      -    -    -      375.00000  322.50156  14.0%     -  155s
  4353  1780      -    -    -      375.00000  322.50156  14.0%     -  160s
  4604  1856      -    -    -      375.00000  322.50156  14.0%     -  166s
  4917  2016      -    -    -      375.00000  322.50156  14.0%     -  171s
  5105  2190      -    -    -      375.00000  322.50464  14.0%     -  176s
  5289  2443      -    -    -      375.00000  322.50464  14.0%     -  180s
  5625  2745      -    -    -      375.00000  322.50464  14.0%     -  186s
  5913  3064      -    -    -      375.00000  322.50464  14.0%     -  192s
  6055  3264      -    -    -      375.00000  322.50464  14.0%     -  195s
  6451  3638      -    -    -      375.00000  322.50464  14.0%     -  201s
  6797  3929      -    -    -      375.00000  322.50464  14.0%     -  207s
  6960  4069      -    -    -      375.00000  322.50464  14.0%     -  210s
  7285  4447      -    -    -      375.00000  322.50464  14.0%     -  217s
  7481  4646      -    -    -      375.00000  322.50464  14.0%     -  221s
  7684  4935      -    -    -      375.00000  322.50464  14.0%     -  225s
  8230  5394      -    -    -      375.00000  322.50464  14.0%     -  233s
  8454  5698      -    -    -      375.00000  322.50464  14.0%     -  237s
  8771  5890      -    -    -      375.00000  322.50464  14.0%     -  241s
  8963  6026      -    -    -      375.00000  322.50464  14.0%     -  245s
  9368  6414      -    -    -      375.00000  322.51494  14.0%     -  252s
  9532  6676      -    -    -      375.00000  322.51494  14.0%     -  256s
  9800  6893      -    -    -      375.00000  322.51494  14.0%     -  260s
 10289  7418      -    -    -      375.00000  322.51494  14.0%     -  268s
 10550  7688      -    -    -      375.00000  322.51494  14.0%     -  271s
 10827  7846      -    -    -      375.00000  322.51494  14.0%     -  275s
 11281  8248      -    -    -      375.00000  322.51494  14.0%     -  283s
 11427  8509      -    -    -      375.00000  322.51494  14.0%     -  286s
 11690  8769      -    -    -      375.00000  322.51494  14.0%     -  291s
 12340  9416      -    -    -      375.00000  322.51494  14.0%     -  298s
 12609  9688      -    -    -      375.00000  322.51494  14.0%     -  301s
 12927  9843      -    -    -      375.00000  322.51494  14.0%     -  305s
 13258 10172      -    -    -      375.00000  322.51494  14.0%     -  311s
 13442 10280      -    -    -      375.00000  322.51494  14.0%     -  315s
 13817 10547      -    -    -      375.00000  322.51494  14.0%     -  321s
 14167 10721      -    -    -      375.00000  322.51494  14.0%     -  328s
 14377 10829      -    -    -      375.00000  322.51494  14.0%     -  331s
 14568 10920      -    -    -      375.00000  322.51494  14.0%     -  335s
 15051 11336      -    -    -      375.00000  322.51494  14.0%     -  342s
 15209 11627      -    -    -      375.00000  322.51494  14.0%     -  345s
 15708 12092      -    -    -      375.00000  322.51494  14.0%     -  351s
 15969 12422      -    -    -      375.00000  322.51494  14.0%     -  355s
 16496 12785      -    -    -      375.00000  322.51494  14.0%     -  362s
 16754 12977      -    -    -      375.00000  322.51494  14.0%     -  365s
 17160 13416      -    -    -      375.00000  322.51494  14.0%     -  370s
 17632 13686      -    -    -      375.00000  322.51494  14.0%     -  376s
 17963 14090      -    -    -      375.00000  322.51494  14.0%     -  382s
 18184 14202      -    -    -      375.00000  322.51494  14.0%     -  385s
 18478 14541      -    -    -      375.00000  322.51494  14.0%     -  391s
 18667 14720      -    -    -      375.00000  322.51494  14.0%     -  395s
 19027 15048      -    -    -      375.00000  322.51494  14.0%     -  401s
 19242 15281      -    -    -      375.00000  322.51494  14.0%     -  405s
 19790 15657      -    -    -      375.00000  322.51651  14.0%     -  411s
 20233 16162      -    -    -      375.00000  322.51651  14.0%     -  417s
 20453 16372      -    -    -      375.00000  322.52062  14.0%     -  420s
 20874 16965      -    -    -      375.00000  322.52062  14.0%     -  426s
 21452 17388      -    -    -      375.00000  322.52062  14.0%     -  432s
 21712 17591      -    -    -      375.00000  322.52062  14.0%     -  435s
 22140 18007      -    -    -      375.00000  322.52062  14.0%     -  442s
 22361 18303      -    -    -      375.00000  322.52062  14.0%     -  445s
 22855 18765      -    -    -      375.00000  322.52062  14.0%     -  451s
 23140 18877      -    -    -      375.00000  322.52062  14.0%     -  455s
 23598 19349      -    -    -      375.00000  322.52062  14.0%     -  461s
 24001 19657      -    -    -      375.00000  322.52062  14.0%     -  467s
 24141 19957      -    -    -      375.00000  322.52062  14.0%     -  470s
 24752 20460      -    -    -      375.00000  322.52062  14.0%     -  476s
 25269 21009      -    -    -      375.00000  322.52062  14.0%     -  482s
 25646 21050      -    -    -      375.00000  322.52062  14.0%     -  485s
 25957 21472      -    -    -      375.00000  322.52062  14.0%     -  490s
 26343 21813      -    -    -      375.00000  322.52062  14.0%     -  496s
 26712 22195      -    -    -      375.00000  322.52062  14.0%     -  503s
 26897 22361      -    -    -      375.00000  322.52062  14.0%     -  506s
 27286 22593      -    -    -      375.00000  322.52062  14.0%     -  513s
 27316 22624      -    -    -      375.00000  322.52872  14.0%     -  516s
 27371 22675      -    -    -      375.00000  322.52918  14.0%     -  522s
 27398 22705      -    -    -      375.00000  322.52918  14.0%     -  526s
 27461 22766      -    -    -      375.00000  322.52918  14.0%     -  532s
 27489 22827      -    -    -      375.00000  322.53636  14.0%     -  535s
 27584 22912      -    -    -      375.00000  322.53636  14.0%     -  542s
 27635 22939      -    -    -      375.00000  322.53636  14.0%     -  545s
 27693 23001      -    -    -      375.00000  322.53795  14.0%     -  552s
 27724 23312      -    -    -      375.00000  322.53795  14.0%     -  556s
 28039 23672      -    -    -      375.00000  322.53964  14.0%     -  560s
 28623 24038      -    -    -      375.00000  322.53964  14.0%     -  566s
 29096 24211      -    -    -      375.00000  322.56288  14.0%     -  573s
 29243 24444      -    -    -      375.00000  322.56288  14.0%     -  577s
 29476 24645      -    -    -      375.00000  322.56288  14.0%     -  580s
 29874 24934      -    -    -      375.00000  322.56288  14.0%     -  586s
 30017 25126      -    -    -      375.00000  322.56288  14.0%     -  590s
 30487 25612      -    -    -      375.00000  322.56288  14.0%     -  596s
 30878 25912      -    -    -      375.00000  322.56288  14.0%     -  602s
 31041 26170      -    -    -      375.00000  322.57403  14.0%     -  606s
 31567 26537      -    -    -      375.00000  322.57403  14.0%     -  612s
 31762 26814      -    -    -      375.00000  322.57403  14.0%     -  616s
 32533 27614      -    -    -      375.00000  322.57927  14.0%     -  622s
 32882 27753      -    -    -      375.00000  322.57927  14.0%     -  625s
 33378 28263      -    -    -      375.00000  322.57927  14.0%     -  632s
 33578 28566      -    -    -      375.00000  322.57927  14.0%     -  635s
 34100 28981      -    -    -      375.00000  322.58572  14.0%     -  641s
 34593 29500      -    -    -      375.00000  322.58572  14.0%     -  647s
 34862 29725      -    -    -      375.00000  322.58572  14.0%     -  651s
 35350 30168      -    -    -      375.00000  322.58609  14.0%     -  657s
 35553 30402      -    -    -      375.00000  322.58609  14.0%     -  660s
 36036 30962      -    -    -      375.00000  322.58609  14.0%     -  667s
 36666 31471      -    -    -      375.00000  322.58609  14.0%     -  673s
 36959 31695      -    -    -      375.00000  322.58664  14.0%     -  676s
 37411 32045      -    -    -      375.00000  322.58664  14.0%     -  682s
 37598 32309      -    -    -      375.00000  322.58664  14.0%     -  685s
 38067 32714      -    -    -      375.00000  322.58993  14.0%     -  691s
 38606 33101      -    -    -      375.00000  322.58993  14.0%     -  696s
 38993 33563      -    -    -      375.00000  322.58993  14.0%     -  703s
 39270 33808      -    -    -      375.00000  322.58993  14.0%     -  706s
 39808 34374      -    -    -      375.00000  322.61132  14.0%     -  712s
 40088 34658      -    -    -      375.00000  322.61132  14.0%     -  715s
 40690 35309      -    -    -      375.00000  322.61132  14.0%     -  722s
 41033 35559      -    -    -      375.00000  322.61132  14.0%     -  725s
 41649 35955      -    -    -      375.00000  322.61132  14.0%     -  731s
 41715 36003      -    -    -      375.00000  322.61132  14.0%     -  738s
 41744 36061      -    -    -      375.00000  322.61132  14.0%     -  741s
 41822 36102      -    -    -      375.00000  322.61132  14.0%     -  747s
 41857 36214      -    -    -      375.00000  322.61132  14.0%     -  751s
 42242 36554      -    -    -      375.00000  322.62417  14.0%     -  758s
 42404 36929      -    -    -      375.00000  322.62417  14.0%     -  761s
 42994 37426      -    -    -      375.00000  322.62417  14.0%     -  767s
 43333 37586      -    -    -      375.00000  322.62804  14.0%     -  770s
 43813 37617      -    -    -      375.00000  322.62804  14.0%     -  776s
 44140 37999      -    -    -      375.00000  322.63665  14.0%     -  782s
 44356 38245      -    -    -      375.00000  322.63665  14.0%     -  785s
 44923 38782      -    -    -      375.00000  322.63665  14.0%     -  791s
 45401 39177      -    -    -      375.00000  322.63763  14.0%     -  797s
 45632 39247      -    -    -      375.00000  322.63763  14.0%     -  800s
 45904 39693      -    -    -      375.00000  322.64317  14.0%     -  806s
 46444 40192      -    -    -      375.00000  322.64317  14.0%     -  812s
 46723 40388      -    -    -      375.00000  322.64317  14.0%     -  815s
 47131 40796      -    -    -      375.00000  322.64317  14.0%     -  821s
 47553 41131      -    -    -      375.00000  322.64317  14.0%     -  827s
 47717 41336      -    -    -      375.00000  322.64317  14.0%     -  830s
 48322 42033      -    -    -      375.00000  322.64317  14.0%     -  837s
 48643 42241      -    -    -      375.00000  322.64317  14.0%     -  840s
 49180 42675      -    -    -      375.00000  322.64317  14.0%     -  846s
 49667 43136      -    -    -      375.00000  322.64317  14.0%     -  852s
 49900 43266      -    -    -      375.00000  322.64317  14.0%     -  855s
 50240 43669      -    -    -      375.00000  322.64317  14.0%     -  861s
 50477 43805      -    -    -      375.00000  322.64317  14.0%     -  865s
 50820 44133      -    -    -      375.00000  322.64317  14.0%     -  871s
 51242 44642      -    -    -      375.00000  322.64317  14.0%     -  877s
 51510 44959      -    -    -      375.00000  322.64317  14.0%     -  881s
 52096 45423      -    -    -      375.00000  322.64317  14.0%     -  887s
 52362 45653      -    -    -      375.00000  322.64317  14.0%     -  890s
 52886 46242      -    -    -      375.00000  322.64317  14.0%     -  897s
 53190 46492      -    -    -      375.00000  322.64317  14.0%     -  900s
 53721 46977      -    -    -      375.00000  322.64317  14.0%     -  907s
 53957 47135      -    -    -      375.00000  322.64317  14.0%     -  910s
 54340 47608      -    -    -      375.00000  322.64317  14.0%     -  916s
 54952 48023      -    -    -      375.00000  322.64317  14.0%     -  923s
 55131 48237      -    -    -      375.00000  322.64317  14.0%     -  926s
 55511 48644      -    -    -      375.00000  322.64317  14.0%     -  932s
 55829 49003      -    -    -      375.00000  322.65936  14.0%     -  936s
 56461 49254      -    -    -      375.00000  322.65936  14.0%     -  942s
 56493 49270      -    -    -      375.00000  322.65936  14.0%     -  946s
 56576 49343      -    -    -      375.00000  322.65936  14.0%     -  952s
 56602 49370      -    -    -      375.00000  322.66265  14.0%     -  956s
 56674 49765      -    -    -      375.00000  322.66265  14.0%     -  963s
 57048 49824      -    -    -      375.00000  322.66265  14.0%     -  966s
 57428 50305      -    -    -      375.00000  322.66424  14.0%     -  972s
 57611 50458      -    -    -      375.00000  322.66424  14.0%     -  975s
 57961 50842      -    -    -      375.00000  322.66626  14.0%     -  982s
 58207 51132      -    -    -      375.00000  322.66626  14.0%     -  986s
 58651 51574      -    -    -      375.00000  322.66626  14.0%     -  993s
 58963 51887      -    -    -      375.00000  322.66626  14.0%     -  996s
 59288 52155      -    -    -      375.00000  322.66626  14.0%     - 1000s
 59887 52588      -    -    -      375.00000  322.66626  14.0%     - 1006s
 60106 52757      -    -    -      375.00000  322.66626  14.0%     - 1010s
 60574 53246      -    -    -      375.00000  322.66626  14.0%     - 1016s
 61117 53657      -    -    -      375.00000  322.66992  14.0%     - 1023s
 61273 53918      -    -    -      375.00000  322.66992  14.0%     - 1026s
 61751 54279      -    -    -      375.00000  322.67011  14.0%     - 1033s
 61940 54527      -    -    -      375.00000  322.67011  14.0%     - 1036s
 62368 55038      -    -    -      375.00000  322.67011  14.0%     - 1043s
 62773 55408      -    -    -      375.00000  322.67051  14.0%     - 1047s
 63208 55548      -    -    -      375.00000  322.67051  14.0%     - 1050s
 63604 56040      -    -    -      375.00000  322.67353  14.0%     - 1056s
 64060 56446      -    -    -      375.00000  322.67353  14.0%     - 1063s
 64331 56561      -    -    -      375.00000  322.67353  14.0%     - 1066s
 64682 56888      -    -    -      375.00000  322.67522  14.0%     - 1072s
 64837 57109      -    -    -      375.00000  322.67522  14.0%     - 1075s
 65292 57609      -    -    -      375.00000  322.67522  14.0%     - 1081s
 65567 57853      -    -    -      375.00000  322.68289  14.0%     - 1085s
 66048 58290      -    -    -      375.00000  322.68289  14.0%     - 1091s
 66318 58517      -    -    -      375.00000  322.68289  14.0%     - 1095s
 66705 58827      -    -    -      375.00000  322.68289  14.0%     - 1101s
 66901 59084      -    -    -      375.00000  322.68289  14.0%     - 1105s
 67344 59486      -    -    -      375.00000  322.68358  14.0%     - 1111s
 67597 59715      -    -    -      375.00000  322.68358  14.0%     - 1115s
 68149 60477      -    -    -      375.00000  322.68358  14.0%     - 1123s
 68595 60742      -    -    -      375.00000  322.68358  14.0%     - 1126s
 68866 61034      -    -    -      375.00000  322.68358  14.0%     - 1130s
 69455 61609      -    -    -      375.00000  322.68358  14.0%     - 1137s
 69743 61877      -    -    -      375.00000  322.68358  14.0%     - 1141s
 70322 62514      -    -    -      375.00000  322.69147  13.9%     - 1148s
 70719 62658      -    -    -      375.00000  322.69147  13.9%     - 1152s
 70915 62935      -    -    -      375.00000  322.69147  13.9%     - 1155s
 71486 63339      -    -    -      375.00000  322.70044  13.9%     - 1162s
 71667 63610      -    -    -      375.00000  322.70044  13.9%     - 1166s
 71938 63849      -    -    -      375.00000  322.70044  13.9%     - 1170s
 72424 64543      -    -    -      375.00000  322.70121  13.9%     - 1177s
 72915 64617      -    -    -      375.00000  322.70121  13.9%     - 1180s
 73219 65029      -    -    -      375.00000  322.70121  13.9%     - 1187s
 73447 65366      -    -    -      375.00000  322.70121  13.9%     - 1190s
 73928 65908      -    -    -      375.00000  322.70121  13.9%     - 1197s
 74348 66118      -    -    -      375.00000  322.70121  13.9%     - 1201s
 74620 66252      -    -    -      375.00000  322.70121  13.9%     - 1205s
 75280 66992      -    -    -      375.00000  322.70121  13.9%     - 1212s
 75588 67070      -    -    -      375.00000  322.70121  13.9%     - 1215s
 75912 67527      -    -    -      375.00000  322.70121  13.9%     - 1222s
 76125 67793      -    -    -      375.00000  322.70121  13.9%     - 1226s
 76688 68274      -    -    -      375.00000  322.70121  13.9%     - 1232s
 76875 68548      -    -    -      375.00000  322.70121  13.9%     - 1236s
 77155 68861      -    -    -      375.00000  322.70121  13.9%     - 1240s
 77906 69536      -    -    -      375.00000  322.70385  13.9%     - 1247s
 78153 69805      -    -    -      375.00000  322.70385  13.9%     - 1250s
 78751 70380      -    -    -      375.00000  322.70385  13.9%     - 1258s
 79021 70652      -    -    -      375.00000  322.70385  13.9%     - 1261s
 79327 70754      -    -    -      375.00000  322.70385  13.9%     - 1265s
 79737 71186      -    -    -      375.00000  322.70385  13.9%     - 1272s
 79928 71397      -    -    -      375.00000  322.70385  13.9%     - 1276s
 80362 71961      -    -    -      375.00000  322.70385  13.9%     - 1283s
 80765 72331      -    -    -      375.00000  322.71928  13.9%     - 1286s
 81142 72536      -    -    -      375.00000  322.71928  13.9%     - 1290s
 81600 72915      -    -    -      375.00000  322.72468  13.9%     - 1298s
 81821 73105      -    -    -      375.00000  322.72468  13.9%     - 1301s
 82028 73364      -    -    -      375.00000  322.72468  13.9%     - 1305s
 82624 74127      -    -    -      375.00000  322.72468  13.9%     - 1312s
 83086 74346      -    -    -      375.00000  322.72468  13.9%     - 1316s
 83747 74896      -    -    -      375.00000  322.72468  13.9%     - 1323s
 83917 75213      -    -    -      375.00000  322.72468  13.9%     - 1326s
 84239 75502      -    -    -      375.00000  322.72468  13.9%     - 1330s
 84772 75959      -    -    -      375.00000  322.72468  13.9%     - 1337s
 85018 76122      -    -    -      375.00000  322.72468  13.9%     - 1340s
 85428 76560      -    -    -      375.00000  322.73077  13.9%     - 1348s
 85768 76721      -    -    -      375.00000  322.73077  13.9%     - 1351s
 85930 76989      -    -    -      375.00000  322.73077  13.9%     - 1355s
 86456 77505      -    -    -      375.00000  322.73077  13.9%     - 1362s
 86760 77679      -    -    -      375.00000  322.73077  13.9%     - 1365s
 87174 78151      -    -    -      375.00000  322.73077  13.9%     - 1372s
 87451 78402      -    -    -      375.00000  322.73077  13.9%     - 1376s
 87702 78689      -    -    -      375.00000  322.73135  13.9%     - 1380s
 88379 79478      -    -    -      375.00000  322.73135  13.9%     - 1387s
 88792 79641      -    -    -      375.00000  322.73135  13.9%     - 1391s
 88956 79877      -    -    -      375.00000  322.73838  13.9%     - 1395s
 89431 80408      -    -    -      375.00000  322.73838  13.9%     - 1402s
 89737 80742      -    -    -      375.00000  322.73896  13.9%     - 1406s
 90089 81029      -    -    -      375.00000  322.73896  13.9%     - 1410s
 90642 81467      -    -    -      375.00000  322.73896  13.9%     - 1417s
 90902 81734      -    -    -      375.00000  322.73962  13.9%     - 1421s
 91633 82388      -    -    -      375.00000  322.73962  13.9%     - 1428s
 91915 82664      -    -    -      375.00000  322.73962  13.9%     - 1432s
 92195 82814      -    -    -      375.00000  322.74460  13.9%     - 1435s
 92625 83352      -    -    -      375.00000  322.74460  13.9%     - 1442s
 92956 83514      -    -    -      375.00000  322.74460  13.9%     - 1445s
 93341 83970      -    -    -      375.00000  322.74613  13.9%     - 1453s
 93627 84215      -    -    -      375.00000  322.74613  13.9%     - 1457s
 93873 84593      -    -    -      375.00000  322.74613  13.9%     - 1460s
 94585 85165      -    -    -      375.00000  322.74613  13.9%     - 1468s
 94862 85476      -    -    -      375.00000  322.74613  13.9%     - 1471s
 95175 85715      -    -    -      375.00000  322.74613  13.9%     - 1475s
 95663 86170      -    -    -      375.00000  322.74613  13.9%     - 1482s
 95893 86392      -    -    -      375.00000  322.74805  13.9%     - 1486s
 96386 86849      -    -    -      375.00000  322.74805  13.9%     - 1493s
 96602 87001      -    -    -      375.00000  322.74805  13.9%     - 1497s
 96821 87162      -    -    -      375.00000  322.74805  13.9%     - 1501s
 97290 87624      -    -    -      375.00000  322.74923  13.9%     - 1508s
 97498 87849      -    -    -      375.00000  322.74923  13.9%     - 1512s
 97739 88209      -    -    -      375.00000  322.74923  13.9%     - 1515s
 98134 88562      -    -    -      375.00000  322.75029  13.9%     - 1520s
 98785 89053      -    -    -      375.00000  322.75029  13.9%     - 1527s
 99061 89325      -    -    -      375.00000  322.75029  13.9%     - 1531s
 99334 89654      -    -    -      375.00000  322.75029  13.9%     - 1535s
 99952 90109      -    -    -      375.00000  322.75029  13.9%     - 1543s
 100173 90343      -    -    -      375.00000  322.75029  13.9%     - 1546s
 100435 90667      -    -    -      375.00000  322.75029  13.9%     - 1551s
 100777 90918      -    -    -      375.00000  322.75200  13.9%     - 1555s
 101279 91502      -    -    -      375.00000  322.75200  13.9%     - 1563s
 101639 91867      -    -    -      375.00000  322.75200  13.9%     - 1567s
 102012 92015      -    -    -      375.00000  322.75556  13.9%     - 1571s
 102206 92245      -    -    -      375.00000  322.75556  13.9%     - 1575s
 102797 92774      -    -    -      375.00000  322.75556  13.9%     - 1583s
 103016 92974      -    -    -      375.00000  322.75556  13.9%     - 1587s
 103260 93276      -    -    -      375.00000  322.75556  13.9%     - 1591s
 103587 93455      -    -    -      375.00000  322.75631  13.9%     - 1595s
 104207 94159      -    -    -      375.00000  322.75631  13.9%     - 1603s
 104517 94412      -    -    -      375.00000  322.76207  13.9%     - 1607s
 104789 94769      -    -    -      375.00000  322.76207  13.9%     - 1611s
 105160 94981      -    -    -      375.00000  322.76207  13.9%     - 1615s
 105897 95591      -    -    -      375.00000  322.76420  13.9%     - 1622s
 106032 95920      -    -    -      375.00000  322.76420  13.9%     - 1627s
 106366 96175      -    -    -      375.00000  322.76420  13.9%     - 1631s
 106624 96517      -    -    -      375.00000  322.76637  13.9%     - 1635s
 107270 96997      -    -    -      375.00000  322.76637  13.9%     - 1642s
 107553 97295      -    -    -      375.00000  322.76637  13.9%     - 1646s
 108102 97816      -    -    -      375.00000  322.76863  13.9%     - 1654s
 108440 98010      -    -    -      375.00000  322.76863  13.9%     - 1658s
 108648 98276      -    -    -      375.00000  322.76863  13.9%     - 1661s
 108914 98626      -    -    -      375.00000  322.76906  13.9%     - 1666s
 109283 98950      -    -    -      375.00000  322.76906  13.9%     - 1670s
 110126 99609      -    -    -      375.00000  322.76943  13.9%     - 1678s
 110324 100026      -    -    -      375.00000  322.76943  13.9%     - 1682s
 110762 100386      -    -    -      375.00000  322.76943  13.9%     - 1685s
 111440 100834      -    -    -      375.00000  322.76998  13.9%     - 1692s
 111618 101053      -    -    -      375.00000  322.76998  13.9%     - 1696s
 111841 101237      -    -    -      375.00000  322.76998  13.9%     - 1700s
 112331 101699      -    -    -      375.00000  322.76998  13.9%     - 1707s
 112620 101843      -    -    -      375.00000  322.77329  13.9%     - 1711s
 112784 102196      -    -    -      375.00000  322.77329  13.9%     - 1715s
 113334 102850      -    -    -      375.00000  322.77329  13.9%     - 1723s
 113853 103066      -    -    -      375.00000  322.77329  13.9%     - 1727s
 114074 103330      -    -    -      375.00000  322.77329  13.9%     - 1732s
 114384 103597      -    -    -      375.00000  322.77329  13.9%     - 1735s
 114865 104058      -    -    -      375.00000  322.78208  13.9%     - 1743s
 115114 104465      -    -    -      375.00000  322.78208  13.9%     - 1746s
 115527 104676      -    -    -      375.00000  322.78209  13.9%     - 1751s
 115738 105091      -    -    -      375.00000  322.78209  13.9%     - 1755s
 116161 105251      -    -    -      375.00000  322.78209  13.9%     - 1760s
 116704 106043      -    -    -      375.00000  322.78209  13.9%     - 1768s
 117133 106359      -    -    -      375.00000  322.78209  13.9%     - 1771s
 117455 106597      -    -    -      375.00000  322.78209  13.9%     - 1775s
 118024 107155      -    -    -      375.00000  322.78209  13.9%     - 1782s
 118361 107316      -    -    -      375.00000  322.78209  13.9%     - 1786s
 118526 107527      -    -    -      375.00000  322.78209  13.9%     - 1790s
 119112 108258      -    -    -      375.00000  322.78209  13.9%     - 1798s
 119550 108462      -    -    -      375.00000  322.78495  13.9%     - 1802s
 119768 108623      -    -    -      375.00000  322.78495  13.9%     - 1805s
 120323 109162      -    -    -      375.00000  322.78495  13.9%     - 1813s
 120507 109386      -    -    -      375.00000  322.78918  13.9%     - 1816s
 120743 109573      -    -    -      375.00000  322.78918  13.9%     - 1820s
 121479 110372      -    -    -      375.00000  322.78918  13.9%     - 1828s
 121803 110654      -    -    -      375.00000  322.78918  13.9%     - 1831s
 122106 110855      -    -    -      375.00000  322.79724  13.9%     - 1835s
 122624 111510      -    -    -      375.00000  322.79724  13.9%     - 1843s
 123000 111796      -    -    -      375.00000  322.79724  13.9%     - 1847s
 123287 112136      -    -    -      375.00000  322.79808  13.9%     - 1851s
 123648 112361      -    -    -      375.00000  322.79808  13.9%     - 1855s
 124313 112929      -    -    -      375.00000  322.79808  13.9%     - 1862s
 124562 113035      -    -    -      375.00000  322.80681  13.9%     - 1866s
 124709 113464      -    -    -      375.00000  322.80681  13.9%     - 1870s
 125593 114014      -    -    -      375.00000  322.80681  13.9%     - 1878s
 125761 114298      -    -    -      375.00000  322.81171  13.9%     - 1882s
 126047 114453      -    -    -      375.00000  322.81171  13.9%     - 1885s
 126354 114876      -    -    -      375.00000  322.81171  13.9%     - 1892s
 126669 115137      -    -    -      375.00000  322.81171  13.9%     - 1896s
 126930 115361      -    -    -      375.00000  322.81171  13.9%     - 1900s
 127314 115873      -    -    -      375.00000  322.81519  13.9%     - 1908s
 127707 115964      -    -    -      375.00000  322.81519  13.9%     - 1912s
 127822 116237      -    -    -      375.00000  322.81519  13.9%     - 1915s
 128097 116546      -    -    -      375.00000  322.81519  13.9%     - 1920s
 128877 117149      -    -    -      375.00000  322.81707  13.9%     - 1927s
 129132 117397      -    -    -      375.00000  322.81707  13.9%     - 1931s
 129675 117921      -    -    -      375.00000  322.81707  13.9%     - 1939s
 129940 118238      -    -    -      375.00000  322.81707  13.9%     - 1943s
 130262 118547      -    -    -      375.00000  322.81929  13.9%     - 1947s
 130675 118717      -    -    -      375.00000  322.81929  13.9%     - 1950s
 131243 119310      -    -    -      375.00000  322.81929  13.9%     - 1958s
 131467 119572      -    -    -      375.00000  322.81974  13.9%     - 1961s
 131781 119807      -    -    -      375.00000  322.81974  13.9%     - 1965s
 132355 120320      -    -    -      375.00000  322.81974  13.9%     - 1973s
 132563 120582      -    -    -      375.00000  322.83268  13.9%     - 1977s
 132831 120808      -    -    -      375.00000  322.83268  13.9%     - 1982s
 133057 121143      -    -    -      375.00000  322.83268  13.9%     - 1986s
 133398 121406      -    -    -      375.00000  322.83268  13.9%     - 1990s
 133979 121959      -    -    -      375.00000  322.83671  13.9%     - 1997s
 134291 122125      -    -    -      375.00000  322.83671  13.9%     - 2000s
 134767 122551      -    -    -      375.00000  322.83694  13.9%     - 2008s
 134968 122868      -    -    -      375.00000  322.83694  13.9%     - 2013s
 135292 123313      -    -    -      375.00000  322.83694  13.9%     - 2017s
 135768 123577      -    -    -      375.00000  322.83694  13.9%     - 2020s
 136428 124012      -    -    -      375.00000  322.83736  13.9%     - 2027s
 136543 124268      -    -    -      375.00000  322.83736  13.9%     - 2031s
 136802 124463      -    -    -      375.00000  322.83736  13.9%     - 2035s
 137342 124998      -    -    -      375.00000  322.83736  13.9%     - 2043s
 137597 125424      -    -    -      375.00000  322.83736  13.9%     - 2048s
 138029 125839      -    -    -      375.00000  322.84127  13.9%     - 2052s
 138488 126095      -    -    -      375.00000  322.84127  13.9%     - 2056s
 138744 126476      -    -    -      375.00000  322.84127  13.9%     - 2060s
