Working on w=2, k=1, s=3
Set parameter Username
Set parameter WLSAccessID
Set parameter WLSSecret
Set parameter LicenseID to value 2533279
Academic license 2533279 - for non-commercial use only - registered to bl___@rice.edu
w=2, k=1, sigma=3  57/81  -->  0.7037037037037037
Working on w=2, k=2, s=3
w=2, k=2, sigma=3  153/243  -->  0.6296296296296297
Working on w=3, k=1, s=3
w=3, k=1, sigma=3  378/729  -->  0.5185185185185185
Working on w=2, k=3, s=3
w=2, k=3, sigma=3  441/729  -->  0.6049382716049383
Working on w=3, k=2, s=3
(3, 2, 3)-forward scheme not found. There's no hope...
Working on w=4, k=1, s=3
Optimization terminated at non-zero gap = 25.96%
Working on w=2, k=4, s=3
Optimization terminated at non-zero gap = 3.09%
Working on w=3, k=3, s=3
(3, 3, 3)-forward scheme not found. There's no hope...
Working on w=4, k=2, s=3
(4, 2, 3)-forward scheme not found. There's no hope...
Working on w=5, k=1, s=3
Optimization terminated at non-zero gap = 35.28%
Working on w=2, k=5, s=3
Optimization terminated at non-zero gap = 7.81%
Working on w=3, k=4, s=3
Optimization terminated at non-zero gap = 20.05%
Working on w=4, k=3, s=3
(4, 3, 3)-forward scheme not found. There's no hope...
Working on w=5, k=2, s=3
Too many contexts to feasibly solve...
Working on w=6, k=1, s=3
Too many contexts to feasibly solve...
Working on w=2, k=6, s=3
(2, 6, 3)-forward scheme not found. There's no hope...
Working on w=3, k=5, s=3
(3, 5, 3)-forward scheme not found. There's no hope...
Working on w=4, k=4, s=3
Too many contexts to feasibly solve...
Working on w=5, k=3, s=3
Too many contexts to feasibly solve...
Working on w=6, k=2, s=3
Too many contexts to feasibly solve...
Working on w=7, k=1, s=3
Too many contexts to feasibly solve...
Working on w=2, k=7, s=3
Optimization terminated at non-zero gap = 9.31%
Working on w=3, k=6, s=3
Too many contexts to feasibly solve...
Working on w=4, k=5, s=3
Too many contexts to feasibly solve...
Working on w=5, k=4, s=3
Too many contexts to feasibly solve...
Working on w=6, k=3, s=3
Too many contexts to feasibly solve...
Working on w=7, k=2, s=3
Too many contexts to feasibly solve...
Working on w=8, k=1, s=3
Too many contexts to feasibly solve...
Working on w=2, k=8, s=3
Too many contexts to feasibly solve...
Working on w=3, k=7, s=3
Too many contexts to feasibly solve...
Working on w=4, k=6, s=3
Too many contexts to feasibly solve...
Working on w=5, k=5, s=3
Too many contexts to feasibly solve...
Working on w=6, k=4, s=3
Too many contexts to feasibly solve...
Working on w=7, k=3, s=3
Too many contexts to feasibly solve...
Working on w=8, k=2, s=3
Too many contexts to feasibly solve...
Working on w=9, k=1, s=3
Too many contexts to feasibly solve...
Working on w=2, k=9, s=3
Too many contexts to feasibly solve...
Working on w=3, k=8, s=3
Too many contexts to feasibly solve...
Working on w=4, k=7, s=3
Too many contexts to feasibly solve...
Working on w=5, k=6, s=3
Too many contexts to feasibly solve...
Working on w=6, k=5, s=3
Too many contexts to feasibly solve...
Working on w=7, k=4, s=3
Too many contexts to feasibly solve...
Working on w=8, k=3, s=3
Too many contexts to feasibly solve...
Working on w=9, k=2, s=3
Too many contexts to feasibly solve...
Working on w=10, k=1, s=3
Too many contexts to feasibly solve...
Working on w=2, k=10, s=3
Too many contexts to feasibly solve...
Working on w=3, k=9, s=3
Too many contexts to feasibly solve...
Working on w=4, k=8, s=3
Too many contexts to feasibly solve...
Working on w=5, k=7, s=3
Too many contexts to feasibly solve...
Working on w=6, k=6, s=3
Too many contexts to feasibly solve...
Working on w=7, k=5, s=3
Too many contexts to feasibly solve...
Working on w=8, k=4, s=3
Too many contexts to feasibly solve...
Working on w=9, k=3, s=3
Too many contexts to feasibly solve...
Working on w=10, k=2, s=3
Too many contexts to feasibly solve...
Working on w=11, k=1, s=3
Too many contexts to feasibly solve...
Working on w=2, k=11, s=3
Too many contexts to feasibly solve...
Working on w=3, k=10, s=3
Too many contexts to feasibly solve...
Working on w=4, k=9, s=3
Too many contexts to feasibly solve...
Working on w=5, k=8, s=3
Too many contexts to feasibly solve...
Working on w=6, k=7, s=3
Too many contexts to feasibly solve...
Working on w=7, k=6, s=3
Too many contexts to feasibly solve...
Working on w=8, k=5, s=3
Too many contexts to feasibly solve...
Working on w=9, k=4, s=3
Too many contexts to feasibly solve...
Working on w=10, k=3, s=3
Too many contexts to feasibly solve...
Working on w=11, k=2, s=3
Too many contexts to feasibly solve...
Working on w=12, k=1, s=3
Too many contexts to feasibly solve...
Working on w=2, k=12, s=3
Too many contexts to feasibly solve...
Working on w=3, k=11, s=3
Too many contexts to feasibly solve...
Working on w=4, k=10, s=3
Too many contexts to feasibly solve...
Working on w=5, k=9, s=3
Too many contexts to feasibly solve...
Working on w=6, k=8, s=3
Too many contexts to feasibly solve...
Working on w=7, k=7, s=3
Too many contexts to feasibly solve...
Working on w=8, k=6, s=3
Too many contexts to feasibly solve...
Working on w=9, k=5, s=3
Too many contexts to feasibly solve...
Working on w=10, k=4, s=3
Too many contexts to feasibly solve...
Working on w=11, k=3, s=3
Too many contexts to feasibly solve...
Working on w=12, k=2, s=3
Too many contexts to feasibly solve...
Working on w=13, k=1, s=3
Too many contexts to feasibly solve...
Working on w=2, k=13, s=3
Too many contexts to feasibly solve...
Working on w=3, k=12, s=3
Too many contexts to feasibly solve...
Working on w=4, k=11, s=3
Too many contexts to feasibly solve...
Working on w=5, k=10, s=3
Too many contexts to feasibly solve...
Working on w=6, k=9, s=3
Too many contexts to feasibly solve...
Working on w=7, k=8, s=3
Too many contexts to feasibly solve...
Working on w=8, k=7, s=3
Too many contexts to feasibly solve...
Working on w=9, k=6, s=3
Too many contexts to feasibly solve...
Working on w=10, k=5, s=3
Too many contexts to feasibly solve...
Working on w=11, k=4, s=3
Too many contexts to feasibly solve...
Working on w=12, k=3, s=3
Too many contexts to feasibly solve...
Working on w=13, k=2, s=3
Too many contexts to feasibly solve...
Working on w=14, k=1, s=3
Too many contexts to feasibly solve...
Working on w=2, k=14, s=3
Too many contexts to feasibly solve...
Working on w=3, k=13, s=3
Too many contexts to feasibly solve...
Working on w=4, k=12, s=3
Too many contexts to feasibly solve...
Working on w=5, k=11, s=3
Too many contexts to feasibly solve...
Working on w=6, k=10, s=3
Too many contexts to feasibly solve...
Working on w=7, k=9, s=3
Too many contexts to feasibly solve...
Working on w=8, k=8, s=3
Too many contexts to feasibly solve...
Working on w=9, k=7, s=3
Too many contexts to feasibly solve...
Working on w=10, k=6, s=3
Too many contexts to feasibly solve...
Working on w=11, k=5, s=3
Too many contexts to feasibly solve...
Working on w=12, k=4, s=3
Too many contexts to feasibly solve...
Working on w=13, k=3, s=3
Too many contexts to feasibly solve...
Working on w=14, k=2, s=3
Too many contexts to feasibly solve...
Working on w=3, k=14, s=3
Too many contexts to feasibly solve...
Working on w=4, k=13, s=3
Too many contexts to feasibly solve...
Working on w=5, k=12, s=3
Too many contexts to feasibly solve...
Working on w=6, k=11, s=3
Too many contexts to feasibly solve...
Working on w=7, k=10, s=3
Too many contexts to feasibly solve...
Working on w=8, k=9, s=3
Too many contexts to feasibly solve...
Working on w=9, k=8, s=3
Too many contexts to feasibly solve...
Working on w=10, k=7, s=3
Too many contexts to feasibly solve...
Working on w=11, k=6, s=3
Too many contexts to feasibly solve...
Working on w=12, k=5, s=3
Too many contexts to feasibly solve...
Working on w=13, k=4, s=3
Too many contexts to feasibly solve...
Working on w=14, k=3, s=3
Too many contexts to feasibly solve...
Working on w=4, k=14, s=3
Too many contexts to feasibly solve...
Working on w=5, k=13, s=3
Too many contexts to feasibly solve...
Working on w=6, k=12, s=3
Too many contexts to feasibly solve...
Working on w=7, k=11, s=3
Too many contexts to feasibly solve...
Working on w=8, k=10, s=3
Too many contexts to feasibly solve...
Working on w=9, k=9, s=3
Too many contexts to feasibly solve...
Working on w=10, k=8, s=3
Too many contexts to feasibly solve...
Working on w=11, k=7, s=3
Too many contexts to feasibly solve...
Working on w=12, k=6, s=3
Too many contexts to feasibly solve...
Working on w=13, k=5, s=3
Too many contexts to feasibly solve...
Working on w=14, k=4, s=3
Too many contexts to feasibly solve...
Working on w=5, k=14, s=3
Too many contexts to feasibly solve...
Working on w=6, k=13, s=3
Too many contexts to feasibly solve...
Working on w=7, k=12, s=3
Too many contexts to feasibly solve...
Working on w=8, k=11, s=3
Too many contexts to feasibly solve...
Working on w=9, k=10, s=3
Too many contexts to feasibly solve...
Working on w=10, k=9, s=3
Too many contexts to feasibly solve...
Working on w=11, k=8, s=3
Too many contexts to feasibly solve...
Working on w=12, k=7, s=3
Too many contexts to feasibly solve...
Working on w=13, k=6, s=3
Too many contexts to feasibly solve...
Working on w=14, k=5, s=3
Too many contexts to feasibly solve...
Working on w=6, k=14, s=3
Too many contexts to feasibly solve...
Working on w=7, k=13, s=3
Too many contexts to feasibly solve...
Working on w=8, k=12, s=3
Too many contexts to feasibly solve...
Working on w=9, k=11, s=3
Too many contexts to feasibly solve...
Working on w=10, k=10, s=3
Too many contexts to feasibly solve...
Working on w=11, k=9, s=3
Too many contexts to feasibly solve...
Working on w=12, k=8, s=3
Too many contexts to feasibly solve...
Working on w=13, k=7, s=3
Too many contexts to feasibly solve...
Working on w=14, k=6, s=3
Too many contexts to feasibly solve...
Working on w=7, k=14, s=3
Too many contexts to feasibly solve...
Working on w=8, k=13, s=3
Too many contexts to feasibly solve...
Working on w=9, k=12, s=3
Too many contexts to feasibly solve...
Working on w=10, k=11, s=3
Too many contexts to feasibly solve...
Working on w=11, k=10, s=3
Too many contexts to feasibly solve...
Working on w=12, k=9, s=3
Too many contexts to feasibly solve...
Working on w=13, k=8, s=3
Too many contexts to feasibly solve...
Working on w=14, k=7, s=3
Too many contexts to feasibly solve...
Working on w=8, k=14, s=3
Too many contexts to feasibly solve...
Working on w=9, k=13, s=3
Too many contexts to feasibly solve...
Working on w=10, k=12, s=3
Too many contexts to feasibly solve...
Working on w=11, k=11, s=3
Too many contexts to feasibly solve...
Working on w=12, k=10, s=3
Too many contexts to feasibly solve...
Working on w=13, k=9, s=3
Too many contexts to feasibly solve...
Working on w=14, k=8, s=3
Too many contexts to feasibly solve...
Working on w=9, k=14, s=3
Too many contexts to feasibly solve...
Working on w=10, k=13, s=3
Too many contexts to feasibly solve...
Working on w=11, k=12, s=3
Too many contexts to feasibly solve...
Working on w=12, k=11, s=3
Too many contexts to feasibly solve...
Working on w=13, k=10, s=3
Too many contexts to feasibly solve...
Working on w=14, k=9, s=3
Too many contexts to feasibly solve...
Working on w=10, k=14, s=3
Too many contexts to feasibly solve...
Working on w=11, k=13, s=3
Too many contexts to feasibly solve...
Working on w=12, k=12, s=3
Too many contexts to feasibly solve...
Working on w=13, k=11, s=3
Too many contexts to feasibly solve...
Working on w=14, k=10, s=3
Too many contexts to feasibly solve...
Working on w=11, k=14, s=3
Too many contexts to feasibly solve...
Working on w=12, k=13, s=3
Too many contexts to feasibly solve...
Working on w=13, k=12, s=3
Too many contexts to feasibly solve...
Working on w=14, k=11, s=3
Too many contexts to feasibly solve...
Working on w=12, k=14, s=3
Too many contexts to feasibly solve...
Working on w=13, k=13, s=3
Too many contexts to feasibly solve...
Working on w=14, k=12, s=3
Too many contexts to feasibly solve...
Working on w=13, k=14, s=3
Too many contexts to feasibly solve...
Working on w=14, k=13, s=3
Too many contexts to feasibly solve...
Working on w=14, k=14, s=3
Too many contexts to feasibly solve...
	Command being timed: "/home/Users/blk6/Projects/winnowing-LB-manuscript/scripts/run-ilp.py -w 2 3 4 5 6 7 8 9 10 11 12 13 14 -k 1 2 3 4 5 6 7 8 9 10 11 12 13 14 --sigma 3 --threads 30 --local"
	User time (seconds): 112881.73
	System time (seconds): 1483.49
	Percent of CPU this job got: 1055%
	Elapsed (wall clock) time (h:mm:ss or m:ss): 3:00:33
	Average shared text size (kbytes): 0
	Average unshared data size (kbytes): 0
	Average stack size (kbytes): 0
	Average total size (kbytes): 0
	Maximum resident set size (kbytes): 14718484
	Average resident set size (kbytes): 0
	Major (requiring I/O) page faults: 3
	Minor (reclaiming a frame) page faults: 7612330
	Voluntary context switches: 139313526
	Involuntary context switches: 18612045
	Swaps: 0
	File system inputs: 336
	File system outputs: 2616
	Socket messages sent: 0
	Socket messages received: 0
	Signals delivered: 0
	Page size (bytes): 4096
	Exit status: 0
