Working on w=2, k=1, s=4
Set parameter Username
Set parameter WLSAccessID
Set parameter WLSSecret
Set parameter LicenseID to value 2533279
Academic license 2533279 - for non-commercial use only - registered to bl___@rice.edu
w=2, k=1, sigma=4  176/256  -->  0.6875
Working on w=2, k=2, s=4
w=2, k=2, sigma=4  636/1024  -->  0.62109375
Working on w=3, k=1, s=4
Optimization terminated at non-zero gap = 15.05%
Working on w=2, k=3, s=4
Optimization terminated at non-zero gap = 8.08%
Working on w=3, k=2, s=4
(3, 2, 4)-forward scheme not found. There's no hope...
Working on w=4, k=1, s=4
Optimization terminated at non-zero gap = 34.15%
Working on w=2, k=4, s=4
(2, 4, 4)-forward scheme not found. There's no hope...
Working on w=3, k=3, s=4
(3, 3, 4)-forward scheme not found. There's no hope...
Working on w=4, k=2, s=4
Too many contexts to feasibly solve...
Working on w=5, k=1, s=4
Too many contexts to feasibly solve...
Working on w=2, k=5, s=4
Optimization terminated at non-zero gap = 11.78%
Working on w=3, k=4, s=4
Too many contexts to feasibly solve...
Working on w=4, k=3, s=4
Too many contexts to feasibly solve...
Working on w=5, k=2, s=4
Too many contexts to feasibly solve...
Working on w=6, k=1, s=4
Too many contexts to feasibly solve...
Working on w=2, k=6, s=4
Too many contexts to feasibly solve...
Working on w=3, k=5, s=4
Too many contexts to feasibly solve...
Working on w=4, k=4, s=4
Too many contexts to feasibly solve...
Working on w=5, k=3, s=4
Too many contexts to feasibly solve...
Working on w=6, k=2, s=4
Too many contexts to feasibly solve...
Working on w=7, k=1, s=4
Too many contexts to feasibly solve...
Working on w=2, k=7, s=4
Too many contexts to feasibly solve...
Working on w=3, k=6, s=4
Too many contexts to feasibly solve...
Working on w=4, k=5, s=4
Too many contexts to feasibly solve...
Working on w=5, k=4, s=4
Too many contexts to feasibly solve...
Working on w=6, k=3, s=4
Too many contexts to feasibly solve...
Working on w=7, k=2, s=4
Too many contexts to feasibly solve...
Working on w=8, k=1, s=4
Too many contexts to feasibly solve...
Working on w=2, k=8, s=4
Too many contexts to feasibly solve...
Working on w=3, k=7, s=4
Too many contexts to feasibly solve...
Working on w=4, k=6, s=4
Too many contexts to feasibly solve...
Working on w=5, k=5, s=4
Too many contexts to feasibly solve...
Working on w=6, k=4, s=4
Too many contexts to feasibly solve...
Working on w=7, k=3, s=4
Too many contexts to feasibly solve...
Working on w=8, k=2, s=4
Too many contexts to feasibly solve...
Working on w=9, k=1, s=4
Too many contexts to feasibly solve...
Working on w=2, k=9, s=4
Too many contexts to feasibly solve...
Working on w=3, k=8, s=4
Too many contexts to feasibly solve...
Working on w=4, k=7, s=4
Too many contexts to feasibly solve...
Working on w=5, k=6, s=4
Too many contexts to feasibly solve...
Working on w=6, k=5, s=4
Too many contexts to feasibly solve...
Working on w=7, k=4, s=4
Too many contexts to feasibly solve...
Working on w=8, k=3, s=4
Too many contexts to feasibly solve...
Working on w=9, k=2, s=4
Too many contexts to feasibly solve...
Working on w=10, k=1, s=4
Too many contexts to feasibly solve...
Working on w=2, k=10, s=4
Too many contexts to feasibly solve...
Working on w=3, k=9, s=4
Too many contexts to feasibly solve...
Working on w=4, k=8, s=4
Too many contexts to feasibly solve...
Working on w=5, k=7, s=4
Too many contexts to feasibly solve...
Working on w=6, k=6, s=4
Too many contexts to feasibly solve...
Working on w=7, k=5, s=4
Too many contexts to feasibly solve...
Working on w=8, k=4, s=4
Too many contexts to feasibly solve...
Working on w=9, k=3, s=4
Too many contexts to feasibly solve...
Working on w=10, k=2, s=4
Too many contexts to feasibly solve...
Working on w=11, k=1, s=4
Too many contexts to feasibly solve...
Working on w=2, k=11, s=4
Too many contexts to feasibly solve...
Working on w=3, k=10, s=4
Too many contexts to feasibly solve...
Working on w=4, k=9, s=4
Too many contexts to feasibly solve...
Working on w=5, k=8, s=4
Too many contexts to feasibly solve...
Working on w=6, k=7, s=4
Too many contexts to feasibly solve...
Working on w=7, k=6, s=4
Too many contexts to feasibly solve...
Working on w=8, k=5, s=4
Too many contexts to feasibly solve...
Working on w=9, k=4, s=4
Too many contexts to feasibly solve...
Working on w=10, k=3, s=4
Too many contexts to feasibly solve...
Working on w=11, k=2, s=4
Too many contexts to feasibly solve...
Working on w=12, k=1, s=4
Too many contexts to feasibly solve...
Working on w=2, k=12, s=4
Too many contexts to feasibly solve...
Working on w=3, k=11, s=4
Too many contexts to feasibly solve...
Working on w=4, k=10, s=4
Too many contexts to feasibly solve...
Working on w=5, k=9, s=4
Too many contexts to feasibly solve...
Working on w=6, k=8, s=4
Too many contexts to feasibly solve...
Working on w=7, k=7, s=4
Too many contexts to feasibly solve...
Working on w=8, k=6, s=4
Too many contexts to feasibly solve...
Working on w=9, k=5, s=4
Too many contexts to feasibly solve...
Working on w=10, k=4, s=4
Too many contexts to feasibly solve...
Working on w=11, k=3, s=4
Too many contexts to feasibly solve...
Working on w=12, k=2, s=4
Too many contexts to feasibly solve...
Working on w=13, k=1, s=4
Too many contexts to feasibly solve...
Working on w=2, k=13, s=4
Too many contexts to feasibly solve...
Working on w=3, k=12, s=4
Too many contexts to feasibly solve...
Working on w=4, k=11, s=4
Too many contexts to feasibly solve...
Working on w=5, k=10, s=4
Too many contexts to feasibly solve...
Working on w=6, k=9, s=4
Too many contexts to feasibly solve...
Working on w=7, k=8, s=4
Too many contexts to feasibly solve...
Working on w=8, k=7, s=4
Too many contexts to feasibly solve...
Working on w=9, k=6, s=4
Too many contexts to feasibly solve...
Working on w=10, k=5, s=4
Too many contexts to feasibly solve...
Working on w=11, k=4, s=4
Too many contexts to feasibly solve...
Working on w=12, k=3, s=4
Too many contexts to feasibly solve...
Working on w=13, k=2, s=4
Too many contexts to feasibly solve...
Working on w=14, k=1, s=4
Too many contexts to feasibly solve...
Working on w=2, k=14, s=4
Too many contexts to feasibly solve...
Working on w=3, k=13, s=4
Too many contexts to feasibly solve...
Working on w=4, k=12, s=4
Too many contexts to feasibly solve...
Working on w=5, k=11, s=4
Too many contexts to feasibly solve...
Working on w=6, k=10, s=4
Too many contexts to feasibly solve...
Working on w=7, k=9, s=4
Too many contexts to feasibly solve...
Working on w=8, k=8, s=4
Too many contexts to feasibly solve...
Working on w=9, k=7, s=4
Too many contexts to feasibly solve...
Working on w=10, k=6, s=4
Too many contexts to feasibly solve...
Working on w=11, k=5, s=4
Too many contexts to feasibly solve...
Working on w=12, k=4, s=4
Too many contexts to feasibly solve...
Working on w=13, k=3, s=4
Too many contexts to feasibly solve...
Working on w=14, k=2, s=4
Too many contexts to feasibly solve...
Working on w=3, k=14, s=4
Too many contexts to feasibly solve...
Working on w=4, k=13, s=4
Too many contexts to feasibly solve...
Working on w=5, k=12, s=4
Too many contexts to feasibly solve...
Working on w=6, k=11, s=4
Too many contexts to feasibly solve...
Working on w=7, k=10, s=4
Too many contexts to feasibly solve...
Working on w=8, k=9, s=4
Too many contexts to feasibly solve...
Working on w=9, k=8, s=4
Too many contexts to feasibly solve...
Working on w=10, k=7, s=4
Too many contexts to feasibly solve...
Working on w=11, k=6, s=4
Too many contexts to feasibly solve...
Working on w=12, k=5, s=4
Too many contexts to feasibly solve...
Working on w=13, k=4, s=4
Too many contexts to feasibly solve...
Working on w=14, k=3, s=4
Too many contexts to feasibly solve...
Working on w=4, k=14, s=4
Too many contexts to feasibly solve...
Working on w=5, k=13, s=4
Too many contexts to feasibly solve...
Working on w=6, k=12, s=4
Too many contexts to feasibly solve...
Working on w=7, k=11, s=4
Too many contexts to feasibly solve...
Working on w=8, k=10, s=4
Too many contexts to feasibly solve...
Working on w=9, k=9, s=4
Too many contexts to feasibly solve...
Working on w=10, k=8, s=4
Too many contexts to feasibly solve...
Working on w=11, k=7, s=4
Too many contexts to feasibly solve...
Working on w=12, k=6, s=4
Too many contexts to feasibly solve...
Working on w=13, k=5, s=4
Too many contexts to feasibly solve...
Working on w=14, k=4, s=4
Too many contexts to feasibly solve...
Working on w=5, k=14, s=4
Too many contexts to feasibly solve...
Working on w=6, k=13, s=4
Too many contexts to feasibly solve...
Working on w=7, k=12, s=4
Too many contexts to feasibly solve...
Working on w=8, k=11, s=4
Too many contexts to feasibly solve...
Working on w=9, k=10, s=4
Too many contexts to feasibly solve...
Working on w=10, k=9, s=4
Too many contexts to feasibly solve...
Working on w=11, k=8, s=4
Too many contexts to feasibly solve...
Working on w=12, k=7, s=4
Too many contexts to feasibly solve...
Working on w=13, k=6, s=4
Too many contexts to feasibly solve...
Working on w=14, k=5, s=4
Too many contexts to feasibly solve...
Working on w=6, k=14, s=4
Too many contexts to feasibly solve...
Working on w=7, k=13, s=4
Too many contexts to feasibly solve...
Working on w=8, k=12, s=4
Too many contexts to feasibly solve...
Working on w=9, k=11, s=4
Too many contexts to feasibly solve...
Working on w=10, k=10, s=4
Too many contexts to feasibly solve...
Working on w=11, k=9, s=4
Too many contexts to feasibly solve...
Working on w=12, k=8, s=4
Too many contexts to feasibly solve...
Working on w=13, k=7, s=4
Too many contexts to feasibly solve...
Working on w=14, k=6, s=4
Too many contexts to feasibly solve...
Working on w=7, k=14, s=4
Too many contexts to feasibly solve...
Working on w=8, k=13, s=4
Too many contexts to feasibly solve...
Working on w=9, k=12, s=4
Too many contexts to feasibly solve...
Working on w=10, k=11, s=4
Too many contexts to feasibly solve...
Working on w=11, k=10, s=4
Too many contexts to feasibly solve...
Working on w=12, k=9, s=4
Too many contexts to feasibly solve...
Working on w=13, k=8, s=4
Too many contexts to feasibly solve...
Working on w=14, k=7, s=4
Too many contexts to feasibly solve...
Working on w=8, k=14, s=4
Too many contexts to feasibly solve...
Working on w=9, k=13, s=4
Too many contexts to feasibly solve...
Working on w=10, k=12, s=4
Too many contexts to feasibly solve...
Working on w=11, k=11, s=4
Too many contexts to feasibly solve...
Working on w=12, k=10, s=4
Too many contexts to feasibly solve...
Working on w=13, k=9, s=4
Too many contexts to feasibly solve...
Working on w=14, k=8, s=4
Too many contexts to feasibly solve...
Working on w=9, k=14, s=4
Too many contexts to feasibly solve...
Working on w=10, k=13, s=4
Too many contexts to feasibly solve...
Working on w=11, k=12, s=4
Too many contexts to feasibly solve...
Working on w=12, k=11, s=4
Too many contexts to feasibly solve...
Working on w=13, k=10, s=4
Too many contexts to feasibly solve...
Working on w=14, k=9, s=4
Too many contexts to feasibly solve...
Working on w=10, k=14, s=4
Too many contexts to feasibly solve...
Working on w=11, k=13, s=4
Too many contexts to feasibly solve...
Working on w=12, k=12, s=4
Too many contexts to feasibly solve...
Working on w=13, k=11, s=4
Too many contexts to feasibly solve...
Working on w=14, k=10, s=4
Too many contexts to feasibly solve...
Working on w=11, k=14, s=4
Too many contexts to feasibly solve...
Working on w=12, k=13, s=4
Too many contexts to feasibly solve...
Working on w=13, k=12, s=4
Too many contexts to feasibly solve...
Working on w=14, k=11, s=4
Too many contexts to feasibly solve...
Working on w=12, k=14, s=4
Too many contexts to feasibly solve...
Working on w=13, k=13, s=4
Too many contexts to feasibly solve...
Working on w=14, k=12, s=4
Too many contexts to feasibly solve...
Working on w=13, k=14, s=4
Too many contexts to feasibly solve...
Working on w=14, k=13, s=4
Too many contexts to feasibly solve...
Working on w=14, k=14, s=4
Too many contexts to feasibly solve...
	Command being timed: "/home/Users/blk6/Projects/winnowing-LB-manuscript/scripts/run-ilp.py -w 2 3 4 5 6 7 8 9 10 11 12 13 14 -k 1 2 3 4 5 6 7 8 9 10 11 12 13 14 --sigma 4 --threads 30 --local"
	User time (seconds): 71219.22
	System time (seconds): 942.64
	Percent of CPU this job got: 999%
	Elapsed (wall clock) time (h:mm:ss or m:ss): 2:00:21
	Average shared text size (kbytes): 0
	Average unshared data size (kbytes): 0
	Average stack size (kbytes): 0
	Average total size (kbytes): 0
	Maximum resident set size (kbytes): 3021548
	Average resident set size (kbytes): 0
	Major (requiring I/O) page faults: 2
	Minor (reclaiming a frame) page faults: 1989193
	Voluntary context switches: 110557399
	Involuntary context switches: 6524554
	Swaps: 0
	File system inputs: 200
	File system outputs: 2016
	Socket messages sent: 0
	Socket messages received: 0
	Signals delivered: 0
	Page size (bytes): 4096
	Exit status: 0
