
Gurobi 10.0.3 (linux64) logging started Sun Aug 25 08:19:45 2024

Set parameter LogFile to value "local/logs/w2-k3-s2.log"

Gurobi 10.0.3 (linux64) logging started Sun Aug 25 08:19:45 2024

Set parameter LogFile to value "local/logs/w2-k3-s2.log"
Gurobi Optimizer version 10.0.3 build v10.0.3rc0 (linux64)

CPU model: AMD EPYC 7742 64-Core Processor, instruction set [SSE2|AVX|AVX2]
Thread count: 64 physical cores, 128 logical processors, using up to 30 threads

Academic license 2533279 - for non-commercial use only - registered to bl___@rice.edu
Optimize a model with 144 rows, 96 columns and 288 nonzeros
Model fingerprint: 0x7d00f104
Variable types: 0 continuous, 96 integer (96 binary)
Coefficient statistics:
  Matrix range     [1e+00, 1e+00]
  Objective range  [1e+00, 1e+00]
  Bounds range     [1e+00, 1e+00]
  RHS range        [1e+00, 1e+00]

User MIP start produced solution with objective 40 (0.02s)
Loaded user MIP start with objective 40

Presolve removed 24 rows and 20 columns
Presolve time: 0.00s
Presolved: 120 rows, 76 columns, 240 nonzeros
Variable types: 0 continuous, 76 integer (76 binary)

Root relaxation: objective 3.400000e+01, 89 iterations, 0.00 seconds (0.00 work units)

    Nodes    |    Current Node    |     Objective Bounds      |     Work
 Expl Unexpl |  Obj  Depth IntInf | Incumbent    BestBd   Gap | It/Node Time

     0     0   34.00000    0   76   40.00000   34.00000  15.0%     -    0s
     0     0   38.00000    0   73   40.00000   38.00000  5.00%     -    0s

Cutting planes:
  Gomory: 3
  Zero half: 13

Explored 1 nodes (105 simplex iterations) in 0.03 seconds (0.00 work units)
Thread count was 30 (of 128 available processors)

Solution count 1: 40 

Optimal solution found (tolerance 1.00e-04)
Best objective 4.000000000000e+01, best bound 4.000000000000e+01, gap 0.0000%
