
Gurobi 10.0.3 (linux64) logging started Sun Aug 25 09:50:09 2024

Set parameter LogFile to value "local/logs/w2-k5-s3.log"

Gurobi 10.0.3 (linux64) logging started Sun Aug 25 09:50:09 2024

Set parameter LogFile to value "local/logs/w2-k5-s3.log"
Gurobi Optimizer version 10.0.3 build v10.0.3rc0 (linux64)

CPU model: AMD EPYC 7742 64-Core Processor, instruction set [SSE2|AVX|AVX2]
Thread count: 64 physical cores, 128 logical processors, using up to 30 threads

Academic license 2533279 - for non-commercial use only - registered to bl___@rice.edu
Optimize a model with 13851 rows, 8019 columns and 27702 nonzeros
Model fingerprint: 0x84d08e9b
Variable types: 0 continuous, 8019 integer (8019 binary)
Coefficient statistics:
  Matrix range     [1e+00, 1e+00]
  Objective range  [1e+00, 1e+00]
  Bounds range     [1e+00, 1e+00]
  RHS range        [1e+00, 1e+00]

User MIP start produced solution with objective 3753 (0.01s)
Loaded user MIP start with objective 3753

Presolve removed 747 rows and 738 columns
Presolve time: 0.03s
Presolved: 13104 rows, 7281 columns, 26208 nonzeros
Variable types: 0 continuous, 7281 integer (7281 binary)

Root relaxation: objective 3.285000e+03, 8809 iterations, 0.14 seconds (0.12 work units)

    Nodes    |    Current Node    |     Objective Bounds      |     Work
 Expl Unexpl |  Obj  Depth IntInf | Incumbent    BestBd   Gap | It/Node Time

     0     0 3285.00000    0 7281 3753.00000 3285.00000  12.5%     -    0s
     0     0 3294.00000    0 7275 3753.00000 3294.00000  12.2%     -    0s
     0     0 3303.00000    0 7266 3753.00000 3303.00000  12.0%     -    0s
     0     0 3307.50000    0 7261 3753.00000 3307.50000  11.9%     -    1s
     0     0 3307.50000    0 7251 3753.00000 3307.50000  11.9%     -    1s
     0     0 3307.50000    0 7256 3753.00000 3307.50000  11.9%     -    1s
     0     0 3307.50000    0 7257 3753.00000 3307.50000  11.9%     -    1s
     0     0 3312.37833    0 7259 3753.00000 3312.37833  11.7%     -    2s
     0     0 3312.76705    0 7252 3753.00000 3312.76705  11.7%     -    2s
     0     0 3313.00833    0 7254 3753.00000 3313.00833  11.7%     -    2s
     0     0 3313.06707    0 7255 3753.00000 3313.06707  11.7%     -    2s
     0     0 3313.07143    0 7255 3753.00000 3313.07143  11.7%     -    3s
     0     0 3317.58166    0 7256 3753.00000 3317.58166  11.6%     -    3s
     0     0 3317.93432    0 7255 3753.00000 3317.93432  11.6%     -    4s
     0     0 3318.09472    0 7260 3753.00000 3318.09472  11.6%     -    4s
     0     0 3318.10828    0 7262 3753.00000 3318.10828  11.6%     -    4s
     0     0 3318.11670    0 7262 3753.00000 3318.11670  11.6%     -    4s
     0     0 3318.11855    0 7262 3753.00000 3318.11855  11.6%     -    4s
     0     0 3323.48438    0 7250 3753.00000 3323.48438  11.4%     -    5s
     0     0 3323.78391    0 7259 3753.00000 3323.78391  11.4%     -    5s
     0     0 3323.97428    0 7255 3753.00000 3323.97428  11.4%     -    6s
     0     0 3324.00630    0 7256 3753.00000 3324.00630  11.4%     -    6s
     0     0 3324.04557    0 7259 3753.00000 3324.04557  11.4%     -    6s
     0     0 3324.04849    0 7258 3753.00000 3324.04849  11.4%     -    6s
     0     0 3328.56365    0 7256 3753.00000 3328.56365  11.3%     -    8s
     0     0 3329.34864    0 7260 3753.00000 3329.34864  11.3%     -    9s
     0     0 3329.46493    0 7260 3753.00000 3329.46493  11.3%     -    9s
     0     0 3329.49050    0 7264 3753.00000 3329.49050  11.3%     -    9s
     0     0 3329.50864    0 7263 3753.00000 3329.50864  11.3%     -    9s
     0     0 3329.51995    0 7264 3753.00000 3329.51995  11.3%     -    9s
     0     0 3329.52395    0 7264 3753.00000 3329.52395  11.3%     -    9s
     0     0 3333.61490    0 7264 3753.00000 3333.61490  11.2%     -   11s
     0     0 3334.59648    0 7260 3753.00000 3334.59648  11.1%     -   12s
     0     0 3334.99912    0 7264 3753.00000 3334.99912  11.1%     -   13s
     0     0 3335.08270    0 7263 3753.00000 3335.08270  11.1%     -   13s
     0     0 3335.12743    0 7265 3753.00000 3335.12743  11.1%     -   13s
     0     0 3335.13564    0 7266 3753.00000 3335.13564  11.1%     -   13s
     0     0 3338.71225    0 7259 3753.00000 3338.71225  11.0%     -   15s
     0     0 3339.65427    0 7260 3753.00000 3339.65427  11.0%     -   16s
     0     0 3339.75423    0 7263 3753.00000 3339.75423  11.0%     -   17s
     0     0 3339.78460    0 7263 3753.00000 3339.78460  11.0%     -   17s
     0     0 3339.79283    0 7263 3753.00000 3339.79283  11.0%     -   17s
     0     0 3343.50175    0 7260 3753.00000 3343.50175  10.9%     -   20s
     0     0 3344.23578    0 7258 3753.00000 3344.23578  10.9%     -   21s
     0     0 3344.30731    0 7263 3753.00000 3344.30731  10.9%     -   21s
     0     0 3344.36813    0 7264 3753.00000 3344.36813  10.9%     -   22s
     0     0 3344.37592    0 7264 3753.00000 3344.37592  10.9%     -   22s
     0     0 3348.28719    0 7258 3753.00000 3348.28719  10.8%     -   25s
     0     0 3348.78294    0 7260 3753.00000 3348.78294  10.8%     -   26s
     0     0 3348.86411    0 7261 3753.00000 3348.86411  10.8%     -   26s
     0     0 3348.90113    0 7262 3753.00000 3348.90113  10.8%     -   27s
     0     0 3348.92243    0 7262 3753.00000 3348.92243  10.8%     -   27s
     0     0 3352.06683    0 7256 3753.00000 3352.06683  10.7%     -   30s
     0     0 3352.96933    0 7260 3753.00000 3352.96933  10.7%     -   32s
     0     0 3353.07543    0 7262 3753.00000 3353.07543  10.7%     -   32s
     0     0 3353.15742    0 7265 3753.00000 3353.15742  10.7%     -   32s
     0     0 3353.16642    0 7266 3753.00000 3353.16642  10.7%     -   32s
     0     0 3357.32341    0 7261 3753.00000 3357.32341  10.5%     -   37s
     0     0 3357.99681    0 7258 3753.00000 3357.99681  10.5%     -   39s
     0     0 3358.14234    0 7261 3753.00000 3358.14234  10.5%     -   39s
     0     0 3358.17052    0 7263 3753.00000 3358.17052  10.5%     -   40s
     0     0 3358.18566    0 7264 3753.00000 3358.18566  10.5%     -   40s
     0     0 3361.61554    0 7260 3753.00000 3361.61554  10.4%     -   44s
     0     0 3362.07683    0 7259 3753.00000 3362.07683  10.4%     -   46s
     0     0 3362.17249    0 7263 3753.00000 3362.17249  10.4%     -   46s
     0     0 3362.19764    0 7265 3753.00000 3362.19764  10.4%     -   46s
     0     0 3364.93995    0 7262 3753.00000 3364.93995  10.3%     -   50s
     0     0 3365.73733    0 7263 3753.00000 3365.73733  10.3%     -   53s
     0     0 3365.91459    0 7261 3753.00000 3365.91459  10.3%     -   54s
     0     0 3365.95937    0 7265 3753.00000 3365.95937  10.3%     -   55s
     0     0 3365.98273    0 7265 3753.00000 3365.98273  10.3%     -   55s
     0     0 3368.74995    0 7259 3753.00000 3368.74995  10.2%     -   60s
     0     0 3369.15290    0 7267 3753.00000 3369.15290  10.2%     -   61s
     0     0 3369.19910    0 7271 3753.00000 3369.19910  10.2%     -   62s
     0     0 3369.20795    0 7268 3753.00000 3369.20795  10.2%     -   62s
     0     0 3371.97488    0 7263 3753.00000 3371.97488  10.2%     -   67s
     0     0 3372.49110    0 7265 3753.00000 3372.49110  10.1%     -   69s
     0     0 3372.63967    0 7265 3753.00000 3372.63967  10.1%     -   70s
     0     0 3372.67616    0 7269 3753.00000 3372.67616  10.1%     -   70s
     0     0 3375.36359    0 7263 3753.00000 3375.36359  10.1%     -   75s
     0     0 3376.05234    0 7261 3753.00000 3376.05234  10.0%     -   77s
     0     0 3376.22169    0 7265 3753.00000 3376.22169  10.0%     -   78s
     0     0 3376.35337    0 7261 3753.00000 3376.35337  10.0%     -   79s
     0     0 3376.37189    0 7266 3753.00000 3376.37189  10.0%     -   80s
     0     0 3379.09509    0 7263 3753.00000 3379.09509  10.0%     -   85s
     0     0 3379.79595    0 7263 3753.00000 3379.79595  9.94%     -   88s
     0     0 3379.97907    0 7269 3753.00000 3379.97907  9.94%     -   89s
     0     0 3380.00615    0 7270 3753.00000 3380.00615  9.94%     -   89s
     0     0 3382.29402    0 7266 3753.00000 3382.29402  9.88%     -   95s
     0     0 3382.60411    0 7269 3753.00000 3382.60411  9.87%     -   97s
     0     0 3382.67154    0 7271 3753.00000 3382.67154  9.87%     -   98s
     0     0 3382.68655    0 7274 3753.00000 3382.68655  9.87%     -   98s
     0     0 3384.54992    0 7265 3753.00000 3384.54992  9.82%     -  103s
     0     0 3384.93808    0 7271 3753.00000 3384.93808  9.81%     -  105s
     0     0 3385.11818    0 7271 3753.00000 3385.11818  9.80%     -  106s
     0     0 3385.18062    0 7274 3753.00000 3385.18062  9.80%     -  107s
     0     0 3385.20231    0 7275 3753.00000 3385.20231  9.80%     -  107s
     0     0 3387.54112    0 7269 3753.00000 3387.54112  9.74%     -  113s
     0     0 3387.83279    0 7271 3753.00000 3387.83279  9.73%     -  115s
     0     0 3387.94154    0 7272 3753.00000 3387.94154  9.73%     -  116s
     0     0 3387.96717    0 7272 3753.00000 3387.96717  9.73%     -  117s
     0     0 3390.18758    0 7272 3753.00000 3390.18758  9.67%     -  124s
     0     0 3390.73145    0 7272 3753.00000 3390.73145  9.65%     -  127s
     0     0 3390.81695    0 7271 3753.00000 3390.81695  9.65%     -  128s
     0     0 3390.83502    0 7273 3753.00000 3390.83502  9.65%     -  128s
     0     0 3393.30477    0 7271 3753.00000 3393.30477  9.58%     -  135s
     0     0 3393.50792    0 7271 3753.00000 3393.50792  9.58%     -  137s
     0     0 3393.56545    0 7274 3753.00000 3393.56545  9.58%     -  138s
     0     0 3395.33113    0 7271 3753.00000 3395.33113  9.53%     -  145s
     0     0 3395.65103    0 7271 3753.00000 3395.65103  9.52%     -  148s
     0     0 3395.71664    0 7272 3753.00000 3395.71664  9.52%     -  149s
     0     0 3395.73539    0 7275 3753.00000 3395.73539  9.52%     -  149s
     0     0 3398.32338    0 7267 3753.00000 3398.32338  9.45%     -  158s
     0     0 3398.71141    0 7270 3753.00000 3398.71141  9.44%     -  160s
     0     0 3398.79450    0 7273 3753.00000 3398.79450  9.44%     -  161s
     0     0 3398.81474    0 7275 3753.00000 3398.81474  9.44%     -  162s
     0     0 3400.95151    0 7268 3753.00000 3400.95151  9.38%     -  170s
     0     0 3401.36022    0 7265 3753.00000 3401.36022  9.37%     -  174s
     0     0 3401.43423    0 7267 3753.00000 3401.43423  9.37%     -  175s
     0     0 3401.45669    0 7273 3753.00000 3401.45669  9.37%     -  176s
     0     0 3403.28100    0 7266 3753.00000 3403.28100  9.32%     -  184s
     0     0 3403.67402    0 7269 3753.00000 3403.67402  9.31%     -  188s
     0     0 3403.70821    0 7272 3753.00000 3403.70821  9.31%     -  189s
     0     0 3405.94943    0 7268 3753.00000 3405.94943  9.25%     -  199s
     0     0 3406.25936    0 7265 3753.00000 3406.25936  9.24%     -  202s
     0     0 3406.30647    0 7270 3753.00000 3406.30647  9.24%     -  203s
     0     0 3408.55158    0 7266 3753.00000 3408.55158  9.18%     -  214s
     0     0 3408.93106    0 7273 3753.00000 3408.93106  9.17%     -  218s
     0     0 3409.00126    0 7271 3753.00000 3409.00126  9.17%     -  219s
     0     0 3410.52015    0 7270 3753.00000 3410.52015  9.13%     -  228s
     0     0 3410.77948    0 7274 3753.00000 3410.77948  9.12%     -  231s
     0     0 3410.87641    0 7274 3753.00000 3410.87641  9.12%     -  233s
     0     0 3410.90066    0 7274 3753.00000 3410.90066  9.12%     -  233s
     0     0 3413.07516    0 7274 3753.00000 3413.07516  9.06%     -  243s
     0     0 3413.40927    0 7274 3753.00000 3413.40927  9.05%     -  246s
     0     0 3413.45945    0 7275 3753.00000 3413.45945  9.05%     -  247s
     0     0 3414.87137    0 7275 3753.00000 3414.87137  9.01%     -  255s
     0     0 3415.08356    0 7271 3753.00000 3415.08356  9.00%     -  258s
     0     0 3415.11574    0 7274 3753.00000 3415.11574  9.00%     -  259s
     0     0 3417.25274    0 7271 3753.00000 3417.25274  8.95%     -  269s
     0     0 3417.47638    0 7272 3753.00000 3417.47638  8.94%     -  273s
     0     0 3417.53329    0 7274 3753.00000 3417.53329  8.94%     -  274s
     0     0 3418.72154    0 7273 3753.00000 3418.72154  8.91%     -  282s
     0     0 3418.88997    0 7275 3753.00000 3418.88997  8.90%     -  285s
     0     0 3418.91825    0 7275 3753.00000 3418.91825  8.90%     -  285s
     0     0 3420.44304    0 7273 3753.00000 3420.44304  8.86%     -  295s
     0     0 3420.75786    0 7274 3753.00000 3420.75786  8.85%     -  299s
     0     0 3420.80851    0 7274 3753.00000 3420.80851  8.85%     -  300s
     0     0 3422.09681    0 7273 3753.00000 3422.09681  8.82%     -  309s
     0     0 3422.30787    0 7274 3753.00000 3422.30787  8.81%     -  312s
     0     0 3422.35939    0 7275 3753.00000 3422.35939  8.81%     -  313s
     0     0 3423.90756    0 7272 3753.00000 3423.90756  8.77%     -  324s
     0     0 3424.26869    0 7271 3753.00000 3424.26869  8.76%     -  329s
     0     0 3424.33804    0 7273 3753.00000 3424.33804  8.76%     -  330s
     0     0 3425.89454    0 7268 3753.00000 3425.89454  8.72%     -  339s
     0     0 3426.03209    0 7272 3753.00000 3426.03209  8.71%     -  342s
     0     0 3426.06866    0 7273 3753.00000 3426.06866  8.71%     -  343s
     0     0 3427.23810    0 7272 3753.00000 3427.23810  8.68%     -  351s
     0     0 3427.41390    0 7273 3753.00000 3427.41390  8.68%     -  354s
     0     0 3427.43479    0 7273 3753.00000 3427.43479  8.67%     -  355s
     0     0 3428.90696    0 7270 3753.00000 3428.90696  8.64%     -  365s
     0     0 3429.05719    0 7274 3753.00000 3429.05719  8.63%     -  368s
     0     0 3429.08672    0 7274 3753.00000 3429.08672  8.63%     -  369s
     0     0 3430.76241    0 7272 3753.00000 3430.76241  8.59%     -  382s
     0     0 3431.01949    0 7273 3753.00000 3431.01949  8.58%     -  386s
     0     0 3431.06444    0 7276 3753.00000 3431.06444  8.58%     -  387s
     0     0 3432.14520    0 7277 3753.00000 3432.14520  8.55%     -  396s
     0     0 3432.34188    0 7274 3753.00000 3432.34188  8.54%     -  399s
     0     0 3432.38349    0 7276 3753.00000 3432.38349  8.54%     -  401s
     0     0 3433.59278    0 7272 3753.00000 3433.59278  8.51%     -  410s
     0     0 3433.80220    0 7272 3753.00000 3433.80220  8.51%     -  414s
     0     0 3433.86001    0 7279 3753.00000 3433.86001  8.50%     -  415s
     0     0 3434.84088    0 7272 3753.00000 3434.84088  8.48%     -  424s
     0     0 3434.99885    0 7273 3753.00000 3434.99885  8.47%     -  427s
     0     0 3435.05801    0 7276 3753.00000 3435.05801  8.47%     -  429s
     0     0 3436.34257    0 7270 3753.00000 3436.34257  8.44%     -  438s
     0     0 3436.45329    0 7272 3753.00000 3436.45329  8.43%     -  440s
     0     0 3438.02210    0 7269 3753.00000 3438.02210  8.39%     -  452s
     0     0 3438.24101    0 7271 3753.00000 3438.24101  8.39%     -  456s
     0     0 3438.28711    0 7276 3753.00000 3438.28711  8.39%     -  457s
     0     0 3439.83965    0 7274 3753.00000 3439.83965  8.34%     -  468s
     0     0 3439.99952    0 7273 3753.00000 3439.99952  8.34%     -  471s
     0     0 3440.04300    0 7273 3753.00000 3440.04300  8.34%     -  472s
     0     0 3441.62580    0 7269 3753.00000 3441.62580  8.30%     -  484s
     0     0 3441.81221    0 7271 3753.00000 3441.81221  8.29%     -  488s
     0     0 3441.83538    0 7274 3753.00000 3441.83538  8.29%     -  489s
     0     0 3442.82397    0 7271 3753.00000 3442.82397  8.26%     -  497s
     0     0 3442.82397    0 7271 3753.00000 3442.82397  8.26%     -  497s
     0     2 3442.82397    0 7271 3753.00000 3442.82397  8.26%     -  511s
     3     8 3451.18200    2 7253 3753.00000 3446.92627  8.16%  3434  518s
     7    16 3455.40374    3 7248 3753.00000 3451.19922  8.04%  4503  524s
    15    32 3459.62162    4 7236 3753.00000 3453.88178  7.97%  4092  530s
    31    62 3463.68899    5 7226 3753.00000 3457.70014  7.87%  5316  587s
    61    92 3467.65445    6 7216 3753.00000 3459.46025  7.82% 12155  593s
    91   122 3471.88599    7 7206 3753.00000 3459.46025  7.82%  9080  625s
   122   123 3464.26960    7 7271 3753.00000 3459.46025  7.82%  7426  739s
   124   124 3471.67128    8 7281 3753.00000 3459.46025  7.82%  7306  740s
  2919  2824 3504.00000   60 6786 3753.00000 3459.46025  7.82%   397  746s
  6651  6547 3639.50000  130 6403 3753.00000 3459.46025  7.82%   215  750s
 13351 12605 3730.50000  247 6142 3753.00000 3459.46025  7.82%   141  755s
 21560 21527 3615.00000   85 6501 3753.00000 3459.46025  7.82%   108  760s
 28454 28099 3504.00000   60 6755 3753.00000 3459.46025  7.82%  98.8  765s
 38089 36832 3459.46025   33 7041 3753.00000 3459.46025  7.82%  91.6  770s
 46700 46046 3665.00000  107 6188 3753.00000 3459.46025  7.82%  87.1  776s
 54871 53186 3459.46025   27 7101 3753.00000 3459.46025  7.82%  85.0  781s
 62222 60820 3498.00000   58 6769 3753.00000 3459.46025  7.82%  83.4  785s
 69980 69518 3678.50000  109 6152 3753.00000 3459.46025  7.82%  81.7  790s
 80109 77719 3459.46025   40 6971 3753.00000 3459.46025  7.82%  77.9  795s
 89304 86914 3749.50000  159 6019 3753.00000 3459.46025  7.82%  76.2  801s
 95354 92948 3459.46025   43 6941 3753.00000 3459.46025  7.82%  76.1  805s
 104249 100981 3601.50000   83 6429 3753.00000 3459.46025  7.82%  75.8  810s
 113573 110319 3459.46025   28 7091 3753.00000 3459.46025  7.82%  74.5  816s
 122989 118925 3710.50000  129 6089 3753.00000 3459.46025  7.82%  72.8  821s
 130096 126225 3739.00000  211 6067 3753.00000 3459.46025  7.82%  71.3  825s
 139522 134532 3705.50000  152 6138 3753.00000 3459.46025  7.82%  70.8  830s
 149645 144380 3733.00000  205 6093 3753.00000 3459.46025  7.82%  70.2  836s
 159669 153942 3589.50000   79 6545 3753.00000 3459.46025  7.82%  69.2  841s
 168300 161370 3459.46025   44 6895 3753.00000 3459.46025  7.82%  69.1  846s
 173904 166886 3555.00000   71 6610 3753.00000 3459.46025  7.82%  69.5  850s
 186986 180614 3481.50000   53 6838 3753.00000 3459.46025  7.82%  69.0  855s
 199510 190448 3689.00000  109 6172 3753.00000 3459.46025  7.82%  68.3  860s
 213889 203854 3459.46025   25 7121 3753.00000 3459.46025  7.82%  67.0  865s
 223457 213171 3459.46025   27 7101 3753.00000 3459.46025  7.82%  67.0  870s
 234620 223083 3619.50000   89 6394 3753.00000 3459.46025  7.82%  67.2  876s
 242514 232858 3646.50000   96 6341 3753.00000 3459.46025  7.82%  67.5  880s
 256786 243391 3742.50000  215 6125 3753.00000 3459.46025  7.82%  66.5  885s
 268177 255539 3633.00000   91 6377 3753.00000 3459.46025  7.82%  66.7  891s
 280771 265245 3469.50000   50 6864 3753.00000 3459.46025  7.82%  65.9  895s
 289505 274557 3585.00000   78 6563 3753.00000 3459.46025  7.82%  66.4  900s
 303935 286893 3637.50000   92 6337 3753.00000 3459.46025  7.82%  66.2  905s
 313575 295646 3459.46025   34 7024 3753.00000 3459.46025  7.82%  66.3  910s
 323567 305563 3459.46025   45 6886 3753.00000 3459.46025  7.82%  66.6  915s
 334403 318778 3654.00000   98 6220 3753.00000 3459.46025  7.82%  67.3  921s
 349069 330286 3541.50000   69 6666 3753.00000 3459.46025  7.82%  66.3  925s
 358748 338622 3694.50000  113 6268 3753.00000 3459.46025  7.82%  66.6  930s
 372992 352221 3459.46025   27 7101 3753.00000 3459.46025  7.82%  66.4  935s
 384223 361687 3744.50000  225 6077 3753.00000 3459.46025  7.82%  66.1  940s
 394359 371756 3459.46025   28 7091 3753.00000 3459.46025  7.82%  66.3  945s
 405947 382148 3640.50000   93 6399 3753.00000 3459.46025  7.82%  66.4  950s
 417877 394089 3747.50000  225 6076 3753.00000 3459.46025  7.82%  66.7  955s
 430897 405576 3577.50000   78 6487 3753.00000 3459.46025  7.82%  66.7  961s
 439118 415398 3740.50000  226 5997 3753.00000 3459.46025  7.82%  66.9  965s
 451194 422673 3459.46025   40 6958 3753.00000 3459.46025  7.82%  66.8 1027s
 453866 425335 3681.00000  107 6232 3753.00000 3459.46025  7.82%  66.9 1046s
 458672 432763 3694.00000  112 6162 3753.00000 3459.46025  7.82%  66.9 1051s
 464795 439636 3459.46025   29 7075 3753.00000 3459.46025  7.82%  67.0 1055s
 473632 449700 3651.00000   96 6312 3753.00000 3459.46025  7.82%  66.7 1060s
 488346 462803 3595.50000   81 6520 3753.00000 3459.46025  7.82%  66.4 1065s
 498433 473973 3751.00000  238 5986 3753.00000 3459.46025  7.82%  66.0 1072s
 505920 476584 3459.46025   47 6888 3753.00000 3459.46025  7.82%  66.0 1075s
 517607 490599     cutoff  135      3753.00000 3459.46025  7.82%  66.2 1081s
 529567 504313 3723.00000  171 6163 3753.00000 3459.46025  7.82%  65.8 1087s
 542566 510780 3622.50000   86 6454 3753.00000 3459.46025  7.82%  65.5 1090s
 552141 520526 3459.46025   46 6898 3753.00000 3459.46025  7.82%  65.7 1095s
 566839 534930 3459.46025   30 7071 3753.00000 3459.46025  7.82%  65.8 1101s
 579396 545367 3459.46025   49 6862 3753.00000 3459.46025  7.82%  65.5 1106s
 588562 556817 3477.00000   53 6788 3753.00000 3459.46025  7.82%  65.8 1111s
 598229 564573 3661.50000  101 6189 3753.00000 3459.46025  7.82%  65.9 1115s
 610414 574275 3667.50000  100 6326 3753.00000 3459.46025  7.82%  65.8 1120s
 621993 585724 3487.50000   56 6799 3753.00000 3459.46025  7.82%  66.0 1126s
 633481 595996 3552.00000   70 6603 3753.00000 3459.46025  7.82%  66.1 1131s
 642723 604658 3735.00000  212 5973 3753.00000 3459.46025  7.82%  66.1 1136s
 652755 614750 3709.00000  148 6180 3753.00000 3459.46025  7.82%  66.1 1140s
 666718 625961 3459.46025   41 6961 3753.00000 3459.46025  7.82%  65.9 1146s
 675659 637295 3730.00000  196 6059 3753.00000 3459.46025  7.82%  66.2 1151s
 687212 645336 3741.50000  124 5797 3753.00000 3459.46025  7.82%  66.3 1156s
 698517 656310 3459.46025   27 7101 3753.00000 3459.46025  7.82%  66.2 1160s
 710832 667846 3580.50000   77 6573 3753.00000 3459.46025  7.82%  66.2 1166s
 721053 677695 3708.00000  115 6112 3753.00000 3459.46025  7.82%  66.2 1170s
 733633 689814 3516.00000   61 6742 3753.00000 3459.46025  7.82%  66.3 1176s
 746226 700054 3694.00000  123 6052 3753.00000 3459.46025  7.82%  66.1 1181s
 754816 708844 3573.00000   77 6557 3753.00000 3459.46025  7.82%  66.2 1185s
 768789 724219 3728.50000  180 6048 3753.00000 3459.46025  7.82%  66.0 1191s
 779374 731108 3736.50000  123 6144 3753.00000 3459.46025  7.82%  66.0 1195s
 792721 744022 3459.46025   43 6941 3753.00000 3459.46025  7.82%  65.9 1200s
 803291 753704 3459.46025   39 6981 3753.00000 3459.46025  7.82%  65.8 1205s
 813159 762272 3714.50000  113 6086 3753.00000 3459.46025  7.82%  66.0 1210s
 824402 773392 3459.46025   26 7105 3753.00000 3459.46025  7.82%  65.9 1215s
 839120 786070 3713.50000  119 6101 3753.00000 3459.46025  7.82%  65.7 1221s
 848900 796406 3628.50000   89 6446 3753.00000 3459.46025  7.82%  65.5 1225s
 858506 808420 3460.50000   48 6891 3753.00000 3459.46025  7.82%  65.4 1230s
 873597 819092 3459.46025   24 7131 3753.00000 3459.46025  7.82%  65.4 1236s
 881213 824981 3747.00000  126 5958 3753.00000 3459.46025  7.82%  65.5 1240s
 889190 835473 3718.00000  166 6100 3753.00000 3459.46025  7.82%  65.7 1245s
 906305 850446 3559.50000   72 6632 3753.00000 3459.46025  7.82%  65.6 1251s
 915849 857801 3459.46025   38 6978 3753.00000 3459.46025  7.82%  65.5 1255s
 930975 872186 3459.46025   46 6885 3753.00000 3459.46025  7.82%  65.5 1261s
 938930 881538 3615.00000   86 6378 3753.00000 3459.46025  7.82%  65.7 1265s
 949570 894452 3505.50000   58 6771 3753.00000 3459.46025  7.82%  65.6 1270s
 965213 904772 3619.50000   85 6504 3753.00000 3459.46025  7.82%  65.4 1275s
 976736 916820 3703.00000  126 6178 3753.00000 3459.46025  7.82%  65.5 1281s
 987483 926493 3571.50000   75 6586 3753.00000 3459.46025  7.82%  65.3 1286s
 998429 936416 3459.46025   23 7141 3753.00000 3459.46025  7.82%  65.2 1290s
 1008645 946242 3459.46025   28 7091 3753.00000 3459.46025  7.82%  65.2 1295s
 1024558 959778 3459.46025   33 7028 3753.00000 3459.46025  7.82%  65.2 1301s
 1035462 969680 3496.50000   56 6791 3753.00000 3459.46025  7.82%  65.1 1305s
 1043126 978676 3459.46025   46 6911 3753.00000 3459.46025  7.82%  65.2 1310s
 1060527 993359 3478.50000   52 6838 3753.00000 3459.46025  7.82%  65.0 1315s
 1072806 1007058 3687.00000  105 6206 3753.00000 3459.46025  7.82%  64.9 1321s
 1084675 1014304 3709.50000  149 6165 3753.00000 3459.46025  7.82%  64.8 1325s
 1096373 1025819 3549.00000   70 6642 3753.00000 3459.46025  7.82%  64.9 1331s
 1106167 1039080 3685.50000  107 6139 3753.00000 3459.46025  7.82%  64.8 1336s
 1123081 1050463 3459.46025   29 7081 3753.00000 3459.46025  7.82%  64.5 1340s
 1135450 1063442 3459.46025   42 6925 3753.00000 3459.46025  7.82%  64.4 1346s
 1145660 1072925 3721.00000  162 6167 3753.00000 3459.46025  7.82%  64.6 1351s
 1157270 1081860 3459.46025   35 6995 3753.00000 3459.46025  7.82%  64.4 1355s
 1169786 1097036 3651.00000   96 6253 3753.00000 3459.46025  7.82%  64.7 1361s
 1180785 1104474 3745.50000  147 5983 3753.00000 3459.46025  7.82%  64.6 1365s
 1191857 1116776 3687.00000  106 6219 3753.00000 3459.46025  7.82%  64.9 1370s
 1203874 1127702 3711.50000  146 6042 3753.00000 3459.46025  7.82%  64.8 1375s
 1219687 1141560 3459.46025   28 7091 3753.00000 3459.46025  7.82%  64.7 1381s
 1228641 1152859 3703.50000  130 6132 3753.00000 3459.46025  7.82%  64.6 1386s
 1242482 1163170 3597.00000   82 6483 3753.00000 3459.46025  7.82%  64.5 1390s
 1253936 1173533 3579.00000   76 6575 3753.00000 3459.46025  7.82%  64.5 1395s
 1266418 1184995 3483.00000   54 6815 3753.00000 3459.46025  7.82%  64.7 1403s
 1269748 1189807 3561.00000   73 6576 3753.00000 3459.46025  7.82%  64.7 1405s
 1280712 1200323 3459.46025   39 6968 3753.00000 3459.46025  7.82%  64.8 1410s
 1293752 1212430 3528.00000   66 6689 3753.00000 3459.46025  7.82%  65.0 1416s
 1302365 1221351 3667.50000  102 6204 3753.00000 3459.46025  7.82%  65.1 1420s
 1314151 1232075 3504.00000   58 6711 3753.00000 3459.46025  7.82%  65.2 1425s
 1327917 1242478 3459.46025   33 7041 3753.00000 3459.46025  7.82%  65.3 1430s
 1336409 1252910     cutoff  126      3753.00000 3459.46025  7.82%  65.4 1436s
 1349375 1265801 3463.50000   49 6878 3753.00000 3459.46025  7.82%  65.4 1442s
 1359492 1275202 3751.50000  229 6074 3753.00000 3459.46025  7.82%  65.3 1445s
 1372327 1285900 3459.46025   24 7131 3753.00000 3459.46025  7.82%  65.1 1450s
 1382566 1296198 3537.00000   66 6702 3753.00000 3459.46025  7.82%  65.2 1455s
 1393783 1306574 3505.50000   59 6759 3753.00000 3459.46025  7.82%  65.3 1460s
 1406243 1318663 3681.00000  107 6251 3753.00000 3459.46025  7.82%  65.4 1465s
 1418043 1330861 3556.50000   71 6607 3753.00000 3459.46025  7.82%  65.5 1471s
 1429868 1340335 3501.00000   58 6749 3753.00000 3459.46025  7.82%  65.5 1476s
 1436481 1349507 3640.50000   95 6306 3753.00000 3459.46025  7.82%  65.6 1480s
 1452387 1361895 3465.00000   49 6868 3753.00000 3459.46025  7.82%  65.5 1485s
 1463832 1372338 3577.50000   77 6554 3753.00000 3459.46025  7.82%  65.5 1490s
 1475639 1383437 3591.00000   81 6492 3753.00000 3459.46025  7.82%  65.4 1495s
 1487705 1394642 3748.50000  125 6103 3753.00000 3459.46025  7.82%  65.5 1501s
 1497528 1403813 3741.50000  200 6126 3753.00000 3459.46025  7.82%  65.5 1505s
 1508214 1412995 3459.46025   29 7081 3753.00000 3459.46025  7.82%  65.5 1510s
 1520365 1424052 3679.50000  104 6253 3753.00000 3459.46025  7.82%  65.5 1516s
 1529585 1433200 3724.00000  122 6138 3753.00000 3459.46025  7.82%  65.6 1521s
 1541614 1443284 3465.00000   49 6874 3753.00000 3459.46025  7.82%  65.5 1525s
 1555980 1457382 3728.00000  173 6106 3753.00000 3459.46025  7.82%  65.4 1531s
 1566515 1467000 3459.46025   40 6971 3753.00000 3459.46025  7.82%  65.4 1536s
 1581634 1480747 3690.00000  107 6251 3753.00000 3459.46025  7.82%  65.3 1541s
 1592849 1490623 3648.00000   94 6363 3753.00000 3459.46025  7.82%  65.2 1545s
 1604103 1500996 3459.46025   36 7004 3753.00000 3459.46025  7.82%  65.1 1550s
 1616954 1513871 3707.50000  113 6077 3753.00000 3459.46025  7.82%  65.1 1556s
 1628694 1523132 3740.50000  140 6023 3753.00000 3459.46025  7.82%  65.0 1560s
 1639497 1533747 3459.46025   33 7021 3753.00000 3459.46025  7.82%  65.1 1565s
 1648587 1543729 3459.46025   37 6995 3753.00000 3459.46025  7.82%  65.3 1570s
 1661326 1555517 3459.46025   43 6925 3753.00000 3459.46025  7.82%  65.4 1576s
 1670277 1562359 3471.00000   52 6822 3753.00000 3459.46025  7.82%  65.5 1580s
 1681138 1575253 3523.50000   65 6661 3753.00000 3459.46025  7.82%  65.6 1586s
 1691157 1584906 3559.50000   73 6555 3753.00000 3459.46025  7.82%  65.7 1591s
 1700578 1594504 3628.50000   93 6313 3753.00000 3459.46025  7.82%  65.9 1596s
 1710961 1604353 3669.00000  103 6187 3753.00000 3459.46025  7.82%  65.9 1600s
 1723238 1615437 3634.50000   92 6359 3753.00000 3459.46025  7.82%  66.0 1605s
 1732584 1624703 3651.00000   97 6311 3753.00000 3459.46025  7.82%  66.1 1610s
 1745302 1636718 3513.00000   62 6689 3753.00000 3459.46025  7.82%  66.1 1615s
 1757866 1649375     cutoff  245      3753.00000 3459.46025  7.82%  66.1 1621s
 1771604 1661255 3675.00000  100 6316 3753.00000 3459.46025  7.82%  66.0 1626s
 1778040 1668183 3481.50000   53 6812 3753.00000 3459.46025  7.82%  66.1 1630s
 1786376 1676064 3582.00000   78 6549 3753.00000 3459.46025  7.82%  66.2 1635s
 1800285 1688772 3601.50000   84 6480 3753.00000 3459.46025  7.82%  66.2 1641s
 1809407 1696557 3745.00000  117 6185 3753.00000 3459.46025  7.82%  66.3 1645s
 1820255 1707023 3751.00000  148 6036 3753.00000 3459.46025  7.82%  66.2 1650s
 1834628 1721332 3483.00000   53 6834 3753.00000 3459.46025  7.82%  66.3 1657s
 1846565 1731637 3459.46025   36 7011 3753.00000 3459.46025  7.82%  66.2 1660s
 1858572 1741428 3459.46025   27 7101 3753.00000 3459.46025  7.82%  66.0 1665s
 1869726 1753039 3585.00000   80 6509 3753.00000 3459.46025  7.82%  66.1 1670s
 1880202 1763878 3747.00000  223 5986 3753.00000 3459.46025  7.82%  66.0 1675s
 1894240 1774384 3459.46025   32 7051 3753.00000 3459.46025  7.82%  66.0 1680s
 1906415 1787953 3630.00000   92 6323 3753.00000 3459.46025  7.82%  66.1 1686s
 1918605 1797360 3567.00000   73 6629 3753.00000 3459.46025  7.82%  66.0 1690s
 1929750 1807759 3618.00000   84 6474 3753.00000 3459.46025  7.82%  66.0 1696s
 1937255 1814923 3459.46025   36 6998 3753.00000 3459.46025  7.82%  66.1 1700s
 1950839 1830268 3655.50000   98 6241 3753.00000 3459.46025  7.82%  66.2 1706s
 1961320 1838087 3625.50000   89 6322 3753.00000 3459.46025  7.82%  66.2 1710s
 1970277 1848137 3459.46025   24 7131 3753.00000 3459.46025  7.82%  66.2 1715s
 1984551 1859194 3459.46025   41 6954 3753.00000 3459.46025  7.82%  66.2 1720s
 1996265 1873793 3661.50000  100 6227 3753.00000 3459.46025  7.82%  66.3 1726s
 2005496 1885971 3553.50000   71 6606 3753.00000 3459.46025  7.82%  66.3 1733s
 2015871 1891199     cutoff  231      3753.00000 3459.46025  7.82%  66.3 1735s
 2030292 1903626 3459.46025   45 6921 3753.00000 3459.46025  7.82%  66.3 1741s
 2038914 1913439 3570.00000   75 6589 3753.00000 3459.46025  7.82%  66.4 1746s
 2050944 1922726 3687.00000  108 6244 3753.00000 3459.46025  7.82%  66.3 1750s
 2063739 1935670 3565.50000   74 6600 3753.00000 3459.46025  7.82%  66.3 1757s
 2073154 1943368 3459.46025   31 7061 3753.00000 3459.46025  7.82%  66.4 1760s
 2085546 1956050 3459.46025   38 6991 3753.00000 3459.46025  7.82%  66.5 1766s
 2094196 1965037 3459.46025   43 6941 3753.00000 3459.46025  7.82%  66.6 1771s
 2103517 1974240 3489.00000   56 6776 3753.00000 3459.46025  7.82%  66.8 1775s
 2112655 1983411 3525.00000   65 6670 3753.00000 3459.46025  7.82%  66.9 1780s
 2126338 1997233 3594.00000   82 6490 3753.00000 3459.46025  7.82%  67.0 1786s
 2135473 2006298 3649.50000   97 6236 3753.00000 3459.46025  7.82%  67.1 1790s
 2150589 2022030 3487.50000   54 6811 3753.00000 3459.46025  7.82%  67.2 1796s
 2161663 2028780 3691.00000  112 6167 3753.00000 3459.46025  7.82%  67.2 1800s

Explored 2163454 nodes (145688205 simplex iterations) in 1800.02 seconds (1752.45 work units)
Thread count was 30 (of 128 available processors)

Solution count 1: 3753 

Time limit reached
Best objective 3.753000000000e+03, best bound 3.460000000000e+03, gap 7.8071%
