
Gurobi 10.0.3 (linux64) logging started Sun Aug 25 10:49:55 2024

Set parameter LogFile to value "local/logs/w2-k7-s2.log"

Gurobi 10.0.3 (linux64) logging started Sun Aug 25 10:49:55 2024

Set parameter LogFile to value "local/logs/w2-k7-s2.log"
Gurobi Optimizer version 10.0.3 build v10.0.3rc0 (linux64)

CPU model: AMD EPYC 7742 64-Core Processor, instruction set [SSE2|AVX|AVX2]
Thread count: 64 physical cores, 128 logical processors, using up to 30 threads

Academic license 2533279 - for non-commercial use only - registered to bl___@rice.edu
Optimize a model with 2304 rows, 1536 columns and 4608 nonzeros
Model fingerprint: 0x61dec058
Variable types: 0 continuous, 1536 integer (1536 binary)
Coefficient statistics:
  Matrix range     [1e+00, 1e+00]
  Objective range  [1e+00, 1e+00]
  Bounds range     [1e+00, 1e+00]
  RHS range        [1e+00, 1e+00]

User MIP start produced solution with objective 572 (0.04s)
Loaded user MIP start with objective 572

Presolve removed 264 rows and 260 columns
Presolve time: 0.01s
Presolved: 2040 rows, 1276 columns, 4080 nonzeros
Variable types: 0 continuous, 1276 integer (1276 binary)

Root relaxation: objective 5.140000e+02, 1495 iterations, 0.01 seconds (0.01 work units)

    Nodes    |    Current Node    |     Objective Bounds      |     Work
 Expl Unexpl |  Obj  Depth IntInf | Incumbent    BestBd   Gap | It/Node Time

     0     0  514.00000    0 1276  572.00000  514.00000  10.1%     -    0s
     0     0  523.00000    0 1267  572.00000  523.00000  8.57%     -    0s
     0     0  524.00000    0 1261  572.00000  524.00000  8.39%     -    0s
     0     0  527.41667    0 1261  572.00000  527.41667  7.79%     -    0s
     0     0  527.75000    0 1250  572.00000  527.75000  7.74%     -    0s
     0     0  528.91667    0 1263  572.00000  528.91667  7.53%     -    0s
     0     0  529.21429    0 1262  572.00000  529.21429  7.48%     -    0s
     0     0  529.37127    0 1263  572.00000  529.37127  7.45%     -    0s
     0     0  529.39583    0 1265  572.00000  529.39583  7.45%     -    0s
     0     0  529.41667    0 1265  572.00000  529.41667  7.44%     -    0s
     0     0  530.17289    0 1265  572.00000  530.17289  7.31%     -    0s
     0     0  530.44151    0 1267  572.00000  530.44151  7.27%     -    0s
     0     0  530.50000    0 1257  572.00000  530.50000  7.26%     -    0s
     0     0  530.52976    0 1268  572.00000  530.52976  7.25%     -    0s
     0     0  530.53182    0 1268  572.00000  530.53182  7.25%     -    0s
     0     0  531.27744    0 1267  572.00000  531.27744  7.12%     -    0s
     0     0  531.46529    0 1269  572.00000  531.46529  7.09%     -    0s
     0     0  531.58502    0 1266  572.00000  531.58502  7.07%     -    0s
     0     0  531.60933    0 1268  572.00000  531.60933  7.06%     -    0s
     0     0  531.61229    0 1268  572.00000  531.61229  7.06%     -    0s
     0     0  532.07984    0 1268  572.00000  532.07984  6.98%     -    0s
     0     0  532.21195    0 1269  572.00000  532.21195  6.96%     -    0s
     0     0  532.27312    0 1270  572.00000  532.27312  6.95%     -    0s
     0     0  532.28920    0 1269  572.00000  532.28920  6.94%     -    0s
     0     0  532.29086    0 1269  572.00000  532.29086  6.94%     -    0s
     0     0  533.60605    0 1270  572.00000  533.60605  6.71%     -    0s
     0     0  533.93899    0 1270  572.00000  533.93899  6.65%     -    0s
     0     0  533.97207    0 1273  572.00000  533.97207  6.65%     -    1s
     0     0  533.99437    0 1273  572.00000  533.99437  6.64%     -    1s
     0     0  534.00528    0 1273  572.00000  534.00528  6.64%     -    1s
     0     0  534.00695    0 1273  572.00000  534.00695  6.64%     -    1s
     0     0  534.87567    0 1274  572.00000  534.87567  6.49%     -    1s
     0     0  535.10721    0 1273  572.00000  535.10721  6.45%     -    1s
     0     0  535.17615    0 1273  572.00000  535.17615  6.44%     -    1s
     0     0  535.18652    0 1274  572.00000  535.18652  6.44%     -    1s
     0     0  536.45017    0 1268  572.00000  536.45017  6.22%     -    1s
     0     0  536.78148    0 1272  572.00000  536.78148  6.16%     -    1s
     0     0  536.90206    0 1272  572.00000  536.90206  6.14%     -    1s
     0     0  536.93705    0 1272  572.00000  536.93705  6.13%     -    1s
     0     0  536.93982    0 1272  572.00000  536.93982  6.13%     -    1s
     0     0  538.13184    0 1270  572.00000  538.13184  5.92%     -    1s
     0     0  538.26255    0 1271  572.00000  538.26255  5.90%     -    1s
     0     0  538.28624    0 1272  572.00000  538.28624  5.89%     -    1s
     0     0  538.29095    0 1274  572.00000  538.29095  5.89%     -    1s
     0     0  539.50438    0 1272  572.00000  539.50438  5.68%     -    2s
     0     0  539.67150    0 1274  572.00000  539.67150  5.65%     -    2s
     0     0  539.70539    0 1275  572.00000  539.70539  5.65%     -    2s
     0     0  539.70790    0 1275  572.00000  539.70790  5.65%     -    2s
     0     0  540.15788    0 1273  572.00000  540.15788  5.57%     -    2s
     0     0  540.25126    0 1274  572.00000  540.25126  5.55%     -    2s
     0     0  540.25761    0 1274  572.00000  540.25761  5.55%     -    2s
     0     0  540.94524    0 1275  572.00000  540.94524  5.43%     -    2s
     0     0  541.07425    0 1276  572.00000  541.07425  5.41%     -    2s
     0     0  541.11272    0 1276  572.00000  541.11272  5.40%     -    2s
     0     0  541.12461    0 1276  572.00000  541.12461  5.40%     -    2s
     0     0  542.00313    0 1276  572.00000  542.00313  5.24%     -    2s
     0     0  542.07485    0 1276  572.00000  542.07485  5.23%     -    2s
     0     0  542.08958    0 1276  572.00000  542.08958  5.23%     -    3s
     0     0  542.82919    0 1276  572.00000  542.82919  5.10%     -    3s
     0     0  543.09526    0 1276  572.00000  543.09526  5.05%     -    3s
     0     0  543.14030    0 1276  572.00000  543.14030  5.05%     -    3s
     0     0  543.15014    0 1276  572.00000  543.15014  5.04%     -    3s
     0     0  543.57261    0 1276  572.00000  543.57261  4.97%     -    3s
     0     0  543.68221    0 1276  572.00000  543.68221  4.95%     -    3s
     0     0  543.69862    0 1276  572.00000  543.69862  4.95%     -    3s
     0     0  544.27586    0 1276  572.00000  544.27586  4.85%     -    3s
     0     0  544.36146    0 1276  572.00000  544.36146  4.83%     -    3s
     0     0  544.38397    0 1276  572.00000  544.38397  4.83%     -    3s
     0     0  544.87949    0 1275  572.00000  544.87949  4.74%     -    4s
     0     0  544.95297    0 1276  572.00000  544.95297  4.73%     -    4s
     0     0  544.97837    0 1276  572.00000  544.97837  4.72%     -    4s
     0     0  545.42359    0 1276  572.00000  545.42359  4.65%     -    4s
     0     0  545.55020    0 1276  572.00000  545.55020  4.62%     -    4s
     0     0  545.57804    0 1276  572.00000  545.57804  4.62%     -    4s
     0     0  546.07620    0 1276  572.00000  546.07620  4.53%     -    4s
     0     0  546.14541    0 1276  572.00000  546.14541  4.52%     -    4s
     0     0  546.16479    0 1276  572.00000  546.16479  4.52%     -    4s
     0     0  546.61269    0 1275  572.00000  546.61269  4.44%     -    5s
     0     0  546.72747    0 1276  572.00000  546.72747  4.42%     -    5s
     0     0  546.76209    0 1276  572.00000  546.76209  4.41%     -    5s
     0     0  546.76665    0 1276  572.00000  546.76665  4.41%     -    5s
     0     0  547.10284    0 1276  572.00000  547.10284  4.35%     -    5s
     0     0  547.15125    0 1276  572.00000  547.15125  4.34%     -    5s
     0     0  547.15880    0 1276  572.00000  547.15880  4.34%     -    5s
     0     0  547.57500    0 1276  572.00000  547.57500  4.27%     -    6s
     0     0  547.67586    0 1276  572.00000  547.67586  4.25%     -    6s
     0     0  547.70938    0 1276  572.00000  547.70938  4.25%     -    6s
     0     0  548.33749    0 1276  572.00000  548.33749  4.14%     -    6s
     0     0  548.42794    0 1276  572.00000  548.42794  4.12%     -    6s
     0     0  548.45808    0 1276  572.00000  548.45808  4.12%     -    6s
     0     0  548.85964    0 1276  572.00000  548.85964  4.05%     -    7s
     0     0  548.92575    0 1276  572.00000  548.92575  4.03%     -    7s
     0     0  548.93883    0 1276  572.00000  548.93883  4.03%     -    7s
     0     0  549.26332    0 1276  572.00000  549.26332  3.97%     -    7s
     0     0  549.26332    0 1276  572.00000  549.26332  3.97%     -    7s
     0     2  549.26332    0 1276  572.00000  549.26332  3.97%     -    9s
    15    32  556.23554    4 1251  572.00000  552.63516  3.39%   846   10s
   387   401  568.80148   14 1137  572.00000  554.69273  3.03%   827   15s
  1233   808  569.54630   18 1073  572.00000  555.08505  2.96%   703   27s
  1811  1007  566.70173   14 1173  572.00000  555.28235  2.92%   668   30s
  2902  1477  569.12332   17 1070  572.00000  556.22490  2.76%   644   35s
  3222  1564  560.48972    9 1185  572.00000  557.54483  2.53%   641   41s
  3838  1884  560.09276    9 1195  572.00000  557.65074  2.51%   635   45s
  4742  2262  564.77387   13 1171  572.00000  558.71047  2.32%   626   50s
  5351  2551  565.38813   18 1276  572.00000  558.92804  2.29%   639   79s
  5354  2553  566.85983   17 1273  572.00000  558.92804  2.29%   639   80s
  5364  2560  569.00884   15 1276  572.00000  558.92804  2.29%   638   85s
  5372  2565  569.43094   15 1276  572.00000  558.92804  2.29%   637   90s
  5377  2568  563.52491   11 1276  572.00000  558.92804  2.29%   636   95s
  5382  2572  561.75131   13 1276  572.00000  558.92804  2.29%   636  101s
  5385  2574  560.58596   10 1276  572.00000  559.13805  2.25%   635  105s
  5389  2576  562.39893    9 1276  572.00000  559.99038  2.10%   635  112s
  5392  2578  563.09706   13 1276  572.00000  560.30286  2.04%   634  117s
  5394  2580  560.90259   10 1276  572.00000  560.58167  2.00%   634  121s
  5396  2581  567.41096   14 1276  572.00000  560.58167  2.00%   634  125s
  5411  2608  565.71962   13 1251  572.00000  563.12857  1.55%   649  130s
  5517  2693  567.84314   16 1229  572.00000  564.32252  1.34%   678  135s
  5547  2713  568.38190   16 1229  572.00000  564.32252  1.34%   684  140s
  5754  2721  569.53924   19 1203  572.00000  564.32252  1.34%   697  145s
  6054  2655     cutoff   22       572.00000  564.55249  1.30%   705  151s
  6324  2617  569.53634   18 1213  572.00000  564.55249  1.30%   720  155s
  6765  2544  570.63525   19 1203  572.00000  564.55249  1.30%   731  162s
  6950  2509     cutoff   20       572.00000  565.65247  1.11%   738  165s
  7066  2488  566.38820   16 1218  572.00000  565.65247  1.11%   739  171s
  7371  2434  570.14688   21 1193  572.00000  565.98706  1.05%   746  175s
  7478  2399  567.57996   18 1187  572.00000  565.98706  1.05%   751  212s
  7654  2345  569.44378   22 1078  572.00000  566.38864  0.98%   756  216s
  8006  2248  570.52240   19 1185  572.00000  566.38864  0.98%   759  220s
  8490  2061  568.58244   18 1208  572.00000  567.33799  0.82%   771  226s
  8823  1937  569.21888   18 1204  572.00000  567.81228  0.73%   781  231s
  9238  1773  569.95495   19 1199  572.00000  568.12605  0.68%   786  235s
  9965  1480     cutoff   22       572.00000  568.51642  0.61%   787  242s
 10434  1233  570.59133   21 1192  572.00000  568.92263  0.54%   794  247s
 10760  1009     cutoff   19       572.00000  569.12878  0.50%   792  250s

Cutting planes:
  Gomory: 67
  Zero half: 862

Explored 11662 nodes (8942166 simplex iterations) in 252.66 seconds (416.16 work units)
Thread count was 30 (of 128 available processors)

Solution count 1: 572 

Optimal solution found (tolerance 1.00e-04)
Best objective 5.720000000000e+02, best bound 5.720000000000e+02, gap 0.0000%
