
Gurobi 10.0.3 (linux64) logging started Sun Aug 25 08:16:39 2024

Set parameter LogFile to value "local/logs/w2-k1-s2.log"

Gurobi 10.0.3 (linux64) logging started Sun Aug 25 08:19:45 2024

Set parameter LogFile to value "local/logs/w2-k1-s2.log"
Set parameter PoolSearchMode to value 2
Set parameter PoolSolutions to value 1
Set parameter PoolGap to value 0
Set parameter TimeLimit to value 1800
Set parameter Threads to value 30
Set parameter Threads to value 30
Gurobi Optimizer version 10.0.3 build v10.0.3rc0 (linux64)

CPU model: AMD EPYC 7742 64-Core Processor, instruction set [SSE2|AVX|AVX2]
Thread count: 64 physical cores, 128 logical processors, using up to 30 threads

Academic license 2533279 - for non-commercial use only - registered to bl___@rice.edu
Optimize a model with 36 rows, 24 columns and 72 nonzeros
Model fingerprint: 0x61911e56
Variable types: 0 continuous, 24 integer (24 binary)
Coefficient statistics:
  Matrix range     [1e+00, 1e+00]
  Objective range  [1e+00, 1e+00]
  Bounds range     [1e+00, 1e+00]
  RHS range        [1e+00, 1e+00]

User MIP start produced solution with objective 12 (0.02s)
Loaded user MIP start with objective 12

Presolve removed 12 rows and 8 columns
Presolve time: 0.00s
Presolved: 24 rows, 16 columns, 48 nonzeros
Variable types: 0 continuous, 16 integer (16 binary)

Root relaxation: objective 1.000000e+01, 20 iterations, 0.00 seconds (0.00 work units)

    Nodes    |    Current Node    |     Objective Bounds      |     Work
 Expl Unexpl |  Obj  Depth IntInf | Incumbent    BestBd   Gap | It/Node Time

     0     0   10.00000    0   16   12.00000   10.00000  16.7%     -    0s

Cutting planes:
  Gomory: 1
  Zero half: 3

Explored 1 nodes (21 simplex iterations) in 0.03 seconds (0.00 work units)
Thread count was 30 (of 128 available processors)

Solution count 1: 12 

Optimal solution found (tolerance 1.00e-04)
Best objective 1.200000000000e+01, best bound 1.200000000000e+01, gap 0.0000%
