
Gurobi 10.0.3 (linux64) logging started Sun Aug 25 08:50:01 2024

Set parameter LogFile to value "local/logs/w2-k4-s3.log"

Gurobi 10.0.3 (linux64) logging started Sun Aug 25 08:50:01 2024

Set parameter LogFile to value "local/logs/w2-k4-s3.log"
Gurobi Optimizer version 10.0.3 build v10.0.3rc0 (linux64)

CPU model: AMD EPYC 7742 64-Core Processor, instruction set [SSE2|AVX|AVX2]
Thread count: 64 physical cores, 128 logical processors, using up to 30 threads

Academic license 2533279 - for non-commercial use only - registered to bl___@rice.edu
Optimize a model with 4617 rows, 2673 columns and 9234 nonzeros
Model fingerprint: 0xaf58d166
Variable types: 0 continuous, 2673 integer (2673 binary)
Coefficient statistics:
  Matrix range     [1e+00, 1e+00]
  Objective range  [1e+00, 1e+00]
  Bounds range     [1e+00, 1e+00]
  RHS range        [1e+00, 1e+00]

User MIP start produced solution with objective 1263 (0.02s)
Loaded user MIP start with objective 1263

Presolve removed 261 rows and 252 columns
Presolve time: 0.01s
Presolved: 4356 rows, 2421 columns, 8712 nonzeros
Variable types: 0 continuous, 2421 integer (2421 binary)

Root relaxation: objective 1.098000e+03, 2697 iterations, 0.03 seconds (0.03 work units)

    Nodes    |    Current Node    |     Objective Bounds      |     Work
 Expl Unexpl |  Obj  Depth IntInf | Incumbent    BestBd   Gap | It/Node Time

     0     0 1098.00000    0 2421 1263.00000 1098.00000  13.1%     -    0s
     0     0 1116.00000    0 2407 1263.00000 1116.00000  11.6%     -    0s
     0     0 1116.00000    0 2396 1263.00000 1116.00000  11.6%     -    0s
     0     0 1116.00000    0 2398 1263.00000 1116.00000  11.6%     -    0s
     0     0 1120.50000    0 2397 1263.00000 1120.50000  11.3%     -    0s
     0     0 1120.50000    0 2396 1263.00000 1120.50000  11.3%     -    0s
     0     2 1120.50000    0 2396 1263.00000 1120.50000  11.3%     -    0s
  1606  1381 1172.87500   13 2250 1263.00000 1142.10662  9.57%   111    5s
  2802  2241 1221.00000   25 2396 1263.00000 1142.50000  9.54%   103   10s
  2810  2246 1181.15625   15 2389 1263.00000 1146.89255  9.19%   103   15s
  2822  2254 1178.12500   17 2396 1263.00000 1169.05894  7.44%   103   21s
  2830  2260 1194.40625   21 2392 1263.00000 1175.83193  6.90%   102   25s
  2836  2264 1208.62500   22 2409 1263.00000 1180.43155  6.54%   102   31s
  2841  2267 1221.20833   28 2408 1263.00000 1182.88228  6.34%   102   35s
  2845  2270 1186.27864    7 2405 1263.00000 1186.27864  6.07%   102   41s
  2849  2272 1188.11400   14 2411 1263.00000 1188.11400  5.93%   102   45s
  2857  2287 1198.84873   14 2383 1263.00000 1195.45803  5.35%   131   51s
  2911  2345 1208.47658   17 2353 1263.00000 1202.12367  4.82%   181   55s
  3001  2405 1211.99835   18 2337 1263.00000 1202.12367  4.82%   250   61s
  3061  2445 1214.92486   19 2332 1263.00000 1202.12367  4.82%   288  101s
  3091  2465 1218.23380   20 2322 1263.00000 1202.12367  4.82%   304  141s
  3160  2535 1220.59529   21 2308 1263.00000 1202.12367  4.82%   337  145s
  3382  2673 1230.20176   24 2278 1263.00000 1202.12367  4.82%   423  151s
  3560  2642 1237.78746   26 2253 1263.00000 1202.12367  4.82%   456  155s
  3784  2706 1240.81021   27 2247 1263.00000 1202.12367  4.82%   512  161s
  4006  2795 1248.86569   30 2214 1263.00000 1202.12367  4.82%   567  170s
  4188  2825 1259.41105   33 2177 1263.00000 1202.12367  4.82%   603  175s
  4550  2816     cutoff   37      1263.00000 1202.12367  4.82%   649  182s
  4772  2890 1257.02425   33 2070 1263.00000 1202.12367  4.82%   685  186s
  5026  2938     cutoff   35      1263.00000 1204.68849  4.62%   712  191s
  5337  2974 1222.48981   21 2303 1263.00000 1204.68849  4.62%   739  197s
  5466  3023 1231.38899   24 2268 1263.00000 1204.68849  4.62%   756  200s
  5734  3125 1258.18881   33 2168 1263.00000 1204.68849  4.62%   790  206s
  6046  3228 1211.90498   18 2338 1263.00000 1204.89475  4.60%   821  212s
  6228  3267 1226.65629   22 2289 1263.00000 1204.89475  4.60%   837  216s
  6611  3386 1254.64605   31 2181 1263.00000 1204.89475  4.60%   864  223s
  6798  3462     cutoff   34      1263.00000 1208.19372  4.34%   878  227s
  7000  3545 1219.73219   20 2314 1263.00000 1208.19372  4.34%   893  231s
  7220  3539 1235.36529   25 2260 1263.00000 1208.19372  4.34%   906  235s
  7753  3584 1261.42625   34 2143 1263.00000 1208.54194  4.31%   923  244s
  8006  3591 1222.53737   21 2305 1263.00000 1208.54194  4.31%   934  255s
  8519  3711     cutoff   33      1263.00000 1211.10698  4.11%   954  264s
  8866  3737 1228.27568   23 2264 1263.00000 1211.61690  4.07%   960  268s
  9113  3830 1247.68923   29 2174 1263.00000 1211.61690  4.07%   974  273s
  9395  3862     cutoff   34      1263.00000 1211.81421  4.05%   989  278s
  9702  3970 1222.77842   21 2307 1263.00000 1212.01789  4.04%  1000  283s
  9987  4209 1226.24647   22 2297 1263.00000 1212.01789  4.04%  1014  288s
 10240  4449 1230.30533   23 2285 1263.00000 1212.01789  4.04%  1029  293s
 10571  4707 1236.73801   25 2251 1263.00000 1212.01789  4.04%  1042  299s
 10903  4979 1240.40366   26 2237 1263.00000 1212.01789  4.04%  1055  304s
 11287  5218 1249.76536   30 2177 1263.00000 1212.01789  4.04%  1065  310s
 11705  5432 1254.55429   31 2169 1263.00000 1212.07591  4.03%  1073  317s
 12131  5735 1219.15003   20 2307 1263.00000 1212.50495  4.00%  1081  323s
 12491  5955 1253.63113   31 2186 1263.00000 1213.11691  3.95%  1096  330s
 12887  5985 1223.74173   21 2306 1263.00000 1214.16925  3.87%  1104  373s
 12917  6254 1227.15150   22 2295 1263.00000 1214.16925  3.87%  1106  381s
 13449  6552     cutoff   34      1263.00000 1214.55628  3.84%  1111  389s
 13920  6833 1254.22932   31 2182 1263.00000 1214.84589  3.81%  1121  397s
 14396  7073 1225.90164   22 2300 1263.00000 1214.84589  3.81%  1125  405s
 14937  7314 1261.01020   33 2178 1263.00000 1214.84589  3.81%  1131  415s
 15556  7450     cutoff   33      1263.00000 1214.84589  3.81%  1134  424s
 16262  7657 1260.12298   33 2189 1263.00000 1214.84589  3.81%  1132  433s
 16942  7858 1261.30938   33 2186 1263.00000 1215.83955  3.73%  1134  443s
 17458  8133 1226.06743   22 2286 1263.00000 1215.86739  3.73%  1137  452s
 18117  8440     cutoff   33      1263.00000 1216.13740  3.71%  1142  462s
 18822  8715 1260.77593   33 2165 1263.00000 1217.00064  3.64%  1146  473s
 19520  9004     cutoff   34      1263.00000 1217.47087  3.60%  1151  484s
 20246  9343 1259.55304   34 2037 1263.00000 1217.95871  3.57%  1157  496s
 21014  9697     cutoff   33      1263.00000 1218.06428  3.56%  1162  510s
 21828 10037 1252.93270   30 2199 1263.00000 1218.41790  3.53%  1166  522s
 22697 10413 1261.82204   34 2162 1263.00000 1218.64063  3.51%  1168  535s
 23594 10776 1229.78768   23 2275 1263.00000 1218.89112  3.49%  1171  548s
 24463 11118 1238.05619   26 2232 1263.00000 1219.21628  3.47%  1175  562s
 25380 11488 1259.57574   33 2169 1263.00000 1219.39026  3.45%  1180  576s
 26353 11914 1226.70847   22 2297 1263.00000 1219.56288  3.44%  1182  592s
 27081 12393 1245.59931   28 2219 1263.00000 1219.57354  3.44%  1188  607s
 28241 12887 1242.11380   27 2243 1263.00000 1219.77856  3.42%  1188  626s
 29621 13333 1253.14112   31 2142 1263.00000 1220.13312  3.39%  1190  641s
 30677 13788 1231.46507   23 2289 1263.00000 1220.48367  3.37%  1193  657s
 31775 14503 1261.91548   36 2057 1263.00000 1220.92828  3.33%  1197  674s
 32877 15378 1242.54574   27 2237 1263.00000 1221.27438  3.30%  1202  692s
 33948 15922     cutoff   34      1263.00000 1221.28704  3.30%  1208  711s
 35282 16506     cutoff   34      1263.00000 1221.55348  3.28%  1210  730s
 36611 17654 1236.16936   25 2263 1263.00000 1221.77782  3.26%  1213  751s
 37914 18339 1258.66976   33 2173 1263.00000 1221.78074  3.26%  1221  772s
 39421 19088 1241.47312   26 2254 1263.00000 1222.11406  3.24%  1222  795s
 40995 19670 1237.00915   25 2234 1263.00000 1222.27584  3.22%  1224  817s
 42625 20283     cutoff   34      1263.00000 1222.56543  3.20%  1225  840s
 44239 20927 1247.30693   28 2233 1263.00000 1222.76931  3.19%  1227  866s
 45985 21586     cutoff   35      1263.00000 1222.98821  3.17%  1227  892s
 47751 22110 1248.46874   29 2187 1263.00000 1223.20509  3.15%  1228  919s
 49909 22676 1260.88627   34 2143 1263.00000 1223.39851  3.14%  1223  946s
 52270 23257     cutoff   34      1263.00000 1223.46283  3.13%  1215  971s
 54305 23589 1259.49672   33 2169 1263.00000 1223.62084  3.12%  1214  998s

Cutting planes:
  Gomory: 85
  Zero half: 1647

Explored 56825 nodes (68473183 simplex iterations) in 1800.01 seconds (2523.79 work units)
Thread count was 30 (of 128 available processors)

Solution count 1: 1263 

Time limit reached
Best objective 1.263000000000e+03, best bound 1.224000000000e+03, gap 3.0879%
