
Gurobi 10.0.3 (linux64) logging started Sun Aug 25 09:24:05 2024

Set parameter LogFile to value "local/logs/w2-k6-s2.log"

Gurobi 10.0.3 (linux64) logging started Sun Aug 25 09:24:05 2024

Set parameter LogFile to value "local/logs/w2-k6-s2.log"
Gurobi Optimizer version 10.0.3 build v10.0.3rc0 (linux64)

CPU model: AMD EPYC 7742 64-Core Processor, instruction set [SSE2|AVX|AVX2]
Thread count: 64 physical cores, 128 logical processors, using up to 30 threads

Academic license 2533279 - for non-commercial use only - registered to bl___@rice.edu
Optimize a model with 1152 rows, 768 columns and 2304 nonzeros
Model fingerprint: 0xe425af44
Variable types: 0 continuous, 768 integer (768 binary)
Coefficient statistics:
  Matrix range     [1e+00, 1e+00]
  Objective range  [1e+00, 1e+00]
  Bounds range     [1e+00, 1e+00]
  RHS range        [1e+00, 1e+00]

User MIP start produced solution with objective 286 (0.02s)
Loaded user MIP start with objective 286

Presolve removed 136 rows and 132 columns
Presolve time: 0.00s
Presolved: 1016 rows, 636 columns, 2032 nonzeros
Variable types: 0 continuous, 636 integer (636 binary)

Root relaxation: objective 2.580000e+02, 705 iterations, 0.00 seconds (0.00 work units)

    Nodes    |    Current Node    |     Objective Bounds      |     Work
 Expl Unexpl |  Obj  Depth IntInf | Incumbent    BestBd   Gap | It/Node Time

     0     0  258.00000    0  636  286.00000  258.00000  9.79%     -    0s
     0     0  268.00000    0  630  286.00000  268.00000  6.29%     -    0s
     0     0  268.00000    0  623  286.00000  268.00000  6.29%     -    0s
     0     0  268.00000    0  623  286.00000  268.00000  6.29%     -    0s
     0     0  268.00000    0  631  286.00000  268.00000  6.29%     -    0s
     0     0  268.00000    0  629  286.00000  268.00000  6.29%     -    0s
     0     2  268.00000    0  628  286.00000  268.00000  6.29%     -    0s

Cutting planes:
  Gomory: 5
  Zero half: 85

Explored 6240 nodes (291796 simplex iterations) in 1.35 seconds (1.10 work units)
Thread count was 30 (of 128 available processors)

Solution count 1: 286 

Optimal solution found (tolerance 1.00e-04)
Best objective 2.860000000000e+02, best bound 2.860000000000e+02, gap 0.0000%
