
Gurobi 10.0.3 (linux64) logging started Tue Sep  3 20:35:44 2024

Set parameter LogFile to value "local/logs/w2-k3-s4.log"

Gurobi 10.0.3 (linux64) logging started Tue Sep  3 20:35:44 2024

Set parameter LogFile to value "local/logs/w2-k3-s4.log"
Warning: variable name "x_(0000, 0)" has a space
Warning: default variable names used to write mps file
Gurobi Optimizer version 10.0.3 build v10.0.3rc0 (linux64)

CPU model: AMD EPYC 7742 64-Core Processor, instruction set [SSE2|AVX|AVX2]
Thread count: 64 physical cores, 128 logical processors, using up to 128 threads

Academic license 2533279 - for non-commercial use only - registered to bl___@rice.edu
Optimize a model with 2304 rows, 1536 columns and 4608 nonzeros
Model fingerprint: 0x7353e53a
Variable types: 0 continuous, 1536 integer (1536 binary)
Coefficient statistics:
  Matrix range     [1e+00, 1e+00]
  Objective range  [1e+00, 1e+00]
  Bounds range     [1e+00, 1e+00]
  RHS range        [1e+00, 1e+00]

Concurrent MIP optimizer: 64 concurrent instances (2 threads per instance)


User MIP start produced solution with objective 616 (0.07s)
Loaded user MIP start with objective 616

Presolve removed 264 rows and 260 columns
Presolve time: 0.01s
Presolved: 2040 rows, 1276 columns, 4080 nonzeros
Variable types: 0 continuous, 1276 integer (1276 binary)
Root relaxation presolved: 2040 rows, 1276 columns, 4080 nonzeros


Use crossover to convert LP symmetric solution to basic solution...

Root relaxation: objective 5.140000e+02, 392 iterations, 0.02 seconds (0.01 work units)

    Nodes    |    Current Node    |     Objective Bounds      |     Work
 Expl Unexpl |  Obj  Depth IntInf | Incumbent    BestBd   Gap | It/Node Time

     0     0      -    -    -      616.00000  514.00000  16.6%     -    0s
     0     0      -    -    -      616.00000  525.50000  14.7%     -    0s
     0     0      -    -    -      616.00000  525.50000  14.7%     -    0s
     0     0      -    -    -      616.00000  533.25000  13.4%     -    0s
     0     0      -    -    -      616.00000  533.50000  13.4%     -    0s
     0     0      -    -    -      616.00000  538.43750  12.6%     -    0s
     0     0      -    -    -      616.00000  538.81250  12.5%     -    0s
     0     0      -    -    -      616.00000  538.83333  12.5%     -    0s
     0     0      -    -    -      616.00000  541.66667  12.1%     -    0s
     0     0      -    -    -      616.00000  541.75000  12.1%     -    0s
     0     0      -    -    -      616.00000  541.97520  12.0%     -    0s
     0     0      -    -    -      616.00000  541.98333  12.0%     -    0s
     0     0      -    -    -      616.00000  542.00000  12.0%     -    0s
     0     0      -    -    -      616.00000  542.00000  12.0%     -    0s
     0     0      -    -    -      616.00000  544.50000  11.6%     -    0s
