
Gurobi 10.0.3 (linux64) logging started Sun Aug 25 09:50:03 2024

Set parameter LogFile to value "local/logs/w2-k5-s4.log"

Gurobi 10.0.3 (linux64) logging started Sun Aug 25 09:50:03 2024

Set parameter LogFile to value "local/logs/w2-k5-s4.log"
Gurobi Optimizer version 10.0.3 build v10.0.3rc0 (linux64)

CPU model: AMD EPYC 7742 64-Core Processor, instruction set [SSE2|AVX|AVX2]
Thread count: 64 physical cores, 128 logical processors, using up to 30 threads

Academic license 2533279 - for non-commercial use only - registered to bl___@rice.edu
Optimize a model with 135168 rows, 73728 columns and 270336 nonzeros
Model fingerprint: 0xa08db391
Variable types: 0 continuous, 73728 integer (73728 binary)
Coefficient statistics:
  Matrix range     [1e+00, 1e+00]
  Objective range  [1e+00, 1e+00]
  Bounds range     [1e+00, 1e+00]
  RHS range        [1e+00, 1e+00]

User MIP start produced solution with objective 37456 (0.06s)
Loaded user MIP start with objective 37456

Presolve removed 4128 rows and 4112 columns
Presolve time: 0.60s
Presolved: 131040 rows, 69616 columns, 262080 nonzeros
Variable types: 0 continuous, 69616 integer (69616 binary)

Deterministic concurrent LP optimizer: primal and dual simplex (primal and dual model)
Showing first log only...

Root relaxation presolved: 131040 rows, 69616 columns, 262080 nonzeros


Use crossover to convert LP symmetric solution to basic solution...

Root crossover log...

   29881 DPushes remaining with DInf 0.0000000e+00                10s
   20838 DPushes remaining with DInf 0.0000000e+00                15s
   11202 DPushes remaining with DInf 0.0000000e+00                20s
       0 DPushes remaining with DInf 0.0000000e+00                25s

      52 PPushes remaining with PInf 0.0000000e+00                25s
       0 PPushes remaining with PInf 0.0000000e+00                25s

  Push phase complete: Pinf 0.0000000e+00, Dinf 4.4650000e+03     25s


Root simplex log...

Iteration    Objective       Primal Inf.    Dual Inf.      Time
   59958    3.2776000e+04   0.000000e+00   4.465000e+03     25s
   60360    3.2776000e+04   0.000000e+00   2.336500e+03     25s
   63327    3.2775999e+04   0.000000e+00   2.289500e+03     30s
   66216    3.2775998e+04   0.000000e+00   8.662000e+03     35s
   68006    3.2775997e+04   0.000000e+00   5.741500e+03     40s
   69667    3.2775994e+04   0.000000e+00   1.072100e+04     45s
   71298    3.2775993e+04   0.000000e+00   5.499000e+03     50s
Concurrent spin time: 0.22s

Solved with dual simplex (primal model)

Root relaxation: objective 3.277600e+04, 71358 iterations, 50.88 seconds (130.29 work units)

    Nodes    |    Current Node    |     Objective Bounds      |     Work
 Expl Unexpl |  Obj  Depth IntInf | Incumbent    BestBd   Gap | It/Node Time

     0     0 32776.0000    0 69616 37456.0000 32776.0000  12.5%     -   53s
     0     0 32790.2500    0 69592 37456.0000 32790.2500  12.5%     -   63s
     0     0 32790.2500    0 69592 37456.0000 32790.2500  12.5%     -   63s
     0     0 32817.1111    0 69555 37456.0000 32817.1111  12.4%     -   71s
     0     0 32817.1111    0 69556 37456.0000 32817.1111  12.4%     -   71s
     0     0 32836.6250    0 69542 37456.0000 32836.6250  12.3%     -   79s
     0     0 32837.0000    0 69538 37456.0000 32837.0000  12.3%     -   80s
     0     0 32837.2500    0 69528 37456.0000 32837.2500  12.3%     -   81s
     0     0 32855.1792    0 69532 37456.0000 32855.1792  12.3%     -   95s
     0     0 32856.9439    0 69533 37456.0000 32856.9439  12.3%     -   98s
     0     0 32857.1036    0 69534 37456.0000 32857.1036  12.3%     -   99s
     0     0 32857.1354    0 69529 37456.0000 32857.1354  12.3%     -  100s
     0     0 32857.1414    0 69530 37456.0000 32857.1414  12.3%     -  100s
     0     0 32872.1059    0 69517 37456.0000 32872.1059  12.2%     -  115s
     0     0 32873.7244    0 69517 37456.0000 32873.7244  12.2%     -  120s
     0     0 32874.0487    0 69541 37456.0000 32874.0487  12.2%     -  124s
     0     0 32874.1196    0 69544 37456.0000 32874.1196  12.2%     -  125s
     0     0 32874.1499    0 69544 37456.0000 32874.1499  12.2%     -  126s
     0     0 32874.1746    0 69542 37456.0000 32874.1746  12.2%     -  127s
     0     0 32874.1961    0 69540 37456.0000 32874.1961  12.2%     -  129s
     0     0 32874.1984    0 69541 37456.0000 32874.1984  12.2%     -  129s
     0     0 32888.6334    0 69512 37456.0000 32888.6334  12.2%     -  151s
     0     0 32890.7813    0 69536 37456.0000 32890.7813  12.2%     -  159s
     0     0 32891.0889    0 69528 37456.0000 32891.0889  12.2%     -  162s
     0     0 32891.1413    0 69539 37456.0000 32891.1413  12.2%     -  164s
     0     0 32891.1716    0 69540 37456.0000 32891.1716  12.2%     -  165s
     0     0 32891.1797    0 69537 37456.0000 32891.1797  12.2%     -  166s
     0     0 32905.6434    0 69519 37456.0000 32905.6434  12.1%     -  203s
     0     0 32907.6222    0 69533 37456.0000 32907.6222  12.1%     -  217s
     0     0 32907.9891    0 69543 37456.0000 32907.9891  12.1%     -  221s
     0     0 32908.1136    0 69547 37456.0000 32908.1136  12.1%     -  226s
     0     0 32908.1571    0 69549 37456.0000 32908.1571  12.1%     -  228s
     0     0 32908.1713    0 69551 37456.0000 32908.1713  12.1%     -  230s
     0     0 32920.6249    0 69529 37456.0000 32920.6249  12.1%     -  267s
     0     0 32922.2907    0 69542 37456.0000 32922.2907  12.1%     -  285s
     0     0 32922.7492    0 69546 37456.0000 32922.7492  12.1%     -  294s
     0     0 32922.9199    0 69552 37456.0000 32922.9199  12.1%     -  299s
     0     0 32922.9887    0 69560 37456.0000 32922.9887  12.1%     -  303s
     0     0 32923.0098    0 69562 37456.0000 32923.0098  12.1%     -  305s
     0     0 32936.5639    0 69526 37456.0000 32936.5639  12.1%     -  348s
     0     0 32938.7532    0 69539 37456.0000 32938.7532  12.1%     -  372s
     0     0 32939.1595    0 69548 37456.0000 32939.1595  12.1%     -  383s
     0     0 32939.2905    0 69559 37456.0000 32939.2905  12.1%     -  388s
     0     0 32939.3125    0 69560 37456.0000 32939.3125  12.1%     -  390s
     0     0 32951.5953    0 69531 37456.0000 32951.5953  12.0%     -  436s
     0     0 32953.7209    0 69543 37456.0000 32953.7209  12.0%     -  463s
     0     0 32954.3491    0 69547 37456.0000 32954.3491  12.0%     -  482s
     0     0 32954.7298    0 69557 37456.0000 32954.7298  12.0%     -  492s
     0     0 32954.8468    0 69558 37456.0000 32954.8468  12.0%     -  498s
     0     0 32954.8995    0 69562 37456.0000 32954.8995  12.0%     -  502s
     0     0 32954.9174    0 69562 37456.0000 32954.9174  12.0%     -  505s
     0     0 32967.6498    0 69542 37456.0000 32967.6498  12.0%     -  578s
     0     0 32969.4400    0 69540 37456.0000 32969.4400  12.0%     -  614s
     0     0 32969.9236    0 69557 37456.0000 32969.9236  12.0%     -  630s
     0     0 32970.1517    0 69557 37456.0000 32970.1517  12.0%     -  643s
     0     0 32970.2034    0 69566 37456.0000 32970.2034  12.0%     -  647s
     0     0 32970.2229    0 69566 37456.0000 32970.2229  12.0%     -  650s
     0     0 32981.6085    0 69548 37456.0000 32981.6085  11.9%     -  706s
     0     0 32983.3223    0 69553 37456.0000 32983.3223  11.9%     -  745s
     0     0 32983.7360    0 69560 37456.0000 32983.7360  11.9%     -  764s
     0     0 32983.8778    0 69564 37456.0000 32983.8778  11.9%     -  775s
     0     0 32983.9765    0 69564 37456.0000 32983.9765  11.9%     -  782s
     0     0 32984.0039    0 69564 37456.0000 32984.0039  11.9%     -  787s
     0     0 32995.2264    0 69547 37456.0000 32995.2264  11.9%     -  889s
     0     0 32996.7508    0 69548 37456.0000 32996.7508  11.9%     -  938s
     0     0 32997.1118    0 69556 37456.0000 32997.1118  11.9%     -  958s
     0     0 32997.2015    0 69569 37456.0000 32997.2015  11.9%     -  967s
     0     0 32997.2524    0 69567 37456.0000 32997.2524  11.9%     -  973s
     0     0 32997.2626    0 69564 37456.0000 32997.2626  11.9%     -  975s
     0     0 33006.8218    0 69550 37456.0000 33006.8218  11.9%     - 1068s
     0     0 33008.3791    0 69548 37456.0000 33008.3791  11.9%     - 1122s
     0     0 33008.7876    0 69549 37456.0000 33008.7876  11.9%     - 1147s
     0     0 33008.9281    0 69561 37456.0000 33008.9281  11.9%     - 1160s
     0     0 33008.9998    0 69567 37456.0000 33008.9998  11.9%     - 1170s
     0     0 33009.0256    0 69568 37456.0000 33009.0256  11.9%     - 1177s
     0     0 33017.7561    0 69559 37456.0000 33017.7561  11.8%     - 1279s
     0     0 33019.0120    0 69553 37456.0000 33019.0120  11.8%     - 1330s
     0     0 33019.5358    0 69561 37456.0000 33019.5358  11.8%     - 1362s
     0     0 33019.6736    0 69569 37456.0000 33019.6736  11.8%     - 1375s
     0     0 33019.7388    0 69573 37456.0000 33019.7388  11.8%     - 1383s
     0     0 33019.7720    0 69576 37456.0000 33019.7720  11.8%     - 1388s
     0     0 33032.1186    0 69545 37456.0000 33032.1186  11.8%     - 1509s
     0     0 33033.4445    0 69556 37456.0000 33033.4445  11.8%     - 1574s
     0     0 33033.7367    0 69564 37456.0000 33033.7367  11.8%     - 1602s
     0     0 33033.8108    0 69571 37456.0000 33033.8108  11.8%     - 1612s
     0     0 33033.8475    0 69573 37456.0000 33033.8475  11.8%     - 1618s
     0     0 33044.8652    0 69550 37456.0000 33044.8652  11.8%     - 1767s
     0     0          -    0      37456.0000 33044.8652  11.8%     - 1800s

Cutting planes:
  Gomory: 17
  Zero half: 2661

Explored 1 nodes (492384 simplex iterations) in 1800.00 seconds (3342.84 work units)
Thread count was 30 (of 128 available processors)

Solution count 1: 37456 

Time limit reached
Best objective 3.745600000000e+04, best bound 3.304500000000e+04, gap 11.7765%
