
Gurobi 10.0.3 (linux64) logging started Sun Aug 25 08:16:40 2024

Set parameter LogFile to value "local/logs/w2-k1-s3.log"

Gurobi 10.0.3 (linux64) logging started Sun Aug 25 08:19:45 2024

Set parameter LogFile to value "local/logs/w2-k1-s3.log"
Set parameter PoolSearchMode to value 2
Set parameter PoolSolutions to value 1
Set parameter PoolGap to value 0
Set parameter TimeLimit to value 1800
Set parameter Threads to value 30
Set parameter Threads to value 30
Gurobi Optimizer version 10.0.3 build v10.0.3rc0 (linux64)

CPU model: AMD EPYC 7742 64-Core Processor, instruction set [SSE2|AVX|AVX2]
Thread count: 64 physical cores, 128 logical processors, using up to 30 threads

Academic license 2533279 - for non-commercial use only - registered to bl___@rice.edu
Optimize a model with 171 rows, 99 columns and 342 nonzeros
Model fingerprint: 0xaa0b282d
Variable types: 0 continuous, 99 integer (99 binary)
Coefficient statistics:
  Matrix range     [1e+00, 1e+00]
  Objective range  [1e+00, 1e+00]
  Bounds range     [1e+00, 1e+00]
  RHS range        [1e+00, 1e+00]

User MIP start produced solution with objective 57 (0.01s)
Loaded user MIP start with objective 57

Presolve removed 27 rows and 18 columns
Presolve time: 0.00s
Presolved: 144 rows, 81 columns, 288 nonzeros
Variable types: 0 continuous, 81 integer (81 binary)

Root relaxation: objective 4.500000e+01, 90 iterations, 0.00 seconds (0.00 work units)

    Nodes    |    Current Node    |     Objective Bounds      |     Work
 Expl Unexpl |  Obj  Depth IntInf | Incumbent    BestBd   Gap | It/Node Time

     0     0   45.00000    0   81   57.00000   45.00000  21.1%     -    0s
     0     0   57.00000    0   79   57.00000   57.00000  0.00%     -    0s

Cutting planes:
  Gomory: 1
  Zero half: 14

Explored 1 nodes (106 simplex iterations) in 0.02 seconds (0.00 work units)
Thread count was 30 (of 128 available processors)

Solution count 1: 57 

Optimal solution found (tolerance 1.00e-04)
Best objective 5.700000000000e+01, best bound 5.700000000000e+01, gap 0.0000%
