
Gurobi 10.0.3 (linux64) logging started Tue Sep  3 20:09:03 2024

Set parameter LogFile to value "local/logs/w2-k3-s3.log"

Gurobi 10.0.3 (linux64) logging started Tue Sep  3 20:09:03 2024

Set parameter LogFile to value "local/logs/w2-k3-s3.log"
Warning: variable name "x_(0000, 0)" has a space
Warning: default variable names used to write mps file
Gurobi Optimizer version 10.0.3 build v10.0.3rc0 (linux64)

CPU model: AMD EPYC 7742 64-Core Processor, instruction set [SSE2|AVX|AVX2]
Thread count: 64 physical cores, 128 logical processors, using up to 128 threads

Academic license 2533279 - for non-commercial use only - registered to bl___@rice.edu
Optimize a model with 567 rows, 405 columns and 1134 nonzeros
Model fingerprint: 0x3d689e8f
Variable types: 0 continuous, 405 integer (405 binary)
Coefficient statistics:
  Matrix range     [1e+00, 1e+00]
  Objective range  [1e+00, 1e+00]
  Bounds range     [1e+00, 1e+00]
  RHS range        [1e+00, 1e+00]

Concurrent MIP optimizer: 64 concurrent instances (2 threads per instance)


User MIP start produced solution with objective 147 (0.03s)
Loaded user MIP start with objective 147

Presolve removed 87 rows and 84 columns
Presolve time: 0.00s
Presolved: 480 rows, 321 columns, 960 nonzeros
Variable types: 0 continuous, 321 integer (321 binary)
Root relaxation presolved: 480 rows, 321 columns, 960 nonzeros


Root relaxation: objective 1.230000e+02, 371 iterations, 0.00 seconds (0.00 work units)

    Nodes    |    Current Node    |     Objective Bounds      |     Work
 Expl Unexpl |  Obj  Depth IntInf | Incumbent    BestBd   Gap | It/Node Time

     0     0      -    -    -      147.00000  123.00000  16.3%     -    0s
     0     0      -    -    -      147.00000  128.00000  12.9%     -    0s
     0     0      -    -    -      147.00000  128.00000  12.9%     -    0s
     0     0      -    -    -      147.00000  131.00000  10.9%     -    0s
     0     0      -    -    -      147.00000  131.16667  10.8%     -    0s
     0     0      -    -    -      147.00000  131.16667  10.8%     -    0s
     0     0      -    -    -      147.00000  132.75000  9.69%     -    0s
     0     0      -    -    -      147.00000  133.22222  9.37%     -    0s
     0     0      -    -    -      147.00000  133.25000  9.35%     -    0s
     0     0      -    -    -      147.00000  134.25000  8.67%     -    0s
     0     0      -    -    -      147.00000  134.37500  8.59%     -    0s
     0     0      -    -    -      147.00000  134.45000  8.54%     -    0s
     0     0      -    -    -      147.00000  134.45000  8.54%     -    0s
     0     0      -    -    -      147.00000  136.00000  7.48%     -    0s
     0     2      -    -    -      147.00000  140.25000  4.59%     -    0s
   841   178      -    -    -      147.00000  144.00000  2.04%     -    5s

Cutting planes:
  Gomory: 2
  Zero half: 98

Instance 53 was solved

Explored 1642 nodes (72986 simplex iterations) in 6.67 seconds (5.19 work units)
Thread count was 2 (of 128 available processors)

Solution count 1: 147 

Optimal solution found (tolerance 1.00e-04)
Best objective 1.470000000000e+02, best bound 1.470000000000e+02, gap 0.0000%

Gurobi 10.0.3 (linux64) logging started Tue Sep  3 20:30:09 2024

Set parameter LogFile to value "local/logs/w2-k3-s3.log"

Gurobi 10.0.3 (linux64) logging started Tue Sep  3 20:30:09 2024

Set parameter LogFile to value "local/logs/w2-k3-s3.log"
Warning: variable name "x_(0000, 0)" has a space
Warning: default variable names used to write mps file
Gurobi Optimizer version 10.0.3 build v10.0.3rc0 (linux64)

CPU model: AMD EPYC 7742 64-Core Processor, instruction set [SSE2|AVX|AVX2]
Thread count: 64 physical cores, 128 logical processors, using up to 128 threads

Academic license 2533279 - for non-commercial use only - registered to bl___@rice.edu
Optimize a model with 567 rows, 405 columns and 1134 nonzeros
Model fingerprint: 0x3d689e8f
Variable types: 0 continuous, 405 integer (405 binary)
Coefficient statistics:
  Matrix range     [1e+00, 1e+00]
  Objective range  [1e+00, 1e+00]
  Bounds range     [1e+00, 1e+00]
  RHS range        [1e+00, 1e+00]

Concurrent MIP optimizer: 64 concurrent instances (2 threads per instance)


User MIP start produced solution with objective 147 (0.03s)
Loaded user MIP start with objective 147

Presolve removed 87 rows and 84 columns
Presolve time: 0.00s
Presolved: 480 rows, 321 columns, 960 nonzeros
Variable types: 0 continuous, 321 integer (321 binary)
Root relaxation presolved: 480 rows, 321 columns, 960 nonzeros


Root relaxation: objective 1.230000e+02, 371 iterations, 0.00 seconds (0.00 work units)

    Nodes    |    Current Node    |     Objective Bounds      |     Work
 Expl Unexpl |  Obj  Depth IntInf | Incumbent    BestBd   Gap | It/Node Time

     0     0      -    -    -      147.00000  123.00000  16.3%     -    0s
     0     0      -    -    -      147.00000  128.00000  12.9%     -    0s
     0     0      -    -    -      147.00000  128.00000  12.9%     -    0s
     0     0      -    -    -      147.00000  131.00000  10.9%     -    0s
     0     0      -    -    -      147.00000  131.16667  10.8%     -    0s
     0     0      -    -    -      147.00000  131.16667  10.8%     -    0s
     0     0      -    -    -      147.00000  132.75000  9.69%     -    0s
     0     0      -    -    -      147.00000  133.22222  9.37%     -    0s
     0     0      -    -    -      147.00000  133.25000  9.35%     -    0s
     0     0      -    -    -      147.00000  134.25000  8.67%     -    0s
     0     0      -    -    -      147.00000  134.37500  8.59%     -    0s
     0     0      -    -    -      147.00000  134.45000  8.54%     -    0s
     0     0      -    -    -      147.00000  134.45000  8.54%     -    0s
     0     0      -    -    -      147.00000  136.00000  7.48%     -    0s
     0     2      -    -    -      147.00000  140.25000  4.59%     -    0s
   841   178      -    -    -      147.00000  144.00000  2.04%     -    5s

Cutting planes:
  Gomory: 2
  Zero half: 98

Instance 53 was solved

Explored 1642 nodes (72986 simplex iterations) in 6.60 seconds (5.19 work units)
Thread count was 2 (of 128 available processors)

Solution count 1: 147 

Optimal solution found (tolerance 1.00e-04)
Best objective 1.470000000000e+02, best bound 1.470000000000e+02, gap 0.0000%
