
Gurobi 10.0.3 (linux64) logging started Sun Aug 25 10:50:15 2024

Set parameter LogFile to value "local/logs/w2-k7-s3.log"

Gurobi 10.0.3 (linux64) logging started Sun Aug 25 10:50:15 2024

Set parameter LogFile to value "local/logs/w2-k7-s3.log"
Gurobi Optimizer version 10.0.3 build v10.0.3rc0 (linux64)

CPU model: AMD EPYC 7742 64-Core Processor, instruction set [SSE2|AVX|AVX2]
Thread count: 64 physical cores, 128 logical processors, using up to 30 threads

Academic license 2533279 - for non-commercial use only - registered to bl___@rice.edu
Optimize a model with 124659 rows, 72171 columns and 249318 nonzeros
Model fingerprint: 0xf5343bc3
Variable types: 0 continuous, 72171 integer (72171 binary)
Coefficient statistics:
  Matrix range     [1e+00, 1e+00]
  Objective range  [1e+00, 1e+00]
  Bounds range     [1e+00, 1e+00]
  RHS range        [1e+00, 1e+00]

User MIP start produced solution with objective 32817 (0.05s)
Loaded user MIP start with objective 32817

Presolve removed 6579 rows and 6570 columns
Presolve time: 0.40s
Presolved: 118080 rows, 65601 columns, 236160 nonzeros
Variable types: 0 continuous, 65601 integer (65601 binary)

Deterministic concurrent LP optimizer: primal and dual simplex (primal and dual model)
Showing first log only...

Root relaxation presolved: 118080 rows, 65601 columns, 236160 nonzeros


Use crossover to convert LP symmetric solution to basic solution...

Root crossover log...

   17309 DPushes remaining with DInf 0.0000000e+00                10s
    3483 DPushes remaining with DInf 0.0000000e+00                15s
       0 DPushes remaining with DInf 0.0000000e+00                16s

      39 PPushes remaining with PInf 0.0000000e+00                16s
       0 PPushes remaining with PInf 0.0000000e+00                16s

  Push phase complete: Pinf 0.0000000e+00, Dinf 1.8770000e+03     16s

Concurrent spin time: 1.89s

Solved with dual simplex (primal model)

Root relaxation: objective 2.952900e+04, 52867 iterations, 17.47 seconds (38.65 work units)

    Nodes    |    Current Node    |     Objective Bounds      |     Work
 Expl Unexpl |  Obj  Depth IntInf | Incumbent    BestBd   Gap | It/Node Time

     0     0 29529.0000    0 65601 32817.0000 29529.0000  10.0%     -   19s
     0     0 29549.7500    0 65564 32817.0000 29549.7500  10.0%     -   23s
     0     0 29549.7500    0 65564 32817.0000 29549.7500  10.0%     -   23s
     0     0 29560.6875    0 65545 32817.0000 29560.6875  9.92%     -   28s
     0     0 29560.6875    0 65545 32817.0000 29560.6875  9.92%     -   28s
     0     0 29573.5000    0 65529 32817.0000 29573.5000  9.88%     -   35s
     0     0 29573.7917    0 65530 32817.0000 29573.7917  9.88%     -   36s
     0     0 29573.7917    0 65531 32817.0000 29573.7917  9.88%     -   36s
     0     0 29573.7917    0 65535 32817.0000 29573.7917  9.88%     -   37s
     0     0 29588.2679    0 65530 32817.0000 29588.2679  9.84%     -   47s
     0     0 29589.1172    0 65524 32817.0000 29589.1172  9.84%     -   50s
     0     0 29589.2612    0 65520 32817.0000 29589.2612  9.84%     -   51s
     0     0 29589.2692    0 65520 32817.0000 29589.2692  9.84%     -   51s
     0     0 29589.2692    0 65520 32817.0000 29589.2692  9.84%     -   52s
     0     0 29605.8096    0 65524 32817.0000 29605.8096  9.79%     -   73s
     0     0 29606.7124    0 65519 32817.0000 29606.7124  9.78%     -   78s
     0     0 29606.9708    0 65522 32817.0000 29606.9708  9.78%     -   80s
     0     0 29607.0323    0 65525 32817.0000 29607.0323  9.78%     -   82s
     0     0 29607.0520    0 65523 32817.0000 29607.0520  9.78%     -   83s
     0     0 29607.0537    0 65524 32817.0000 29607.0537  9.78%     -   83s
     0     0 29620.7800    0 65509 32817.0000 29620.7800  9.74%     -  107s
     0     0 29622.2810    0 65517 32817.0000 29622.2810  9.73%     -  115s
     0     0 29622.5235    0 65519 32817.0000 29622.5235  9.73%     -  118s
     0     0 29622.5325    0 65523 32817.0000 29622.5325  9.73%     -  119s
     0     0 29635.8881    0 65518 32817.0000 29635.8881  9.69%     -  146s
     0     0 29637.1082    0 65509 32817.0000 29637.1082  9.69%     -  157s
     0     0 29637.2851    0 65516 32817.0000 29637.2851  9.69%     -  160s
     0     0 29637.3496    0 65522 32817.0000 29637.3496  9.69%     -  163s
     0     0 29637.3703    0 65526 32817.0000 29637.3703  9.69%     -  164s
     0     0 29637.3808    0 65528 32817.0000 29637.3808  9.69%     -  166s
     0     0 29650.6330    0 65519 32817.0000 29650.6330  9.65%     -  209s
     0     0 29652.1051    0 65527 32817.0000 29652.1051  9.64%     -  224s
     0     0 29652.2681    0 65531 32817.0000 29652.2681  9.64%     -  229s
     0     0 29652.3233    0 65533 32817.0000 29652.3233  9.64%     -  233s
     0     0 29652.3479    0 65534 32817.0000 29652.3479  9.64%     -  235s
     0     0 29652.3564    0 65539 32817.0000 29652.3564  9.64%     -  237s
     0     0 29661.5075    0 65537 32817.0000 29661.5075  9.62%     -  275s
     0     0 29664.5053    0 65537 32817.0000 29664.5053  9.61%     -  303s
     0     0 29664.9771    0 65547 32817.0000 29664.9771  9.60%     -  316s
     0     0 29665.1224    0 65544 32817.0000 29665.1224  9.60%     -  322s
     0     0 29665.1376    0 65551 32817.0000 29665.1376  9.60%     -  324s
     0     0 29677.6387    0 65532 32817.0000 29677.6387  9.57%     -  383s
     0     0 29678.9439    0 65541 32817.0000 29678.9439  9.56%     -  410s
     0     0 29679.3188    0 65550 32817.0000 29679.3188  9.56%     -  423s
     0     0 29679.4133    0 65551 32817.0000 29679.4133  9.56%     -  431s
     0     0 29679.4373    0 65556 32817.0000 29679.4373  9.56%     -  436s
     0     0 29691.2397    0 65543 32817.0000 29691.2397  9.52%     -  506s
     0     0 29692.2145    0 65552 32817.0000 29692.2145  9.52%     -  530s
     0     0 29692.4849    0 65553 32817.0000 29692.4849  9.52%     -  543s
     0     0 29692.5775    0 65558 32817.0000 29692.5775  9.52%     -  553s
     0     0 29692.6097    0 65563 32817.0000 29692.6097  9.52%     -  558s
     0     0 29704.3912    0 65559 32817.0000 29704.3912  9.48%     -  642s
     0     0 29706.6160    0 65553 32817.0000 29706.6160  9.48%     -  688s
     0     0 29707.0296    0 65559 32817.0000 29707.0296  9.48%     -  710s
     0     0 29707.1584    0 65560 32817.0000 29707.1584  9.48%     -  723s
     0     0 29707.1895    0 65562 32817.0000 29707.1895  9.48%     -  727s
     0     0 29716.6747    0 65554 32817.0000 29716.6747  9.45%     -  818s
     0     0 29717.5434    0 65558 32817.0000 29717.5434  9.44%     -  857s
     0     0 29717.6753    0 65563 32817.0000 29717.6753  9.44%     -  869s
     0     0 29717.7397    0 65566 32817.0000 29717.7397  9.44%     -  877s
     0     0 29717.7494    0 65566 32817.0000 29717.7494  9.44%     -  880s
     0     0 29728.1821    0 65554 32817.0000 29728.1821  9.41%     -  996s
     0     0 29729.6343    0 65564 32817.0000 29729.6343  9.41%     - 1050s
     0     0 29730.1258    0 65563 32817.0000 29730.1258  9.41%     - 1081s
     0     0 29730.2722    0 65566 32817.0000 29730.2722  9.41%     - 1096s
     0     0 29730.3160    0 65570 32817.0000 29730.3160  9.41%     - 1102s
     0     0 29740.1207    0 65563 32817.0000 29740.1207  9.38%     - 1218s
     0     0 29741.7427    0 65562 32817.0000 29741.7427  9.37%     - 1282s
     0     0 29741.9798    0 65568 32817.0000 29741.9798  9.37%     - 1301s
     0     0 29742.0566    0 65565 32817.0000 29742.0566  9.37%     - 1314s
     0     0 29742.0908    0 65572 32817.0000 29742.0908  9.37%     - 1323s
     0     0 29750.8251    0 65559 32817.0000 29750.8251  9.34%     - 1431s
     0     0 29751.9488    0 65565 32817.0000 29751.9488  9.34%     - 1489s
     0     0 29752.1751    0 65572 32817.0000 29752.1751  9.34%     - 1511s
     0     0 29752.2250    0 65573 32817.0000 29752.2250  9.34%     - 1522s
     0     0 29760.7381    0 65569 32817.0000 29760.7381  9.31%     - 1652s
     0     0 29761.8985    0 65573 32817.0000 29761.8985  9.31%     - 1712s
     0     0 29762.1398    0 65578 32817.0000 29762.1398  9.31%     - 1731s
     0     0 29762.2314    0 65578 32817.0000 29762.2314  9.31%     - 1742s
     0     0 29762.2752    0 65578 32817.0000 29762.2752  9.31%     - 1751s
     0     0          -    0      32817.0000 29762.2752  9.31%     - 1800s

Cutting planes:
  Gomory: 26
  Zero half: 2466
  Mod-K: 1

Explored 1 nodes (562259 simplex iterations) in 1800.01 seconds (3478.69 work units)
Thread count was 30 (of 128 available processors)

Solution count 1: 32817 

Time limit reached
Best objective 3.281700000000e+04, best bound 2.976300000000e+04, gap 9.3062%
