
Gurobi 10.0.3 (linux64) logging started Sun Sep  1 14:27:17 2024

Set parameter LogFile to value "local/logs/w2-k2-s2.log"

Gurobi 10.0.3 (linux64) logging started Sun Sep  1 14:27:17 2024

Set parameter LogFile to value "local/logs/w2-k2-s2.log"
Warning: variable name "x_(000, 0)" has a space
Warning: default variable names used to write mps file
Gurobi Optimizer version 10.0.3 build v10.0.3rc0 (linux64)

CPU model: AMD EPYC 7742 64-Core Processor, instruction set [SSE2|AVX|AVX2]
Thread count: 64 physical cores, 128 logical processors, using up to 128 threads

Academic license 2533279 - for non-commercial use only - registered to bl___@rice.edu
Optimize a model with 40 rows, 32 columns and 80 nonzeros
Model fingerprint: 0x0c09e69e
Variable types: 0 continuous, 32 integer (32 binary)
Coefficient statistics:
  Matrix range     [1e+00, 1e+00]
  Objective range  [1e+00, 1e+00]
  Bounds range     [1e+00, 1e+00]
  RHS range        [1e+00, 1e+00]

User MIP start produced solution with objective 10 (0.03s)
Loaded user MIP start with objective 10

Presolve removed 12 rows and 10 columns
Presolve time: 0.00s
Presolved: 28 rows, 22 columns, 56 nonzeros
Variable types: 0 continuous, 22 integer (22 binary)
Root relaxation presolved: 28 rows, 22 columns, 56 nonzeros


Root relaxation: objective 9.000000e+00, 24 iterations, 0.00 seconds (0.00 work units)

    Nodes    |    Current Node    |     Objective Bounds      |     Work
 Expl Unexpl |  Obj  Depth IntInf | Incumbent    BestBd   Gap | It/Node Time

     0     0 infeasible    0        10.00000   10.00000  0.00%     -    0s

Explored 1 nodes (26 simplex iterations) in 0.04 seconds (0.00 work units)
Thread count was 128 (of 128 available processors)

Solution count 1: 10 

Optimal solution found (tolerance 1.00e-04)
Best objective 1.000000000000e+01, best bound 1.000000000000e+01, gap 0.0000%
