
Gurobi 10.0.3 (linux64) logging started Sun Aug 25 08:21:45 2024

Set parameter LogFile to value "local/logs/w2-k5-s2.log"

Gurobi 10.0.3 (linux64) logging started Sun Aug 25 08:21:45 2024

Set parameter LogFile to value "local/logs/w2-k5-s2.log"
Gurobi Optimizer version 10.0.3 build v10.0.3rc0 (linux64)

CPU model: AMD EPYC 7742 64-Core Processor, instruction set [SSE2|AVX|AVX2]
Thread count: 64 physical cores, 128 logical processors, using up to 30 threads

Academic license 2533279 - for non-commercial use only - registered to bl___@rice.edu
Optimize a model with 576 rows, 384 columns and 1152 nonzeros
Model fingerprint: 0xe8377022
Variable types: 0 continuous, 384 integer (384 binary)
Coefficient statistics:
  Matrix range     [1e+00, 1e+00]
  Objective range  [1e+00, 1e+00]
  Bounds range     [1e+00, 1e+00]
  RHS range        [1e+00, 1e+00]

User MIP start produced solution with objective 148 (0.01s)
Loaded user MIP start with objective 148

Presolve removed 72 rows and 68 columns
Presolve time: 0.00s
Presolved: 504 rows, 316 columns, 1008 nonzeros
Variable types: 0 continuous, 316 integer (316 binary)

Root relaxation: objective 1.300000e+02, 365 iterations, 0.00 seconds (0.00 work units)

    Nodes    |    Current Node    |     Objective Bounds      |     Work
 Expl Unexpl |  Obj  Depth IntInf | Incumbent    BestBd   Gap | It/Node Time

     0     0  130.00000    0  316  148.00000  130.00000  12.2%     -    0s
     0     0  136.00000    0  313  148.00000  136.00000  8.11%     -    0s
     0     0  137.00000    0  313  148.00000  137.00000  7.43%     -    0s
     0     0  137.00000    0  311  148.00000  137.00000  7.43%     -    0s
     0     0  137.50000    0  312  148.00000  137.50000  7.09%     -    0s
     0     0  138.00000    0  308  148.00000  138.00000  6.76%     -    0s
     0     0  138.00000    0  308  148.00000  138.00000  6.76%     -    0s
     0     2  138.00000    0  308  148.00000  138.00000  6.76%     -    0s

Cutting planes:
  Gomory: 5
  Zero half: 64

Explored 650 nodes (21326 simplex iterations) in 0.23 seconds (0.17 work units)
Thread count was 30 (of 128 available processors)

Solution count 1: 148 

Optimal solution found (tolerance 1.00e-04)
Best objective 1.480000000000e+02, best bound 1.480000000000e+02, gap 0.0000%
