
Gurobi 10.0.3 (linux64) logging started Sun Aug 25 10:20:10 2024

Set parameter LogFile to value "local/logs/w3-k4-s3.log"

Gurobi 10.0.3 (linux64) logging started Sun Aug 25 10:20:10 2024

Set parameter LogFile to value "local/logs/w3-k4-s3.log"
Gurobi Optimizer version 10.0.3 build v10.0.3rc0 (linux64)

CPU model: AMD EPYC 7742 64-Core Processor, instruction set [SSE2|AVX|AVX2]
Thread count: 64 physical cores, 128 logical processors, using up to 30 threads

Academic license 2533279 - for non-commercial use only - registered to bl___@rice.edu
Optimize a model with 59778 rows, 21870 columns and 120285 nonzeros
Model fingerprint: 0xcedadfde
Variable types: 0 continuous, 21870 integer (21870 binary)
Coefficient statistics:
  Matrix range     [1e+00, 1e+00]
  Objective range  [1e+00, 1e+00]
  Bounds range     [1e+00, 1e+00]
  RHS range        [1e+00, 1e+00]

User MIP start produced solution with objective 8451 (0.03s)
Loaded user MIP start with objective 8451

Presolve removed 81 rows and 9 columns
Presolve time: 0.16s
Presolved: 59697 rows, 21861 columns, 120123 nonzeros
Variable types: 0 continuous, 21861 integer (21861 binary)

Deterministic concurrent LP optimizer: primal and dual simplex (primal and dual model)
Showing first log only...

Root relaxation presolved: 59697 rows, 21861 columns, 120123 nonzeros


Use crossover to convert LP symmetric solution to basic solution...
Concurrent spin time: 0.01s

Solved with dual simplex (primal model)

Root relaxation: objective 6.585000e+03, 4589 iterations, 0.50 seconds (1.24 work units)

    Nodes    |    Current Node    |     Objective Bounds      |     Work
 Expl Unexpl |  Obj  Depth IntInf | Incumbent    BestBd   Gap | It/Node Time

     0     0 6585.00000    0 21861 8451.00000 6585.00000  22.1%     -    1s
     0     0 6596.37399    0 21858 8451.00000 6596.37399  21.9%     -    4s
     0     0 6596.39269    0 21858 8451.00000 6596.39269  21.9%     -    4s
     0     0 6596.42856    0 21859 8451.00000 6596.42856  21.9%     -    4s
     0     0 6596.43789    0 21859 8451.00000 6596.43789  21.9%     -    4s
     0     0 6596.46811    0 21859 8451.00000 6596.46811  21.9%     -    4s
     0     0 6596.46991    0 21859 8451.00000 6596.46991  21.9%     -    4s
     0     0 6596.47299    0 21859 8451.00000 6596.47299  21.9%     -    5s
     0     0 6596.47388    0 21859 8451.00000 6596.47388  21.9%     -    5s
     0     0 6602.73243    0 21858 8451.00000 6602.73243  21.9%     -    8s
     0     0 6603.20978    0 21858 8451.00000 6603.20978  21.9%     -    9s
     0     0 6603.22705    0 21858 8451.00000 6603.22705  21.9%     -    9s
     0     0 6603.23332    0 21858 8451.00000 6603.23332  21.9%     -    9s
     0     0 6609.81062    0 21858 8451.00000 6609.81062  21.8%     -   14s
     0     0 6610.01116    0 21859 8451.00000 6610.01116  21.8%     -   15s
     0     0 6610.01684    0 21859 8451.00000 6610.01684  21.8%     -   15s
     0     0 6616.58822    0 21857 8451.00000 6616.58822  21.7%     -   21s
     0     0 6616.83155    0 21858 8451.00000 6616.83155  21.7%     -   22s
     0     0 6619.10857    0 21858 8451.00000 6619.10857  21.7%     -   24s
     0     0 6619.19011    0 21859 8451.00000 6619.19011  21.7%     -   24s
     0     0 6619.28112    0 21859 8451.00000 6619.28112  21.7%     -   24s
     0     0 6622.01706    0 21859 8451.00000 6622.01706  21.6%     -   27s
     0     0 6622.01706    0 21858 8451.00000 6622.01706  21.6%     -   27s
     0     0 6623.25940    0 21859 8451.00000 6623.25940  21.6%     -   29s
     0     0 6623.55434    0 21859 8451.00000 6623.55434  21.6%     -   30s
     0     0 6623.65390    0 21859 8451.00000 6623.65390  21.6%     -   30s
     0     0 6623.67160    0 21859 8451.00000 6623.67160  21.6%     -   30s
     0     0 6624.96375    0 21859 8451.00000 6624.96375  21.6%     -   33s
     0     0 6625.03240    0 21859 8451.00000 6625.03240  21.6%     -   33s
     0     0 6625.37018    0 21859 8451.00000 6625.37018  21.6%     -   34s
     0     0 6625.37018    0 21859 8451.00000 6625.37018  21.6%     -   34s
     0     0 6626.45138    0 21859 8451.00000 6626.45138  21.6%     -   36s
     0     0 6626.87668    0 21859 8451.00000 6626.87668  21.6%     -   37s
     0     0 6627.03060    0 21859 8451.00000 6627.03060  21.6%     -   37s
     0     0 6627.08567    0 21859 8451.00000 6627.08567  21.6%     -   38s
     0     0 6627.08738    0 21859 8451.00000 6627.08738  21.6%     -   38s
     0     0 6628.36261    0 21859 8451.00000 6628.36261  21.6%     -   40s
     0     0 6628.81822    0 21859 8451.00000 6628.81822  21.6%     -   41s
     0     0 6629.04848    0 21859 8451.00000 6629.04848  21.6%     -   42s
     0     0 6629.07735    0 21859 8451.00000 6629.07735  21.6%     -   43s
     0     0 6629.08213    0 21859 8451.00000 6629.08213  21.6%     -   43s
     0     0 6629.93343    0 21859 8451.00000 6629.93343  21.5%     -   46s
     0     0 6630.10448    0 21859 8451.00000 6630.10448  21.5%     -   47s
     0     0 6630.10679    0 21859 8451.00000 6630.10679  21.5%     -   47s
     0     0 6631.92331    0 21859 8451.00000 6631.92331  21.5%     -   51s
     0     0 6632.05812    0 21856 8451.00000 6632.05812  21.5%     -   51s
     0     0 6632.17478    0 21859 8451.00000 6632.17478  21.5%     -   52s
     0     0 6632.19515    0 21859 8451.00000 6632.19515  21.5%     -   52s
     0     0 6632.20123    0 21859 8451.00000 6632.20123  21.5%     -   52s
     0     0 6633.69854    0 21857 8451.00000 6633.69854  21.5%     -   55s
     0     0 6633.82305    0 21859 8451.00000 6633.82305  21.5%     -   56s
     0     0 6633.93682    0 21859 8451.00000 6633.93682  21.5%     -   57s
     0     0 6634.00731    0 21859 8451.00000 6634.00731  21.5%     -   58s
     0     0 6634.00854    0 21859 8451.00000 6634.00854  21.5%     -   58s
     0     0 6634.96518    0 21858 8451.00000 6634.96518  21.5%     -   60s
     0     0 6635.34518    0 21859 8451.00000 6635.34518  21.5%     -   62s
     0     0 6635.41612    0 21859 8451.00000 6635.41612  21.5%     -   62s
     0     0 6635.42509    0 21859 8451.00000 6635.42509  21.5%     -   63s
     0     0 6636.58056    0 21859 8451.00000 6636.58056  21.5%     -   66s
     0     0 6636.71901    0 21859 8451.00000 6636.71901  21.5%     -   67s
     0     0 6636.79808    0 21859 8451.00000 6636.79808  21.5%     -   67s
     0     0 6636.80193    0 21859 8451.00000 6636.80193  21.5%     -   67s
     0     0 6638.36441    0 21859 8451.00000 6638.36441  21.4%     -   72s
     0     0 6638.47393    0 21856 8451.00000 6638.47393  21.4%     -   72s
     0     0 6638.61681    0 21859 8451.00000 6638.61681  21.4%     -   74s
     0     0 6638.73157    0 21859 8451.00000 6638.73157  21.4%     -   75s
     0     0 6638.73217    0 21859 8451.00000 6638.73217  21.4%     -   75s
     0     0 6639.45927    0 21859 8451.00000 6639.45927  21.4%     -   77s
     0     0 6639.59434    0 21859 8451.00000 6639.59434  21.4%     -   78s
     0     0 6639.66354    0 21859 8451.00000 6639.66354  21.4%     -   79s
     0     0 6639.72458    0 21859 8451.00000 6639.72458  21.4%     -   80s
     0     0 6639.74986    0 21859 8451.00000 6639.74986  21.4%     -   80s
     0     0 6639.80191    0 21859 8451.00000 6639.80191  21.4%     -   80s
     0     0 6639.80193    0 21859 8451.00000 6639.80193  21.4%     -   80s
     0     0 6640.59210    0 21859 8451.00000 6640.59210  21.4%     -   83s
     0     0 6640.71246    0 21856 8451.00000 6640.71246  21.4%     -   84s
     0     0 6640.71564    0 21856 8451.00000 6640.71564  21.4%     -   84s
     0     0 6641.71354    0 21859 8451.00000 6641.71354  21.4%     -   87s
     0     0 6642.03330    0 21859 8451.00000 6642.03330  21.4%     -   88s
     0     0 6642.07673    0 21859 8451.00000 6642.07673  21.4%     -   89s
     0     0 6642.07726    0 21859 8451.00000 6642.07726  21.4%     -   89s
     0     0 6642.64745    0 21859 8451.00000 6642.64745  21.4%     -   92s
     0     0 6643.00296    0 21859 8451.00000 6643.00296  21.4%     -   93s
     0     0 6643.09270    0 21859 8451.00000 6643.09270  21.4%     -   94s
     0     0 6643.10538    0 21859 8451.00000 6643.10538  21.4%     -   94s
     0     0 6643.11294    0 21859 8451.00000 6643.11294  21.4%     -   94s
     0     0 6644.01829    0 21860 8451.00000 6644.01829  21.4%     -   97s
     0     0 6644.31367    0 21860 8451.00000 6644.31367  21.4%     -   98s
     0     0 6644.42763    0 21860 8451.00000 6644.42763  21.4%     -   99s
     0     0 6644.44659    0 21860 8451.00000 6644.44659  21.4%     -   99s
     0     0 6644.45237    0 21860 8451.00000 6644.45237  21.4%     -  100s
     0     0 6645.62895    0 21860 8451.00000 6645.62895  21.4%     -  103s
     0     0 6646.11682    0 21860 8451.00000 6646.11682  21.4%     -  105s
     0     0 6646.17941    0 21860 8451.00000 6646.17941  21.4%     -  105s
     0     0 6646.24808    0 21860 8451.00000 6646.24808  21.4%     -  106s
     0     0 6646.25360    0 21860 8451.00000 6646.25360  21.4%     -  106s
     0     0 6647.45052    0 21860 8451.00000 6647.45052  21.3%     -  110s
     0     0 6647.49986    0 21860 8451.00000 6647.49986  21.3%     -  111s
     0     0 6647.59436    0 21860 8451.00000 6647.59436  21.3%     -  111s
     0     0 6647.60693    0 21860 8451.00000 6647.60693  21.3%     -  112s
     0     0 6648.28228    0 21860 8451.00000 6648.28228  21.3%     -  115s
     0     0 6648.52045    0 21860 8451.00000 6648.52045  21.3%     -  116s
     0     0 6648.55590    0 21860 8451.00000 6648.55590  21.3%     -  117s
     0     0 6648.56327    0 21860 8451.00000 6648.56327  21.3%     -  117s
     0     0 6649.35207    0 21860 8451.00000 6649.35207  21.3%     -  120s
     0     0 6649.60634    0 21857 8451.00000 6649.60634  21.3%     -  122s
     0     0 6649.63521    0 21860 8451.00000 6649.63521  21.3%     -  122s
     0     0 6649.67769    0 21857 8451.00000 6649.67769  21.3%     -  123s
     0     0 6649.70007    0 21860 8451.00000 6649.70007  21.3%     -  123s
     0     0 6649.70516    0 21857 8451.00000 6649.70516  21.3%     -  123s
     0     0 6650.29787    0 21860 8451.00000 6650.29787  21.3%     -  127s
     0     0 6650.73897    0 21860 8451.00000 6650.73897  21.3%     -  129s
     0     0 6650.76394    0 21860 8451.00000 6650.76394  21.3%     -  130s
     0     0 6650.77620    0 21860 8451.00000 6650.77620  21.3%     -  130s
     0     0 6651.41864    0 21860 8451.00000 6651.41864  21.3%     -  134s
     0     0 6651.62678    0 21860 8451.00000 6651.62678  21.3%     -  135s
     0     0 6651.70638    0 21860 8451.00000 6651.70638  21.3%     -  136s
     0     0 6651.72605    0 21860 8451.00000 6651.72605  21.3%     -  137s
     0     0 6651.72951    0 21860 8451.00000 6651.72951  21.3%     -  137s
     0     0 6652.47219    0 21860 8451.00000 6652.47219  21.3%     -  141s
     0     0 6652.63459    0 21860 8451.00000 6652.63459  21.3%     -  142s
     0     0 6652.77608    0 21860 8451.00000 6652.77608  21.3%     -  144s
     0     0 6652.78796    0 21860 8451.00000 6652.78796  21.3%     -  144s
     0     0 6653.96545    0 21861 8451.00000 6653.96545  21.3%     -  148s
     0     0 6654.22345    0 21860 8451.00000 6654.22345  21.3%     -  150s
     0     0 6654.33180    0 21861 8451.00000 6654.33180  21.3%     -  151s
     0     0 6654.35507    0 21861 8451.00000 6654.35507  21.3%     -  151s
     0     0 6654.36382    0 21861 8451.00000 6654.36382  21.3%     -  152s
     0     0 6655.86073    0 21860 8451.00000 6655.86073  21.2%     -  156s
     0     0 6656.03646    0 21859 8451.00000 6656.03646  21.2%     -  157s
     0     0 6656.06473    0 21860 8451.00000 6656.06473  21.2%     -  157s
     0     0 6656.08254    0 21861 8451.00000 6656.08254  21.2%     -  158s
     0     0 6656.08696    0 21861 8451.00000 6656.08696  21.2%     -  158s
     0     0 6656.70914    0 21861 8451.00000 6656.70914  21.2%     -  162s
     0     0 6656.81120    0 21860 8451.00000 6656.81120  21.2%     -  163s
     0     0 6656.92283    0 21858 8451.00000 6656.92283  21.2%     -  164s
     0     0 6656.93836    0 21861 8451.00000 6656.93836  21.2%     -  165s
     0     0 6656.94260    0 21861 8451.00000 6656.94260  21.2%     -  165s
     0     0 6658.01365    0 21860 8451.00000 6658.01365  21.2%     -  168s
     0     0 6658.22776    0 21860 8451.00000 6658.22776  21.2%     -  170s
     0     0 6658.33195    0 21860 8451.00000 6658.33195  21.2%     -  172s
     0     0 6658.35090    0 21860 8451.00000 6658.35090  21.2%     -  172s
     0     0 6658.35861    0 21860 8451.00000 6658.35861  21.2%     -  173s
     0     0 6659.33444    0 21860 8451.00000 6659.33444  21.2%     -  177s
     0     0 6659.53453    0 21860 8451.00000 6659.53453  21.2%     -  179s
     0     0 6659.58665    0 21860 8451.00000 6659.58665  21.2%     -  179s
     0     0 6659.60150    0 21860 8451.00000 6659.60150  21.2%     -  180s
     0     0 6659.99697    0 21860 8451.00000 6659.99697  21.2%     -  183s
     0     0 6660.05745    0 21860 8451.00000 6660.05745  21.2%     -  184s
     0     0 6660.11313    0 21860 8451.00000 6660.11313  21.2%     -  185s
     0     0 6660.18729    0 21860 8451.00000 6660.18729  21.2%     -  185s
     0     0 6660.19177    0 21860 8451.00000 6660.19177  21.2%     -  186s
     0     0 6660.47153    0 21860 8451.00000 6660.47153  21.2%     -  189s
     0     0 6660.62978    0 21860 8451.00000 6660.62978  21.2%     -  191s
     0     0 6660.70749    0 21860 8451.00000 6660.70749  21.2%     -  192s
     0     0 6660.71791    0 21860 8451.00000 6660.71791  21.2%     -  193s
     0     0 6661.66219    0 21860 8451.00000 6661.66219  21.2%     -  197s
     0     0 6661.88531    0 21860 8451.00000 6661.88531  21.2%     -  200s
     0     0 6661.92500    0 21860 8451.00000 6661.92500  21.2%     -  200s
     0     0 6661.92899    0 21860 8451.00000 6661.92899  21.2%     -  200s
     0     0 6663.10034    0 21860 8451.00000 6663.10034  21.2%     -  205s
     0     0 6663.17228    0 21860 8451.00000 6663.17228  21.2%     -  206s
     0     0 6663.23393    0 21860 8451.00000 6663.23393  21.2%     -  207s
     0     0 6663.24660    0 21860 8451.00000 6663.24660  21.2%     -  207s
     0     0 6663.88771    0 21860 8451.00000 6663.88771  21.1%     -  212s
     0     0 6663.98086    0 21860 8451.00000 6663.98086  21.1%     -  214s
     0     0 6664.05034    0 21860 8451.00000 6664.05034  21.1%     -  215s
     0     0 6664.06383    0 21860 8451.00000 6664.06383  21.1%     -  216s
     0     0 6665.24150    0 21860 8451.00000 6665.24150  21.1%     -  220s
     0     0 6665.36289    0 21860 8451.00000 6665.36289  21.1%     -  221s
     0     0 6665.44353    0 21860 8451.00000 6665.44353  21.1%     -  223s
     0     0 6665.44815    0 21860 8451.00000 6665.44815  21.1%     -  223s
     0     0 6666.11879    0 21860 8451.00000 6666.11879  21.1%     -  227s
     0     0 6666.29277    0 21860 8451.00000 6666.29277  21.1%     -  229s
     0     0 6666.30179    0 21860 8451.00000 6666.30179  21.1%     -  229s
     0     0 6666.85901    0 21860 8451.00000 6666.85901  21.1%     -  232s
     0     0 6667.25326    0 21860 8451.00000 6667.25326  21.1%     -  235s
     0     0 6667.29084    0 21860 8451.00000 6667.29084  21.1%     -  236s
     0     0 6667.29204    0 21860 8451.00000 6667.29204  21.1%     -  236s
     0     0 6667.91777    0 21860 8451.00000 6667.91777  21.1%     -  240s
     0     0 6667.98437    0 21860 8451.00000 6667.98437  21.1%     -  241s
     0     0 6668.03657    0 21860 8451.00000 6668.03657  21.1%     -  242s
     0     0 6668.04401    0 21860 8451.00000 6668.04401  21.1%     -  242s
     0     0 6669.46059    0 21859 8451.00000 6669.46059  21.1%     -  247s
     0     0 6669.65264    0 21860 8451.00000 6669.65264  21.1%     -  248s
     0     0 6669.66902    0 21859 8451.00000 6669.66902  21.1%     -  249s
     0     0 6670.47439    0 21860 8451.00000 6670.47439  21.1%     -  253s
     0     0 6670.67598    0 21859 8451.00000 6670.67598  21.1%     -  255s
     0     0 6670.75292    0 21859 8451.00000 6670.75292  21.1%     -  256s
     0     0 6670.77036    0 21860 8451.00000 6670.77036  21.1%     -  256s
     0     0 6671.32491    0 21860 8451.00000 6671.32491  21.1%     -  260s
     0     0 6671.45121    0 21860 8451.00000 6671.45121  21.1%     -  261s
     0     0 6671.48169    0 21860 8451.00000 6671.48169  21.1%     -  262s
     0     0 6671.49043    0 21860 8451.00000 6671.49043  21.1%     -  262s
     0     0 6671.88771    0 21861 8451.00000 6671.88771  21.1%     -  265s
     0     0 6672.00156    0 21861 8451.00000 6672.00156  21.1%     -  267s
     0     0 6672.04524    0 21861 8451.00000 6672.04524  21.1%     -  268s
     0     0 6672.05212    0 21861 8451.00000 6672.05212  21.1%     -  268s
     0     0 6672.95634    0 21860 8451.00000 6672.95634  21.0%     -  273s
     0     0 6673.25522    0 21860 8451.00000 6673.25522  21.0%     -  276s
     0     0 6673.29399    0 21860 8451.00000 6673.29399  21.0%     -  277s
     0     0 6673.29998    0 21860 8451.00000 6673.29998  21.0%     -  278s
     0     0 6674.18065    0 21860 8451.00000 6674.18065  21.0%     -  283s
     0     0 6674.34156    0 21860 8451.00000 6674.34156  21.0%     -  285s
     0     0 6674.38001    0 21860 8451.00000 6674.38001  21.0%     -  286s
     0     0 6674.38540    0 21860 8451.00000 6674.38540  21.0%     -  286s
     0     0 6674.88314    0 21860 8451.00000 6674.88314  21.0%     -  290s
     0     0 6675.01407    0 21860 8451.00000 6675.01407  21.0%     -  292s
     0     0 6675.03322    0 21860 8451.00000 6675.03322  21.0%     -  293s
     0     0 6675.64998    0 21860 8451.00000 6675.64998  21.0%     -  297s
     0     0 6675.81773    0 21861 8451.00000 6675.81773  21.0%     -  299s
     0     0 6675.85664    0 21860 8451.00000 6675.85664  21.0%     -  300s
     0     0 6675.87258    0 21860 8451.00000 6675.87258  21.0%     -  300s
     0     0 6676.30624    0 21860 8451.00000 6676.30624  21.0%     -  304s
     0     0 6676.39376    0 21861 8451.00000 6676.39376  21.0%     -  306s
     0     0 6676.46125    0 21861 8451.00000 6676.46125  21.0%     -  307s
     0     0 6676.49837    0 21861 8451.00000 6676.49837  21.0%     -  308s
     0     0 6676.50760    0 21861 8451.00000 6676.50760  21.0%     -  308s
     0     0 6677.04631    0 21860 8451.00000 6677.04631  21.0%     -  314s
     0     0 6677.13760    0 21860 8451.00000 6677.13760  21.0%     -  315s
     0     0 6677.16693    0 21860 8451.00000 6677.16693  21.0%     -  316s
     0     0 6677.16838    0 21860 8451.00000 6677.16838  21.0%     -  317s
     0     0 6677.38123    0 21860 8451.00000 6677.38123  21.0%     -  320s
     0     0 6677.43098    0 21860 8451.00000 6677.43098  21.0%     -  321s
     0     0 6677.44387    0 21860 8451.00000 6677.44387  21.0%     -  322s
     0     0 6678.60707    0 21860 8451.00000 6678.60707  21.0%     -  328s
     0     0 6678.70153    0 21860 8451.00000 6678.70153  21.0%     -  330s
     0     0 6678.72025    0 21860 8451.00000 6678.72025  21.0%     -  330s
     0     0 6679.22522    0 21860 8451.00000 6679.22522  21.0%     -  334s
     0     0 6679.36838    0 21860 8451.00000 6679.36838  21.0%     -  336s
     0     0 6679.38162    0 21860 8451.00000 6679.38162  21.0%     -  337s
     0     0 6679.91490    0 21860 8451.00000 6679.91490  21.0%     -  341s
     0     0 6680.05171    0 21860 8451.00000 6680.05171  21.0%     -  343s
     0     0 6680.10096    0 21860 8451.00000 6680.10096  21.0%     -  344s
     0     0 6680.11578    0 21860 8451.00000 6680.11578  21.0%     -  345s
     0     0 6681.14488    0 21860 8451.00000 6681.14488  20.9%     -  350s
     0     0 6681.34128    0 21860 8451.00000 6681.34128  20.9%     -  352s
     0     0 6681.35927    0 21860 8451.00000 6681.35927  20.9%     -  353s
     0     0 6681.83902    0 21860 8451.00000 6681.83902  20.9%     -  357s
     0     0 6681.94580    0 21860 8451.00000 6681.94580  20.9%     -  359s
     0     0 6681.97393    0 21860 8451.00000 6681.97393  20.9%     -  360s
     0     0 6681.97941    0 21860 8451.00000 6681.97941  20.9%     -  361s
     0     0 6682.50453    0 21859 8451.00000 6682.50453  20.9%     -  366s
     0     0 6682.56887    0 21859 8451.00000 6682.56887  20.9%     -  367s
     0     0 6682.57885    0 21859 8451.00000 6682.57885  20.9%     -  368s
     0     0 6683.31401    0 21859 8451.00000 6683.31401  20.9%     -  373s
     0     0 6683.52040    0 21859 8451.00000 6683.52040  20.9%     -  375s
     0     0 6683.54376    0 21859 8451.00000 6683.54376  20.9%     -  376s
     0     0 6683.55202    0 21859 8451.00000 6683.55202  20.9%     -  377s
     0     0 6684.14539    0 21859 8451.00000 6684.14539  20.9%     -  382s
     0     0 6684.20425    0 21859 8451.00000 6684.20425  20.9%     -  383s
     0     0 6684.21635    0 21859 8451.00000 6684.21635  20.9%     -  384s
     0     0 6684.80725    0 21859 8451.00000 6684.80725  20.9%     -  388s
     0     0 6684.94786    0 21859 8451.00000 6684.94786  20.9%     -  390s
     0     0 6684.99027    0 21859 8451.00000 6684.99027  20.9%     -  391s
     0     0 6684.99320    0 21859 8451.00000 6684.99320  20.9%     -  391s
     0     0 6685.87307    0 21859 8451.00000 6685.87307  20.9%     -  397s
     0     0 6686.13585    0 21859 8451.00000 6686.13585  20.9%     -  400s
     0     0 6686.17929    0 21859 8451.00000 6686.17929  20.9%     -  401s
     0     0 6686.19322    0 21859 8451.00000 6686.19322  20.9%     -  402s
     0     0 6686.95389    0 21859 8451.00000 6686.95389  20.9%     -  407s
     0     0 6687.02523    0 21859 8451.00000 6687.02523  20.9%     -  409s
     0     0 6687.03318    0 21859 8451.00000 6687.03318  20.9%     -  409s
     0     0 6687.62672    0 21859 8451.00000 6687.62672  20.9%     -  415s
     0     0 6687.69550    0 21859 8451.00000 6687.69550  20.9%     -  416s
     0     0 6687.73800    0 21859 8451.00000 6687.73800  20.9%     -  417s
     0     0 6687.75576    0 21859 8451.00000 6687.75576  20.9%     -  418s
     0     0 6688.25419    0 21859 8451.00000 6688.25419  20.9%     -  424s
     0     0 6688.40133    0 21859 8451.00000 6688.40133  20.9%     -  426s
     0     0 6688.41778    0 21859 8451.00000 6688.41778  20.9%     -  427s
     0     0 6688.69814    0 21860 8451.00000 6688.69814  20.9%     -  430s
     0     0 6688.76684    0 21860 8451.00000 6688.76684  20.9%     -  432s
     0     0 6688.78102    0 21860 8451.00000 6688.78102  20.9%     -  432s
     0     0 6689.08805    0 21860 8451.00000 6689.08805  20.8%     -  436s
     0     0 6689.23477    0 21860 8451.00000 6689.23477  20.8%     -  438s
     0     0 6689.28218    0 21860 8451.00000 6689.28218  20.8%     -  439s
     0     0 6689.29401    0 21860 8451.00000 6689.29401  20.8%     -  440s
     0     0 6689.79876    0 21860 8451.00000 6689.79876  20.8%     -  445s
     0     0 6689.92283    0 21860 8451.00000 6689.92283  20.8%     -  447s
     0     0 6689.93857    0 21860 8451.00000 6689.93857  20.8%     -  448s
     0     0 6690.36141    0 21860 8451.00000 6690.36141  20.8%     -  452s
     0     0 6690.46041    0 21860 8451.00000 6690.46041  20.8%     -  454s
     0     0 6690.47434    0 21860 8451.00000 6690.47434  20.8%     -  455s
     0     0 6691.06977    0 21860 8451.00000 6691.06977  20.8%     -  459s
     0     0 6691.11669    0 21860 8451.00000 6691.11669  20.8%     -  461s
     0     0 6691.13640    0 21860 8451.00000 6691.13640  20.8%     -  462s
     0     0 6691.44816    0 21860 8451.00000 6691.44816  20.8%     -  465s
     0     0 6691.47669    0 21860 8451.00000 6691.47669  20.8%     -  466s
     0     0 6691.49954    0 21860 8451.00000 6691.49954  20.8%     -  467s
     0     0 6692.03434    0 21860 8451.00000 6692.03434  20.8%     -  472s
     0     0 6692.16904    0 21860 8451.00000 6692.16904  20.8%     -  474s
     0     0 6692.20275    0 21860 8451.00000 6692.20275  20.8%     -  475s
     0     0 6692.20658    0 21860 8451.00000 6692.20658  20.8%     -  475s
     0     0 6692.42870    0 21860 8451.00000 6692.42870  20.8%     -  479s
     0     0 6692.47070    0 21860 8451.00000 6692.47070  20.8%     -  480s
     0     0 6692.47665    0 21860 8451.00000 6692.47665  20.8%     -  480s
     0     0 6692.69692    0 21860 8451.00000 6692.69692  20.8%     -  484s
     0     0 6692.75991    0 21860 8451.00000 6692.75991  20.8%     -  486s
     0     0 6692.79688    0 21860 8451.00000 6692.79688  20.8%     -  487s
     0     0 6692.80367    0 21860 8451.00000 6692.80367  20.8%     -  488s
     0     0 6693.34959    0 21860 8451.00000 6693.34959  20.8%     -  493s
     0     0 6693.38369    0 21860 8451.00000 6693.38369  20.8%     -  494s
     0     0 6693.39870    0 21860 8451.00000 6693.39870  20.8%     -  496s
     0     0 6693.98358    0 21860 8451.00000 6693.98358  20.8%     -  502s
     0     0 6694.03531    0 21860 8451.00000 6694.03531  20.8%     -  504s
     0     0 6694.06890    0 21860 8451.00000 6694.06890  20.8%     -  505s
     0     0 6694.07419    0 21860 8451.00000 6694.07419  20.8%     -  506s
     0     0 6694.61500    0 21860 8451.00000 6694.61500  20.8%     -  512s
     0     0 6694.78728    0 21860 8451.00000 6694.78728  20.8%     -  514s
     0     0 6694.84421    0 21860 8451.00000 6694.84421  20.8%     -  516s
     0     0 6694.85525    0 21860 8451.00000 6694.85525  20.8%     -  516s
     0     0 6695.34938    0 21860 8451.00000 6695.34938  20.8%     -  521s
     0     0 6695.42113    0 21860 8451.00000 6695.42113  20.8%     -  524s
     0     0 6695.44296    0 21860 8451.00000 6695.44296  20.8%     -  525s
     0     0 6695.81267    0 21860 8451.00000 6695.81267  20.8%     -  530s
     0     0 6695.86736    0 21860 8451.00000 6695.86736  20.8%     -  531s
     0     0 6695.88603    0 21860 8451.00000 6695.88603  20.8%     -  532s
     0     0 6696.47415    0 21860 8451.00000 6696.47415  20.8%     -  538s
     0     0 6696.55853    0 21860 8451.00000 6696.55853  20.8%     -  540s
     0     0 6696.58112    0 21860 8451.00000 6696.58112  20.8%     -  540s
     0     0 6697.08123    0 21860 8451.00000 6697.08123  20.8%     -  545s
     0     0 6697.15585    0 21860 8451.00000 6697.15585  20.8%     -  546s
     0     0 6697.16562    0 21860 8451.00000 6697.16562  20.8%     -  547s
     0     0 6697.40468    0 21861 8451.00000 6697.40468  20.8%     -  551s
     0     0 6697.42280    0 21861 8451.00000 6697.42280  20.7%     -  553s
     0     0 6697.62123    0 21860 8451.00000 6697.62123  20.7%     -  558s
     0     0 6697.62123    0 21860 8451.00000 6697.62123  20.7%     -  559s
     0     2 6697.62123    0 21859 8451.00000 6697.62123  20.7%     -  857s
     1     4 6706.34288    1 21858 8451.00000 6697.62183  20.7%  8575  881s
     3     8 6715.38196    2 21829 8451.00000 6706.34521  20.6%  8905  906s
     7    16 6723.98195    3 21828 8451.00000 6715.38828  20.5%  9159  940s
    15    32 6733.10998    4 21799 8451.00000 6723.98255  20.4%  9987  987s
    31    62 6742.06481    5 21798 8451.00000 6732.99800  20.3% 12029 1181s
H   32    62                    8448.0000000 6732.99800  20.3% 11653 1181s
    61    92 6751.06481    6 21769 8448.00000 6741.65182  20.2% 16138 1258s
H   91   122                    8442.0000000 6741.65183  20.1% 13565 1349s
H  100   122                    8440.0000000 6741.65183  20.1% 13232 1349s
   121   152 6769.00746    7 21739 8440.00000 6741.65183  20.1% 12442 1426s
H  151   182                    8436.0000000 6741.65183  20.1% 11604 1800s
H  152   182                    8433.0000000 6741.65183  20.1% 11577 1800s

Cutting planes:
  Gomory: 4
  Zero half: 1549
  RLT: 92

Explored 181 nodes (2252222 simplex iterations) in 1800.63 seconds (4079.21 work units)
Thread count was 30 (of 128 available processors)

Solution count 1: 8433 

Time limit reached
Best objective 8.433000000000e+03, best bound 6.742000000000e+03, gap 20.0522%
