
Gurobi 10.0.3 (linux64) logging started Sun Sep  1 14:27:52 2024

Set parameter LogFile to value "local/logs/w3-k5-s2.log"

Gurobi 10.0.3 (linux64) logging started Sun Sep  1 14:27:52 2024

Set parameter LogFile to value "local/logs/w3-k5-s2.log"
Warning: variable name "x_(0000000, 0)" has a space
Warning: default variable names used to write mps file
Gurobi Optimizer version 10.0.3 build v10.0.3rc0 (linux64)

CPU model: AMD EPYC 7742 64-Core Processor, instruction set [SSE2|AVX|AVX2]
Thread count: 64 physical cores, 128 logical processors, using up to 128 threads

Academic license 2533279 - for non-commercial use only - registered to bl___@rice.edu
Optimize a model with 1664 rows, 896 columns and 3456 nonzeros
Model fingerprint: 0xaf2a2afa
Variable types: 0 continuous, 896 integer (896 binary)
Coefficient statistics:
  Matrix range     [1e+00, 1e+00]
  Objective range  [1e+00, 1e+00]
  Bounds range     [1e+00, 1e+00]
  RHS range        [1e+00, 1e+00]

User MIP start produced solution with objective 208 (0.02s)
Loaded user MIP start with objective 208

Presolve removed 14 rows and 4 columns
Presolve time: 0.00s
Presolved: 1650 rows, 892 columns, 3432 nonzeros
Variable types: 0 continuous, 892 integer (892 binary)
Root relaxation presolved: 1650 rows, 892 columns, 3432 nonzeros


Use crossover to convert LP symmetric solution to basic solution...

Root relaxation: objective 1.740000e+02, 567 iterations, 0.01 seconds (0.01 work units)

    Nodes    |    Current Node    |     Objective Bounds      |     Work
 Expl Unexpl |  Obj  Depth IntInf | Incumbent    BestBd   Gap | It/Node Time

     0     0  174.00000    0  892  208.00000  174.00000  16.3%     -    0s
     0     0  177.33333    0  890  208.00000  177.33333  14.7%     -    0s
     0     0  179.46450    0  890  208.00000  179.46450  13.7%     -    0s
     0     0  179.53117    0  890  208.00000  179.53117  13.7%     -    0s
     0     0  180.47952    0  890  208.00000  180.47952  13.2%     -    0s
     0     0  180.54944    0  891  208.00000  180.54944  13.2%     -    0s
     0     0  180.57310    0  889  208.00000  180.57310  13.2%     -    0s
     0     0  180.57829    0  891  208.00000  180.57829  13.2%     -    0s
     0     0  180.57875    0  891  208.00000  180.57875  13.2%     -    0s
     0     0  181.53904    0  891  208.00000  181.53904  12.7%     -    0s
     0     0  181.65491    0  889  208.00000  181.65491  12.7%     -    0s
     0     0  181.67216    0  890  208.00000  181.67216  12.7%     -    0s
     0     0  181.67811    0  890  208.00000  181.67811  12.7%     -    0s
     0     0  182.01058    0  889  208.00000  182.01058  12.5%     -    0s
     0     0  182.09039    0  891  208.00000  182.09039  12.5%     -    0s
     0     0  182.10265    0  890  208.00000  182.10265  12.5%     -    0s
     0     0  182.32305    0  888  208.00000  182.32305  12.3%     -    0s
     0     0  182.45503    0  891  208.00000  182.45503  12.3%     -    0s
     0     0  182.46549    0  891  208.00000  182.46549  12.3%     -    0s
     0     0  182.46549    0  891  208.00000  182.46549  12.3%     -    0s
     0     0  182.85237    0  891  208.00000  182.85237  12.1%     -    0s
     0     0  182.97572    0  890  208.00000  182.97572  12.0%     -    0s
     0     0  182.98354    0  891  208.00000  182.98354  12.0%     -    0s
     0     0  182.98894    0  890  208.00000  182.98894  12.0%     -    0s
     0     0  183.32550    0  891  208.00000  183.32550  11.9%     -    0s
     0     0  183.39989    0  891  208.00000  183.39989  11.8%     -    0s
     0     0  183.39989    0  892  208.00000  183.39989  11.8%     -    0s
     0     0  183.56955    0  888  208.00000  183.56955  11.7%     -    0s
     0     0  183.62023    0  889  208.00000  183.62023  11.7%     -    0s
     0     0  183.62722    0  892  208.00000  183.62722  11.7%     -    0s
     0     0  183.63234    0  892  208.00000  183.63234  11.7%     -    0s
     0     0  183.63653    0  892  208.00000  183.63653  11.7%     -    0s
     0     0  184.05367    0  890  208.00000  184.05367  11.5%     -    0s
     0     0  184.05822    0  890  208.00000  184.05822  11.5%     -    0s
     0     0  184.30911    0  891  208.00000  184.30911  11.4%     -    0s
     0     0  184.32300    0  891  208.00000  184.32300  11.4%     -    0s
     0     0  184.33656    0  892  208.00000  184.33656  11.4%     -    0s
     0     0  184.33735    0  892  208.00000  184.33735  11.4%     -    0s
     0     0  184.51040    0  891  208.00000  184.51040  11.3%     -    0s
     0     0  184.55940    0  892  208.00000  184.55940  11.3%     -    0s
     0     0  184.57577    0  892  208.00000  184.57577  11.3%     -    1s
     0     0  184.57577    0  892  208.00000  184.57577  11.3%     -    1s
     0     0  184.75457    0  891  208.00000  184.75457  11.2%     -    1s
     0     0  184.75881    0  892  208.00000  184.75881  11.2%     -    1s
     0     0  185.14698    0  891  208.00000  185.14698  11.0%     -    1s
     0     0  185.21568    0  892  208.00000  185.21568  11.0%     -    1s
     0     0  185.22385    0  892  208.00000  185.22385  11.0%     -    1s
     0     0  185.22463    0  892  208.00000  185.22463  10.9%     -    1s
     0     0  185.39831    0  891  208.00000  185.39831  10.9%     -    1s
     0     0  185.40162    0  892  208.00000  185.40162  10.9%     -    1s
     0     0  185.64956    0  892  208.00000  185.64956  10.7%     -    1s
     0     0  185.68215    0  891  208.00000  185.68215  10.7%     -    1s
     0     0  185.69062    0  892  208.00000  185.69062  10.7%     -    1s
     0     0  185.69067    0  892  208.00000  185.69067  10.7%     -    1s
     0     0  185.92906    0  890  208.00000  185.92906  10.6%     -    1s
     0     0  185.93056    0  891  208.00000  185.93056  10.6%     -    1s
     0     0  186.04396    0  892  208.00000  186.04396  10.6%     -    1s
     0     0  186.09404    0  892  208.00000  186.09404  10.5%     -    1s
     0     0  186.09937    0  892  208.00000  186.09937  10.5%     -    1s
     0     0  186.27870    0  891  208.00000  186.27870  10.4%     -    1s
     0     0  186.31610    0  891  208.00000  186.31610  10.4%     -    1s
     0     0  186.31824    0  891  208.00000  186.31824  10.4%     -    1s
     0     0  186.47758    0  891  208.00000  186.47758  10.3%     -    1s
     0     0  186.48299    0  892  208.00000  186.48299  10.3%     -    1s
     0     0  186.57293    0  892  208.00000  186.57293  10.3%     -    1s
     0     0  186.58825    0  892  208.00000  186.58825  10.3%     -    1s
     0     0  186.59091    0  892  208.00000  186.59091  10.3%     -    1s
     0     0  186.83343    0  892  208.00000  186.83343  10.2%     -    1s
     0     0  186.87244    0  892  208.00000  186.87244  10.2%     -    1s
     0     0  186.88380    0  892  208.00000  186.88380  10.2%     -    1s
     0     0  186.88627    0  892  208.00000  186.88627  10.2%     -    1s
     0     0  187.05327    0  891  208.00000  187.05327  10.1%     -    1s
     0     0  187.07692    0  892  208.00000  187.07692  10.1%     -    1s
     0     0  187.08332    0  892  208.00000  187.08332  10.1%     -    1s
     0     0  187.26201    0  892  208.00000  187.26201  10.0%     -    1s
     0     0  187.27447    0  892  208.00000  187.27447  10.0%     -    1s
     0     0  187.27580    0  892  208.00000  187.27580  10.0%     -    1s
     0     0  187.40666    0  892  208.00000  187.40666  9.90%     -    1s
     0     0  187.41877    0  892  208.00000  187.41877  9.89%     -    1s
     0     0  187.42013    0  892  208.00000  187.42013  9.89%     -    1s
     0     0  187.61937    0  892  208.00000  187.61937  9.80%     -    2s
     0     0  187.62976    0  892  208.00000  187.62976  9.79%     -    2s
     0     0  187.63277    0  892  208.00000  187.63277  9.79%     -    2s
     0     0  187.78382    0  892  208.00000  187.78382  9.72%     -    2s
     0     0  187.79079    0  892  208.00000  187.79079  9.72%     -    2s
     0     0  187.90885    0  892  208.00000  187.90885  9.66%     -    2s
     0     0  187.93086    0  892  208.00000  187.93086  9.65%     -    2s
     0     0  187.94187    0  892  208.00000  187.94187  9.64%     -    2s
     0     0  187.94384    0  892  208.00000  187.94384  9.64%     -    2s
     0     0  188.16383    0  892  208.00000  188.16383  9.54%     -    2s
     0     0  188.17660    0  892  208.00000  188.17660  9.53%     -    2s
     0     0  188.18038    0  892  208.00000  188.18038  9.53%     -    2s
     0     0  188.34265    0  892  208.00000  188.34265  9.45%     -    2s
     0     0  188.34893    0  892  208.00000  188.34893  9.45%     -    2s
     0     0  188.40718    0  892  208.00000  188.40718  9.42%     -    2s
     0     0  188.40718    0  892  208.00000  188.40718  9.42%     -    2s
     0     2  188.40718    0  892  208.00000  188.40718  9.42%     -    2s
   383   512  198.82968    9  866  208.00000  194.00837  6.73%   770    8s
  1351  1152  205.19958   13  811  208.00000  194.00837  6.73%   621   10s
  6293  2487  204.19228   14  783  208.00000  194.27876  6.60%   452   15s
 12377  3742  206.82545   17  780  208.00000  196.19050  5.68%   419   20s
 14788  4188     cutoff   20       208.00000  196.68716  5.44%   413   25s
 22122  4827  204.66258   13  773  208.00000  198.96328  4.34%   397   30s
 23203  4828  201.55009   13  892  208.00000  199.51255  4.08%   396   80s
 23219  4844  199.51255   13  890  208.00000  199.51255  4.08%   396   85s
 23599  5221  199.51255   19  866  208.00000  199.51255  4.08%   405   90s
 26828  4835  199.51255   20  860  208.00000  199.51255  4.08%   410   95s
 28961  4490  206.74473   27  827  208.00000  199.51255  4.08%   411  118s
 30359  4102  204.51266   25  846  208.00000  199.51255  4.08%   411  120s
 34984  2655  204.58068   24  851  208.00000  199.51255  4.08%   409  125s
 41416  1345     cutoff   25       208.00000  202.79240  2.50%   404  130s
 47824     0     cutoff   25       208.00000  204.95156  1.47%   397  135s

Cutting planes:
  Gomory: 8
  Zero half: 315
  RLT: 3

Explored 47929 nodes (19029975 simplex iterations) in 135.11 seconds (176.32 work units)
Thread count was 128 (of 128 available processors)

Solution count 1: 208 

Optimal solution found (tolerance 1.00e-04)
Best objective 2.080000000000e+02, best bound 2.080000000000e+02, gap 0.0000%
