
Gurobi 10.0.3 (linux64) logging started Sun Sep  1 14:27:48 2024

Set parameter LogFile to value "local/logs/w3-k2-s2.log"

Gurobi 10.0.3 (linux64) logging started Sun Sep  1 14:27:48 2024

Set parameter LogFile to value "local/logs/w3-k2-s2.log"
Warning: variable name "x_(0000, 0)" has a space
Warning: default variable names used to write mps file
Gurobi Optimizer version 10.0.3 build v10.0.3rc0 (linux64)

CPU model: AMD EPYC 7742 64-Core Processor, instruction set [SSE2|AVX|AVX2]
Thread count: 64 physical cores, 128 logical processors, using up to 128 threads

Academic license 2533279 - for non-commercial use only - registered to bl___@rice.edu
Optimize a model with 208 rows, 112 columns and 432 nonzeros
Model fingerprint: 0x5a7ec236
Variable types: 0 continuous, 112 integer (112 binary)
Coefficient statistics:
  Matrix range     [1e+00, 1e+00]
  Objective range  [1e+00, 1e+00]
  Bounds range     [1e+00, 1e+00]
  RHS range        [1e+00, 1e+00]

User MIP start produced solution with objective 30 (0.01s)
Loaded user MIP start with objective 30

Presolve removed 14 rows and 4 columns
Presolve time: 0.00s
Presolved: 194 rows, 108 columns, 408 nonzeros
Variable types: 0 continuous, 108 integer (108 binary)
Root relaxation presolved: 194 rows, 108 columns, 408 nonzeros


Root relaxation: objective 2.466667e+01, 128 iterations, 0.00 seconds (0.00 work units)

    Nodes    |    Current Node    |     Objective Bounds      |     Work
 Expl Unexpl |  Obj  Depth IntInf | Incumbent    BestBd   Gap | It/Node Time

     0     0   24.66667    0  108   30.00000   24.66667  17.8%     -    0s
     0     0   26.50000    0  105   30.00000   26.50000  11.7%     -    0s
     0     0   27.33333    0  107   30.00000   27.33333  8.89%     -    0s
     0     0   28.50000    0  106   30.00000   28.50000  5.00%     -    0s
     0     0   28.66667    0  107   30.00000   28.66667  4.44%     -    0s

Cutting planes:
  Gomory: 4
  Zero half: 34
  RLT: 3

Explored 1 nodes (304 simplex iterations) in 0.03 seconds (0.01 work units)
Thread count was 128 (of 128 available processors)

Solution count 1: 30 

Optimal solution found (tolerance 1.00e-04)
Best objective 3.000000000000e+01, best bound 3.000000000000e+01, gap 0.0000%
