
Gurobi 10.0.3 (linux64) logging started Thu Sep  5 06:06:55 2024

Set parameter LogFile to value "local/logs/w3-k8-s2.log"

Gurobi 10.0.3 (linux64) logging started Thu Sep  5 06:06:55 2024

Set parameter LogFile to value "local/logs/w3-k8-s2.log"
Warning: variable name "x_(0000000000, 0)" has a space
Warning: default variable names used to write mps file
Gurobi Optimizer version 10.0.3 build v10.0.3rc0 (linux64)

CPU model: AMD EPYC 7742 64-Core Processor, instruction set [SSE2|AVX|AVX2]
Thread count: 64 physical cores, 128 logical processors, using up to 128 threads

Academic license 2533279 - for non-commercial use only - registered to bl___@rice.edu
Optimize a model with 13313 rows, 9216 columns and 29696 nonzeros
Model fingerprint: 0x92ee962e
Model has 4096 general constraints
Variable types: 0 continuous, 9216 integer (9216 binary)
Coefficient statistics:
  Matrix range     [1e+00, 1e+00]
  Objective range  [1e+00, 1e+00]
  Bounds range     [1e+00, 1e+00]
  RHS range        [1e+00, 8e+02]
  GenCon coe range [1e+00, 1e+00]

Concurrent MIP optimizer: 64 concurrent instances (2 threads per instance)


User MIP start produced solution with objective 1580 (0.23s)
Loaded user MIP start with objective 1580

Presolve added 12268 rows and 4092 columns
Presolve time: 0.24s
Presolved: 25581 rows, 13308 columns, 62414 nonzeros
Variable types: 0 continuous, 13308 integer (13308 binary)
Root relaxation presolved: 25581 rows, 13308 columns, 62414 nonzeros

Concurrent LP optimizer: dual simplex and barrier
Showing barrier log only...

Root barrier log...

Ordering time: 0.06s

Barrier statistics:
 AA' NZ     : 4.478e+04
 Factor NZ  : 2.308e+05 (roughly 6 MB of memory)
 Factor Ops : 1.268e+07 (less than 1 second per iteration)
 Threads    : 1

                  Objective                Residual
Iter       Primal          Dual         Primal    Dual     Compl     Time
   0   6.34122324e+04 -1.65760612e+03  7.95e+03 4.26e-02  3.50e+01     1s
   1   1.55952836e+04 -5.97405525e+03  8.99e+02 3.11e-15  4.43e+00     1s
   2   3.17015267e+03 -2.70895993e+03  2.96e-12 7.99e-15  4.56e-01     1s
   3   1.66681248e+03  1.01249109e+03  2.05e-12 2.66e-15  5.08e-02     1s
   4   1.37032746e+03  1.34799320e+03  7.28e-12 2.40e-15  1.73e-03     1s
   5   1.36866841e+03  1.36864588e+03  3.41e-13 2.40e-15  1.75e-06     1s
   6   1.36866667e+03  1.36866665e+03  2.96e-12 2.75e-15  1.75e-09     1s
   7   1.36866667e+03  1.36866667e+03  5.23e-12 2.72e-15  1.75e-12     1s

Barrier solved model in 7 iterations and 0.75 seconds (0.31 work units)
Optimal objective 1.36866667e+03


Solved with dual simplex

Use crossover to convert LP symmetric solution to basic solution...

Root relaxation: objective 1.368667e+03, 4546 iterations, 0.35 seconds (0.19 work units)

    Nodes    |    Current Node    |     Objective Bounds      |     Work
 Expl Unexpl |  Obj  Depth IntInf | Incumbent    BestBd   Gap | It/Node Time

     0     0      -    -    -     1580.00000 1368.66667  13.4%     -    2s
     0     0      -    -    -     1580.00000 1370.38889  13.3%     -    4s
     0     0      -    -    -     1580.00000 1370.63889  13.3%     -    5s
     0     0      -    -    -     1580.00000 1371.03045  13.2%     -    7s
     0     0      -    -    -     1580.00000 1371.08347  13.2%     -    7s
     0     0      -    -    -     1580.00000 1371.09257  13.2%     -    8s
     0     0      -    -    -     1580.00000 1371.11669  13.2%     -    8s
     0     0      -    -    -     1580.00000 1371.12021  13.2%     -    8s
     0     0      -    -    -     1580.00000 1371.14440  13.2%     -    9s
     0     0      -    -    -     1580.00000 1371.14784  13.2%     -    9s
     0     0      -    -    -     1580.00000 1371.15047  13.2%     -    9s
     0     0      -    -    -     1580.00000 1372.48398  13.1%     -   15s
     0     0      -    -    -     1580.00000 1374.00000  13.0%     -   15s
     0     0      -    -    -     1580.00000 1374.00000  13.0%     -   15s
     0     0      -    -    -     1580.00000 1374.00000  13.0%     -   15s
     0     0      -    -    -     1580.00000 1374.00000  13.0%     -   15s
     0     0      -    -    -     1580.00000 1375.66667  12.9%     -   19s
     0     0      -    -    -     1580.00000 1376.00000  12.9%     -   20s
     0     0      -    -    -     1580.00000 1377.00000  12.8%     -   20s
     0     0      -    -    -     1580.00000 1377.00000  12.8%     -   20s
     0     0      -    -    -     1580.00000 1377.27778  12.8%     -   28s
     0     0      -    -    -     1580.00000 1377.27778  12.8%     -   28s
     0     0      -    -    -     1580.00000 1377.27778  12.8%     -   31s
     0     2      -    -    -     1580.00000 1377.27778  12.8%     -   43s
     1     4      -    -    -     1580.00000 1378.24046  12.8%     -   47s
     3     6      -    -    -     1580.00000 1378.24046  12.8%     -   52s
     5     8      -    -    -     1580.00000 1378.24046  12.8%     -   57s
     7    10      -    -    -     1580.00000 1378.24046  12.8%     -   65s
     9    12      -    -    -     1580.00000 1378.24046  12.8%     -   82s
    11    14      -    -    -     1580.00000 1378.24046  12.8%     -   87s
    13    16      -    -    -     1580.00000 1378.24046  12.8%     -   97s
    15    18      -    -    -     1580.00000 1378.24046  12.8%     -  102s
    17    20      -    -    -     1580.00000 1378.24046  12.8%     -  105s
    19    22      -    -    -     1580.00000 1378.24046  12.8%     -  111s
    23    26      -    -    -     1580.00000 1378.24046  12.8%     -  120s
    25    28      -    -    -     1580.00000 1378.24046  12.8%     -  125s
    27    30      -    -    -     1580.00000 1378.24046  12.8%     -  149s
    29    33      -    -    -     1580.00000 1378.24046  12.8%     -  156s
    32    36      -    -    -     1580.00000 1378.24046  12.8%     -  162s
    35    38      -    -    -     1580.00000 1378.24046  12.8%     -  197s
    37    42      -    -    -     1580.00000 1378.24046  12.8%     -  204s
    41    46      -    -    -     1580.00000 1378.24046  12.8%     -  213s
    45    48      -    -    -     1580.00000 1378.24046  12.8%     -  235s
    47    51      -    -    -     1580.00000 1378.24046  12.8%     -  242s
    50    54      -    -    -     1580.00000 1378.24046  12.8%     -  251s
    53    58      -    -    -     1580.00000 1378.24046  12.8%     -  267s
    57    62      -    -    -     1580.00000 1378.24046  12.8%     -  281s
    61    66      -    -    -     1580.00000 1378.24046  12.8%     -  292s
    65    70      -    -    -     1580.00000 1378.24046  12.8%     -  302s
    69    75      -    -    -     1580.00000 1378.24046  12.8%     -  318s
    74    79      -    -    -     1580.00000 1378.24046  12.8%     -  367s
    78    83      -    -    -     1580.00000 1378.24046  12.8%     -  383s
    82    87      -    -    -     1580.00000 1378.24046  12.8%     -  408s
    86    90      -    -    -     1580.00000 1378.24046  12.8%     -  423s
    89    94      -    -    -     1580.00000 1378.24046  12.8%     -  450s
    93    97      -    -    -     1580.00000 1378.24046  12.8%     -  485s
    96   100      -    -    -     1580.00000 1378.24046  12.8%     -  510s
    99   102      -    -    -     1580.00000 1378.24046  12.8%     -  546s
   101   104      -    -    -     1580.00000 1378.24046  12.8%     -  579s
   103   107      -    -    -     1580.00000 1378.24046  12.8%     -  635s
   106   109      -    -    -     1580.00000 1378.24046  12.8%     -  700s
   108   112      -    -    -     1580.00000 1378.24046  12.8%     -  734s
   111   114      -    -    -     1580.00000 1378.24046  12.8%     -  757s
   113   118      -    -    -     1580.00000 1378.24046  12.8%     -  869s
   117   122      -    -    -     1580.00000 1378.24046  12.8%     -  904s
   121   124      -    -    -     1580.00000 1378.24046  12.8%     - 1023s
   123   127      -    -    -     1580.00000 1378.24046  12.8%     - 1054s
   126   130      -    -    -     1580.00000 1378.24046  12.8%     - 1083s
   129   137      -    -    -     1580.00000 1378.24046  12.8%     - 1106s
   136   143      -    -    -     1580.00000 1378.24046  12.8%     - 1138s
   142   147      -    -    -     1580.00000 1378.24046  12.8%     - 1273s
   146   156      -    -    -     1580.00000 1378.24046  12.8%     - 1302s
   155   163      -    -    -     1580.00000 1378.24046  12.8%     - 1334s
   162   168      -    -    -     1580.00000 1378.24046  12.8%     - 1371s
   167   177      -    -    -     1580.00000 1378.24046  12.8%     - 1495s
   176   184      -    -    -     1580.00000 1378.24046  12.8%     - 1531s
   183   194      -    -    -     1580.00000 1378.24046  12.8%     - 1585s
   193   202      -    -    -     1580.00000 1378.24046  12.8%     - 1617s
   201   206      -    -    -     1580.00000 1378.28312  12.8%     - 1853s
   205   218      -    -    -     1580.00000 1378.28312  12.8%     - 1900s
   217   234      -    -    -     1580.00000 1378.28312  12.8%     - 1945s
   233   236      -    -    -     1580.00000 1378.28312  12.8%     - 2178s
   235   238      -    -    -     1580.00000 1378.28312  12.8%     - 2306s
   237   250      -    -    -     1580.00000 1378.28312  12.8%     - 2376s
   249   268      -    -    -     1580.00000 1378.28312  12.8%     - 2434s
   267   270      -    -    -     1580.00000 1378.28312  12.8%     - 2662s
   269   281      -    -    -     1580.00000 1378.28312  12.8%     - 2720s
   280   303      -    -    -     1580.00000 1378.32041  12.8%     - 2792s
   302   305      -    -    -     1580.00000 1378.38889  12.8%     - 2979s
   304   333      -    -    -     1580.00000 1378.38889  12.8%     - 3036s
   334   334      -    -    -     1580.00000 1380.90713  12.6%     - 3233s
   337   358      -    -    -     1580.00000 1380.90713  12.6%     - 3290s
   375   360      -    -    -     1580.00000 1380.90713  12.6%     - 3867s
   377   384      -    -    -     1580.00000 1380.90713  12.6%     - 3927s
   401   386      -    -    -     1580.00000 1380.90713  12.6%     - 4202s
   403   388      -    -    -     1580.00000 1380.90713  12.6%     - 4485s
   405   410      -    -    -     1580.00000 1381.17473  12.6%     - 4558s
   427   420      -    -    -     1580.00000 1381.17473  12.6%     - 4899s
   437   438      -    -    -     1580.00000 1381.17473  12.6%     - 4973s
   455   452      -    -    -     1580.00000 1381.17473  12.6%     - 5058s
   469   454      -    -    -     1580.00000 1381.17473  12.6%     - 6024s
   471   472      -    -    -     1580.00000 1381.17473  12.6%     - 6139s
   489   488      -    -    -     1580.00000 1381.17473  12.6%     - 6273s
   505   510      -    -    -     1580.00000 1381.17473  12.6%     - 6398s
   527   535      -    -    -     1580.00000 1381.33333  12.6%     - 6486s
   552   565      -    -    -     1580.00000 1381.33333  12.6%     - 6610s
   582   567      -    -    -     1580.00000 1381.33333  12.6%     - 6718s
   584   589      -    -    -     1580.00000 1381.33333  12.6%     - 6851s
   606   592      -    -    -     1580.00000 1381.33333  12.6%     - 6955s
   609   600      -    -    -     1580.00000 1381.33333  12.6%     - 7055s
   617   634      -    -    -     1580.00000 1381.33333  12.6%     - 7212s
   651   647      -    -    -     1580.00000 1381.33333  12.6%     - 7360s
   688   667      -    -    -     1580.00000 1381.33333  12.6%     - 7598s
   708   681      -    -    -     1580.00000 1381.33333  12.6%     - 7745s
   745   682      -    -    -     1580.00000 1381.33333  12.6%     - 7773s
   747   683      -    -    -     1580.00000 1381.33333  12.6%     - 7777s
   748   684      -    -    -     1580.00000 1381.33333  12.6%     - 7786s
   751   686      -    -    -     1580.00000 1381.33333  12.6%     - 7790s
   755   689      -    -    -     1580.00000 1381.33333  12.6%     - 7797s
   757   690      -    -    -     1580.00000 1381.33333  12.6%     - 7800s
   759   691      -    -    -     1580.00000 1381.33333  12.6%     - 7815s
   760   695      -    -    -     1580.00000 1381.33333  12.6%     - 7823s
   762   696      -    -    -     1580.00000 1381.33333  12.6%     - 7825s
   766   699      -    -    -     1580.00000 1381.33333  12.6%     - 7830s
   770   702      -    -    -     1580.00000 1381.33333  12.6%     - 7837s
   772   703      -    -    -     1580.00000 1381.33333  12.6%     - 7846s
   774   704      -    -    -     1580.00000 1381.33333  12.6%     - 7851s
   776   706      -    -    -     1580.00000 1381.33333  12.6%     - 7858s
   778   707      -    -    -     1580.00000 1381.33333  12.6%     - 7860s
   782   710      -    -    -     1580.00000 1381.33333  12.6%     - 7869s
   784   711      -    -    -     1580.00000 1381.33333  12.6%     - 7874s
   786   712      -    -    -     1580.00000 1381.33333  12.6%     - 7878s
   788   714      -    -    -     1580.00000 1381.33333  12.6%     - 7887s
   790   715      -    -    -     1580.00000 1381.33333  12.6%     - 7890s
   794   718      -    -    -     1580.00000 1381.33333  12.6%     - 7899s
   796   719      -    -    -     1580.00000 1381.33333  12.6%     - 7904s
   798   721      -    -    -     1580.00000 1381.33333  12.6%     - 7909s
   801   723      -    -    -     1580.00000 1381.33333  12.6%     - 7916s
   804   726      -    -    -     1580.00000 1381.33333  12.6%     - 7922s
   808   727      -    -    -     1580.00000 1381.33333  12.6%     - 7935s
   810   730      -    -    -     1580.00000 1382.11019  12.5%     - 7943s
   814   733      -    -    -     1580.00000 1382.11019  12.5%     - 7952s
   818   735      -    -    -     1580.00000 1382.11019  12.5%     - 7961s
   821   738      -    -    -     1580.00000 1382.11019  12.5%     - 7974s
   825   739      -    -    -     1580.00000 1382.11019  12.5%     - 7983s
   828   742      -    -    -     1580.00000 1382.11019  12.5%     - 7991s
   832   743      -    -    -     1580.00000 1382.11019  12.5%     - 8005s
   834   745      -    -    -     1580.00000 1382.11019  12.5%     - 8020s
   837   748      -    -    -     1580.00000 1382.11019  12.5%     - 8036s
   841   750      -    -    -     1580.00000 1382.11019  12.5%     - 8052s
   844   752      -    -    -     1580.00000 1382.11019  12.5%     - 8068s
   847   754      -    -    -     1580.00000 1382.11019  12.5%     - 8076s
   850   756      -    -    -     1580.00000 1382.11019  12.5%     - 8089s
   853   757      -    -    -     1580.00000 1382.11019  12.5%     - 8163s
   855   758      -    -    -     1580.00000 1382.11019  12.5%     - 8180s
   857   760      -    -    -     1580.00000 1382.11019  12.5%     - 8243s
   859   761      -    -    -     1580.00000 1382.11019  12.5%     - 8254s
   861   764      -    -    -     1580.00000 1382.11019  12.5%     - 8273s
   865   766      -    -    -     1580.00000 1382.11019  12.5%     - 8288s
   868   768      -    -    -     1580.00000 1382.11019  12.5%     - 8303s
   871   771      -    -    -     1580.00000 1382.11019  12.5%     - 8362s
   875   773      -    -    -     1580.00000 1382.11019  12.5%     - 8415s
   878   776      -    -    -     1580.00000 1382.11019  12.5%     - 8440s
   882   777      -    -    -     1580.00000 1382.11019  12.5%     - 8459s
   885   781      -    -    -     1580.00000 1382.11019  12.5%     - 8486s
   890   784      -    -    -     1580.00000 1382.11019  12.5%     - 8523s
   894   785      -    -    -     1580.00000 1382.11019  12.5%     - 8546s
   897   789      -    -    -     1580.00000 1382.11019  12.5%     - 8562s
   902   790      -    -    -     1580.00000 1382.11019  12.5%     - 8639s
   904   794      -    -    -     1580.00000 1382.11019  12.5%     - 8666s
   909   795      -    -    -     1580.00000 1382.11019  12.5%     - 8689s
   912   799      -    -    -     1580.00000 1382.11019  12.5%     - 8715s
   917   800      -    -    -     1580.00000 1382.11019  12.5%     - 8846s
   919   805      -    -    -     1580.00000 1382.11019  12.5%     - 8878s
   925   807      -    -    -     1580.00000 1382.11019  12.5%     - 8936s
   929   810      -    -    -     1580.00000 1382.11019  12.5%     - 9053s
   933   814      -    -    -     1580.00000 1382.11019  12.5%     - 9101s
   939   816      -    -    -     1580.00000 1382.11019  12.5%     - 9138s
   943   821      -    -    -     1580.00000 1382.11019  12.5%     - 9192s
   949   824      -    -    -     1580.00000 1382.11019  12.5%     - 9235s
   954   831      -    -    -     1580.00000 1382.11019  12.5%     - 9282s
   963   830      -    -    -     1580.00000 1382.11019  12.5%     - 9577s
   965   838      -    -    -     1580.00000 1382.11019  12.5%     - 9629s
   973   841      -    -    -     1580.00000 1382.11019  12.5%     - 9684s
   979   847      -    -    -     1580.00000 1382.11019  12.5%     - 9737s
   987   853      -    -    -     1580.00000 1382.11019  12.5%     - 9852s
   996   858      -    -    -     1580.00000 1382.11019  12.5%     - 9894s
  1004   866      -    -    -     1580.00000 1382.11019  12.5%     - 9948s
  1014   867      -    -    -     1580.00000 1382.11019  12.5%     - 9994s
  1019   868      -    -    -     1580.00000 1382.11019  12.5%     - 10092s
  1021   877      -    -    -     1580.00000 1382.11019  12.5%     - 10138s
  1031   876      -    -    -     1580.00000 1382.11019  12.5%     - 10254s
  1033   885      -    -    -     1580.00000 1382.11019  12.5%     - 10311s
  1043   892      -    -    -     1580.00000 1382.11019  12.5%     - 10484s
  1053   902      -    -    -     1580.00000 1382.11136  12.5%     - 10560s
  1067   913      -    -    -     1580.00000 1382.11136  12.5%     - 10642s
  1082   910      -    -    -     1580.00000 1382.11136  12.5%     - 10754s
  1084   920      -    -    -     1580.00000 1382.11136  12.5%     - 10852s
  1095   927      -    -    -     1580.00000 1382.11136  12.5%     - 10952s
  1106   934      -    -    -     1580.00000 1382.11136  12.5%     - 11138s
  1116   944      -    -    -     1580.00000 1382.11136  12.5%     - 11237s
  1130   962      -    -    -     1580.00000 1382.11136  12.5%     - 11383s
  1152   965      -    -    -     1580.00000 1382.11136  12.5%     - 11479s
  1177   956      -    -    -     1580.00000 1382.11136  12.5%     - 11676s
  1182   969      -    -    -     1580.00000 1382.11136  12.5%     - 11767s
  1213   960      -    -    -     1580.00000 1382.66667  12.5%     - 11867s
  1220  1001      -    -    -     1580.00000 1382.66667  12.5%     - 11990s
  1263  1004      -    -    -     1580.00000 1382.66667  12.5%     - 12169s
  1281  1034      -    -    -     1580.00000 1382.66667  12.5%     - 12338s
  1317  1053      -    -    -     1580.00000 1382.66667  12.5%     - 12484s
  1348  1060      -    -    -     1580.00000 1382.66667  12.5%     - 12618s
  1365  1056      -    -    -     1580.00000 1382.66667  12.5%     - 12768s
  1367  1075      -    -    -     1580.00000 1382.66667  12.5%     - 12903s
  1386  1084      -    -    -     1580.00000 1382.66667  12.5%     - 13096s
  1402  1089      -    -    -     1580.00000 1382.66667  12.5%     - 13253s
  1412  1119      -    -    -     1580.00000 1382.66667  12.5%     - 13487s
  1445  1130      -    -    -     1580.00000 1382.66667  12.5%     - 13689s
  1467  1146      -    -    -     1580.00000 1382.66667  12.5%     - 13863s
  1491  1162      -    -    -     1580.00000 1382.66667  12.5%     - 14039s
  1515  1180      -    -    -     1580.00000 1383.35419  12.4%     - 14272s
  1541  1179      -    -    -     1580.00000 1383.35419  12.4%     - 14400s

Cutting planes:
  Gomory: 3
  Zero half: 48
  RLT: 4

Instance 58 was solved

Explored 1559 nodes (10005535 simplex iterations) in 14400.74 seconds (15148.18 work units)
Thread count was 2 (of 128 available processors)

Solution count 1: 1580 

Time limit reached
Best objective 1.580000000000e+03, best bound 1.384000000000e+03, gap 12.4051%
