
Gurobi 10.0.3 (linux64) logging started Tue Sep  3 20:09:36 2024

Set parameter LogFile to value "local/logs/w3-k2-s3.log"

Gurobi 10.0.3 (linux64) logging started Tue Sep  3 20:09:36 2024

Set parameter LogFile to value "local/logs/w3-k2-s3.log"
Warning: variable name "x_(0000, 0)" has a space
Warning: default variable names used to write mps file
Gurobi Optimizer version 10.0.3 build v10.0.3rc0 (linux64)

CPU model: AMD EPYC 7742 64-Core Processor, instruction set [SSE2|AVX|AVX2]
Thread count: 64 physical cores, 128 logical processors, using up to 128 threads

Academic license 2533279 - for non-commercial use only - registered to bl___@rice.edu
Optimize a model with 2268 rows, 972 columns and 4617 nonzeros
Model fingerprint: 0x9f69fa60
Variable types: 0 continuous, 972 integer (972 binary)
Coefficient statistics:
  Matrix range     [1e+00, 1e+00]
  Objective range  [1e+00, 1e+00]
  Bounds range     [1e+00, 1e+00]
  RHS range        [1e+00, 1e+00]

Concurrent MIP optimizer: 64 concurrent instances (2 threads per instance)


User MIP start produced solution with objective 333 (0.05s)
Loaded user MIP start with objective 333

Presolve removed 27 rows and 3 columns
Presolve time: 0.01s
Presolved: 2241 rows, 969 columns, 4563 nonzeros
Variable types: 0 continuous, 969 integer (969 binary)
Root relaxation presolved: 2241 rows, 969 columns, 4563 nonzeros


Use crossover to convert LP symmetric solution to basic solution...

Root relaxation: objective 2.510000e+02, 230 iterations, 0.01 seconds (0.01 work units)

    Nodes    |    Current Node    |     Objective Bounds      |     Work
 Expl Unexpl |  Obj  Depth IntInf | Incumbent    BestBd   Gap | It/Node Time

     0     0      -    -    -      333.00000  251.00000  24.6%     -    0s
     0     0      -    -    -      333.00000  260.22222  21.9%     -    0s
     0     0      -    -    -      333.00000  260.66667  21.7%     -    0s
     0     0      -    -    -      333.00000  262.37500  21.2%     -    0s
     0     0      -    -    -      333.00000  263.04651  21.0%     -    0s
     0     0      -    -    -      333.00000  263.04651  21.0%     -    0s
     0     0      -    -    -      333.00000  265.40310  20.3%     -    0s
     0     0      -    -    -      333.00000  265.53191  20.3%     -    0s
     0     0      -    -    -      333.00000  265.53191  20.3%     -    0s
     0     0      -    -    -      333.00000  266.65741  19.9%     -    0s
     0     0      -    -    -      333.00000  266.83333  19.9%     -    0s
     0     0      -    -    -      333.00000  266.83333  19.9%     -    0s
     0     0      -    -    -      333.00000  267.35417  19.7%     -    0s
     0     2      -    -    -      333.00000  279.50000  16.1%     -   42s
    69    54      -    -    -      333.00000  279.50000  16.1%     -   45s
   169   126      -    -    -      333.00000  280.00000  15.9%     -   51s
   199   150      -    -    -      333.00000  283.31566  14.9%     -  101s
   232   163      -    -    -      333.00000  283.31566  14.9%     -  107s
   236   165      -    -    -      333.00000  283.77778  14.8%     -  111s
   292   191      -    -    -      333.00000  285.63193  14.2%     -  120s
   489   312      -    -    -      333.00000  285.63193  14.2%     -  175s
   569   343      -    -    -      333.00000  285.63193  14.2%     -  181s
   571   376      -    -    -      333.00000  285.63193  14.2%     -  248s
   703   426      -    -    -      333.00000  285.70712  14.2%     -  269s
   705   475      -    -    -      333.00000  285.70712  14.2%     -  270s
   785   476      -    -    -      333.00000  285.95833  14.1%     -  285s
   801   487      -    -    -      333.00000  289.16667  13.2%     -  333s
   829   509      -    -    -      333.00000  289.16667  13.2%     -  335s
   940   554      -    -    -      333.00000  289.16667  13.2%     -  340s
   960   546      -    -    -      333.00000  289.16667  13.2%     -  349s
   990   577      -    -    -      333.00000  289.16667  13.2%     -  350s
  1192   594      -    -    -      333.00000  290.18075  12.9%     -  431s
  1236   596      -    -    -      333.00000  290.18075  12.9%     -  455s
  1387   648      -    -    -      333.00000  291.93519  12.3%     -  535s
  1599   697      -    -    -      333.00000  292.11054  12.3%     -  596s
  1672   705      -    -    -      333.00000  292.11054  12.3%     -  600s
  1676   733      -    -    -      333.00000  292.13889  12.3%     -  657s
  1840   703      -    -    -      333.00000  292.13889  12.3%     -  663s
  1910   752      -    -    -      333.00000  292.13889  12.3%     -  665s
  1987   754      -    -    -      333.00000  292.37500  12.2%     -  724s
  2041   790      -    -    -      333.00000  292.38380  12.2%     -  725s
  2149   756      -    -    -      333.00000  292.49603  12.2%     -  731s
  2270   816      -    -    -      333.00000  293.31798  11.9%     -  772s
  2373   838      -    -    -      333.00000  293.31798  11.9%     -  782s
  2375   864      -    -    -      333.00000  293.59755  11.8%     -  851s
  2427   970      -    -    -      333.00000  293.72222  11.8%     -  863s
  2575   968      -    -    -      333.00000  293.87500  11.7%     -  870s
  2585  1024      -    -    -      333.00000  294.05556  11.7%     -  903s
  2701  1148      -    -    -      333.00000  294.33333  11.6%     -  945s
  2925  1165      -    -    -      333.00000  294.33333  11.6%     -  954s
  2938  1242      -    -    -      333.00000  294.33333  11.6%     -  963s
  3103  1326      -    -    -      333.00000  294.56991  11.5%     - 1025s
  3291  1346      -    -    -      333.00000  294.56991  11.5%     - 1054s
  3311  1348      -    -    -      333.00000  294.81250  11.5%     - 1065s
  3313  1403      -    -    -      333.00000  294.81250  11.5%     - 1071s
  3434  1420      -    -    -      333.00000  294.81250  11.5%     - 1080s
  3475  1452      -    -    -      333.00000  295.16667  11.4%     - 1146s
  3527  1510      -    -    -      333.00000  295.16667  11.4%     - 1155s
  3627  1510      -    -    -      333.00000  295.16667  11.4%     - 1169s

Gurobi 10.0.3 (linux64) logging started Tue Sep  3 20:30:43 2024

Set parameter LogFile to value "local/logs/w3-k2-s3.log"

Gurobi 10.0.3 (linux64) logging started Tue Sep  3 20:30:43 2024

Set parameter LogFile to value "local/logs/w3-k2-s3.log"
Warning: variable name "x_(0000, 0)" has a space
Warning: default variable names used to write mps file
Gurobi Optimizer version 10.0.3 build v10.0.3rc0 (linux64)

CPU model: AMD EPYC 7742 64-Core Processor, instruction set [SSE2|AVX|AVX2]
Thread count: 64 physical cores, 128 logical processors, using up to 128 threads

Academic license 2533279 - for non-commercial use only - registered to bl___@rice.edu
Optimize a model with 2268 rows, 972 columns and 4617 nonzeros
Model fingerprint: 0x9f69fa60
Variable types: 0 continuous, 972 integer (972 binary)
Coefficient statistics:
  Matrix range     [1e+00, 1e+00]
  Objective range  [1e+00, 1e+00]
  Bounds range     [1e+00, 1e+00]
  RHS range        [1e+00, 1e+00]

Concurrent MIP optimizer: 64 concurrent instances (2 threads per instance)


User MIP start produced solution with objective 333 (0.05s)
Loaded user MIP start with objective 333

Presolve removed 27 rows and 3 columns
Presolve time: 0.01s
Presolved: 2241 rows, 969 columns, 4563 nonzeros
Variable types: 0 continuous, 969 integer (969 binary)
Root relaxation presolved: 2241 rows, 969 columns, 4563 nonzeros


Use crossover to convert LP symmetric solution to basic solution...

Root relaxation: objective 2.510000e+02, 230 iterations, 0.01 seconds (0.01 work units)

    Nodes    |    Current Node    |     Objective Bounds      |     Work
 Expl Unexpl |  Obj  Depth IntInf | Incumbent    BestBd   Gap | It/Node Time

     0     0      -    -    -      333.00000  251.00000  24.6%     -    0s
     0     0      -    -    -      333.00000  260.22222  21.9%     -    0s
     0     0      -    -    -      333.00000  260.66667  21.7%     -    0s
     0     0      -    -    -      333.00000  262.37500  21.2%     -    0s
     0     0      -    -    -      333.00000  263.04651  21.0%     -    0s
     0     0      -    -    -      333.00000  263.04651  21.0%     -    0s
     0     0      -    -    -      333.00000  265.40310  20.3%     -    0s
     0     0      -    -    -      333.00000  265.53191  20.3%     -    0s
     0     0      -    -    -      333.00000  265.53191  20.3%     -    0s
     0     0      -    -    -      333.00000  266.65741  19.9%     -    0s
     0     0      -    -    -      333.00000  266.83333  19.9%     -    0s
     0     0      -    -    -      333.00000  266.83333  19.9%     -    0s
     0     0      -    -    -      333.00000  267.35417  19.7%     -    0s
     0     2      -    -    -      333.00000  279.50000  16.1%     -   40s
   101    85      -    -    -      333.00000  279.50000  16.1%     -   45s
   169   126      -    -    -      333.00000  280.04341  15.9%     -   50s
   199   150      -    -    -      333.00000  285.63193  14.2%     -  101s
   232   163      -    -    -      333.00000  285.63193  14.2%     -  106s
   236   165      -    -    -      333.00000  285.63193  14.2%     -  110s
   292   191      -    -    -      333.00000  285.63193  14.2%     -  121s
   489   312      -    -    -      333.00000  285.63193  14.2%     -  186s
   566   341      -    -    -      333.00000  285.63193  14.2%     -  190s
   571   376      -    -    -      333.00000  285.63193  14.2%     -  253s
   703   426      -    -    -      333.00000  285.63193  14.2%     -  274s
   785   476      -    -    -      333.00000  285.70712  14.2%     -  291s
   801   487      -    -    -      333.00000  289.16667  13.2%     -  343s
   829   509      -    -    -      333.00000  289.16667  13.2%     -  345s
   940   554      -    -    -      333.00000  289.16667  13.2%     -  350s
   960   546      -    -    -      333.00000  289.16667  13.2%     -  359s
  1006   577      -    -    -      333.00000  289.16667  13.2%     -  360s
  1192   594      -    -    -      333.00000  289.75000  13.0%     -  445s
  1236   596      -    -    -      333.00000  290.18075  12.9%     -  469s
  1271   625      -    -    -      333.00000  290.18075  12.9%     -  470s
  1387   648      -    -    -      333.00000  291.93519  12.3%     -  556s
  1599   697      -    -    -      333.00000  292.11054  12.3%     -  612s
  1672   705      -    -    -      333.00000  292.11054  12.3%     -  615s
  1676   733      -    -    -      333.00000  292.26389  12.2%     -  671s
  1840   703      -    -    -      333.00000  292.26543  12.2%     -  677s
  1987   754      -    -    -      333.00000  292.68649  12.1%     -  743s
  2041   790      -    -    -      333.00000  292.68649  12.1%     -  745s
  2149   756      -    -    -      333.00000  292.68649  12.1%     -  750s
  2270   816      -    -    -      333.00000  293.47222  11.9%     -  790s
  2373   838      -    -    -      333.00000  293.47222  11.9%     -  800s
  2375   864      -    -    -      333.00000  293.87500  11.7%     -  867s
  2427   970      -    -    -      333.00000  294.05556  11.7%     -  880s
  2575   968      -    -    -      333.00000  294.05556  11.7%     -  888s
  2585  1024      -    -    -      333.00000  294.05556  11.7%     -  924s
  2701  1148      -    -    -      333.00000  294.33157  11.6%     -  974s
  2901  1160      -    -    -      333.00000  294.33333  11.6%     -  979s
  2925  1165      -    -    -      333.00000  294.33333  11.6%     -  986s
  2938  1242      -    -    -      333.00000  294.56991  11.5%     -  995s
  3103  1326      -    -    -      333.00000  294.81250  11.5%     - 1058s
  3291  1346      -    -    -      333.00000  294.81250  11.5%     - 1091s
  3311  1348      -    -    -      333.00000  294.81250  11.5%     - 1101s
  3313  1403      -    -    -      333.00000  294.81250  11.5%     - 1108s
  3434  1420      -    -    -      333.00000  294.81250  11.5%     - 1116s
  3475  1452      -    -    -      333.00000  295.28125  11.3%     - 1182s
  3527  1510      -    -    -      333.00000  295.28125  11.3%     - 1188s
  3627  1510      -    -    -      333.00000  295.28125  11.3%     - 1199s
  3633  1576      -    -    -      333.00000  295.38889  11.3%     - 1244s
  3769  1672      -    -    -      333.00000  295.68333  11.2%     - 1295s
  3933  1689      -    -    -      333.00000  295.96667  11.1%     - 1338s
  3972  1715      -    -    -      333.00000  296.11905  11.1%     - 1405s
  4030  1781      -    -    -      333.00000  296.31481  11.0%     - 1477s
  4172  1845      -    -    -      333.00000  296.31481  11.0%     - 1501s
  4298  1885      -    -    -      333.00000  296.38333  11.0%     - 1554s
  4404  1988      -    -    -      333.00000  296.53571  11.0%     - 1620s
  4612  2094      -    -    -      333.00000  296.53571  11.0%     - 1679s
  4845  2142      -    -    -      333.00000  296.89238  10.8%     - 1753s
  4957  2261      -    -    -      333.00000  297.25157  10.7%     - 1816s
  5199  2265      -    -    -      333.00000  297.46970  10.7%     - 1884s
  5203  2471      -    -    -      333.00000  297.69885  10.6%     - 1948s
  5755  2662      -    -    -      333.00000  297.88333  10.5%     - 2034s
  6247  2718      -    -    -      333.00000  298.40370  10.4%     - 2103s
  6355  2827      -    -    -      333.00000  298.63889  10.3%     - 2176s
  6608  2923      -    -    -      333.00000  298.85109  10.3%     - 2267s
  6794  2969      -    -    -      333.00000  298.99074  10.2%     - 2354s
  6908  3183      -    -    -      333.00000  298.99074  10.2%     - 2386s
  7345  3229      -    -    -      333.00000  299.04815  10.2%     - 2458s
  7457  3408      -    -    -      333.00000  299.40123  10.1%     - 2614s
  7845  3588      -    -    -      333.00000  299.78778  10.0%     - 2748s
  8257  3638      -    -    -      333.00000  299.85714  10.0%     - 2876s
  8445  3872      -    -    -      333.00000  300.33333  9.81%     - 3008s
  8957  4142      -    -    -      333.00000  300.36905  9.80%     - 3099s
  9545  4359      -    -    -      333.00000  300.73611  9.69%     - 3225s
 10057  4499      -    -    -      333.00000  300.88796  9.64%     - 3307s
 10341  4549      -    -    -      333.00000  300.97778  9.62%     - 3386s
 10461  4595      -    -    -      333.00000  301.01563  9.60%     - 3467s
 10541  4814      -    -    -      333.00000  301.12662  9.57%     - 3570s
 11061  4985      -    -    -      333.00000  301.21667  9.54%     - 3665s
 11441  5033      -    -    -      333.00000  301.25487  9.53%     - 3794s
 11561  5242      -    -    -      333.00000  301.44722  9.48%     - 3894s
 12141  5382      -    -    -      333.00000  301.66667  9.41%     - 3996s
 12461  5417      -    -    -      333.00000  301.83333  9.36%     - 4081s
 12541  5614      -    -    -      333.00000  302.16667  9.26%     - 4203s
 12961  5644      -    -    -      333.00000  302.24691  9.24%     - 4277s
 13041  5700      -    -    -      333.00000  302.26543  9.23%     - 4359s
 13161  5827      -    -    -      333.00000  302.37606  9.20%     - 4428s
 13441  6006      -    -    -      333.00000  302.38580  9.19%     - 4533s
 13953  6060      -    -    -      333.00000  302.50000  9.16%     - 4633s
 14049  6255      -    -    -      333.00000  302.66667  9.11%     - 4732s
 14553  6296      -    -    -      333.00000  302.80705  9.07%     - 4812s
 14649  6425      -    -    -      333.00000  302.80705  9.07%     - 4899s
 14953  6509      -    -    -      333.00000  302.95312  9.02%     - 4987s
 15149  6650      -    -    -      333.00000  303.35000  8.90%     - 5116s
 15453  6697      -    -    -      333.00000  303.35000  8.90%     - 5205s
 15552  6862      -    -    -      333.00000  303.38889  8.89%     - 5301s
 15950  6920      -    -    -      333.00000  303.50000  8.86%     - 5386s
 16152  7233      -    -    -      333.00000  303.57143  8.84%     - 5459s
 16950  7410      -    -    -      333.00000  303.74199  8.79%     - 5559s
 17352  7526      -    -    -      333.00000  303.80952  8.77%     - 5647s
 17650  7711      -    -    -      333.00000  303.83333  8.76%     - 5748s
 18152  7887      -    -    -      333.00000  303.88095  8.74%     - 5797s
 18612  7981      -    -    -      333.00000  304.17656  8.66%     - 5897s
 18862  8059      -    -    -      333.00000  304.25000  8.63%     - 5970s
 19040  8233      -    -    -      333.00000  304.25439  8.63%     - 6038s
 19492  8472      -    -    -      333.00000  304.27178  8.63%     - 6132s
 20096  8599      -    -    -      333.00000  304.28194  8.62%     - 6179s
 20461  8715      -    -    -      333.00000  304.44136  8.58%     - 6273s
 20741  8869      -    -    -      333.00000  304.44444  8.58%     - 6359s
 21161  8944      -    -    -      333.00000  304.53356  8.55%     - 6443s
 21341  8990      -    -    -      333.00000  304.54012  8.55%     - 6538s
 21461  9058      -    -    -      333.00000  304.57778  8.54%     - 6625s
 21641  9110      -    -    -      333.00000  304.73943  8.49%     - 6699s
 21761  9140      -    -    -      333.00000  304.81481  8.46%     - 6800s
 21841  9364      -    -    -      333.00000  304.92857  8.43%     - 6893s
 22461  9445      -    -    -      333.00000  305.07407  8.39%     - 6991s
 22741  9622      -    -    -      333.00000  305.22727  8.34%     - 7090s
 23161  9698      -    -    -      333.00000  305.30952  8.32%     - 7198s
 23341  9802      -    -    -      333.00000  305.36961  8.30%     - 7272s
 23585 10066      -    -    -      333.00000  305.36961  8.30%     - 7351s
 24317 10099      -    -    -      333.00000  305.50000  8.26%     - 7420s
 24485 10111      -    -    -      333.00000  305.50000  8.26%     - 7501s
 24517 10189      -    -    -      333.00000  305.61596  8.22%     - 7586s
 24785 10262      -    -    -      333.00000  305.70635  8.20%     - 7685s
 25017 10397      -    -    -      333.00000  305.72778  8.19%     - 7780s
 25385 10548      -    -    -      333.00000  305.83333  8.16%     - 7834s
 25790 10622      -    -    -      333.00000  305.85317  8.15%     - 7945s
 26012 10728      -    -    -      333.00000  305.86667  8.15%     - 8029s
 26390 10819      -    -    -      333.00000  305.98016  8.11%     - 8118s
 26612 10901      -    -    -      333.00000  306.00000  8.11%     - 8201s
 26890 11113      -    -    -      333.00000  306.02500  8.10%     - 8286s
 27412 11258      -    -    -      333.00000  306.07143  8.09%     - 8338s
 27790 11498      -    -    -      333.00000  306.12619  8.07%     - 8403s
 28412 11580      -    -    -      333.00000  306.16667  8.06%     - 8485s
 28690 11781      -    -    -      333.00000  306.24194  8.04%     - 8575s
 29212 11847      -    -    -      333.00000  306.25750  8.03%     - 8639s
 29402 11915      -    -    -      333.00000  306.29762  8.02%     - 8728s
 29600 11917      -    -    -      333.00000  306.30655  8.02%     - 8800s
 29602 11954      -    -    -      333.00000  306.33333  8.01%     - 8896s
 29708 12090      -    -    -      333.00000  306.33333  8.01%     - 8964s
 30094 12301      -    -    -      333.00000  306.39380  7.99%     - 9040s
 30696 12408      -    -    -      333.00000  306.46032  7.97%     - 9122s
 31003 12666      -    -    -      333.00000  306.50000  7.96%     - 9236s
 31799 12704      -    -    -      333.00000  306.57500  7.94%     - 9323s
 31903 12821      -    -    -      333.00000  306.66667  7.91%     - 9373s
 32199 12825      -    -    -      333.00000  306.66667  7.91%     - 9411s
 32203 12937      -    -    -      333.00000  306.68000  7.90%     - 9478s
 32499 12969      -    -    -      333.00000  306.77778  7.87%     - 9544s
 32603 13145      -    -    -      333.00000  306.77778  7.87%     - 9634s
 33199 13149      -    -    -      333.00000  306.93000  7.83%     - 9709s
 33203 13222      -    -    -      333.00000  306.98611  7.81%     - 9785s
 33399 13266      -    -    -      333.00000  307.01220  7.80%     - 9833s
 33503 13345      -    -    -      333.00000  307.01220  7.80%     - 9908s
 33799 13404      -    -    -      333.00000  307.08333  7.78%     - 9989s
 34003 13537      -    -    -      333.00000  307.14860  7.76%     - 10061s
 34439 13627      -    -    -      333.00000  307.16667  7.76%     - 10107s
 34663 13745      -    -    -      333.00000  307.16667  7.76%     - 10202s
 34939 13966      -    -    -      333.00000  307.19771  7.75%     - 10276s
 35563 13994      -    -    -      333.00000  307.27721  7.72%     - 10352s
 35639 14091      -    -    -      333.00000  307.33333  7.71%     - 10437s
 35863 14153      -    -    -      333.00000  307.38889  7.69%     - 10515s
 36039 14233      -    -    -      333.00000  307.50000  7.66%     - 10592s
 36263 14299      -    -    -      333.00000  307.50000  7.66%     - 10660s
 36439 14364      -    -    -      333.00000  307.57143  7.64%     - 10763s
 36663 14578      -    -    -      333.00000  307.58333  7.63%     - 10835s
 37339 14701      -    -    -      333.00000  307.63333  7.62%     - 10917s
 37663 14782      -    -    -      333.00000  307.70000  7.60%     - 10994s
 37888 14870      -    -    -      333.00000  307.70000  7.60%     - 11068s
 38214 15000      -    -    -      333.00000  307.73086  7.59%     - 11185s
 38588 15045      -    -    -      333.00000  307.80814  7.57%     - 11299s
 38714 15236      -    -    -      333.00000  307.88889  7.54%     - 11404s
 39328 15294      -    -    -      333.00000  307.94444  7.52%     - 11483s
 39474 15415      -    -    -      333.00000  307.98148  7.51%     - 11556s
 39828 15557      -    -    -      333.00000  308.03927  7.50%     - 11652s
 40274 15629      -    -    -      333.00000  308.08889  7.48%     - 11712s
 40528 15743      -    -    -      333.00000  308.09850  7.48%     - 11789s
 40829 16060      -    -    -      333.00000  308.09850  7.48%     - 11855s
 41673 16095      -    -    -      333.00000  308.12766  7.47%     - 11911s
 41803 16251      -    -    -      333.00000  308.16667  7.46%     - 11954s
 42199 16382      -    -    -      333.00000  308.20972  7.44%     - 12022s
 42603 16530      -    -    -      333.00000  308.27778  7.42%     - 12102s
 43099 16571      -    -    -      333.00000  308.29167  7.42%     - 12167s
 43203 16691      -    -    -      333.00000  308.34568  7.40%     - 12252s
 43599 16747      -    -    -      333.00000  308.34568  7.40%     - 12305s
 43803 16787      -    -    -      333.00000  308.37037  7.40%     - 12342s
 43905 16904      -    -    -      333.00000  308.41667  7.38%     - 12425s
 44297 16954      -    -    -      333.00000  308.41667  7.38%     - 12493s
 44405 17084      -    -    -      333.00000  308.48864  7.36%     - 12583s
 44797 17090      -    -    -      333.00000  308.50000  7.36%     - 12638s
 44803 17776      -    -    -      333.00000  308.77778  7.27%     - 12911s
 46805 17919      -    -    -      333.00000  308.77778  7.27%     - 12982s
 47197 17923      -    -    -      333.00000  308.80441  7.27%     - 13038s
 47205 17960      -    -    -      333.00000  308.83333  7.26%     - 13130s
 47428 18159      -    -    -      333.00000  308.87500  7.24%     - 13229s
 48074 18250      -    -    -      333.00000  308.87500  7.24%     - 13293s
 48328 18304      -    -    -      333.00000  308.88889  7.24%     - 13372s
 48474 18506      -    -    -      333.00000  309.00000  7.21%     - 13444s
 49028 18589      -    -    -      333.00000  309.04167  7.19%     - 13510s
 49274 18723      -    -    -      333.00000  309.04545  7.19%     - 13595s
 49728 18789      -    -    -      333.00000  309.05556  7.19%     - 13664s
 49974 18984      -    -    -      333.00000  309.12402  7.17%     - 13754s
 50528 19036      -    -    -      333.00000  309.12402  7.17%     - 13828s
 50674 19110      -    -    -      333.00000  309.16667  7.16%     - 13881s
 50928 19151      -    -    -      333.00000  309.18452  7.15%     - 13955s
 51074 19241      -    -    -      333.00000  309.25000  7.13%     - 14022s
 51328 19297      -    -    -      333.00000  309.27303  7.13%     - 14106s
 51474 19475      -    -    -      333.00000  309.33333  7.11%     - 14186s
 52028 19702      -    -    -      333.00000  309.33333  7.11%     - 14288s
 52774 19896      -    -    -      333.00000  309.38462  7.09%     - 14363s
 53328 19947      -    -    -      333.00000  309.38462  7.09%     - 14410s
 53463 20080      -    -    -      333.00000  309.50000  7.06%     - 14489s
 53939 20154      -    -    -      333.00000  309.50000  7.06%     - 14564s
 54163 20271      -    -    -      333.00000  309.50000  7.06%     - 14596s
 54519 20429      -    -    -      333.00000  309.50463  7.06%     - 14639s
 55086 20470      -    -    -      333.00000  309.57333  7.04%     - 14711s
 55216 20560      -    -    -      333.00000  309.60185  7.03%     - 14786s
 55486 20569      -    -    -      333.00000  309.65021  7.01%     - 14862s
 55516 20688      -    -    -      333.00000  309.66667  7.01%     - 14938s
 55886 20758      -    -    -      333.00000  309.68056  7.00%     - 15006s
 56116 20807      -    -    -      333.00000  309.72821  6.99%     - 15061s
 56386 20838      -    -    -      333.00000  309.75000  6.98%     - 15134s
 56516 21019      -    -    -      333.00000  309.79167  6.97%     - 15220s
 56986 21023      -    -    -      333.00000  309.83333  6.96%     - 15308s
 57002 21212      -    -    -      333.00000  309.87654  6.94%     - 15395s
 57600 21244      -    -    -      333.00000  309.87654  6.94%     - 15457s
 57702 21382      -    -    -      333.00000  309.94017  6.92%     - 15546s
 58200 21384      -    -    -      333.00000  310.00000  6.91%     - 15627s
 58202 21405      -    -    -      333.00000  310.00926  6.90%     - 15701s
 58400 21445      -    -    -      333.00000  310.02047  6.90%     - 15773s
 58502 21486      -    -    -      333.00000  310.03704  6.90%     - 15817s
 58603 21644      -    -    -      333.00000  310.03722  6.90%     - 15908s
 59199 21648      -    -    -      333.00000  310.07870  6.88%     - 15980s
 59203 21814      -    -    -      333.00000  310.10000  6.88%     - 16049s
 59799 21889      -    -    -      333.00000  310.11111  6.87%     - 16091s
 60078 21964      -    -    -      333.00000  310.16667  6.86%     - 16162s
 60324 22012      -    -    -      333.00000  310.22222  6.84%     - 16233s
 60578 22076      -    -    -      333.00000  310.27778  6.82%     - 16323s
 60724 22255      -    -    -      333.00000  310.31667  6.81%     - 16395s
 61378 22295      -    -    -      333.00000  310.33333  6.81%     - 16501s
 61524 22435      -    -    -      333.00000  310.37395  6.79%     - 16573s
 61978 22487      -    -    -      333.00000  310.40000  6.79%     - 16665s
 62124 22601      -    -    -      333.00000  310.43750  6.78%     - 16778s
 62578 22623      -    -    -      333.00000  310.45455  6.77%     - 16865s
 62653 22814      -    -    -      333.00000  310.48897  6.76%     - 16922s
 63242 22910      -    -    -      333.00000  310.53125  6.75%     - 17006s
 63560 23031      -    -    -      333.00000  310.59091  6.73%     - 17110s
 63995 23243      -    -    -      333.00000  310.59944  6.73%     - 17163s
 64680 23284      -    -    -      333.00000  310.65335  6.71%     - 17224s
 64822 23381      -    -    -      333.00000  310.66667  6.71%     - 17299s
 65080 23483      -    -    -      333.00000  310.66667  6.71%     - 17379s
 65422 23558      -    -    -      333.00000  310.70455  6.70%     - 17436s
 65680 23620      -    -    -      333.00000  310.72549  6.69%     - 17524s
 65922 23684      -    -    -      333.00000  310.72870  6.69%     - 17613s
 66180 23881      -    -    -      333.00000  310.75556  6.68%     - 17688s
 66822 23944      -    -    -      333.00000  310.77083  6.68%     - 17787s
 67080 23986      -    -    -      333.00000  310.77404  6.67%     - 17891s
 67222 24322      -    -    -      333.00000  310.83333  6.66%     - 18092s
 68380 24368      -    -    -      333.00000  310.85490  6.65%     - 18198s
 68522 24468      -    -    -      333.00000  310.88164  6.64%     - 18324s
 68880 24566      -    -    -      333.00000  310.93750  6.63%     - 18422s
 69224 24702      -    -    -      333.00000  310.98785  6.61%     - 18517s
 69678 24714      -    -    -      333.00000  311.00000  6.61%     - 18593s
 69724 24955      -    -    -      333.00000  311.00397  6.61%     - 18715s
 70478 25039      -    -    -      333.00000  311.05602  6.59%     - 18789s
 70824 25160      -    -    -      333.00000  311.08108  6.58%     - 18886s
 71278 25288      -    -    -      333.00000  311.08667  6.58%     - 18962s
 71724 25373      -    -    -      333.00000  311.15678  6.56%     - 19029s
 71978 25372      -    -    -      333.00000  311.16225  6.56%     - 19073s
 72003 25553      -    -    -      333.00000  311.16667  6.56%     - 19166s
 72599 25587      -    -    -      333.00000  311.26923  6.53%     - 19231s
 72703 25779      -    -    -      333.00000  311.32943  6.51%     - 19297s
 73399 25815      -    -    -      333.00000  311.34639  6.50%     - 19344s
 73503 26016      -    -    -      333.00000  311.43333  6.48%     - 19437s
 74191 26082      -    -    -      333.00000  311.50000  6.46%     - 19494s
 74411 26286      -    -    -      333.00000  311.50926  6.45%     - 19600s
 75091 26324      -    -    -      333.00000  311.56667  6.44%     - 19686s
 75211 26494      -    -    -      333.00000  311.57576  6.43%     - 19738s
 75765 26624      -    -    -      333.00000  311.60000  6.43%     - 19774s
 76202 26687      -    -    -      333.00000  311.60417  6.43%     - 19841s
 76400 26713      -    -    -      333.00000  311.66051  6.41%     - 19903s
 76502 26779      -    -    -      333.00000  311.66667  6.41%     - 19973s
 76700 26827      -    -    -      333.00000  311.66667  6.41%     - 20024s
 76902 26940      -    -    -      333.00000  311.66667  6.41%     - 20099s
 77300 26942      -    -    -      333.00000  311.68056  6.40%     - 20163s
 77302 26976      -    -    -      333.00000  311.71502  6.39%     - 20248s
 77500 27081      -    -    -      333.00000  311.72222  6.39%     - 20311s
 77802 27248      -    -    -      333.00000  311.72222  6.39%     - 20364s
 78300 27281      -    -    -      333.00000  311.79167  6.37%     - 20448s
 78404 27389      -    -    -      333.00000  311.83125  6.36%     - 20498s
 78798 27492      -    -    -      333.00000  311.83125  6.36%     - 20589s
 79104 27553      -    -    -      333.00000  311.83333  6.36%     - 20648s
 79298 27559      -    -    -      333.00000  311.84677  6.35%     - 20708s
 79304 27638      -    -    -      333.00000  311.84677  6.35%     - 20757s
 79598 27738      -    -    -      333.00000  311.93333  6.33%     - 20799s
 79904 27869      -    -    -      333.00000  311.94444  6.32%     - 20869s
 80398 27968      -    -    -      333.00000  311.95833  6.32%     - 20959s
 80704 28082      -    -    -      333.00000  312.00000  6.31%     - 21017s
 81098 28158      -    -    -      333.00000  312.00000  6.31%     - 21056s
 81392 28158      -    -    -      333.00000  312.00000  6.31%     - 21122s
 81410 28233      -    -    -      333.00000  312.00000  6.31%     - 21210s
 81692 28325      -    -    -      333.00000  312.00833  6.30%     - 21274s
 82010 28478      -    -    -      333.00000  312.02976  6.30%     - 21353s
 82492 28578      -    -    -      333.00000  312.02976  6.30%     - 21442s
 82810 28687      -    -    -      333.00000  312.06000  6.29%     - 21518s
 83192 28715      -    -    -      333.00000  312.11481  6.27%     - 21614s
 83310 28821      -    -    -      333.00000  312.15625  6.26%     - 21666s
 83692 28934      -    -    -      333.00000  312.18303  6.25%     - 21758s
 84110 29024      -    -    -      333.00000  312.22222  6.24%     - 21840s
 84392 29044      -    -    -      333.00000  312.25000  6.23%     - 21906s
 84510 29134      -    -    -      333.00000  312.28378  6.22%     - 22020s
 84792 29167      -    -    -      333.00000  312.33333  6.21%     - 22122s
 84910 29265      -    -    -      333.00000  312.33333  6.21%     - 22211s
 85192 29360      -    -    -      333.00000  312.33333  6.21%     - 22269s
 85510 29470      -    -    -      333.00000  312.34549  6.20%     - 22335s
 85892 29586      -    -    -      333.00000  312.41538  6.18%     - 22393s
 86310 29638      -    -    -      333.00000  312.43333  6.18%     - 22458s
 86492 29646      -    -    -      333.00000  312.48333  6.16%     - 22533s
 86510 29770      -    -    -      333.00000  312.48986  6.16%     - 22608s
 86892 29875      -    -    -      333.00000  312.50000  6.16%     - 22686s
 87210 29953      -    -    -      333.00000  312.50000  6.16%     - 22741s
 87503 30114      -    -    -      333.00000  312.50000  6.16%     - 22781s
 88134 30231      -    -    -      333.00000  312.60000  6.13%     - 22899s
 88568 30320      -    -    -      333.00000  312.66667  6.11%     - 22970s
 88934 30352      -    -    -      333.00000  312.66667  6.11%     - 23055s
 89068 30632      -    -    -      333.00000  312.67273  6.10%     - 23216s
 90134 30685      -    -    -      333.00000  312.72222  6.09%     - 23296s
 90309 30778      -    -    -      333.00000  312.77778  6.07%     - 23418s
 90617 30887      -    -    -      333.00000  312.78125  6.07%     - 23478s
 90985 30950      -    -    -      333.00000  312.79630  6.07%     - 23543s
 91217 31108      -    -    -      333.00000  312.79630  6.07%     - 23598s
 91785 31138      -    -    -      333.00000  312.83333  6.06%     - 23680s
 91906 31237      -    -    -      333.00000  312.85000  6.05%     - 23735s
 92296 31271      -    -    -      333.00000  312.86364  6.05%     - 23809s
 92406 31519      -    -    -      333.00000  312.87037  6.04%     - 23853s
 93396 31557      -    -    -      333.00000  312.87917  6.04%     - 23893s
 93606 31646      -    -    -      333.00000  312.88889  6.04%     - 23927s
 93896 31714      -    -    -      333.00000  312.91957  6.03%     - 24005s
 94184 31779      -    -    -      333.00000  312.94899  6.02%     - 24077s
 94418 31873      -    -    -      333.00000  312.97708  6.01%     - 24115s
 94584 31914      -    -    -      333.00000  313.00000  6.01%     - 24181s
 94818 32088      -    -    -      333.00000  313.00000  6.01%     - 24250s
 95384 32110      -    -    -      333.00000  313.00000  6.01%     - 24344s
 95518 32199      -    -    -      333.00000  313.00000  6.01%     - 24406s
 95784 32211      -    -    -      333.00000  313.03935  5.99%     - 24492s
 95818 32322      -    -    -      333.00000  313.03935  5.99%     - 24549s
 96276 32392      -    -    -      333.00000  313.04624  5.99%     - 24626s
 96526 32675      -    -    -      333.00000  313.06993  5.99%     - 24719s
 97576 32813      -    -    -      333.00000  313.08333  5.98%     - 24760s
 98126 32835      -    -    -      333.00000  313.11000  5.97%     - 24845s
 98202 33046      -    -    -      333.00000  313.15104  5.96%     - 24920s
 99000 33048      -    -    -      333.00000  313.16667  5.96%     - 24995s
 99002 33068      -    -    -      333.00000  313.16667  5.96%     - 25055s
 99104 33192      -    -    -      333.00000  313.16667  5.96%     - 25121s
 99498 33250      -    -    -      333.00000  313.18182  5.95%     - 25181s
 99704 33317      -    -    -      333.00000  313.24167  5.93%     - 25297s
 99998 33390      -    -    -      333.00000  313.25000  5.93%     - 25354s
 100275 33468      -    -    -      333.00000  313.26190  5.93%     - 25446s
 100627 33586      -    -    -      333.00000  313.33333  5.91%     - 25524s
 101075 33652      -    -    -      333.00000  313.33333  5.91%     - 25557s
 101327 33683      -    -    -      333.00000  313.33333  5.91%     - 25639s
 101575 33773      -    -    -      333.00000  313.33654  5.90%     - 25723s
 101927 33834      -    -    -      333.00000  313.34375  5.90%     - 25786s
 102175 33933      -    -    -      333.00000  313.35417  5.90%     - 25868s
 102527 33963      -    -    -      333.00000  313.42105  5.88%     - 25952s
 102675 34088      -    -    -      333.00000  313.43787  5.87%     - 26011s
 103027 34184      -    -    -      333.00000  313.44444  5.87%     - 26054s
 103375 34201      -    -    -      333.00000  313.45455  5.87%     - 26138s
 103502 34358      -    -    -      333.00000  313.50000  5.86%     - 26235s
 104100 34386      -    -    -      333.00000  313.51563  5.85%     - 26326s
 104202 34574      -    -    -      333.00000  313.52778  5.85%     - 26400s
 104900 34576      -    -    -      333.00000  313.53968  5.84%     - 26460s
 104902 34594      -    -    -      333.00000  313.54843  5.84%     - 26503s
 104959 34730      -    -    -      333.00000  313.55614  5.84%     - 26546s
 105501 34874      -    -    -      333.00000  313.57778  5.83%     - 26617s
 106101 34990      -    -    -      333.00000  313.58333  5.83%     - 26705s
 106501 35086      -    -    -      333.00000  313.63333  5.82%     - 26752s
 106801 35131      -    -    -      333.00000  313.66667  5.81%     - 26842s
 107007 35289      -    -    -      333.00000  313.66667  5.81%     - 26920s
 107595 35361      -    -    -      333.00000  313.66667  5.81%     - 26964s
 107840 35410      -    -    -      333.00000  313.68750  5.80%     - 27031s
 108062 35489      -    -    -      333.00000  313.69051  5.80%     - 27077s
 108489 35603      -    -    -      333.00000  313.70000  5.80%     - 27126s
 108817 35647      -    -    -      333.00000  313.70000  5.80%     - 27180s
 108985 35657      -    -    -      333.00000  313.70833  5.79%     - 27261s
 109017 35762      -    -    -      333.00000  313.70833  5.79%     - 27315s
 109432 35997      -    -    -      333.00000  313.73054  5.79%     - 27396s
 110370 36066      -    -    -      333.00000  313.75000  5.78%     - 27455s
 110662 36180      -    -    -      333.00000  313.77778  5.77%     - 27512s
 111140 36329      -    -    -      333.00000  313.77778  5.77%     - 27567s
 111662 36362      -    -    -      333.00000  313.80000  5.77%     - 27623s
 111840 36428      -    -    -      333.00000  313.83333  5.76%     - 27720s
 112062 36477      -    -    -      333.00000  313.83333  5.76%     - 27776s
 112240 36507      -    -    -      333.00000  313.85714  5.75%     - 27878s
 112362 36748      -    -    -      333.00000  313.90909  5.73%     - 27947s
 113210 36876      -    -    -      333.00000  313.91667  5.73%     - 28016s
 113692 36966      -    -    -      333.00000  313.91667  5.73%     - 28079s
 114110 37052      -    -    -      333.00000  313.93333  5.73%     - 28125s
 114392 37092      -    -    -      333.00000  313.93333  5.73%     - 28184s
 114610 37229      -    -    -      333.00000  313.96667  5.72%     - 28238s
 115102 37350      -    -    -      333.00000  313.96667  5.72%     - 28268s
 115591 37402      -    -    -      333.00000  313.97500  5.71%     - 28333s
 115811 37466      -    -    -      333.00000  314.00000  5.71%     - 28397s
 115991 37530      -    -    -      333.00000  314.00000  5.71%     - 28468s
 116211 37586      -    -    -      333.00000  314.00000  5.71%     - 28548s
 116391 37654      -    -    -      333.00000  314.00000  5.71%     - 28622s
 116611 37752      -    -    -      333.00000  314.01190  5.70%     - 28703s
 116991 37798      -    -    -      333.00000  314.03791  5.69%     - 28773s
 117211 37933      -    -    -      333.00000  314.07407  5.68%     - 28843s
 117691 38123      -    -    -      333.00000  314.10937  5.67%     - 28917s
 118311 38256      -    -    -      333.00000  314.11111  5.67%     - 28997s
 118891 38407      -    -    -      333.00000  314.16395  5.66%     - 29093s
 119411 38571      -    -    -      333.00000  314.16667  5.66%     - 29158s
 120091 38576      -    -    -      333.00000  314.16667  5.66%     - 29206s
 120102 38627      -    -    -      333.00000  314.18021  5.65%     - 29249s
 120400 38683      -    -    -      333.00000  314.18182  5.65%     - 29317s
 120602 38780      -    -    -      333.00000  314.21014  5.64%     - 29375s
 121000 38831      -    -    -      333.00000  314.23913  5.63%     - 29435s
 121202 38877      -    -    -      333.00000  314.27778  5.62%     - 29529s
 121400 38879      -    -    -      333.00000  314.27778  5.62%     - 29596s
 121402 38972      -    -    -      333.00000  314.30556  5.61%     - 29691s
 121900 38974      -    -    -      333.00000  314.33333  5.61%     - 29773s
 121902 38992      -    -    -      333.00000  314.33333  5.61%     - 29839s
 122006 39155      -    -    -      333.00000  314.37037  5.59%     - 29940s
 122621 39244      -    -    -      333.00000  314.37476  5.59%     - 30005s
 122892 39308      -    -    -      333.00000  314.37654  5.59%     - 30043s
 123210 39403      -    -    -      333.00000  314.42322  5.58%     - 30158s
 123592 39480      -    -    -      333.00000  314.42742  5.58%     - 30227s
 123910 39572      -    -    -      333.00000  314.45945  5.57%     - 30292s
 124292 39574      -    -    -      333.00000  314.50000  5.56%     - 30368s
 124310 39809      -    -    -      333.00000  314.50909  5.55%     - 30415s
 125192 39839      -    -    -      333.00000  314.50909  5.55%     - 30489s
 125310 39901      -    -    -      333.00000  314.53571  5.54%     - 30568s
 125592 39909      -    -    -      333.00000  314.55263  5.54%     - 30644s
 125610 40041      -    -    -      333.00000  314.55263  5.54%     - 30694s
 126192 40091      -    -    -      333.00000  314.57500  5.53%     - 30792s
 126405 40310      -    -    -      333.00000  314.59722  5.53%     - 30904s
 127197 40402      -    -    -      333.00000  314.61111  5.52%     - 30959s
 127505 40502      -    -    -      333.00000  314.66667  5.51%     - 31032s
 127897 40726      -    -    -      333.00000  314.66667  5.51%     - 31107s
 128805 40867      -    -    -      333.00000  314.67857  5.50%     - 31190s
 129297 40940      -    -    -      333.00000  314.70101  5.50%     - 31262s
 129705 40992      -    -    -      333.00000  314.72222  5.49%     - 31304s
 129997 41057      -    -    -      333.00000  314.74359  5.48%     - 31407s
 130325 41094      -    -    -      333.00000  314.75049  5.48%     - 31483s
 130477 41177      -    -    -      333.00000  314.77500  5.47%     - 31583s
 130853 41195      -    -    -      333.00000  314.79762  5.47%     - 31662s
 130949 41258      -    -    -      333.00000  314.79762  5.47%     - 31744s
 131153 41282      -    -    -      333.00000  314.83333  5.46%     - 31807s
 131249 41314      -    -    -      333.00000  314.83333  5.46%     - 31901s
 131353 41527      -    -    -      333.00000  314.83333  5.46%     - 31969s
 132149 41572      -    -    -      333.00000  314.85000  5.45%     - 32010s
 132403 41634      -    -    -      333.00000  314.86869  5.44%     - 32094s
 132699 41712      -    -    -      333.00000  314.89063  5.44%     - 32161s
 133003 41815      -    -    -      333.00000  314.89063  5.44%     - 32219s
 133399 41839      -    -    -      333.00000  314.91667  5.43%     - 32304s
 133503 41933      -    -    -      333.00000  314.92308  5.43%     - 32358s
 133932 42015      -    -    -      333.00000  314.92308  5.43%     - 32400s
 134270 42169      -    -    -      333.00000  314.92308  5.43%     - 32452s
 134932 42191      -    -    -      333.00000  314.96448  5.42%     - 32521s
 135002 42253      -    -    -      333.00000  315.00000  5.41%     - 32586s
 135200 42255      -    -    -      333.00000  315.00000  5.41%     - 32646s
 135202 42392      -    -    -      333.00000  315.00000  5.41%     - 32732s
 135800 42510      -    -    -      333.00000  315.02353  5.40%     - 32777s
 136302 42568      -    -    -      333.00000  315.02778  5.40%     - 32860s
 136500 42642      -    -    -      333.00000  315.03704  5.39%     - 32921s
 136832 42672      -    -    -      333.00000  315.04167  5.39%     - 32957s
 136902 42741      -    -    -      333.00000  315.06410  5.39%     - 32994s
 137276 42801      -    -    -      333.00000  315.07143  5.38%     - 33052s
 137626 42940      -    -    -      333.00000  315.08899  5.38%     - 33155s
 138176 42984      -    -    -      333.00000  315.08899  5.38%     - 33203s
 138326 43026      -    -    -      333.00000  315.09821  5.38%     - 33254s
 138513 43178      -    -    -      333.00000  315.12500  5.37%     - 33295s
 139089 43192      -    -    -      333.00000  315.12500  5.37%     - 33373s
 139213 43289      -    -    -      333.00000  315.16667  5.36%     - 33424s
 139545 43341      -    -    -      333.00000  315.16667  5.36%     - 33481s
 139757 43425      -    -    -      333.00000  315.17130  5.35%     - 33558s
 140045 43484      -    -    -      333.00000  315.17188  5.35%     - 33633s
 140257 43594      -    -    -      333.00000  315.20833  5.34%     - 33714s
 140745 43642      -    -    -      333.00000  315.25000  5.33%     - 33787s
 140957 43894      -    -    -      333.00000  315.28895  5.32%     - 33899s
 142045 43996      -    -    -      333.00000  315.30982  5.31%     - 34004s
 142457 44047      -    -    -      333.00000  315.30982  5.31%     - 34046s
 142645 44087      -    -    -      333.00000  315.33333  5.31%     - 34108s
 142757 44130      -    -    -      333.00000  315.33333  5.31%     - 34165s
 142945 44203      -    -    -      333.00000  315.35000  5.30%     - 34279s
 143237 44294      -    -    -      333.00000  315.36137  5.30%     - 34362s
 143665 44366      -    -    -      333.00000  315.37500  5.29%     - 34451s
 143937 44398      -    -    -      333.00000  315.37500  5.29%     - 34517s
 144065 44471      -    -    -      333.00000  315.40000  5.29%     - 34577s
 144337 44553      -    -    -      333.00000  315.40000  5.29%     - 34636s
 144665 44680      -    -    -      333.00000  315.41935  5.28%     - 34705s
 145137 44793      -    -    -      333.00000  315.43056  5.28%     - 34796s
 145565 44822      -    -    -      333.00000  315.43973  5.27%     - 34873s
 145674 44864      -    -    -      333.00000  315.48611  5.26%     - 34953s
 145828 44952      -    -    -      333.00000  315.50000  5.26%     - 35030s
 146174 45069      -    -    -      333.00000  315.50000  5.26%     - 35116s
 146728 45259      -    -    -      333.00000  315.50000  5.26%     - 35191s
 147465 45290      -    -    -      333.00000  315.53333  5.25%     - 35248s
 147602 45381      -    -    -      333.00000  315.54149  5.24%     - 35298s
 148000 45468      -    -    -      333.00000  315.54149  5.24%     - 35399s
 148302 45655      -    -    -      333.00000  315.55556  5.24%     - 35522s
 149100 45685      -    -    -      333.00000  315.58333  5.23%     - 35594s
 149202 45727      -    -    -      333.00000  315.60000  5.23%     - 35671s
 149400 45729      -    -    -      333.00000  315.60667  5.22%     - 35738s
 149402 45868      -    -    -      333.00000  315.61667  5.22%     - 35821s
 149900 45941      -    -    -      333.00000  315.64815  5.21%     - 35923s
 150102 46121      -    -    -      333.00000  315.66667  5.21%     - 36024s
 150900 46123      -    -    -      333.00000  315.66667  5.21%     - 36083s
 150902 46158      -    -    -      333.00000  315.66667  5.21%     - 36136s
 151064 46179      -    -    -      333.00000  315.67762  5.20%     - 36223s
 151138 46290      -    -    -      333.00000  315.70000  5.20%     - 36298s
 151564 46389      -    -    -      333.00000  315.71429  5.19%     - 36396s
 151938 46523      -    -    -      333.00000  315.75000  5.18%     - 36507s
 152464 46548      -    -    -      333.00000  315.75000  5.18%     - 36581s
 152538 46690      -    -    -      333.00000  315.77778  5.17%     - 36630s
 153165 46756      -    -    -      333.00000  315.78788  5.17%     - 36709s
 153437 46876      -    -    -      333.00000  315.78889  5.17%     - 36770s
 153965 46900      -    -    -      333.00000  315.80000  5.17%     - 36827s
 154037 47023      -    -    -      333.00000  315.82386  5.16%     - 36905s
 154565 47086      -    -    -      333.00000  315.82870  5.16%     - 36956s
 154786 47099      -    -    -      333.00000  315.83333  5.16%     - 37001s
 154853 47207      -    -    -      333.00000  315.86111  5.15%     - 37111s
 155349 47344      -    -    -      333.00000  315.87500  5.14%     - 37191s
 155953 47390      -    -    -      333.00000  315.89583  5.14%     - 37279s
 156149 47486      -    -    -      333.00000  315.93333  5.13%     - 37354s
 156555 47531      -    -    -      333.00000  315.93409  5.12%     - 37430s
 156747 47616      -    -    -      333.00000  315.94444  5.12%     - 37477s
 157145 47638      -    -    -      333.00000  315.94886  5.12%     - 37543s
 157257 47717      -    -    -      333.00000  315.95679  5.12%     - 37620s
 157645 47809      -    -    -      333.00000  316.00000  5.11%     - 37671s
 158057 47845      -    -    -      333.00000  316.00000  5.11%     - 37742s
 158245 47947      -    -    -      333.00000  316.00000  5.11%     - 37825s
 158757 47997      -    -    -      333.00000  316.00000  5.11%     - 37910s
 158945 48152      -    -    -      333.00000  316.03429  5.09%     - 37983s
 159557 48208      -    -    -      333.00000  316.03704  5.09%     - 38038s
 159777 48374      -    -    -      333.00000  316.05556  5.09%     - 38130s
 160486 48418      -    -    -      333.00000  316.06939  5.08%     - 38185s
 160716 48483      -    -    -      333.00000  316.08148  5.08%     - 38274s
 160986 48577      -    -    -      333.00000  316.08333  5.08%     - 38367s
 161316 48670      -    -    -      333.00000  316.09398  5.08%     - 38419s
 161703 48720      -    -    -      333.00000  316.11026  5.07%     - 38466s
 161999 48766      -    -    -      333.00000  316.13889  5.06%     - 38572s
 162203 48883      -    -    -      333.00000  316.15000  5.06%     - 38643s
 162799 48887      -    -    -      333.00000  316.16667  5.06%     - 38717s
 162803 49311      -    -    -      333.00000  316.18750  5.05%     - 38957s
 164805 49577      -    -    -      333.00000  316.22028  5.04%     - 39039s
 165897 49584      -    -    -      333.00000  316.24286  5.03%     - 39104s
 165912 49686      -    -    -      333.00000  316.25000  5.03%     - 39133s
 166290 49737      -    -    -      333.00000  316.25000  5.03%     - 39160s
 166512 49855      -    -    -      333.00000  316.25000  5.03%     - 39190s
 166990 49868      -    -    -      333.00000  316.26143  5.03%     - 39255s
 167112 49918      -    -    -      333.00000  316.26143  5.03%     - 39286s
 167290 49994      -    -    -      333.00000  316.26854  5.02%     - 39344s
 167612 50060      -    -    -      333.00000  316.27083  5.02%     - 39432s
 167890 50096      -    -    -      333.00000  316.29167  5.02%     - 39506s
 168040 50236      -    -    -      333.00000  316.31579  5.01%     - 39589s
 168662 50286      -    -    -      333.00000  316.31579  5.01%     - 39654s
 168940 50418      -    -    -      333.00000  316.33333  5.01%     - 39726s
 169562 50512      -    -    -      333.00000  316.33333  5.01%     - 39796s
 169940 50597      -    -    -      333.00000  316.33333  5.01%     - 39886s
 170262 50745      -    -    -      333.00000  316.35185  5.00%     - 39949s
 170840 50811      -    -    -      333.00000  316.35185  5.00%     - 39999s
 171062 50843      -    -    -      333.00000  316.36000  5.00%     - 40059s
 171240 50958      -    -    -      333.00000  316.38889  4.99%     - 40145s
 171762 51040      -    -    -      333.00000  316.39744  4.99%     - 40207s
 172239 51074      -    -    -      333.00000  316.40000  4.98%     - 40263s
 172363 51153      -    -    -      333.00000  316.41667  4.98%     - 40327s
 172739 51225      -    -    -      333.00000  316.42857  4.98%     - 40376s
 173002 51306      -    -    -      333.00000  316.43056  4.98%     - 40431s
 173400 51308      -    -    -      333.00000  316.44444  4.97%     - 40483s
 173402 51327      -    -    -      333.00000  316.45614  4.97%     - 40541s
 173600 51329      -    -    -      333.00000  316.46667  4.96%     - 40589s
 173602 51448      -    -    -      333.00000  316.47222  4.96%     - 40669s
 174200 51450      -    -    -      333.00000  316.50000  4.95%     - 40754s
 174202 51517      -    -    -      333.00000  316.50000  4.95%     - 40843s
 174600 51520      -    -    -      333.00000  316.50000  4.95%     - 40898s
 174609 51609      -    -    -      333.00000  316.50000  4.95%     - 40995s
 174993 51707      -    -    -      333.00000  316.50599  4.95%     - 41096s
 175509 51767      -    -    -      333.00000  316.55556  4.94%     - 41159s
 175893 51866      -    -    -      333.00000  316.56250  4.94%     - 41247s
 176409 51908      -    -    -      333.00000  316.58333  4.93%     - 41315s
 176593 51972      -    -    -      333.00000  316.60465  4.92%     - 41376s
 176909 52042      -    -    -      333.00000  316.63704  4.91%     - 41432s
 177193 52146      -    -    -      333.00000  316.64167  4.91%     - 41495s
 177609 52354      -    -    -      333.00000  316.66667  4.90%     - 41573s
 178493 52416      -    -    -      333.00000  316.66667  4.90%     - 41625s
 178709 52451      -    -    -      333.00000  316.66667  4.90%     - 41707s
 178993 52529      -    -    -      333.00000  316.66667  4.90%     - 41812s
 179309 52589      -    -    -      333.00000  316.68182  4.90%     - 41881s
 179593 52674      -    -    -      333.00000  316.70370  4.89%     - 41944s
 179946 52754      -    -    -      333.00000  316.71429  4.89%     - 42017s
 180356 52787      -    -    -      333.00000  316.71429  4.89%     - 42093s
 180546 52866      -    -    -      333.00000  316.72584  4.89%     - 42156s
 180856 52976      -    -    -      333.00000  316.74317  4.88%     - 42215s
 181346 53032      -    -    -      333.00000  316.75000  4.88%     - 42309s
 181556 53159      -    -    -      333.00000  316.78333  4.87%     - 42416s
 182110 53371      -    -    -      333.00000  316.83333  4.85%     - 42468s
 183192 53520      -    -    -      333.00000  316.83333  4.85%     - 42534s
 183782 53583      -    -    -      333.00000  316.83333  4.85%     - 42561s
 184079 53610      -    -    -      333.00000  316.84127  4.85%     - 42619s
 184223 53787      -    -    -      333.00000  316.84375  4.85%     - 42668s
 185071 53918      -    -    -      333.00000  316.85714  4.85%     - 42770s
 185831 53986      -    -    -      333.00000  316.86957  4.84%     - 42814s
 186071 54013      -    -    -      333.00000  316.90000  4.83%     - 42897s
 186231 54047      -    -    -      333.00000  316.91667  4.83%     - 42968s
 186371 54097      -    -    -      333.00000  316.91667  4.83%     - 43047s
 186731 54268      -    -    -      333.00000  316.91667  4.83%     - 43155s
 187571 54298      -    -    -      333.00000  316.94381  4.82%     - 43200s

Cutting planes:
  Gomory: 9
  Zero half: 210
  RLT: 30

Instance 54 was solved

Explored 243866 nodes (46467938 simplex iterations) in 43203.60 seconds (67233.60 work units)
Thread count was 2 (of 128 available processors)

Solution count 1: 333 

Time limit reached
Best objective 3.330000000000e+02, best bound 3.170000000000e+02, gap 4.8048%
