
Gurobi 10.0.3 (linux64) logging started Sun Aug 25 10:54:08 2024

Set parameter LogFile to value "local/logs/w3-k6-s2.log"

Gurobi 10.0.3 (linux64) logging started Sun Aug 25 10:54:08 2024

Set parameter LogFile to value "local/logs/w3-k6-s2.log"
Gurobi Optimizer version 10.0.3 build v10.0.3rc0 (linux64)

CPU model: AMD EPYC 7742 64-Core Processor, instruction set [SSE2|AVX|AVX2]
Thread count: 64 physical cores, 128 logical processors, using up to 30 threads

Academic license 2533279 - for non-commercial use only - registered to bl___@rice.edu
Optimize a model with 6400 rows, 2816 columns and 13056 nonzeros
Model fingerprint: 0x32c0713e
Variable types: 0 continuous, 2816 integer (2816 binary)
Coefficient statistics:
  Matrix range     [1e+00, 1e+00]
  Objective range  [1e+00, 1e+00]
  Bounds range     [1e+00, 1e+00]
  RHS range        [1e+00, 1e+00]

User MIP start produced solution with objective 824 (0.01s)
Loaded user MIP start with objective 824

Presolve removed 24 rows and 4 columns
Presolve time: 0.01s
Presolved: 6376 rows, 2812 columns, 13008 nonzeros
Variable types: 0 continuous, 2812 integer (2812 binary)

Root relaxation: objective 6.893333e+02, 4452 iterations, 0.16 seconds (0.13 work units)

    Nodes    |    Current Node    |     Objective Bounds      |     Work
 Expl Unexpl |  Obj  Depth IntInf | Incumbent    BestBd   Gap | It/Node Time

     0     0  689.33333    0 2812  824.00000  689.33333  16.3%     -    0s
     0     0  694.65646    0 2811  824.00000  694.65646  15.7%     -    0s
     0     0  696.21308    0 2811  824.00000  696.21308  15.5%     -    0s
     0     0  696.58645    0 2810  824.00000  696.58645  15.5%     -    0s
     0     0  700.00000    0 2811  824.00000  700.00000  15.0%     -    1s
     0     0  700.00000    0 2812  824.00000  700.00000  15.0%     -    1s
     0     0  700.00000    0 2812  824.00000  700.00000  15.0%     -    1s
     0     0  700.02363    0 2811  824.00000  700.02363  15.0%     -    1s
     0     0  700.02363    0 2811  824.00000  700.02363  15.0%     -    1s
     0     2  700.02363    0 2811  824.00000  700.02363  15.0%     -    2s
   121   152  720.29205    7 2768  824.00000  712.51256  13.5%   778    5s
   399   447  735.98333   11 2735  824.00000  712.51256  13.5%   791   10s
  1143  1157  783.40000   24 2596  824.00000  712.51256  13.5%   651   15s
  1391  1283  800.40000   29 2503  824.00000  712.51256  13.5%   639   23s
  1614  1530  821.73333   35 2447  824.00000  712.51256  13.5%   633   25s
  2821  2329  729.97228   11 2811  824.00000  712.64222  13.5%   580   43s
  2824  2331  763.98333   20 2811  824.00000  712.64222  13.5%   579   45s
  2832  2336  767.83333   27 2811  824.00000  712.64222  13.5%   578   50s
  2837  2340  804.41667   27 2807  824.00000  712.64222  13.5%   577   55s
  2842  2343  775.65000   28 2812  824.00000  712.64222  13.5%   576   60s
  2846  2346  754.58333   21 2811  824.00000  712.64222  13.5%   575   65s
  2850  2348  805.58333   42 2811  824.00000  712.64222  13.5%   574   70s
  2854  2351  756.58333   21 2811  824.00000  714.53359  13.3%   573   77s
  2857  2353  801.43506   34 2812  824.00000  715.35779  13.2%   573   81s
  2860  2355  731.07143   10 2811  824.00000  716.40856  13.1%   572   86s
  2862  2356  728.28717   11 2812  824.00000  716.97839  13.0%   572   91s
  2864  2358  753.25000   19 2812  824.00000  717.77289  12.9%   571   95s
  2866  2362  719.87658   14 2811  824.00000  717.78091  12.9%   589  101s
  2872  2372  724.17569   16 2809  824.00000  722.07717  12.4%   595  105s
  2896  2410  728.72553   18 2798  824.00000  726.35042  11.9%   618  114s
  2926  2430  731.26869   19 2788  824.00000  728.32981  11.6%   667  116s
  3016  2490  736.16193   20 2777  824.00000  728.32981  11.6%   707  121s
  3077  2531  736.14131   21 2777  824.00000  728.32981  11.6%   731  129s
  3107  2553  738.33159   22 2776  824.00000  728.32981  11.6%   743  130s
  3247  2655  745.87819   24 2764  824.00000  728.32981  11.6%   788  135s
  3381  2758  748.30394   25 2754  824.00000  728.32981  11.6%   824  140s
  3624  2915  755.98423   28 2742  824.00000  728.32981  11.6%   858  146s
  3780  2989  758.48307   29 2741  824.00000  728.32981  11.6%   877  150s
  4047  3024  763.25427   31 2730  824.00000  728.32981  11.6%   900  156s
  4135  3016  765.66370   32 2729  824.00000  728.32981  11.6%   906  200s
  4368  3128  770.84206   34 2701  824.00000  728.32981  11.6%   929  207s
  4560  3257  777.94437   36 2663  824.00000  728.32981  11.6%   948  211s
  4779  3394  788.42241   39 2634  824.00000  728.32981  11.6%   966  216s
  5044  3457  796.42241   42 2604  824.00000  728.32981  11.6%   984  221s
  5360  3536  802.49685   45 2558  824.00000  728.32981  11.6%   994  227s
  5483  3581  808.51402   48 2540  824.00000  728.32981  11.6%  1004  230s
  5752  3723  818.60740   52 2526  824.00000  728.32981  11.6%  1016  237s
  5891  3814     cutoff   54       824.00000  730.71909  11.3%  1026  240s
  6246  4012  740.08455   23 2771  824.00000  730.71913  11.3%  1042  246s
  6501  3971  749.85457   27 2749  824.00000  730.71913  11.3%  1044  250s
  6804  4153  759.34165   31 2745  824.00000  730.71913  11.3%  1056  258s
  7014  4110  771.62294   36 2740  824.00000  730.71913  11.3%  1065  275s
  7213  4358  783.75116   42 2719  824.00000  730.71913  11.3%  1074  283s
  7448  4474  802.60734   49 2658  824.00000  730.71913  11.3%  1081  288s
  7717  4585  817.57658   57 2646  824.00000  733.36019  11.0%  1090  292s
  7980  4684  738.65001   22 2767  824.00000  733.36061  11.0%  1097  297s
  8251  4810  750.59566   25 2734  824.00000  733.36061  11.0%  1104  301s
  8505  4952  769.32937   30 2677  824.00000  733.36061  11.0%  1117  306s
  8790  5082  790.17844   37 2634  824.00000  733.36061  11.0%  1130  311s
  9087  5205     cutoff   49       824.00000  734.08164  10.9%  1142  316s
  9412  5393  750.15543   25 2728  824.00000  734.08164  10.9%  1150  322s
  9716  5600  773.43394   31 2669  824.00000  734.08164  10.9%  1161  328s
 10116  5641  806.57185   41 2607  824.00000  734.08164  10.9%  1167  336s
 10390  5920     cutoff   47       824.00000  735.92324  10.7%  1169  342s
 10711  6301  749.79771   24 2749  824.00000  735.92324  10.7%  1173  348s
 11112  6664  777.34258   34 2719  824.00000  735.92324  10.7%  1178  355s
 11609  6945  802.77206   45 2666  824.00000  738.35007  10.4%  1179  362s
 12008  7324  742.10954   24 2758  824.00000  738.35007  10.4%  1183  369s
 12447  7352  767.01430   35 2718  824.00000  738.35007  10.4%  1187  679s
 12479  7424  769.28517   36 2717  824.00000  738.35007  10.4%  1187  688s
 12556  7673  773.94484   38 2706  824.00000  738.35007  10.4%  1188  698s
 12940  7922  796.59591   48 2659  824.00000  738.62888  10.4%  1187  708s
 13263  8394  746.23164   23 2746  824.00000  738.62888  10.4%  1189  716s
 13769  8711  780.90411   35 2674  824.00000  738.62888  10.4%  1193  724s
 14378  9160     cutoff   58       824.00000  740.31778  10.2%  1191  735s
 14887  9621  750.89048   24 2728  824.00000  740.31778  10.2%  1192  746s
 15540 10087  756.68433   27 2718  824.00000  740.31778  10.2%  1189  755s
 16050 10580  764.24661   28 2697  824.00000  740.31778  10.2%  1193  767s
 16750 11047  770.27814   31 2684  824.00000  740.31778  10.2%  1194  777s
 17265 11472  775.26963   35 2691  824.00000  740.31778  10.2%  1200  789s
 17950 11913  792.43663   43 2660  824.00000  740.31778  10.2%  1204  800s
 18437 12402  805.77318   50 2649  824.00000  740.99035  10.1%  1215  811s
 18986 12979  762.99678   29 2720  824.00000  741.19411  10.0%  1225  823s
 19599 13639  811.46096   54 2660  824.00000  741.29049  10.0%  1236  838s
 20325 14316  772.32313   33 2722  824.00000  741.57491  10.0%  1252  851s
 21169 14934  746.42405   25 2745  824.00000  741.57491  10.0%  1265  867s
 21947 15725  767.06884   33 2727  824.00000  741.57491  10.0%  1272  882s
 22899 16438  788.12989   44 2705  824.00000  741.57491  10.0%  1277  896s
 23850 17141  816.08035   58 2622  824.00000  742.42832  9.90%  1276  910s
 24783 17913  785.08994   38 2693  824.00000  742.98611  9.83%  1272  924s
 25817 18590  770.85985   36 2701  824.00000  743.07765  9.82%  1266  941s
 26766 19227  750.77597   25 2735  824.00000  743.26867  9.80%  1267  957s
 27410 20202  767.38948   32 2709  824.00000  743.26867  9.80%  1276  975s
 28405 21759  785.49617   40 2682  824.00000  743.37635  9.78%  1292 1005s
 30459 22514  787.49826   41 2674  824.00000  743.57797  9.76%  1296 1023s
 31362 23516  778.26850   35 2701  824.00000  743.66670  9.75%  1298 1042s
 32522 24570  769.29951   32 2705  824.00000  743.67399  9.75%  1304 1061s
 33842 25600  776.80952   36 2710  824.00000  743.84236  9.73%  1305 1081s
 35196 26591  777.86387   36 2626  824.00000  744.24123  9.68%  1299 1101s
 36477 27713  788.01948   40 2698  824.00000  744.25712  9.68%  1296 1122s
 37932 28838  796.99598   43 2646  824.00000  745.10269  9.57%  1293 1145s
 39363 29946  807.66694   53 2659  824.00000  745.13550  9.57%  1290 1167s
 40786 31021  815.89219   56 2663  824.00000  745.28707  9.55%  1288 1194s
 42329 31888  822.88333   56 2638  824.00000  745.52097  9.52%  1283 1220s
 44284 33168  763.02770   29 2711  824.00000  745.63275  9.51%  1275 1244s
 45976 34296  793.36058   45 2662  824.00000  745.75572  9.50%  1271 1272s
 47584 35699  751.25906   23 2735  824.00000  745.90768  9.48%  1268 1299s
 49212 37093  778.60349   34 2674  824.00000  745.93360  9.47%  1273 1326s
 51144 38584  753.27332   27 2739  824.00000  746.00159  9.47%  1279 1358s
 53032 40115  813.86481   49 2641  824.00000  746.02892  9.46%  1285 1399s
 55115 41910  764.27593   29 2716  824.00000  746.41681  9.42%  1282 1431s

Cutting planes:
  Gomory: 28
  Zero half: 604
  RLT: 15

Explored 57212 nodes (73953403 simplex iterations) in 1800.01 seconds (3289.59 work units)
Thread count was 30 (of 128 available processors)

Solution count 1: 824 

Time limit reached
Best objective 8.240000000000e+02, best bound 7.470000000000e+02, gap 9.3447%
