
Gurobi 10.0.3 (linux64) logging started Sun Aug 25 08:19:59 2024

Set parameter LogFile to value "local/logs/w3-k1-s4.log"

Gurobi 10.0.3 (linux64) logging started Sun Aug 25 08:19:59 2024

Set parameter LogFile to value "local/logs/w3-k1-s4.log"
Gurobi Optimizer version 10.0.3 build v10.0.3rc0 (linux64)

CPU model: AMD EPYC 7742 64-Core Processor, instruction set [SSE2|AVX|AVX2]
Thread count: 64 physical cores, 128 logical processors, using up to 30 threads

Academic license 2533279 - for non-commercial use only - registered to bl___@rice.edu
Optimize a model with 12352 rows, 4288 columns and 24768 nonzeros
Model fingerprint: 0x9e9de3ed
Variable types: 0 continuous, 4288 integer (4288 binary)
Coefficient statistics:
  Matrix range     [1e+00, 1e+00]
  Objective range  [1e+00, 1e+00]
  Bounds range     [1e+00, 1e+00]
  RHS range        [1e+00, 1e+00]

Warning: Completing partial solution with 4096 unfixed non-continuous variables out of 4288
User MIP start produced solution with objective 2080 (0.01s)
Loaded user MIP start with objective 2080

Presolve removed 192 rows and 16 columns
Presolve time: 0.07s
Presolved: 12160 rows, 4272 columns, 24384 nonzeros
Variable types: 0 continuous, 4272 integer (4272 binary)

Root relaxation: objective 1.424000e+03, 5883 iterations, 0.44 seconds (0.47 work units)

    Nodes    |    Current Node    |     Objective Bounds      |     Work
 Expl Unexpl |  Obj  Depth IntInf | Incumbent    BestBd   Gap | It/Node Time

     0     0 1424.00000    0 4272 2080.00000 1424.00000  31.5%     -    0s
     0     0 1440.05051    0 4271 2080.00000 1440.05051  30.8%     -    1s
     0     0 1440.25371    0 4272 2080.00000 1440.25371  30.8%     -    1s
     0     0 1440.34697    0 4272 2080.00000 1440.34697  30.8%     -    1s
     0     0 1440.35825    0 4272 2080.00000 1440.35825  30.8%     -    1s
     0     0 1455.08340    0 4272 2080.00000 1455.08340  30.0%     -    1s
     0     0 1455.78633    0 4272 2080.00000 1455.78633  30.0%     -    1s
     0     0 1466.80187    0 4270 2080.00000 1466.80187  29.5%     -    2s
     0     0 1472.22463    0 4272 2080.00000 1472.22463  29.2%     -    2s
     0     0 1472.22463    0 4272 2080.00000 1472.22463  29.2%     -    2s
     0     0 1475.11127    0 4271 2080.00000 1475.11127  29.1%     -    2s
     0     0 1475.48927    0 4272 2080.00000 1475.48927  29.1%     -    3s
     0     0 1479.60522    0 4272 2080.00000 1479.60522  28.9%     -    3s
     0     0 1479.70699    0 4272 2080.00000 1479.70699  28.9%     -    3s
     0     0 1479.70790    0 4272 2080.00000 1479.70790  28.9%     -    3s
     0     0 1484.91046    0 4271 2080.00000 1484.91046  28.6%     -    3s
     0     0 1485.50022    0 4272 2080.00000 1485.50022  28.6%     -    3s
     0     0 1485.70902    0 4272 2080.00000 1485.70902  28.6%     -    3s
     0     0 1487.73604    0 4271 2080.00000 1487.73604  28.5%     -    4s
     0     0 1488.32597    0 4272 2080.00000 1488.32597  28.4%     -    4s
     0     0 1490.35396    0 4272 2080.00000 1490.35396  28.3%     -    4s
     0     0 1490.39406    0 4272 2080.00000 1490.39406  28.3%     -    4s
     0     0 1490.45827    0 4272 2080.00000 1490.45827  28.3%     -    4s
     0     0 1490.52986    0 4272 2080.00000 1490.52986  28.3%     -    4s
     0     0 1493.68486    0 4267 2080.00000 1493.68486  28.2%     -    4s
     0     0 1494.00995    0 4271 2080.00000 1494.00995  28.2%     -    4s
     0     0 1494.02147    0 4271 2080.00000 1494.02147  28.2%     -    4s
     0     0 1496.37591    0 4272 2080.00000 1496.37591  28.1%     -    5s
     0     0 1496.38178    0 4272 2080.00000 1496.38178  28.1%     -    5s
     0     0 1498.30331    0 4271 2080.00000 1498.30331  28.0%     -    5s
     0     0 1498.30331    0 4268 2080.00000 1498.30331  28.0%     -    5s
     0     0 1500.03912    0 4271 2080.00000 1500.03912  27.9%     -    5s
     0     0 1500.04683    0 4272 2080.00000 1500.04683  27.9%     -    5s
     0     0 1502.56249    0 4270 2080.00000 1502.56249  27.8%     -    6s
     0     0 1502.73627    0 4272 2080.00000 1502.73627  27.8%     -    6s
     0     0 1502.73913    0 4272 2080.00000 1502.73913  27.8%     -    6s
     0     0 1504.82717    0 4269 2080.00000 1504.82717  27.7%     -    6s
     0     0 1505.13817    0 4272 2080.00000 1505.13817  27.6%     -    6s
     0     0 1505.22780    0 4272 2080.00000 1505.22780  27.6%     -    6s
     0     0 1506.65184    0 4271 2080.00000 1506.65184  27.6%     -    7s
     0     0 1507.17630    0 4270 2080.00000 1507.17630  27.5%     -    7s
     0     0 1507.26031    0 4269 2080.00000 1507.26031  27.5%     -    7s
     0     0 1507.28755    0 4271 2080.00000 1507.28755  27.5%     -    7s
     0     0 1509.19620    0 4270 2080.00000 1509.19620  27.4%     -    7s
     0     0 1509.33008    0 4271 2080.00000 1509.33008  27.4%     -    7s
     0     0 1509.33008    0 4271 2080.00000 1509.33008  27.4%     -    7s
     0     0 1516.00000    0 4269 2080.00000 1516.00000  27.1%     -    7s
     0     0 1516.00000    0 4271 2080.00000 1516.00000  27.1%     -    7s
     0     0 1516.00000    0 4272 2080.00000 1516.00000  27.1%     -    7s
     0     0 1516.04167    0 4267 2080.00000 1516.04167  27.1%     -    8s
     0     0 1516.04167    0 4251 2080.00000 1516.04167  27.1%     -    8s
     0     2 1516.04167    0 4251 2080.00000 1516.04167  27.1%     -    9s
     1     4 1531.20225    1 4245 2080.00000 1516.04167  27.1%  1961   10s
   121   152 1657.58758    8 4053 2080.00000 1605.27919  22.8%  1249   15s
   151   182 1679.96231    8 3987 2080.00000 1605.27919  22.8%  1180   33s
   211   242 1708.28074   10 3932 2080.00000 1605.27919  22.8%  1154   35s
   303   334 1762.00000   12 3862 2080.00000 1605.27919  22.8%  1175   41s
   550   616 1880.66667   16 3630 2080.00000 1605.27919  22.8%  1037   45s
  1032   886 2048.33333   27 2557 2080.00000 1605.27919  22.8%   890   50s
  1399  1167 1768.50000   14 3811 2080.00000 1620.36291  22.1%   875   55s
  1789  1494 1945.50000   24 3496 2080.00000 1620.36291  22.1%   856   60s
  2273  1775 1967.58333   20 3447 2080.00000 1620.36291  22.1%   841   66s
  2687  2066 1696.78852    8 3937 2080.00000 1620.47266  22.1%   831   70s
  2862  2067 1716.80600   10 4251 2080.00000 1620.47266  22.1%   821  110s
  2866  2070 1960.83333   20 4265 2080.00000 1620.47266  22.1%   820  115s
  2870  2072 1676.29694   10 4267 2080.00000 1620.47266  22.1%   819  120s
  2874  2075 1857.84211   15 4268 2080.00000 1620.47266  22.1%   818  125s
  2877  2080 1620.47266   16 4257 2080.00000 1620.47266  22.1%   823  130s
  2891  2103 1620.47266   19 4228 2080.00000 1620.47266  22.1%   832  135s
  2997  2188 1653.49243   22 4162 2080.00000 1631.23330  21.6%   866  141s
  3027  2208 1665.85637   22 4106 2080.00000 1631.23330  21.6%   875  148s
  3087  2249 1673.48228   23 4106 2080.00000 1631.23330  21.6%   893  150s
  3257  2369 1742.66667   26 3983 2080.00000 1631.23330  21.6%   937  155s
  3507  2527 1815.50000   28 3785 2080.00000 1631.23330  21.6%   980  160s
  3831  2560 1880.94444   32 3710 2080.00000 1631.23330  21.6%   988  207s
  3874  2559 1885.16667   32 3716 2080.00000 1631.23330  21.6%   990  236s
  3992  2644 1917.83333   34 3652 2080.00000 1631.23330  21.6%   995  241s
  4188  2726 1978.66667   37 3490 2080.00000 1631.23330  21.6%  1007  245s
  4543  2809     cutoff   43      2080.00000 1637.32459  21.3%  1028  251s
  4784  2905 1710.66360   23 3969 2080.00000 1637.32459  21.3%  1044  255s
  5071  2980 1701.99973   24 4045 2080.00000 1637.32459  21.3%  1055  260s
  5402  3057 1807.50000   28 3781 2080.00000 1637.32459  21.3%  1062  265s
  5707  3160 1982.00000   33 3461 2080.00000 1637.32459  21.3%  1079  270s
  6048  3196 1672.22483   23 4036 2080.00000 1654.10153  20.5%  1096  275s
  6405  3283 1786.66667   29 3881 2080.00000 1654.10153  20.5%  1110  281s
  6766  3427 1915.83333   37 3614 2080.00000 1654.10153  20.5%  1124  287s
  6986  3455 2012.50000   42 3463 2080.00000 1654.10153  20.5%  1131  290s
  7439  3566 1736.38000   27 3961 2080.00000 1659.87500  20.2%  1138  297s
  7700  3545 1810.83333   31 3833 2080.00000 1659.87500  20.2%  1143  300s
  8182  3622 2011.16667   42 3524 2080.00000 1677.35417  19.4%  1145  308s
  8391  3744 1698.28125   23 3976 2080.00000 1677.35667  19.4%  1161  312s
  8673  3746 1787.33333   28 3830 2080.00000 1677.35667  19.4%  1170  316s
  9025  3795 1923.83333   35 3575 2080.00000 1677.35667  19.4%  1170  320s
  9238  3983 2058.16667   44 3418 2080.00000 1690.37202  18.7%  1181  325s
  9872  4304 1922.50000   33 3590 2080.00000 1690.37202  18.7%  1192  334s
 10172  4479 2052.50000   40 3297 2080.00000 1702.01722  18.2%  1202  339s
 10544  4691 1801.10667   29 3822 2080.00000 1702.01722  18.2%  1206  344s
 10882  4919 1951.50000   38 3624 2080.00000 1705.31679  18.0%  1212  349s
 11249  5131 1755.95793   27 3862 2080.00000 1705.31679  18.0%  1217  355s
 11621  5400 1904.00000   35 3616 2080.00000 1707.41667  17.9%  1222  360s
 12016  5586 1760.83333   24 3857 2080.00000 1707.41667  17.9%  1228  369s
 12376  5945 1917.00000   30 3546 2080.00000 1707.41667  17.9%  1229  375s
 12767  5968 2023.00000   34 3383 2080.00000 1707.41667  17.9%  1238  404s
 12804  6227 1965.33333   34 3496 2080.00000 1709.00000  17.8%  1238  410s
 13314  6486 1815.66667   27 3753 2080.00000 1711.87278  17.7%  1237  417s
 13735  6792 2025.16667   39 3372 2080.00000 1714.43953  17.6%  1240  425s
 14323  7347 1844.16667   29 3708 2080.00000 1715.15917  17.5%  1234  433s
 14928  7751 1986.83333   37 3511 2080.00000 1719.17949  17.3%  1232  440s
 15548  8151 1764.00000   26 3851 2080.00000 1719.18792  17.3%  1229  447s
 16139  8576 2008.33333   40 3472 2080.00000 1720.50000  17.3%  1231  455s
 16795  8941 1950.41667   34 3591 2080.00000 1721.46894  17.2%  1233  463s
 17392  9261 1797.66667   28 3785 2080.00000 1722.68421  17.2%  1239  472s
 18117  9658 1761.50000   26 3911 2080.00000 1723.08251  17.2%  1239  480s
 18812 10070     cutoff   45      2080.00000 1725.80036  17.0%  1241  490s
 19518 10735 1861.50000   29 3634 2080.00000 1727.56687  16.9%  1242  499s
 20211 11455 2062.83333   42 3234 2080.00000 1728.54350  16.9%  1243  508s
 21104 11955 1953.50000   37 3553 2080.00000 1729.52707  16.8%  1240  517s
 21956 12724 1806.00000   28 3724 2080.00000 1733.54722  16.7%  1237  528s
 22749 13455 1959.16667   36 3499 2080.00000 1733.58128  16.7%  1239  538s
 23744 13978 1831.33333   31 3713 2080.00000 1733.71222  16.6%  1236  548s
 24615 14489 1841.16667   30 3738 2080.00000 1737.50000  16.5%  1240  559s
 25521 15010 1885.33333   33 3635 2080.00000 1739.36485  16.4%  1244  572s
 26429 15547 1866.16667   31 3655 2080.00000 1740.97624  16.3%  1249  584s
 27385 16084 1953.16667   36 3570 2080.00000 1742.21260  16.2%  1253  596s
 28338 16713 2017.16667   37 3438 2080.00000 1743.33333  16.2%  1259  614s
 29460 17072 2078.00000   45 3393 2080.00000 1744.17105  16.1%  1265  630s
 31057 17573 1990.50000   38 3533 2080.00000 1745.00278  16.1%  1256  644s
 31988 17828 2071.66667   44 3440 2080.00000 1747.01818  16.0%  1260  660s
 33509 18658 1785.05500   26 3837 2080.00000 1747.70413  16.0%  1251  675s
 34755 19415 1875.00000   31 3658 2080.00000 1749.61667  15.9%  1250  691s
 36124 19800 1993.00000   35 3471 2080.00000 1751.33333  15.8%  1249  707s
 37613 20466 1964.50000   39 3536 2080.00000 1752.44444  15.7%  1245  724s
 38845 21205 1853.16667   29 3764 2080.00000 1754.46432  15.7%  1251  742s
 40160 22034 1829.16667   30 3779 2080.00000 1755.97619  15.6%  1254  761s
 41608 23346 1819.25300   28 3721 2080.00000 1757.70327  15.5%  1256  781s
 43238 24452 1929.83333   36 3528 2080.00000 1758.77857  15.4%  1254  802s
 45423 25355 2027.50000   42 3392 2080.00000 1758.78889  15.4%  1241  823s
 47295 26454 1911.33333   33 3613 2080.00000 1759.66667  15.4%  1235  845s
 49033 27741 2062.16667   43 3384 2080.00000 1760.17015  15.4%  1234  869s
 50801 29035 1820.91889   29 3779 2080.00000 1760.22314  15.4%  1235  893s
 52551 30119 1979.66667   36 3479 2080.00000 1761.94311  15.3%  1236  917s
 54412 31102 2011.83333   39 3461 2080.00000 1763.24566  15.2%  1239  944s
 56254 32097 1911.50000   31 3588 2080.00000 1764.67624  15.2%  1245  971s
 58068 32098 1846.33333   30 4251 2080.00000 1766.34957  15.1%  1250 1600s
 58071 32100 1862.50000   30 4246 2080.00000 1766.34957  15.1%  1250 1613s
 58072 32101 1852.83333   28 4235 2080.00000 1766.34957  15.1%  1250 1641s
 58073 32101 1867.66667   32 4249 2080.00000 1766.34957  15.1%  1250 1672s
 58074 32102 2009.66667   40 4268 2080.00000 1766.34957  15.1%  1250 1687s
 58075 32103 1988.50000   38 4271 2080.00000 1766.34957  15.1%  1250 1694s
 58076 32103 1852.16667   30 4271 2080.00000 1766.34957  15.1%  1250 1700s
 58077 32104 2036.16667   43 4272 2080.00000 1766.34957  15.1%  1250 1712s
 58078 32105 1994.81928   40 4271 2080.00000 1766.34957  15.1%  1250 1719s
 58079 32105 1847.70588   33 4271 2080.00000 1766.34957  15.1%  1250 1732s
 58080 32106 2043.29072   40 4271 2080.00000 1766.34957  15.1%  1250 1739s
 58081 32107 1963.35142   38 4271 2080.00000 1766.34957  15.1%  1250 1751s
 58082 32107 1975.50000   36 4270 2080.00000 1766.34957  15.1%  1250 1759s
 58083 32108 2018.50000   34 4271 2080.00000 1766.34957  15.1%  1250 1771s
 58084 32109 1948.25000   35 4272 2080.00000 1766.34957  15.1%  1250 1778s
 58085 32109 1968.33333   35 4271 2080.00000 1766.34957  15.1%  1250 1792s
 58086 32110 1782.06332   24 4272 2080.00000 1766.34957  15.1%  1250 1798s

Cutting planes:
  Gomory: 14
  MIR: 1
  Flow cover: 9
  Zero half: 1083
  RLT: 717

Explored 58086 nodes (72812208 simplex iterations) in 1800.02 seconds (3227.99 work units)
Thread count was 30 (of 128 available processors)

Solution count 1: 2080 

Time limit reached
Best objective 2.080000000000e+03, best bound 1.767000000000e+03, gap 15.0481%
