
Gurobi 10.0.3 (linux64) logging started Sun Aug 25 11:24:08 2024

Set parameter LogFile to value "local/logs/w4-k5-s2.log"

Gurobi 10.0.3 (linux64) logging started Sun Aug 25 11:24:08 2024

Set parameter LogFile to value "local/logs/w4-k5-s2.log"
Gurobi Optimizer version 10.0.3 build v10.0.3rc0 (linux64)

CPU model: AMD EPYC 7742 64-Core Processor, instruction set [SSE2|AVX|AVX2]
Thread count: 64 physical cores, 128 logical processors, using up to 30 threads

Academic license 2533279 - for non-commercial use only - registered to bl___@rice.edu
Optimize a model with 16640 rows, 5120 columns and 33792 nonzeros
Model fingerprint: 0x7f6ca390
Variable types: 0 continuous, 5120 integer (5120 binary)
Coefficient statistics:
  Matrix range     [1e+00, 1e+00]
  Objective range  [1e+00, 1e+00]
  Bounds range     [1e+00, 1e+00]
  RHS range        [1e+00, 1e+00]

User MIP start produced solution with objective 1376 (0.01s)
Loaded user MIP start with objective 1376

Presolve removed 80 rows and 4 columns
Presolve time: 0.04s
Presolved: 16560 rows, 5116 columns, 33680 nonzeros
Variable types: 0 continuous, 5116 integer (5116 binary)

Root relaxation: objective 1.042000e+03, 11026 iterations, 1.44 seconds (2.24 work units)

    Nodes    |    Current Node    |     Objective Bounds      |     Work
 Expl Unexpl |  Obj  Depth IntInf | Incumbent    BestBd   Gap | It/Node Time

     0     0 1042.00000    0 5116 1376.00000 1042.00000  24.3%     -    1s
     0     0 1050.63889    0 5116 1376.00000 1050.63889  23.6%     -    3s
     0     0 1050.63889    0 5116 1376.00000 1050.63889  23.6%     -    3s
     0     0 1054.00000    0 5116 1376.00000 1054.00000  23.4%     -    6s
     0     0 1054.59917    0 5116 1376.00000 1054.59917  23.4%     -    6s
     0     0 1054.59917    0 5116 1376.00000 1054.59917  23.4%     -    6s
     0     0 1054.59917    0 5116 1376.00000 1054.59917  23.4%     -    6s
     0     0 1054.59917    0 5116 1376.00000 1054.59917  23.4%     -    6s
     0     0 1056.01359    0 5116 1376.00000 1056.01359  23.3%     -    9s
     0     0 1058.00000    0 5116 1376.00000 1058.00000  23.1%     -    9s
     0     0 1058.00000    0 5115 1376.00000 1058.00000  23.1%     -    9s
     0     0 1058.00000    0 5115 1376.00000 1058.00000  23.1%     -    9s
     0     0 1058.00732    0 5114 1376.00000 1058.00732  23.1%     -   12s
     0     0 1058.00732    0 5114 1376.00000 1058.00732  23.1%     -   13s
     0     2 1058.00732    0 5114 1376.00000 1058.00732  23.1%     -   14s
     1     4 1058.84811    1 5111 1376.00000 1058.00732  23.1%  1147   15s
     7    16 1064.15415    3 5107 1376.00000 1060.41981  22.9%  2397   20s
    31    62 1072.40850    5 5088 1376.00000 1068.38776  22.4%  3082   26s
    91   122 1074.27899    7 5080 1376.00000 1072.36684  22.1%  2600   32s
   121   152 1077.93264    8 5079 1376.00000 1072.36684  22.1%  2552   35s
   181   216 1082.09848    9 5078 1376.00000 1072.36684  22.1%  2464   40s
   215   246 1085.86854    9 5060 1376.00000 1072.36684  22.1%  2425   80s
H  230   246                    1374.0000000 1072.36684  22.0%  2409   80s
   278   310 1097.56667   10 5040 1374.00000 1072.36684  22.0%  2417   85s
   343   375 1109.44643   11 5020 1374.00000 1072.36684  22.0%  2459   90s
   411   450 1120.94643   12 5000 1374.00000 1072.36684  22.0%  2486   95s
   491   536 1132.94643   13 4975 1374.00000 1072.36684  22.0%  2508  100s
   587   642 1141.01786   16 4953 1374.00000 1072.36684  22.0%  2493  106s
   641   696 1149.01786   16 4935 1374.00000 1072.36684  22.0%  2497  110s
   751   808 1160.76786   17 4915 1374.00000 1072.36684  22.0%  2507  117s
   807   865 1164.50000   18 4915 1374.00000 1072.36684  22.0%  2493  158s
   864   946 1172.68750   18 4891 1374.00000 1072.36684  22.0%  2490  162s
   945  1031 1176.35795   19 4890 1374.00000 1072.36684  22.0%  2470  165s
  1128  1160 1200.25000   21 4850 1374.00000 1072.36684  22.0%  2417  299s
  1167  1255 1212.50000   22 4830 1374.00000 1072.36684  22.0%  2419  303s
  1268  1359 1224.50000   23 4810 1374.00000 1072.36684  22.0%  2406  307s
  1372  1468 1236.25000   24 4790 1374.00000 1072.36684  22.0%  2398  312s
  1487  1588 1246.00000   25 4603 1374.00000 1072.36684  22.0%  2389  316s
  1609  1692 1261.25000   27 4429 1374.00000 1072.36684  22.0%  2379  321s
  1741  1803 1277.25000   30 4390 1374.00000 1072.36684  22.0%  2364  326s
  1874  1903 1304.25000   35 4159 1374.00000 1072.36684  22.0%  2349  332s
  2010  2007 1332.75000   39 4197 1374.00000 1072.36684  22.0%  2323  337s
  2144  2086 1348.75000   41 4079 1374.00000 1072.36684  22.0%  2299  342s
  2269  2181     cutoff   43      1374.00000 1072.40898  21.9%  2287  348s
  2402  2309 1084.25000   10 5068 1374.00000 1073.98757  21.8%  2266  354s
  2536  2445 1100.24679   14 5030 1374.00000 1073.98757  21.8%  2264  360s
  2680  2560 1116.14103   18 5009 1374.00000 1073.98757  21.8%  2258  367s
  2838  2561 1186.81474   19 5114 1374.00000 1073.98757  21.8%  2244  537s
  2841  2563 1107.37500   12 5116 1374.00000 1073.98757  21.8%  2241  544s
  2842  2564 1311.00265   66 5116 1374.00000 1073.98757  21.8%  2241  545s
  2844  2565 1090.07691    6 5116 1374.00000 1073.98757  21.8%  2239  550s
  2847  2567 1247.00201   24 5116 1374.00000 1073.98757  21.8%  2237  558s
  2849  2568 1314.75000   35 5116 1374.00000 1073.98757  21.8%  2235  565s
  2851  2570 1125.95833   12 5116 1374.00000 1073.98757  21.8%  2233  571s
  2852  2570 1159.91951   22 5116 1374.00000 1073.98757  21.8%  2233  575s
  2855  2572 1111.20833   15 5114 1374.00000 1073.98757  21.8%  2230  583s
  2857  2574 1262.75000   30 5114 1374.00000 1073.98757  21.8%  2229  586s
  2858  2574 1106.37500   15 5115 1374.00000 1073.98757  21.8%  2228  591s
  2861  2576 1231.12738   20 5116 1374.00000 1073.98757  21.8%  2226  598s
  2863  2578 1106.70833   15 5116 1374.00000 1073.98757  21.8%  2224  601s
  2864  2578 1218.25000   22 5116 1374.00000 1073.98757  21.8%  2223  607s
  2866  2580 1163.00405   28 5116 1374.00000 1073.98757  21.8%  2222  611s
  2867  2580 1159.91951   22 5114 1374.00000 1073.98757  21.8%  2221  616s
  2869  2582 1082.67024    8 5116 1374.00000 1073.98757  21.8%  2219  620s
  2870  2582 1309.00468   40 5116 1374.00000 1074.67301  21.8%  2219  626s
  2872  2584 1186.81250   33 5116 1374.00000 1074.87270  21.8%  2217  630s
  2873  2584 1112.94804   18 5116 1374.00000 1075.79876  21.7%  2216  636s
  2875  2586 1147.81129   15 5116 1374.00000 1075.95927  21.7%  2215  641s
  2876  2586 1112.20263   13 5116 1374.00000 1076.77318  21.6%  2214  646s
  2878  2588 1329.00000   34 5116 1374.00000 1076.94387  21.6%  2213  651s
  2879  2588 1276.63025   56 5116 1374.00000 1077.64916  21.6%  2212  657s
  2881  2590 1198.80394   24 5116 1374.00000 1077.77429  21.6%  2210  661s
  2882  2590 1127.12788   11 5116 1374.00000 1078.46022  21.5%  2209  669s
  2883  2591 1203.64360   41 5116 1374.00000 1078.57577  21.5%  2209  671s
  2884  2592 1362.25000   79 5116 1374.00000 1078.61104  21.5%  2208  675s
  2885  2592 1310.37500   36 5116 1374.00000 1079.37819  21.4%  2207  684s
  2886  2593 1158.25648   26 5116 1374.00000 1079.50679  21.4%  2206  685s
  2887  2594 1316.75000   39 5116 1374.00000 1079.54026  21.4%  2206  691s
  2888  2594 1175.00000   18 5116 1374.00000 1080.39774  21.4%  2205  698s
  2890  2596 1119.68297   14 5116 1374.00000 1080.55781  21.4%  2203  702s
  2891  2596 1238.25000   41 5116 1374.00000 1080.96613  21.3%  2203  708s
  2893  2598 1098.65014   11 5116 1374.00000 1081.09292  21.3%  2201  712s
  2894  2598 1159.12667   23 5116 1374.00000 1081.49196  21.3%  2200  718s
  2895  2599 1143.91734   18 5116 1374.00000 1081.49196  21.3%  2200  721s
  2896  2600 1187.37834   20 5116 1374.00000 1081.49196  21.3%  2199  793s
  2897  2603 1084.25073   14 5115 1374.00000 1081.49336  21.3%  2246  805s
  2899  2607 1087.22015   15 5114 1374.00000 1084.25365  21.1%  2251  815s
  2903  2613 1090.87168   16 5113 1374.00000 1087.22168  20.9%  2259  824s
  2911  2627 1093.98108   17 5111 1374.00000 1090.87194  20.6%  2272  832s
  2927  2651 1097.72442   18 5111 1374.00000 1093.98612  20.4%  2305  879s
  2957  2671 1101.62326   19 5110 1374.00000 1097.72460  20.1%  2430  888s
  2987  2691 1105.71016   19 5092 1374.00000 1101.62372  19.8%  2459  898s
  3017  2711 1105.24528   20 5109 1374.00000 1101.62375  19.8%  2478  907s
  3047  2731 1113.00286   20 5090 1374.00000 1105.24533  19.6%  2511  921s
  3077  2751 1109.18577   21 5108 1374.00000 1105.24540  19.6%  2542  932s
