
Gurobi 10.0.3 (linux64) logging started Sun Sep  1 14:30:57 2024

Set parameter LogFile to value "local/logs/w4-k3-s2.log"

Gurobi 10.0.3 (linux64) logging started Sun Sep  1 14:30:57 2024

Set parameter LogFile to value "local/logs/w4-k3-s2.log"
Warning: variable name "x_(000000, 0)" has a space
Warning: default variable names used to write mps file
Gurobi Optimizer version 10.0.3 build v10.0.3rc0 (linux64)

CPU model: AMD EPYC 7742 64-Core Processor, instruction set [SSE2|AVX|AVX2]
Thread count: 64 physical cores, 128 logical processors, using up to 128 threads

Academic license 2533279 - for non-commercial use only - registered to bl___@rice.edu
Optimize a model with 2112 rows, 768 columns and 4352 nonzeros
Model fingerprint: 0x56b225cc
Variable types: 0 continuous, 768 integer (768 binary)
Coefficient statistics:
  Matrix range     [1e+00, 1e+00]
  Objective range  [1e+00, 1e+00]
  Bounds range     [1e+00, 1e+00]
  RHS range        [1e+00, 1e+00]

User MIP start produced solution with objective 180 (0.02s)
Loaded user MIP start with objective 180

Presolve removed 40 rows and 2 columns
Presolve time: 0.01s
Presolved: 2072 rows, 766 columns, 4296 nonzeros
Variable types: 0 continuous, 766 integer (766 binary)
Root relaxation presolved: 2072 rows, 766 columns, 4296 nonzeros


Use crossover to convert LP symmetric solution to basic solution...

Root relaxation: objective 1.370000e+02, 309 iterations, 0.01 seconds (0.01 work units)

    Nodes    |    Current Node    |     Objective Bounds      |     Work
 Expl Unexpl |  Obj  Depth IntInf | Incumbent    BestBd   Gap | It/Node Time

     0     0  137.00000    0  766  180.00000  137.00000  23.9%     -    0s
     0     0  142.16667    0  766  180.00000  142.16667  21.0%     -    0s
     0     0  143.01042    0  766  180.00000  143.01042  20.5%     -    0s
     0     0  143.41447    0  765  180.00000  143.41447  20.3%     -    0s
     0     0  143.41447    0  765  180.00000  143.41447  20.3%     -    0s
     0     0  145.32298    0  763  180.00000  145.32298  19.3%     -    0s
     0     0  145.32298    0  764  180.00000  145.32298  19.3%     -    0s
     0     0  145.32298    0  764  180.00000  145.32298  19.3%     -    0s
     0     0  147.02410    0  766  180.00000  147.02410  18.3%     -    0s
     0     0  147.50000    0  766  180.00000  147.50000  18.1%     -    0s
     0     0  147.50000    0  766  180.00000  147.50000  18.1%     -    0s
     0     0  147.50000    0  766  180.00000  147.50000  18.1%     -    0s
     0     0  147.50000    0  766  180.00000  147.50000  18.1%     -    0s
     0     2  147.50000    0  766  180.00000  147.50000  18.1%     -    0s
  1083   971  166.95313   12  717  180.00000  153.96494  14.5%   523    5s
  9780  3012  174.12500   15  692  180.00000  157.63180  12.4%   428   10s
 18809  4000     cutoff   14       180.00000  162.25000  9.86%   410   15s
 33372  3782  175.45000   14  693  180.00000  169.70487  5.72%   391   20s
 47261  2117     cutoff   17       180.00000  172.58333  4.12%   379   25s

Cutting planes:
  Gomory: 4
  Zero half: 109
  RLT: 39

Explored 55138 nodes (20462081 simplex iterations) in 27.00 seconds (35.05 work units)
Thread count was 128 (of 128 available processors)

Solution count 1: 180 

Optimal solution found (tolerance 1.00e-04)
Best objective 1.800000000000e+02, best bound 1.800000000000e+02, gap 0.0000%
