
Gurobi 10.0.3 (linux64) logging started Sun Aug 25 09:49:53 2024

Set parameter LogFile to value "local/logs/w4-k4-s2.log"

Gurobi 10.0.3 (linux64) logging started Sun Aug 25 09:49:53 2024

Set parameter LogFile to value "local/logs/w4-k4-s2.log"
Gurobi Optimizer version 10.0.3 build v10.0.3rc0 (linux64)

CPU model: AMD EPYC 7742 64-Core Processor, instruction set [SSE2|AVX|AVX2]
Thread count: 64 physical cores, 128 logical processors, using up to 30 threads

Academic license 2533279 - for non-commercial use only - registered to bl___@rice.edu
Optimize a model with 8320 rows, 2560 columns and 16896 nonzeros
Model fingerprint: 0xf973f8a4
Variable types: 0 continuous, 2560 integer (2560 binary)
Coefficient statistics:
  Matrix range     [1e+00, 1e+00]
  Objective range  [1e+00, 1e+00]
  Bounds range     [1e+00, 1e+00]
  RHS range        [1e+00, 1e+00]

User MIP start produced solution with objective 696 (0.02s)
Loaded user MIP start with objective 696

Presolve removed 80 rows and 4 columns
Presolve time: 0.02s
Presolved: 8240 rows, 2556 columns, 16784 nonzeros
Variable types: 0 continuous, 2556 integer (2556 binary)

Root relaxation: objective 5.300000e+02, 4798 iterations, 0.30 seconds (0.34 work units)

    Nodes    |    Current Node    |     Objective Bounds      |     Work
 Expl Unexpl |  Obj  Depth IntInf | Incumbent    BestBd   Gap | It/Node Time

     0     0  530.00000    0 2556  696.00000  530.00000  23.9%     -    0s
     0     0  536.41730    0 2556  696.00000  536.41730  22.9%     -    0s
     0     0  536.41730    0 2556  696.00000  536.41730  22.9%     -    1s
     0     0  536.42908    0 2556  696.00000  536.42908  22.9%     -    1s
     0     0  536.42908    0 2556  696.00000  536.42908  22.9%     -    1s
     0     0  540.14497    0 2556  696.00000  540.14497  22.4%     -    1s
     0     0  540.35422    0 2556  696.00000  540.35422  22.4%     -    1s
     0     0  540.40809    0 2556  696.00000  540.40809  22.4%     -    1s
     0     0  542.12500    0 2556  696.00000  542.12500  22.1%     -    2s
     0     0  542.37500    0 2553  696.00000  542.37500  22.1%     -    2s
     0     0  542.37709    0 2556  696.00000  542.37709  22.1%     -    2s
     0     0  543.40943    0 2556  696.00000  543.40943  21.9%     -    3s
     0     0  543.62931    0 2556  696.00000  543.62931  21.9%     -    3s
     0     0  543.87850    0 2556  696.00000  543.87850  21.9%     -    3s
     0     0  543.88304    0 2555  696.00000  543.88304  21.9%     -    3s
     0     0  543.88415    0 2555  696.00000  543.88415  21.9%     -    3s
     0     0  544.52500    0 2554  696.00000  544.52500  21.8%     -    4s
     0     0  544.57955    0 2554  696.00000  544.57955  21.8%     -    4s
     0     0  544.59400    0 2554  696.00000  544.59400  21.8%     -    4s
     0     0  544.59664    0 2554  696.00000  544.59664  21.8%     -    4s
     0     0  545.27147    0 2556  696.00000  545.27147  21.7%     -    4s
     0     0  545.48747    0 2556  696.00000  545.48747  21.6%     -    4s
     0     0  545.51998    0 2556  696.00000  545.51998  21.6%     -    4s
     0     0  545.52340    0 2556  696.00000  545.52340  21.6%     -    4s
     0     0  545.84044    0 2556  696.00000  545.84044  21.6%     -    5s
     0     0  545.85269    0 2556  696.00000  545.85269  21.6%     -    5s
     0     0  545.87076    0 2556  696.00000  545.87076  21.6%     -    5s
     0     0  545.87124    0 2556  696.00000  545.87124  21.6%     -    5s
     0     0  546.67975    0 2556  696.00000  546.67975  21.5%     -    5s
     0     0  546.72481    0 2556  696.00000  546.72481  21.4%     -    5s
     0     0  546.73411    0 2556  696.00000  546.73411  21.4%     -    5s
     0     0  546.73486    0 2556  696.00000  546.73486  21.4%     -    5s
     0     0  547.10721    0 2556  696.00000  547.10721  21.4%     -    5s
     0     0  547.23276    0 2556  696.00000  547.23276  21.4%     -    5s
     0     0  547.25013    0 2555  696.00000  547.25013  21.4%     -    5s
     0     0  547.25282    0 2556  696.00000  547.25282  21.4%     -    5s
     0     0  547.74744    0 2556  696.00000  547.74744  21.3%     -    6s
     0     0  547.80717    0 2556  696.00000  547.80717  21.3%     -    6s
     0     0  547.81715    0 2554  696.00000  547.81715  21.3%     -    6s
     0     0  547.82192    0 2555  696.00000  547.82192  21.3%     -    6s
     0     0  547.82202    0 2556  696.00000  547.82202  21.3%     -    6s
     0     0  548.26454    0 2556  696.00000  548.26454  21.2%     -    6s
     0     0  548.38482    0 2556  696.00000  548.38482  21.2%     -    6s
     0     0  548.43512    0 2556  696.00000  548.43512  21.2%     -    6s
     0     0  548.44650    0 2556  696.00000  548.44650  21.2%     -    6s
     0     0  548.44774    0 2556  696.00000  548.44774  21.2%     -    6s
     0     0  548.91739    0 2556  696.00000  548.91739  21.1%     -    7s
     0     0  549.09056    0 2556  696.00000  549.09056  21.1%     -    7s
     0     0  549.11836    0 2556  696.00000  549.11836  21.1%     -    7s
     0     0  549.12738    0 2556  696.00000  549.12738  21.1%     -    7s
     0     0  549.13026    0 2556  696.00000  549.13026  21.1%     -    7s
     0     0  549.64927    0 2556  696.00000  549.64927  21.0%     -    7s
     0     0  549.78776    0 2555  696.00000  549.78776  21.0%     -    7s
     0     0  550.00000    0 2555  696.00000  550.00000  21.0%     -    7s
     0     0  550.00000    0 2556  696.00000  550.00000  21.0%     -    7s
     0     0  550.00000    0 2556  696.00000  550.00000  21.0%     -    7s
     0     0  550.74246    0 2556  696.00000  550.74246  20.9%     -    8s
     0     0  550.90692    0 2556  696.00000  550.90692  20.8%     -    8s
     0     0  550.95450    0 2556  696.00000  550.95450  20.8%     -    8s
     0     0  550.97110    0 2556  696.00000  550.97110  20.8%     -    8s
     0     0  550.97342    0 2556  696.00000  550.97342  20.8%     -    8s
     0     0  551.60797    0 2556  696.00000  551.60797  20.7%     -    8s
     0     0  551.69144    0 2556  696.00000  551.69144  20.7%     -    8s
     0     0  551.71491    0 2556  696.00000  551.71491  20.7%     -    9s
     0     0  551.71917    0 2556  696.00000  551.71917  20.7%     -    9s
     0     0  552.22385    0 2556  696.00000  552.22385  20.7%     -    9s
     0     0  552.28515    0 2556  696.00000  552.28515  20.6%     -    9s
     0     0  552.30028    0 2556  696.00000  552.30028  20.6%     -    9s
     0     0  552.30389    0 2556  696.00000  552.30389  20.6%     -    9s
     0     0  553.08689    0 2556  696.00000  553.08689  20.5%     -    9s
     0     0  553.14644    0 2556  696.00000  553.14644  20.5%     -   10s
     0     0  553.16822    0 2556  696.00000  553.16822  20.5%     -   10s
     0     0  553.17264    0 2556  696.00000  553.17264  20.5%     -   10s
     0     0  553.36717    0 2556  696.00000  553.36717  20.5%     -   10s
     0     0  553.44957    0 2556  696.00000  553.44957  20.5%     -   10s
     0     0  553.46901    0 2556  696.00000  553.46901  20.5%     -   10s
     0     0  553.47302    0 2556  696.00000  553.47302  20.5%     -   10s
     0     0  553.80859    0 2556  696.00000  553.80859  20.4%     -   10s
     0     0  553.87220    0 2556  696.00000  553.87220  20.4%     -   11s
     0     0  553.89653    0 2556  696.00000  553.89653  20.4%     -   11s
     0     0  553.90309    0 2556  696.00000  553.90309  20.4%     -   11s
     0     0  554.22901    0 2556  696.00000  554.22901  20.4%     -   11s
     0     0  554.26849    0 2556  696.00000  554.26849  20.4%     -   11s
     0     0  554.28610    0 2556  696.00000  554.28610  20.4%     -   11s
     0     0  554.29009    0 2556  696.00000  554.29009  20.4%     -   11s
     0     0  554.85442    0 2556  696.00000  554.85442  20.3%     -   12s
     0     0  554.90654    0 2556  696.00000  554.90654  20.3%     -   12s
     0     0  554.92880    0 2556  696.00000  554.92880  20.3%     -   12s
     0     0  554.93173    0 2556  696.00000  554.93173  20.3%     -   12s
     0     0  555.30759    0 2556  696.00000  555.30759  20.2%     -   12s
     0     0  555.38265    0 2556  696.00000  555.38265  20.2%     -   12s
     0     0  555.40593    0 2556  696.00000  555.40593  20.2%     -   12s
     0     0  555.40874    0 2556  696.00000  555.40874  20.2%     -   12s
     0     0  555.75823    0 2556  696.00000  555.75823  20.1%     -   13s
     0     0  555.82067    0 2556  696.00000  555.82067  20.1%     -   13s
     0     0  555.83293    0 2556  696.00000  555.83293  20.1%     -   13s
     0     0  555.83390    0 2556  696.00000  555.83390  20.1%     -   13s
     0     0  556.05798    0 2556  696.00000  556.05798  20.1%     -   13s
     0     0  556.12204    0 2556  696.00000  556.12204  20.1%     -   13s
     0     0  556.13547    0 2556  696.00000  556.13547  20.1%     -   13s
     0     0  556.14235    0 2556  696.00000  556.14235  20.1%     -   13s
     0     0  556.61199    0 2556  696.00000  556.61199  20.0%     -   14s
     0     0  556.67975    0 2556  696.00000  556.67975  20.0%     -   14s
     0     0  556.68815    0 2556  696.00000  556.68815  20.0%     -   14s
     0     0  556.84771    0 2556  696.00000  556.84771  20.0%     -   14s
     0     0  556.96733    0 2556  696.00000  556.96733  20.0%     -   15s
     0     0  556.98553    0 2556  696.00000  556.98553  20.0%     -   15s
     0     0  556.99017    0 2556  696.00000  556.99017  20.0%     -   15s
     0     0  557.18552    0 2556  696.00000  557.18552  19.9%     -   15s
     0     0  557.21960    0 2556  696.00000  557.21960  19.9%     -   15s
     0     0  557.23137    0 2556  696.00000  557.23137  19.9%     -   15s
     0     0  557.23432    0 2556  696.00000  557.23432  19.9%     -   15s
     0     0  557.55812    0 2556  696.00000  557.55812  19.9%     -   15s
     0     0  557.63360    0 2556  696.00000  557.63360  19.9%     -   16s
     0     0  557.64768    0 2556  696.00000  557.64768  19.9%     -   16s
     0     0  557.64987    0 2556  696.00000  557.64987  19.9%     -   16s
     0     0  557.99032    0 2556  696.00000  557.99032  19.8%     -   16s
     0     0  558.04820    0 2556  696.00000  558.04820  19.8%     -   16s
     0     0  558.06094    0 2556  696.00000  558.06094  19.8%     -   16s
     0     0  558.06437    0 2556  696.00000  558.06437  19.8%     -   16s
     0     0  558.28261    0 2556  696.00000  558.28261  19.8%     -   17s
     0     0  558.31334    0 2556  696.00000  558.31334  19.8%     -   17s
     0     0  558.31919    0 2556  696.00000  558.31919  19.8%     -   17s
     0     0  558.50578    0 2556  696.00000  558.50578  19.8%     -   17s
     0     0  558.54964    0 2556  696.00000  558.54964  19.7%     -   17s
     0     0  558.57684    0 2556  696.00000  558.57684  19.7%     -   17s
     0     0  558.58677    0 2556  696.00000  558.58677  19.7%     -   18s
     0     0  558.73192    0 2556  696.00000  558.73192  19.7%     -   18s
     0     0  558.81653    0 2556  696.00000  558.81653  19.7%     -   18s
     0     0  558.84427    0 2556  696.00000  558.84427  19.7%     -   18s
     0     0  558.84648    0 2556  696.00000  558.84648  19.7%     -   18s
     0     0  559.06196    0 2556  696.00000  559.06196  19.7%     -   19s
     0     0  559.11400    0 2556  696.00000  559.11400  19.7%     -   19s
     0     0  559.12612    0 2556  696.00000  559.12612  19.7%     -   19s
     0     0  559.31197    0 2556  696.00000  559.31197  19.6%     -   19s
     0     0  559.33934    0 2556  696.00000  559.33934  19.6%     -   19s
     0     0  559.35935    0 2556  696.00000  559.35935  19.6%     -   19s
     0     0  559.36583    0 2556  696.00000  559.36583  19.6%     -   19s
     0     0  559.58007    0 2556  696.00000  559.58007  19.6%     -   20s
     0     0  559.62213    0 2556  696.00000  559.62213  19.6%     -   20s
     0     0  559.62825    0 2556  696.00000  559.62825  19.6%     -   20s
     0     0  559.86429    0 2556  696.00000  559.86429  19.6%     -   21s
     0     0  559.91731    0 2556  696.00000  559.91731  19.6%     -   21s
     0     0  559.92936    0 2556  696.00000  559.92936  19.6%     -   21s
     0     0  560.20973    0 2556  696.00000  560.20973  19.5%     -   21s
     0     0  560.22885    0 2556  696.00000  560.22885  19.5%     -   21s
     0     0  560.23783    0 2556  696.00000  560.23783  19.5%     -   21s
     0     0  560.37142    0 2556  696.00000  560.37142  19.5%     -   22s
     0     0  560.39548    0 2556  696.00000  560.39548  19.5%     -   22s
     0     0  560.40949    0 2556  696.00000  560.40949  19.5%     -   22s
     0     0  560.41147    0 2556  696.00000  560.41147  19.5%     -   22s
     0     0  560.56642    0 2556  696.00000  560.56642  19.5%     -   22s
     0     0  560.61216    0 2556  696.00000  560.61216  19.5%     -   23s
     0     0  560.61769    0 2556  696.00000  560.61769  19.5%     -   23s
     0     0  560.79462    0 2556  696.00000  560.79462  19.4%     -   23s
     0     0  560.82754    0 2556  696.00000  560.82754  19.4%     -   23s
     0     0  560.83441    0 2556  696.00000  560.83441  19.4%     -   23s
     0     0  560.99984    0 2556  696.00000  560.99984  19.4%     -   24s
     0     0  561.06231    0 2556  696.00000  561.06231  19.4%     -   24s
     0     0  561.08236    0 2556  696.00000  561.08236  19.4%     -   24s
     0     0  561.08742    0 2556  696.00000  561.08742  19.4%     -   24s
     0     0  561.44240    0 2556  696.00000  561.44240  19.3%     -   25s
     0     0  561.48788    0 2556  696.00000  561.48788  19.3%     -   25s
     0     0  561.51207    0 2556  696.00000  561.51207  19.3%     -   25s
     0     0  561.51997    0 2556  696.00000  561.51997  19.3%     -   25s
     0     0  561.65445    0 2556  696.00000  561.65445  19.3%     -   25s
     0     0  561.70213    0 2556  696.00000  561.70213  19.3%     -   25s
     0     0  561.71126    0 2556  696.00000  561.71126  19.3%     -   26s
     0     0  561.87117    0 2556  696.00000  561.87117  19.3%     -   26s
     0     0  561.89383    0 2556  696.00000  561.89383  19.3%     -   26s
     0     0  561.89882    0 2556  696.00000  561.89882  19.3%     -   26s
     0     0  562.10880    0 2556  696.00000  562.10880  19.2%     -   27s
     0     0  562.16883    0 2556  696.00000  562.16883  19.2%     -   27s
     0     0  562.17995    0 2556  696.00000  562.17995  19.2%     -   27s
     0     0  562.27615    0 2556  696.00000  562.27615  19.2%     -   27s
     0     0  562.29949    0 2556  696.00000  562.29949  19.2%     -   27s
     0     0  562.30380    0 2556  696.00000  562.30380  19.2%     -   27s
     0     0  562.39157    0 2556  696.00000  562.39157  19.2%     -   28s
     0     0  562.39157    0 2556  696.00000  562.39157  19.2%     -   28s
     0     2  562.39157    0 2556  696.00000  562.39157  19.2%     -   29s
     1     4  565.58673    1 2555  696.00000  562.39821  19.2%  3253   31s
     7    16  573.67701    3 2536  696.00000  569.37521  18.2%  3913   36s
    31    62  580.54740    5 2529  696.00000  576.06934  17.2%  4143   47s
    91   122  586.38094    7 2515  696.00000  580.54748  16.6%  4413   54s
   121   152  594.58418    7 2496  696.00000  580.54748  16.6%  4134   56s
   151   182  596.50423    8 2495  696.00000  580.54748  16.6%  3909   71s
   212   244  605.29619    9 2475  696.00000  580.54748  16.6%  3714   76s
   276   309  616.73357   10 2455  696.00000  580.54748  16.6%  3553   81s
   344   379  628.43168   11 2435  696.00000  580.54748  16.6%  3427   86s
   415   450  640.17902   12 2415  696.00000  580.54748  16.6%  3358   90s
   494   519  651.68374   13 2387  696.00000  580.54748  16.6%  3304  139s
   526   573  659.95590   13 2370  696.00000  580.54748  16.6%  3276  142s
   582   621  663.21903   14 2368  696.00000  580.54748  16.6%  3216  146s
   702   700  681.76888   16 2176  696.00000  580.54748  16.6%  3123  153s
   779   738  690.25203   17 2155  696.00000  580.54748  16.6%  3037  157s
   855   759     cutoff   19       696.00000  580.59546  16.6%  2983  161s
   936   799  584.82421    7 2515  696.00000  580.59546  16.6%  2918  165s
  1071   883  605.78619   10 2475  696.00000  580.59546  16.6%  2878  173s
  1138   940  617.10483   12 2455  696.00000  580.59546  16.6%  2874  177s
  1207  1010  629.00795   14 2435  696.00000  580.59546  16.6%  2876  181s
  1285  1088  637.17142   16 2416  696.00000  580.59546  16.6%  2876  185s
  1468  1240  669.33171   21 2356  696.00000  580.59546  16.6%  2859  193s
  1583  1286  685.27872   23 2008  696.00000  580.59546  16.6%  2818  198s
  1701  1334     cutoff   26       696.00000  582.06181  16.4%  2781  202s
  1809  1396  589.87717    8 2512  696.00000  582.06181  16.4%  2760  207s
  1915  1471  599.36324   11 2492  696.00000  582.06181  16.4%  2749  212s
  2030  1546  607.81834   14 2474  696.00000  582.06181  16.4%  2729  217s
  2149  1622  619.89177   19 2439  696.00000  582.06181  16.4%  2714  223s
  2255  1718  636.17604   23 2418  696.00000  582.06181  16.4%  2711  229s
  2373  1832  652.00219   27 2379  696.00000  582.06181  16.4%  2705  234s
  2495  1937  670.45055   32 2360  696.00000  582.06181  16.4%  2705  240s
  2638  2039  688.64584   37 2321  696.00000  585.23847  15.9%  2685  246s
  2780  2145  590.25318    7 2496  696.00000  585.23847  15.9%  2672  253s
  2943  2146  627.81215   12 2556  696.00000  585.23847  15.9%  2656  429s
  2945  2147  629.63090   17 2556  696.00000  585.23847  15.9%  2654  430s
  2946  2148  641.87614   19 2556  696.00000  585.23847  15.9%  2653  436s
  2951  2151  666.30685   28 2556  696.00000  585.23847  15.9%  2649  441s
  2954  2153  677.17851   26 2556  696.00000  585.23847  15.9%  2646  445s
  2957  2155  628.60993   14 2556  696.00000  585.23847  15.9%  2644  450s
  2959  2160  585.23847   13 2555  696.00000  585.23847  15.9%  2653  456s
  2965  2170  585.23847   15 2553  696.00000  585.23847  15.9%  2659  462s
  2973  2183  585.23847   16 2552  696.00000  585.23847  15.9%  2664  465s
  2989  2208  585.23847   17 2551  696.00000  585.23847  15.9%  2677  476s
  3049  2248  585.23847   18 2533  696.00000  585.23847  15.9%  2732  481s
  3109  2288  587.50071   19 2515  696.00000  585.23847  15.9%  2744  487s
  3139  2308  591.59953   20 2514  696.00000  585.23847  15.9%  2750  490s
  3169  2328  599.45637   20 2495  696.00000  585.23847  15.9%  2755  517s
  3232  2372  599.51273   21 2495  696.00000  585.23847  15.9%  2759  522s
  3294  2416  599.56257   22 2495  696.00000  585.23847  15.9%  2767  527s
  3365  2469  611.30222   23 2475  696.00000  585.23847  15.9%  2769  532s
  3414  2499  607.01885   24 2493  696.00000  585.23847  15.9%  2759  535s
  3505  2562  609.61670   25 2491  696.00000  585.23847  15.9%  2759  540s
  3606  2616  613.67400   26 2491  696.00000  585.23847  15.9%  2745  547s
  3674  2630  617.48127   26 2472  696.00000  585.23847  15.9%  2733  550s
  3749  2628  621.17850   27 2471  696.00000  585.23847  15.9%  2716  555s
  3894  2644  631.74489   28 2451  696.00000  585.23847  15.9%  2703  563s
  3966  2660  627.91076   29 2469  696.00000  585.23847  15.9%  2698  567s
  4036  2671  632.00389   29 2451  696.00000  585.23847  15.9%  2695  570s
  4189  2722  635.94211   31 2450  696.00000  585.23847  15.9%  2681  578s
  4272  2760  637.79205   32 2449  696.00000  585.23847  15.9%  2672  583s
  4352  2783  643.35448   33 2448  696.00000  585.23847  15.9%  2670  588s
  4431  2826  647.40448   34 2430  696.00000  585.23847  15.9%  2665  593s
  4512  2866  652.27066   35 2427  696.00000  585.23847  15.9%  2668  597s
  4597  2898  655.92852   36 2426  696.00000  585.23847  15.9%  2667  603s
  4691  2884  659.04407   37 2425  696.00000  585.23847  15.9%  2669  704s
  4743  2929  667.04922   37 2406  696.00000  585.23847  15.9%  2671  711s
  4843  2968  670.51723   38 2406  696.00000  585.23847  15.9%  2667  716s
  4957  2997  678.83398   39 2387  696.00000  585.23847  15.9%  2666  723s
  5076  3046  686.43436   40 2368  696.00000  585.23847  15.9%  2663  728s
  5185  3101     cutoff   41       696.00000  585.23847  15.9%  2663  734s
  5326  3158  633.69231   26 2430  696.00000  585.23847  15.9%  2656  741s
  5464  3215  645.82683   29 2413  696.00000  585.23847  15.9%  2655  747s
  5617  3208  667.78463   34 2371  696.00000  585.23847  15.9%  2645  755s
  5679  3276  682.45164   36 2352  696.00000  585.23847  15.9%  2645  764s
  5817  3348  596.89413   19 2508  696.00000  585.23847  15.9%  2642  772s
  5975  3403  603.38404   21 2493  696.00000  585.23847  15.9%  2639  782s
  6143  3430  607.51448   22 2492  696.00000  585.23847  15.9%  2637  790s
  6344  3456  620.95483   25 2471  696.00000  585.23847  15.9%  2629  799s
  6541  3537  624.75757   27 2484  696.00000  585.23847  15.9%  2620  808s
  6705  3643  629.81434   29 2483  696.00000  585.23847  15.9%  2623  817s
  6890  3750  643.68198   31 2461  696.00000  585.23847  15.9%  2622  827s
  7079  3856  641.77708   34 2472  696.00000  585.23847  15.9%  2625  837s
  7314  3948  647.97351   37 2478  696.00000  585.23847  15.9%  2619  847s
  7546  4012  653.42280   40 2476  696.00000  585.23847  15.9%  2614  858s
  7787  4105  669.64430   43 2435  696.00000  585.23847  15.9%  2611  868s
  8001  4204  679.77278   47 2416  696.00000  585.23847  15.9%  2614  880s
  8231  4308     cutoff   51       696.00000  594.12685  14.6%  2603  891s
  8500  4398  607.64659   22 2491  696.00000  594.12685  14.6%  2598  903s
  8790  4492  633.34769   28 2467  696.00000  594.12685  14.6%  2584  917s
  9103  4544  665.01711   38 2420  696.00000  594.12685  14.6%  2567  933s
  9309  4695  689.98839   47 2372  696.00000  595.24315  14.5%  2556  947s
  9642  4826  608.23560   21 2474  696.00000  595.24315  14.5%  2541  961s
 10000  5068  614.21854   23 2472  696.00000  595.24315  14.5%  2528  977s
 10279  5269  622.19296   25 2453  696.00000  595.24315  14.5%  2532  992s
 10637  5513  635.49515   28 2436  696.00000  595.24315  14.5%  2528 1009s
 10958  5770  650.37835   30 2391  696.00000  595.24315  14.5%  2529 1025s
 11349  6089  657.94233   34 2393  696.00000  595.24315  14.5%  2520 1043s
 11796  6416  671.96434   38 2389  696.00000  595.24315  14.5%  2501 1061s
 12261  6654  688.99776   46 2379  696.00000  601.07891  13.6%  2480 1080s
 12619  7009  616.69402   24 2473  696.00000  601.08042  13.6%  2475 1098s
 13000  7119  657.64369   36 2415  696.00000  601.08042  13.6%  2477 1123s
 13142  7462  666.24341   40 2410  696.00000  601.90508  13.5%  2477 1143s
 13598  7858  630.91629   26 2452  696.00000  604.23151  13.2%  2478 1164s
 14131  8165  682.43085   42 2383  696.00000  604.77957  13.1%  2473 1186s
 14652  8544  648.23020   29 2413  696.00000  605.81657  13.0%  2461 1209s
 15227  8972  615.62817   24 2479  696.00000  605.81657  13.0%  2444 1233s
 15803  9295  682.21471   44 2390  696.00000  606.08903  12.9%  2430 1258s
 16392  9671  651.15058   32 2425  696.00000  607.44489  12.7%  2420 1285s
 17024  9917  623.47610   25 2470  696.00000  607.44489  12.7%  2408 1327s
 17500 10396  691.02465   36 2320  696.00000  607.94806  12.7%  2404 1355s
 18203 10836  682.94277   39 2392  696.00000  608.50527  12.6%  2389 1385s
 18836 11336  651.45071   32 2413  696.00000  608.84592  12.5%  2372 1415s
 19615 11786  656.77834   32 2412  696.00000  609.85449  12.4%  2354 1447s
 20394 12286  656.96884   31 2394  696.00000  610.30367  12.3%  2341 1479s
 21222 12795  681.26502   38 2334  696.00000  610.69907  12.3%  2326 1514s
 22039 13172  682.69851   43 2379  696.00000  611.12796  12.2%  2317 1557s
 22648 13778  688.38887   42 2357  696.00000  611.23639  12.2%  2305 1594s
 23528 14484  641.71806   27 2432  696.00000  611.48153  12.1%  2301 1629s
 24252 15223  661.22840   31 2396  696.00000  611.68299  12.1%  2326 1666s
 25195 15837  637.68080   30 2450  696.00000  611.70132  12.1%  2338 1708s
 26238 16488  642.20265   27 2445  696.00000  612.26725  12.0%  2326 1748s
 27192 17362  642.30245   29 2390  696.00000  612.70941  12.0%  2330 1789s
 28132 17552  678.26473   37 2281  696.00000  612.70941  12.0%  2350 1800s

Cutting planes:
  Gomory: 14
  Zero half: 849
  RLT: 93

Explored 28394 nodes (66824365 simplex iterations) in 1800.01 seconds (3676.58 work units)
Thread count was 30 (of 128 available processors)

Solution count 1: 696 

Time limit reached
Best objective 6.960000000000e+02, best bound 6.130000000000e+02, gap 11.9253%
