
Gurobi 10.0.3 (linux64) logging started Tue Sep  3 20:09:03 2024

Set parameter LogFile to value "local/logs/w4-k1-s3.log"
Set parameter PoolSearchMode to value 2
Set parameter PoolSolutions to value 1
Set parameter PoolGap to value 0
Set parameter Method to value 3
Set parameter ConcurrentMIP to value 64
Set parameter TimeLimit to value 43200
Set parameter Heuristics to value 0.95
Set parameter MIPFocus to value 1
Set parameter Threads to value 128
Set parameter Threads to value 128
Warning: variable name "x_(0000, 0)" has a space
Warning: default variable names used to write mps file
Gurobi Optimizer version 10.0.3 build v10.0.3rc0 (linux64)

CPU model: AMD EPYC 7742 64-Core Processor, instruction set [SSE2|AVX|AVX2]
Thread count: 64 physical cores, 128 logical processors, using up to 128 threads

Academic license 2533279 - for non-commercial use only - registered to bl___@rice.edu
Optimize a model with 8829 rows, 2511 columns and 17820 nonzeros
Model fingerprint: 0x11c864cb
Variable types: 0 continuous, 2511 integer (2511 binary)
Coefficient statistics:
  Matrix range     [1e+00, 1e+00]
  Objective range  [1e+00, 1e+00]
  Bounds range     [1e+00, 1e+00]
  RHS range        [1e+00, 1e+00]

Concurrent MIP optimizer: 64 concurrent instances (2 threads per instance)


User MIP start produced solution with objective 891 (0.37s)
Loaded user MIP start with objective 891

Presolve removed 144 rows and 3 columns
Presolve time: 0.06s
Presolved: 8685 rows, 2508 columns, 17640 nonzeros
Variable types: 0 continuous, 2508 integer (2508 binary)
Root relaxation presolved: 8685 rows, 2508 columns, 17640 nonzeros


Use crossover to convert LP symmetric solution to basic solution...

Root relaxation: objective 5.805000e+02, 521 iterations, 0.08 seconds (0.04 work units)

    Nodes    |    Current Node    |     Objective Bounds      |     Work
 Expl Unexpl |  Obj  Depth IntInf | Incumbent    BestBd   Gap | It/Node Time

     0     0      -    -    -      891.00000  580.50000  34.8%     -    0s
     0     0      -    -    -      891.00000  612.00000  31.3%     -    2s
     0     0      -    -    -      891.00000  612.12500  31.3%     -    2s
     0     0      -    -    -      891.00000  612.12500  31.3%     -    2s
     0     0      -    -    -      891.00000  617.67857  30.7%     -    2s
     0     0      -    -    -      891.00000  617.83929  30.7%     -    2s
     0     0      -    -    -      891.00000  617.83929  30.7%     -    2s
     0     0      -    -    -      891.00000  621.62500  30.2%     -    3s
     0     0      -    -    -      891.00000  621.87500  30.2%     -    3s
     0     0      -    -    -      891.00000  621.87500  30.2%     -    3s
     0     0      -    -    -      891.00000  623.75000  30.0%     -    3s
     0     0      -    -    -      891.00000  623.78125  30.0%     -    3s
     0     0      -    -    -      891.00000  623.78125  30.0%     -    3s
     0     0      -    -    -      891.00000  625.00000  29.9%     -    3s
     0     2      -    -    -      891.00000  643.62697  27.8%     -  430s
     9    12      -    -    -      891.00000  643.62697  27.8%     -  439s
    11    14      -    -    -      891.00000  643.62697  27.8%     -  441s
    18    21      -    -    -      891.00000  643.62697  27.8%     -  449s
    20    24      -    -    -      891.00000  643.62697  27.8%     -  450s
    27    30      -    -    -      891.00000  643.62697  27.8%     -  456s
    39    47      -    -    -      891.00000  643.62697  27.8%     -  460s
    58    63      -    -    -      891.00000  643.62697  27.8%     -  472s
    76    73      -    -    -      891.00000  643.62697  27.8%     -  476s
    89    82      -    -    -      891.00000  643.62697  27.8%     -  486s
    97    91      -    -    -      891.00000  643.62697  27.8%     -  493s
   102   100      -    -    -      891.00000  643.62697  27.8%     -  495s
   136   124      -    -    -      891.00000  643.62697  27.8%     -  501s
   160   145      -    -    -      891.00000  643.62697  27.8%     -  505s
   194   172      -    -    -      891.00000  649.50000  27.1%     -  697s
   205   181      -    -    -      891.00000  649.50000  27.1%     -  700s
   231   206      -    -    -      891.00000  649.50000  27.1%     -  707s
   245   216      -    -    -      891.00000  649.50000  27.1%     -  711s
   255   221      -    -    -      891.00000  649.50000  27.1%     -  717s
   264   224      -    -    -      891.00000  650.33929  27.0%     -  743s
   267   224      -    -    -      891.00000  650.33929  27.0%     -  850s

Gurobi 10.0.3 (linux64) logging started Tue Sep  3 20:30:11 2024

Set parameter LogFile to value "local/logs/w4-k1-s3.log"
Set parameter PoolSearchMode to value 2
Set parameter PoolSolutions to value 1
Set parameter PoolGap to value 0
Set parameter Method to value 3
Set parameter ConcurrentMIP to value 64
Set parameter TimeLimit to value 43200
Set parameter Heuristics to value 0.95
Set parameter MIPFocus to value 1
Set parameter Threads to value 128
Set parameter Threads to value 128
Warning: variable name "x_(0000, 0)" has a space
Warning: default variable names used to write mps file
Gurobi Optimizer version 10.0.3 build v10.0.3rc0 (linux64)

CPU model: AMD EPYC 7742 64-Core Processor, instruction set [SSE2|AVX|AVX2]
Thread count: 64 physical cores, 128 logical processors, using up to 128 threads

Academic license 2533279 - for non-commercial use only - registered to bl___@rice.edu
Optimize a model with 8829 rows, 2511 columns and 17820 nonzeros
Model fingerprint: 0x11c864cb
Variable types: 0 continuous, 2511 integer (2511 binary)
Coefficient statistics:
  Matrix range     [1e+00, 1e+00]
  Objective range  [1e+00, 1e+00]
  Bounds range     [1e+00, 1e+00]
  RHS range        [1e+00, 1e+00]

Concurrent MIP optimizer: 64 concurrent instances (2 threads per instance)


User MIP start produced solution with objective 891 (0.35s)
Loaded user MIP start with objective 891

Presolve removed 144 rows and 3 columns
Presolve time: 0.04s
Presolved: 8685 rows, 2508 columns, 17640 nonzeros
Variable types: 0 continuous, 2508 integer (2508 binary)
Root relaxation presolved: 8685 rows, 2508 columns, 17640 nonzeros


Use crossover to convert LP symmetric solution to basic solution...

Root relaxation: objective 5.805000e+02, 521 iterations, 0.07 seconds (0.04 work units)

    Nodes    |    Current Node    |     Objective Bounds      |     Work
 Expl Unexpl |  Obj  Depth IntInf | Incumbent    BestBd   Gap | It/Node Time

     0     0      -    -    -      891.00000  580.50000  34.8%     -    0s
     0     0      -    -    -      891.00000  612.00000  31.3%     -    1s
     0     0      -    -    -      891.00000  612.12500  31.3%     -    1s
     0     0      -    -    -      891.00000  612.12500  31.3%     -    1s
     0     0      -    -    -      891.00000  617.67857  30.7%     -    2s
     0     0      -    -    -      891.00000  617.83929  30.7%     -    2s
     0     0      -    -    -      891.00000  617.83929  30.7%     -    2s
     0     0      -    -    -      891.00000  621.62500  30.2%     -    2s
     0     0      -    -    -      891.00000  621.87500  30.2%     -    2s
     0     0      -    -    -      891.00000  621.87500  30.2%     -    2s
     0     0      -    -    -      891.00000  623.75000  30.0%     -    3s
     0     0      -    -    -      891.00000  623.78125  30.0%     -    3s
     0     0      -    -    -      891.00000  623.78125  30.0%     -    3s
     0     0      -    -    -      891.00000  625.00000  29.9%     -    3s
     0     2      -    -    -      891.00000  643.62697  27.8%     -  430s
     9    12      -    -    -      891.00000  643.62697  27.8%     -  440s
    18    21      -    -    -      891.00000  643.62697  27.8%     -  450s
    27    30      -    -    -      891.00000  643.62697  27.8%     -  459s
    29    34      -    -    -      891.00000  643.62697  27.8%     -  460s
    52    59      -    -    -      891.00000  643.62697  27.8%     -  467s
    58    63      -    -    -      891.00000  643.62697  27.8%     -  476s
    76    73      -    -    -      891.00000  643.62697  27.8%     -  481s
    89    82      -    -    -      891.00000  643.62697  27.8%     -  489s
    93    86      -    -    -      891.00000  643.62697  27.8%     -  492s
    97    91      -    -    -      891.00000  644.33292  27.7%     -  497s
   111   111      -    -    -      891.00000  644.33292  27.7%     -  501s
   136   124      -    -    -      891.00000  644.33292  27.7%     -  505s
   170   157      -    -    -      891.00000  644.49185  27.7%     -  511s
   194   172      -    -    -      891.00000  650.33929  27.0%     -  732s
   205   181      -    -    -      891.00000  650.33929  27.0%     -  735s
   231   206      -    -    -      891.00000  650.33929  27.0%     -  743s
   245   216      -    -    -      891.00000  650.33929  27.0%     -  747s
   255   221      -    -    -      891.00000  650.33929  27.0%     -  753s
   264   224      -    -    -      891.00000  650.33929  27.0%     -  785s
   267   224      -    -    -      891.00000  650.33929  27.0%     -  920s
   298   253      -    -    -      891.00000  650.72596  27.0%     - 1704s
   304   282      -    -    -      891.00000  650.72596  27.0%     - 1708s
   347   286      -    -    -      891.00000  653.66655  26.6%     - 2170s
   406   326      -    -    -      891.00000  653.66655  26.6%     - 2178s
   455   345      -    -    -      891.00000  653.66655  26.6%     - 2182s
   480   353      -    -    -      891.00000  657.67727  26.2%     - 3028s
   524   403      -    -    -      891.00000  657.67727  26.2%     - 3034s
   574   443      -    -    -      891.00000  657.67727  26.2%     - 3042s
   630   475      -    -    -      891.00000  657.67727  26.2%     - 3049s
   676   519      -    -    -      891.00000  657.67727  26.2%     - 3059s
   725   520      -    -    -      891.00000  657.67727  26.2%     - 3263s
   728   522      -    -    -      891.00000  657.67727  26.2%     - 3265s
   742   531      -    -    -      891.00000  658.12500  26.1%     - 3898s
   747   538      -    -    -      891.00000  658.12500  26.1%     - 3900s
   760   546      -    -    -      891.00000  658.12500  26.1%     - 3905s
   786   566      -    -    -      891.00000  658.12500  26.1%     - 3910s
   843   562      -    -    -      891.00000  658.12500  26.1%     - 3915s
   851   567      -    -    -      891.00000  658.12500  26.1%     - 3920s
   874   585      -    -    -      891.00000  658.12500  26.1%     - 3925s
   898   596      -    -    -      891.00000  658.12500  26.1%     - 4126s
   906   594      -    -    -      891.00000  658.12500  26.1%     - 4139s
   912   594      -    -    -      891.00000  658.12500  26.1%     - 4169s
   914   595      -    -    -      891.00000  658.12500  26.1%     - 4206s
   918   591      -    -    -      891.00000  658.12500  26.1%     - 4216s
   925   587      -    -    -      891.00000  658.12500  26.1%     - 4232s
   930   585      -    -    -      891.00000  658.12500  26.1%     - 4238s
   935   585      -    -    -      891.00000  659.33046  26.0%     - 4257s
   937   592      -    -    -      891.00000  659.33046  26.0%     - 4260s
   953   607      -    -    -      891.00000  659.33046  26.0%     - 4265s
   980   633      -    -    -      891.00000  659.33046  26.0%     - 4271s
  1000   628      -    -    -      891.00000  660.05530  25.9%     - 4907s
  1002   638      -    -    -      891.00000  660.05530  25.9%     - 4911s
  1018   633      -    -    -      891.00000  662.54413  25.6%     - 4950s
  1021   631      -    -    -      891.00000  662.54413  25.6%     - 4971s
  1026   632      -    -    -      891.00000  662.54413  25.6%     - 5005s
  1059   655      -    -    -      891.00000  662.54413  25.6%     - 5012s
  1074   665      -    -    -      891.00000  662.54413  25.6%     - 5017s
  1115   663      -    -    -      891.00000  662.54413  25.6%     - 5021s
  1149   678      -    -    -      891.00000  662.54413  25.6%     - 5025s
  1204   696      -    -    -      891.00000  662.54413  25.6%     - 5033s
  1232   729      -    -    -      891.00000  662.54413  25.6%     - 5038s
  1284   727      -    -    -      891.00000  662.65295  25.6%     - 5776s
  1311   761      -    -    -      891.00000  662.65295  25.6%     - 5781s
  1354   748      -    -    -      891.00000  662.65295  25.6%     - 5820s
  1356   750      -    -    -      891.00000  662.65295  25.6%     - 5875s
  1358   790      -    -    -      891.00000  662.65295  25.6%     - 5881s
  1406   800      -    -    -      891.00000  662.65295  25.6%     - 5887s
  1462   828      -    -    -      891.00000  662.65295  25.6%     - 5893s
  1509   845      -    -    -      891.00000  662.65295  25.6%     - 5900s
  1567   871      -    -    -      891.00000  662.65295  25.6%     - 5907s
  1621   883      -    -    -      891.00000  662.65295  25.6%     - 5913s
  1665   908      -    -    -      891.00000  662.65295  25.6%     - 5920s
  1712   924      -    -    -      891.00000  662.65295  25.6%     - 5928s
  1754   958      -    -    -      891.00000  662.65295  25.6%     - 5936s
  1834   983      -    -    -      891.00000  662.65295  25.6%     - 5944s
  1906  1022      -    -    -      891.00000  662.65295  25.6%     - 5952s
  1981  1027      -    -    -      891.00000  663.82738  25.5%     - 6642s
  2021  1059      -    -    -      891.00000  663.82738  25.5%     - 6652s
  2092  1039      -    -    -      891.00000  664.10089  25.5%     - 6688s
  2096  1040      -    -    -      891.00000  665.19869  25.3%     - 6792s
  2098  1045      -    -    -      891.00000  667.97347  25.0%     - 7505s
  2104  1119      -    -    -      891.00000  667.97347  25.0%     - 7516s
  2200  1089      -    -    -      891.00000  667.98693  25.0%     - 8150s
  2202  1148      -    -    -      891.00000  667.98693  25.0%     - 8159s
  2279  1124      -    -    -      891.00000  667.98693  25.0%     - 8467s
  2281  1184      -    -    -      891.00000  667.98693  25.0%     - 8776s
  2372  1202      -    -    -      891.00000  667.98693  25.0%     - 9562s
  2430  1301      -    -    -      891.00000  667.98693  25.0%     - 9580s
  2571  1353      -    -    -      891.00000  668.78125  24.9%     - 10107s
  2631  1447      -    -    -      891.00000  668.87349  24.9%     - 10950s
  2771  1535      -    -    -      891.00000  670.12736  24.8%     - 11980s
  2897  1542      -    -    -      891.00000  672.35663  24.5%     - 12860s
  2904  1548      -    -    -      891.00000  672.35663  24.5%     - 12976s
  2910  1555      -    -    -      891.00000  672.35663  24.5%     - 13058s
  2917  1575      -    -    -      891.00000  672.35663  24.5%     - 13133s
  2937  1607      -    -    -      891.00000  672.35663  24.5%     - 13195s
  2989  1614      -    -    -      891.00000  672.64673  24.5%     - 14346s
  3002  1698      -    -    -      891.00000  672.77033  24.5%     - 15066s
  3114  1844      -    -    -      891.00000  674.05960  24.3%     - 16077s
  3362  1866      -    -    -      891.00000  674.25758  24.3%     - 17073s
  3402  2022      -    -    -      891.00000  674.25758  24.3%     - 17974s
  3600  2024      -    -    -      891.00000  675.43371  24.2%     - 18849s
  3602  2037      -    -    -      891.00000  675.87241  24.1%     - 18937s
  3615  2045      -    -    -      891.00000  675.87241  24.1%     - 19115s
  3623  2106      -    -    -      891.00000  675.87241  24.1%     - 19815s
  3706  2323      -    -    -      891.00000  675.87241  24.1%     - 20529s
  3975  2325      -    -    -      891.00000  675.87241  24.1%     - 20703s
  3977  2431      -    -    -      891.00000  676.08004  24.1%     - 21461s
  4125  2487      -    -    -      891.00000  679.37616  23.8%     - 22433s
  4202  2492      -    -    -      891.00000  679.37616  23.8%     - 22693s
  4207  2571      -    -    -      891.00000  679.37616  23.8%     - 23093s
  4324  2641      -    -    -      891.00000  679.37616  23.8%     - 23300s
  4472  2838      -    -    -      891.00000  680.24876  23.7%     - 24282s
  4742  2936      -    -    -      891.00000  681.33435  23.5%     - 25277s
  4860  2998      -    -    -      891.00000  681.71896  23.5%     - 26228s
  4942  3001      -    -    -      891.00000  681.71896  23.5%     - 26632s
  4945  3052      -    -    -      891.00000  681.82353  23.5%     - 27474s
  5026  3168      -    -    -      891.00000  681.82353  23.5%     - 28366s
  5176  3208      -    -    -      891.00000  681.91941  23.5%     - 29576s
  5226  3266      -    -    -      891.00000  681.91941  23.5%     - 30649s
  5316  3415      -    -    -      891.00000  682.23590  23.4%     - 31229s
  5486  3485      -    -    -      891.00000  682.23590  23.4%     - 31657s
  5603  3561      -    -    -      891.00000  682.23590  23.4%     - 32486s
  5771  3609      -    -    -      891.00000  682.23590  23.4%     - 33348s
  5831  3871      -    -    -      891.00000  682.37590  23.4%     - 34556s
  6171  3911      -    -    -      891.00000  682.71453  23.4%     - 35571s
  6231  3993      -    -    -      891.00000  682.71453  23.4%     - 36772s
  6345  4081      -    -    -      891.00000  682.84979  23.4%     - 37831s
  6457  4118      -    -    -      891.00000  682.84979  23.4%     - 38942s
  6502  4274      -    -    -      891.00000  682.89775  23.4%     - 39874s
  6700  4276      -    -    -      891.00000  683.09546  23.3%     - 40729s
  6702  4523      -    -    -      891.00000  683.09546  23.3%     - 41999s
  7100  4525      -    -    -      891.00000  683.76136  23.3%     - 43140s
  7102  4530      -    -    -      891.00000  683.76136  23.3%     - 43200s

Cutting planes:
  Gomory: 8
  Zero half: 213
  RLT: 340

Instance 44 was solved

Explored 7011 nodes (6457017 simplex iterations) in 43200.43 seconds (82769.33 work units)
Thread count was 2 (of 128 available processors)

Solution count 1: 891 

Time limit reached
Best objective 8.910000000000e+02, best bound 6.840000000000e+02, gap 23.2323%
