Working on w=4, k=1, s=3
Set parameter Username
Set parameter WLSAccessID
Set parameter WLSSecret
Set parameter LicenseID to value 2533279
Academic license 2533279 - for non-commercial use only - registered to bl___@rice.edu
Optimization terminated at non-zero gap = 23.23%
	Command being timed: "python /home/Users/blk6/Projects/winnowing-LB-manuscript/scripts/run-ilp.py -w 4 -k 1 2 3 4 --sigma 3 --threads 128 --output local --time-limit 43200 --local"
	User time (seconds): 4256853.73
	System time (seconds): 5048.36
	Percent of CPU this job got: 9864%
	Elapsed (wall clock) time (h:mm:ss or m:ss): 12:00:03
	Average shared text size (kbytes): 0
	Average unshared data size (kbytes): 0
	Average stack size (kbytes): 0
	Average total size (kbytes): 0
	Maximum resident set size (kbytes): 18034516
	Average resident set size (kbytes): 0
	Major (requiring I/O) page faults: 11
	Minor (reclaiming a frame) page faults: 24752299
	Voluntary context switches: 1181428659
	Involuntary context switches: 2802969
	Swaps: 0
	File system inputs: 1472
	File system outputs: 3616
	Socket messages sent: 0
	Socket messages received: 0
	Signals delivered: 0
	Page size (bytes): 4096
	Exit status: 0
