w4-k1-s2 already completed!
w4-k2-s2 already completed!
w4-k3-s2 already completed!
Working on w=4, k=4, s=2
Set parameter Username
Set parameter WLSAccessID
Set parameter WLSSecret
Set parameter LicenseID to value 2533279
Academic license 2533279 - for non-commercial use only - registered to bl___@rice.edu
Optimization terminated at non-zero gap = 13.22%
Working on w=4, k=5, s=2
Optimization terminated at non-zero gap = 19.80%
(4, 5, 2)-local has lower density than fwd!
Working on w=4, k=6, s=2
(4, 6, 2)-forward scheme not found. There's no hope...
Working on w=4, k=7, s=2
(4, 7, 2)-forward scheme not found. There's no hope...
Working on w=4, k=8, s=2
(4, 8, 2)-forward scheme not found. There's no hope...
Working on w=4, k=9, s=2
Optimization terminated at non-zero gap = 18.57%
(4, 9, 2)-local has lower density than fwd!
	Command being timed: "python /home/Users/blk6/Projects/winnowing-LB-manuscript/scripts/run-ilp.py -w 4 -k 1 2 3 4 5 6 7 8 9 --sigma 2 --threads 128 --output local --time-limit 14400 --local"
	User time (seconds): 4506825.31
	System time (seconds): 10382.00
	Percent of CPU this job got: 10452%
	Elapsed (wall clock) time (h:mm:ss or m:ss): 12:00:16
	Average shared text size (kbytes): 0
	Average unshared data size (kbytes): 0
	Average stack size (kbytes): 0
	Average total size (kbytes): 0
	Maximum resident set size (kbytes): 62662152
	Average resident set size (kbytes): 0
	Major (requiring I/O) page faults: 9
	Minor (reclaiming a frame) page faults: 55149437
	Voluntary context switches: 961359333
	Involuntary context switches: 6523969
	Swaps: 0
	File system inputs: 1400
	File system outputs: 37320
	Socket messages sent: 0
	Socket messages received: 0
	Signals delivered: 0
	Page size (bytes): 4096
	Exit status: 0
