
Gurobi 10.0.3 (linux64) logging started Sun Sep  1 14:31:16 2024

Set parameter LogFile to value "local/logs/w5-k1-s2.log"
Set parameter PoolSearchMode to value 2
Set parameter PoolSolutions to value 1
Set parameter PoolGap to value 0
Set parameter Method to value 3
Set parameter TimeLimit to value 43200
Set parameter Threads to value 128
Set parameter Threads to value 128
Warning: variable name "x_(00000, 0)" has a space
Warning: default variable names used to write mps file
Gurobi Optimizer version 10.0.3 build v10.0.3rc0 (linux64)

CPU model: AMD EPYC 7742 64-Core Processor, instruction set [SSE2|AVX|AVX2]
Thread count: 64 physical cores, 128 logical processors, using up to 128 threads

Academic license 2533279 - for non-commercial use only - registered to bl___@rice.edu
Optimize a model with 2592 rows, 672 columns and 5280 nonzeros
Model fingerprint: 0xbe018bfa
Variable types: 0 continuous, 672 integer (672 binary)
Coefficient statistics:
  Matrix range     [1e+00, 1e+00]
  Objective range  [1e+00, 1e+00]
  Bounds range     [1e+00, 1e+00]
  RHS range        [1e+00, 1e+00]

User MIP start produced solution with objective 184 (0.01s)
Loaded user MIP start with objective 184

Presolve removed 126 rows and 2 columns
Presolve time: 0.01s
Presolved: 2466 rows, 670 columns, 5132 nonzeros
Variable types: 0 continuous, 670 integer (670 binary)
Root relaxation presolved: 2466 rows, 670 columns, 5132 nonzeros


Use crossover to convert LP symmetric solution to basic solution...

Root relaxation: objective 1.248000e+02, 308 iterations, 0.01 seconds (0.01 work units)

    Nodes    |    Current Node    |     Objective Bounds      |     Work
 Expl Unexpl |  Obj  Depth IntInf | Incumbent    BestBd   Gap | It/Node Time

     0     0  124.80000    0  670  184.00000  124.80000  32.2%     -    0s
     0     0  136.28000    0  670  184.00000  136.28000  25.9%     -    0s
     0     0  136.28000    0  670  184.00000  136.28000  25.9%     -    0s
     0     0  138.27788    0  670  184.00000  138.27788  24.8%     -    0s
     0     0  138.60313    0  670  184.00000  138.60313  24.7%     -    0s
     0     0  138.66595    0  670  184.00000  138.66595  24.6%     -    0s
     0     0  138.66595    0  670  184.00000  138.66595  24.6%     -    0s
     0     0  139.96247    0  670  184.00000  139.96247  23.9%     -    0s
     0     0  140.10475    0  670  184.00000  140.10475  23.9%     -    0s
     0     0  140.16139    0  670  184.00000  140.16139  23.8%     -    0s
     0     0  140.17049    0  670  184.00000  140.17049  23.8%     -    0s
     0     0  140.17492    0  670  184.00000  140.17492  23.8%     -    0s
     0     0  140.94921    0  670  184.00000  140.94921  23.4%     -    0s
     0     0  141.15990    0  670  184.00000  141.15990  23.3%     -    0s
     0     0  141.17338    0  670  184.00000  141.17338  23.3%     -    0s
     0     0  141.17861    0  670  184.00000  141.17861  23.3%     -    0s
     0     0  141.46629    0  670  184.00000  141.46629  23.1%     -    0s
     0     0  141.49270    0  670  184.00000  141.49270  23.1%     -    0s
     0     0  141.50955    0  670  184.00000  141.50955  23.1%     -    0s
     0     0  141.51110    0  670  184.00000  141.51110  23.1%     -    0s
     0     0  141.77054    0  670  184.00000  141.77054  23.0%     -    0s
     0     0  141.77235    0  670  184.00000  141.77235  22.9%     -    0s
     0     0  142.05661    0  670  184.00000  142.05661  22.8%     -    0s
     0     0  142.07808    0  670  184.00000  142.07808  22.8%     -    0s
     0     0  142.09007    0  670  184.00000  142.09007  22.8%     -    0s
     0     0  142.09071    0  670  184.00000  142.09071  22.8%     -    0s
     0     0  142.35793    0  670  184.00000  142.35793  22.6%     -    0s
     0     0  142.40652    0  670  184.00000  142.40652  22.6%     -    0s
     0     0  142.41570    0  670  184.00000  142.41570  22.6%     -    0s
     0     0  142.42128    0  670  184.00000  142.42128  22.6%     -    1s
     0     0  142.70069    0  670  184.00000  142.70069  22.4%     -    1s
     0     0  142.73711    0  670  184.00000  142.73711  22.4%     -    1s
     0     0  142.74578    0  670  184.00000  142.74578  22.4%     -    1s
     0     0  142.74658    0  670  184.00000  142.74658  22.4%     -    1s
     0     0  143.13886    0  670  184.00000  143.13886  22.2%     -    1s
     0     0  143.16775    0  670  184.00000  143.16775  22.2%     -    1s
     0     0  143.17588    0  670  184.00000  143.17588  22.2%     -    1s
     0     0  143.22739    0  670  184.00000  143.22739  22.2%     -    1s
     0     0  143.22739    0  670  184.00000  143.22739  22.2%     -    1s
     0     2  143.22739    0  670  184.00000  143.22739  22.2%     -    1s
H   34    64                     183.0000000  148.49444  18.9%   899    2s
H  127   250                     182.0000000  151.35435  16.8%   962    4s
   388   445  159.30607    9  628  182.00000  155.43887  14.6%   684    7s
   516   527  168.79130    9  607  182.00000  155.43887  14.6%   641   15s
  5618   497  169.90000   10  606  182.00000  159.18193  12.5%   360   20s

Cutting planes:
  Gomory: 1
  Zero half: 110
  RLT: 214

Explored 8621 nodes (2895285 simplex iterations) in 23.32 seconds (34.99 work units)
Thread count was 128 (of 128 available processors)

Solution count 1: 182 

Optimal solution found (tolerance 1.00e-04)
Best objective 1.820000000000e+02, best bound 1.820000000000e+02, gap 0.0000%
