
Gurobi 10.0.3 (linux64) logging started Sat Aug 24 11:58:39 2024

Set parameter LogFile to value "local/logs/w5-k2-s2.log"
Set parameter PoolSearchMode to value 2
Set parameter PoolSolutions to value 1
Set parameter TimeLimit to value 1800
Set parameter Threads to value 120
Gurobi Optimizer version 10.0.3 build v10.0.3rc0 (linux64)

CPU model: Intel(R) Xeon(R) Gold 6138 CPU @ 2.00GHz, instruction set [SSE2|AVX|AVX2|AVX512]
Thread count: 40 physical cores, 80 logical processors, using up to 32 threads

Academic license 2533279 - for non-commercial use only - registered to bl___@rice.edu
Optimize a model with 10304 rows, 2368 columns and 20800 nonzeros
Model fingerprint: 0x36c4a640
Variable types: 0 continuous, 2368 integer (2368 binary)
Coefficient statistics:
  Matrix range     [1e+00, 1e+00]
  Objective range  [1e+00, 1e+00]
  Bounds range     [1e+00, 1e+00]
  RHS range        [1e+00, 1e+00]

User MIP start produced solution with objective 624 (0.02s)
Loaded user MIP start with objective 624

Presolve removed 252 rows and 4 columns
Presolve time: 0.06s
Presolved: 10052 rows, 2364 columns, 20504 nonzeros
Variable types: 0 continuous, 2364 integer (2364 binary)

Root relaxation: objective 4.544000e+02, 4847 iterations, 0.62 seconds (0.67 work units)

    Nodes    |    Current Node    |     Objective Bounds      |     Work
 Expl Unexpl |  Obj  Depth IntInf | Incumbent    BestBd   Gap | It/Node Time

     0     0  454.40000    0 2364  624.00000  454.40000  27.2%     -    0s
     0     0  468.60000    0 2364  624.00000  468.60000  24.9%     -    1s
     0     0  468.60000    0 2364  624.00000  468.60000  24.9%     -    2s
     0     0  476.26579    0 2364  624.00000  476.26579  23.7%     -    3s
     0     0  476.47727    0 2364  624.00000  476.47727  23.6%     -    3s
     0     0  476.68333    0 2364  624.00000  476.68333  23.6%     -    3s
     0     0  479.33478    0 2364  624.00000  479.33478  23.2%     -    3s
     0     0  479.64348    0 2364  624.00000  479.64348  23.1%     -    4s
     0     0  479.64615    0 2364  624.00000  479.64615  23.1%     -    4s
     0     0  481.21818    0 2364  624.00000  481.21818  22.9%     -    4s
     0     0  481.27971    0 2364  624.00000  481.27971  22.9%     -    4s
     0     0  481.27971    0 2364  624.00000  481.27971  22.9%     -    4s
     0     0  482.39234    0 2364  624.00000  482.39234  22.7%     -    5s
     0     0  482.56364    0 2364  624.00000  482.56364  22.7%     -    5s
     0     0  482.60317    0 2364  624.00000  482.60317  22.7%     -    5s
     0     0  482.65000    0 2364  624.00000  482.65000  22.7%     -    5s
     0     0  482.65000    0 2364  624.00000  482.65000  22.7%     -    5s
     0     0  483.16333    0 2364  624.00000  483.16333  22.6%     -    5s
     0     0  483.19879    0 2364  624.00000  483.19879  22.6%     -    6s
     0     0  483.20024    0 2364  624.00000  483.20024  22.6%     -    6s
     0     0  483.99228    0 2364  624.00000  483.99228  22.4%     -    6s
     0     0  484.07063    0 2364  624.00000  484.07063  22.4%     -    6s
     0     0  484.09530    0 2364  624.00000  484.09530  22.4%     -    6s
     0     0  484.10297    0 2364  624.00000  484.10297  22.4%     -    6s
     0     0  484.51716    0 2363  624.00000  484.51716  22.4%     -    6s
     0     0  484.55224    0 2364  624.00000  484.55224  22.3%     -    7s
     0     0  484.57965    0 2364  624.00000  484.57965  22.3%     -    7s
     0     0  484.90109    0 2364  624.00000  484.90109  22.3%     -    7s
     0     0  485.03906    0 2364  624.00000  485.03906  22.3%     -    7s
     0     0  485.04775    0 2364  624.00000  485.04775  22.3%     -    7s
     0     0  485.05276    0 2364  624.00000  485.05276  22.3%     -    7s
     0     0  485.43283    0 2364  624.00000  485.43283  22.2%     -    8s
     0     0  485.43683    0 2364  624.00000  485.43683  22.2%     -    8s
     0     0  485.60758    0 2364  624.00000  485.60758  22.2%     -    8s
     0     0  485.79006    0 2363  624.00000  485.79006  22.1%     -    8s
     0     0  485.81444    0 2364  624.00000  485.81444  22.1%     -    8s
     0     0  485.82222    0 2364  624.00000  485.82222  22.1%     -    8s
     0     0  485.82328    0 2364  624.00000  485.82328  22.1%     -    8s
     0     0  485.97949    0 2363  624.00000  485.97949  22.1%     -    9s
     0     0  486.04235    0 2363  624.00000  486.04235  22.1%     -    9s
     0     0  486.04711    0 2363  624.00000  486.04711  22.1%     -    9s
     0     0  486.34829    0 2364  624.00000  486.34829  22.1%     -    9s
     0     0  486.49787    0 2364  624.00000  486.49787  22.0%     -    9s
     0     0  486.50609    0 2364  624.00000  486.50609  22.0%     -    9s
     0     0  486.51183    0 2364  624.00000  486.51183  22.0%     -    9s
     0     0  486.90981    0 2364  624.00000  486.90981  22.0%     -   10s
     0     0  487.10773    0 2364  624.00000  487.10773  21.9%     -   10s
     0     0  487.11589    0 2364  624.00000  487.11589  21.9%     -   10s
     0     0  487.12375    0 2364  624.00000  487.12375  21.9%     -   10s
     0     0  487.22307    0 2364  624.00000  487.22307  21.9%     -   10s
     0     0  487.26476    0 2364  624.00000  487.26476  21.9%     -   10s
     0     0  487.27090    0 2364  624.00000  487.27090  21.9%     -   10s
     0     0  487.52586    0 2364  624.00000  487.52586  21.9%     -   11s
     0     0  487.56926    0 2364  624.00000  487.56926  21.9%     -   11s
     0     0  487.57260    0 2364  624.00000  487.57260  21.9%     -   11s
     0     0  487.84767    0 2364  624.00000  487.84767  21.8%     -   11s
     0     0  487.88034    0 2364  624.00000  487.88034  21.8%     -   11s
     0     0  487.90078    0 2364  624.00000  487.90078  21.8%     -   11s
     0     0  487.90216    0 2364  624.00000  487.90216  21.8%     -   11s
     0     0  488.19810    0 2364  624.00000  488.19810  21.8%     -   12s
     0     0  488.25191    0 2364  624.00000  488.25191  21.8%     -   12s
     0     0  488.27108    0 2364  624.00000  488.27108  21.8%     -   12s
     0     0  488.27194    0 2364  624.00000  488.27194  21.8%     -   12s
     0     0  488.65190    0 2364  624.00000  488.65190  21.7%     -   12s
     0     0  488.72306    0 2364  624.00000  488.72306  21.7%     -   12s
     0     0  488.73791    0 2364  624.00000  488.73791  21.7%     -   12s
     0     0  488.73886    0 2364  624.00000  488.73886  21.7%     -   12s
     0     0  488.96284    0 2364  624.00000  488.96284  21.6%     -   13s
     0     0  489.08658    0 2364  624.00000  489.08658  21.6%     -   13s
     0     0  489.26733    0 2364  624.00000  489.26733  21.6%     -   13s
     0     0  489.28111    0 2364  624.00000  489.28111  21.6%     -   13s
     0     0  489.28178    0 2364  624.00000  489.28178  21.6%     -   13s
     0     0  489.53670    0 2364  624.00000  489.53670  21.5%     -   13s
     0     0  489.55627    0 2364  624.00000  489.55627  21.5%     -   13s
     0     0  489.56167    0 2364  624.00000  489.56167  21.5%     -   13s
     0     0  489.70284    0 2364  624.00000  489.70284  21.5%     -   14s
     0     0  489.76319    0 2364  624.00000  489.76319  21.5%     -   14s
     0     0  489.76525    0 2364  624.00000  489.76525  21.5%     -   14s
     0     0  489.92598    0 2364  624.00000  489.92598  21.5%     -   14s
     0     0  489.98738    0 2364  624.00000  489.98738  21.5%     -   14s
     0     0  489.99767    0 2364  624.00000  489.99767  21.5%     -   14s
     0     0  490.00286    0 2364  624.00000  490.00286  21.5%     -   14s
     0     0  490.23259    0 2364  624.00000  490.23259  21.4%     -   15s
     0     0  490.33882    0 2364  624.00000  490.33882  21.4%     -   15s
     0     0  490.35570    0 2364  624.00000  490.35570  21.4%     -   15s
     0     0  490.36362    0 2364  624.00000  490.36362  21.4%     -   15s
     0     0  490.43978    0 2364  624.00000  490.43978  21.4%     -   15s
     0     0  490.51080    0 2364  624.00000  490.51080  21.4%     -   15s
     0     0  490.51477    0 2364  624.00000  490.51477  21.4%     -   15s
     0     0  490.72260    0 2364  624.00000  490.72260  21.4%     -   16s
     0     0  490.75572    0 2364  624.00000  490.75572  21.4%     -   16s
     0     0  490.76313    0 2364  624.00000  490.76313  21.4%     -   16s
     0     0  490.85801    0 2364  624.00000  490.85801  21.3%     -   16s
     0     0  490.89808    0 2364  624.00000  490.89808  21.3%     -   16s
     0     0  490.89876    0 2364  624.00000  490.89876  21.3%     -   16s
     0     0  491.12027    0 2364  624.00000  491.12027  21.3%     -   17s
     0     0  491.14613    0 2364  624.00000  491.14613  21.3%     -   17s
     0     0  491.14763    0 2364  624.00000  491.14763  21.3%     -   17s
     0     0  491.29315    0 2364  624.00000  491.29315  21.3%     -   17s
     0     0  491.35340    0 2364  624.00000  491.35340  21.3%     -   17s
     0     0  491.35575    0 2364  624.00000  491.35575  21.3%     -   17s
     0     0  491.47563    0 2364  624.00000  491.47563  21.2%     -   18s
     0     0  491.48256    0 2364  624.00000  491.48256  21.2%     -   18s
     0     0  491.69091    0 2364  624.00000  491.69091  21.2%     -   18s
     0     0  491.74230    0 2364  624.00000  491.74230  21.2%     -   18s
     0     0  491.75324    0 2364  624.00000  491.75324  21.2%     -   18s
     0     0  491.75490    0 2364  624.00000  491.75490  21.2%     -   18s
     0     0  491.87704    0 2364  624.00000  491.87704  21.2%     -   19s
     0     0  491.90544    0 2364  624.00000  491.90544  21.2%     -   19s
     0     0  491.90725    0 2364  624.00000  491.90725  21.2%     -   19s
     0     0  491.98363    0 2364  624.00000  491.98363  21.2%     -   19s
     0     0  492.04901    0 2364  624.00000  492.04901  21.1%     -   19s
     0     0  492.05244    0 2364  624.00000  492.05244  21.1%     -   19s
     0     0  492.26198    0 2364  624.00000  492.26198  21.1%     -   20s
     0     0  492.29581    0 2364  624.00000  492.29581  21.1%     -   20s
     0     0  492.30316    0 2364  624.00000  492.30316  21.1%     -   20s
     0     0  492.39252    0 2364  624.00000  492.39252  21.1%     -   20s
     0     0  492.41899    0 2364  624.00000  492.41899  21.1%     -   20s
     0     0  492.42051    0 2364  624.00000  492.42051  21.1%     -   20s
     0     0  492.57722    0 2364  624.00000  492.57722  21.1%     -   20s
     0     0  492.59686    0 2364  624.00000  492.59686  21.1%     -   21s
     0     0  492.60927    0 2364  624.00000  492.60927  21.1%     -   21s
     0     0  492.61143    0 2364  624.00000  492.61143  21.1%     -   21s
     0     0  492.75862    0 2364  624.00000  492.75862  21.0%     -   21s
     0     0  492.76964    0 2364  624.00000  492.76964  21.0%     -   21s
     0     0  492.83439    0 2364  624.00000  492.83439  21.0%     -   21s
     0     0  492.83439    0 2364  624.00000  492.83439  21.0%     -   21s
     0     2  492.83439    0 2364  624.00000  492.83439  21.0%     -   22s
     3     8  496.11556    2 2356  624.00000  494.59713  20.7%  1505   25s
    31    64  503.34803    5 2326  624.00000  501.99849  19.6%  2077   31s
    63    96  504.86880    6 2320  624.00000  503.36101  19.3%  2205   47s
   127   160  512.13506    8 2293  624.00000  503.36101  19.3%  2127   50s
   159   192  516.81173    9 2292  624.00000  503.36101  19.3%  2108   61s
   228   261  538.93333   10 2255  624.00000  503.36101  19.3%  2040   67s
   337   363  580.03316   11 2183  624.00000  503.36101  19.3%  1962   71s
   486   436  594.52383   14 2161  624.00000  503.36101  19.3%  1830   75s
   673   491  622.90963   16 2123  624.00000  503.36101  19.3%  1706   80s
   792   548  517.22452    7 2291  624.00000  506.95892  18.8%  1673   94s
   841   598  523.07200    8 2292  624.00000  506.95892  18.8%  1671   96s
   977   715  538.98596   11 2256  624.00000  506.95892  18.8%  1664  101s
  1201   821  571.74667   18 2190  624.00000  506.95892  18.8%  1660  108s
  1256   842  581.46667   20 2187  624.00000  506.95892  18.8%  1645  111s
  1434   898  616.80000   26 2115  624.00000  506.95892  18.8%  1601  115s
  1622  1016  521.97769   10 2291  624.00000  508.33730  18.5%  1605  120s
  1826  1129  552.38201   14 2252  624.00000  508.33730  18.5%  1607  128s
  1900  1199  561.49898   16 2217  624.00000  508.33730  18.5%  1616  130s
  2155  1287  600.96667   24 2153  624.00000  508.33730  18.5%  1605  136s
  2447  1357  535.29412    7 2256  624.00000  512.27163  17.9%  1583  142s
  2534  1439  517.31596    7 2292  624.00000  512.27163  17.9%  1594  145s
  2783  1588  558.46154    8 2220  624.00000  512.27163  17.9%  1619  152s
  2927  1640  535.83307   10 2256  624.00000  512.27163  17.9%  1622  182s
  3063  1678  560.74010   12 2218  624.00000  512.27163  17.9%  1617  191s
  3184  1712  578.96667   14 2181  624.00000  512.27163  17.9%  1614  195s
  3526  1877  608.43495   19 2124  624.00000  512.27163  17.9%  1617  203s
  3723  1953     cutoff   20       624.00000  523.39569  16.1%  1611  206s
  3925  2043  539.24364    9 2255  624.00000  523.39569  16.1%  1608  210s
  4151  2155  566.18750   14 2218  624.00000  523.39569  16.1%  1598  215s
  4373  2218  602.24000   20 2146  624.00000  523.39569  16.1%  1591  254s
  4578  2321     cutoff   23       624.00000  527.76187  15.4%  1587  261s
  4823  2413  556.73158   13 2220  624.00000  527.76295  15.4%  1589  265s
  5057  2478  581.13637   15 2182  624.00000  527.76295  15.4%  1594  270s
  5292  2612  614.72400   17 2125  624.00000  527.76295  15.4%  1583  275s
  5578  2693     cutoff   20       624.00000  527.76295  15.4%  1575  280s
  5886  2694  584.67268   21 2364  624.00000  527.76295  15.4%  1566  455s
  5889  2696  543.32955   12 2364  624.00000  527.76295  15.4%  1565  463s
  5892  2698  543.90867    7 2364  624.00000  527.76295  15.4%  1564  465s
  5895  2700  598.45467   19 2364  624.00000  527.76295  15.4%  1563  472s
  5896  2701  548.63401    9 2364  624.00000  527.76295  15.4%  1563  475s
  5898  2702  596.70158   19 2364  624.00000  527.76295  15.4%  1562  483s
  5899  2703  558.45874    9 2364  624.00000  527.76295  15.4%  1562  487s
  5901  2707  527.76295   15 2363  624.00000  527.76295  15.4%  1566  492s
  5907  2717  527.76295   17 2361  624.00000  527.76295  15.4%  1568  498s
  5915  2730  527.76295   18 2360  624.00000  527.76295  15.4%  1570  500s
  5931  2757  527.76295   19 2356  624.00000  527.76295  15.4%  1576  507s
  5995  2800  527.76295   20 2325  624.00000  527.76295  15.4%  1596  513s
  6027  2821  528.22681   21 2321  624.00000  527.76295  15.4%  1603  516s
  6059  2842  548.29130   21 2285  624.00000  527.76295  15.4%  1612  538s
  6091  2859  534.76343   22 2320  624.00000  527.76295  15.4%  1620  540s
  6124  2877  547.08416   22 2285  624.00000  527.76295  15.4%  1627  554s
  6157  2894  541.07672   23 2319  624.00000  527.76295  15.4%  1630  556s
  6268  2932  547.75346   24 2285  624.00000  527.76295  15.4%  1641  561s
  6363  2919  572.11572   25 2248  624.00000  527.76295  15.4%  1647  567s
  6411  2923  573.52244   26 2247  624.00000  527.76295  15.4%  1650  570s
  6455  2927  593.07733   27 2215  624.00000  527.76295  15.4%  1656  614s
  6496  2916  582.98096   28 2248  624.00000  527.76295  15.4%  1660  617s
  6560  2905  595.74006   28 2210  624.00000  527.76295  15.4%  1664  620s
  6666  2923  596.95116   30 2210  624.00000  527.76295  15.4%  1674  626s
  6786  2941  598.79003   31 2210  624.00000  527.76295  15.4%  1685  632s
  6864  2939     cutoff   32       624.00000  527.76295  15.4%  1691  635s
  7007  2948  612.99759   34 2209  624.00000  527.76295  15.4%  1707  642s
  7083  2966  618.99731   35 2207  624.00000  527.76295  15.4%  1714  645s
  7250  2984  550.90874   21 2287  624.00000  528.47760  15.3%  1724  652s
  7328  3014  562.35776   23 2285  624.00000  528.47760  15.3%  1728  655s
  7543  3030  580.04583   27 2281  624.00000  528.47760  15.3%  1728  663s
  7654  3043  599.21111   30 2242  624.00000  528.47760  15.3%  1732  667s
  7772  3046  607.68750   32 2240  624.00000  528.47760  15.3%  1734  672s
  7900  3055  616.93960   36 2239  624.00000  532.86750  14.6%  1734  676s
  8033  3062  539.97413   21 2322  624.00000  532.86750  14.6%  1736  686s
  8099  3104  550.26323   23 2318  624.00000  532.86750  14.6%  1739  690s
  8386  3128  572.81936   27 2314  624.00000  532.86750  14.6%  1739  699s
  8511  3128  583.26928   29 2311  624.00000  532.86750  14.6%  1740  704s
  8655  3145  592.45325   31 2276  624.00000  532.86750  14.6%  1746  709s
  8808  3167  619.03082   33 2238  624.00000  532.86750  14.6%  1748  714s
  8945  3190  608.02064   35 2271  624.00000  532.86750  14.6%  1755  720s
  9110  3212     cutoff   37       624.00000  539.98126  13.5%  1762  725s
  9257  3247  557.46051   23 2277  624.00000  550.29147  11.8%  1772  730s
  9441  3212  583.37903   28 2270  624.00000  550.29147  11.8%  1775  736s
  9637  3176  611.53101   33 2235  624.00000  550.29147  11.8%  1779  744s
  9820  3172  618.96870   31 2198  624.00000  550.29147  11.8%  1782  750s
 10021  3143  614.69446   33 2200  624.00000  550.29147  11.8%  1782  827s
 10185  3161     cutoff   32       624.00000  550.29147  11.8%  1781  836s
 10340  3181  621.19853   34 2199  624.00000  560.92234  10.1%  1787  843s
 10556  3235  579.83739   25 2281  624.00000  562.35961  9.88%  1794  849s
 10755  3231  593.48548   28 2275  624.00000  562.35961  9.88%  1809  856s
 11021  3187  603.33548   31 2272  624.00000  562.35961  9.88%  1814  866s
 11169  3206     cutoff   33       624.00000  564.33456  9.56%  1817  873s
 11458  3215  600.35342   27 2245  624.00000  564.33456  9.56%  1818  881s
 11725  3189  612.09360   29 2243  624.00000  567.19833  9.10%  1823  888s
 12064  3152  578.04019   23 2217  624.00000  569.22539  8.78%  1818  897s
 12382  3109  618.31045   31 2176  624.00000  570.15428  8.63%  1815  905s
 12723  3052  609.86133   29 2184  624.00000  570.15782  8.63%  1811  917s
 12914  3102     cutoff   33       624.00000  571.58835  8.40%  1808  927s
 13306  3090  618.88117   33 2225  624.00000  572.62923  8.23%  1802  937s
 13710  3013     cutoff   34       624.00000  573.94264  8.02%  1796  951s
 14056  3010     cutoff   29       624.00000  574.50413  7.93%  1792  963s
 14411  3119     cutoff   37       624.00000  574.56406  7.92%  1789  973s
 14864  3248     cutoff   35       624.00000  576.71648  7.58%  1783  984s
 15306  3329  618.31979   29 2173  624.00000  577.54626  7.44%  1785  995s
 15760  3385     cutoff   32       624.00000  577.67440  7.42%  1788 1006s
 16254  3478     cutoff   30       624.00000  578.79965  7.24%  1787 1019s
 16830  3559  620.36901   24 2149  624.00000  579.84361  7.08%  1778 1031s
 17367  3559  616.14881   29 2199  624.00000  581.02958  6.89%  1776 1045s
 17993  3568     cutoff   30       624.00000  581.12938  6.87%  1768 1059s
 18598  3602     cutoff   30       624.00000  582.57118  6.64%  1765 1072s
 19228  3620  616.79187   28 2191  624.00000  582.91056  6.58%  1761 1088s
 19886  3683  614.18307   27 2178  624.00000  584.79337  6.28%  1759 1102s
 20565  3734  611.27691   28 2175  624.00000  585.54414  6.16%  1756 1118s
 21285  3792  605.79606   26 2209  624.00000  586.37344  6.03%  1751 1134s
 22043  3825     cutoff   35       624.00000  586.90211  5.95%  1745 1150s
 22762  3839     cutoff   35       624.00000  588.06610  5.76%  1742 1169s
 23431  3824  598.09327   26 2186  624.00000  589.38442  5.55%  1737 1186s
 24244  3767  618.97434   29 2137  624.00000  590.07898  5.44%  1734 1205s
 25085  3722  615.31083   31 2202  624.00000  590.92050  5.30%  1734 1226s
 26018  3692  603.96024   26 2179  624.00000  592.15504  5.10%  1728 1245s
 26972  3635  606.75581   30 2208  624.00000  593.21650  4.93%  1723 1266s
 27957  3559  613.47955   32 1576  624.00000  594.16252  4.78%  1716 1287s
 28933  3482     cutoff   29       624.00000  595.17599  4.62%  1712 1309s
 29960  3386  619.50165   33 2197  624.00000  595.98882  4.49%  1707 1333s
 31076  3222  608.20670   27 2209  624.00000  597.11211  4.31%  1701 1356s
 32166  3026  618.32463   30 2188  624.00000  598.49833  4.09%  1700 1380s
 33257  2765  621.66015   29 2145  624.00000  599.52908  3.92%  1698 1404s
 34368  2457  621.29292   29 2173  624.00000  601.08804  3.67%  1698 1429s
 35538  2173  614.62542   29 2174  624.00000  602.54320  3.44%  1698 1456s
 36607  1722     cutoff   29       624.00000  603.95531  3.21%  1697 1483s
 37882  1120     cutoff   29       624.00000  605.91250  2.90%  1696 1511s
 39202   944     cutoff   31       624.00000  608.09576  2.55%  1694 1800s

Cutting planes:
  Gomory: 11
  Zero half: 293
  RLT: 317

Explored 39478 nodes (66881517 simplex iterations) in 1800.12 seconds (3760.32 work units)
Thread count was 32 (of 80 available processors)

Solution count 1: 624 

Time limit reached
Best objective 6.240000000000e+02, best bound 6.100000000000e+02, gap 2.2436%

Gurobi 10.0.3 (linux64) logging started Sat Aug 24 13:54:14 2024

Set parameter LogFile to value "local/logs/w5-k2-s2.log"
Set parameter PoolSearchMode to value 2
Set parameter PoolSolutions to value 1
Set parameter TimeLimit to value 1800
Warning: environment still referenced so free is deferred (Continue to use WLS)
