
Gurobi 10.0.3 (linux64) logging started Wed Sep  4 15:58:16 2024

Set parameter LogFile to value "local/logs/w6-k2-s2.log"

Gurobi 10.0.3 (linux64) logging started Wed Sep  4 15:58:16 2024

Set parameter LogFile to value "local/logs/w6-k2-s2.log"
Warning: variable name "x_(0000000, 0)" has a space
Warning: default variable names used to write mps file
Gurobi Optimizer version 10.0.3 build v10.0.3rc0 (linux64)

CPU model: AMD EPYC 7742 64-Core Processor, instruction set [SSE2|AVX|AVX2]
Thread count: 64 physical cores, 128 logical processors, using up to 128 threads

Academic license 2533279 - for non-commercial use only - registered to bl___@rice.edu
Optimize a model with 24704 rows, 4864 columns and 49920 nonzeros
Model fingerprint: 0x04ef7297
Variable types: 0 continuous, 4864 integer (4864 binary)
Coefficient statistics:
  Matrix range     [1e+00, 1e+00]
  Objective range  [1e+00, 1e+00]
  Bounds range     [1e+00, 1e+00]
  RHS range        [1e+00, 1e+00]

Concurrent MIP optimizer: 64 concurrent instances (2 threads per instance)


User MIP start produced solution with objective 1072 (0.10s)
Loaded user MIP start with objective 1072

Presolve removed 376 rows and 2 columns
Presolve time: 0.14s
Presolved: 24328 rows, 4862 columns, 49516 nonzeros
Variable types: 0 continuous, 4862 integer (4862 binary)

Concurrent LP optimizer: dual simplex and barrier
Showing barrier log only...

Root relaxation presolved: 24328 rows, 4862 columns, 49516 nonzeros

Root barrier log...

Ordering time: 0.22s

Barrier statistics:
 AA' NZ     : 1.115e+05
 Factor NZ  : 1.432e+06 (roughly 15 MB of memory)
 Factor Ops : 4.755e+08 (less than 1 second per iteration)
 Threads    : 1

Barrier performed 0 iterations in 0.66 seconds (0.23 work units)
Barrier solve interrupted - model solved by another algorithm


Solved with dual simplex

Root relaxation: objective 7.360000e+02, 2502 iterations, 0.40 seconds (0.29 work units)

    Nodes    |    Current Node    |     Objective Bounds      |     Work
 Expl Unexpl |  Obj  Depth IntInf | Incumbent    BestBd   Gap | It/Node Time

     0     0      -    -    -     1072.00000  736.00000  31.3%     -    0s
     0     0      -    -    -     1072.00000  773.14815  27.9%     -    9s
     0     0      -    -    -     1072.00000  773.92361  27.8%     -   10s
     0     0      -    -    -     1072.00000  773.97222  27.8%     -   10s
     0     0      -    -    -     1072.00000  774.00000  27.8%     -   11s
     0     0      -    -    -     1072.00000  774.00000  27.8%     -   11s
     0     0      -    -    -     1072.00000  779.23181  27.3%     -   14s
     0     0      -    -    -     1072.00000  780.16114  27.2%     -   16s
     0     0      -    -    -     1072.00000  780.23480  27.2%     -   16s
     0     0      -    -    -     1072.00000  780.23610  27.2%     -   16s
     0     0      -    -    -     1072.00000  783.12743  26.9%     -   20s
     0     0      -    -    -     1072.00000  783.46354  26.9%     -   21s
     0     0      -    -    -     1072.00000  783.67659  26.9%     -   21s
     0     0      -    -    -     1072.00000  783.69101  26.9%     -   22s
     0     0      -    -    -     1072.00000  783.71199  26.9%     -   22s
     0     0      -    -    -     1072.00000  783.71768  26.9%     -   22s
     0     0      -    -    -     1072.00000  783.71770  26.9%     -   22s
     0     0      -    -    -     1072.00000  786.57132  26.6%     -   25s
     0     0      -    -    -     1072.00000  787.11990  26.6%     -   26s
     0     0      -    -    -     1072.00000  787.13566  26.6%     -   26s
     0     0      -    -    -     1072.00000  787.14492  26.6%     -   26s
     0     0      -    -    -     1072.00000  787.14504  26.6%     -   26s
     0     0      -    -    -     1072.00000  787.75314  26.5%     -   29s
     0     2      -    -    -     1068.00000  793.92668  25.7%     - 3548s
     1     4      -    -    -     1068.00000  793.92668  25.7%     - 3554s
     3     6      -    -    -     1068.00000  793.92668  25.7%     - 3562s
     7    10      -    -    -     1068.00000  793.92668  25.7%     - 3572s
     9    12      -    -    -     1068.00000  795.60779  25.5%     - 3812s
    11    14      -    -    -     1068.00000  795.60779  25.5%     - 3826s
    13    16      -    -    -     1068.00000  795.60779  25.5%     - 3830s
    15    18      -    -    -     1068.00000  795.60779  25.5%     - 3836s
    17    20      -    -    -     1068.00000  795.60779  25.5%     - 3850s
    19    22      -    -    -     1068.00000  795.60779  25.5%     - 3857s
    21    24      -    -    -     1068.00000  795.60779  25.5%     - 3864s
    23    26      -    -    -     1068.00000  795.60779  25.5%     - 3877s
    25    28      -    -    -     1068.00000  795.60779  25.5%     - 3924s
    27    30      -    -    -     1068.00000  795.60779  25.5%     - 4054s
    29    33      -    -    -     1068.00000  795.60779  25.5%     - 4068s
    32    36      -    -    -     1068.00000  795.60779  25.5%     - 4080s
    35    39      -    -    -     1068.00000  797.85559  25.3%     - 4200s
    38    43      -    -    -     1068.00000  797.85559  25.3%     - 4221s
    42    47      -    -    -     1068.00000  797.85559  25.3%     - 4245s
    46    50      -    -    -     1068.00000  797.85559  25.3%     - 4255s
    49    55      -    -    -     1068.00000  797.85559  25.3%     - 4265s
    54    57      -    -    -     1068.00000  797.85559  25.3%     - 4363s
    56    62      -    -    -     1068.00000  797.85559  25.3%     - 4389s
    61    67      -    -    -     1068.00000  797.85559  25.3%     - 4452s
    66    74      -    -    -     1068.00000  797.85559  25.3%     - 4464s
    73    80      -    -    -     1068.00000  797.85559  25.3%     - 4478s
    79    86      -    -    -     1068.00000  797.85559  25.3%     - 4528s
    85    90      -    -    -     1068.00000  797.85559  25.3%     - 4549s
    91    91      -    -    -     1068.00000  797.85559  25.3%     - 4583s
   100    93      -    -    -     1068.00000  800.22263  25.1%     - 10404s
   102   100      -    -    -     1068.00000  800.22263  25.1%     - 10418s
   111   101      -    -    -     1068.00000  800.22263  25.1%     - 10433s
   120   109      -    -    -     1068.00000  800.22263  25.1%     - 10476s
   128   114      -    -    -     1068.00000  800.22263  25.1%     - 10513s
   133   123      -    -    -     1068.00000  800.22263  25.1%     - 10557s
   142   132      -    -    -     1068.00000  800.22263  25.1%     - 10595s
   151   141      -    -    -     1068.00000  800.22263  25.1%     - 10631s
   160   154      -    -    -     1068.00000  800.22263  25.1%     - 10668s
   173   165      -    -    -     1068.00000  800.22263  25.1%     - 10722s
   184   169      -    -    -     1068.00000  800.22263  25.1%     - 10764s
   194   175      -    -    -     1068.00000  800.22263  25.1%     - 10803s
   204   183      -    -    -     1068.00000  800.22263  25.1%     - 10863s
   212   191      -    -    -     1068.00000  800.22263  25.1%     - 10921s
   220   201      -    -    -     1068.00000  800.22263  25.1%     - 10970s
   230   212      -    -    -     1068.00000  800.22263  25.1%     - 11046s
   241   224      -    -    -     1068.00000  800.22263  25.1%     - 11109s
   253   237      -    -    -     1068.00000  800.22263  25.1%     - 11171s
   266   247      -    -    -     1068.00000  800.22263  25.1%     - 11228s
   282   255      -    -    -     1068.00000  800.22263  25.1%     - 11288s
   302   261      -    -    -     1068.00000  800.22263  25.1%     - 11352s
   314   276      -    -    -     1068.00000  800.22263  25.1%     - 11424s
   329   293      -    -    -     1068.00000  800.22263  25.1%     - 11493s
   346   306      -    -    -     1068.00000  800.22263  25.1%     - 11564s
   365   319      -    -    -     1068.00000  800.22263  25.1%     - 11638s
   388   334      -    -    -     1068.00000  800.22263  25.1%     - 11725s
   403   338      -    -    -     1068.00000  800.22263  25.1%     - 11848s
   407   352      -    -    -     1068.00000  800.22263  25.1%     - 11933s
   421   369      -    -    -     1068.00000  800.22263  25.1%     - 12028s
   438   385      -    -    -     1068.00000  800.22263  25.1%     - 12165s
   454   396      -    -    -     1068.00000  800.22263  25.1%     - 12280s
   477   404      -    -    -     1068.00000  800.55677  25.0%     - 12382s
   497   411      -    -    -     1068.00000  800.66564  25.0%     - 14400s

Cutting planes:
  Zero half: 88
  RLT: 531

Instance 19 was solved

Explored 619 nodes (2239053 simplex iterations) in 14400.19 seconds (24087.82 work units)
Thread count was 2 (of 128 available processors)

Solution count 1: 1068 

Time limit reached
Best objective 1.068000000000e+03, best bound 8.020000000000e+02, gap 24.9064%

Gurobi 10.0.3 (linux64) logging started Thu Sep  5 02:06:49 2024

Set parameter LogFile to value "local/logs/w6-k2-s2.log"

Gurobi 10.0.3 (linux64) logging started Thu Sep  5 02:06:49 2024

Set parameter LogFile to value "local/logs/w6-k2-s2.log"
Warning: variable name "x_(0000000, 0)" has a space
Warning: default variable names used to write mps file
Gurobi Optimizer version 10.0.3 build v10.0.3rc0 (linux64)

CPU model: AMD EPYC 7742 64-Core Processor, instruction set [SSE2|AVX|AVX2]
Thread count: 64 physical cores, 128 logical processors, using up to 128 threads

Academic license 2533279 - for non-commercial use only - registered to bl___@rice.edu
Optimize a model with 24705 rows, 5120 columns and 50176 nonzeros
Model fingerprint: 0x56fcb364
Model has 1280 general constraints
Variable types: 0 continuous, 5120 integer (5120 binary)
Coefficient statistics:
  Matrix range     [1e+00, 1e+00]
  Objective range  [1e+00, 1e+00]
  Bounds range     [1e+00, 1e+00]
  RHS range        [1e+00, 7e+01]
  GenCon coe range [1e+00, 1e+00]

Concurrent MIP optimizer: 64 concurrent instances (2 threads per instance)


User MIP start produced solution with objective 1072 (0.16s)
Loaded user MIP start with objective 1072

Presolve added 3464 rows and 1278 columns
Presolve time: 0.33s
Presolved: 28169 rows, 6398 columns, 59992 nonzeros
Variable types: 0 continuous, 6398 integer (6398 binary)

Concurrent LP optimizer: dual simplex and barrier
Showing barrier log only...

Root relaxation presolved: 28169 rows, 6398 columns, 59992 nonzeros

Root barrier log...

Ordering time: 0.35s

Barrier statistics:
 AA' NZ     : 1.567e+05
 Factor NZ  : 1.990e+06 (roughly 20 MB of memory)
 Factor Ops : 7.996e+08 (less than 1 second per iteration)
 Threads    : 1

Barrier performed 0 iterations in 1.02 seconds (0.41 work units)
Barrier solve interrupted - model solved by another algorithm


Solved with dual simplex

Root relaxation: objective 7.360000e+02, 2903 iterations, 0.48 seconds (0.34 work units)

    Nodes    |    Current Node    |     Objective Bounds      |     Work
 Expl Unexpl |  Obj  Depth IntInf | Incumbent    BestBd   Gap | It/Node Time

     0     0      -    -    -     1072.00000  736.00000  31.3%     -    1s
     0     0      -    -    -     1072.00000  764.58333  28.7%     -   13s
     0     0      -    -    -     1072.00000  764.58333  28.7%     -   13s
     0     0      -    -    -     1072.00000  765.93056  28.6%     -   14s
     0     0      -    -    -     1072.00000  766.14583  28.5%     -   15s
     0     0      -    -    -     1072.00000  766.14583  28.5%     -   15s
     0     0      -    -    -     1072.00000  775.00000  27.7%     -   22s
     0     0      -    -    -     1072.00000  775.36667  27.7%     -   22s
     0     0      -    -    -     1072.00000  775.38889  27.7%     -   22s
     0     0      -    -    -     1072.00000  775.38889  27.7%     -   22s
     0     0      -    -    -     1072.00000  779.49359  27.3%     -   26s
     0     0      -    -    -     1072.00000  779.77778  27.3%     -   27s
     0     0      -    -    -     1072.00000  779.78205  27.3%     -   27s
     0     0      -    -    -     1072.00000  781.79167  27.1%     -   30s
     0     0      -    -    -     1072.00000  782.62500  27.0%     -   31s
     0     0      -    -    -     1072.00000  782.66667  27.0%     -   31s
     0     0      -    -    -     1072.00000  782.66667  27.0%     -   31s
     0     0      -    -    -     1072.00000  783.93548  26.9%     -   35s
     0     2      -    -    -     1072.00000  785.75000  26.7%     -   44s
     1     4      -    -    -     1072.00000  785.75000  26.7%     -   48s
     3     6      -    -    -     1072.00000  786.32959  26.6%     -   56s
     5     8      -    -    -     1072.00000  787.12500  26.6%     -   61s
     7    10      -    -    -     1072.00000  787.12500  26.6%     -   66s
     9    12      -    -    -     1072.00000  787.12500  26.6%     -   71s
    11    14      -    -    -     1072.00000  787.12500  26.6%     -   77s
    13    16      -    -    -     1072.00000  787.62500  26.5%     -  106s
    15    18      -    -    -     1072.00000  787.62500  26.5%     -  113s
    17    20      -    -    -     1072.00000  787.62500  26.5%     -  119s
    19    22      -    -    -     1072.00000  787.62500  26.5%     -  133s
    21    24      -    -    -     1072.00000  787.62500  26.5%     -  143s
    23    26      -    -    -     1072.00000  787.62500  26.5%     -  168s
    25    28      -    -    -     1072.00000  787.62500  26.5%     -  175s
    27    30      -    -    -     1072.00000  787.62500  26.5%     -  211s
    29    32      -    -    -     1072.00000  787.62500  26.5%     -  222s
    31    36      -    -    -     1072.00000  787.62500  26.5%     -  236s
    35    39      -    -    -     1072.00000  787.62500  26.5%     -  244s
    38    41      -    -    -     1072.00000  787.62500  26.5%     -  254s
    40    44      -    -    -     1072.00000  787.62500  26.5%     -  262s
    43    47      -    -    -     1072.00000  787.62500  26.5%     -  280s
    46    50      -    -    -     1072.00000  787.62500  26.5%     -  295s
    49    55      -    -    -     1072.00000  787.62500  26.5%     -  317s
    54    59      -    -    -     1072.00000  787.62500  26.5%     -  345s
    58    62      -    -    -     1072.00000  787.62500  26.5%     -  361s
    61    67      -    -    -     1072.00000  787.62500  26.5%     -  392s
    66    71      -    -    -     1072.00000  787.62500  26.5%     -  415s
    70    77      -    -    -     1068.00000  788.00177  26.2%     -  440s
    76    83      -    -    -     1068.00000  788.00177  26.2%     -  462s
    82    89      -    -    -     1068.00000  788.00177  26.2%     -  481s
    88    93      -    -    -     1068.00000  788.00177  26.2%     -  500s
    94    95      -    -    -     1068.00000  788.00177  26.2%     -  516s
   100    97      -    -    -     1068.00000  793.88889  25.7%     -  534s
   106   104      -    -    -     1068.00000  793.88889  25.7%     -  553s
   113   107      -    -    -     1068.00000  793.88889  25.7%     -  596s
   120   110      -    -    -     1068.00000  793.88889  25.7%     -  615s
   127   115      -    -    -     1068.00000  793.88889  25.7%     -  643s
   134   120      -    -    -     1068.00000  793.88889  25.7%     -  676s
   140   127      -    -    -     1068.00000  793.88889  25.7%     -  705s
   147   134      -    -    -     1068.00000  793.88889  25.7%     -  732s
   154   143      -    -    -     1068.00000  793.88889  25.7%     -  782s
   163   152      -    -    -     1068.00000  793.88889  25.7%     -  818s
   172   156      -    -    -     1068.00000  793.88889  25.7%     -  854s
   176   158      -    -    -     1068.00000  793.88889  25.7%     -  893s
   182   164      -    -    -     1068.00000  793.88889  25.7%     -  932s
   192   168      -    -    -     1068.00000  793.88889  25.7%     -  988s
   196   175      -    -    -     1068.00000  794.27778  25.6%     - 1033s
   203   183      -    -    -     1068.00000  794.27778  25.6%     - 1087s
   211   193      -    -    -     1068.00000  794.27778  25.6%     - 1145s
   221   202      -    -    -     1068.00000  794.27778  25.6%     - 1204s
   230   212      -    -    -     1068.00000  794.27778  25.6%     - 1262s
   240   224      -    -    -     1068.00000  795.16667  25.5%     - 1318s
   252   232      -    -    -     1068.00000  795.93156  25.5%     - 1371s
   260   246      -    -    -     1068.00000  796.60392  25.4%     - 1430s
   274   264      -    -    -     1068.00000  796.60392  25.4%     - 1494s
   292   285      -    -    -     1068.00000  796.60392  25.4%     - 1560s
   313   289      -    -    -     1068.00000  796.60392  25.4%     - 1616s
   327   285      -    -    -     1068.00000  796.61506  25.4%     - 1689s
   353   294      -    -    -     1068.00000  796.61506  25.4%     - 1781s
   364   309      -    -    -     1068.00000  796.73670  25.4%     - 1851s
   379   318      -    -    -     1068.00000  796.73670  25.4%     - 1926s
   388   335      -    -    -     1068.00000  796.73670  25.4%     - 2005s
   405   345      -    -    -     1068.00000  796.73670  25.4%     - 2057s
   415   365      -    -    -     1068.00000  797.91667  25.3%     - 2155s
   435   380      -    -    -     1068.00000  797.91667  25.3%     - 2261s
   450   393      -    -    -     1068.00000  797.91667  25.3%     - 2344s
   467   395      -    -    -     1068.00000  797.91667  25.3%     - 2471s
   483   404      -    -    -     1068.00000  797.91667  25.3%     - 2593s
   502   414      -    -    -     1068.00000  797.91667  25.3%     - 2672s
   516   432      -    -    -     1068.00000  797.91667  25.3%     - 2780s
   540   446      -    -    -     1068.00000  798.25938  25.3%     - 2907s
   560   449      -    -    -     1068.00000  798.54221  25.2%     - 3044s
   581   464      -    -    -     1068.00000  798.73720  25.2%     - 3146s
   598   471      -    -    -     1068.00000  798.73720  25.2%     - 3252s
   625   498      -    -    -     1068.00000  798.73720  25.2%     - 3373s
   652   525      -    -    -     1068.00000  798.89925  25.2%     - 3463s
   679   565      -    -    -     1068.00000  798.89925  25.2%     - 3550s
   719   601      -    -    -     1068.00000  798.89925  25.2%     - 3657s
   756   602      -    -    -     1068.00000  798.89925  25.2%     - 3710s
   758   603      -    -    -     1068.00000  798.89925  25.2%     - 3728s
   759   604      -    -    -     1068.00000  798.89925  25.2%     - 3757s
   760   605      -    -    -     1068.00000  798.89925  25.2%     - 3769s
   761   605      -    -    -     1068.00000  798.89925  25.2%     - 3782s
   763   607      -    -    -     1068.00000  798.89925  25.2%     - 3787s
   765   608      -    -    -     1068.00000  798.89925  25.2%     - 3792s
   767   609      -    -    -     1068.00000  798.89925  25.2%     - 3796s
   769   611      -    -    -     1068.00000  798.89925  25.2%     - 3803s
   770   611      -    -    -     1068.00000  798.89925  25.2%     - 3815s
   771   612      -    -    -     1068.00000  798.89925  25.2%     - 3846s
   772   616      -    -    -     1068.00000  798.89925  25.2%     - 3868s
   774   617      -    -    -     1068.00000  798.89925  25.2%     - 3875s
   776   618      -    -    -     1068.00000  798.89925  25.2%     - 3885s
   778   620      -    -    -     1068.00000  798.89925  25.2%     - 3890s
   780   621      -    -    -     1068.00000  798.89925  25.2%     - 3905s
   782   622      -    -    -     1068.00000  798.89925  25.2%     - 3911s
   784   624      -    -    -     1068.00000  798.89925  25.2%     - 3933s
   786   625      -    -    -     1068.00000  798.89925  25.2%     - 3941s
   788   626      -    -    -     1068.00000  798.89925  25.2%     - 3951s
   790   628      -    -    -     1068.00000  798.89925  25.2%     - 3955s
   792   629      -    -    -     1068.00000  798.89925  25.2%     - 3962s
   794   631      -    -    -     1068.00000  798.89925  25.2%     - 3970s
   797   632      -    -    -     1068.00000  798.89925  25.2%     - 3976s
   799   635      -    -    -     1068.00000  798.89925  25.2%     - 3990s
   802   638      -    -    -     1068.00000  798.89925  25.2%     - 4001s
   806   639      -    -    -     1068.00000  798.89925  25.2%     - 4010s
   809   641      -    -    -     1068.00000  798.89925  25.2%     - 4022s
   812   642      -    -    -     1068.00000  798.89925  25.2%     - 4058s
   814   644      -    -    -     1068.00000  798.89925  25.2%     - 4069s
   816   645      -    -    -     1068.00000  798.89925  25.2%     - 4078s
   818   647      -    -    -     1068.00000  798.89925  25.2%     - 4093s
   821   648      -    -    -     1068.00000  798.89925  25.2%     - 4112s
   823   652      -    -    -     1068.00000  798.89925  25.2%     - 4131s
   827   654      -    -    -     1068.00000  798.89925  25.2%     - 4148s
   831   657      -    -    -     1068.00000  798.89925  25.2%     - 4164s
   835   660      -    -    -     1068.00000  798.89925  25.2%     - 4183s
   839   660      -    -    -     1068.00000  798.89925  25.2%     - 4206s
   841   661      -    -    -     1068.00000  798.89925  25.2%     - 4222s
   844   659      -    -    -     1068.00000  798.89925  25.2%     - 4240s
   851   656      -    -    -     1068.00000  798.89925  25.2%     - 4265s
   857   654      -    -    -     1068.00000  798.89925  25.2%     - 4284s
   861   654      -    -    -     1068.00000  798.89925  25.2%     - 4308s
   864   661      -    -    -     1068.00000  798.89925  25.2%     - 4325s
   872   663      -    -    -     1068.00000  798.89925  25.2%     - 4348s
   877   666      -    -    -     1068.00000  798.89925  25.2%     - 4370s
   881   668      -    -    -     1068.00000  798.89925  25.2%     - 4403s
   885   671      -    -    -     1068.00000  798.89925  25.2%     - 4434s
   889   675      -    -    -     1068.00000  798.89925  25.2%     - 4457s
   894   678      -    -    -     1068.00000  798.89925  25.2%     - 4477s
   899   682      -    -    -     1068.00000  798.89925  25.2%     - 4516s
   905   686      -    -    -     1068.00000  798.89925  25.2%     - 4545s
   911   692      -    -    -     1068.00000  798.89925  25.2%     - 4581s
   919   696      -    -    -     1068.00000  798.89925  25.2%     - 4611s
   925   699      -    -    -     1068.00000  798.89925  25.2%     - 4649s
   930   703      -    -    -     1068.00000  798.89925  25.2%     - 4683s
   936   708      -    -    -     1068.00000  798.89925  25.2%     - 4728s
   943   712      -    -    -     1068.00000  798.89925  25.2%     - 4760s
   949   722      -    -    -     1068.00000  799.04883  25.2%     - 4800s
   961   727      -    -    -     1068.00000  799.04883  25.2%     - 4840s
   970   736      -    -    -     1068.00000  799.59277  25.1%     - 4876s
   982   741      -    -    -     1068.00000  799.59277  25.1%     - 4923s
   991   749      -    -    -     1068.00000  799.59277  25.1%     - 4977s
  1004   747      -    -    -     1068.00000  799.59277  25.1%     - 5040s
  1009   748      -    -    -     1068.00000  799.59277  25.1%     - 5088s
  1023   752      -    -    -     1068.00000  800.42716  25.1%     - 5147s
  1036   759      -    -    -     1068.00000  800.42716  25.1%     - 5207s
  1047   768      -    -    -     1068.00000  800.42716  25.1%     - 5265s
  1060   771      -    -    -     1068.00000  800.42716  25.1%     - 5334s
  1067   783      -    -    -     1068.00000  800.69470  25.0%     - 5382s
  1084   786      -    -    -     1068.00000  800.69470  25.0%     - 5452s
  1100   793      -    -    -     1068.00000  800.69470  25.0%     - 5514s
  1113   805      -    -    -     1068.00000  800.69470  25.0%     - 5600s
  1129   809      -    -    -     1068.00000  800.69470  25.0%     - 5680s
  1138   825      -    -    -     1068.00000  800.69470  25.0%     - 5758s
  1157   832      -    -    -     1068.00000  801.03699  25.0%     - 5951s
  1171   827      -    -    -     1068.00000  801.03699  25.0%     - 6045s
  1190   825      -    -    -     1068.00000  801.03699  25.0%     - 6133s
  1198   835      -    -    -     1068.00000  801.15244  25.0%     - 6212s
  1214   843      -    -    -     1068.00000  801.15244  25.0%     - 6342s
  1230   842      -    -    -     1068.00000  801.15244  25.0%     - 6442s
  1254   848      -    -    -     1068.00000  801.15244  25.0%     - 6556s
  1272   858      -    -    -     1068.00000  801.21443  25.0%     - 6673s
  1296   868      -    -    -     1068.00000  801.21443  25.0%     - 6793s
  1324   893      -    -    -     1068.00000  801.22751  25.0%     - 6914s
  1358   904      -    -    -     1068.00000  802.46352  24.9%     - 7048s
  1393   929      -    -    -     1068.00000  802.46352  24.9%     - 7186s
  1429   950      -    -    -     1068.00000  802.46352  24.9%     - 7335s
  1462   955      -    -    -     1068.00000  802.46352  24.9%     - 7501s
  1502   963      -    -    -     1068.00000  802.46352  24.9%     - 7656s
  1524   987      -    -    -     1068.00000  802.46352  24.9%     - 7802s
  1555  1005      -    -    -     1068.00000  802.87146  24.8%     - 7979s
  1583  1023      -    -    -     1068.00000  802.87146  24.8%     - 8140s
  1611  1049      -    -    -     1068.00000  803.23542  24.8%     - 8309s
  1646  1057      -    -    -     1068.00000  803.65088  24.8%     - 8471s
  1680  1089      -    -    -     1068.00000  803.94699  24.7%     - 8685s
  1729  1113      -    -    -     1068.00000  803.94699  24.7%     - 8898s
  1775  1138      -    -    -     1068.00000  804.00221  24.7%     - 9121s
  1834  1156      -    -    -     1068.00000  805.48070  24.6%     - 9348s
  1879  1197      -    -    -     1068.00000  805.48070  24.6%     - 9602s
  1943  1222      -    -    -     1068.00000  805.68828  24.6%     - 9874s
  2006  1242      -    -    -     1068.00000  805.88079  24.5%     - 10156s
  2055  1258      -    -    -     1068.00000  806.32801  24.5%     - 10404s
  2103  1306      -    -    -     1068.00000  807.68128  24.4%     - 10689s
  2167  1339      -    -    -     1068.00000  808.16667  24.3%     - 10988s
  2248  1367      -    -    -     1068.00000  808.16667  24.3%     - 11296s
  2327  1392      -    -    -     1068.00000  809.12500  24.2%     - 11631s
  2379  1415      -    -    -     1068.00000  809.12500  24.2%     - 11924s
  2423  1445      -    -    -     1068.00000  810.52688  24.1%     - 12242s
  2488  1448      -    -    -     1068.00000  810.52688  24.1%     - 12528s
  2512  1492      -    -    -     1068.00000  810.83513  24.1%     - 12942s
  2598  1535      -    -    -     1068.00000  810.83513  24.1%     - 13307s
  2730  1628      -    -    -     1068.00000  810.94866  24.1%     - 13636s
  2848  1724      -    -    -     1068.00000  811.34698  24.0%     - 14006s
  2956  1803      -    -    -     1068.00000  811.34698  24.0%     - 14400s

Cutting planes:
  Zero half: 99
  RLT: 651

Instance 30 was solved

Explored 2860 nodes (14665688 simplex iterations) in 14400.65 seconds (13481.18 work units)
Thread count was 2 (of 128 available processors)

Solution count 1: 1068 

Time limit reached
Best objective 1.068000000000e+03, best bound 8.120000000000e+02, gap 23.9700%
