
Gurobi 10.0.3 (linux64) logging started Sun Aug 25 08:54:05 2024

Set parameter LogFile to value "local/logs/w6-k1-s2.log"

Gurobi 10.0.3 (linux64) logging started Sun Aug 25 08:54:05 2024

Set parameter LogFile to value "local/logs/w6-k1-s2.log"
Gurobi Optimizer version 10.0.3 build v10.0.3rc0 (linux64)

CPU model: AMD EPYC 7742 64-Core Processor, instruction set [SSE2|AVX|AVX2]
Thread count: 64 physical cores, 128 logical processors, using up to 30 threads

Academic license 2533279 - for non-commercial use only - registered to bl___@rice.edu
Optimize a model with 24640 rows, 4480 columns and 49536 nonzeros
Model fingerprint: 0x37f4408e
Variable types: 0 continuous, 4480 integer (4480 binary)
Coefficient statistics:
  Matrix range     [1e+00, 1e+00]
  Objective range  [1e+00, 1e+00]
  Bounds range     [1e+00, 1e+00]
  RHS range        [1e+00, 1e+00]

Warning: Completing partial solution with 4096 unfixed non-continuous variables out of 4480
User MIP start produced solution with objective 1216 (0.03s)
Loaded user MIP start with objective 1216

Presolve removed 752 rows and 4 columns
Presolve time: 0.14s
Presolved: 23888 rows, 4476 columns, 48728 nonzeros
Variable types: 0 continuous, 4476 integer (4476 binary)
Root relaxation presolved: 23888 rows, 4476 columns, 48728 nonzeros


Use crossover to convert LP symmetric solution to basic solution...

Root relaxation: objective 7.893333e+02, 1367 iterations, 0.11 seconds (0.16 work units)

    Nodes    |    Current Node    |     Objective Bounds      |     Work
 Expl Unexpl |  Obj  Depth IntInf | Incumbent    BestBd   Gap | It/Node Time

     0     0  789.33333    0 4476 1216.00000  789.33333  35.1%     -    0s
     0     0  828.58333    0 4476 1216.00000  828.58333  31.9%     -    5s
     0     0  828.75000    0 4476 1216.00000  828.75000  31.8%     -    5s
     0     0  849.10000    0 4476 1216.00000  849.10000  30.2%     -   12s
     0     0  849.46667    0 4476 1216.00000  849.46667  30.1%     -   12s
     0     0  849.46667    0 4476 1216.00000  849.46667  30.1%     -   12s
     0     0  860.70614    0 4476 1216.00000  860.70614  29.2%     -   17s
     0     0  861.88889    0 4476 1216.00000  861.88889  29.1%     -   18s
     0     0  861.88889    0 4476 1216.00000  861.88889  29.1%     -   18s
     0     0  866.02619    0 4476 1216.00000  866.02619  28.8%     -   21s
     0     0  866.72685    0 4476 1216.00000  866.72685  28.7%     -   21s
     0     0  866.92544    0 4476 1216.00000  866.92544  28.7%     -   22s
     0     0  866.95833    0 4476 1216.00000  866.95833  28.7%     -   22s
     0     0  866.95833    0 4476 1216.00000  866.95833  28.7%     -   22s
     0     0  868.85586    0 4475 1216.00000  868.85586  28.5%     -   23s
     0     0  869.34420    0 4476 1216.00000  869.34420  28.5%     -   24s
     0     0  869.49383    0 4476 1216.00000  869.49383  28.5%     -   24s
     0     0  869.57975    0 4476 1216.00000  869.57975  28.5%     -   24s
     0     0  869.58050    0 4476 1216.00000  869.58050  28.5%     -   24s
     0     0  871.16059    0 4475 1216.00000  871.16059  28.4%     -   26s
     0     0  871.60928    0 4476 1216.00000  871.60928  28.3%     -   27s
     0     0  871.71596    0 4476 1216.00000  871.71596  28.3%     -   27s
     0     0  871.76398    0 4476 1216.00000  871.76398  28.3%     -   27s
     0     0  871.77392    0 4476 1216.00000  871.77392  28.3%     -   27s
     0     0  872.70577    0 4475 1216.00000  872.70577  28.2%     -   29s
     0     0  872.96626    0 4476 1216.00000  872.96626  28.2%     -   29s
     0     0  873.02060    0 4476 1216.00000  873.02060  28.2%     -   29s
     0     0  873.05454    0 4476 1216.00000  873.05454  28.2%     -   30s
     0     0  873.07126    0 4476 1216.00000  873.07126  28.2%     -   30s
     0     0  874.31415    0 4476 1216.00000  874.31415  28.1%     -   32s
     0     0  874.46788    0 4476 1216.00000  874.46788  28.1%     -   32s
     0     0  874.55643    0 4476 1216.00000  874.55643  28.1%     -   32s
     0     0  874.59349    0 4476 1216.00000  874.59349  28.1%     -   33s
     0     0  874.60299    0 4476 1216.00000  874.60299  28.1%     -   33s
     0     0  875.34187    0 4476 1216.00000  875.34187  28.0%     -   35s
     0     0  875.45717    0 4476 1216.00000  875.45717  28.0%     -   35s
     0     0  875.55462    0 4476 1216.00000  875.55462  28.0%     -   35s
     0     0  875.56734    0 4475 1216.00000  875.56734  28.0%     -   35s
     0     0  876.14032    0 4476 1216.00000  876.14032  27.9%     -   36s
     0     0  876.34197    0 4476 1216.00000  876.34197  27.9%     -   37s
     0     0  876.43269    0 4476 1216.00000  876.43269  27.9%     -   37s
     0     0  876.43849    0 4476 1216.00000  876.43849  27.9%     -   37s
     0     0  876.78019    0 4476 1216.00000  876.78019  27.9%     -   38s
     0     0  877.03925    0 4476 1216.00000  877.03925  27.9%     -   39s
     0     0  877.07370    0 4476 1216.00000  877.07370  27.9%     -   39s
     0     0  877.07682    0 4476 1216.00000  877.07682  27.9%     -   39s
     0     0  877.87487    0 4476 1216.00000  877.87487  27.8%     -   42s
     0     0  877.93867    0 4476 1216.00000  877.93867  27.8%     -   42s
     0     0  877.96226    0 4476 1216.00000  877.96226  27.8%     -   42s
     0     0  878.35797    0 4476 1216.00000  878.35797  27.8%     -   43s
     0     0  878.45033    0 4476 1216.00000  878.45033  27.8%     -   43s
     0     0  878.50338    0 4476 1216.00000  878.50338  27.8%     -   44s
     0     0  878.51527    0 4476 1216.00000  878.51527  27.8%     -   44s
     0     0  878.78438    0 4476 1216.00000  878.78438  27.7%     -   45s
     0     0  878.84242    0 4476 1216.00000  878.84242  27.7%     -   45s
     0     0  878.85521    0 4476 1216.00000  878.85521  27.7%     -   45s
     0     0  879.08679    0 4476 1216.00000  879.08679  27.7%     -   46s
     0     0  879.20004    0 4476 1216.00000  879.20004  27.7%     -   47s
     0     0  879.27762    0 4476 1216.00000  879.27762  27.7%     -   47s
     0     0  879.28847    0 4476 1216.00000  879.28847  27.7%     -   47s
     0     0  879.80975    0 4475 1216.00000  879.80975  27.6%     -   49s
     0     0  879.88195    0 4476 1216.00000  879.88195  27.6%     -   49s
     0     0  879.90755    0 4476 1216.00000  879.90755  27.6%     -   49s
     0     0  880.23176    0 4476 1216.00000  880.23176  27.6%     -   51s
     0     0  880.39943    0 4476 1216.00000  880.39943  27.6%     -   52s
     0     0  880.43119    0 4476 1216.00000  880.43119  27.6%     -   52s
     0     0  880.43612    0 4476 1216.00000  880.43612  27.6%     -   52s
     0     0  880.76766    0 4476 1216.00000  880.76766  27.6%     -   53s
     0     0  880.81584    0 4476 1216.00000  880.81584  27.6%     -   54s
     0     0  880.83641    0 4476 1216.00000  880.83641  27.6%     -   54s
     0     0  881.10712    0 4476 1216.00000  881.10712  27.5%     -   55s
     0     0  881.16629    0 4476 1216.00000  881.16629  27.5%     -   56s
     0     0  881.20733    0 4476 1216.00000  881.20733  27.5%     -   56s
     0     0  881.22066    0 4476 1216.00000  881.22066  27.5%     -   56s
     0     0  881.50352    0 4476 1216.00000  881.50352  27.5%     -   57s
     0     0  881.56462    0 4476 1216.00000  881.56462  27.5%     -   58s
     0     0  881.59322    0 4476 1216.00000  881.59322  27.5%     -   58s
     0     0  881.91353    0 4476 1216.00000  881.91353  27.5%     -   59s
     0     0  882.02694    0 4476 1216.00000  882.02694  27.5%     -   60s
     0     0  882.05452    0 4476 1216.00000  882.05452  27.5%     -   60s
     0     0  882.32868    0 4476 1216.00000  882.32868  27.4%     -   61s
     0     0  882.42224    0 4476 1216.00000  882.42224  27.4%     -   61s
     0     0  882.43903    0 4476 1216.00000  882.43903  27.4%     -   62s
     0     0  882.74533    0 4476 1216.00000  882.74533  27.4%     -   63s
     0     0  882.78864    0 4476 1216.00000  882.78864  27.4%     -   63s
     0     0  882.81371    0 4476 1216.00000  882.81371  27.4%     -   64s
     0     0  882.98518    0 4476 1216.00000  882.98518  27.4%     -   65s
     0     0  882.98518    0 4476 1216.00000  882.98518  27.4%     -   65s
     0     2  882.98518    0 4476 1216.00000  882.98518  27.4%     -   68s
     1     4  885.13145    1 4473 1216.00000  882.98926  27.4%  5204   76s
     3     8  887.76836    2 4467 1216.00000  885.13260  27.2%  6908   86s
     7    16  890.01745    3 4464 1216.00000  887.77278  27.0%  7428   96s
    15    32  896.81357    4 4458 1216.00000  890.02837  26.8%  8771  114s
    31    62  907.21311    5 4406 1216.00000  896.81357  26.2%  9364  162s
    61    92  911.29549    6 4405 1216.00000  907.24685  25.4% 11932  176s
    91   122  916.55257    7 4400 1216.00000  907.24685  25.4% 10053  198s
   121   152  922.02022    8 4389 1216.00000  907.24685  25.4%  9297  213s
   151   182  924.61801    9 4388 1216.00000  907.24685  25.4%  8824  297s
   181   212  934.32649   10 4338 1216.00000  907.24685  25.4%  8507  313s
   211   242  937.17892   11 4337 1216.00000  907.24685  25.4%  8216  409s
   241   277  946.55432   12 4337 1216.00000  907.24685  25.4%  7964  425s
   276   312  976.10358   12 4273 1216.00000  907.24685  25.4%  7741  440s
   311   352  984.39966   13 4271 1216.00000  907.24685  25.4%  7524  459s
   357   392 1023.11058   13 4203 1216.00000  907.24685  25.4%  7251  476s
   407   431 1025.60637   14 4203 1216.00000  907.24685  25.4%  6964  493s
   456   479 1036.18540   15 4201 1216.00000  907.24685  25.4%  6765  510s
   508   539 1057.09789   15 4146 1216.00000  907.24685  25.4%  6552  524s
   568   594 1064.68134   16 4145 1216.00000  907.24685  25.4%  6334  537s
   641   627 1099.91340   16 4080 1216.00000  907.24685  25.4%  6040  556s
   712   670 1073.46497   17 4145 1216.00000  907.24685  25.4%  5825  576s
   775   707 1108.79167   18 4075 1216.00000  907.24685  25.4%  5710  593s
   852   735 1138.86315   19 4023 1216.00000  907.24685  25.4%  5541  614s
   921   782 1141.69147   20 4022 1216.00000  907.24685  25.4%  5427  635s
   994   805 1169.68235   22 3970 1216.00000  907.24685  25.4%  5374  657s
  1071   836 1190.54471   23 3933 1216.00000  907.24685  25.4%  5301  819s
  1118   880 1199.17413   24 3929 1216.00000  907.24685  25.4%  5321  840s
  1188   933 1207.68056   25 3928 1216.00000  907.24685  25.4%  5311  861s
  1251   997     cutoff   26      1216.00000  911.30695  25.1%  5319  884s
  1323  1068  939.03503    7 4337 1216.00000  911.30695  25.1%  5310  908s
  1394  1149  957.17606    9 4335 1216.00000  911.30695  25.1%  5310  930s
  1477  1227  982.34698   11 4267 1216.00000  911.30695  25.1%  5284  956s
  1585  1317 1014.26690   14 4264 1216.00000  911.30695  25.1%  5214  985s
  1687  1392 1039.40418   17 4193 1216.00000  911.30695  25.1%  5182 1014s
  1808  1465 1080.39170   20 4127 1216.00000  911.30695  25.1%  5115 1044s
  1929  1532 1121.82121   23 4058 1216.00000  911.30695  25.1%  5060 1073s
  2042  1621 1144.01111   26 4057 1216.00000  911.30695  25.1%  5021 1104s
  2155  1715 1193.80000   31 3987 1216.00000  911.30695  25.1%  4999 1138s
  2279  1801 1213.37037   32 3926 1216.00000  917.04446  24.6%  4966 1175s
  2425  1882  936.58831    8 4331 1216.00000  917.04446  24.6%  4920 1212s
  2552  1963  985.00283   10 4261 1216.00000  917.04446  24.6%  4913 1248s
  2693  2053 1031.71771   12 4198 1216.00000  917.04446  24.6%  4895 1282s
  2840  2054 1191.68852   27 4476 1216.00000  917.04446  24.6%  4889 1748s
  2842  2055 1117.38885   19 4476 1216.00000  917.04446  24.6%  4886 1754s
  2843  2056  980.57037   12 4476 1216.00000  917.04446  24.6%  4884 1787s
  2844  2057 1122.59311   28 4476 1216.00000  917.04446  24.6%  4882 1795s
  2845  2057 1026.31479   21 4476 1216.00000  917.04446  24.6%  4881 1800s

Cutting planes:
  Gomory: 1
  MIR: 4
  Zero half: 165
  RLT: 926

Explored 2845 nodes (14033655 simplex iterations) in 1800.18 seconds (4159.44 work units)
Thread count was 30 (of 128 available processors)

Solution count 1: 1216 

Time limit reached
Best objective 1.216000000000e+03, best bound 9.180000000000e+02, gap 24.5066%
