Working on w=6, k=1, s=2
Set parameter Username
Set parameter WLSAccessID
Set parameter WLSSecret
Set parameter LicenseID to value 2533279
Academic license 2533279 - for non-commercial use only - registered to bl___@rice.edu
Optimization terminated at non-zero gap = 18.42%
Working on w=6, k=2, s=2
Optimization terminated at non-zero gap = 23.97%
(6, 2, 2)-local has lower density than fwd!
Working on w=6, k=3, s=2
(6, 3, 2)-forward scheme not found. There's no hope...
Working on w=6, k=4, s=2
(6, 4, 2)-forward scheme not found. There's no hope...
Working on w=6, k=5, s=2
(6, 5, 2)-forward scheme not found. There's no hope...
Working on w=6, k=6, s=2
(6, 6, 2)-forward scheme not found. There's no hope...
Working on w=6, k=7, s=2
(6, 7, 2)-forward scheme not found. There's no hope...
Working on w=6, k=8, s=2
(6, 8, 2)-forward scheme not found. There's no hope...
Working on w=6, k=9, s=2
(6, 9, 2)-forward scheme not found. There's no hope...
	Command being timed: "python /home/Users/blk6/Projects/winnowing-LB-manuscript/scripts/run-ilp.py -w 6 -k 1 2 3 4 5 6 7 8 9 --sigma 2 --threads 128 --output local --time-limit 14400 --local"
	User time (seconds): 3342008.19
	System time (seconds): 5813.99
	Percent of CPU this job got: 11621%
	Elapsed (wall clock) time (h:mm:ss or m:ss): 8:00:06
	Average shared text size (kbytes): 0
	Average unshared data size (kbytes): 0
	Average stack size (kbytes): 0
	Average total size (kbytes): 0
	Maximum resident set size (kbytes): 24169896
	Average resident set size (kbytes): 0
	Major (requiring I/O) page faults: 6
	Minor (reclaiming a frame) page faults: 14740057
	Voluntary context switches: 318676585
	Involuntary context switches: 3989549
	Swaps: 0
	File system inputs: 344
	File system outputs: 10552
	Socket messages sent: 0
	Socket messages received: 0
	Signals delivered: 0
	Page size (bytes): 4096
	Exit status: 0
