
Gurobi 10.0.3 (linux64) logging started Sun Sep  1 17:06:45 2024

Set parameter LogFile to value "local/logs/w7-k1-s2.log"
Set parameter PoolSearchMode to value 2
Set parameter PoolSolutions to value 1
Set parameter PoolGap to value 0
Set parameter Method to value 3
Set parameter ConcurrentMIP to value 64
Set parameter TimeLimit to value 43200
Set parameter Threads to value 128
Set parameter Threads to value 128
Warning: variable name "x_(0000000, 0)" has a space
Warning: default variable names used to write mps file
Gurobi Optimizer version 10.0.3 build v10.0.3rc0 (linux64)

CPU model: AMD EPYC 7742 64-Core Processor, instruction set [SSE2|AVX|AVX2]
Thread count: 64 physical cores, 128 logical processors, using up to 128 threads

Academic license 2533279 - for non-commercial use only - registered to bl___@rice.edu
Optimize a model with 57472 rows, 9088 columns and 115584 nonzeros
Model fingerprint: 0x5187a784
Variable types: 0 continuous, 9088 integer (9088 binary)
Coefficient statistics:
  Matrix range     [1e+00, 1e+00]
  Objective range  [1e+00, 1e+00]
  Bounds range     [1e+00, 1e+00]
  RHS range        [1e+00, 1e+00]

Concurrent MIP optimizer: 64 concurrent instances (2 threads per instance)


Warning: Completing partial solution with 8192 unfixed non-continuous variables out of 9088
User MIP start produced solution with objective 2112 (1.13s)
Loaded user MIP start with objective 2112

Presolve removed 881 rows and 2 columns
Presolve time: 0.87s
Presolved: 56591 rows, 9086 columns, 114679 nonzeros
Variable types: 0 continuous, 9086 integer (9086 binary)

Concurrent LP optimizer: dual simplex and barrier
Showing barrier log only...

Root relaxation presolved: 56591 rows, 9086 columns, 114679 nonzeros

Root barrier log...

Elapsed ordering time = 5s
Elapsed ordering time = 7s
Elapsed ordering time = 9s
Elapsed ordering time = 10s
Ordering time: 10.65s

Barrier statistics:
 AA' NZ     : 2.023e+06
 Factor NZ  : 6.525e+07 (roughly 600 MB of memory)
 Factor Ops : 1.198e+11 (roughly 6 seconds per iteration)
 Threads    : 1

                  Objective                Residual
Iter       Primal          Dual         Primal    Dual     Compl     Time
   0   9.00994094e+03 -4.51388828e+03  6.12e+00 1.34e-02  8.78e-01    21s
   1   5.64069122e+03 -2.28474591e+03  1.70e-01 7.77e-16  1.09e-01    29s
   2   2.87567178e+03  1.04765431e+03  2.94e-02 7.77e-16  2.45e-02    38s
   3   1.34432427e+03  1.20153329e+03  7.43e-04 4.44e-16  1.91e-03    49s
   4   1.27566915e+03  1.27202801e+03  1.95e-04 5.55e-16  4.89e-05    60s
   5   1.27358487e+03  1.27356984e+03  9.99e-07 1.53e-14  2.02e-07    82s

Barrier performed 5 iterations in 87.61 seconds (28.40 work units)
Barrier solve interrupted - model solved by another algorithm


Solved with dual simplex

Root relaxation: objective 1.273571e+03, 24346 iterations, 85.67 seconds (28.84 work units)

    Nodes    |    Current Node    |     Objective Bounds      |     Work
 Expl Unexpl |  Obj  Depth IntInf | Incumbent    BestBd   Gap | It/Node Time

     0     0      -    -    -     2112.00000 1273.57143  39.7%     -   89s
     0     0      -    -    -     2112.00000 1399.96429  33.7%     -  209s
     0     0      -    -    -     2112.00000 1400.67857  33.7%     -  211s
     0     0      -    -    -     2112.00000 1400.75000  33.7%     -  212s
     0     0      -    -    -     2112.00000 1419.65716  32.8%     -  261s
     0     0      -    -    -     2112.00000 1420.69841  32.7%     -  265s
     0     0      -    -    -     2112.00000 1421.01429  32.7%     -  266s
     0     0      -    -    -     2112.00000 1421.04286  32.7%     -  267s
     0     0      -    -    -     2112.00000 1421.04286  32.7%     -  267s
     0     0      -    -    -     2112.00000 1427.88537  32.4%     -  291s
     0     0      -    -    -     2112.00000 1429.02513  32.3%     -  298s
     0     0      -    -    -     2112.00000 1429.10419  32.3%     -  301s
     0     0      -    -    -     2112.00000 1429.24722  32.3%     -  303s
     0     0      -    -    -     2112.00000 1429.27470  32.3%     -  305s
     0     0      -    -    -     2112.00000 1436.90042  32.0%     -  389s
     0     0      -    -    -     2112.00000 1437.71324  31.9%     -  399s
     0     0      -    -    -     2112.00000 1437.88010  31.9%     -  404s
     0     0      -    -    -     2112.00000 1437.98040  31.9%     -  408s
     0     0      -    -    -     2112.00000 1438.11716  31.9%     -  412s
     0     0      -    -    -     2112.00000 1438.13916  31.9%     -  413s
     0     0      -    -    -     2112.00000 1441.28713  31.8%     -  437s
     0     0      -    -    -     2112.00000 1441.86183  31.7%     -  444s
     0     0      -    -    -     2112.00000 1442.10880  31.7%     -  451s
     0     0      -    -    -     2112.00000 1442.13458  31.7%     -  453s
     0     0      -    -    -     2112.00000 1443.75176  31.6%     -  472s
     0     0      -    -    -     2112.00000 1444.14371  31.6%     -  481s
     0     0      -    -    -     2112.00000 1444.16966  31.6%     -  483s
     0     0      -    -    -     2112.00000 1444.96833  31.6%     -  500s
     0     0      -    -    -     2112.00000 1445.13842  31.6%     -  506s
     0     0      -    -    -     2112.00000 1445.21876  31.6%     -  510s
     0     0      -    -    -     2112.00000 1445.23343  31.6%     -  511s
     0     0      -    -    -     2112.00000 1446.51513  31.5%     -  527s
     0     0      -    -    -     2112.00000 1446.61312  31.5%     -  531s
     0     0      -    -    -     2112.00000 1446.66129  31.5%     -  533s
     0     0      -    -    -     2112.00000 1446.67339  31.5%     -  535s
     0     0      -    -    -     2112.00000 1447.38111  31.5%     -  548s
     0     0      -    -    -     2112.00000 1447.43132  31.5%     -  551s
     0     0      -    -    -     2112.00000 1447.44794  31.5%     -  553s
     0     0      -    -    -     2112.00000 1447.90595  31.4%     -  570s
     0     0      -    -    -     2112.00000 1447.95714  31.4%     -  572s
     0     0      -    -    -     2112.00000 1447.97017  31.4%     -  573s
     0     0      -    -    -     2112.00000 1448.58235  31.4%     -  591s
     0     0      -    -    -     2112.00000 1448.70585  31.4%     -  593s
     0     0      -    -    -     2112.00000 1448.74293  31.4%     -  595s
     0     0      -    -    -     2112.00000 1449.04863  31.4%     -  609s
     0     0      -    -    -     2112.00000 1449.14320  31.4%     -  612s
     0     0      -    -    -     2112.00000 1449.16107  31.4%     -  614s
     0     0      -    -    -     2112.00000 1450.27773  31.3%     -  638s
     0     0      -    -    -     2112.00000 1450.27773  31.3%     -  640s
     0     0      -    -    -     2112.00000 1450.27773  31.3%     -  642s
     0     0      -    -    -     2112.00000 1450.81958  31.3%     -  664s
     0     0      -    -    -     2112.00000 1450.81958  31.3%     -  667s
     0     0      -    -    -     2112.00000 1450.81958  31.3%     -  669s
     0     0      -    -    -     2112.00000 1450.81958  31.3%     -  680s
     0     0      -    -    -     2112.00000 1450.81958  31.3%     -  684s
     0     0      -    -    -     2112.00000 1450.95892  31.3%     -  685s
     0     0      -    -    -     2112.00000 1451.05610  31.3%     -  700s
     0     0      -    -    -     2112.00000 1451.69195  31.3%     -  705s
     0     0      -    -    -     2112.00000 1451.69195  31.3%     -  708s
     0     0      -    -    -     2112.00000 1451.69195  31.3%     -  720s
     0     0      -    -    -     2112.00000 1451.69195  31.3%     -  721s
     0     2      -    -    -     2112.00000 1452.22751  31.2%     -  770s
     1     4      -    -    -     2112.00000 1453.55589  31.2%     -  914s
     3     6      -    -    -     2112.00000 1453.55607  31.2%     -  982s
     5     8      -    -    -     2112.00000 1453.55607  31.2%     - 1090s
     7    10      -    -    -     2112.00000 1453.55607  31.2%     - 1184s
     9    12      -    -    -     2112.00000 1453.55607  31.2%     - 1361s
    11    14      -    -    -     2112.00000 1453.55607  31.2%     - 1603s
    13    16      -    -    -     2112.00000 1453.55607  31.2%     - 2972s
    15    18      -    -    -     2112.00000 1453.55607  31.2%     - 3248s
    17    20      -    -    -     2112.00000 1453.55607  31.2%     - 3613s
    19    22      -    -    -     2112.00000 1453.55607  31.2%     - 3820s
    21    25      -    -    -     2112.00000 1453.55607  31.2%     - 4077s
    24    27      -    -    -     2112.00000 1453.55607  31.2%     - 4178s
    26    30      -    -    -     2112.00000 1453.55607  31.2%     - 4382s
    29    34      -    -    -     2112.00000 1453.55607  31.2%     - 5636s
    33    37      -    -    -     2112.00000 1453.55607  31.2%     - 5899s
    36    41      -    -    -     2104.00000 1453.55607  30.9%     - 6068s
    40    45      -    -    -     2104.00000 1453.55607  30.9%     - 6301s
    44    49      -    -    -     2104.00000 1453.55607  30.9%     - 6475s
    48    54      -    -    -     2104.00000 1453.55607  30.9%     - 6760s
    53    60      -    -    -     2104.00000 1453.55607  30.9%     - 7004s
    59    65      -    -    -     2104.00000 1453.55607  30.9%     - 7209s
    64    71      -    -    -     2104.00000 1453.55607  30.9%     - 7449s
    70    77      -    -    -     2104.00000 1453.55607  30.9%     - 7711s
    76    83      -    -    -     2104.00000 1453.55607  30.9%     - 8014s

Gurobi 10.0.3 (linux64) logging started Wed Sep  4 19:58:19 2024

Set parameter LogFile to value "local/logs/w7-k1-s2.log"
Set parameter PoolSearchMode to value 2
Set parameter PoolSolutions to value 1
Set parameter PoolGap to value 0
Set parameter Method to value 3
Set parameter ConcurrentMIP to value 64
Set parameter TimeLimit to value 14400
Set parameter Heuristics to value 0.95
Set parameter MIPFocus to value 1
Set parameter Threads to value 128
Set parameter Threads to value 128
Warning: variable name "x_(0000000, 0)" has a space
Warning: default variable names used to write mps file
Gurobi Optimizer version 10.0.3 build v10.0.3rc0 (linux64)

CPU model: AMD EPYC 7742 64-Core Processor, instruction set [SSE2|AVX|AVX2]
Thread count: 64 physical cores, 128 logical processors, using up to 128 threads

Academic license 2533279 - for non-commercial use only - registered to bl___@rice.edu
Optimize a model with 57472 rows, 9088 columns and 115584 nonzeros
Model fingerprint: 0x5187a784
Variable types: 0 continuous, 9088 integer (9088 binary)
Coefficient statistics:
  Matrix range     [1e+00, 1e+00]
  Objective range  [1e+00, 1e+00]
  Bounds range     [1e+00, 1e+00]
  RHS range        [1e+00, 1e+00]

Concurrent MIP optimizer: 64 concurrent instances (2 threads per instance)


Warning: Completing partial solution with 8192 unfixed non-continuous variables out of 9088
User MIP start produced solution with objective 2112 (1.06s)
Loaded user MIP start with objective 2112

Presolve removed 881 rows and 2 columns
Presolve time: 1.56s
Presolved: 56591 rows, 9086 columns, 114679 nonzeros
Variable types: 0 continuous, 9086 integer (9086 binary)

Concurrent LP optimizer: dual simplex and barrier
Showing barrier log only...

Root relaxation presolved: 56591 rows, 9086 columns, 114679 nonzeros

Root barrier log...

Elapsed ordering time = 5s
Elapsed ordering time = 8s
Elapsed ordering time = 10s
Elapsed ordering time = 10s
Ordering time: 11.96s

Barrier statistics:
 AA' NZ     : 2.023e+06
 Factor NZ  : 6.525e+07 (roughly 600 MB of memory)
 Factor Ops : 1.198e+11 (roughly 12 seconds per iteration)
 Threads    : 1

                  Objective                Residual
Iter       Primal          Dual         Primal    Dual     Compl     Time
   0   9.00994094e+03 -4.51388828e+03  6.12e+00 1.34e-02  8.78e-01    26s
   1   5.64069122e+03 -2.28474591e+03  1.70e-01 7.77e-16  1.09e-01    36s
   2   2.87567178e+03  1.04765431e+03  2.94e-02 7.77e-16  2.45e-02    46s
   3   1.34432427e+03  1.20153329e+03  7.43e-04 4.44e-16  1.91e-03    57s
   4   1.27566915e+03  1.27202801e+03  1.95e-04 5.55e-16  4.89e-05    69s
   5   1.27358487e+03  1.27356984e+03  9.99e-07 1.53e-14  2.02e-07    88s

Barrier performed 5 iterations in 93.61 seconds (28.40 work units)
Barrier solve interrupted - model solved by another algorithm


Solved with dual simplex

Root relaxation: objective 1.273571e+03, 24346 iterations, 90.77 seconds (28.84 work units)

    Nodes    |    Current Node    |     Objective Bounds      |     Work
 Expl Unexpl |  Obj  Depth IntInf | Incumbent    BestBd   Gap | It/Node Time

     0     0      -    -    -     2112.00000 1273.57143  39.7%     -   95s
     0     0      -    -    -     2112.00000 1393.18452  34.0%     -  276s
     0     0      -    -    -     2112.00000 1398.63690  33.8%     -  281s
     0     0      -    -    -     2112.00000 1400.33929  33.7%     -  285s
     0     0      -    -    -     2112.00000 1400.57143  33.7%     -  285s
     0     0      -    -    -     2112.00000 1400.75000  33.7%     -  286s
     0     0      -    -    -     2112.00000 1417.65000  32.9%     -  326s
     0     0      -    -    -     2112.00000 1419.36772  32.8%     -  333s
     0     0      -    -    -     2112.00000 1419.60714  32.8%     -  334s
     0     0      -    -    -     2112.00000 1419.70545  32.8%     -  336s
     0     0      -    -    -     2112.00000 1419.73810  32.8%     -  337s
     0     0      -    -    -     2112.00000 1419.76190  32.8%     -  337s
     0     0      -    -    -     2112.00000 1419.76190  32.8%     -  337s
     0     0      -    -    -     2112.00000 1427.52172  32.4%     -  364s
     0     0      -    -    -     2112.00000 1429.35198  32.3%     -  372s
     0     0      -    -    -     2112.00000 1429.72451  32.3%     -  376s
     0     0      -    -    -     2112.00000 1429.77034  32.3%     -  379s
     0     0      -    -    -     2112.00000 1429.79234  32.3%     -  380s
     0     0      -    -    -     2112.00000 1429.79934  32.3%     -  382s
     0     0      -    -    -     2112.00000 1435.69662  32.0%     -  409s
     0     0      -    -    -     2112.00000 1436.62713  32.0%     -  418s
     0     0      -    -    -     2112.00000 1436.85160  32.0%     -  422s
     0     0      -    -    -     2112.00000 1437.04596  32.0%     -  425s
     0     0      -    -    -     2112.00000 1437.16226  32.0%     -  427s
     0     0      -    -    -     2112.00000 1437.18285  32.0%     -  428s
     0     0      -    -    -     2112.00000 1437.23608  31.9%     -  430s
     0     0      -    -    -     2112.00000 1437.23796  31.9%     -  430s
     0     0      -    -    -     2112.00000 1439.97951  31.8%     -  451s

Gurobi 10.0.3 (linux64) logging started Thu Sep  5 06:06:53 2024

Set parameter LogFile to value "local/logs/w7-k1-s2.log"
Set parameter PoolSearchMode to value 2
Set parameter PoolSolutions to value 1
Set parameter PoolGap to value 0
Set parameter Method to value 3
Set parameter ConcurrentMIP to value 64
Set parameter TimeLimit to value 14400
Set parameter Heuristics to value 0.95
Set parameter MIPFocus to value 1
Set parameter Threads to value 128
Set parameter Threads to value 128
Warning: variable name "x_(0000000, 0)" has a space
Warning: default variable names used to write mps file
Gurobi Optimizer version 10.0.3 build v10.0.3rc0 (linux64)

CPU model: AMD EPYC 7742 64-Core Processor, instruction set [SSE2|AVX|AVX2]
Thread count: 64 physical cores, 128 logical processors, using up to 128 threads

Academic license 2533279 - for non-commercial use only - registered to bl___@rice.edu
Optimize a model with 57473 rows, 9344 columns and 115840 nonzeros
Model fingerprint: 0xff362f4c
Model has 1536 general constraints
Variable types: 0 continuous, 9344 integer (9344 binary)
Coefficient statistics:
  Matrix range     [1e+00, 1e+00]
  Objective range  [1e+00, 1e+00]
  Bounds range     [1e+00, 1e+00]
  RHS range        [1e+00, 7e+01]
  GenCon coe range [1e+00, 1e+00]

Concurrent MIP optimizer: 64 concurrent instances (2 threads per instance)


Warning: Completing partial solution with 8448 unfixed non-continuous variables out of 9344
User MIP start produced solution with objective 2112 (2.49s)
Loaded user MIP start with objective 2112

Presolve added 3552 rows and 1534 columns
Presolve time: 1.68s
Presolved: 61025 rows, 10878 columns, 127014 nonzeros
Variable types: 0 continuous, 10878 integer (10878 binary)

Concurrent LP optimizer: dual simplex and barrier
Showing barrier log only...

Root relaxation presolved: 61025 rows, 10878 columns, 127014 nonzeros

Root barrier log...

Ordering time: 1.54s

Barrier performed 0 iterations in 5.98 seconds (1.22 work units)
Barrier solve interrupted - model solved by another algorithm


Solved with dual simplex

Root relaxation: objective 1.293714e+03, 5578 iterations, 1.70 seconds (1.50 work units)

    Nodes    |    Current Node    |     Objective Bounds      |     Work
 Expl Unexpl |  Obj  Depth IntInf | Incumbent    BestBd   Gap | It/Node Time

     0     0      -    -    -     2112.00000 1293.71429  38.7%     -    6s
     0     0      -    -    -     2112.00000 1387.17857  34.3%     -  249s
     0     0      -    -    -     2112.00000 1388.89286  34.2%     -  255s
     0     0      -    -    -     2112.00000 1388.89286  34.2%     -  256s
     0     0      -    -    -     2112.00000 1389.00000  34.2%     -  256s
     0     0      -    -    -     2112.00000 1411.20536  33.2%     -  429s
     0     0      -    -    -     2112.00000 1413.50255  33.1%     -  467s
     0     0      -    -    -     2112.00000 1413.63265  33.1%     -  470s
     0     0      -    -    -     2112.00000 1413.77551  33.1%     -  471s
     0     0      -    -    -     2112.00000 1413.77551  33.1%     -  471s
     0     0      -    -    -     2112.00000 1422.96212  32.6%     -  605s
     0     0      -    -    -     2112.00000 1424.25893  32.6%     -  641s
     0     0      -    -    -     2112.00000 1424.77752  32.5%     -  661s
     0     0      -    -    -     2112.00000 1424.85588  32.5%     -  664s
     0     0      -    -    -     2112.00000 1424.86490  32.5%     -  665s
     0     0      -    -    -     2112.00000 1436.33632  32.0%     -  735s
     0     0      -    -    -     2112.00000 1436.33632  32.0%     -  782s
     0     0      -    -    -     2112.00000 1436.33632  32.0%     -  789s
     0     0      -    -    -     2112.00000 1436.33632  32.0%     -  795s
     0     0      -    -    -     2112.00000 1436.33632  32.0%     -  796s
     0     0      -    -    -     2112.00000 1437.09239  32.0%     -  870s
     0     2      -    -    -     2112.00000 1437.09239  32.0%     -  884s
     1     4      -    -    -     2112.00000 1440.12509  31.8%     - 1042s
     3     6      -    -    -     2112.00000 1440.12776  31.8%     - 1348s
     5     8      -    -    -     2112.00000 1440.12776  31.8%     - 1564s
     7    10      -    -    -     2112.00000 1440.12776  31.8%     - 1730s
     9    12      -    -    -     2112.00000 1440.12776  31.8%     - 2449s
    11    14      -    -    -     2112.00000 1440.12776  31.8%     - 2564s
    13    16      -    -    -     2112.00000 1440.12776  31.8%     - 3538s
    15    19      -    -    -     2112.00000 1440.12776  31.8%     - 3698s
    18    21      -    -    -     2112.00000 1440.12776  31.8%     - 4252s
    20    23      -    -    -     2112.00000 1440.12776  31.8%     - 4437s
    22    26      -    -    -     2112.00000 1440.12776  31.8%     - 4639s
    25    28      -    -    -     2112.00000 1440.12776  31.8%     - 4956s
    27    30      -    -    -     2112.00000 1440.12776  31.8%     - 5212s
    29    32      -    -    -     2112.00000 1440.12776  31.8%     - 6029s
    31    35      -    -    -     2112.00000 1440.12776  31.8%     - 6432s
    34    37      -    -    -     2112.00000 1440.12776  31.8%     - 6694s
    36    39      -    -    -     2112.00000 1440.12776  31.8%     - 7331s
    38    43      -    -    -     2112.00000 1440.12776  31.8%     - 7580s
    42    46      -    -    -     2112.00000 1440.12776  31.8%     - 7847s
    45    49      -    -    -     2112.00000 1440.12776  31.8%     - 8125s
    48    52      -    -    -     2112.00000 1440.12776  31.8%     - 8489s
    51    58      -    -    -     2112.00000 1440.12776  31.8%     - 8747s
    57    64      -    -    -     2112.00000 1440.12776  31.8%     - 9365s
    63    68      -    -    -     2112.00000 1440.12776  31.8%     - 10080s
    67    74      -    -    -     2112.00000 1440.12776  31.8%     - 10542s
    73    79      -    -    -     2112.00000 1440.12776  31.8%     - 11087s
    78    85      -    -    -     2112.00000 1449.72294  31.4%     - 11576s
    84    90      -    -    -     2112.00000 1450.20000  31.3%     - 12270s
    89    97      -    -    -     2112.00000 1450.35876  31.3%     - 13226s
    96   103      -    -    -     2112.00000 1450.40774  31.3%     - 13566s
   102   109      -    -    -     2112.00000 1450.61905  31.3%     - 14007s
   108   110      -    -    -     2112.00000 1450.61905  31.3%     - 14400s

Cutting planes:
  Clique: 6
  GUB cover: 1
  Zero half: 65
  RLT: 1828

Instance 63 was solved

Explored 124 nodes (3287504 simplex iterations) in 14400.42 seconds (8983.34 work units)
Thread count was 2 (of 128 available processors)

Solution count 1: 2104 

Time limit reached
Best objective 2.104000000000e+03, best bound 1.451000000000e+03, gap 31.0361%
