Working on w=7, k=1, s=2
Set parameter Username
Set parameter WLSAccessID
Set parameter WLSSecret
Set parameter LicenseID to value 2533279
Academic license 2533279 - for non-commercial use only - registered to bl___@rice.edu
Optimization terminated at non-zero gap = 31.04%
(7, 1, 2)-local has lower density than fwd!
Working on w=7, k=2, s=2
(7, 2, 2)-forward scheme not found. There's no hope...
Working on w=7, k=3, s=2
(7, 3, 2)-forward scheme not found. There's no hope...
Working on w=7, k=4, s=2
(7, 4, 2)-forward scheme not found. There's no hope...
Working on w=7, k=5, s=2
(7, 5, 2)-forward scheme not found. There's no hope...
Working on w=7, k=6, s=2
(7, 6, 2)-forward scheme not found. There's no hope...
Working on w=7, k=7, s=2
(7, 7, 2)-forward scheme not found. There's no hope...
Working on w=7, k=8, s=2
(7, 8, 2)-forward scheme not found. There's no hope...
Working on w=7, k=9, s=2
(7, 9, 2)-forward scheme not found. There's no hope...
	Command being timed: "python /home/Users/blk6/Projects/winnowing-LB-manuscript/scripts/run-ilp.py -w 7 -k 1 2 3 4 5 6 7 8 9 --sigma 2 --threads 128 --output local --time-limit 14400 --local"
	User time (seconds): 1482336.37
	System time (seconds): 1953.77
	Percent of CPU this job got: 10304%
	Elapsed (wall clock) time (h:mm:ss or m:ss): 4:00:04
	Average shared text size (kbytes): 0
	Average unshared data size (kbytes): 0
	Average stack size (kbytes): 0
	Average total size (kbytes): 0
	Maximum resident set size (kbytes): 23456396
	Average resident set size (kbytes): 0
	Major (requiring I/O) page faults: 0
	Minor (reclaiming a frame) page faults: 17291736
	Voluntary context switches: 314540734
	Involuntary context switches: 1411918
	Swaps: 0
	File system inputs: 0
	File system outputs: 9648
	Socket messages sent: 0
	Socket messages received: 0
	Signals delivered: 0
	Page size (bytes): 4096
	Exit status: 0
