
Gurobi 10.0.3 (linux64) logging started Sun Sep  1 17:06:48 2024

Set parameter LogFile to value "local/logs/w9-k1-s2.log"
Set parameter PoolSearchMode to value 2
Set parameter PoolSolutions to value 1
Set parameter PoolGap to value 0
Set parameter Method to value 3
Set parameter ConcurrentMIP to value 64
Set parameter TimeLimit to value 43200
Set parameter Threads to value 128
Set parameter Threads to value 128
Warning: variable name "x_(000000000, 0)" has a space
Warning: default variable names used to write mps file
Gurobi Optimizer version 10.0.3 build v10.0.3rc0 (linux64)

CPU model: AMD EPYC 7742 64-Core Processor, instruction set [SSE2|AVX|AVX2]
Thread count: 64 physical cores, 128 logical processors, using up to 128 threads

Academic license 2533279 - for non-commercial use only - registered to bl___@rice.edu
Optimize a model with 1180160 rows, 135680 columns and 2363904 nonzeros
Model fingerprint: 0x9cc4adc0
Variable types: 0 continuous, 135680 integer (135680 binary)
Coefficient statistics:
  Matrix range     [1e+00, 1e+00]
  Objective range  [1e+00, 1e+00]
  Bounds range     [1e+00, 1e+00]
  RHS range        [1e+00, 1e+00]

Concurrent MIP optimizer: 64 concurrent instances (2 threads per instance)


Warning: Completing partial solution with 131072 unfixed non-continuous variables out of 135680
User MIP start produced solution with objective 26496 (7.14s)
Loaded user MIP start with objective 26496
Processed MIP start in 1.63 seconds (0.47 work units)

Presolve removed 1127 rows and 0 columns (presolve time = 5s) ...
Presolve removed 1408 rows and 0 columns (presolve time = 10s) ...
Presolve removed 1456 rows and 2 columns (presolve time = 15s) ...
Presolve removed 1456 rows and 2 columns (presolve time = 20s) ...
Presolve removed 1456 rows and 2 columns (presolve time = 25s) ...
Presolve removed 1456 rows and 2 columns (presolve time = 30s) ...
Presolve removed 1456 rows and 2 columns (presolve time = 35s) ...
Presolve removed 1456 rows and 2 columns (presolve time = 40s) ...
Presolve removed 1466 rows and 2 columns (presolve time = 45s) ...
Presolve removed 1466 rows and 2 columns (presolve time = 50s) ...
Presolve removed 1466 rows and 2 columns (presolve time = 55s) ...
Presolve removed 1466 rows and 2 columns (presolve time = 60s) ...
Presolve removed 1466 rows and 2 columns (presolve time = 65s) ...
Presolve removed 1466 rows and 2 columns (presolve time = 70s) ...
Presolve removed 1466 rows and 2 columns (presolve time = 75s) ...
Presolve removed 1466 rows and 2 columns
Presolve time: 79.22s
Presolved: 1178694 rows, 135678 columns, 2362420 nonzeros
Variable types: 0 continuous, 135678 integer (135678 binary)

Concurrent LP optimizer: dual simplex and barrier
Showing barrier log only...

Root relaxation presolved: 1178694 rows, 135678 columns, 2362420 nonzeros

Root barrier log...

