Working on w=9, k=1, s=2
Set parameter Username
Set parameter WLSAccessID
Set parameter WLSSecret
Set parameter LicenseID to value 2533279
Academic license 2533279 - for non-commercial use only - registered to bl___@rice.edu
Command terminated by signal 9
	Command being timed: "python /home/Users/blk6/Projects/winnowing-LB-manuscript/scripts/run-ilp.py -w 9 -k 1 2 3 4 5 6 7 8 9 --sigma 2 --threads 128 --output local --time-limit 14400 --local"
	User time (seconds): 161696.11
	System time (seconds): 3737.40
	Percent of CPU this job got: 4748%
	Elapsed (wall clock) time (h:mm:ss or m:ss): 58:04.04
	Average shared text size (kbytes): 0
	Average unshared data size (kbytes): 0
	Average stack size (kbytes): 0
	Average total size (kbytes): 0
	Maximum resident set size (kbytes): 127718664
	Average resident set size (kbytes): 0
	Major (requiring I/O) page faults: 1069104
	Minor (reclaiming a frame) page faults: 87606606
	Voluntary context switches: 10536871
	Involuntary context switches: 220920
	Swaps: 0
	File system inputs: 37473768
	File system outputs: 175160
	Socket messages sent: 0
	Socket messages received: 0
	Signals delivered: 0
	Page size (bytes): 4096
	Exit status: 0
